Alternative 1 Catch
     projection_data.dat 
Equil_Fabc 16.8116 
Year 
2022 0.687 
2023 1.90797 
2024 1.90797 
2025 40.9469 
2026 33.6237 
2027 28.0259 
2028 23.9245 
2029 21.1123 
2030 19.2338 
2031 17.9562 
2032 17.072 
2033 16.4545 
2034 16.0517 
2035 15.829 
2036 15.7264 
2037 15.6898 
2038 15.6857 

Alternative 1 ABCs
     projection_data.dat 

Year 
2022 38.6377 
2023 39.4801 
2024 40.2222 
2025 40.9469 
2026 33.6237 
2027 28.0259 
2028 23.9245 
2029 21.1123 
2030 19.2338 
2031 17.9562 
2032 17.072 
2033 16.4545 
2034 16.0517 
2035 15.829 
2036 15.7264 
2037 15.6898 
2038 15.6857 

Alternative 1 TACs
     projection_data.dat 

Year 
2022  NA 
2023  NA 
2024  NA 
2025 40.9469 
2026 33.6237 
2027 28.0259 
2028 23.9245 
2029 21.1123 
2030 19.2338 
2031 17.9562 
2032 17.072 
2033 16.4545 
2034 16.0517 
2035 15.829 
2036 15.7264 
2037 15.6898 
2038 15.6857 

Alternative 1 Sp_Biomass
     projection_data.dat 
Equil_Fabc 37.0329 
Year 
2022 91.8344 
2023 94.0586 
2024 95.9325 
2025 97.7181 
2026 80.4416 
2027 67.2372 
2028 57.515 
2029 50.707 
2030 46.0271 
2031 42.8101 
2032 40.6388 
2033 39.2376 
2034 38.389 
2035 37.9173 
2036 37.6797 
2037 37.5773 
2038 37.5504 

Alternative 1 Fishing Mortality
     projection_data.dat 
Equil_Fabc 0.288462 
Year 
2022 0.00458035 
2023 0.012502 
2024 0.0122774 
2025 0.288462 
2026 0.288462 
2027 0.288462 
2028 0.288462 
2029 0.288462 
2030 0.288462 
2031 0.288442 
2032 0.287768 
2033 0.286025 
2034 0.284144 
2035 0.282977 
2036 0.282463 
2037 0.282293 
2038 0.282257 

Alternative 1 Biomass
     projection_data.dat 

Year 
2022 292.385 
2023 294.188 
2024 293.277 
2025 291.2 
2026 251.642 
2027 223.441 
2028 203.901 
2029 190.752 
2030 182.08 
2031 176.382 
2032 172.824 
2033 170.672 
2034 169.584 
2035 169.069 
2036 168.893 
2037 168.817 
2038 168.734 

Alternative 1 Implied SPR rate 
     projection_data.dat 
Equil_Fabc 0.4 
Year 
2022 0.975936 
2023 0.936941 
2024 0.938003 
2025 0.4 
2026 0.4 
2027 0.4 
2028 0.4 
2029 0.4 
2030 0.4 
2031 0.400016 
2032 0.400566 
2033 0.401999 
2034 0.403557 
2035 0.404525 
2036 0.404953 
2037 0.405093 
2038 0.40512 

  projection_data.dat 
EquilAvgAgeF0  5.49174 
EquilAvgAgeFabc  3.86824 
AvgAgeYr2038 3.8959 
Alternative 2 Catch
     projection_data.dat 
Equil_Fabc 16.8116 
Year 
2022 0.687 
2023 1.90797 
2024 1.90797 
2025 40.9469 
2026 33.6237 
2027 28.0259 
2028 23.9245 
2029 21.1123 
2030 19.2338 
2031 17.9562 
2032 17.072 
2033 16.4545 
2034 16.0517 
2035 15.829 
2036 15.7264 
2037 15.6898 
2038 15.6857 

Alternative 2 ABCs
     projection_data.dat 

Year 
2022 38.6377 
2023 39.4801 
2024 40.2222 
2025 40.9469 
2026 33.6237 
2027 28.0259 
2028 23.9245 
2029 21.1123 
2030 19.2338 
2031 17.9562 
2032 17.072 
2033 16.4545 
2034 16.0517 
2035 15.829 
2036 15.7264 
2037 15.6898 
2038 15.6857 

Alternative 2 TACs
     projection_data.dat 

Year 
2022  NA 
2023  NA 
2024  NA 
2025 40.9469 
2026 33.6237 
2027 28.0259 
2028 23.9245 
2029 21.1123 
2030 19.2338 
2031 17.9562 
2032 17.072 
2033 16.4545 
2034 16.0517 
2035 15.829 
2036 15.7264 
2037 15.6898 
2038 15.6857 

Alternative 2 Sp_Biomass
     projection_data.dat 
Equil_Fabc 37.0329 
Year 
2022 91.8344 
2023 94.0586 
2024 95.9325 
2025 97.7181 
2026 80.4416 
2027 67.2372 
2028 57.515 
2029 50.707 
2030 46.0271 
2031 42.8101 
2032 40.6388 
2033 39.2376 
2034 38.389 
2035 37.9173 
2036 37.6797 
2037 37.5773 
2038 37.5504 

Alternative 2 Fishing Mortality
     projection_data.dat 
Equil_Fabc 0.288462 
Year 
2022 0.00458035 
2023 0.012502 
2024 0.0122774 
2025 0.288462 
2026 0.288462 
2027 0.288462 
2028 0.288462 
2029 0.288462 
2030 0.288462 
2031 0.288442 
2032 0.287768 
2033 0.286025 
2034 0.284144 
2035 0.282977 
2036 0.282463 
2037 0.282293 
2038 0.282257 

Alternative 2 Biomass
     projection_data.dat 

Year 
2022 292.385 
2023 294.188 
2024 293.277 
2025 291.2 
2026 251.642 
2027 223.441 
2028 203.901 
2029 190.752 
2030 182.08 
2031 176.382 
2032 172.824 
2033 170.672 
2034 169.584 
2035 169.069 
2036 168.893 
2037 168.817 
2038 168.734 

Alternative 2 Implied SPR rate 
     projection_data.dat 
Equil_Fabc 0.4 
Year 
2022 0.975936 
2023 0.936941 
2024 0.938003 
2025 0.4 
2026 0.4 
2027 0.4 
2028 0.4 
2029 0.4 
2030 0.4 
2031 0.400016 
2032 0.400566 
2033 0.401999 
2034 0.403557 
2035 0.404525 
2036 0.404953 
2037 0.405093 
2038 0.40512 

  projection_data.dat 
EquilAvgAgeF0  5.49174 
EquilAvgAgeFabc  3.86824 
AvgAgeYr2038 3.8959 
Alternative 3 Catch
     projection_data.dat 
Equil_Fabc 16.8116 
Year 
2022 0.687 
2023 1.90797 
2024 1.90797 
2025 1.86653 
2026 1.88872 
2027 1.88752 
2028 1.86687 
2029 1.84049 
2030 1.81596 
2031 1.79122 
2032 1.76669 
2033 1.74533 
2034 1.72737 
2035 1.71274 
2036 1.70114 
2037 1.69216 
2038 1.6853 

Alternative 3 ABCs
     projection_data.dat 

Year 
2022 1.76245 
2023 1.79911 
2024 1.83185 
2025 1.86653 
2026 1.88872 
2027 1.88752 
2028 1.86687 
2029 1.84049 
2030 1.81596 
2031 1.79122 
2032 1.76669 
2033 1.74533 
2034 1.72737 
2035 1.71274 
2036 1.70114 
2037 1.69216 
2038 1.6853 

Alternative 3 TACs
     projection_data.dat 

Year 
2022  NA 
2023  NA 
2024  NA 
2025 1.86653 
2026 1.88872 
2027 1.88752 
2028 1.86687 
2029 1.84049 
2030 1.81596 
2031 1.79122 
2032 1.76669 
2033 1.74533 
2034 1.72737 
2035 1.71274 
2036 1.70114 
2037 1.69216 
2038 1.6853 

Alternative 3 Sp_Biomass
     projection_data.dat 
Equil_Fabc 37.0329 
Year 
2022 91.8344 
2023 94.0586 
2024 95.9325 
2025 97.7181 
2026 98.7722 
2027 98.8364 
2028 98.218 
2029 97.2425 
2030 96.0727 
2031 94.8209 
2032 93.5948 
2033 92.4689 
2034 91.4868 
2035 90.6619 
2036 89.9886 
2037 89.4516 
2038 89.0327 

Alternative 3 Fishing Mortality
     projection_data.dat 
Equil_Fabc 0.288462 
Year 
2022 0.00458035 
2023 0.012502 
2024 0.0122774 
2025 0.0117853 
2026 0.0117853 
2027 0.0117853 
2028 0.0117853 
2029 0.0117853 
2030 0.0117853 
2031 0.0117853 
2032 0.0117853 
2033 0.0117853 
2034 0.0117853 
2035 0.0117853 
2036 0.0117853 
2037 0.0117853 
2038 0.0117853 

Alternative 3 Biomass
     projection_data.dat 

Year 
2022 292.385 
2023 294.188 
2024 293.277 
2025 291.2 
2026 288.441 
2027 285.25 
2028 281.942 
2029 278.787 
2030 275.938 
2031 273.374 
2032 271.236 
2033 269.432 
2034 268.049 
2035 266.903 
2036 265.989 
2037 265.2 
2038 264.495 

Alternative 3 Implied SPR rate 
     projection_data.dat 
Equil_Fabc 0.4 
Year 
2022 0.975936 
2023 0.936941 
2024 0.938003 
2025 0.94034 
2026 0.94034 
2027 0.94034 
2028 0.94034 
2029 0.94034 
2030 0.94034 
2031 0.94034 
2032 0.94034 
2033 0.94034 
2034 0.94034 
2035 0.94034 
2036 0.94034 
2037 0.94034 
2038 0.94034 

  projection_data.dat 
EquilAvgAgeF0  5.49174 
EquilAvgAgeFabc  3.86824 
AvgAgeYr2038 5.40444 
Alternative 4 Catch
     projection_data.dat 
Equil_Fabc 16.8116 
Year 
2022 0.687 
2023 1.90797 
2024 1.90797 
2025 9.62919 
2026 9.37248 
2027 9.04207 
2028 8.67154 
2029 8.32992 
2030 8.04426 
2031 7.79646 
2032 7.58301 
2033 7.411 
2034 7.2755 
2035 7.17105 
2036 7.09218 
2037 7.03372 
2038 6.99098 

Alternative 4 ABCs
     projection_data.dat 

Year 
2022 9.09097 
2023 9.28176 
2024 9.45176 
2025 9.62919 
2026 9.37248 
2027 9.04207 
2028 8.67154 
2029 8.32992 
2030 8.04426 
2031 7.79646 
2032 7.58301 
2033 7.411 
2034 7.2755 
2035 7.17105 
2036 7.09218 
2037 7.03372 
2038 6.99098 

Alternative 4 TACs
     projection_data.dat 

Year 
2022  NA 
2023  NA 
2024  NA 
2025 9.62919 
2026 9.37248 
2027 9.04207 
2028 8.67154 
2029 8.32992 
2030 8.04426 
2031 7.79646 
2032 7.58301 
2033 7.411 
2034 7.2755 
2035 7.17105 
2036 7.09218 
2037 7.03372 
2038 6.99098 

Alternative 4 Sp_Biomass
     projection_data.dat 
Equil_Fabc 37.0329 
Year 
2022 91.8344 
2023 94.0586 
2024 95.9325 
2025 97.7181 
2026 95.104 
2027 91.9295 
2028 88.5741 
2029 85.3933 
2030 82.509 
2031 79.9522 
2032 77.7558 
2033 75.9331 
2034 74.4642 
2035 73.3093 
2036 72.4199 
2037 71.7472 
2038 71.2479 

Alternative 4 Fishing Mortality
     projection_data.dat 
Equil_Fabc 0.288462 
Year 
2022 0.00458035 
2023 0.012502 
2024 0.0122774 
2025 0.0620477 
2026 0.0620477 
2027 0.0620477 
2028 0.0620477 
2029 0.0620477 
2030 0.0620477 
2031 0.0620477 
2032 0.0620477 
2033 0.0620477 
2034 0.0620477 
2035 0.0620477 
2036 0.0620477 
2037 0.0620477 
2038 0.0620477 

Alternative 4 Biomass
     projection_data.dat 

Year 
2022 292.385 
2023 294.188 
2024 293.277 
2025 291.2 
2026 281.116 
2027 271.857 
2028 263.672 
2029 256.716 
2030 250.971 
2031 246.234 
2032 242.502 
2033 239.561 
2034 237.383 
2035 235.696 
2036 234.423 
2037 233.405 
2038 232.558 

Alternative 4 Implied SPR rate 
     projection_data.dat 
Equil_Fabc 0.4 
Year 
2022 0.975936 
2023 0.936941 
2024 0.938003 
2025 0.75 
2026 0.75 
2027 0.75 
2028 0.75 
2029 0.75 
2030 0.75 
2031 0.75 
2032 0.75 
2033 0.75 
2034 0.75 
2035 0.75 
2036 0.75 
2037 0.75 
2038 0.75 

  projection_data.dat 
EquilAvgAgeF0  5.49174 
EquilAvgAgeFabc  3.86824 
AvgAgeYr2038 4.89118 
Alternative 5 Catch
     projection_data.dat 
Equil_Fabc 16.8116 
Year 
2022 0.687 
2023 1.90797 
2024 1.90797 
2025  NA 
2026  NA 
2027  NA 
2028  NA 
2029  NA 
2030  NA 
2031  NA 
2032  NA 
2033  NA 
2034  NA 
2035  NA 
2036  NA 
2037  NA 
2038  NA 

Alternative 5 ABCs
     projection_data.dat 

Year 
2022  NA 
2023  NA 
2024  NA 
2025  NA 
2026  NA 
2027  NA 
2028  NA 
2029  NA 
2030  NA 
2031  NA 
2032  NA 
2033  NA 
2034  NA 
2035  NA 
2036  NA 
2037  NA 
2038  NA 

Alternative 5 TACs
     projection_data.dat 

Year 
2022  NA 
2023  NA 
2024  NA 
2025  NA 
2026  NA 
2027  NA 
2028  NA 
2029  NA 
2030  NA 
2031  NA 
2032  NA 
2033  NA 
2034  NA 
2035  NA 
2036  NA 
2037  NA 
2038  NA 

Alternative 5 Sp_Biomass
     projection_data.dat 
Equil_Fabc 37.0329 
Year 
2022 91.8344 
2023 94.0586 
2024 95.9325 
2025 97.7181 
2026 99.656 
2027 100.545 
2028 100.665 
2029 100.322 
2030 99.6784 
2031 98.8567 
2032 97.9773 
2033 97.1247 
2034 96.3557 
2035 95.695 
2036 95.1476 
2037 94.7064 
2038 94.3604 

Alternative 5 Fishing Mortality
     projection_data.dat 
Equil_Fabc 0.288462 
Year 
2022 0.00458035 
2023 0.012502 
2024 0.0122774 
2025  NA 
2026  NA 
2027  NA 
2028  NA 
2029  NA 
2030  NA 
2031  NA 
2032  NA 
2033  NA 
2034  NA 
2035  NA 
2036  NA 
2037  NA 
2038  NA 

Alternative 5 Biomass
     projection_data.dat 

Year 
2022 292.385 
2023 294.188 
2024 293.277 
2025 291.2 
2026 290.204 
2027 288.555 
2028 286.562 
2029 284.499 
2030 282.543 
2031 280.699 
2032 279.134 
2033 277.782 
2034 276.749 
2035 275.874 
2036 275.169 
2037 274.54 
2038 273.957 

Alternative 5 Implied SPR rate 
     projection_data.dat 
Equil_Fabc 0.4 
Year 
2022 0.975936 
2023 0.936941 
2024 0.938003 
2025 1 
2026 1 
2027 1 
2028 1 
2029 1 
2030 1 
2031 1 
2032 1 
2033 1 
2034 1 
2035 1 
2036 1 
2037 1 
2038 1 

  projection_data.dat 
EquilAvgAgeF0  5.49174 
EquilAvgAgeFabc  3.86824 
AvgAgeYr2038 5.55526 
Alternative 6 Catch
     projection_data.dat 
Equil_Fabc 16.8116 
Year 
2022 0.687 
2023 48.1608 
2024 38.1124 
2025 31.5694 
2026 26.9447 
2027 23.524 
2028 21.1252 
2029 19.4629 
2030 17.9653 
2031 17.0137 
2032 16.5293 
2033 16.3478 
2034 16.3212 
2035 16.3558 
2036 16.4097 
2037 16.47 
2038 16.5213 

Alternative 6 ABCs
     projection_data.dat 

Year 
2022 47.1212 
2023 48.1608 
2024 38.1125 
2025 31.5694 
2026 26.9447 
2027 23.524 
2028 21.1252 
2029 19.4629 
2030 17.9653 
2031 17.0137 
2032 16.5293 
2033 16.3478 
2034 16.3212 
2035 16.3558 
2036 16.4097 
2037 16.47 
2038 16.5213 

Alternative 6 TACs
     projection_data.dat 

Year 
2022  NA 
2023 48.1608 
2024 38.1125 
2025 31.5694 
2026 26.9447 
2027 23.524 
2028 21.1252 
2029 19.4629 
2030 17.9653 
2031 17.0137 
2032 16.5293 
2033 16.3478 
2034 16.3212 
2035 16.3558 
2036 16.4097 
2037 16.47 
2038 16.5213 

Alternative 6 Sp_Biomass
     projection_data.dat 
Equil_Fabc 37.0329 
Year 
2022 91.8344 
2023 94.0586 
2024 74.3976 
2025 61.6372 
2026 52.66 
2027 45.9751 
2028 41.2358 
2029 38.0943 
2030 36.0561 
2031 34.884 
2032 34.285 
2033 34.0345 
2034 33.9661 
2035 33.9829 
2036 34.0331 
2037 34.0904 
2038 34.143 

Alternative 6 Fishing Mortality
     projection_data.dat 
Equil_Fabc 0.288462 
Year 
2022 0.00458035 
2023 0.361864 
2024 0.361864 
2025 0.361865 
2026 0.361865 
2027 0.361865 
2028 0.361865 
2029 0.359346 
2030 0.34721 
2031 0.337525 
2032 0.332179 
2033 0.329982 
2034 0.329533 
2035 0.32975 
2036 0.330185 
2037 0.330772 
2038 0.331289 

Alternative 6 Biomass
     projection_data.dat 

Year 
2022 292.385 
2023 294.188 
2024 249.688 
2025 219.108 
2026 197.861 
2027 183.236 
2028 173.474 
2029 167.167 
2030 163.281 
2031 161.321 
2032 160.662 
2033 160.623 
2034 160.935 
2035 161.258 
2036 161.548 
2037 161.711 
2038 161.732 

Alternative 6 Implied SPR rate 
     projection_data.dat 
Equil_Fabc 0.4 
Year 
2022 0.975936 
2023 0.35 
2024 0.35 
2025 0.35 
2026 0.35 
2027 0.35 
2028 0.35 
2029 0.351523 
2030 0.359112 
2031 0.365386 
2032 0.368922 
2033 0.37039 
2034 0.370689 
2035 0.370534 
2036 0.370236 
2037 0.369846 
2038 0.369499 

  projection_data.dat 
EquilAvgAgeF0  5.49174 
EquilAvgAgeFabc  3.86824 
AvgAgeYr2038 3.79255 
Alternative 7 Catch
     projection_data.dat 
Equil_Fabc 16.8116 
Year 
2022 0.687 
2023 39.48 
2024 32.8786 
2025 34.5921 
2026 28.9407 
2027 24.8004 
2028 21.916 
2029 20.0226 
2030 18.3884 
2031 17.2231 
2032 16.6127 
2033 16.3715 
2034 16.3222 
2035 16.3506 
2036 16.4045 
2037 16.4665 
2038 16.5194 

Alternative 7 ABCs
     projection_data.dat 

Year 
2022 47.1212 
2023 48.1608 
2024 40.1453 
2025 34.5921 
2026 28.9407 
2027 24.8004 
2028 21.916 
2029 20.0226 
2030 18.3884 
2031 17.2231 
2032 16.6127 
2033 16.3715 
2034 16.3222 
2035 16.3506 
2036 16.4045 
2037 16.4665 
2038 16.5194 

Alternative 7 TACs
     projection_data.dat 

Year 
2022  NA 
2023 48.1608 
2024 40.1453 
2025 34.5921 
2026 28.9407 
2027 24.8004 
2028 21.916 
2029 20.0226 
2030 18.3884 
2031 17.2231 
2032 16.6127 
2033 16.3715 
2034 16.3222 
2035 16.3506 
2036 16.4045 
2037 16.4665 
2038 16.5194 

Alternative 7 Sp_Biomass
     projection_data.dat 
Equil_Fabc 37.0329 
Year 
2022 91.8344 
2023 94.0586 
2024 78.3869 
2025 67.5528 
2026 56.5924 
2027 48.5207 
2028 42.8383 
2029 39.08 
2030 36.6171 
2031 35.1497 
2032 34.3939 
2033 34.0702 
2034 33.9722 
2035 33.9795 
2036 34.0283 
2037 34.0869 
2038 34.1409 

Alternative 7 Fishing Mortality
     projection_data.dat 
Equil_Fabc 0.288462 
Year 
2022 0.00458035 
2023 0.288462 
2024 0.288462 
2025 0.361865 
2026 0.361865 
2027 0.361865 
2028 0.361865 
2029 0.361176 
2030 0.350839 
2031 0.339625 
2032 0.333082 
2033 0.330262 
2034 0.329565 
2035 0.32971 
2036 0.330136 
2037 0.330738 
2038 0.33127 

Alternative 7 Biomass
     projection_data.dat 

Year 
2022 292.385 
2023 294.188 
2024 257.847 
2025 231.169 
2026 205.53 
2027 187.999 
2028 176.371 
2029 168.902 
2030 164.231 
2031 161.721 
2032 160.791 
2033 160.642 
2034 160.92 
2035 161.24 
2036 161.534 
2037 161.703 
2038 161.729 

Alternative 7 Implied SPR rate 
     projection_data.dat 
Equil_Fabc 0.4 
Year 
2022 0.975936 
2023 0.4 
2024 0.4 
2025 0.35 
2026 0.35 
2027 0.35 
2028 0.35 
2029 0.350414 
2030 0.356823 
2031 0.364024 
2032 0.368329 
2033 0.370206 
2034 0.37067 
2035 0.370563 
2036 0.370269 
2037 0.369869 
2038 0.369512 

  projection_data.dat 
EquilAvgAgeF0  5.49174 
EquilAvgAgeFabc  3.86824 
AvgAgeYr2038 3.79261 
