Alternative 1 Catch
     FLATHEAD 
Equil_Fabc 16.2275 
Year 
2017 2.051 
2018 2.202 
2019 2.647 
2020 2.246 
2021 2.246 
2022 39.8087 
2023 32.3287 
2024 26.7819 
2025 22.863 
2026 20.1905 
2027 18.4187 
2028 17.2573 
2029 16.4769 
2030 15.9536 

Alternative 1 ABCs
     FLATHEAD 

Year 
2017 34.1452 
2018 35.2651 
2019 36.7553 
2020 38.1957 
2021 39.3257 
2022 39.8087 
2023 32.3287 
2024 26.7819 
2025 22.863 
2026 20.1905 
2027 18.4187 
2028 17.2573 
2029 16.4769 
2030 15.9536 

Alternative 1 TACs
     FLATHEAD 

Year 
2017  NA 
2018  NA 
2019  NA 
2020  NA 
2021  NA 
2022 39.8087 
2023 32.3287 
2024 26.7819 
2025 22.863 
2026 20.1905 
2027 18.4187 
2028 17.2573 
2029 16.4769 
2030 15.9536 

Alternative 1 Sp_Biomass
     FLATHEAD 
Equil_Fabc 36.6204 
Year 
2017 83.2979 
2018 85.7617 
2019 89.1401 
2020 92.4669 
2021 95.2158 
2022 96.7311 
2023 79.1104 
2024 65.8198 
2025 56.2206 
2026 49.5383 
2027 45.021 
2028 42.0314 
2029 40.0864 
2030 38.8586 

Alternative 1 Fishing Mortality
     FLATHEAD 
Equil_Fabc 0.284074 
Year 
2017 0.0153677 
2018 0.016012 
2019 0.0184961 
2020 0.0150614 
2021 0.0145906 
2022 0.284074 
2023 0.284074 
2024 0.284074 
2025 0.284074 
2026 0.284074 
2027 0.284074 
2028 0.28386 
2029 0.282924 
2030 0.281508 

Alternative 1 Biomass
     FLATHEAD 

Year 
2017 277.62 
2018 281.628 
2019 283.153 
2020 282.371 
2021 280.73 
2022 278.222 
2023 239.854 
2024 212.977 
2025 194.721 
2026 182.631 
2027 174.751 
2028 169.727 
2029 166.335 
2030 164.194 

Alternative 1 Implied SPR rate 
     FLATHEAD 
Equil_Fabc 0.4 
Year 
2017 0.922974 
2018 0.920003 
2019 0.908722 
2020 0.924394 
2021 0.926584 
2022 0.4 
2023 0.4 
2024 0.4 
2025 0.4 
2026 0.4 
2027 0.4 
2028 0.40018 
2029 0.400963 
2030 0.402155 

  FLATHEAD 
EquilAvgAgeF0  5.49174 
EquilAvgAgeFabc  3.88395 
AvgAgeYr2030 3.9619 
Alternative 2 Catch
     FLATHEAD 
Equil_Fabc 16.2275 
Year 
2017 2.051 
2018 2.202 
2019 2.647 
2020 2.246 
2021 2.246 
2022 39.8087 
2023 32.3287 
2024 26.7819 
2025 22.863 
2026 20.1905 
2027 18.4187 
2028 17.2573 
2029 16.4769 
2030 15.9536 

Alternative 2 ABCs
     FLATHEAD 

Year 
2017 34.1452 
2018 35.2651 
2019 36.7553 
2020 38.1957 
2021 39.3257 
2022 39.8087 
2023 32.3287 
2024 26.7819 
2025 22.863 
2026 20.1905 
2027 18.4187 
2028 17.2573 
2029 16.4769 
2030 15.9536 

Alternative 2 TACs
     FLATHEAD 

Year 
2017  NA 
2018  NA 
2019  NA 
2020  NA 
2021  NA 
2022 39.8087 
2023 32.3287 
2024 26.7819 
2025 22.863 
2026 20.1905 
2027 18.4187 
2028 17.2573 
2029 16.4769 
2030 15.9536 

Alternative 2 Sp_Biomass
     FLATHEAD 
Equil_Fabc 36.6204 
Year 
2017 83.2979 
2018 85.7617 
2019 89.1401 
2020 92.4669 
2021 95.2158 
2022 96.7311 
2023 79.1104 
2024 65.8198 
2025 56.2206 
2026 49.5383 
2027 45.021 
2028 42.0314 
2029 40.0864 
2030 38.8586 

Alternative 2 Fishing Mortality
     FLATHEAD 
Equil_Fabc 0.284074 
Year 
2017 0.0153677 
2018 0.016012 
2019 0.0184961 
2020 0.0150614 
2021 0.0145906 
2022 0.284074 
2023 0.284074 
2024 0.284074 
2025 0.284074 
2026 0.284074 
2027 0.284074 
2028 0.28386 
2029 0.282924 
2030 0.281508 

Alternative 2 Biomass
     FLATHEAD 

Year 
2017 277.62 
2018 281.628 
2019 283.153 
2020 282.371 
2021 280.73 
2022 278.222 
2023 239.854 
2024 212.977 
2025 194.721 
2026 182.631 
2027 174.751 
2028 169.727 
2029 166.335 
2030 164.194 

Alternative 2 Implied SPR rate 
     FLATHEAD 
Equil_Fabc 0.4 
Year 
2017 0.922974 
2018 0.920003 
2019 0.908722 
2020 0.924394 
2021 0.926584 
2022 0.4 
2023 0.4 
2024 0.4 
2025 0.4 
2026 0.4 
2027 0.4 
2028 0.40018 
2029 0.400963 
2030 0.402155 

  FLATHEAD 
EquilAvgAgeF0  5.49174 
EquilAvgAgeFabc  3.88395 
AvgAgeYr2030 3.9619 
Alternative 3 Catch
     FLATHEAD 
Equil_Fabc 16.2275 
Year 
2017 2.051 
2018 2.202 
2019 2.647 
2020 2.246 
2021 2.246 
2022 2.64576 
2023 2.63717 
2024 2.60519 
2025 2.56386 
2026 2.52098 
2027 2.48098 
2028 2.4458 
2029 2.41544 
2030 2.38974 

Alternative 3 ABCs
     FLATHEAD 

Year 
2017 2.26221 
2018 2.33166 
2019 2.42878 
2020 2.5274 
2021 2.60844 
2022 2.64576 
2023 2.63717 
2024 2.60519 
2025 2.56386 
2026 2.52098 
2027 2.48098 
2028 2.4458 
2029 2.41544 
2030 2.38974 

Alternative 3 TACs
     FLATHEAD 

Year 
2017  NA 
2018  NA 
2019  NA 
2020  NA 
2021  NA 
2022 2.64576 
2023 2.63717 
2024 2.60519 
2025 2.56386 
2026 2.52098 
2027 2.48098 
2028 2.4458 
2029 2.41544 
2030 2.38974 

Alternative 3 Sp_Biomass
     FLATHEAD 
Equil_Fabc 36.6204 
Year 
2017 83.2979 
2018 85.7617 
2019 89.1401 
2020 92.4669 
2021 95.2158 
2022 96.7311 
2023 96.8801 
2024 96.1838 
2025 95.0062 
2026 93.6389 
2027 92.2649 
2028 90.9818 
2029 89.8323 
2030 88.8365 

Alternative 3 Fishing Mortality
     FLATHEAD 
Equil_Fabc 0.284074 
Year 
2017 0.0153677 
2018 0.016012 
2019 0.0184961 
2020 0.0150614 
2021 0.0145906 
2022 0.0169611 
2023 0.0169611 
2024 0.0169611 
2025 0.0169611 
2026 0.0169611 
2027 0.0169611 
2028 0.0169611 
2029 0.0169611 
2030 0.0169611 

Alternative 3 Biomass
     FLATHEAD 

Year 
2017 277.62 
2018 281.628 
2019 283.153 
2020 282.371 
2021 280.73 
2022 278.222 
2023 274.903 
2024 271.467 
2025 268.209 
2026 265.275 
2027 262.676 
2028 260.464 
2029 258.357 
2030 256.572 

Alternative 3 Implied SPR rate 
     FLATHEAD 
Equil_Fabc 0.4 
Year 
2017 0.922974 
2018 0.920003 
2019 0.908722 
2020 0.924394 
2021 0.926584 
2022 0.91566 
2023 0.91566 
2024 0.91566 
2025 0.91566 
2026 0.91566 
2027 0.91566 
2028 0.91566 
2029 0.91566 
2030 0.91566 

  FLATHEAD 
EquilAvgAgeF0  5.49174 
EquilAvgAgeFabc  3.88395 
AvgAgeYr2030 5.40529 
Alternative 4 Catch
     FLATHEAD 
Equil_Fabc 16.2275 
Year 
2017 2.051 
2018 2.202 
2019 2.647 
2020 2.246 
2021 2.246 
2022 9.41043 
2023 9.0582 
2024 8.67227 
2025 8.3052 
2026 7.98076 
2027 7.70757 
2028 7.48456 
2029 7.30471 
2030 7.16149 

Alternative 4 ABCs
     FLATHEAD 

Year 
2017 8.05035 
2018 8.30039 
2019 8.64706 
2020 8.99618 
2021 9.28085 
2022 9.41043 
2023 9.0582 
2024 8.67227 
2025 8.3052 
2026 7.98076 
2027 7.70757 
2028 7.48456 
2029 7.30471 
2030 7.16149 

Alternative 4 TACs
     FLATHEAD 

Year 
2017  NA 
2018  NA 
2019  NA 
2020  NA 
2021  NA 
2022 9.41043 
2023 9.0582 
2024 8.67227 
2025 8.3052 
2026 7.98076 
2027 7.70757 
2028 7.48456 
2029 7.30471 
2030 7.16149 

Alternative 4 Sp_Biomass
     FLATHEAD 
Equil_Fabc 36.6204 
Year 
2017 83.2979 
2018 85.7617 
2019 89.1401 
2020 92.4669 
2021 95.2158 
2022 96.7311 
2023 93.6224 
2024 90.1017 
2025 86.5898 
2026 83.3639 
2027 80.5531 
2028 78.1856 
2029 76.2341 
2030 74.6565 

Alternative 4 Fishing Mortality
     FLATHEAD 
Equil_Fabc 0.284074 
Year 
2017 0.0153677 
2018 0.016012 
2019 0.0184961 
2020 0.0150614 
2021 0.0145906 
2022 0.0614374 
2023 0.0614374 
2024 0.0614374 
2025 0.0614374 
2026 0.0614374 
2027 0.0614374 
2028 0.0614374 
2029 0.0614374 
2030 0.0614374 

Alternative 4 Biomass
     FLATHEAD 

Year 
2017 277.62 
2018 281.628 
2019 283.153 
2020 282.371 
2021 280.73 
2022 278.222 
2023 268.509 
2024 259.859 
2025 252.467 
2026 246.333 
2027 241.306 
2028 237.282 
2029 233.845 
2030 231.097 

Alternative 4 Implied SPR rate 
     FLATHEAD 
Equil_Fabc 0.4 
Year 
2017 0.922974 
2018 0.920003 
2019 0.908722 
2020 0.924394 
2021 0.926584 
2022 0.75 
2023 0.75 
2024 0.75 
2025 0.75 
2026 0.75 
2027 0.75 
2028 0.75 
2029 0.75 
2030 0.75 

  FLATHEAD 
EquilAvgAgeF0  5.49174 
EquilAvgAgeFabc  3.88395 
AvgAgeYr2030 5.01064 
Alternative 5 Catch
     FLATHEAD 
Equil_Fabc 16.2275 
Year 
2017 2.051 
2018 2.202 
2019 2.647 
2020 2.246 
2021 2.246 
2022  NA 
2023  NA 
2024  NA 
2025  NA 
2026  NA 
2027  NA 
2028  NA 
2029  NA 
2030  NA 

Alternative 5 ABCs
     FLATHEAD 

Year 
2017  NA 
2018  NA 
2019  NA 
2020  NA 
2021  NA 
2022  NA 
2023  NA 
2024  NA 
2025  NA 
2026  NA 
2027  NA 
2028  NA 
2029  NA 
2030  NA 

Alternative 5 TACs
     FLATHEAD 

Year 
2017  NA 
2018  NA 
2019  NA 
2020  NA 
2021  NA 
2022  NA 
2023  NA 
2024  NA 
2025  NA 
2026  NA 
2027  NA 
2028  NA 
2029  NA 
2030  NA 

Alternative 5 Sp_Biomass
     FLATHEAD 
Equil_Fabc 36.6204 
Year 
2017 83.2979 
2018 85.7617 
2019 89.1401 
2020 92.4669 
2021 95.2158 
2022 96.7311 
2023 98.1568 
2024 98.6312 
2025 98.4799 
2026 97.9828 
2027 97.3288 
2028 96.631 
2029 95.9511 
2030 95.3281 

Alternative 5 Fishing Mortality
     FLATHEAD 
Equil_Fabc 0.284074 
Year 
2017 0.0153677 
2018 0.016012 
2019 0.0184961 
2020 0.0150614 
2021 0.0145906 
2022  NA 
2023  NA 
2024  NA 
2025  NA 
2026  NA 
2027  NA 
2028  NA 
2029  NA 
2030  NA 

Alternative 5 Biomass
     FLATHEAD 

Year 
2017 277.62 
2018 281.628 
2019 283.153 
2020 282.371 
2021 280.73 
2022 278.222 
2023 277.405 
2024 276.127 
2025 274.683 
2026 273.247 
2027 271.867 
2028 270.635 
2029 269.309 
2030 268.142 

Alternative 5 Implied SPR rate 
     FLATHEAD 
Equil_Fabc 0.4 
Year 
2017 0.922974 
2018 0.920003 
2019 0.908722 
2020 0.924394 
2021 0.926584 
2022 1 
2023 1 
2024 1 
2025 1 
2026 1 
2027 1 
2028 1 
2029 1 
2030 1 

  FLATHEAD 
EquilAvgAgeF0  5.49174 
EquilAvgAgeFabc  3.88395 
AvgAgeYr2030 5.5811 
Alternative 6 Catch
     FLATHEAD 
Equil_Fabc 16.2275 
Year 
2017 2.051 
2018 43.0095 
2019 35.4783 
2020 30.5538 
2021 26.8691 
2022 23.8681 
2023 21.4848 
2024 19.7104 
2025 18.1307 
2026 16.9681 
2027 16.3434 
2028 16.0562 
2029 15.9485 
2030 15.9279 

Alternative 6 ABCs
     FLATHEAD 

Year 
2017 41.6219 
2018 43.0095 
2019 35.4784 
2020 30.5538 
2021 26.8691 
2022 23.8681 
2023 21.4848 
2024 19.7104 
2025 18.1307 
2026 16.9681 
2027 16.3434 
2028 16.0562 
2029 15.9485 
2030 15.9279 

Alternative 6 TACs
     FLATHEAD 

Year 
2017  NA 
2018 43.0095 
2019 35.4784 
2020 30.5538 
2021 26.8691 
2022 23.8681 
2023 21.4848 
2024 19.7104 
2025 18.1307 
2026 16.9681 
2027 16.3434 
2028 16.0562 
2029 15.9485 
2030 15.9279 

Alternative 6 Sp_Biomass
     FLATHEAD 
Equil_Fabc 36.6204 
Year 
2017 83.2979 
2018 85.7617 
2019 70.4174 
2020 60.5859 
2021 53.3948 
2022 47.5869 
2023 42.9163 
2024 39.3575 
2025 36.8053 
2026 35.2242 
2027 34.3868 
2028 33.9885 
2029 33.8224 
2030 33.7741 

Alternative 6 Fishing Mortality
     FLATHEAD 
Equil_Fabc 0.284074 
Year 
2017 0.0153677 
2018 0.355733 
2019 0.355733 
2020 0.355733 
2021 0.355733 
2022 0.355733 
2023 0.355733 
2024 0.355481 
2025 0.347124 
2026 0.336716 
2027 0.33038 
2028 0.327214 
2029 0.325879 
2030 0.32546 

Alternative 6 Biomass
     FLATHEAD 

Year 
2017 277.62 
2018 281.628 
2019 244.495 
2020 217.361 
2021 197.097 
2022 182.065 
2023 171.328 
2024 163.946 
2025 159.116 
2026 156.431 
2027 155.222 
2028 154.841 
2029 154.6 
2030 154.511 

Alternative 6 Implied SPR rate 
     FLATHEAD 
Equil_Fabc 0.4 
Year 
2017 0.922974 
2018 0.35 
2019 0.35 
2020 0.35 
2021 0.35 
2022 0.35 
2023 0.35 
2024 0.350155 
2025 0.355458 
2026 0.362302 
2027 0.366552 
2028 0.368673 
2029 0.369558 
2030 0.369831 

  FLATHEAD 
EquilAvgAgeF0  5.49174 
EquilAvgAgeFabc  3.88395 
AvgAgeYr2030 3.81456 
Alternative 7 Catch
     FLATHEAD 
Equil_Fabc 16.2275 
Year 
2017 2.051 
2018 35.2651 
2019 30.4995 
2020 33.2542 
2021 28.7002 
2022 25.0661 
2023 22.2424 
2024 20.1865 
2025 18.5217 
2026 17.1958 
2027 16.4495 
2028 16.0963 
2029 15.9582 
2030 15.9265 

Alternative 7 ABCs
     FLATHEAD 

Year 
2017 41.6219 
2018 43.0095 
2019 37.2318 
2020 33.2543 
2021 28.7003 
2022 25.0661 
2023 22.2424 
2024 20.1865 
2025 18.5217 
2026 17.1958 
2027 16.4495 
2028 16.0963 
2029 15.9582 
2030 15.9265 

Alternative 7 TACs
     FLATHEAD 

Year 
2017  NA 
2018 43.0095 
2019 37.2318 
2020 33.2543 
2021 28.7003 
2022 25.0661 
2023 22.2424 
2024 20.1865 
2025 18.5217 
2026 17.1958 
2027 16.4495 
2028 16.0963 
2029 15.9582 
2030 15.9265 

Alternative 7 Sp_Biomass
     FLATHEAD 
Equil_Fabc 36.6204 
Year 
2017 83.2979 
2018 85.7617 
2019 73.9216 
2020 65.9429 
2021 57.0438 
2022 50.0011 
2023 44.4662 
2024 40.3273 
2025 37.3954 
2026 35.5323 
2027 34.5281 
2028 34.0442 
2029 33.8388 
2030 33.7754 

Alternative 7 Fishing Mortality
     FLATHEAD 
Equil_Fabc 0.284074 
Year 
2017 0.0153677 
2018 0.284074 
2019 0.284074 
2020 0.355733 
2021 0.355733 
2022 0.355733 
2023 0.355733 
2024 0.355699 
2025 0.349759 
2026 0.338784 
2027 0.331451 
2028 0.32765 
2029 0.325997 
2030 0.325457 

Alternative 7 Biomass
     FLATHEAD 

Year 
2017 277.62 
2018 281.628 
2019 251.815 
2020 228.524 
2021 204.341 
2022 186.645 
2023 174.159 
2024 165.665 
2025 160.136 
2026 156.926 
2027 155.419 
2028 154.899 
2029 154.602 
2030 154.499 

Alternative 7 Implied SPR rate 
     FLATHEAD 
Equil_Fabc 0.4 
Year 
2017 0.922974 
2018 0.4 
2019 0.4 
2020 0.35 
2021 0.35 
2022 0.35 
2023 0.35 
2024 0.350021 
2025 0.353766 
2026 0.360934 
2027 0.365835 
2028 0.36838 
2029 0.369479 
2030 0.369835 

  FLATHEAD 
EquilAvgAgeF0  5.49174 
EquilAvgAgeFabc  3.88395 
AvgAgeYr2030 3.81492 
