FLATHEAD 1 2017 Cabc 16.2275
FLATHEAD 1 2017 Cofl 17.6194
FLATHEAD 1 2017 CLCI 2.051
FLATHEAD 1 2017 CUCI 2.051
FLATHEAD 1 2017 CMedian 2.051
FLATHEAD 1 2017 CMean 2.051
FLATHEAD 1 2017 CStdn 1.86517e-14
FLATHEAD 1 2018 Cabc 16.2275
FLATHEAD 1 2018 Cofl 17.6194
FLATHEAD 1 2018 CLCI 2.202
FLATHEAD 1 2018 CUCI 2.202
FLATHEAD 1 2018 CMedian 2.202
FLATHEAD 1 2018 CMean 2.202
FLATHEAD 1 2018 CStdn 7.12362e-11
FLATHEAD 1 2019 Cabc 16.2275
FLATHEAD 1 2019 Cofl 17.6194
FLATHEAD 1 2019 CLCI 2.647
FLATHEAD 1 2019 CUCI 2.647
FLATHEAD 1 2019 CMedian 2.647
FLATHEAD 1 2019 CMean 2.647
FLATHEAD 1 2019 CStdn 2.29711e-10
FLATHEAD 1 2020 Cabc 16.2275
FLATHEAD 1 2020 Cofl 17.6194
FLATHEAD 1 2020 CLCI 2.246
FLATHEAD 1 2020 CUCI 2.246
FLATHEAD 1 2020 CMedian 2.246
FLATHEAD 1 2020 CMean 2.246
FLATHEAD 1 2020 CStdn 1.79936e-09
FLATHEAD 1 2021 Cabc 16.2275
FLATHEAD 1 2021 Cofl 17.6194
FLATHEAD 1 2021 CLCI 2.246
FLATHEAD 1 2021 CUCI 2.246
FLATHEAD 1 2021 CMedian 2.246
FLATHEAD 1 2021 CMean 2.246
FLATHEAD 1 2021 CStdn 5.63424e-09
FLATHEAD 1 2022 Cabc 16.2275
FLATHEAD 1 2022 Cofl 17.6194
FLATHEAD 1 2022 CLCI 39.2843
FLATHEAD 1 2022 CUCI 40.4272
FLATHEAD 1 2022 CMedian 39.7822
FLATHEAD 1 2022 CMean 39.8087
FLATHEAD 1 2022 CStdn 0.360564
FLATHEAD 1 2023 Cabc 16.2275
FLATHEAD 1 2023 Cofl 17.6194
FLATHEAD 1 2023 CLCI 31.4165
FLATHEAD 1 2023 CUCI 33.3572
FLATHEAD 1 2023 CMedian 32.2913
FLATHEAD 1 2023 CMean 32.3287
FLATHEAD 1 2023 CStdn 0.623496
FLATHEAD 1 2024 Cabc 16.2275
FLATHEAD 1 2024 Cofl 17.6194
FLATHEAD 1 2024 CLCI 25.4846
FLATHEAD 1 2024 CUCI 28.2509
FLATHEAD 1 2024 CMedian 26.7311
FLATHEAD 1 2024 CMean 26.7819
FLATHEAD 1 2024 CStdn 0.900258
FLATHEAD 1 2025 Cabc 16.2275
FLATHEAD 1 2025 Cofl 17.6194
FLATHEAD 1 2025 CLCI 21.1974
FLATHEAD 1 2025 CUCI 24.6709
FLATHEAD 1 2025 CMedian 22.8083
FLATHEAD 1 2025 CMean 22.863
FLATHEAD 1 2025 CStdn 1.11321
FLATHEAD 1 2026 Cabc 16.2275
FLATHEAD 1 2026 Cofl 17.6194
FLATHEAD 1 2026 CLCI 18.3408
FLATHEAD 1 2026 CUCI 22.2526
FLATHEAD 1 2026 CMedian 20.1221
FLATHEAD 1 2026 CMean 20.1905
FLATHEAD 1 2026 CStdn 1.22519
FLATHEAD 1 2027 Cabc 16.2275
FLATHEAD 1 2027 Cofl 17.6194
FLATHEAD 1 2027 CLCI 16.4889
FLATHEAD 1 2027 CUCI 20.5696
FLATHEAD 1 2027 CMedian 18.374
FLATHEAD 1 2027 CMean 18.4187
FLATHEAD 1 2027 CStdn 1.25732
FLATHEAD 1 2028 Cabc 16.2275
FLATHEAD 1 2028 Cofl 17.6194
FLATHEAD 1 2028 CLCI 15.3352
FLATHEAD 1 2028 CUCI 19.4226
FLATHEAD 1 2028 CMedian 17.1753
FLATHEAD 1 2028 CMean 17.2573
FLATHEAD 1 2028 CStdn 1.27959
FLATHEAD 1 2029 Cabc 16.2275
FLATHEAD 1 2029 Cofl 17.6194
FLATHEAD 1 2029 CLCI 14.1075
FLATHEAD 1 2029 CUCI 18.671
FLATHEAD 1 2029 CMedian 16.4755
FLATHEAD 1 2029 CMean 16.4769
FLATHEAD 1 2029 CStdn 1.34457
FLATHEAD 1 2030 Cabc 16.2275
FLATHEAD 1 2030 Cofl 17.6194
FLATHEAD 1 2030 CLCI 13.5171
FLATHEAD 1 2030 CUCI 18.2249
FLATHEAD 1 2030 CMedian 15.9485
FLATHEAD 1 2030 CMean 15.9536
FLATHEAD 1 2030 CStdn 1.41255
FLATHEAD 1 2017 SSBF100 91.5511
FLATHEAD 1 2017 SSBFabc 36.6204
FLATHEAD 1 2017 SSBFofl 32.0429
FLATHEAD 1 2017 SSBLCI 83.2979
FLATHEAD 1 2017 SSBUCI 83.2979
FLATHEAD 1 2017 SSBMedian 83.2979
FLATHEAD 1 2017 SSBMean 83.2979
FLATHEAD 1 2018 SSBF100 91.5511
FLATHEAD 1 2018 SSBFabc 36.6204
FLATHEAD 1 2018 SSBFofl 32.0429
FLATHEAD 1 2018 SSBLCI 85.7498
FLATHEAD 1 2018 SSBUCI 85.7768
FLATHEAD 1 2018 SSBMedian 85.7606
FLATHEAD 1 2018 SSBMean 85.7617
FLATHEAD 1 2019 SSBF100 91.5511
FLATHEAD 1 2019 SSBFabc 36.6204
FLATHEAD 1 2019 SSBFofl 32.0429
FLATHEAD 1 2019 SSBLCI 89.0857
FLATHEAD 1 2019 SSBUCI 89.2074
FLATHEAD 1 2019 SSBMedian 89.1358
FLATHEAD 1 2019 SSBMean 89.1401
FLATHEAD 1 2020 SSBF100 91.5511
FLATHEAD 1 2020 SSBFabc 36.6204
FLATHEAD 1 2020 SSBFofl 32.0429
FLATHEAD 1 2020 SSBLCI 92.2903
FLATHEAD 1 2020 SSBUCI 92.683
FLATHEAD 1 2020 SSBMedian 92.4566
FLATHEAD 1 2020 SSBMean 92.4669
FLATHEAD 1 2021 SSBF100 91.5511
FLATHEAD 1 2021 SSBFabc 36.6204
FLATHEAD 1 2021 SSBFofl 32.0429
FLATHEAD 1 2021 SSBLCI 94.7604
FLATHEAD 1 2021 SSBUCI 95.7695
FLATHEAD 1 2021 SSBMedian 95.1924
FLATHEAD 1 2021 SSBMean 95.2158
FLATHEAD 1 2022 SSBF100 91.5511
FLATHEAD 1 2022 SSBFabc 36.6204
FLATHEAD 1 2022 SSBFofl 32.0429
FLATHEAD 1 2022 SSBLCI 95.7069
FLATHEAD 1 2022 SSBUCI 97.9516
FLATHEAD 1 2022 SSBMedian 96.6816
FLATHEAD 1 2022 SSBMean 96.7311
FLATHEAD 1 2023 SSBF100 91.5511
FLATHEAD 1 2023 SSBFabc 36.6204
FLATHEAD 1 2023 SSBFofl 32.0429
FLATHEAD 1 2023 SSBLCI 77.224
FLATHEAD 1 2023 SSBUCI 81.2558
FLATHEAD 1 2023 SSBMedian 79.0203
FLATHEAD 1 2023 SSBMean 79.1104
FLATHEAD 1 2024 SSBF100 91.5511
FLATHEAD 1 2024 SSBFabc 36.6204
FLATHEAD 1 2024 SSBFofl 32.0429
FLATHEAD 1 2024 SSBLCI 62.9531
FLATHEAD 1 2024 SSBUCI 69.0224
FLATHEAD 1 2024 SSBMedian 65.7083
FLATHEAD 1 2024 SSBMean 65.8198
FLATHEAD 1 2025 SSBF100 91.5511
FLATHEAD 1 2025 SSBFabc 36.6204
FLATHEAD 1 2025 SSBFofl 32.0429
FLATHEAD 1 2025 SSBLCI 52.481
FLATHEAD 1 2025 SSBUCI 60.306
FLATHEAD 1 2025 SSBMedian 56.0736
FLATHEAD 1 2025 SSBMean 56.2206
FLATHEAD 1 2026 SSBF100 91.5511
FLATHEAD 1 2026 SSBFabc 36.6204
FLATHEAD 1 2026 SSBFofl 32.0429
FLATHEAD 1 2026 SSBLCI 45.2281
FLATHEAD 1 2026 SSBUCI 54.265
FLATHEAD 1 2026 SSBMedian 49.3791
FLATHEAD 1 2026 SSBMean 49.5383
FLATHEAD 1 2027 SSBF100 91.5511
FLATHEAD 1 2027 SSBFabc 36.6204
FLATHEAD 1 2027 SSBFofl 32.0429
FLATHEAD 1 2027 SSBLCI 40.5235
FLATHEAD 1 2027 SSBUCI 49.9898
FLATHEAD 1 2027 SSBMedian 44.8921
FLATHEAD 1 2027 SSBMean 45.021
FLATHEAD 1 2028 SSBF100 91.5511
FLATHEAD 1 2028 SSBFabc 36.6204
FLATHEAD 1 2028 SSBFofl 32.0429
FLATHEAD 1 2028 SSBLCI 37.4283
FLATHEAD 1 2028 SSBUCI 47.2227
FLATHEAD 1 2028 SSBMedian 41.821
FLATHEAD 1 2028 SSBMean 42.0314
FLATHEAD 1 2029 SSBF100 91.5511
FLATHEAD 1 2029 SSBFabc 36.6204
FLATHEAD 1 2029 SSBFofl 32.0429
FLATHEAD 1 2029 SSBLCI 35.3706
FLATHEAD 1 2029 SSBUCI 45.275
FLATHEAD 1 2029 SSBMedian 39.9018
FLATHEAD 1 2029 SSBMean 40.0864
FLATHEAD 1 2030 SSBF100 91.5511
FLATHEAD 1 2030 SSBFabc 36.6204
FLATHEAD 1 2030 SSBFofl 32.0429
FLATHEAD 1 2030 SSBLCI 34.5877
FLATHEAD 1 2030 SSBUCI 43.959
FLATHEAD 1 2030 SSBMedian 38.5967
FLATHEAD 1 2030 SSBMean 38.8586
FLATHEAD 1 2017 F0 0 
FLATHEAD 1 2017 Fabc 0.284074
FLATHEAD 1 2017 Fofl 0.355733
FLATHEAD 1 2017  F_LCI 0.0153677
FLATHEAD 1 2017  F_UCI 0.0153677
FLATHEAD 1 2017  F_Median 0.0153677
FLATHEAD 1 2017  F_Mean 0.0153677
FLATHEAD 1 2018 F0 0 
FLATHEAD 1 2018 Fabc 0.284074
FLATHEAD 1 2018 Fofl 0.355733
FLATHEAD 1 2018  F_LCI 0.0160094
FLATHEAD 1 2018  F_UCI 0.0160139
FLATHEAD 1 2018  F_Median 0.0160121
FLATHEAD 1 2018  F_Mean 0.016012
FLATHEAD 1 2019 F0 0 
FLATHEAD 1 2019 Fabc 0.284074
FLATHEAD 1 2019 Fofl 0.355733
FLATHEAD 1 2019  F_LCI 0.018482
FLATHEAD 1 2019  F_UCI 0.0185074
FLATHEAD 1 2019  F_Median 0.0184969
FLATHEAD 1 2019  F_Mean 0.0184961
FLATHEAD 1 2020 F0 0 
FLATHEAD 1 2020 Fabc 0.284074
FLATHEAD 1 2020 Fofl 0.355733
FLATHEAD 1 2020  F_LCI 0.0150223
FLATHEAD 1 2020  F_UCI 0.0150932
FLATHEAD 1 2020  F_Median 0.0150632
FLATHEAD 1 2020  F_Mean 0.0150614
FLATHEAD 1 2021 F0 0 
FLATHEAD 1 2021 Fabc 0.284074
FLATHEAD 1 2021 Fofl 0.355733
FLATHEAD 1 2021  F_LCI 0.0144927
FLATHEAD 1 2021  F_UCI 0.0146709
FLATHEAD 1 2021  F_Median 0.0145948
FLATHEAD 1 2021  F_Mean 0.0145906
FLATHEAD 1 2022 F0 0 
FLATHEAD 1 2022 Fabc 0.284074
FLATHEAD 1 2022 Fofl 0.355733
FLATHEAD 1 2022  F_LCI 0.284074
FLATHEAD 1 2022  F_UCI 0.284074
FLATHEAD 1 2022  F_Median 0.284074
FLATHEAD 1 2022  F_Mean 0.284074
FLATHEAD 1 2023 F0 0 
FLATHEAD 1 2023 Fabc 0.284074
FLATHEAD 1 2023 Fofl 0.355733
FLATHEAD 1 2023  F_LCI 0.284074
FLATHEAD 1 2023  F_UCI 0.284074
FLATHEAD 1 2023  F_Median 0.284074
FLATHEAD 1 2023  F_Mean 0.284074
FLATHEAD 1 2024 F0 0 
FLATHEAD 1 2024 Fabc 0.284074
FLATHEAD 1 2024 Fofl 0.355733
FLATHEAD 1 2024  F_LCI 0.284074
FLATHEAD 1 2024  F_UCI 0.284074
FLATHEAD 1 2024  F_Median 0.284074
FLATHEAD 1 2024  F_Mean 0.284074
FLATHEAD 1 2025 F0 0 
FLATHEAD 1 2025 Fabc 0.284074
FLATHEAD 1 2025 Fofl 0.355733
FLATHEAD 1 2025  F_LCI 0.284074
FLATHEAD 1 2025  F_UCI 0.284074
FLATHEAD 1 2025  F_Median 0.284074
FLATHEAD 1 2025  F_Mean 0.284074
FLATHEAD 1 2026 F0 0 
FLATHEAD 1 2026 Fabc 0.284074
FLATHEAD 1 2026 Fofl 0.355733
FLATHEAD 1 2026  F_LCI 0.284074
FLATHEAD 1 2026  F_UCI 0.284074
FLATHEAD 1 2026  F_Median 0.284074
FLATHEAD 1 2026  F_Mean 0.284074
FLATHEAD 1 2027 F0 0 
FLATHEAD 1 2027 Fabc 0.284074
FLATHEAD 1 2027 Fofl 0.355733
FLATHEAD 1 2027  F_LCI 0.284074
FLATHEAD 1 2027  F_UCI 0.284074
FLATHEAD 1 2027  F_Median 0.284074
FLATHEAD 1 2027  F_Mean 0.284074
FLATHEAD 1 2028 F0 0 
FLATHEAD 1 2028 Fabc 0.284074
FLATHEAD 1 2028 Fofl 0.355733
FLATHEAD 1 2028  F_LCI 0.284074
FLATHEAD 1 2028  F_UCI 0.284074
FLATHEAD 1 2028  F_Median 0.284074
FLATHEAD 1 2028  F_Mean 0.28386
FLATHEAD 1 2029 F0 0 
FLATHEAD 1 2029 Fabc 0.284074
FLATHEAD 1 2029 Fofl 0.355733
FLATHEAD 1 2029  F_LCI 0.273868
FLATHEAD 1 2029  F_UCI 0.284074
FLATHEAD 1 2029  F_Median 0.284074
FLATHEAD 1 2029  F_Mean 0.282924
FLATHEAD 1 2030 F0 0 
FLATHEAD 1 2030 Fabc 0.284074
FLATHEAD 1 2030 Fofl 0.355733
FLATHEAD 1 2030  F_LCI 0.267476
FLATHEAD 1 2030  F_UCI 0.284074
FLATHEAD 1 2030  F_Median 0.284074
FLATHEAD 1 2030  F_Mean 0.281508
FLATHEAD 2 2017 Cabc 16.2275
FLATHEAD 2 2017 Cofl 17.6194
FLATHEAD 2 2017 CLCI 2.051
FLATHEAD 2 2017 CUCI 2.051
FLATHEAD 2 2017 CMedian 2.051
FLATHEAD 2 2017 CMean 2.051
FLATHEAD 2 2017 CStdn 1.86517e-14
FLATHEAD 2 2018 Cabc 16.2275
FLATHEAD 2 2018 Cofl 17.6194
FLATHEAD 2 2018 CLCI 2.202
FLATHEAD 2 2018 CUCI 2.202
FLATHEAD 2 2018 CMedian 2.202
FLATHEAD 2 2018 CMean 2.202
FLATHEAD 2 2018 CStdn 7.12362e-11
FLATHEAD 2 2019 Cabc 16.2275
FLATHEAD 2 2019 Cofl 17.6194
FLATHEAD 2 2019 CLCI 2.647
FLATHEAD 2 2019 CUCI 2.647
FLATHEAD 2 2019 CMedian 2.647
FLATHEAD 2 2019 CMean 2.647
FLATHEAD 2 2019 CStdn 2.29711e-10
FLATHEAD 2 2020 Cabc 16.2275
FLATHEAD 2 2020 Cofl 17.6194
FLATHEAD 2 2020 CLCI 2.246
FLATHEAD 2 2020 CUCI 2.246
FLATHEAD 2 2020 CMedian 2.246
FLATHEAD 2 2020 CMean 2.246
FLATHEAD 2 2020 CStdn 1.79936e-09
FLATHEAD 2 2021 Cabc 16.2275
FLATHEAD 2 2021 Cofl 17.6194
FLATHEAD 2 2021 CLCI 2.246
FLATHEAD 2 2021 CUCI 2.246
FLATHEAD 2 2021 CMedian 2.246
FLATHEAD 2 2021 CMean 2.246
FLATHEAD 2 2021 CStdn 5.63424e-09
FLATHEAD 2 2022 Cabc 16.2275
FLATHEAD 2 2022 Cofl 17.6194
FLATHEAD 2 2022 CLCI 39.2843
FLATHEAD 2 2022 CUCI 40.4272
FLATHEAD 2 2022 CMedian 39.7822
FLATHEAD 2 2022 CMean 39.8087
FLATHEAD 2 2022 CStdn 0.360564
FLATHEAD 2 2023 Cabc 16.2275
FLATHEAD 2 2023 Cofl 17.6194
FLATHEAD 2 2023 CLCI 31.4165
FLATHEAD 2 2023 CUCI 33.3572
FLATHEAD 2 2023 CMedian 32.2913
FLATHEAD 2 2023 CMean 32.3287
FLATHEAD 2 2023 CStdn 0.623496
FLATHEAD 2 2024 Cabc 16.2275
FLATHEAD 2 2024 Cofl 17.6194
FLATHEAD 2 2024 CLCI 25.4846
FLATHEAD 2 2024 CUCI 28.2509
FLATHEAD 2 2024 CMedian 26.7311
FLATHEAD 2 2024 CMean 26.7819
FLATHEAD 2 2024 CStdn 0.900258
FLATHEAD 2 2025 Cabc 16.2275
FLATHEAD 2 2025 Cofl 17.6194
FLATHEAD 2 2025 CLCI 21.1974
FLATHEAD 2 2025 CUCI 24.6709
FLATHEAD 2 2025 CMedian 22.8083
FLATHEAD 2 2025 CMean 22.863
FLATHEAD 2 2025 CStdn 1.11321
FLATHEAD 2 2026 Cabc 16.2275
FLATHEAD 2 2026 Cofl 17.6194
FLATHEAD 2 2026 CLCI 18.3408
FLATHEAD 2 2026 CUCI 22.2526
FLATHEAD 2 2026 CMedian 20.1221
FLATHEAD 2 2026 CMean 20.1905
FLATHEAD 2 2026 CStdn 1.22519
FLATHEAD 2 2027 Cabc 16.2275
FLATHEAD 2 2027 Cofl 17.6194
FLATHEAD 2 2027 CLCI 16.4889
FLATHEAD 2 2027 CUCI 20.5696
FLATHEAD 2 2027 CMedian 18.374
FLATHEAD 2 2027 CMean 18.4187
FLATHEAD 2 2027 CStdn 1.25732
FLATHEAD 2 2028 Cabc 16.2275
FLATHEAD 2 2028 Cofl 17.6194
FLATHEAD 2 2028 CLCI 15.3352
FLATHEAD 2 2028 CUCI 19.4226
FLATHEAD 2 2028 CMedian 17.1753
FLATHEAD 2 2028 CMean 17.2573
FLATHEAD 2 2028 CStdn 1.27959
FLATHEAD 2 2029 Cabc 16.2275
FLATHEAD 2 2029 Cofl 17.6194
FLATHEAD 2 2029 CLCI 14.1075
FLATHEAD 2 2029 CUCI 18.671
FLATHEAD 2 2029 CMedian 16.4755
FLATHEAD 2 2029 CMean 16.4769
FLATHEAD 2 2029 CStdn 1.34457
FLATHEAD 2 2030 Cabc 16.2275
FLATHEAD 2 2030 Cofl 17.6194
FLATHEAD 2 2030 CLCI 13.5171
FLATHEAD 2 2030 CUCI 18.2249
FLATHEAD 2 2030 CMedian 15.9485
FLATHEAD 2 2030 CMean 15.9536
FLATHEAD 2 2030 CStdn 1.41255
FLATHEAD 2 2017 SSBF100 91.5511
FLATHEAD 2 2017 SSBFabc 36.6204
FLATHEAD 2 2017 SSBFofl 32.0429
FLATHEAD 2 2017 SSBLCI 83.2979
FLATHEAD 2 2017 SSBUCI 83.2979
FLATHEAD 2 2017 SSBMedian 83.2979
FLATHEAD 2 2017 SSBMean 83.2979
FLATHEAD 2 2018 SSBF100 91.5511
FLATHEAD 2 2018 SSBFabc 36.6204
FLATHEAD 2 2018 SSBFofl 32.0429
FLATHEAD 2 2018 SSBLCI 85.7498
FLATHEAD 2 2018 SSBUCI 85.7768
FLATHEAD 2 2018 SSBMedian 85.7606
FLATHEAD 2 2018 SSBMean 85.7617
FLATHEAD 2 2019 SSBF100 91.5511
FLATHEAD 2 2019 SSBFabc 36.6204
FLATHEAD 2 2019 SSBFofl 32.0429
FLATHEAD 2 2019 SSBLCI 89.0857
FLATHEAD 2 2019 SSBUCI 89.2074
FLATHEAD 2 2019 SSBMedian 89.1358
FLATHEAD 2 2019 SSBMean 89.1401
FLATHEAD 2 2020 SSBF100 91.5511
FLATHEAD 2 2020 SSBFabc 36.6204
FLATHEAD 2 2020 SSBFofl 32.0429
FLATHEAD 2 2020 SSBLCI 92.2903
FLATHEAD 2 2020 SSBUCI 92.683
FLATHEAD 2 2020 SSBMedian 92.4566
FLATHEAD 2 2020 SSBMean 92.4669
FLATHEAD 2 2021 SSBF100 91.5511
FLATHEAD 2 2021 SSBFabc 36.6204
FLATHEAD 2 2021 SSBFofl 32.0429
FLATHEAD 2 2021 SSBLCI 94.7604
FLATHEAD 2 2021 SSBUCI 95.7695
FLATHEAD 2 2021 SSBMedian 95.1924
FLATHEAD 2 2021 SSBMean 95.2158
FLATHEAD 2 2022 SSBF100 91.5511
FLATHEAD 2 2022 SSBFabc 36.6204
FLATHEAD 2 2022 SSBFofl 32.0429
FLATHEAD 2 2022 SSBLCI 95.7069
FLATHEAD 2 2022 SSBUCI 97.9516
FLATHEAD 2 2022 SSBMedian 96.6816
FLATHEAD 2 2022 SSBMean 96.7311
FLATHEAD 2 2023 SSBF100 91.5511
FLATHEAD 2 2023 SSBFabc 36.6204
FLATHEAD 2 2023 SSBFofl 32.0429
FLATHEAD 2 2023 SSBLCI 77.224
FLATHEAD 2 2023 SSBUCI 81.2558
FLATHEAD 2 2023 SSBMedian 79.0203
FLATHEAD 2 2023 SSBMean 79.1104
FLATHEAD 2 2024 SSBF100 91.5511
FLATHEAD 2 2024 SSBFabc 36.6204
FLATHEAD 2 2024 SSBFofl 32.0429
FLATHEAD 2 2024 SSBLCI 62.9531
FLATHEAD 2 2024 SSBUCI 69.0224
FLATHEAD 2 2024 SSBMedian 65.7083
FLATHEAD 2 2024 SSBMean 65.8198
FLATHEAD 2 2025 SSBF100 91.5511
FLATHEAD 2 2025 SSBFabc 36.6204
FLATHEAD 2 2025 SSBFofl 32.0429
FLATHEAD 2 2025 SSBLCI 52.481
FLATHEAD 2 2025 SSBUCI 60.306
FLATHEAD 2 2025 SSBMedian 56.0736
FLATHEAD 2 2025 SSBMean 56.2206
FLATHEAD 2 2026 SSBF100 91.5511
FLATHEAD 2 2026 SSBFabc 36.6204
FLATHEAD 2 2026 SSBFofl 32.0429
FLATHEAD 2 2026 SSBLCI 45.2281
FLATHEAD 2 2026 SSBUCI 54.265
FLATHEAD 2 2026 SSBMedian 49.3791
FLATHEAD 2 2026 SSBMean 49.5383
FLATHEAD 2 2027 SSBF100 91.5511
FLATHEAD 2 2027 SSBFabc 36.6204
FLATHEAD 2 2027 SSBFofl 32.0429
FLATHEAD 2 2027 SSBLCI 40.5235
FLATHEAD 2 2027 SSBUCI 49.9898
FLATHEAD 2 2027 SSBMedian 44.8921
FLATHEAD 2 2027 SSBMean 45.021
FLATHEAD 2 2028 SSBF100 91.5511
FLATHEAD 2 2028 SSBFabc 36.6204
FLATHEAD 2 2028 SSBFofl 32.0429
FLATHEAD 2 2028 SSBLCI 37.4283
FLATHEAD 2 2028 SSBUCI 47.2227
FLATHEAD 2 2028 SSBMedian 41.821
FLATHEAD 2 2028 SSBMean 42.0314
FLATHEAD 2 2029 SSBF100 91.5511
FLATHEAD 2 2029 SSBFabc 36.6204
FLATHEAD 2 2029 SSBFofl 32.0429
FLATHEAD 2 2029 SSBLCI 35.3706
FLATHEAD 2 2029 SSBUCI 45.275
FLATHEAD 2 2029 SSBMedian 39.9018
FLATHEAD 2 2029 SSBMean 40.0864
FLATHEAD 2 2030 SSBF100 91.5511
FLATHEAD 2 2030 SSBFabc 36.6204
FLATHEAD 2 2030 SSBFofl 32.0429
FLATHEAD 2 2030 SSBLCI 34.5877
FLATHEAD 2 2030 SSBUCI 43.959
FLATHEAD 2 2030 SSBMedian 38.5967
FLATHEAD 2 2030 SSBMean 38.8586
FLATHEAD 2 2017 F0 0 
FLATHEAD 2 2017 Fabc 0.284074
FLATHEAD 2 2017 Fofl 0.355733
FLATHEAD 2 2017  F_LCI 0.0153677
FLATHEAD 2 2017  F_UCI 0.0153677
FLATHEAD 2 2017  F_Median 0.0153677
FLATHEAD 2 2017  F_Mean 0.0153677
FLATHEAD 2 2018 F0 0 
FLATHEAD 2 2018 Fabc 0.284074
FLATHEAD 2 2018 Fofl 0.355733
FLATHEAD 2 2018  F_LCI 0.0160094
FLATHEAD 2 2018  F_UCI 0.0160139
FLATHEAD 2 2018  F_Median 0.0160121
FLATHEAD 2 2018  F_Mean 0.016012
FLATHEAD 2 2019 F0 0 
FLATHEAD 2 2019 Fabc 0.284074
FLATHEAD 2 2019 Fofl 0.355733
FLATHEAD 2 2019  F_LCI 0.018482
FLATHEAD 2 2019  F_UCI 0.0185074
FLATHEAD 2 2019  F_Median 0.0184969
FLATHEAD 2 2019  F_Mean 0.0184961
FLATHEAD 2 2020 F0 0 
FLATHEAD 2 2020 Fabc 0.284074
FLATHEAD 2 2020 Fofl 0.355733
FLATHEAD 2 2020  F_LCI 0.0150223
FLATHEAD 2 2020  F_UCI 0.0150932
FLATHEAD 2 2020  F_Median 0.0150632
FLATHEAD 2 2020  F_Mean 0.0150614
FLATHEAD 2 2021 F0 0 
FLATHEAD 2 2021 Fabc 0.284074
FLATHEAD 2 2021 Fofl 0.355733
FLATHEAD 2 2021  F_LCI 0.0144927
FLATHEAD 2 2021  F_UCI 0.0146709
FLATHEAD 2 2021  F_Median 0.0145948
FLATHEAD 2 2021  F_Mean 0.0145906
FLATHEAD 2 2022 F0 0 
FLATHEAD 2 2022 Fabc 0.284074
FLATHEAD 2 2022 Fofl 0.355733
FLATHEAD 2 2022  F_LCI 0.284074
FLATHEAD 2 2022  F_UCI 0.284074
FLATHEAD 2 2022  F_Median 0.284074
FLATHEAD 2 2022  F_Mean 0.284074
FLATHEAD 2 2023 F0 0 
FLATHEAD 2 2023 Fabc 0.284074
FLATHEAD 2 2023 Fofl 0.355733
FLATHEAD 2 2023  F_LCI 0.284074
FLATHEAD 2 2023  F_UCI 0.284074
FLATHEAD 2 2023  F_Median 0.284074
FLATHEAD 2 2023  F_Mean 0.284074
FLATHEAD 2 2024 F0 0 
FLATHEAD 2 2024 Fabc 0.284074
FLATHEAD 2 2024 Fofl 0.355733
FLATHEAD 2 2024  F_LCI 0.284074
FLATHEAD 2 2024  F_UCI 0.284074
FLATHEAD 2 2024  F_Median 0.284074
FLATHEAD 2 2024  F_Mean 0.284074
FLATHEAD 2 2025 F0 0 
FLATHEAD 2 2025 Fabc 0.284074
FLATHEAD 2 2025 Fofl 0.355733
FLATHEAD 2 2025  F_LCI 0.284074
FLATHEAD 2 2025  F_UCI 0.284074
FLATHEAD 2 2025  F_Median 0.284074
FLATHEAD 2 2025  F_Mean 0.284074
FLATHEAD 2 2026 F0 0 
FLATHEAD 2 2026 Fabc 0.284074
FLATHEAD 2 2026 Fofl 0.355733
FLATHEAD 2 2026  F_LCI 0.284074
FLATHEAD 2 2026  F_UCI 0.284074
FLATHEAD 2 2026  F_Median 0.284074
FLATHEAD 2 2026  F_Mean 0.284074
FLATHEAD 2 2027 F0 0 
FLATHEAD 2 2027 Fabc 0.284074
FLATHEAD 2 2027 Fofl 0.355733
FLATHEAD 2 2027  F_LCI 0.284074
FLATHEAD 2 2027  F_UCI 0.284074
FLATHEAD 2 2027  F_Median 0.284074
FLATHEAD 2 2027  F_Mean 0.284074
FLATHEAD 2 2028 F0 0 
FLATHEAD 2 2028 Fabc 0.284074
FLATHEAD 2 2028 Fofl 0.355733
FLATHEAD 2 2028  F_LCI 0.284074
FLATHEAD 2 2028  F_UCI 0.284074
FLATHEAD 2 2028  F_Median 0.284074
FLATHEAD 2 2028  F_Mean 0.28386
FLATHEAD 2 2029 F0 0 
FLATHEAD 2 2029 Fabc 0.284074
FLATHEAD 2 2029 Fofl 0.355733
FLATHEAD 2 2029  F_LCI 0.273868
FLATHEAD 2 2029  F_UCI 0.284074
FLATHEAD 2 2029  F_Median 0.284074
FLATHEAD 2 2029  F_Mean 0.282924
FLATHEAD 2 2030 F0 0 
FLATHEAD 2 2030 Fabc 0.284074
FLATHEAD 2 2030 Fofl 0.355733
FLATHEAD 2 2030  F_LCI 0.267476
FLATHEAD 2 2030  F_UCI 0.284074
FLATHEAD 2 2030  F_Median 0.284074
FLATHEAD 2 2030  F_Mean 0.281508
FLATHEAD 3 2017 Cabc 16.2275
FLATHEAD 3 2017 Cofl 17.6194
FLATHEAD 3 2017 CLCI 2.051
FLATHEAD 3 2017 CUCI 2.051
FLATHEAD 3 2017 CMedian 2.051
FLATHEAD 3 2017 CMean 2.051
FLATHEAD 3 2017 CStdn 1.86517e-14
FLATHEAD 3 2018 Cabc 16.2275
FLATHEAD 3 2018 Cofl 17.6194
FLATHEAD 3 2018 CLCI 2.202
FLATHEAD 3 2018 CUCI 2.202
FLATHEAD 3 2018 CMedian 2.202
FLATHEAD 3 2018 CMean 2.202
FLATHEAD 3 2018 CStdn 7.12362e-11
FLATHEAD 3 2019 Cabc 16.2275
FLATHEAD 3 2019 Cofl 17.6194
FLATHEAD 3 2019 CLCI 2.647
FLATHEAD 3 2019 CUCI 2.647
FLATHEAD 3 2019 CMedian 2.647
FLATHEAD 3 2019 CMean 2.647
FLATHEAD 3 2019 CStdn 2.29711e-10
FLATHEAD 3 2020 Cabc 16.2275
FLATHEAD 3 2020 Cofl 17.6194
FLATHEAD 3 2020 CLCI 2.246
FLATHEAD 3 2020 CUCI 2.246
FLATHEAD 3 2020 CMedian 2.246
FLATHEAD 3 2020 CMean 2.246
FLATHEAD 3 2020 CStdn 1.79936e-09
FLATHEAD 3 2021 Cabc 16.2275
FLATHEAD 3 2021 Cofl 17.6194
FLATHEAD 3 2021 CLCI 2.246
FLATHEAD 3 2021 CUCI 2.246
FLATHEAD 3 2021 CMedian 2.246
FLATHEAD 3 2021 CMean 2.246
FLATHEAD 3 2021 CStdn 5.63424e-09
FLATHEAD 3 2022 Cabc 16.2275
FLATHEAD 3 2022 Cofl 17.6194
FLATHEAD 3 2022 CLCI 2.61365
FLATHEAD 3 2022 CUCI 2.68344
FLATHEAD 3 2022 CMedian 2.64423
FLATHEAD 3 2022 CMean 2.64576
FLATHEAD 3 2022 CStdn 0.0220643
FLATHEAD 3 2023 Cabc 16.2275
FLATHEAD 3 2023 Cofl 17.6194
FLATHEAD 3 2023 CLCI 2.57782
FLATHEAD 3 2023 CUCI 2.70416
FLATHEAD 3 2023 CMedian 2.63429
FLATHEAD 3 2023 CMean 2.63717
FLATHEAD 3 2023 CStdn 0.0406099
FLATHEAD 3 2024 Cabc 16.2275
FLATHEAD 3 2024 Cofl 17.6194
FLATHEAD 3 2024 CLCI 2.51194
FLATHEAD 3 2024 CUCI 2.70882
FLATHEAD 3 2024 CMedian 2.60089
FLATHEAD 3 2024 CMean 2.60519
FLATHEAD 3 2024 CStdn 0.0641305
FLATHEAD 3 2025 Cabc 16.2275
FLATHEAD 3 2025 Cofl 17.6194
FLATHEAD 3 2025 CLCI 2.43263
FLATHEAD 3 2025 CUCI 2.70993
FLATHEAD 3 2025 CMedian 2.5603
FLATHEAD 3 2025 CMean 2.56386
FLATHEAD 3 2025 CStdn 0.0885212
FLATHEAD 3 2026 Cabc 16.2275
FLATHEAD 3 2026 Cofl 17.6194
FLATHEAD 3 2026 CLCI 2.35813
FLATHEAD 3 2026 CUCI 2.69938
FLATHEAD 3 2026 CMedian 2.51616
FLATHEAD 3 2026 CMean 2.52098
FLATHEAD 3 2026 CStdn 0.10899
FLATHEAD 3 2027 Cabc 16.2275
FLATHEAD 3 2027 Cofl 17.6194
FLATHEAD 3 2027 CLCI 2.29558
FLATHEAD 3 2027 CUCI 2.68346
FLATHEAD 3 2027 CMedian 2.47433
FLATHEAD 3 2027 CMean 2.48098
FLATHEAD 3 2027 CStdn 0.122765
FLATHEAD 3 2028 Cabc 16.2275
FLATHEAD 3 2028 Cofl 17.6194
FLATHEAD 3 2028 CLCI 2.24419
FLATHEAD 3 2028 CUCI 2.66827
FLATHEAD 3 2028 CMedian 2.43797
FLATHEAD 3 2028 CMean 2.4458
FLATHEAD 3 2028 CStdn 0.130719
FLATHEAD 3 2029 Cabc 16.2275
FLATHEAD 3 2029 Cofl 17.6194
FLATHEAD 3 2029 CLCI 2.20945
FLATHEAD 3 2029 CUCI 2.64351
FLATHEAD 3 2029 CMedian 2.40488
FLATHEAD 3 2029 CMean 2.41544
FLATHEAD 3 2029 CStdn 0.135255
FLATHEAD 3 2030 Cabc 16.2275
FLATHEAD 3 2030 Cofl 17.6194
FLATHEAD 3 2030 CLCI 2.17616
FLATHEAD 3 2030 CUCI 2.62214
FLATHEAD 3 2030 CMedian 2.38303
FLATHEAD 3 2030 CMean 2.38974
FLATHEAD 3 2030 CStdn 0.138064
FLATHEAD 3 2017 SSBF100 91.5511
FLATHEAD 3 2017 SSBFabc 36.6204
FLATHEAD 3 2017 SSBFofl 32.0429
FLATHEAD 3 2017 SSBLCI 83.2979
FLATHEAD 3 2017 SSBUCI 83.2979
FLATHEAD 3 2017 SSBMedian 83.2979
FLATHEAD 3 2017 SSBMean 83.2979
FLATHEAD 3 2018 SSBF100 91.5511
FLATHEAD 3 2018 SSBFabc 36.6204
FLATHEAD 3 2018 SSBFofl 32.0429
FLATHEAD 3 2018 SSBLCI 85.7498
FLATHEAD 3 2018 SSBUCI 85.7768
FLATHEAD 3 2018 SSBMedian 85.7606
FLATHEAD 3 2018 SSBMean 85.7617
FLATHEAD 3 2019 SSBF100 91.5511
FLATHEAD 3 2019 SSBFabc 36.6204
FLATHEAD 3 2019 SSBFofl 32.0429
FLATHEAD 3 2019 SSBLCI 89.0857
FLATHEAD 3 2019 SSBUCI 89.2074
FLATHEAD 3 2019 SSBMedian 89.1358
FLATHEAD 3 2019 SSBMean 89.1401
FLATHEAD 3 2020 SSBF100 91.5511
FLATHEAD 3 2020 SSBFabc 36.6204
FLATHEAD 3 2020 SSBFofl 32.0429
FLATHEAD 3 2020 SSBLCI 92.2903
FLATHEAD 3 2020 SSBUCI 92.683
FLATHEAD 3 2020 SSBMedian 92.4566
FLATHEAD 3 2020 SSBMean 92.4669
FLATHEAD 3 2021 SSBF100 91.5511
FLATHEAD 3 2021 SSBFabc 36.6204
FLATHEAD 3 2021 SSBFofl 32.0429
FLATHEAD 3 2021 SSBLCI 94.7604
FLATHEAD 3 2021 SSBUCI 95.7695
FLATHEAD 3 2021 SSBMedian 95.1924
FLATHEAD 3 2021 SSBMean 95.2158
FLATHEAD 3 2022 SSBF100 91.5511
FLATHEAD 3 2022 SSBFabc 36.6204
FLATHEAD 3 2022 SSBFofl 32.0429
FLATHEAD 3 2022 SSBLCI 95.7069
FLATHEAD 3 2022 SSBUCI 97.9516
FLATHEAD 3 2022 SSBMedian 96.6816
FLATHEAD 3 2022 SSBMean 96.7311
FLATHEAD 3 2023 SSBF100 91.5511
FLATHEAD 3 2023 SSBFabc 36.6204
FLATHEAD 3 2023 SSBFofl 32.0429
FLATHEAD 3 2023 SSBLCI 94.9266
FLATHEAD 3 2023 SSBUCI 99.1178
FLATHEAD 3 2023 SSBMedian 96.7846
FLATHEAD 3 2023 SSBMean 96.8801
FLATHEAD 3 2024 SSBF100 91.5511
FLATHEAD 3 2024 SSBFabc 36.6204
FLATHEAD 3 2024 SSBFofl 32.0429
FLATHEAD 3 2024 SSBLCI 93.0481
FLATHEAD 3 2024 SSBUCI 99.696
FLATHEAD 3 2024 SSBMedian 96.0245
FLATHEAD 3 2024 SSBMean 96.1838
FLATHEAD 3 2025 SSBF100 91.5511
FLATHEAD 3 2025 SSBFabc 36.6204
FLATHEAD 3 2025 SSBFofl 32.0429
FLATHEAD 3 2025 SSBLCI 90.5848
FLATHEAD 3 2025 SSBUCI 99.9361
FLATHEAD 3 2025 SSBMedian 94.8765
FLATHEAD 3 2025 SSBMean 95.0062
FLATHEAD 3 2026 SSBF100 91.5511
FLATHEAD 3 2026 SSBFabc 36.6204
FLATHEAD 3 2026 SSBFofl 32.0429
FLATHEAD 3 2026 SSBLCI 88.06
FLATHEAD 3 2026 SSBUCI 99.7202
FLATHEAD 3 2026 SSBMedian 93.4827
FLATHEAD 3 2026 SSBMean 93.6389
FLATHEAD 3 2027 SSBF100 91.5511
FLATHEAD 3 2027 SSBFabc 36.6204
FLATHEAD 3 2027 SSBFofl 32.0429
FLATHEAD 3 2027 SSBLCI 85.9104
FLATHEAD 3 2027 SSBUCI 99.2697
FLATHEAD 3 2027 SSBMedian 92.0355
FLATHEAD 3 2027 SSBMean 92.2649
FLATHEAD 3 2028 SSBF100 91.5511
FLATHEAD 3 2028 SSBFabc 36.6204
FLATHEAD 3 2028 SSBFofl 32.0429
FLATHEAD 3 2028 SSBLCI 83.9592
FLATHEAD 3 2028 SSBUCI 98.6841
FLATHEAD 3 2028 SSBMedian 90.7341
FLATHEAD 3 2028 SSBMean 90.9818
FLATHEAD 3 2029 SSBF100 91.5511
FLATHEAD 3 2029 SSBFabc 36.6204
FLATHEAD 3 2029 SSBFofl 32.0429
FLATHEAD 3 2029 SSBLCI 82.5668
FLATHEAD 3 2029 SSBUCI 97.858
FLATHEAD 3 2029 SSBMedian 89.4675
FLATHEAD 3 2029 SSBMean 89.8323
FLATHEAD 3 2030 SSBF100 91.5511
FLATHEAD 3 2030 SSBFabc 36.6204
FLATHEAD 3 2030 SSBFofl 32.0429
FLATHEAD 3 2030 SSBLCI 81.2865
FLATHEAD 3 2030 SSBUCI 97.1279
FLATHEAD 3 2030 SSBMedian 88.5976
FLATHEAD 3 2030 SSBMean 88.8365
FLATHEAD 3 2017 F0 0 
FLATHEAD 3 2017 Fabc 0.284074
FLATHEAD 3 2017 Fofl 0.355733
FLATHEAD 3 2017  F_LCI 0.0153677
FLATHEAD 3 2017  F_UCI 0.0153677
FLATHEAD 3 2017  F_Median 0.0153677
FLATHEAD 3 2017  F_Mean 0.0153677
FLATHEAD 3 2018 F0 0 
FLATHEAD 3 2018 Fabc 0.284074
FLATHEAD 3 2018 Fofl 0.355733
FLATHEAD 3 2018  F_LCI 0.0160094
FLATHEAD 3 2018  F_UCI 0.0160139
FLATHEAD 3 2018  F_Median 0.0160121
FLATHEAD 3 2018  F_Mean 0.016012
FLATHEAD 3 2019 F0 0 
FLATHEAD 3 2019 Fabc 0.284074
FLATHEAD 3 2019 Fofl 0.355733
FLATHEAD 3 2019  F_LCI 0.018482
FLATHEAD 3 2019  F_UCI 0.0185074
FLATHEAD 3 2019  F_Median 0.0184969
FLATHEAD 3 2019  F_Mean 0.0184961
FLATHEAD 3 2020 F0 0 
FLATHEAD 3 2020 Fabc 0.284074
FLATHEAD 3 2020 Fofl 0.355733
FLATHEAD 3 2020  F_LCI 0.0150223
FLATHEAD 3 2020  F_UCI 0.0150932
FLATHEAD 3 2020  F_Median 0.0150632
FLATHEAD 3 2020  F_Mean 0.0150614
FLATHEAD 3 2021 F0 0 
FLATHEAD 3 2021 Fabc 0.284074
FLATHEAD 3 2021 Fofl 0.355733
FLATHEAD 3 2021  F_LCI 0.0144927
FLATHEAD 3 2021  F_UCI 0.0146709
FLATHEAD 3 2021  F_Median 0.0145948
FLATHEAD 3 2021  F_Mean 0.0145906
FLATHEAD 3 2022 F0 0 
FLATHEAD 3 2022 Fabc 0.284074
FLATHEAD 3 2022 Fofl 0.355733
FLATHEAD 3 2022  F_LCI 0.0169611
FLATHEAD 3 2022  F_UCI 0.0169611
FLATHEAD 3 2022  F_Median 0.0169611
FLATHEAD 3 2022  F_Mean 0.0169611
FLATHEAD 3 2023 F0 0 
FLATHEAD 3 2023 Fabc 0.284074
FLATHEAD 3 2023 Fofl 0.355733
FLATHEAD 3 2023  F_LCI 0.0169611
FLATHEAD 3 2023  F_UCI 0.0169611
FLATHEAD 3 2023  F_Median 0.0169611
FLATHEAD 3 2023  F_Mean 0.0169611
FLATHEAD 3 2024 F0 0 
FLATHEAD 3 2024 Fabc 0.284074
FLATHEAD 3 2024 Fofl 0.355733
FLATHEAD 3 2024  F_LCI 0.0169611
FLATHEAD 3 2024  F_UCI 0.0169611
FLATHEAD 3 2024  F_Median 0.0169611
FLATHEAD 3 2024  F_Mean 0.0169611
FLATHEAD 3 2025 F0 0 
FLATHEAD 3 2025 Fabc 0.284074
FLATHEAD 3 2025 Fofl 0.355733
FLATHEAD 3 2025  F_LCI 0.0169611
FLATHEAD 3 2025  F_UCI 0.0169611
FLATHEAD 3 2025  F_Median 0.0169611
FLATHEAD 3 2025  F_Mean 0.0169611
FLATHEAD 3 2026 F0 0 
FLATHEAD 3 2026 Fabc 0.284074
FLATHEAD 3 2026 Fofl 0.355733
FLATHEAD 3 2026  F_LCI 0.0169611
FLATHEAD 3 2026  F_UCI 0.0169611
FLATHEAD 3 2026  F_Median 0.0169611
FLATHEAD 3 2026  F_Mean 0.0169611
FLATHEAD 3 2027 F0 0 
FLATHEAD 3 2027 Fabc 0.284074
FLATHEAD 3 2027 Fofl 0.355733
FLATHEAD 3 2027  F_LCI 0.0169611
FLATHEAD 3 2027  F_UCI 0.0169611
FLATHEAD 3 2027  F_Median 0.0169611
FLATHEAD 3 2027  F_Mean 0.0169611
FLATHEAD 3 2028 F0 0 
FLATHEAD 3 2028 Fabc 0.284074
FLATHEAD 3 2028 Fofl 0.355733
FLATHEAD 3 2028  F_LCI 0.0169611
FLATHEAD 3 2028  F_UCI 0.0169611
FLATHEAD 3 2028  F_Median 0.0169611
FLATHEAD 3 2028  F_Mean 0.0169611
FLATHEAD 3 2029 F0 0 
FLATHEAD 3 2029 Fabc 0.284074
FLATHEAD 3 2029 Fofl 0.355733
FLATHEAD 3 2029  F_LCI 0.0169611
FLATHEAD 3 2029  F_UCI 0.0169611
FLATHEAD 3 2029  F_Median 0.0169611
FLATHEAD 3 2029  F_Mean 0.0169611
FLATHEAD 3 2030 F0 0 
FLATHEAD 3 2030 Fabc 0.284074
FLATHEAD 3 2030 Fofl 0.355733
FLATHEAD 3 2030  F_LCI 0.0169611
FLATHEAD 3 2030  F_UCI 0.0169611
FLATHEAD 3 2030  F_Median 0.0169611
FLATHEAD 3 2030  F_Mean 0.0169611
FLATHEAD 4 2017 Cabc 16.2275
FLATHEAD 4 2017 Cofl 17.6194
FLATHEAD 4 2017 CLCI 2.051
FLATHEAD 4 2017 CUCI 2.051
FLATHEAD 4 2017 CMedian 2.051
FLATHEAD 4 2017 CMean 2.051
FLATHEAD 4 2017 CStdn 1.86517e-14
FLATHEAD 4 2018 Cabc 16.2275
FLATHEAD 4 2018 Cofl 17.6194
FLATHEAD 4 2018 CLCI 2.202
FLATHEAD 4 2018 CUCI 2.202
FLATHEAD 4 2018 CMedian 2.202
FLATHEAD 4 2018 CMean 2.202
FLATHEAD 4 2018 CStdn 7.12362e-11
FLATHEAD 4 2019 Cabc 16.2275
FLATHEAD 4 2019 Cofl 17.6194
FLATHEAD 4 2019 CLCI 2.647
FLATHEAD 4 2019 CUCI 2.647
FLATHEAD 4 2019 CMedian 2.647
FLATHEAD 4 2019 CMean 2.647
FLATHEAD 4 2019 CStdn 2.29711e-10
FLATHEAD 4 2020 Cabc 16.2275
FLATHEAD 4 2020 Cofl 17.6194
FLATHEAD 4 2020 CLCI 2.246
FLATHEAD 4 2020 CUCI 2.246
FLATHEAD 4 2020 CMedian 2.246
FLATHEAD 4 2020 CMean 2.246
FLATHEAD 4 2020 CStdn 1.79936e-09
FLATHEAD 4 2021 Cabc 16.2275
FLATHEAD 4 2021 Cofl 17.6194
FLATHEAD 4 2021 CLCI 2.246
FLATHEAD 4 2021 CUCI 2.246
FLATHEAD 4 2021 CMedian 2.246
FLATHEAD 4 2021 CMean 2.246
FLATHEAD 4 2021 CStdn 5.63424e-09
FLATHEAD 4 2022 Cabc 16.2275
FLATHEAD 4 2022 Cofl 17.6194
FLATHEAD 4 2022 CLCI 9.29462
FLATHEAD 4 2022 CUCI 9.54652
FLATHEAD 4 2022 CMedian 9.40486
FLATHEAD 4 2022 CMean 9.41043
FLATHEAD 4 2022 CStdn 0.0795932
FLATHEAD 4 2023 Cabc 16.2275
FLATHEAD 4 2023 Cofl 17.6194
FLATHEAD 4 2023 CLCI 8.84626
FLATHEAD 4 2023 CUCI 9.2967
FLATHEAD 4 2023 CMedian 9.04762
FLATHEAD 4 2023 CMean 9.0582
FLATHEAD 4 2023 CStdn 0.144958
FLATHEAD 4 2024 Cabc 16.2275
FLATHEAD 4 2024 Cofl 17.6194
FLATHEAD 4 2024 CLCI 8.34462
FLATHEAD 4 2024 CUCI 9.03643
FLATHEAD 4 2024 CMedian 8.65933
FLATHEAD 4 2024 CMean 8.67227
FLATHEAD 4 2024 CStdn 0.225408
FLATHEAD 4 2025 Cabc 16.2275
FLATHEAD 4 2025 Cofl 17.6194
FLATHEAD 4 2025 CLCI 7.85391
FLATHEAD 4 2025 CUCI 8.80727
FLATHEAD 4 2025 CMedian 8.29247
FLATHEAD 4 2025 CMean 8.3052
FLATHEAD 4 2025 CStdn 0.305072
FLATHEAD 4 2026 Cabc 16.2275
FLATHEAD 4 2026 Cofl 17.6194
FLATHEAD 4 2026 CLCI 7.42994
FLATHEAD 4 2026 CUCI 8.59
FLATHEAD 4 2026 CMedian 7.96291
FLATHEAD 4 2026 CMean 7.98076
FLATHEAD 4 2026 CStdn 0.367663
FLATHEAD 4 2027 Cabc 16.2275
FLATHEAD 4 2027 Cofl 17.6194
FLATHEAD 4 2027 CLCI 7.09288
FLATHEAD 4 2027 CUCI 8.39024
FLATHEAD 4 2027 CMedian 7.68936
FLATHEAD 4 2027 CMean 7.70757
FLATHEAD 4 2027 CStdn 0.406085
FLATHEAD 4 2028 Cabc 16.2275
FLATHEAD 4 2028 Cofl 17.6194
FLATHEAD 4 2028 CLCI 6.83665
FLATHEAD 4 2028 CUCI 8.21255
FLATHEAD 4 2028 CMedian 7.45653
FLATHEAD 4 2028 CMean 7.48456
FLATHEAD 4 2028 CStdn 0.425533
FLATHEAD 4 2029 Cabc 16.2275
FLATHEAD 4 2029 Cofl 17.6194
FLATHEAD 4 2029 CLCI 6.63682
FLATHEAD 4 2029 CUCI 8.04448
FLATHEAD 4 2029 CMedian 7.27356
FLATHEAD 4 2029 CMean 7.30471
FLATHEAD 4 2029 CStdn 0.4349
FLATHEAD 4 2030 Cabc 16.2275
FLATHEAD 4 2030 Cofl 17.6194
FLATHEAD 4 2030 CLCI 6.47361
FLATHEAD 4 2030 CUCI 7.90366
FLATHEAD 4 2030 CMedian 7.14421
FLATHEAD 4 2030 CMean 7.16149
FLATHEAD 4 2030 CStdn 0.440032
FLATHEAD 4 2017 SSBF100 91.5511
FLATHEAD 4 2017 SSBFabc 36.6204
FLATHEAD 4 2017 SSBFofl 32.0429
FLATHEAD 4 2017 SSBLCI 83.2979
FLATHEAD 4 2017 SSBUCI 83.2979
FLATHEAD 4 2017 SSBMedian 83.2979
FLATHEAD 4 2017 SSBMean 83.2979
FLATHEAD 4 2018 SSBF100 91.5511
FLATHEAD 4 2018 SSBFabc 36.6204
FLATHEAD 4 2018 SSBFofl 32.0429
FLATHEAD 4 2018 SSBLCI 85.7498
FLATHEAD 4 2018 SSBUCI 85.7768
FLATHEAD 4 2018 SSBMedian 85.7606
FLATHEAD 4 2018 SSBMean 85.7617
FLATHEAD 4 2019 SSBF100 91.5511
FLATHEAD 4 2019 SSBFabc 36.6204
FLATHEAD 4 2019 SSBFofl 32.0429
FLATHEAD 4 2019 SSBLCI 89.0857
FLATHEAD 4 2019 SSBUCI 89.2074
FLATHEAD 4 2019 SSBMedian 89.1358
FLATHEAD 4 2019 SSBMean 89.1401
FLATHEAD 4 2020 SSBF100 91.5511
FLATHEAD 4 2020 SSBFabc 36.6204
FLATHEAD 4 2020 SSBFofl 32.0429
FLATHEAD 4 2020 SSBLCI 92.2903
FLATHEAD 4 2020 SSBUCI 92.683
FLATHEAD 4 2020 SSBMedian 92.4566
FLATHEAD 4 2020 SSBMean 92.4669
FLATHEAD 4 2021 SSBF100 91.5511
FLATHEAD 4 2021 SSBFabc 36.6204
FLATHEAD 4 2021 SSBFofl 32.0429
FLATHEAD 4 2021 SSBLCI 94.7604
FLATHEAD 4 2021 SSBUCI 95.7695
FLATHEAD 4 2021 SSBMedian 95.1924
FLATHEAD 4 2021 SSBMean 95.2158
FLATHEAD 4 2022 SSBF100 91.5511
FLATHEAD 4 2022 SSBFabc 36.6204
FLATHEAD 4 2022 SSBFofl 32.0429
FLATHEAD 4 2022 SSBLCI 95.7069
FLATHEAD 4 2022 SSBUCI 97.9516
FLATHEAD 4 2022 SSBMedian 96.6816
FLATHEAD 4 2022 SSBMean 96.7311
FLATHEAD 4 2023 SSBF100 91.5511
FLATHEAD 4 2023 SSBFabc 36.6204
FLATHEAD 4 2023 SSBFofl 32.0429
FLATHEAD 4 2023 SSBLCI 91.6802
FLATHEAD 4 2023 SSBUCI 95.8441
FLATHEAD 4 2023 SSBMedian 93.5265
FLATHEAD 4 2023 SSBMean 93.6224
FLATHEAD 4 2024 SSBF100 91.5511
FLATHEAD 4 2024 SSBFabc 36.6204
FLATHEAD 4 2024 SSBFofl 32.0429
FLATHEAD 4 2024 SSBLCI 87.0164
FLATHEAD 4 2024 SSBUCI 93.5607
FLATHEAD 4 2024 SSBMedian 89.9428
FLATHEAD 4 2024 SSBMean 90.1017
FLATHEAD 4 2025 SSBF100 91.5511
FLATHEAD 4 2025 SSBFabc 36.6204
FLATHEAD 4 2025 SSBFofl 32.0429
FLATHEAD 4 2025 SSBLCI 82.2781
FLATHEAD 4 2025 SSBUCI 91.3643
FLATHEAD 4 2025 SSBMedian 86.4848
FLATHEAD 4 2025 SSBMean 86.5898
FLATHEAD 4 2026 SSBF100 91.5511
FLATHEAD 4 2026 SSBFabc 36.6204
FLATHEAD 4 2026 SSBFofl 32.0429
FLATHEAD 4 2026 SSBLCI 78.0737
FLATHEAD 4 2026 SSBUCI 89.1581
FLATHEAD 4 2026 SSBMedian 83.1944
FLATHEAD 4 2026 SSBMean 83.3639
FLATHEAD 4 2027 SSBF100 91.5511
FLATHEAD 4 2027 SSBFabc 36.6204
FLATHEAD 4 2027 SSBFofl 32.0429
FLATHEAD 4 2027 SSBLCI 74.538
FLATHEAD 4 2027 SSBUCI 87.0694
FLATHEAD 4 2027 SSBMedian 80.338
FLATHEAD 4 2027 SSBMean 80.5531
FLATHEAD 4 2028 SSBF100 91.5511
FLATHEAD 4 2028 SSBFabc 36.6204
FLATHEAD 4 2028 SSBFofl 32.0429
FLATHEAD 4 2028 SSBLCI 71.7291
FLATHEAD 4 2028 SSBUCI 85.3628
FLATHEAD 4 2028 SSBMedian 77.9331
FLATHEAD 4 2028 SSBMean 78.1856
FLATHEAD 4 2029 SSBF100 91.5511
FLATHEAD 4 2029 SSBFabc 36.6204
FLATHEAD 4 2029 SSBFofl 32.0429
FLATHEAD 4 2029 SSBLCI 69.6067
FLATHEAD 4 2029 SSBUCI 83.5279
FLATHEAD 4 2029 SSBMedian 75.8917
FLATHEAD 4 2029 SSBMean 76.2341
FLATHEAD 4 2030 SSBF100 91.5511
FLATHEAD 4 2030 SSBFabc 36.6204
FLATHEAD 4 2030 SSBFofl 32.0429
FLATHEAD 4 2030 SSBLCI 67.8523
FLATHEAD 4 2030 SSBUCI 82.0442
FLATHEAD 4 2030 SSBMedian 74.4386
FLATHEAD 4 2030 SSBMean 74.6565
FLATHEAD 4 2017 F0 0 
FLATHEAD 4 2017 Fabc 0.284074
FLATHEAD 4 2017 Fofl 0.355733
FLATHEAD 4 2017  F_LCI 0.0153677
FLATHEAD 4 2017  F_UCI 0.0153677
FLATHEAD 4 2017  F_Median 0.0153677
FLATHEAD 4 2017  F_Mean 0.0153677
FLATHEAD 4 2018 F0 0 
FLATHEAD 4 2018 Fabc 0.284074
FLATHEAD 4 2018 Fofl 0.355733
FLATHEAD 4 2018  F_LCI 0.0160094
FLATHEAD 4 2018  F_UCI 0.0160139
FLATHEAD 4 2018  F_Median 0.0160121
FLATHEAD 4 2018  F_Mean 0.016012
FLATHEAD 4 2019 F0 0 
FLATHEAD 4 2019 Fabc 0.284074
FLATHEAD 4 2019 Fofl 0.355733
FLATHEAD 4 2019  F_LCI 0.018482
FLATHEAD 4 2019  F_UCI 0.0185074
FLATHEAD 4 2019  F_Median 0.0184969
FLATHEAD 4 2019  F_Mean 0.0184961
FLATHEAD 4 2020 F0 0 
FLATHEAD 4 2020 Fabc 0.284074
FLATHEAD 4 2020 Fofl 0.355733
FLATHEAD 4 2020  F_LCI 0.0150223
FLATHEAD 4 2020  F_UCI 0.0150932
FLATHEAD 4 2020  F_Median 0.0150632
FLATHEAD 4 2020  F_Mean 0.0150614
FLATHEAD 4 2021 F0 0 
FLATHEAD 4 2021 Fabc 0.284074
FLATHEAD 4 2021 Fofl 0.355733
FLATHEAD 4 2021  F_LCI 0.0144927
FLATHEAD 4 2021  F_UCI 0.0146709
FLATHEAD 4 2021  F_Median 0.0145948
FLATHEAD 4 2021  F_Mean 0.0145906
FLATHEAD 4 2022 F0 0 
FLATHEAD 4 2022 Fabc 0.284074
FLATHEAD 4 2022 Fofl 0.355733
FLATHEAD 4 2022  F_LCI 0.0614374
FLATHEAD 4 2022  F_UCI 0.0614374
FLATHEAD 4 2022  F_Median 0.0614374
FLATHEAD 4 2022  F_Mean 0.0614374
FLATHEAD 4 2023 F0 0 
FLATHEAD 4 2023 Fabc 0.284074
FLATHEAD 4 2023 Fofl 0.355733
FLATHEAD 4 2023  F_LCI 0.0614374
FLATHEAD 4 2023  F_UCI 0.0614374
FLATHEAD 4 2023  F_Median 0.0614374
FLATHEAD 4 2023  F_Mean 0.0614374
FLATHEAD 4 2024 F0 0 
FLATHEAD 4 2024 Fabc 0.284074
FLATHEAD 4 2024 Fofl 0.355733
FLATHEAD 4 2024  F_LCI 0.0614374
FLATHEAD 4 2024  F_UCI 0.0614374
FLATHEAD 4 2024  F_Median 0.0614374
FLATHEAD 4 2024  F_Mean 0.0614374
FLATHEAD 4 2025 F0 0 
FLATHEAD 4 2025 Fabc 0.284074
FLATHEAD 4 2025 Fofl 0.355733
FLATHEAD 4 2025  F_LCI 0.0614374
FLATHEAD 4 2025  F_UCI 0.0614374
FLATHEAD 4 2025  F_Median 0.0614374
FLATHEAD 4 2025  F_Mean 0.0614374
FLATHEAD 4 2026 F0 0 
FLATHEAD 4 2026 Fabc 0.284074
FLATHEAD 4 2026 Fofl 0.355733
FLATHEAD 4 2026  F_LCI 0.0614374
FLATHEAD 4 2026  F_UCI 0.0614374
FLATHEAD 4 2026  F_Median 0.0614374
FLATHEAD 4 2026  F_Mean 0.0614374
FLATHEAD 4 2027 F0 0 
FLATHEAD 4 2027 Fabc 0.284074
FLATHEAD 4 2027 Fofl 0.355733
FLATHEAD 4 2027  F_LCI 0.0614374
FLATHEAD 4 2027  F_UCI 0.0614374
FLATHEAD 4 2027  F_Median 0.0614374
FLATHEAD 4 2027  F_Mean 0.0614374
FLATHEAD 4 2028 F0 0 
FLATHEAD 4 2028 Fabc 0.284074
FLATHEAD 4 2028 Fofl 0.355733
FLATHEAD 4 2028  F_LCI 0.0614374
FLATHEAD 4 2028  F_UCI 0.0614374
FLATHEAD 4 2028  F_Median 0.0614374
FLATHEAD 4 2028  F_Mean 0.0614374
FLATHEAD 4 2029 F0 0 
FLATHEAD 4 2029 Fabc 0.284074
FLATHEAD 4 2029 Fofl 0.355733
FLATHEAD 4 2029  F_LCI 0.0614374
FLATHEAD 4 2029  F_UCI 0.0614374
FLATHEAD 4 2029  F_Median 0.0614374
FLATHEAD 4 2029  F_Mean 0.0614374
FLATHEAD 4 2030 F0 0 
FLATHEAD 4 2030 Fabc 0.284074
FLATHEAD 4 2030 Fofl 0.355733
FLATHEAD 4 2030  F_LCI 0.0614374
FLATHEAD 4 2030  F_UCI 0.0614374
FLATHEAD 4 2030  F_Median 0.0614374
FLATHEAD 4 2030  F_Mean 0.0614374
FLATHEAD 5 2017 Cabc 16.2275
FLATHEAD 5 2017 Cofl 17.6194
FLATHEAD 5 2017 CLCI 2.051
FLATHEAD 5 2017 CUCI 2.051
FLATHEAD 5 2017 CMedian 2.051
FLATHEAD 5 2017 CMean 2.051
FLATHEAD 5 2017 CStdn 1.86517e-14
FLATHEAD 5 2018 Cabc 16.2275
FLATHEAD 5 2018 Cofl 17.6194
FLATHEAD 5 2018 CLCI 2.202
FLATHEAD 5 2018 CUCI 2.202
FLATHEAD 5 2018 CMedian 2.202
FLATHEAD 5 2018 CMean 2.202
FLATHEAD 5 2018 CStdn 7.12362e-11
FLATHEAD 5 2019 Cabc 16.2275
FLATHEAD 5 2019 Cofl 17.6194
FLATHEAD 5 2019 CLCI 2.647
FLATHEAD 5 2019 CUCI 2.647
FLATHEAD 5 2019 CMedian 2.647
FLATHEAD 5 2019 CMean 2.647
FLATHEAD 5 2019 CStdn 2.29711e-10
FLATHEAD 5 2020 Cabc 16.2275
FLATHEAD 5 2020 Cofl 17.6194
FLATHEAD 5 2020 CLCI 2.246
FLATHEAD 5 2020 CUCI 2.246
FLATHEAD 5 2020 CMedian 2.246
FLATHEAD 5 2020 CMean 2.246
FLATHEAD 5 2020 CStdn 1.79936e-09
FLATHEAD 5 2021 Cabc 16.2275
FLATHEAD 5 2021 Cofl 17.6194
FLATHEAD 5 2021 CLCI 2.246
FLATHEAD 5 2021 CUCI 2.246
FLATHEAD 5 2021 CMedian 2.246
FLATHEAD 5 2021 CMean 2.246
FLATHEAD 5 2021 CStdn 5.63424e-09
FLATHEAD 5 2022 Cabc 16.2275
FLATHEAD 5 2022 Cofl 17.6194
FLATHEAD 5 2022 CLCI 0
FLATHEAD 5 2022 CUCI 0
FLATHEAD 5 2022 CMedian 0
FLATHEAD 5 2022 CMean 0
FLATHEAD 5 2022 CStdn 0
FLATHEAD 5 2023 Cabc 16.2275
FLATHEAD 5 2023 Cofl 17.6194
FLATHEAD 5 2023 CLCI 0
FLATHEAD 5 2023 CUCI 0
FLATHEAD 5 2023 CMedian 0
FLATHEAD 5 2023 CMean 0
FLATHEAD 5 2023 CStdn 0
FLATHEAD 5 2024 Cabc 16.2275
FLATHEAD 5 2024 Cofl 17.6194
FLATHEAD 5 2024 CLCI 0
FLATHEAD 5 2024 CUCI 0
FLATHEAD 5 2024 CMedian 0
FLATHEAD 5 2024 CMean 0
FLATHEAD 5 2024 CStdn 0
FLATHEAD 5 2025 Cabc 16.2275
FLATHEAD 5 2025 Cofl 17.6194
FLATHEAD 5 2025 CLCI 0
FLATHEAD 5 2025 CUCI 0
FLATHEAD 5 2025 CMedian 0
FLATHEAD 5 2025 CMean 0
FLATHEAD 5 2025 CStdn 0
FLATHEAD 5 2026 Cabc 16.2275
FLATHEAD 5 2026 Cofl 17.6194
FLATHEAD 5 2026 CLCI 0
FLATHEAD 5 2026 CUCI 0
FLATHEAD 5 2026 CMedian 0
FLATHEAD 5 2026 CMean 0
FLATHEAD 5 2026 CStdn 0
FLATHEAD 5 2027 Cabc 16.2275
FLATHEAD 5 2027 Cofl 17.6194
FLATHEAD 5 2027 CLCI 0
FLATHEAD 5 2027 CUCI 0
FLATHEAD 5 2027 CMedian 0
FLATHEAD 5 2027 CMean 0
FLATHEAD 5 2027 CStdn 0
FLATHEAD 5 2028 Cabc 16.2275
FLATHEAD 5 2028 Cofl 17.6194
FLATHEAD 5 2028 CLCI 0
FLATHEAD 5 2028 CUCI 0
FLATHEAD 5 2028 CMedian 0
FLATHEAD 5 2028 CMean 0
FLATHEAD 5 2028 CStdn 0
FLATHEAD 5 2029 Cabc 16.2275
FLATHEAD 5 2029 Cofl 17.6194
FLATHEAD 5 2029 CLCI 0
FLATHEAD 5 2029 CUCI 0
FLATHEAD 5 2029 CMedian 0
FLATHEAD 5 2029 CMean 0
FLATHEAD 5 2029 CStdn 0
FLATHEAD 5 2030 Cabc 16.2275
FLATHEAD 5 2030 Cofl 17.6194
FLATHEAD 5 2030 CLCI 0
FLATHEAD 5 2030 CUCI 0
FLATHEAD 5 2030 CMedian 0
FLATHEAD 5 2030 CMean 0
FLATHEAD 5 2030 CStdn 0
FLATHEAD 5 2017 SSBF100 91.5511
FLATHEAD 5 2017 SSBFabc 36.6204
FLATHEAD 5 2017 SSBFofl 32.0429
FLATHEAD 5 2017 SSBLCI 83.2979
FLATHEAD 5 2017 SSBUCI 83.2979
FLATHEAD 5 2017 SSBMedian 83.2979
FLATHEAD 5 2017 SSBMean 83.2979
FLATHEAD 5 2018 SSBF100 91.5511
FLATHEAD 5 2018 SSBFabc 36.6204
FLATHEAD 5 2018 SSBFofl 32.0429
FLATHEAD 5 2018 SSBLCI 85.7498
FLATHEAD 5 2018 SSBUCI 85.7768
FLATHEAD 5 2018 SSBMedian 85.7606
FLATHEAD 5 2018 SSBMean 85.7617
FLATHEAD 5 2019 SSBF100 91.5511
FLATHEAD 5 2019 SSBFabc 36.6204
FLATHEAD 5 2019 SSBFofl 32.0429
FLATHEAD 5 2019 SSBLCI 89.0857
FLATHEAD 5 2019 SSBUCI 89.2074
FLATHEAD 5 2019 SSBMedian 89.1358
FLATHEAD 5 2019 SSBMean 89.1401
FLATHEAD 5 2020 SSBF100 91.5511
FLATHEAD 5 2020 SSBFabc 36.6204
FLATHEAD 5 2020 SSBFofl 32.0429
FLATHEAD 5 2020 SSBLCI 92.2903
FLATHEAD 5 2020 SSBUCI 92.683
FLATHEAD 5 2020 SSBMedian 92.4566
FLATHEAD 5 2020 SSBMean 92.4669
FLATHEAD 5 2021 SSBF100 91.5511
FLATHEAD 5 2021 SSBFabc 36.6204
FLATHEAD 5 2021 SSBFofl 32.0429
FLATHEAD 5 2021 SSBLCI 94.7604
FLATHEAD 5 2021 SSBUCI 95.7695
FLATHEAD 5 2021 SSBMedian 95.1924
FLATHEAD 5 2021 SSBMean 95.2158
FLATHEAD 5 2022 SSBF100 91.5511
FLATHEAD 5 2022 SSBFabc 36.6204
FLATHEAD 5 2022 SSBFofl 32.0429
FLATHEAD 5 2022 SSBLCI 95.7069
FLATHEAD 5 2022 SSBUCI 97.9516
FLATHEAD 5 2022 SSBMedian 96.6816
FLATHEAD 5 2022 SSBMean 96.7311
FLATHEAD 5 2023 SSBF100 91.5511
FLATHEAD 5 2023 SSBFabc 36.6204
FLATHEAD 5 2023 SSBFofl 32.0429
FLATHEAD 5 2023 SSBLCI 96.1989
FLATHEAD 5 2023 SSBUCI 100.401
FLATHEAD 5 2023 SSBMedian 98.0634
FLATHEAD 5 2023 SSBMean 98.1568
FLATHEAD 5 2024 SSBF100 91.5511
FLATHEAD 5 2024 SSBFabc 36.6204
FLATHEAD 5 2024 SSBFofl 32.0429
FLATHEAD 5 2024 SSBLCI 95.4776
FLATHEAD 5 2024 SSBUCI 102.172
FLATHEAD 5 2024 SSBMedian 98.4717
FLATHEAD 5 2024 SSBMean 98.6312
FLATHEAD 5 2025 SSBF100 91.5511
FLATHEAD 5 2025 SSBFabc 36.6204
FLATHEAD 5 2025 SSBFofl 32.0429
FLATHEAD 5 2025 SSBLCI 94.0316
FLATHEAD 5 2025 SSBUCI 103.468
FLATHEAD 5 2025 SSBMedian 98.3426
FLATHEAD 5 2025 SSBMean 98.4799
FLATHEAD 5 2026 SSBF100 91.5511
FLATHEAD 5 2026 SSBFabc 36.6204
FLATHEAD 5 2026 SSBFofl 32.0429
FLATHEAD 5 2026 SSBLCI 92.324
FLATHEAD 5 2026 SSBUCI 104.18
FLATHEAD 5 2026 SSBMedian 97.7981
FLATHEAD 5 2026 SSBMean 97.9828
FLATHEAD 5 2027 SSBF100 91.5511
FLATHEAD 5 2027 SSBFabc 36.6204
FLATHEAD 5 2027 SSBFofl 32.0429
FLATHEAD 5 2027 SSBLCI 90.8067
FLATHEAD 5 2027 SSBUCI 104.527
FLATHEAD 5 2027 SSBMedian 97.0683
FLATHEAD 5 2027 SSBMean 97.3288
FLATHEAD 5 2028 SSBF100 91.5511
FLATHEAD 5 2028 SSBFabc 36.6204
FLATHEAD 5 2028 SSBFofl 32.0429
FLATHEAD 5 2028 SSBLCI 89.4327
FLATHEAD 5 2028 SSBUCI 104.571
FLATHEAD 5 2028 SSBMedian 96.4254
FLATHEAD 5 2028 SSBMean 96.631
FLATHEAD 5 2029 SSBF100 91.5511
FLATHEAD 5 2029 SSBFabc 36.6204
FLATHEAD 5 2029 SSBFofl 32.0429
FLATHEAD 5 2029 SSBLCI 88.4171
FLATHEAD 5 2029 SSBUCI 104.311
FLATHEAD 5 2029 SSBMedian 95.563
FLATHEAD 5 2029 SSBMean 95.9511
FLATHEAD 5 2030 SSBF100 91.5511
FLATHEAD 5 2030 SSBFabc 36.6204
FLATHEAD 5 2030 SSBFofl 32.0429
FLATHEAD 5 2030 SSBLCI 87.497
FLATHEAD 5 2030 SSBUCI 104.044
FLATHEAD 5 2030 SSBMedian 95.0125
FLATHEAD 5 2030 SSBMean 95.3281
FLATHEAD 5 2017 F0 0 
FLATHEAD 5 2017 Fabc 0.284074
FLATHEAD 5 2017 Fofl 0.355733
FLATHEAD 5 2017  F_LCI 0.0153677
FLATHEAD 5 2017  F_UCI 0.0153677
FLATHEAD 5 2017  F_Median 0.0153677
FLATHEAD 5 2017  F_Mean 0.0153677
FLATHEAD 5 2018 F0 0 
FLATHEAD 5 2018 Fabc 0.284074
FLATHEAD 5 2018 Fofl 0.355733
FLATHEAD 5 2018  F_LCI 0.0160094
FLATHEAD 5 2018  F_UCI 0.0160139
FLATHEAD 5 2018  F_Median 0.0160121
FLATHEAD 5 2018  F_Mean 0.016012
FLATHEAD 5 2019 F0 0 
FLATHEAD 5 2019 Fabc 0.284074
FLATHEAD 5 2019 Fofl 0.355733
FLATHEAD 5 2019  F_LCI 0.018482
FLATHEAD 5 2019  F_UCI 0.0185074
FLATHEAD 5 2019  F_Median 0.0184969
FLATHEAD 5 2019  F_Mean 0.0184961
FLATHEAD 5 2020 F0 0 
FLATHEAD 5 2020 Fabc 0.284074
FLATHEAD 5 2020 Fofl 0.355733
FLATHEAD 5 2020  F_LCI 0.0150223
FLATHEAD 5 2020  F_UCI 0.0150932
FLATHEAD 5 2020  F_Median 0.0150632
FLATHEAD 5 2020  F_Mean 0.0150614
FLATHEAD 5 2021 F0 0 
FLATHEAD 5 2021 Fabc 0.284074
FLATHEAD 5 2021 Fofl 0.355733
FLATHEAD 5 2021  F_LCI 0.0144927
FLATHEAD 5 2021  F_UCI 0.0146709
FLATHEAD 5 2021  F_Median 0.0145948
FLATHEAD 5 2021  F_Mean 0.0145906
FLATHEAD 5 2022 F0 0 
FLATHEAD 5 2022 Fabc 0.284074
FLATHEAD 5 2022 Fofl 0.355733
FLATHEAD 5 2022  F_LCI 0
FLATHEAD 5 2022  F_UCI 0
FLATHEAD 5 2022  F_Median 0
FLATHEAD 5 2022  F_Mean 0
FLATHEAD 5 2023 F0 0 
FLATHEAD 5 2023 Fabc 0.284074
FLATHEAD 5 2023 Fofl 0.355733
FLATHEAD 5 2023  F_LCI 0
FLATHEAD 5 2023  F_UCI 0
FLATHEAD 5 2023  F_Median 0
FLATHEAD 5 2023  F_Mean 0
FLATHEAD 5 2024 F0 0 
FLATHEAD 5 2024 Fabc 0.284074
FLATHEAD 5 2024 Fofl 0.355733
FLATHEAD 5 2024  F_LCI 0
FLATHEAD 5 2024  F_UCI 0
FLATHEAD 5 2024  F_Median 0
FLATHEAD 5 2024  F_Mean 0
FLATHEAD 5 2025 F0 0 
FLATHEAD 5 2025 Fabc 0.284074
FLATHEAD 5 2025 Fofl 0.355733
FLATHEAD 5 2025  F_LCI 0
FLATHEAD 5 2025  F_UCI 0
FLATHEAD 5 2025  F_Median 0
FLATHEAD 5 2025  F_Mean 0
FLATHEAD 5 2026 F0 0 
FLATHEAD 5 2026 Fabc 0.284074
FLATHEAD 5 2026 Fofl 0.355733
FLATHEAD 5 2026  F_LCI 0
FLATHEAD 5 2026  F_UCI 0
FLATHEAD 5 2026  F_Median 0
FLATHEAD 5 2026  F_Mean 0
FLATHEAD 5 2027 F0 0 
FLATHEAD 5 2027 Fabc 0.284074
FLATHEAD 5 2027 Fofl 0.355733
FLATHEAD 5 2027  F_LCI 0
FLATHEAD 5 2027  F_UCI 0
FLATHEAD 5 2027  F_Median 0
FLATHEAD 5 2027  F_Mean 0
FLATHEAD 5 2028 F0 0 
FLATHEAD 5 2028 Fabc 0.284074
FLATHEAD 5 2028 Fofl 0.355733
FLATHEAD 5 2028  F_LCI 0
FLATHEAD 5 2028  F_UCI 0
FLATHEAD 5 2028  F_Median 0
FLATHEAD 5 2028  F_Mean 0
FLATHEAD 5 2029 F0 0 
FLATHEAD 5 2029 Fabc 0.284074
FLATHEAD 5 2029 Fofl 0.355733
FLATHEAD 5 2029  F_LCI 0
FLATHEAD 5 2029  F_UCI 0
FLATHEAD 5 2029  F_Median 0
FLATHEAD 5 2029  F_Mean 0
FLATHEAD 5 2030 F0 0 
FLATHEAD 5 2030 Fabc 0.284074
FLATHEAD 5 2030 Fofl 0.355733
FLATHEAD 5 2030  F_LCI 0
FLATHEAD 5 2030  F_UCI 0
FLATHEAD 5 2030  F_Median 0
FLATHEAD 5 2030  F_Mean 0
FLATHEAD 6 2017 Cabc 16.2275
FLATHEAD 6 2017 Cofl 17.6194
FLATHEAD 6 2017 CLCI 2.051
FLATHEAD 6 2017 CUCI 2.051
FLATHEAD 6 2017 CMedian 2.051
FLATHEAD 6 2017 CMean 2.051
FLATHEAD 6 2017 CStdn 1.86517e-14
FLATHEAD 6 2018 Cabc 16.2275
FLATHEAD 6 2018 Cofl 17.6194
FLATHEAD 6 2018 CLCI 43.0036
FLATHEAD 6 2018 CUCI 43.017
FLATHEAD 6 2018 CMedian 43.009
FLATHEAD 6 2018 CMean 43.0095
FLATHEAD 6 2018 CStdn 0.00419451
FLATHEAD 6 2019 Cabc 16.2275
FLATHEAD 6 2019 Cofl 17.6194
FLATHEAD 6 2019 CLCI 35.4476
FLATHEAD 6 2019 CUCI 35.5163
FLATHEAD 6 2019 CMedian 35.476
FLATHEAD 6 2019 CMean 35.4783
FLATHEAD 6 2019 CStdn 0.0214873
FLATHEAD 6 2020 Cabc 16.2275
FLATHEAD 6 2020 Cofl 17.6194
FLATHEAD 6 2020 CLCI 30.4445
FLATHEAD 6 2020 CUCI 30.6872
FLATHEAD 6 2020 CMedian 30.5471
FLATHEAD 6 2020 CMean 30.5538
FLATHEAD 6 2020 CStdn 0.0752945
FLATHEAD 6 2021 Cabc 16.2275
FLATHEAD 6 2021 Cofl 17.6194
FLATHEAD 6 2021 CLCI 26.5814
FLATHEAD 6 2021 CUCI 27.2174
FLATHEAD 6 2021 CMedian 26.8542
FLATHEAD 6 2021 CMean 26.8691
FLATHEAD 6 2021 CStdn 0.200576
FLATHEAD 6 2022 Cabc 16.2275
FLATHEAD 6 2022 Cofl 17.6194
FLATHEAD 6 2022 CLCI 23.2505
FLATHEAD 6 2022 CUCI 24.5993
FLATHEAD 6 2022 CMedian 23.8382
FLATHEAD 6 2022 CMean 23.8681
FLATHEAD 6 2022 CStdn 0.424065
FLATHEAD 6 2023 Cabc 16.2275
FLATHEAD 6 2023 Cofl 17.6194
FLATHEAD 6 2023 CLCI 20.4318
FLATHEAD 6 2023 CUCI 22.6767
FLATHEAD 6 2023 CMedian 21.4385
FLATHEAD 6 2023 CMean 21.4848
FLATHEAD 6 2023 CStdn 0.728205
FLATHEAD 6 2024 Cabc 16.2275
FLATHEAD 6 2024 Cofl 17.6194
FLATHEAD 6 2024 CLCI 18.2237
FLATHEAD 6 2024 CUCI 21.4228
FLATHEAD 6 2024 CMedian 19.6707
FLATHEAD 6 2024 CMean 19.7104
FLATHEAD 6 2024 CStdn 1.06028
FLATHEAD 6 2025 Cabc 16.2275
FLATHEAD 6 2025 Cofl 17.6194
FLATHEAD 6 2025 CLCI 15.2117
FLATHEAD 6 2025 CUCI 20.564
FLATHEAD 6 2025 CMedian 18.416
FLATHEAD 6 2025 CMean 18.1307
FLATHEAD 6 2025 CStdn 1.69499
FLATHEAD 6 2026 Cabc 16.2275
FLATHEAD 6 2026 Cofl 17.6194
FLATHEAD 6 2026 CLCI 13.8921
FLATHEAD 6 2026 CUCI 19.9651
FLATHEAD 6 2026 CMedian 16.8792
FLATHEAD 6 2026 CMean 16.9681
FLATHEAD 6 2026 CStdn 1.95803
FLATHEAD 6 2027 Cabc 16.2275
FLATHEAD 6 2027 Cofl 17.6194
FLATHEAD 6 2027 CLCI 13.3435
FLATHEAD 6 2027 CUCI 19.6024
FLATHEAD 6 2027 CMedian 16.1755
FLATHEAD 6 2027 CMean 16.3434
FLATHEAD 6 2027 CStdn 1.94582
FLATHEAD 6 2028 Cabc 16.2275
FLATHEAD 6 2028 Cofl 17.6194
FLATHEAD 6 2028 CLCI 13.1623
FLATHEAD 6 2028 CUCI 19.2737
FLATHEAD 6 2028 CMedian 15.9231
FLATHEAD 6 2028 CMean 16.0562
FLATHEAD 6 2028 CStdn 1.86679
FLATHEAD 6 2029 Cabc 16.2275
FLATHEAD 6 2029 Cofl 17.6194
FLATHEAD 6 2029 CLCI 13.1722
FLATHEAD 6 2029 CUCI 19.1097
FLATHEAD 6 2029 CMedian 15.7486
FLATHEAD 6 2029 CMean 15.9485
FLATHEAD 6 2029 CStdn 1.81472
FLATHEAD 6 2030 Cabc 16.2275
FLATHEAD 6 2030 Cofl 17.6194
FLATHEAD 6 2030 CLCI 13.2052
FLATHEAD 6 2030 CUCI 19.0873
FLATHEAD 6 2030 CMedian 15.771
FLATHEAD 6 2030 CMean 15.9279
FLATHEAD 6 2030 CStdn 1.80006
FLATHEAD 6 2017 SSBF100 91.5511
FLATHEAD 6 2017 SSBFabc 36.6204
FLATHEAD 6 2017 SSBFofl 32.0429
FLATHEAD 6 2017 SSBLCI 83.2979
FLATHEAD 6 2017 SSBUCI 83.2979
FLATHEAD 6 2017 SSBMedian 83.2979
FLATHEAD 6 2017 SSBMean 83.2979
FLATHEAD 6 2018 SSBF100 91.5511
FLATHEAD 6 2018 SSBFabc 36.6204
FLATHEAD 6 2018 SSBFofl 32.0429
FLATHEAD 6 2018 SSBLCI 85.7498
FLATHEAD 6 2018 SSBUCI 85.7768
FLATHEAD 6 2018 SSBMedian 85.7606
FLATHEAD 6 2018 SSBMean 85.7617
FLATHEAD 6 2019 SSBF100 91.5511
FLATHEAD 6 2019 SSBFabc 36.6204
FLATHEAD 6 2019 SSBFofl 32.0429
FLATHEAD 6 2019 SSBLCI 70.3631
FLATHEAD 6 2019 SSBUCI 70.4845
FLATHEAD 6 2019 SSBMedian 70.4131
FLATHEAD 6 2019 SSBMean 70.4174
FLATHEAD 6 2020 SSBF100 91.5511
FLATHEAD 6 2020 SSBFabc 36.6204
FLATHEAD 6 2020 SSBFofl 32.0429
FLATHEAD 6 2020 SSBLCI 60.4113
FLATHEAD 6 2020 SSBUCI 60.7998
FLATHEAD 6 2020 SSBMedian 60.5756
FLATHEAD 6 2020 SSBMean 60.5859
FLATHEAD 6 2021 SSBF100 91.5511
FLATHEAD 6 2021 SSBFabc 36.6204
FLATHEAD 6 2021 SSBFofl 32.0429
FLATHEAD 6 2021 SSBLCI 52.9479
FLATHEAD 6 2021 SSBUCI 53.9362
FLATHEAD 6 2021 SSBMedian 53.3727
FLATHEAD 6 2021 SSBMean 53.3948
FLATHEAD 6 2022 SSBF100 91.5511
FLATHEAD 6 2022 SSBFabc 36.6204
FLATHEAD 6 2022 SSBFofl 32.0429
FLATHEAD 6 2022 SSBLCI 46.6065
FLATHEAD 6 2022 SSBUCI 48.7565
FLATHEAD 6 2022 SSBMedian 47.5402
FLATHEAD 6 2022 SSBMean 47.5869
FLATHEAD 6 2023 SSBF100 91.5511
FLATHEAD 6 2023 SSBFabc 36.6204
FLATHEAD 6 2023 SSBFofl 32.0429
FLATHEAD 6 2023 SSBLCI 41.1117
FLATHEAD 6 2023 SSBUCI 44.9483
FLATHEAD 6 2023 SSBMedian 42.8359
FLATHEAD 6 2023 SSBMean 42.9163
FLATHEAD 6 2024 SSBF100 91.5511
FLATHEAD 6 2024 SSBFabc 36.6204
FLATHEAD 6 2024 SSBFofl 32.0429
FLATHEAD 6 2024 SSBLCI 36.6573
FLATHEAD 6 2024 SSBUCI 42.4077
FLATHEAD 6 2024 SSBMedian 39.2473
FLATHEAD 6 2024 SSBMean 39.3575
FLATHEAD 6 2025 SSBF100 91.5511
FLATHEAD 6 2025 SSBFabc 36.6204
FLATHEAD 6 2025 SSBFofl 32.0429
FLATHEAD 6 2025 SSBLCI 33.3088
FLATHEAD 6 2025 SSBUCI 40.6582
FLATHEAD 6 2025 SSBMedian 36.6675
FLATHEAD 6 2025 SSBMean 36.8053
FLATHEAD 6 2026 SSBF100 91.5511
FLATHEAD 6 2026 SSBFabc 36.6204
FLATHEAD 6 2026 SSBFofl 32.0429
FLATHEAD 6 2026 SSBLCI 31.7403
FLATHEAD 6 2026 SSBUCI 39.4266
FLATHEAD 6 2026 SSBMedian 34.9652
FLATHEAD 6 2026 SSBMean 35.2242
FLATHEAD 6 2027 SSBF100 91.5511
FLATHEAD 6 2027 SSBFabc 36.6204
FLATHEAD 6 2027 SSBFofl 32.0429
FLATHEAD 6 2027 SSBLCI 31.0127
FLATHEAD 6 2027 SSBUCI 38.5361
FLATHEAD 6 2027 SSBMedian 34.1268
FLATHEAD 6 2027 SSBMean 34.3868
FLATHEAD 6 2028 SSBF100 91.5511
FLATHEAD 6 2028 SSBFabc 36.6204
FLATHEAD 6 2028 SSBFofl 32.0429
FLATHEAD 6 2028 SSBLCI 30.7921
FLATHEAD 6 2028 SSBUCI 37.8918
FLATHEAD 6 2028 SSBMedian 33.8128
FLATHEAD 6 2028 SSBMean 33.9885
FLATHEAD 6 2029 SSBF100 91.5511
FLATHEAD 6 2029 SSBFabc 36.6204
FLATHEAD 6 2029 SSBFofl 32.0429
FLATHEAD 6 2029 SSBLCI 30.6916
FLATHEAD 6 2029 SSBUCI 37.5115
FLATHEAD 6 2029 SSBMedian 33.6447
FLATHEAD 6 2029 SSBMean 33.8224
FLATHEAD 6 2030 SSBF100 91.5511
FLATHEAD 6 2030 SSBFabc 36.6204
FLATHEAD 6 2030 SSBFofl 32.0429
FLATHEAD 6 2030 SSBLCI 30.7461
FLATHEAD 6 2030 SSBUCI 37.3573
FLATHEAD 6 2030 SSBMedian 33.5717
FLATHEAD 6 2030 SSBMean 33.7741
FLATHEAD 6 2017 F0 0 
FLATHEAD 6 2017 Fabc 0.284074
FLATHEAD 6 2017 Fofl 0.355733
FLATHEAD 6 2017  F_LCI 0.0153677
FLATHEAD 6 2017  F_UCI 0.0153677
FLATHEAD 6 2017  F_Median 0.0153677
FLATHEAD 6 2017  F_Mean 0.0153677
FLATHEAD 6 2018 F0 0 
FLATHEAD 6 2018 Fabc 0.284074
FLATHEAD 6 2018 Fofl 0.355733
FLATHEAD 6 2018  F_LCI 0.355733
FLATHEAD 6 2018  F_UCI 0.355733
FLATHEAD 6 2018  F_Median 0.355733
FLATHEAD 6 2018  F_Mean 0.355733
FLATHEAD 6 2019 F0 0 
FLATHEAD 6 2019 Fabc 0.284074
FLATHEAD 6 2019 Fofl 0.355733
FLATHEAD 6 2019  F_LCI 0.355733
FLATHEAD 6 2019  F_UCI 0.355733
FLATHEAD 6 2019  F_Median 0.355733
FLATHEAD 6 2019  F_Mean 0.355733
FLATHEAD 6 2020 F0 0 
FLATHEAD 6 2020 Fabc 0.284074
FLATHEAD 6 2020 Fofl 0.355733
FLATHEAD 6 2020  F_LCI 0.355733
FLATHEAD 6 2020  F_UCI 0.355733
FLATHEAD 6 2020  F_Median 0.355733
FLATHEAD 6 2020  F_Mean 0.355733
FLATHEAD 6 2021 F0 0 
FLATHEAD 6 2021 Fabc 0.284074
FLATHEAD 6 2021 Fofl 0.355733
FLATHEAD 6 2021  F_LCI 0.355733
FLATHEAD 6 2021  F_UCI 0.355733
FLATHEAD 6 2021  F_Median 0.355733
FLATHEAD 6 2021  F_Mean 0.355733
FLATHEAD 6 2022 F0 0 
FLATHEAD 6 2022 Fabc 0.284074
FLATHEAD 6 2022 Fofl 0.355733
FLATHEAD 6 2022  F_LCI 0.355733
FLATHEAD 6 2022  F_UCI 0.355733
FLATHEAD 6 2022  F_Median 0.355733
FLATHEAD 6 2022  F_Mean 0.355733
FLATHEAD 6 2023 F0 0 
FLATHEAD 6 2023 Fabc 0.284074
FLATHEAD 6 2023 Fofl 0.355733
FLATHEAD 6 2023  F_LCI 0.355733
FLATHEAD 6 2023  F_UCI 0.355733
FLATHEAD 6 2023  F_Median 0.355733
FLATHEAD 6 2023  F_Mean 0.355733
FLATHEAD 6 2024 F0 0 
FLATHEAD 6 2024 Fabc 0.284074
FLATHEAD 6 2024 Fofl 0.355733
FLATHEAD 6 2024  F_LCI 0.355733
FLATHEAD 6 2024  F_UCI 0.355733
FLATHEAD 6 2024  F_Median 0.355733
FLATHEAD 6 2024  F_Mean 0.355481
FLATHEAD 6 2025 F0 0 
FLATHEAD 6 2025 Fabc 0.284074
FLATHEAD 6 2025 Fofl 0.355733
FLATHEAD 6 2025  F_LCI 0.32187
FLATHEAD 6 2025  F_UCI 0.355733
FLATHEAD 6 2025  F_Median 0.355733
FLATHEAD 6 2025  F_Mean 0.347124
FLATHEAD 6 2026 F0 0 
FLATHEAD 6 2026 Fabc 0.284074
FLATHEAD 6 2026 Fofl 0.355733
FLATHEAD 6 2026  F_LCI 0.305832
FLATHEAD 6 2026  F_UCI 0.355733
FLATHEAD 6 2026  F_Median 0.338808
FLATHEAD 6 2026  F_Mean 0.336716
FLATHEAD 6 2027 F0 0 
FLATHEAD 6 2027 Fabc 0.284074
FLATHEAD 6 2027 Fofl 0.355733
FLATHEAD 6 2027  F_LCI 0.298393
FLATHEAD 6 2027  F_UCI 0.355733
FLATHEAD 6 2027  F_Median 0.330235
FLATHEAD 6 2027  F_Mean 0.33038
FLATHEAD 6 2028 F0 0 
FLATHEAD 6 2028 Fabc 0.284074
FLATHEAD 6 2028 Fofl 0.355733
FLATHEAD 6 2028  F_LCI 0.296137
FLATHEAD 6 2028  F_UCI 0.355733
FLATHEAD 6 2028  F_Median 0.327024
FLATHEAD 6 2028  F_Mean 0.327214
FLATHEAD 6 2029 F0 0 
FLATHEAD 6 2029 Fabc 0.284074
FLATHEAD 6 2029 Fofl 0.355733
FLATHEAD 6 2029  F_LCI 0.295109
FLATHEAD 6 2029  F_UCI 0.355733
FLATHEAD 6 2029  F_Median 0.325305
FLATHEAD 6 2029  F_Mean 0.325879
FLATHEAD 6 2030 F0 0 
FLATHEAD 6 2030 Fabc 0.284074
FLATHEAD 6 2030 Fofl 0.355733
FLATHEAD 6 2030  F_LCI 0.295666
FLATHEAD 6 2030  F_UCI 0.355733
FLATHEAD 6 2030  F_Median 0.324559
FLATHEAD 6 2030  F_Mean 0.32546
FLATHEAD 7 2017 Cabc 16.2275
FLATHEAD 7 2017 Cofl 17.6194
FLATHEAD 7 2017 CLCI 2.051
FLATHEAD 7 2017 CUCI 2.051
FLATHEAD 7 2017 CMedian 2.051
FLATHEAD 7 2017 CMean 2.051
FLATHEAD 7 2017 CStdn 1.86517e-14
FLATHEAD 7 2018 Cabc 16.2275
FLATHEAD 7 2018 Cofl 17.6194
FLATHEAD 7 2018 CLCI 35.2604
FLATHEAD 7 2018 CUCI 35.2711
FLATHEAD 7 2018 CMedian 35.2647
FLATHEAD 7 2018 CMean 35.2651
FLATHEAD 7 2018 CStdn 0.00335022
FLATHEAD 7 2019 Cabc 16.2275
FLATHEAD 7 2019 Cofl 17.6194
FLATHEAD 7 2019 CLCI 30.4749
FLATHEAD 7 2019 CUCI 30.5298
FLATHEAD 7 2019 CMedian 30.4976
FLATHEAD 7 2019 CMean 30.4995
FLATHEAD 7 2019 CStdn 0.0171755
FLATHEAD 7 2020 Cabc 16.2275
FLATHEAD 7 2020 Cofl 17.6194
FLATHEAD 7 2020 CLCI 33.1448
FLATHEAD 7 2020 CUCI 33.3878
FLATHEAD 7 2020 CMedian 33.2476
FLATHEAD 7 2020 CMean 33.2542
FLATHEAD 7 2020 CStdn 0.075409
FLATHEAD 7 2021 Cabc 16.2275
FLATHEAD 7 2021 Cofl 17.6194
FLATHEAD 7 2021 CLCI 28.4121
FLATHEAD 7 2021 CUCI 29.049
FLATHEAD 7 2021 CMedian 28.6853
FLATHEAD 7 2021 CMean 28.7002
FLATHEAD 7 2021 CStdn 0.200861
FLATHEAD 7 2022 Cabc 16.2275
FLATHEAD 7 2022 Cofl 17.6194
FLATHEAD 7 2022 CLCI 24.4477
FLATHEAD 7 2022 CUCI 25.7984
FLATHEAD 7 2022 CMedian 25.0364
FLATHEAD 7 2022 CMean 25.0661
FLATHEAD 7 2022 CStdn 0.424615
FLATHEAD 7 2023 Cabc 16.2275
FLATHEAD 7 2023 Cofl 17.6194
FLATHEAD 7 2023 CLCI 21.1882
FLATHEAD 7 2023 CUCI 23.4359
FLATHEAD 7 2023 CMedian 22.1963
FLATHEAD 7 2023 CMean 22.2424
FLATHEAD 7 2023 CStdn 0.729025
FLATHEAD 7 2024 Cabc 16.2275
FLATHEAD 7 2024 Cofl 17.6194
FLATHEAD 7 2024 CLCI 18.6901
FLATHEAD 7 2024 CUCI 21.8918
FLATHEAD 7 2024 CMedian 20.1374
FLATHEAD 7 2024 CMean 20.1865
FLATHEAD 7 2024 CStdn 1.0413
FLATHEAD 7 2025 Cabc 16.2275
FLATHEAD 7 2025 Cofl 17.6194
FLATHEAD 7 2025 CLCI 15.7058
FLATHEAD 7 2025 CUCI 20.8447
FLATHEAD 7 2025 CMedian 18.7113
FLATHEAD 7 2025 CMean 18.5217
FLATHEAD 7 2025 CStdn 1.60548
FLATHEAD 7 2026 Cabc 16.2275
FLATHEAD 7 2026 Cofl 17.6194
FLATHEAD 7 2026 CLCI 14.0975
FLATHEAD 7 2026 CUCI 20.1324
FLATHEAD 7 2026 CMedian 17.1719
FLATHEAD 7 2026 CMean 17.1958
FLATHEAD 7 2026 CStdn 1.95234
FLATHEAD 7 2027 Cabc 16.2275
FLATHEAD 7 2027 Cofl 17.6194
FLATHEAD 7 2027 CLCI 13.4163
FLATHEAD 7 2027 CUCI 19.7016
FLATHEAD 7 2027 CMedian 16.2691
FLATHEAD 7 2027 CMean 16.4495
FLATHEAD 7 2027 CStdn 1.96249
FLATHEAD 7 2028 Cabc 16.2275
FLATHEAD 7 2028 Cofl 17.6194
FLATHEAD 7 2028 CLCI 13.1966
FLATHEAD 7 2028 CUCI 19.3316
FLATHEAD 7 2028 CMedian 15.9554
FLATHEAD 7 2028 CMean 16.0963
FLATHEAD 7 2028 CStdn 1.87996
FLATHEAD 7 2029 Cabc 16.2275
FLATHEAD 7 2029 Cofl 17.6194
FLATHEAD 7 2029 CLCI 13.174
FLATHEAD 7 2029 CUCI 19.1355
FLATHEAD 7 2029 CMedian 15.7689
FLATHEAD 7 2029 CMean 15.9582
FLATHEAD 7 2029 CStdn 1.82132
FLATHEAD 7 2030 Cabc 16.2275
FLATHEAD 7 2030 Cofl 17.6194
FLATHEAD 7 2030 CLCI 13.2119
FLATHEAD 7 2030 CUCI 19.0961
FLATHEAD 7 2030 CMedian 15.7616
FLATHEAD 7 2030 CMean 15.9265
FLATHEAD 7 2030 CStdn 1.80292
FLATHEAD 7 2017 SSBF100 91.5511
FLATHEAD 7 2017 SSBFabc 36.6204
FLATHEAD 7 2017 SSBFofl 32.0429
FLATHEAD 7 2017 SSBLCI 83.2979
FLATHEAD 7 2017 SSBUCI 83.2979
FLATHEAD 7 2017 SSBMedian 83.2979
FLATHEAD 7 2017 SSBMean 83.2979
FLATHEAD 7 2018 SSBF100 91.5511
FLATHEAD 7 2018 SSBFabc 36.6204
FLATHEAD 7 2018 SSBFofl 32.0429
FLATHEAD 7 2018 SSBLCI 85.7498
FLATHEAD 7 2018 SSBUCI 85.7768
FLATHEAD 7 2018 SSBMedian 85.7606
FLATHEAD 7 2018 SSBMean 85.7617
FLATHEAD 7 2019 SSBF100 91.5511
FLATHEAD 7 2019 SSBFabc 36.6204
FLATHEAD 7 2019 SSBFofl 32.0429
FLATHEAD 7 2019 SSBLCI 73.8673
FLATHEAD 7 2019 SSBUCI 73.9888
FLATHEAD 7 2019 SSBMedian 73.9174
FLATHEAD 7 2019 SSBMean 73.9216
FLATHEAD 7 2020 SSBF100 91.5511
FLATHEAD 7 2020 SSBFabc 36.6204
FLATHEAD 7 2020 SSBFofl 32.0429
FLATHEAD 7 2020 SSBLCI 65.7681
FLATHEAD 7 2020 SSBUCI 66.157
FLATHEAD 7 2020 SSBMedian 65.9326
FLATHEAD 7 2020 SSBMean 65.9429
FLATHEAD 7 2021 SSBF100 91.5511
FLATHEAD 7 2021 SSBFabc 36.6204
FLATHEAD 7 2021 SSBFofl 32.0429
FLATHEAD 7 2021 SSBLCI 56.5966
FLATHEAD 7 2021 SSBUCI 57.5858
FLATHEAD 7 2021 SSBMedian 57.0216
FLATHEAD 7 2021 SSBMean 57.0438
FLATHEAD 7 2022 SSBF100 91.5511
FLATHEAD 7 2022 SSBFabc 36.6204
FLATHEAD 7 2022 SSBFofl 32.0429
FLATHEAD 7 2022 SSBLCI 49.0201
FLATHEAD 7 2022 SSBUCI 51.1715
FLATHEAD 7 2022 SSBMedian 49.9545
FLATHEAD 7 2022 SSBMean 50.0011
FLATHEAD 7 2023 SSBF100 91.5511
FLATHEAD 7 2023 SSBFabc 36.6204
FLATHEAD 7 2023 SSBFofl 32.0429
FLATHEAD 7 2023 SSBLCI 42.6602
FLATHEAD 7 2023 SSBUCI 46.5003
FLATHEAD 7 2023 SSBMedian 44.3855
FLATHEAD 7 2023 SSBMean 44.4662
FLATHEAD 7 2024 SSBF100 91.5511
FLATHEAD 7 2024 SSBFabc 36.6204
FLATHEAD 7 2024 SSBFofl 32.0429
FLATHEAD 7 2024 SSBLCI 37.6259
FLATHEAD 7 2024 SSBUCI 43.3811
FLATHEAD 7 2024 SSBMedian 40.2164
FLATHEAD 7 2024 SSBMean 40.3273
FLATHEAD 7 2025 SSBF100 91.5511
FLATHEAD 7 2025 SSBFabc 36.6204
FLATHEAD 7 2025 SSBFofl 32.0429
FLATHEAD 7 2025 SSBLCI 33.8887
FLATHEAD 7 2025 SSBUCI 41.2559
FLATHEAD 7 2025 SSBMedian 37.2616
FLATHEAD 7 2025 SSBMean 37.3954
FLATHEAD 7 2026 SSBF100 91.5511
FLATHEAD 7 2026 SSBFabc 36.6204
FLATHEAD 7 2026 SSBFofl 32.0429
FLATHEAD 7 2026 SSBLCI 31.984
FLATHEAD 7 2026 SSBUCI 39.7857
FLATHEAD 7 2026 SSBMedian 35.2834
FLATHEAD 7 2026 SSBMean 35.5323
FLATHEAD 7 2027 SSBF100 91.5511
FLATHEAD 7 2027 SSBFabc 36.6204
FLATHEAD 7 2027 SSBFofl 32.0429
FLATHEAD 7 2027 SSBLCI 31.1049
FLATHEAD 7 2027 SSBUCI 38.749
FLATHEAD 7 2027 SSBMedian 34.2644
FLATHEAD 7 2027 SSBMean 34.5281
FLATHEAD 7 2028 SSBF100 91.5511
FLATHEAD 7 2028 SSBFabc 36.6204
FLATHEAD 7 2028 SSBFofl 32.0429
FLATHEAD 7 2028 SSBLCI 30.8214
FLATHEAD 7 2028 SSBUCI 38.0173
FLATHEAD 7 2028 SSBMedian 33.8426
FLATHEAD 7 2028 SSBMean 34.0442
FLATHEAD 7 2029 SSBF100 91.5511
FLATHEAD 7 2029 SSBFabc 36.6204
FLATHEAD 7 2029 SSBFofl 32.0429
FLATHEAD 7 2029 SSBLCI 30.6893
FLATHEAD 7 2029 SSBUCI 37.5487
FLATHEAD 7 2029 SSBMedian 33.6528
FLATHEAD 7 2029 SSBMean 33.8388
FLATHEAD 7 2030 SSBF100 91.5511
FLATHEAD 7 2030 SSBFabc 36.6204
FLATHEAD 7 2030 SSBFofl 32.0429
FLATHEAD 7 2030 SSBLCI 30.7395
FLATHEAD 7 2030 SSBUCI 37.3903
FLATHEAD 7 2030 SSBMedian 33.5633
FLATHEAD 7 2030 SSBMean 33.7754
FLATHEAD 7 2017 F0 0 
FLATHEAD 7 2017 Fabc 0.284074
FLATHEAD 7 2017 Fofl 0.355733
FLATHEAD 7 2017  F_LCI 0.0153677
FLATHEAD 7 2017  F_UCI 0.0153677
FLATHEAD 7 2017  F_Median 0.0153677
FLATHEAD 7 2017  F_Mean 0.0153677
FLATHEAD 7 2018 F0 0 
FLATHEAD 7 2018 Fabc 0.284074
FLATHEAD 7 2018 Fofl 0.355733
FLATHEAD 7 2018  F_LCI 0.284074
FLATHEAD 7 2018  F_UCI 0.284074
FLATHEAD 7 2018  F_Median 0.284074
FLATHEAD 7 2018  F_Mean 0.284074
FLATHEAD 7 2019 F0 0 
FLATHEAD 7 2019 Fabc 0.284074
FLATHEAD 7 2019 Fofl 0.355733
FLATHEAD 7 2019  F_LCI 0.284074
FLATHEAD 7 2019  F_UCI 0.284074
FLATHEAD 7 2019  F_Median 0.284074
FLATHEAD 7 2019  F_Mean 0.284074
FLATHEAD 7 2020 F0 0 
FLATHEAD 7 2020 Fabc 0.284074
FLATHEAD 7 2020 Fofl 0.355733
FLATHEAD 7 2020  F_LCI 0.355733
FLATHEAD 7 2020  F_UCI 0.355733
FLATHEAD 7 2020  F_Median 0.355733
FLATHEAD 7 2020  F_Mean 0.355733
FLATHEAD 7 2021 F0 0 
FLATHEAD 7 2021 Fabc 0.284074
FLATHEAD 7 2021 Fofl 0.355733
FLATHEAD 7 2021  F_LCI 0.355733
FLATHEAD 7 2021  F_UCI 0.355733
FLATHEAD 7 2021  F_Median 0.355733
FLATHEAD 7 2021  F_Mean 0.355733
FLATHEAD 7 2022 F0 0 
FLATHEAD 7 2022 Fabc 0.284074
FLATHEAD 7 2022 Fofl 0.355733
FLATHEAD 7 2022  F_LCI 0.355733
FLATHEAD 7 2022  F_UCI 0.355733
FLATHEAD 7 2022  F_Median 0.355733
FLATHEAD 7 2022  F_Mean 0.355733
FLATHEAD 7 2023 F0 0 
FLATHEAD 7 2023 Fabc 0.284074
FLATHEAD 7 2023 Fofl 0.355733
FLATHEAD 7 2023  F_LCI 0.355733
FLATHEAD 7 2023  F_UCI 0.355733
FLATHEAD 7 2023  F_Median 0.355733
FLATHEAD 7 2023  F_Mean 0.355733
FLATHEAD 7 2024 F0 0 
FLATHEAD 7 2024 Fabc 0.284074
FLATHEAD 7 2024 Fofl 0.355733
FLATHEAD 7 2024  F_LCI 0.355733
FLATHEAD 7 2024  F_UCI 0.355733
FLATHEAD 7 2024  F_Median 0.355733
FLATHEAD 7 2024  F_Mean 0.355699
FLATHEAD 7 2025 F0 0 
FLATHEAD 7 2025 Fabc 0.284074
FLATHEAD 7 2025 Fofl 0.355733
FLATHEAD 7 2025  F_LCI 0.3278
FLATHEAD 7 2025  F_UCI 0.355733
FLATHEAD 7 2025  F_Median 0.355733
FLATHEAD 7 2025  F_Mean 0.349759
FLATHEAD 7 2026 F0 0 
FLATHEAD 7 2026 Fabc 0.284074
FLATHEAD 7 2026 Fofl 0.355733
FLATHEAD 7 2026  F_LCI 0.308324
FLATHEAD 7 2026  F_UCI 0.355733
FLATHEAD 7 2026  F_Median 0.342061
FLATHEAD 7 2026  F_Mean 0.338784
FLATHEAD 7 2027 F0 0 
FLATHEAD 7 2027 Fabc 0.284074
FLATHEAD 7 2027 Fofl 0.355733
FLATHEAD 7 2027  F_LCI 0.299335
FLATHEAD 7 2027  F_UCI 0.355733
FLATHEAD 7 2027  F_Median 0.331642
FLATHEAD 7 2027  F_Mean 0.331451
FLATHEAD 7 2028 F0 0 
FLATHEAD 7 2028 Fabc 0.284074
FLATHEAD 7 2028 Fofl 0.355733
FLATHEAD 7 2028  F_LCI 0.296437
FLATHEAD 7 2028  F_UCI 0.355733
FLATHEAD 7 2028  F_Median 0.327329
FLATHEAD 7 2028  F_Mean 0.32765
FLATHEAD 7 2029 F0 0 
FLATHEAD 7 2029 Fabc 0.284074
FLATHEAD 7 2029 Fofl 0.355733
FLATHEAD 7 2029  F_LCI 0.295085
FLATHEAD 7 2029  F_UCI 0.355733
FLATHEAD 7 2029  F_Median 0.325388
FLATHEAD 7 2029  F_Mean 0.325997
FLATHEAD 7 2030 F0 0 
FLATHEAD 7 2030 Fabc 0.284074
FLATHEAD 7 2030 Fofl 0.355733
FLATHEAD 7 2030  F_LCI 0.295599
FLATHEAD 7 2030  F_UCI 0.355733
FLATHEAD 7 2030  F_Median 0.324473
FLATHEAD 7 2030  F_Mean 0.325457
