FLATHEAD 1 2017 Cabc 16.2275
FLATHEAD 1 2017 Cofl 17.6194
FLATHEAD 1 2017 CLCI 2.05
FLATHEAD 1 2017 CUCI 2.05
FLATHEAD 1 2017 CMedian 2.05
FLATHEAD 1 2017 CMean 2.05
FLATHEAD 1 2017 CStdn 3.10862e-15
FLATHEAD 1 2018 Cabc 16.2275
FLATHEAD 1 2018 Cofl 17.6194
FLATHEAD 1 2018 CLCI 2.202
FLATHEAD 1 2018 CUCI 2.202
FLATHEAD 1 2018 CMedian 2.202
FLATHEAD 1 2018 CMean 2.202
FLATHEAD 1 2018 CStdn 6.81219e-11
FLATHEAD 1 2019 Cabc 16.2275
FLATHEAD 1 2019 Cofl 17.6194
FLATHEAD 1 2019 CLCI 2.668
FLATHEAD 1 2019 CUCI 2.668
FLATHEAD 1 2019 CMedian 2.668
FLATHEAD 1 2019 CMean 2.668
FLATHEAD 1 2019 CStdn 2.35215e-10
FLATHEAD 1 2020 Cabc 16.2275
FLATHEAD 1 2020 Cofl 17.6194
FLATHEAD 1 2020 CLCI 1.965
FLATHEAD 1 2020 CUCI 1.965
FLATHEAD 1 2020 CMedian 1.965
FLATHEAD 1 2020 CMean 1.965
FLATHEAD 1 2020 CStdn 1.4624e-09
FLATHEAD 1 2021 Cabc 16.2275
FLATHEAD 1 2021 Cofl 17.6194
FLATHEAD 1 2021 CLCI 39.1564
FLATHEAD 1 2021 CUCI 39.6364
FLATHEAD 1 2021 CMedian 39.3536
FLATHEAD 1 2021 CMean 39.3689
FLATHEAD 1 2021 CStdn 0.15043
FLATHEAD 1 2022 Cabc 16.2275
FLATHEAD 1 2022 Cofl 17.6194
FLATHEAD 1 2022 CLCI 32.1154
FLATHEAD 1 2022 CUCI 33.1187
FLATHEAD 1 2022 CMedian 32.55
FLATHEAD 1 2022 CMean 32.5767
FLATHEAD 1 2022 CStdn 0.316893
FLATHEAD 1 2023 Cabc 16.2275
FLATHEAD 1 2023 Cofl 17.6194
FLATHEAD 1 2023 CLCI 26.4453
FLATHEAD 1 2023 CUCI 28.1606
FLATHEAD 1 2023 CMedian 27.2179
FLATHEAD 1 2023 CMean 27.2405
FLATHEAD 1 2023 CStdn 0.548131
FLATHEAD 1 2024 Cabc 16.2275
FLATHEAD 1 2024 Cofl 17.6194
FLATHEAD 1 2024 CLCI 22.1056
FLATHEAD 1 2024 CUCI 24.6362
FLATHEAD 1 2024 CMedian 23.247
FLATHEAD 1 2024 CMean 23.2865
FLATHEAD 1 2024 CStdn 0.795811
FLATHEAD 1 2025 Cabc 16.2275
FLATHEAD 1 2025 Cofl 17.6194
FLATHEAD 1 2025 CLCI 18.9846
FLATHEAD 1 2025 CUCI 22.1661
FLATHEAD 1 2025 CMedian 20.432
FLATHEAD 1 2025 CMean 20.4922
FLATHEAD 1 2025 CStdn 1.00129
FLATHEAD 1 2026 Cabc 16.2275
FLATHEAD 1 2026 Cofl 17.6194
FLATHEAD 1 2026 CLCI 16.8398
FLATHEAD 1 2026 CUCI 20.5652
FLATHEAD 1 2026 CMedian 18.5254
FLATHEAD 1 2026 CMean 18.5873
FLATHEAD 1 2026 CStdn 1.13738
FLATHEAD 1 2027 Cabc 16.2275
FLATHEAD 1 2027 Cofl 17.6194
FLATHEAD 1 2027 CLCI 15.4514
FLATHEAD 1 2027 CUCI 19.4029
FLATHEAD 1 2027 CMedian 17.2537
FLATHEAD 1 2027 CMean 17.3263
FLATHEAD 1 2027 CStdn 1.2207
FLATHEAD 1 2028 Cabc 16.2275
FLATHEAD 1 2028 Cofl 17.6194
FLATHEAD 1 2028 CLCI 14.2298
FLATHEAD 1 2028 CUCI 18.723
FLATHEAD 1 2028 CMedian 16.4457
FLATHEAD 1 2028 CMean 16.479
FLATHEAD 1 2028 CStdn 1.32774
FLATHEAD 1 2029 Cabc 16.2275
FLATHEAD 1 2029 Cofl 17.6194
FLATHEAD 1 2029 CLCI 13.3482
FLATHEAD 1 2029 CUCI 18.1529
FLATHEAD 1 2029 CMedian 15.926
FLATHEAD 1 2029 CMean 15.8928
FLATHEAD 1 2029 CStdn 1.44176
FLATHEAD 1 2030 Cabc 16.2275
FLATHEAD 1 2030 Cofl 17.6194
FLATHEAD 1 2030 CLCI 12.8332
FLATHEAD 1 2030 CUCI 17.7991
FLATHEAD 1 2030 CMedian 15.6199
FLATHEAD 1 2030 CMean 15.5297
FLATHEAD 1 2030 CStdn 1.49164
FLATHEAD 1 2031 Cabc 16.2275
FLATHEAD 1 2031 Cofl 17.6194
FLATHEAD 1 2031 CLCI 12.7236
FLATHEAD 1 2031 CUCI 17.654
FLATHEAD 1 2031 CMedian 15.4767
FLATHEAD 1 2031 CMean 15.331
FLATHEAD 1 2031 CStdn 1.50207
FLATHEAD 1 2032 Cabc 16.2275
FLATHEAD 1 2032 Cofl 17.6194
FLATHEAD 1 2032 CLCI 12.7326
FLATHEAD 1 2032 CUCI 17.5208
FLATHEAD 1 2032 CMedian 15.3871
FLATHEAD 1 2032 CMean 15.2406
FLATHEAD 1 2032 CStdn 1.49065
FLATHEAD 1 2033 Cabc 16.2275
FLATHEAD 1 2033 Cofl 17.6194
FLATHEAD 1 2033 CLCI 12.6621
FLATHEAD 1 2033 CUCI 17.5204
FLATHEAD 1 2033 CMedian 15.3439
FLATHEAD 1 2033 CMean 15.2067
FLATHEAD 1 2033 CStdn 1.47431
FLATHEAD 1 2017 SSBF100 91.5511
FLATHEAD 1 2017 SSBFabc 36.6204
FLATHEAD 1 2017 SSBFofl 32.0429
FLATHEAD 1 2017 SSBLCI 83.2979
FLATHEAD 1 2017 SSBUCI 83.2979
FLATHEAD 1 2017 SSBMedian 83.2979
FLATHEAD 1 2017 SSBMean 83.2979
FLATHEAD 1 2018 SSBF100 91.5511
FLATHEAD 1 2018 SSBFabc 36.6204
FLATHEAD 1 2018 SSBFofl 32.0429
FLATHEAD 1 2018 SSBLCI 85.7506
FLATHEAD 1 2018 SSBUCI 85.776
FLATHEAD 1 2018 SSBMedian 85.7608
FLATHEAD 1 2018 SSBMean 85.7618
FLATHEAD 1 2019 SSBF100 91.5511
FLATHEAD 1 2019 SSBFabc 36.6204
FLATHEAD 1 2019 SSBFofl 32.0429
FLATHEAD 1 2019 SSBLCI 89.0901
FLATHEAD 1 2019 SSBUCI 89.2019
FLATHEAD 1 2019 SSBMedian 89.136
FLATHEAD 1 2019 SSBMean 89.139
FLATHEAD 1 2020 SSBF100 91.5511
FLATHEAD 1 2020 SSBFabc 36.6204
FLATHEAD 1 2020 SSBFofl 32.0429
FLATHEAD 1 2020 SSBLCI 92.294
FLATHEAD 1 2020 SSBUCI 92.6503
FLATHEAD 1 2020 SSBMedian 92.4405
FLATHEAD 1 2020 SSBMean 92.452
FLATHEAD 1 2021 SSBF100 91.5511
FLATHEAD 1 2021 SSBFabc 36.6204
FLATHEAD 1 2021 SSBFofl 32.0429
FLATHEAD 1 2021 SSBLCI 94.9095
FLATHEAD 1 2021 SSBUCI 95.8364
FLATHEAD 1 2021 SSBMedian 95.2931
FLATHEAD 1 2021 SSBMean 95.3226
FLATHEAD 1 2022 SSBF100 91.5511
FLATHEAD 1 2022 SSBFabc 36.6204
FLATHEAD 1 2022 SSBFofl 32.0429
FLATHEAD 1 2022 SSBLCI 78.4169
FLATHEAD 1 2022 SSBUCI 80.4103
FLATHEAD 1 2022 SSBMedian 79.2757
FLATHEAD 1 2022 SSBMean 79.3321
FLATHEAD 1 2023 SSBF100 91.5511
FLATHEAD 1 2023 SSBFabc 36.6204
FLATHEAD 1 2023 SSBFofl 32.0429
FLATHEAD 1 2023 SSBLCI 65.0461
FLATHEAD 1 2023 SSBUCI 68.6247
FLATHEAD 1 2023 SSBMedian 66.6514
FLATHEAD 1 2023 SSBMean 66.7225
FLATHEAD 1 2024 SSBF100 91.5511
FLATHEAD 1 2024 SSBFabc 36.6204
FLATHEAD 1 2024 SSBFofl 32.0429
FLATHEAD 1 2024 SSBLCI 54.6046
FLATHEAD 1 2024 SSBUCI 60.1877
FLATHEAD 1 2024 SSBMedian 57.0936
FLATHEAD 1 2024 SSBMean 57.2005
FLATHEAD 1 2025 SSBF100 91.5511
FLATHEAD 1 2025 SSBFabc 36.6204
FLATHEAD 1 2025 SSBFofl 32.0429
FLATHEAD 1 2025 SSBLCI 46.9378
FLATHEAD 1 2025 SSBUCI 54.0656
FLATHEAD 1 2025 SSBMedian 50.1802
FLATHEAD 1 2025 SSBMean 50.3067
FLATHEAD 1 2026 SSBF100 91.5511
FLATHEAD 1 2026 SSBFabc 36.6204
FLATHEAD 1 2026 SSBFofl 32.0429
FLATHEAD 1 2026 SSBLCI 41.471
FLATHEAD 1 2026 SSBUCI 50.0539
FLATHEAD 1 2026 SSBMedian 45.3743
FLATHEAD 1 2026 SSBMean 45.4996
FLATHEAD 1 2027 SSBF100 91.5511
FLATHEAD 1 2027 SSBFabc 36.6204
FLATHEAD 1 2027 SSBFofl 32.0429
FLATHEAD 1 2027 SSBLCI 37.8402
FLATHEAD 1 2027 SSBUCI 47.0638
FLATHEAD 1 2027 SSBMedian 42.106
FLATHEAD 1 2027 SSBMean 42.2552
FLATHEAD 1 2028 SSBF100 91.5511
FLATHEAD 1 2028 SSBFabc 36.6204
FLATHEAD 1 2028 SSBFofl 32.0429
FLATHEAD 1 2028 SSBLCI 35.5907
FLATHEAD 1 2028 SSBUCI 45.293
FLATHEAD 1 2028 SSBMedian 39.9073
FLATHEAD 1 2028 SSBMean 40.127
FLATHEAD 1 2029 SSBF100 91.5511
FLATHEAD 1 2029 SSBFabc 36.6204
FLATHEAD 1 2029 SSBFofl 32.0429
FLATHEAD 1 2029 SSBLCI 34.3772
FLATHEAD 1 2029 SSBUCI 43.8164
FLATHEAD 1 2029 SSBMedian 38.542
FLATHEAD 1 2029 SSBMean 38.782
FLATHEAD 1 2030 SSBF100 91.5511
FLATHEAD 1 2030 SSBFabc 36.6204
FLATHEAD 1 2030 SSBFofl 32.0429
FLATHEAD 1 2030 SSBLCI 33.7122
FLATHEAD 1 2030 SSBUCI 42.8303
FLATHEAD 1 2030 SSBMedian 37.697
FLATHEAD 1 2030 SSBMean 37.9862
FLATHEAD 1 2031 SSBF100 91.5511
FLATHEAD 1 2031 SSBFabc 36.6204
FLATHEAD 1 2031 SSBFofl 32.0429
FLATHEAD 1 2031 SSBLCI 33.5261
FLATHEAD 1 2031 SSBUCI 42.5551
FLATHEAD 1 2031 SSBMedian 37.2356
FLATHEAD 1 2031 SSBMean 37.5493
FLATHEAD 1 2032 SSBF100 91.5511
FLATHEAD 1 2032 SSBFabc 36.6204
FLATHEAD 1 2032 SSBFofl 32.0429
FLATHEAD 1 2032 SSBLCI 33.5262
FLATHEAD 1 2032 SSBUCI 42.1321
FLATHEAD 1 2032 SSBMedian 37.0035
FLATHEAD 1 2032 SSBMean 37.3319
FLATHEAD 1 2033 SSBF100 91.5511
FLATHEAD 1 2033 SSBFabc 36.6204
FLATHEAD 1 2033 SSBFofl 32.0429
FLATHEAD 1 2033 SSBLCI 33.3723
FLATHEAD 1 2033 SSBUCI 42.0018
FLATHEAD 1 2033 SSBMedian 36.8631
FLATHEAD 1 2033 SSBMean 37.2402
FLATHEAD 1 2017 F0 0 
FLATHEAD 1 2017 Fabc 0.284074
FLATHEAD 1 2017 Fofl 0.355733
FLATHEAD 1 2017  F_LCI 0.0153602
FLATHEAD 1 2017  F_UCI 0.0153602
FLATHEAD 1 2017  F_Median 0.0153602
FLATHEAD 1 2017  F_Mean 0.0153602
FLATHEAD 1 2018 F0 0 
FLATHEAD 1 2018 Fabc 0.284074
FLATHEAD 1 2018 Fofl 0.355733
FLATHEAD 1 2018  F_LCI 0.0160095
FLATHEAD 1 2018  F_UCI 0.0160137
FLATHEAD 1 2018  F_Median 0.0160121
FLATHEAD 1 2018  F_Mean 0.0160119
FLATHEAD 1 2019 F0 0 
FLATHEAD 1 2019 Fabc 0.284074
FLATHEAD 1 2019 Fofl 0.355733
FLATHEAD 1 2019  F_LCI 0.0186304
FLATHEAD 1 2019  F_UCI 0.0186542
FLATHEAD 1 2019  F_Median 0.0186448
FLATHEAD 1 2019  F_Mean 0.0186441
FLATHEAD 1 2020 F0 0 
FLATHEAD 1 2020 Fabc 0.284074
FLATHEAD 1 2020 Fofl 0.355733
FLATHEAD 1 2020  F_LCI 0.0131371
FLATHEAD 1 2020  F_UCI 0.0131938
FLATHEAD 1 2020  F_Median 0.0131711
FLATHEAD 1 2020  F_Mean 0.0131694
FLATHEAD 1 2021 F0 0 
FLATHEAD 1 2021 Fabc 0.284074
FLATHEAD 1 2021 Fofl 0.355733
FLATHEAD 1 2021  F_LCI 0.284074
FLATHEAD 1 2021  F_UCI 0.284074
FLATHEAD 1 2021  F_Median 0.284074
FLATHEAD 1 2021  F_Mean 0.284074
FLATHEAD 1 2022 F0 0 
FLATHEAD 1 2022 Fabc 0.284074
FLATHEAD 1 2022 Fofl 0.355733
FLATHEAD 1 2022  F_LCI 0.284074
FLATHEAD 1 2022  F_UCI 0.284074
FLATHEAD 1 2022  F_Median 0.284074
FLATHEAD 1 2022  F_Mean 0.284074
FLATHEAD 1 2023 F0 0 
FLATHEAD 1 2023 Fabc 0.284074
FLATHEAD 1 2023 Fofl 0.355733
FLATHEAD 1 2023  F_LCI 0.284074
FLATHEAD 1 2023  F_UCI 0.284074
FLATHEAD 1 2023  F_Median 0.284074
FLATHEAD 1 2023  F_Mean 0.284074
FLATHEAD 1 2024 F0 0 
FLATHEAD 1 2024 Fabc 0.284074
FLATHEAD 1 2024 Fofl 0.355733
FLATHEAD 1 2024  F_LCI 0.284074
FLATHEAD 1 2024  F_UCI 0.284074
FLATHEAD 1 2024  F_Median 0.284074
FLATHEAD 1 2024  F_Mean 0.284074
FLATHEAD 1 2025 F0 0 
FLATHEAD 1 2025 Fabc 0.284074
FLATHEAD 1 2025 Fofl 0.355733
FLATHEAD 1 2025  F_LCI 0.284074
FLATHEAD 1 2025  F_UCI 0.284074
FLATHEAD 1 2025  F_Median 0.284074
FLATHEAD 1 2025  F_Mean 0.284074
FLATHEAD 1 2026 F0 0 
FLATHEAD 1 2026 Fabc 0.284074
FLATHEAD 1 2026 Fofl 0.355733
FLATHEAD 1 2026  F_LCI 0.284074
FLATHEAD 1 2026  F_UCI 0.284074
FLATHEAD 1 2026  F_Median 0.284074
FLATHEAD 1 2026  F_Mean 0.284074
FLATHEAD 1 2027 F0 0 
FLATHEAD 1 2027 Fabc 0.284074
FLATHEAD 1 2027 Fofl 0.355733
FLATHEAD 1 2027  F_LCI 0.284074
FLATHEAD 1 2027  F_UCI 0.284074
FLATHEAD 1 2027  F_Median 0.284074
FLATHEAD 1 2027  F_Mean 0.283998
FLATHEAD 1 2028 F0 0 
FLATHEAD 1 2028 Fabc 0.284074
FLATHEAD 1 2028 Fofl 0.355733
FLATHEAD 1 2028  F_LCI 0.275666
FLATHEAD 1 2028  F_UCI 0.284074
FLATHEAD 1 2028  F_Median 0.284074
FLATHEAD 1 2028  F_Mean 0.28312
FLATHEAD 1 2029 F0 0 
FLATHEAD 1 2029 Fabc 0.284074
FLATHEAD 1 2029 Fofl 0.355733
FLATHEAD 1 2029  F_LCI 0.265757
FLATHEAD 1 2029  F_UCI 0.284074
FLATHEAD 1 2029  F_Median 0.284074
FLATHEAD 1 2029  F_Mean 0.281218
FLATHEAD 1 2030 F0 0 
FLATHEAD 1 2030 Fabc 0.284074
FLATHEAD 1 2030 Fofl 0.355733
FLATHEAD 1 2030  F_LCI 0.260327
FLATHEAD 1 2030  F_UCI 0.284074
FLATHEAD 1 2030  F_Median 0.284074
FLATHEAD 1 2030  F_Mean 0.279566
FLATHEAD 1 2031 F0 0 
FLATHEAD 1 2031 Fabc 0.284074
FLATHEAD 1 2031 Fofl 0.355733
FLATHEAD 1 2031  F_LCI 0.258808
FLATHEAD 1 2031  F_UCI 0.284074
FLATHEAD 1 2031  F_Median 0.284074
FLATHEAD 1 2031  F_Mean 0.278535
FLATHEAD 1 2032 F0 0 
FLATHEAD 1 2032 Fabc 0.284074
FLATHEAD 1 2032 Fofl 0.355733
FLATHEAD 1 2032  F_LCI 0.258808
FLATHEAD 1 2032  F_UCI 0.284074
FLATHEAD 1 2032  F_Median 0.284074
FLATHEAD 1 2032  F_Mean 0.278088
FLATHEAD 1 2033 F0 0 
FLATHEAD 1 2033 Fabc 0.284074
FLATHEAD 1 2033 Fofl 0.355733
FLATHEAD 1 2033  F_LCI 0.257552
FLATHEAD 1 2033  F_UCI 0.284074
FLATHEAD 1 2033  F_Median 0.284074
FLATHEAD 1 2033  F_Mean 0.277905
FLATHEAD 2 2017 Cabc 16.2275
FLATHEAD 2 2017 Cofl 17.6194
FLATHEAD 2 2017 CLCI 2.05
FLATHEAD 2 2017 CUCI 2.05
FLATHEAD 2 2017 CMedian 2.05
FLATHEAD 2 2017 CMean 2.05
FLATHEAD 2 2017 CStdn 3.10862e-15
FLATHEAD 2 2018 Cabc 16.2275
FLATHEAD 2 2018 Cofl 17.6194
FLATHEAD 2 2018 CLCI 2.202
FLATHEAD 2 2018 CUCI 2.202
FLATHEAD 2 2018 CMedian 2.202
FLATHEAD 2 2018 CMean 2.202
FLATHEAD 2 2018 CStdn 6.81219e-11
FLATHEAD 2 2019 Cabc 16.2275
FLATHEAD 2 2019 Cofl 17.6194
FLATHEAD 2 2019 CLCI 2.668
FLATHEAD 2 2019 CUCI 2.668
FLATHEAD 2 2019 CMedian 2.668
FLATHEAD 2 2019 CMean 2.668
FLATHEAD 2 2019 CStdn 2.35215e-10
FLATHEAD 2 2020 Cabc 16.2275
FLATHEAD 2 2020 Cofl 17.6194
FLATHEAD 2 2020 CLCI 1.965
FLATHEAD 2 2020 CUCI 1.965
FLATHEAD 2 2020 CMedian 1.965
FLATHEAD 2 2020 CMean 1.965
FLATHEAD 2 2020 CStdn 1.4624e-09
FLATHEAD 2 2021 Cabc 16.2275
FLATHEAD 2 2021 Cofl 17.6194
FLATHEAD 2 2021 CLCI 39.1564
FLATHEAD 2 2021 CUCI 39.6364
FLATHEAD 2 2021 CMedian 39.3536
FLATHEAD 2 2021 CMean 39.3689
FLATHEAD 2 2021 CStdn 0.15043
FLATHEAD 2 2022 Cabc 16.2275
FLATHEAD 2 2022 Cofl 17.6194
FLATHEAD 2 2022 CLCI 32.1154
FLATHEAD 2 2022 CUCI 33.1187
FLATHEAD 2 2022 CMedian 32.55
FLATHEAD 2 2022 CMean 32.5767
FLATHEAD 2 2022 CStdn 0.316893
FLATHEAD 2 2023 Cabc 16.2275
FLATHEAD 2 2023 Cofl 17.6194
FLATHEAD 2 2023 CLCI 26.4453
FLATHEAD 2 2023 CUCI 28.1606
FLATHEAD 2 2023 CMedian 27.2179
FLATHEAD 2 2023 CMean 27.2405
FLATHEAD 2 2023 CStdn 0.548131
FLATHEAD 2 2024 Cabc 16.2275
FLATHEAD 2 2024 Cofl 17.6194
FLATHEAD 2 2024 CLCI 22.1056
FLATHEAD 2 2024 CUCI 24.6362
FLATHEAD 2 2024 CMedian 23.247
FLATHEAD 2 2024 CMean 23.2865
FLATHEAD 2 2024 CStdn 0.795811
FLATHEAD 2 2025 Cabc 16.2275
FLATHEAD 2 2025 Cofl 17.6194
FLATHEAD 2 2025 CLCI 18.9846
FLATHEAD 2 2025 CUCI 22.1661
FLATHEAD 2 2025 CMedian 20.432
FLATHEAD 2 2025 CMean 20.4922
FLATHEAD 2 2025 CStdn 1.00129
FLATHEAD 2 2026 Cabc 16.2275
FLATHEAD 2 2026 Cofl 17.6194
FLATHEAD 2 2026 CLCI 16.8398
FLATHEAD 2 2026 CUCI 20.5652
FLATHEAD 2 2026 CMedian 18.5254
FLATHEAD 2 2026 CMean 18.5873
FLATHEAD 2 2026 CStdn 1.13738
FLATHEAD 2 2027 Cabc 16.2275
FLATHEAD 2 2027 Cofl 17.6194
FLATHEAD 2 2027 CLCI 15.4514
FLATHEAD 2 2027 CUCI 19.4029
FLATHEAD 2 2027 CMedian 17.2537
FLATHEAD 2 2027 CMean 17.3263
FLATHEAD 2 2027 CStdn 1.2207
FLATHEAD 2 2028 Cabc 16.2275
FLATHEAD 2 2028 Cofl 17.6194
FLATHEAD 2 2028 CLCI 14.2298
FLATHEAD 2 2028 CUCI 18.723
FLATHEAD 2 2028 CMedian 16.4457
FLATHEAD 2 2028 CMean 16.479
FLATHEAD 2 2028 CStdn 1.32774
FLATHEAD 2 2029 Cabc 16.2275
FLATHEAD 2 2029 Cofl 17.6194
FLATHEAD 2 2029 CLCI 13.3482
FLATHEAD 2 2029 CUCI 18.1529
FLATHEAD 2 2029 CMedian 15.926
FLATHEAD 2 2029 CMean 15.8928
FLATHEAD 2 2029 CStdn 1.44176
FLATHEAD 2 2030 Cabc 16.2275
FLATHEAD 2 2030 Cofl 17.6194
FLATHEAD 2 2030 CLCI 12.8332
FLATHEAD 2 2030 CUCI 17.7991
FLATHEAD 2 2030 CMedian 15.6199
FLATHEAD 2 2030 CMean 15.5297
FLATHEAD 2 2030 CStdn 1.49164
FLATHEAD 2 2031 Cabc 16.2275
FLATHEAD 2 2031 Cofl 17.6194
FLATHEAD 2 2031 CLCI 12.7236
FLATHEAD 2 2031 CUCI 17.654
FLATHEAD 2 2031 CMedian 15.4767
FLATHEAD 2 2031 CMean 15.331
FLATHEAD 2 2031 CStdn 1.50207
FLATHEAD 2 2032 Cabc 16.2275
FLATHEAD 2 2032 Cofl 17.6194
FLATHEAD 2 2032 CLCI 12.7326
FLATHEAD 2 2032 CUCI 17.5208
FLATHEAD 2 2032 CMedian 15.3871
FLATHEAD 2 2032 CMean 15.2406
FLATHEAD 2 2032 CStdn 1.49065
FLATHEAD 2 2033 Cabc 16.2275
FLATHEAD 2 2033 Cofl 17.6194
FLATHEAD 2 2033 CLCI 12.6621
FLATHEAD 2 2033 CUCI 17.5204
FLATHEAD 2 2033 CMedian 15.3439
FLATHEAD 2 2033 CMean 15.2067
FLATHEAD 2 2033 CStdn 1.47431
FLATHEAD 2 2017 SSBF100 91.5511
FLATHEAD 2 2017 SSBFabc 36.6204
FLATHEAD 2 2017 SSBFofl 32.0429
FLATHEAD 2 2017 SSBLCI 83.2979
FLATHEAD 2 2017 SSBUCI 83.2979
FLATHEAD 2 2017 SSBMedian 83.2979
FLATHEAD 2 2017 SSBMean 83.2979
FLATHEAD 2 2018 SSBF100 91.5511
FLATHEAD 2 2018 SSBFabc 36.6204
FLATHEAD 2 2018 SSBFofl 32.0429
FLATHEAD 2 2018 SSBLCI 85.7506
FLATHEAD 2 2018 SSBUCI 85.776
FLATHEAD 2 2018 SSBMedian 85.7608
FLATHEAD 2 2018 SSBMean 85.7618
FLATHEAD 2 2019 SSBF100 91.5511
FLATHEAD 2 2019 SSBFabc 36.6204
FLATHEAD 2 2019 SSBFofl 32.0429
FLATHEAD 2 2019 SSBLCI 89.0901
FLATHEAD 2 2019 SSBUCI 89.2019
FLATHEAD 2 2019 SSBMedian 89.136
FLATHEAD 2 2019 SSBMean 89.139
FLATHEAD 2 2020 SSBF100 91.5511
FLATHEAD 2 2020 SSBFabc 36.6204
FLATHEAD 2 2020 SSBFofl 32.0429
FLATHEAD 2 2020 SSBLCI 92.294
FLATHEAD 2 2020 SSBUCI 92.6503
FLATHEAD 2 2020 SSBMedian 92.4405
FLATHEAD 2 2020 SSBMean 92.452
FLATHEAD 2 2021 SSBF100 91.5511
FLATHEAD 2 2021 SSBFabc 36.6204
FLATHEAD 2 2021 SSBFofl 32.0429
FLATHEAD 2 2021 SSBLCI 94.9095
FLATHEAD 2 2021 SSBUCI 95.8364
FLATHEAD 2 2021 SSBMedian 95.2931
FLATHEAD 2 2021 SSBMean 95.3226
FLATHEAD 2 2022 SSBF100 91.5511
FLATHEAD 2 2022 SSBFabc 36.6204
FLATHEAD 2 2022 SSBFofl 32.0429
FLATHEAD 2 2022 SSBLCI 78.4169
FLATHEAD 2 2022 SSBUCI 80.4103
FLATHEAD 2 2022 SSBMedian 79.2757
FLATHEAD 2 2022 SSBMean 79.3321
FLATHEAD 2 2023 SSBF100 91.5511
FLATHEAD 2 2023 SSBFabc 36.6204
FLATHEAD 2 2023 SSBFofl 32.0429
FLATHEAD 2 2023 SSBLCI 65.0461
FLATHEAD 2 2023 SSBUCI 68.6247
FLATHEAD 2 2023 SSBMedian 66.6514
FLATHEAD 2 2023 SSBMean 66.7225
FLATHEAD 2 2024 SSBF100 91.5511
FLATHEAD 2 2024 SSBFabc 36.6204
FLATHEAD 2 2024 SSBFofl 32.0429
FLATHEAD 2 2024 SSBLCI 54.6046
FLATHEAD 2 2024 SSBUCI 60.1877
FLATHEAD 2 2024 SSBMedian 57.0936
FLATHEAD 2 2024 SSBMean 57.2005
FLATHEAD 2 2025 SSBF100 91.5511
FLATHEAD 2 2025 SSBFabc 36.6204
FLATHEAD 2 2025 SSBFofl 32.0429
FLATHEAD 2 2025 SSBLCI 46.9378
FLATHEAD 2 2025 SSBUCI 54.0656
FLATHEAD 2 2025 SSBMedian 50.1802
FLATHEAD 2 2025 SSBMean 50.3067
FLATHEAD 2 2026 SSBF100 91.5511
FLATHEAD 2 2026 SSBFabc 36.6204
FLATHEAD 2 2026 SSBFofl 32.0429
FLATHEAD 2 2026 SSBLCI 41.471
FLATHEAD 2 2026 SSBUCI 50.0539
FLATHEAD 2 2026 SSBMedian 45.3743
FLATHEAD 2 2026 SSBMean 45.4996
FLATHEAD 2 2027 SSBF100 91.5511
FLATHEAD 2 2027 SSBFabc 36.6204
FLATHEAD 2 2027 SSBFofl 32.0429
FLATHEAD 2 2027 SSBLCI 37.8402
FLATHEAD 2 2027 SSBUCI 47.0638
FLATHEAD 2 2027 SSBMedian 42.106
FLATHEAD 2 2027 SSBMean 42.2552
FLATHEAD 2 2028 SSBF100 91.5511
FLATHEAD 2 2028 SSBFabc 36.6204
FLATHEAD 2 2028 SSBFofl 32.0429
FLATHEAD 2 2028 SSBLCI 35.5907
FLATHEAD 2 2028 SSBUCI 45.293
FLATHEAD 2 2028 SSBMedian 39.9073
FLATHEAD 2 2028 SSBMean 40.127
FLATHEAD 2 2029 SSBF100 91.5511
FLATHEAD 2 2029 SSBFabc 36.6204
FLATHEAD 2 2029 SSBFofl 32.0429
FLATHEAD 2 2029 SSBLCI 34.3772
FLATHEAD 2 2029 SSBUCI 43.8164
FLATHEAD 2 2029 SSBMedian 38.542
FLATHEAD 2 2029 SSBMean 38.782
FLATHEAD 2 2030 SSBF100 91.5511
FLATHEAD 2 2030 SSBFabc 36.6204
FLATHEAD 2 2030 SSBFofl 32.0429
FLATHEAD 2 2030 SSBLCI 33.7122
FLATHEAD 2 2030 SSBUCI 42.8303
FLATHEAD 2 2030 SSBMedian 37.697
FLATHEAD 2 2030 SSBMean 37.9862
FLATHEAD 2 2031 SSBF100 91.5511
FLATHEAD 2 2031 SSBFabc 36.6204
FLATHEAD 2 2031 SSBFofl 32.0429
FLATHEAD 2 2031 SSBLCI 33.5261
FLATHEAD 2 2031 SSBUCI 42.5551
FLATHEAD 2 2031 SSBMedian 37.2356
FLATHEAD 2 2031 SSBMean 37.5493
FLATHEAD 2 2032 SSBF100 91.5511
FLATHEAD 2 2032 SSBFabc 36.6204
FLATHEAD 2 2032 SSBFofl 32.0429
FLATHEAD 2 2032 SSBLCI 33.5262
FLATHEAD 2 2032 SSBUCI 42.1321
FLATHEAD 2 2032 SSBMedian 37.0035
FLATHEAD 2 2032 SSBMean 37.3319
FLATHEAD 2 2033 SSBF100 91.5511
FLATHEAD 2 2033 SSBFabc 36.6204
FLATHEAD 2 2033 SSBFofl 32.0429
FLATHEAD 2 2033 SSBLCI 33.3723
FLATHEAD 2 2033 SSBUCI 42.0018
FLATHEAD 2 2033 SSBMedian 36.8631
FLATHEAD 2 2033 SSBMean 37.2402
FLATHEAD 2 2017 F0 0 
FLATHEAD 2 2017 Fabc 0.284074
FLATHEAD 2 2017 Fofl 0.355733
FLATHEAD 2 2017  F_LCI 0.0153602
FLATHEAD 2 2017  F_UCI 0.0153602
FLATHEAD 2 2017  F_Median 0.0153602
FLATHEAD 2 2017  F_Mean 0.0153602
FLATHEAD 2 2018 F0 0 
FLATHEAD 2 2018 Fabc 0.284074
FLATHEAD 2 2018 Fofl 0.355733
FLATHEAD 2 2018  F_LCI 0.0160095
FLATHEAD 2 2018  F_UCI 0.0160137
FLATHEAD 2 2018  F_Median 0.0160121
FLATHEAD 2 2018  F_Mean 0.0160119
FLATHEAD 2 2019 F0 0 
FLATHEAD 2 2019 Fabc 0.284074
FLATHEAD 2 2019 Fofl 0.355733
FLATHEAD 2 2019  F_LCI 0.0186304
FLATHEAD 2 2019  F_UCI 0.0186542
FLATHEAD 2 2019  F_Median 0.0186448
FLATHEAD 2 2019  F_Mean 0.0186441
FLATHEAD 2 2020 F0 0 
FLATHEAD 2 2020 Fabc 0.284074
FLATHEAD 2 2020 Fofl 0.355733
FLATHEAD 2 2020  F_LCI 0.0131371
FLATHEAD 2 2020  F_UCI 0.0131938
FLATHEAD 2 2020  F_Median 0.0131711
FLATHEAD 2 2020  F_Mean 0.0131694
FLATHEAD 2 2021 F0 0 
FLATHEAD 2 2021 Fabc 0.284074
FLATHEAD 2 2021 Fofl 0.355733
FLATHEAD 2 2021  F_LCI 0.284074
FLATHEAD 2 2021  F_UCI 0.284074
FLATHEAD 2 2021  F_Median 0.284074
FLATHEAD 2 2021  F_Mean 0.284074
FLATHEAD 2 2022 F0 0 
FLATHEAD 2 2022 Fabc 0.284074
FLATHEAD 2 2022 Fofl 0.355733
FLATHEAD 2 2022  F_LCI 0.284074
FLATHEAD 2 2022  F_UCI 0.284074
FLATHEAD 2 2022  F_Median 0.284074
FLATHEAD 2 2022  F_Mean 0.284074
FLATHEAD 2 2023 F0 0 
FLATHEAD 2 2023 Fabc 0.284074
FLATHEAD 2 2023 Fofl 0.355733
FLATHEAD 2 2023  F_LCI 0.284074
FLATHEAD 2 2023  F_UCI 0.284074
FLATHEAD 2 2023  F_Median 0.284074
FLATHEAD 2 2023  F_Mean 0.284074
FLATHEAD 2 2024 F0 0 
FLATHEAD 2 2024 Fabc 0.284074
FLATHEAD 2 2024 Fofl 0.355733
FLATHEAD 2 2024  F_LCI 0.284074
FLATHEAD 2 2024  F_UCI 0.284074
FLATHEAD 2 2024  F_Median 0.284074
FLATHEAD 2 2024  F_Mean 0.284074
FLATHEAD 2 2025 F0 0 
FLATHEAD 2 2025 Fabc 0.284074
FLATHEAD 2 2025 Fofl 0.355733
FLATHEAD 2 2025  F_LCI 0.284074
FLATHEAD 2 2025  F_UCI 0.284074
FLATHEAD 2 2025  F_Median 0.284074
FLATHEAD 2 2025  F_Mean 0.284074
FLATHEAD 2 2026 F0 0 
FLATHEAD 2 2026 Fabc 0.284074
FLATHEAD 2 2026 Fofl 0.355733
FLATHEAD 2 2026  F_LCI 0.284074
FLATHEAD 2 2026  F_UCI 0.284074
FLATHEAD 2 2026  F_Median 0.284074
FLATHEAD 2 2026  F_Mean 0.284074
FLATHEAD 2 2027 F0 0 
FLATHEAD 2 2027 Fabc 0.284074
FLATHEAD 2 2027 Fofl 0.355733
FLATHEAD 2 2027  F_LCI 0.284074
FLATHEAD 2 2027  F_UCI 0.284074
FLATHEAD 2 2027  F_Median 0.284074
FLATHEAD 2 2027  F_Mean 0.283998
FLATHEAD 2 2028 F0 0 
FLATHEAD 2 2028 Fabc 0.284074
FLATHEAD 2 2028 Fofl 0.355733
FLATHEAD 2 2028  F_LCI 0.275666
FLATHEAD 2 2028  F_UCI 0.284074
FLATHEAD 2 2028  F_Median 0.284074
FLATHEAD 2 2028  F_Mean 0.28312
FLATHEAD 2 2029 F0 0 
FLATHEAD 2 2029 Fabc 0.284074
FLATHEAD 2 2029 Fofl 0.355733
FLATHEAD 2 2029  F_LCI 0.265757
FLATHEAD 2 2029  F_UCI 0.284074
FLATHEAD 2 2029  F_Median 0.284074
FLATHEAD 2 2029  F_Mean 0.281218
FLATHEAD 2 2030 F0 0 
FLATHEAD 2 2030 Fabc 0.284074
FLATHEAD 2 2030 Fofl 0.355733
FLATHEAD 2 2030  F_LCI 0.260327
FLATHEAD 2 2030  F_UCI 0.284074
FLATHEAD 2 2030  F_Median 0.284074
FLATHEAD 2 2030  F_Mean 0.279566
FLATHEAD 2 2031 F0 0 
FLATHEAD 2 2031 Fabc 0.284074
FLATHEAD 2 2031 Fofl 0.355733
FLATHEAD 2 2031  F_LCI 0.258808
FLATHEAD 2 2031  F_UCI 0.284074
FLATHEAD 2 2031  F_Median 0.284074
FLATHEAD 2 2031  F_Mean 0.278535
FLATHEAD 2 2032 F0 0 
FLATHEAD 2 2032 Fabc 0.284074
FLATHEAD 2 2032 Fofl 0.355733
FLATHEAD 2 2032  F_LCI 0.258808
FLATHEAD 2 2032  F_UCI 0.284074
FLATHEAD 2 2032  F_Median 0.284074
FLATHEAD 2 2032  F_Mean 0.278088
FLATHEAD 2 2033 F0 0 
FLATHEAD 2 2033 Fabc 0.284074
FLATHEAD 2 2033 Fofl 0.355733
FLATHEAD 2 2033  F_LCI 0.257552
FLATHEAD 2 2033  F_UCI 0.284074
FLATHEAD 2 2033  F_Median 0.284074
FLATHEAD 2 2033  F_Mean 0.277905
FLATHEAD 3 2017 Cabc 16.2275
FLATHEAD 3 2017 Cofl 17.6194
FLATHEAD 3 2017 CLCI 2.05
FLATHEAD 3 2017 CUCI 2.05
FLATHEAD 3 2017 CMedian 2.05
FLATHEAD 3 2017 CMean 2.05
FLATHEAD 3 2017 CStdn 3.10862e-15
FLATHEAD 3 2018 Cabc 16.2275
FLATHEAD 3 2018 Cofl 17.6194
FLATHEAD 3 2018 CLCI 2.202
FLATHEAD 3 2018 CUCI 2.202
FLATHEAD 3 2018 CMedian 2.202
FLATHEAD 3 2018 CMean 2.202
FLATHEAD 3 2018 CStdn 6.81219e-11
FLATHEAD 3 2019 Cabc 16.2275
FLATHEAD 3 2019 Cofl 17.6194
FLATHEAD 3 2019 CLCI 2.668
FLATHEAD 3 2019 CUCI 2.668
FLATHEAD 3 2019 CMedian 2.668
FLATHEAD 3 2019 CMean 2.668
FLATHEAD 3 2019 CStdn 2.35215e-10
FLATHEAD 3 2020 Cabc 16.2275
FLATHEAD 3 2020 Cofl 17.6194
FLATHEAD 3 2020 CLCI 1.965
FLATHEAD 3 2020 CUCI 1.965
FLATHEAD 3 2020 CMedian 1.965
FLATHEAD 3 2020 CMean 1.965
FLATHEAD 3 2020 CStdn 1.4624e-09
FLATHEAD 3 2021 Cabc 16.2275
FLATHEAD 3 2021 Cofl 17.6194
FLATHEAD 3 2021 CLCI 2.59852
FLATHEAD 3 2021 CUCI 2.62761
FLATHEAD 3 2021 CMedian 2.61044
FLATHEAD 3 2021 CMean 2.61139
FLATHEAD 3 2021 CStdn 0.00910079
FLATHEAD 3 2022 Cabc 16.2275
FLATHEAD 3 2022 Cofl 17.6194
FLATHEAD 3 2022 CLCI 2.61422
FLATHEAD 3 2022 CUCI 2.67669
FLATHEAD 3 2022 CMedian 2.64112
FLATHEAD 3 2022 CMean 2.64288
FLATHEAD 3 2022 CStdn 0.0198794
FLATHEAD 3 2023 Cabc 16.2275
FLATHEAD 3 2023 Cofl 17.6194
FLATHEAD 3 2023 CLCI 2.57991
FLATHEAD 3 2023 CUCI 2.69381
FLATHEAD 3 2023 CMedian 2.6309
FLATHEAD 3 2023 CMean 2.63318
FLATHEAD 3 2023 CStdn 0.0365123
FLATHEAD 3 2024 Cabc 16.2275
FLATHEAD 3 2024 Cofl 17.6194
FLATHEAD 3 2024 CLCI 2.51534
FLATHEAD 3 2024 CUCI 2.69866
FLATHEAD 3 2024 CMedian 2.59617
FLATHEAD 3 2024 CMean 2.59948
FLATHEAD 3 2024 CStdn 0.0576905
FLATHEAD 3 2025 Cabc 16.2275
FLATHEAD 3 2025 Cofl 17.6194
FLATHEAD 3 2025 CLCI 2.43709
FLATHEAD 3 2025 CUCI 2.69122
FLATHEAD 3 2025 CMedian 2.54987
FLATHEAD 3 2025 CMean 2.55585
FLATHEAD 3 2025 CStdn 0.0801405
FLATHEAD 3 2026 Cabc 16.2275
FLATHEAD 3 2026 Cofl 17.6194
FLATHEAD 3 2026 CLCI 2.35719
FLATHEAD 3 2026 CUCI 2.67843
FLATHEAD 3 2026 CMedian 2.50352
FLATHEAD 3 2026 CMean 2.5104
FLATHEAD 3 2026 CStdn 0.100106
FLATHEAD 3 2027 Cabc 16.2275
FLATHEAD 3 2027 Cofl 17.6194
FLATHEAD 3 2027 CLCI 2.28981
FLATHEAD 3 2027 CUCI 2.66904
FLATHEAD 3 2027 CMedian 2.46142
FLATHEAD 3 2027 CMean 2.46802
FLATHEAD 3 2027 CStdn 0.115285
FLATHEAD 3 2028 Cabc 16.2275
FLATHEAD 3 2028 Cofl 17.6194
FLATHEAD 3 2028 CLCI 2.23518
FLATHEAD 3 2028 CUCI 2.6404
FLATHEAD 3 2028 CMedian 2.42501
FLATHEAD 3 2028 CMean 2.43109
FLATHEAD 3 2028 CStdn 0.125743
FLATHEAD 3 2029 Cabc 16.2275
FLATHEAD 3 2029 Cofl 17.6194
FLATHEAD 3 2029 CLCI 2.19562
FLATHEAD 3 2029 CUCI 2.62901
FLATHEAD 3 2029 CMedian 2.39201
FLATHEAD 3 2029 CMean 2.39987
FLATHEAD 3 2029 CStdn 0.132483
FLATHEAD 3 2030 Cabc 16.2275
FLATHEAD 3 2030 Cofl 17.6194
FLATHEAD 3 2030 CLCI 2.16314
FLATHEAD 3 2030 CUCI 2.6074
FLATHEAD 3 2030 CMedian 2.36277
FLATHEAD 3 2030 CMean 2.37424
FLATHEAD 3 2030 CStdn 0.136531
FLATHEAD 3 2031 Cabc 16.2275
FLATHEAD 3 2031 Cofl 17.6194
FLATHEAD 3 2031 CLCI 2.13489
FLATHEAD 3 2031 CUCI 2.58645
FLATHEAD 3 2031 CMedian 2.34329
FLATHEAD 3 2031 CMean 2.35372
FLATHEAD 3 2031 CStdn 0.13901
FLATHEAD 3 2032 Cabc 16.2275
FLATHEAD 3 2032 Cofl 17.6194
FLATHEAD 3 2032 CLCI 2.113
FLATHEAD 3 2032 CUCI 2.57912
FLATHEAD 3 2032 CMedian 2.32993
FLATHEAD 3 2032 CMean 2.33766
FLATHEAD 3 2032 CStdn 0.140677
FLATHEAD 3 2033 Cabc 16.2275
FLATHEAD 3 2033 Cofl 17.6194
FLATHEAD 3 2033 CLCI 2.10649
FLATHEAD 3 2033 CUCI 2.56447
FLATHEAD 3 2033 CMedian 2.31642
FLATHEAD 3 2033 CMean 2.32526
FLATHEAD 3 2033 CStdn 0.14164
FLATHEAD 3 2017 SSBF100 91.5511
FLATHEAD 3 2017 SSBFabc 36.6204
FLATHEAD 3 2017 SSBFofl 32.0429
FLATHEAD 3 2017 SSBLCI 83.2979
FLATHEAD 3 2017 SSBUCI 83.2979
FLATHEAD 3 2017 SSBMedian 83.2979
FLATHEAD 3 2017 SSBMean 83.2979
FLATHEAD 3 2018 SSBF100 91.5511
FLATHEAD 3 2018 SSBFabc 36.6204
FLATHEAD 3 2018 SSBFofl 32.0429
FLATHEAD 3 2018 SSBLCI 85.7506
FLATHEAD 3 2018 SSBUCI 85.776
FLATHEAD 3 2018 SSBMedian 85.7608
FLATHEAD 3 2018 SSBMean 85.7618
FLATHEAD 3 2019 SSBF100 91.5511
FLATHEAD 3 2019 SSBFabc 36.6204
FLATHEAD 3 2019 SSBFofl 32.0429
FLATHEAD 3 2019 SSBLCI 89.0901
FLATHEAD 3 2019 SSBUCI 89.2019
FLATHEAD 3 2019 SSBMedian 89.136
FLATHEAD 3 2019 SSBMean 89.139
FLATHEAD 3 2020 SSBF100 91.5511
FLATHEAD 3 2020 SSBFabc 36.6204
FLATHEAD 3 2020 SSBFofl 32.0429
FLATHEAD 3 2020 SSBLCI 92.294
FLATHEAD 3 2020 SSBUCI 92.6503
FLATHEAD 3 2020 SSBMedian 92.4405
FLATHEAD 3 2020 SSBMean 92.452
FLATHEAD 3 2021 SSBF100 91.5511
FLATHEAD 3 2021 SSBFabc 36.6204
FLATHEAD 3 2021 SSBFofl 32.0429
FLATHEAD 3 2021 SSBLCI 94.9095
FLATHEAD 3 2021 SSBUCI 95.8364
FLATHEAD 3 2021 SSBMedian 95.2931
FLATHEAD 3 2021 SSBMean 95.3226
FLATHEAD 3 2022 SSBF100 91.5511
FLATHEAD 3 2022 SSBFabc 36.6204
FLATHEAD 3 2022 SSBFofl 32.0429
FLATHEAD 3 2022 SSBLCI 95.7036
FLATHEAD 3 2022 SSBUCI 97.7309
FLATHEAD 3 2022 SSBMedian 96.5748
FLATHEAD 3 2022 SSBMean 96.6323
FLATHEAD 3 2023 SSBF100 91.5511
FLATHEAD 3 2023 SSBFabc 36.6204
FLATHEAD 3 2023 SSBFofl 32.0429
FLATHEAD 3 2023 SSBLCI 94.9749
FLATHEAD 3 2023 SSBUCI 98.7605
FLATHEAD 3 2023 SSBMedian 96.6579
FLATHEAD 3 2023 SSBMean 96.7441
FLATHEAD 3 2024 SSBF100 91.5511
FLATHEAD 3 2024 SSBFabc 36.6204
FLATHEAD 3 2024 SSBFofl 32.0429
FLATHEAD 3 2024 SSBLCI 93.1633
FLATHEAD 3 2024 SSBUCI 99.3175
FLATHEAD 3 2024 SSBMedian 95.899
FLATHEAD 3 2024 SSBMean 95.9894
FLATHEAD 3 2025 SSBF100 91.5511
FLATHEAD 3 2025 SSBFabc 36.6204
FLATHEAD 3 2025 SSBFofl 32.0429
FLATHEAD 3 2025 SSBLCI 90.738
FLATHEAD 3 2025 SSBUCI 99.2928
FLATHEAD 3 2025 SSBMedian 94.5628
FLATHEAD 3 2025 SSBMean 94.734
FLATHEAD 3 2026 SSBF100 91.5511
FLATHEAD 3 2026 SSBFabc 36.6204
FLATHEAD 3 2026 SSBFofl 32.0429
FLATHEAD 3 2026 SSBLCI 88.0866
FLATHEAD 3 2026 SSBUCI 98.9524
FLATHEAD 3 2026 SSBMedian 93.038
FLATHEAD 3 2026 SSBMean 93.2778
FLATHEAD 3 2027 SSBF100 91.5511
FLATHEAD 3 2027 SSBFabc 36.6204
FLATHEAD 3 2027 SSBFofl 32.0429
FLATHEAD 3 2027 SSBLCI 85.6666
FLATHEAD 3 2027 SSBUCI 98.7504
FLATHEAD 3 2027 SSBMedian 91.5896
FLATHEAD 3 2027 SSBMean 91.8191
FLATHEAD 3 2028 SSBF100 91.5511
FLATHEAD 3 2028 SSBFabc 36.6204
FLATHEAD 3 2028 SSBFofl 32.0429
FLATHEAD 3 2028 SSBLCI 83.6252
FLATHEAD 3 2028 SSBUCI 97.6885
FLATHEAD 3 2028 SSBMedian 90.2523
FLATHEAD 3 2028 SSBMean 90.4708
FLATHEAD 3 2029 SSBF100 91.5511
FLATHEAD 3 2029 SSBFabc 36.6204
FLATHEAD 3 2029 SSBFofl 32.0429
FLATHEAD 3 2029 SSBLCI 82.157
FLATHEAD 3 2029 SSBUCI 97.3502
FLATHEAD 3 2029 SSBMedian 89.0219
FLATHEAD 3 2029 SSBMean 89.2853
FLATHEAD 3 2030 SSBF100 91.5511
FLATHEAD 3 2030 SSBFabc 36.6204
FLATHEAD 3 2030 SSBFofl 32.0429
FLATHEAD 3 2030 SSBLCI 80.8272
FLATHEAD 3 2030 SSBUCI 96.5574
FLATHEAD 3 2030 SSBMedian 87.9387
FLATHEAD 3 2030 SSBMean 88.2827
FLATHEAD 3 2031 SSBF100 91.5511
FLATHEAD 3 2031 SSBFabc 36.6204
FLATHEAD 3 2031 SSBFofl 32.0429
FLATHEAD 3 2031 SSBLCI 79.7177
FLATHEAD 3 2031 SSBUCI 95.7624
FLATHEAD 3 2031 SSBMedian 87.0619
FLATHEAD 3 2031 SSBMean 87.4583
FLATHEAD 3 2032 SSBF100 91.5511
FLATHEAD 3 2032 SSBFabc 36.6204
FLATHEAD 3 2032 SSBFofl 32.0429
FLATHEAD 3 2032 SSBLCI 78.8242
FLATHEAD 3 2032 SSBUCI 95.5557
FLATHEAD 3 2032 SSBMedian 86.5032
FLATHEAD 3 2032 SSBMean 86.796
FLATHEAD 3 2033 SSBF100 91.5511
FLATHEAD 3 2033 SSBFabc 36.6204
FLATHEAD 3 2033 SSBFofl 32.0429
FLATHEAD 3 2033 SSBLCI 78.3848
FLATHEAD 3 2033 SSBUCI 94.9784
FLATHEAD 3 2033 SSBMedian 85.977
FLATHEAD 3 2033 SSBMean 86.2733
FLATHEAD 3 2017 F0 0 
FLATHEAD 3 2017 Fabc 0.284074
FLATHEAD 3 2017 Fofl 0.355733
FLATHEAD 3 2017  F_LCI 0.0153602
FLATHEAD 3 2017  F_UCI 0.0153602
FLATHEAD 3 2017  F_Median 0.0153602
FLATHEAD 3 2017  F_Mean 0.0153602
FLATHEAD 3 2018 F0 0 
FLATHEAD 3 2018 Fabc 0.284074
FLATHEAD 3 2018 Fofl 0.355733
FLATHEAD 3 2018  F_LCI 0.0160095
FLATHEAD 3 2018  F_UCI 0.0160137
FLATHEAD 3 2018  F_Median 0.0160121
FLATHEAD 3 2018  F_Mean 0.0160119
FLATHEAD 3 2019 F0 0 
FLATHEAD 3 2019 Fabc 0.284074
FLATHEAD 3 2019 Fofl 0.355733
FLATHEAD 3 2019  F_LCI 0.0186304
FLATHEAD 3 2019  F_UCI 0.0186542
FLATHEAD 3 2019  F_Median 0.0186448
FLATHEAD 3 2019  F_Mean 0.0186441
FLATHEAD 3 2020 F0 0 
FLATHEAD 3 2020 Fabc 0.284074
FLATHEAD 3 2020 Fofl 0.355733
FLATHEAD 3 2020  F_LCI 0.0131371
FLATHEAD 3 2020  F_UCI 0.0131938
FLATHEAD 3 2020  F_Median 0.0131711
FLATHEAD 3 2020  F_Mean 0.0131694
FLATHEAD 3 2021 F0 0 
FLATHEAD 3 2021 Fabc 0.284074
FLATHEAD 3 2021 Fofl 0.355733
FLATHEAD 3 2021  F_LCI 0.0169611
FLATHEAD 3 2021  F_UCI 0.0169611
FLATHEAD 3 2021  F_Median 0.0169611
FLATHEAD 3 2021  F_Mean 0.0169611
FLATHEAD 3 2022 F0 0 
FLATHEAD 3 2022 Fabc 0.284074
FLATHEAD 3 2022 Fofl 0.355733
FLATHEAD 3 2022  F_LCI 0.0169611
FLATHEAD 3 2022  F_UCI 0.0169611
FLATHEAD 3 2022  F_Median 0.0169611
FLATHEAD 3 2022  F_Mean 0.0169611
FLATHEAD 3 2023 F0 0 
FLATHEAD 3 2023 Fabc 0.284074
FLATHEAD 3 2023 Fofl 0.355733
FLATHEAD 3 2023  F_LCI 0.0169611
FLATHEAD 3 2023  F_UCI 0.0169611
FLATHEAD 3 2023  F_Median 0.0169611
FLATHEAD 3 2023  F_Mean 0.0169611
FLATHEAD 3 2024 F0 0 
FLATHEAD 3 2024 Fabc 0.284074
FLATHEAD 3 2024 Fofl 0.355733
FLATHEAD 3 2024  F_LCI 0.0169611
FLATHEAD 3 2024  F_UCI 0.0169611
FLATHEAD 3 2024  F_Median 0.0169611
FLATHEAD 3 2024  F_Mean 0.0169611
FLATHEAD 3 2025 F0 0 
FLATHEAD 3 2025 Fabc 0.284074
FLATHEAD 3 2025 Fofl 0.355733
FLATHEAD 3 2025  F_LCI 0.0169611
FLATHEAD 3 2025  F_UCI 0.0169611
FLATHEAD 3 2025  F_Median 0.0169611
FLATHEAD 3 2025  F_Mean 0.0169611
FLATHEAD 3 2026 F0 0 
FLATHEAD 3 2026 Fabc 0.284074
FLATHEAD 3 2026 Fofl 0.355733
FLATHEAD 3 2026  F_LCI 0.0169611
FLATHEAD 3 2026  F_UCI 0.0169611
FLATHEAD 3 2026  F_Median 0.0169611
FLATHEAD 3 2026  F_Mean 0.0169611
FLATHEAD 3 2027 F0 0 
FLATHEAD 3 2027 Fabc 0.284074
FLATHEAD 3 2027 Fofl 0.355733
FLATHEAD 3 2027  F_LCI 0.0169611
FLATHEAD 3 2027  F_UCI 0.0169611
FLATHEAD 3 2027  F_Median 0.0169611
FLATHEAD 3 2027  F_Mean 0.0169611
FLATHEAD 3 2028 F0 0 
FLATHEAD 3 2028 Fabc 0.284074
FLATHEAD 3 2028 Fofl 0.355733
FLATHEAD 3 2028  F_LCI 0.0169611
FLATHEAD 3 2028  F_UCI 0.0169611
FLATHEAD 3 2028  F_Median 0.0169611
FLATHEAD 3 2028  F_Mean 0.0169611
FLATHEAD 3 2029 F0 0 
FLATHEAD 3 2029 Fabc 0.284074
FLATHEAD 3 2029 Fofl 0.355733
FLATHEAD 3 2029  F_LCI 0.0169611
FLATHEAD 3 2029  F_UCI 0.0169611
FLATHEAD 3 2029  F_Median 0.0169611
FLATHEAD 3 2029  F_Mean 0.0169611
FLATHEAD 3 2030 F0 0 
FLATHEAD 3 2030 Fabc 0.284074
FLATHEAD 3 2030 Fofl 0.355733
FLATHEAD 3 2030  F_LCI 0.0169611
FLATHEAD 3 2030  F_UCI 0.0169611
FLATHEAD 3 2030  F_Median 0.0169611
FLATHEAD 3 2030  F_Mean 0.0169611
FLATHEAD 3 2031 F0 0 
FLATHEAD 3 2031 Fabc 0.284074
FLATHEAD 3 2031 Fofl 0.355733
FLATHEAD 3 2031  F_LCI 0.0169611
FLATHEAD 3 2031  F_UCI 0.0169611
FLATHEAD 3 2031  F_Median 0.0169611
FLATHEAD 3 2031  F_Mean 0.0169611
FLATHEAD 3 2032 F0 0 
FLATHEAD 3 2032 Fabc 0.284074
FLATHEAD 3 2032 Fofl 0.355733
FLATHEAD 3 2032  F_LCI 0.0169611
FLATHEAD 3 2032  F_UCI 0.0169611
FLATHEAD 3 2032  F_Median 0.0169611
FLATHEAD 3 2032  F_Mean 0.0169611
FLATHEAD 3 2033 F0 0 
FLATHEAD 3 2033 Fabc 0.284074
FLATHEAD 3 2033 Fofl 0.355733
FLATHEAD 3 2033  F_LCI 0.0169611
FLATHEAD 3 2033  F_UCI 0.0169611
FLATHEAD 3 2033  F_Median 0.0169611
FLATHEAD 3 2033  F_Mean 0.0169611
FLATHEAD 4 2017 Cabc 16.2275
FLATHEAD 4 2017 Cofl 17.6194
FLATHEAD 4 2017 CLCI 2.05
FLATHEAD 4 2017 CUCI 2.05
FLATHEAD 4 2017 CMedian 2.05
FLATHEAD 4 2017 CMean 2.05
FLATHEAD 4 2017 CStdn 3.10862e-15
FLATHEAD 4 2018 Cabc 16.2275
FLATHEAD 4 2018 Cofl 17.6194
FLATHEAD 4 2018 CLCI 2.202
FLATHEAD 4 2018 CUCI 2.202
FLATHEAD 4 2018 CMedian 2.202
FLATHEAD 4 2018 CMean 2.202
FLATHEAD 4 2018 CStdn 6.81219e-11
FLATHEAD 4 2019 Cabc 16.2275
FLATHEAD 4 2019 Cofl 17.6194
FLATHEAD 4 2019 CLCI 2.668
FLATHEAD 4 2019 CUCI 2.668
FLATHEAD 4 2019 CMedian 2.668
FLATHEAD 4 2019 CMean 2.668
FLATHEAD 4 2019 CStdn 2.35215e-10
FLATHEAD 4 2020 Cabc 16.2275
FLATHEAD 4 2020 Cofl 17.6194
FLATHEAD 4 2020 CLCI 1.965
FLATHEAD 4 2020 CUCI 1.965
FLATHEAD 4 2020 CMedian 1.965
FLATHEAD 4 2020 CMean 1.965
FLATHEAD 4 2020 CStdn 1.4624e-09
FLATHEAD 4 2021 Cabc 16.2275
FLATHEAD 4 2021 Cofl 17.6194
FLATHEAD 4 2021 CLCI 9.24481
FLATHEAD 4 2021 CUCI 9.34991
FLATHEAD 4 2021 CMedian 9.28789
FLATHEAD 4 2021 CMean 9.29131
FLATHEAD 4 2021 CStdn 0.0328927
FLATHEAD 4 2022 Cabc 16.2275
FLATHEAD 4 2022 Cofl 17.6194
FLATHEAD 4 2022 CLCI 8.98304
FLATHEAD 4 2022 CUCI 9.20808
FLATHEAD 4 2022 CMedian 9.07974
FLATHEAD 4 2022 CMean 9.08618
FLATHEAD 4 2022 CStdn 0.0714133
FLATHEAD 4 2023 Cabc 16.2275
FLATHEAD 4 2023 Cofl 17.6194
FLATHEAD 4 2023 CLCI 8.58625
FLATHEAD 4 2023 CUCI 8.99104
FLATHEAD 4 2023 CMedian 8.76738
FLATHEAD 4 2023 CMean 8.77517
FLATHEAD 4 2023 CStdn 0.129832
FLATHEAD 4 2024 Cabc 16.2275
FLATHEAD 4 2024 Cofl 17.6194
FLATHEAD 4 2024 CLCI 8.13172
FLATHEAD 4 2024 CUCI 8.77278
FLATHEAD 4 2024 CMedian 8.41654
FLATHEAD 4 2024 CMean 8.42851
FLATHEAD 4 2024 CStdn 0.202127
FLATHEAD 4 2025 Cabc 16.2275
FLATHEAD 4 2025 Cofl 17.6194
FLATHEAD 4 2025 CLCI 7.68653
FLATHEAD 4 2025 CUCI 8.56284
FLATHEAD 4 2025 CMedian 8.07239
FLATHEAD 4 2025 CMean 8.09522
FLATHEAD 4 2025 CStdn 0.275722
FLATHEAD 4 2026 Cabc 16.2275
FLATHEAD 4 2026 Cofl 17.6194
FLATHEAD 4 2026 CLCI 7.27841
FLATHEAD 4 2026 CUCI 8.36774
FLATHEAD 4 2026 CMedian 7.77764
FLATHEAD 4 2026 CMean 7.79847
FLATHEAD 4 2026 CStdn 0.337994
FLATHEAD 4 2027 Cabc 16.2275
FLATHEAD 4 2027 Cofl 17.6194
FLATHEAD 4 2027 CLCI 6.95294
FLATHEAD 4 2027 CUCI 8.22248
FLATHEAD 4 2027 CMedian 7.53112
FLATHEAD 4 2027 CMean 7.54813
FLATHEAD 4 2027 CStdn 0.38279
FLATHEAD 4 2028 Cabc 16.2275
FLATHEAD 4 2028 Cofl 17.6194
FLATHEAD 4 2028 CLCI 6.71046
FLATHEAD 4 2028 CUCI 8.03002
FLATHEAD 4 2028 CMedian 7.32123
FLATHEAD 4 2028 CMean 7.34487
FLATHEAD 4 2028 CStdn 0.411607
FLATHEAD 4 2029 Cabc 16.2275
FLATHEAD 4 2029 Cofl 17.6194
FLATHEAD 4 2029 CLCI 6.52377
FLATHEAD 4 2029 CUCI 7.94946
FLATHEAD 4 2029 CMedian 7.15093
FLATHEAD 4 2029 CMean 7.18314
FLATHEAD 4 2029 CStdn 0.428358
FLATHEAD 4 2030 Cabc 16.2275
FLATHEAD 4 2030 Cofl 17.6194
FLATHEAD 4 2030 CLCI 6.3829
FLATHEAD 4 2030 CUCI 7.80757
FLATHEAD 4 2030 CMedian 7.02196
FLATHEAD 4 2030 CMean 7.05707
FLATHEAD 4 2030 CStdn 0.437134
FLATHEAD 4 2031 Cabc 16.2275
FLATHEAD 4 2031 Cofl 17.6194
FLATHEAD 4 2031 CLCI 6.26916
FLATHEAD 4 2031 CUCI 7.70853
FLATHEAD 4 2031 CMedian 6.93084
FLATHEAD 4 2031 CMean 6.96066
FLATHEAD 4 2031 CStdn 0.441965
FLATHEAD 4 2032 Cabc 16.2275
FLATHEAD 4 2032 Cofl 17.6194
FLATHEAD 4 2032 CLCI 6.18864
FLATHEAD 4 2032 CUCI 7.63492
FLATHEAD 4 2032 CMedian 6.8661
FLATHEAD 4 2032 CMean 6.88826
FLATHEAD 4 2032 CStdn 0.44494
FLATHEAD 4 2033 Cabc 16.2275
FLATHEAD 4 2033 Cofl 17.6194
FLATHEAD 4 2033 CLCI 6.14492
FLATHEAD 4 2033 CUCI 7.58841
FLATHEAD 4 2033 CMedian 6.79915
FLATHEAD 4 2033 CMean 6.83452
FLATHEAD 4 2033 CStdn 0.446118
FLATHEAD 4 2017 SSBF100 91.5511
FLATHEAD 4 2017 SSBFabc 36.6204
FLATHEAD 4 2017 SSBFofl 32.0429
FLATHEAD 4 2017 SSBLCI 83.2979
FLATHEAD 4 2017 SSBUCI 83.2979
FLATHEAD 4 2017 SSBMedian 83.2979
FLATHEAD 4 2017 SSBMean 83.2979
FLATHEAD 4 2018 SSBF100 91.5511
FLATHEAD 4 2018 SSBFabc 36.6204
FLATHEAD 4 2018 SSBFofl 32.0429
FLATHEAD 4 2018 SSBLCI 85.7506
FLATHEAD 4 2018 SSBUCI 85.776
FLATHEAD 4 2018 SSBMedian 85.7608
FLATHEAD 4 2018 SSBMean 85.7618
FLATHEAD 4 2019 SSBF100 91.5511
FLATHEAD 4 2019 SSBFabc 36.6204
FLATHEAD 4 2019 SSBFofl 32.0429
FLATHEAD 4 2019 SSBLCI 89.0901
FLATHEAD 4 2019 SSBUCI 89.2019
FLATHEAD 4 2019 SSBMedian 89.136
FLATHEAD 4 2019 SSBMean 89.139
FLATHEAD 4 2020 SSBF100 91.5511
FLATHEAD 4 2020 SSBFabc 36.6204
FLATHEAD 4 2020 SSBFofl 32.0429
FLATHEAD 4 2020 SSBLCI 92.294
FLATHEAD 4 2020 SSBUCI 92.6503
FLATHEAD 4 2020 SSBMedian 92.4405
FLATHEAD 4 2020 SSBMean 92.452
FLATHEAD 4 2021 SSBF100 91.5511
FLATHEAD 4 2021 SSBFabc 36.6204
FLATHEAD 4 2021 SSBFofl 32.0429
FLATHEAD 4 2021 SSBLCI 94.9095
FLATHEAD 4 2021 SSBUCI 95.8364
FLATHEAD 4 2021 SSBMedian 95.2931
FLATHEAD 4 2021 SSBMean 95.3226
FLATHEAD 4 2022 SSBF100 91.5511
FLATHEAD 4 2022 SSBFabc 36.6204
FLATHEAD 4 2022 SSBFofl 32.0429
FLATHEAD 4 2022 SSBLCI 92.5399
FLATHEAD 4 2022 SSBUCI 94.5614
FLATHEAD 4 2022 SSBMedian 93.4089
FLATHEAD 4 2022 SSBMean 93.4663
FLATHEAD 4 2023 SSBF100 91.5511
FLATHEAD 4 2023 SSBFabc 36.6204
FLATHEAD 4 2023 SSBFofl 32.0429
FLATHEAD 4 2023 SSBLCI 88.9946
FLATHEAD 4 2023 SSBUCI 92.7472
FLATHEAD 4 2023 SSBMedian 90.6637
FLATHEAD 4 2023 SSBMean 90.7487
FLATHEAD 4 2024 SSBF100 91.5511
FLATHEAD 4 2024 SSBFabc 36.6204
FLATHEAD 4 2024 SSBFofl 32.0429
FLATHEAD 4 2024 SSBLCI 84.8175
FLATHEAD 4 2024 SSBUCI 90.8867
FLATHEAD 4 2024 SSBMedian 87.5016
FLATHEAD 4 2024 SSBMean 87.602
FLATHEAD 4 2025 SSBF100 91.5511
FLATHEAD 4 2025 SSBFabc 36.6204
FLATHEAD 4 2025 SSBFofl 32.0429
FLATHEAD 4 2025 SSBLCI 80.5306
FLATHEAD 4 2025 SSBUCI 88.85
FLATHEAD 4 2025 SSBMedian 84.2236
FLATHEAD 4 2025 SSBMean 84.419
FLATHEAD 4 2026 SSBF100 91.5511
FLATHEAD 4 2026 SSBFabc 36.6204
FLATHEAD 4 2026 SSBFofl 32.0429
FLATHEAD 4 2026 SSBLCI 76.4844
FLATHEAD 4 2026 SSBUCI 86.8885
FLATHEAD 4 2026 SSBMedian 81.2283
FLATHEAD 4 2026 SSBMean 81.4684
FLATHEAD 4 2027 SSBF100 91.5511
FLATHEAD 4 2027 SSBFabc 36.6204
FLATHEAD 4 2027 SSBFofl 32.0429
FLATHEAD 4 2027 SSBLCI 73.1039
FLATHEAD 4 2027 SSBUCI 85.4005
FLATHEAD 4 2027 SSBMedian 78.7291
FLATHEAD 4 2027 SSBMean 78.8884
FLATHEAD 4 2028 SSBF100 91.5511
FLATHEAD 4 2028 SSBFabc 36.6204
FLATHEAD 4 2028 SSBFofl 32.0429
FLATHEAD 4 2028 SSBLCI 70.4414
FLATHEAD 4 2028 SSBUCI 83.4424
FLATHEAD 4 2028 SSBMedian 76.5356
FLATHEAD 4 2028 SSBMean 76.7224
FLATHEAD 4 2029 SSBF100 91.5511
FLATHEAD 4 2029 SSBFabc 36.6204
FLATHEAD 4 2029 SSBFofl 32.0429
FLATHEAD 4 2029 SSBLCI 68.5228
FLATHEAD 4 2029 SSBUCI 82.4258
FLATHEAD 4 2029 SSBMedian 74.6366
FLATHEAD 4 2029 SSBMean 74.9561
FLATHEAD 4 2030 SSBF100 91.5511
FLATHEAD 4 2030 SSBFabc 36.6204
FLATHEAD 4 2030 SSBFofl 32.0429
FLATHEAD 4 2030 SSBLCI 66.8055
FLATHEAD 4 2030 SSBUCI 80.9629
FLATHEAD 4 2030 SSBMedian 73.2487
FLATHEAD 4 2030 SSBMean 73.5519
FLATHEAD 4 2031 SSBF100 91.5511
FLATHEAD 4 2031 SSBFabc 36.6204
FLATHEAD 4 2031 SSBFofl 32.0429
FLATHEAD 4 2031 SSBLCI 65.4287
FLATHEAD 4 2031 SSBUCI 79.8147
FLATHEAD 4 2031 SSBMedian 72.0972
FLATHEAD 4 2031 SSBMean 72.4579
FLATHEAD 4 2032 SSBF100 91.5511
FLATHEAD 4 2032 SSBFabc 36.6204
FLATHEAD 4 2032 SSBFofl 32.0429
FLATHEAD 4 2032 SSBLCI 64.4803
FLATHEAD 4 2032 SSBUCI 79.1933
FLATHEAD 4 2032 SSBMedian 71.3732
FLATHEAD 4 2032 SSBMean 71.6206
FLATHEAD 4 2033 SSBF100 91.5511
FLATHEAD 4 2033 SSBFabc 36.6204
FLATHEAD 4 2033 SSBFofl 32.0429
FLATHEAD 4 2033 SSBLCI 64.0533
FLATHEAD 4 2033 SSBUCI 78.5311
FLATHEAD 4 2033 SSBMedian 70.7062
FLATHEAD 4 2033 SSBMean 70.9897
FLATHEAD 4 2017 F0 0 
FLATHEAD 4 2017 Fabc 0.284074
FLATHEAD 4 2017 Fofl 0.355733
FLATHEAD 4 2017  F_LCI 0.0153602
FLATHEAD 4 2017  F_UCI 0.0153602
FLATHEAD 4 2017  F_Median 0.0153602
FLATHEAD 4 2017  F_Mean 0.0153602
FLATHEAD 4 2018 F0 0 
FLATHEAD 4 2018 Fabc 0.284074
FLATHEAD 4 2018 Fofl 0.355733
FLATHEAD 4 2018  F_LCI 0.0160095
FLATHEAD 4 2018  F_UCI 0.0160137
FLATHEAD 4 2018  F_Median 0.0160121
FLATHEAD 4 2018  F_Mean 0.0160119
FLATHEAD 4 2019 F0 0 
FLATHEAD 4 2019 Fabc 0.284074
FLATHEAD 4 2019 Fofl 0.355733
FLATHEAD 4 2019  F_LCI 0.0186304
FLATHEAD 4 2019  F_UCI 0.0186542
FLATHEAD 4 2019  F_Median 0.0186448
FLATHEAD 4 2019  F_Mean 0.0186441
FLATHEAD 4 2020 F0 0 
FLATHEAD 4 2020 Fabc 0.284074
FLATHEAD 4 2020 Fofl 0.355733
FLATHEAD 4 2020  F_LCI 0.0131371
FLATHEAD 4 2020  F_UCI 0.0131938
FLATHEAD 4 2020  F_Median 0.0131711
FLATHEAD 4 2020  F_Mean 0.0131694
FLATHEAD 4 2021 F0 0 
FLATHEAD 4 2021 Fabc 0.284074
FLATHEAD 4 2021 Fofl 0.355733
FLATHEAD 4 2021  F_LCI 0.0614374
FLATHEAD 4 2021  F_UCI 0.0614374
FLATHEAD 4 2021  F_Median 0.0614374
FLATHEAD 4 2021  F_Mean 0.0614374
FLATHEAD 4 2022 F0 0 
FLATHEAD 4 2022 Fabc 0.284074
FLATHEAD 4 2022 Fofl 0.355733
FLATHEAD 4 2022  F_LCI 0.0614374
FLATHEAD 4 2022  F_UCI 0.0614374
FLATHEAD 4 2022  F_Median 0.0614374
FLATHEAD 4 2022  F_Mean 0.0614374
FLATHEAD 4 2023 F0 0 
FLATHEAD 4 2023 Fabc 0.284074
FLATHEAD 4 2023 Fofl 0.355733
FLATHEAD 4 2023  F_LCI 0.0614374
FLATHEAD 4 2023  F_UCI 0.0614374
FLATHEAD 4 2023  F_Median 0.0614374
FLATHEAD 4 2023  F_Mean 0.0614374
FLATHEAD 4 2024 F0 0 
FLATHEAD 4 2024 Fabc 0.284074
FLATHEAD 4 2024 Fofl 0.355733
FLATHEAD 4 2024  F_LCI 0.0614374
FLATHEAD 4 2024  F_UCI 0.0614374
FLATHEAD 4 2024  F_Median 0.0614374
FLATHEAD 4 2024  F_Mean 0.0614374
FLATHEAD 4 2025 F0 0 
FLATHEAD 4 2025 Fabc 0.284074
FLATHEAD 4 2025 Fofl 0.355733
FLATHEAD 4 2025  F_LCI 0.0614374
FLATHEAD 4 2025  F_UCI 0.0614374
FLATHEAD 4 2025  F_Median 0.0614374
FLATHEAD 4 2025  F_Mean 0.0614374
FLATHEAD 4 2026 F0 0 
FLATHEAD 4 2026 Fabc 0.284074
FLATHEAD 4 2026 Fofl 0.355733
FLATHEAD 4 2026  F_LCI 0.0614374
FLATHEAD 4 2026  F_UCI 0.0614374
FLATHEAD 4 2026  F_Median 0.0614374
FLATHEAD 4 2026  F_Mean 0.0614374
FLATHEAD 4 2027 F0 0 
FLATHEAD 4 2027 Fabc 0.284074
FLATHEAD 4 2027 Fofl 0.355733
FLATHEAD 4 2027  F_LCI 0.0614374
FLATHEAD 4 2027  F_UCI 0.0614374
FLATHEAD 4 2027  F_Median 0.0614374
FLATHEAD 4 2027  F_Mean 0.0614374
FLATHEAD 4 2028 F0 0 
FLATHEAD 4 2028 Fabc 0.284074
FLATHEAD 4 2028 Fofl 0.355733
FLATHEAD 4 2028  F_LCI 0.0614374
FLATHEAD 4 2028  F_UCI 0.0614374
FLATHEAD 4 2028  F_Median 0.0614374
FLATHEAD 4 2028  F_Mean 0.0614374
FLATHEAD 4 2029 F0 0 
FLATHEAD 4 2029 Fabc 0.284074
FLATHEAD 4 2029 Fofl 0.355733
FLATHEAD 4 2029  F_LCI 0.0614374
FLATHEAD 4 2029  F_UCI 0.0614374
FLATHEAD 4 2029  F_Median 0.0614374
FLATHEAD 4 2029  F_Mean 0.0614374
FLATHEAD 4 2030 F0 0 
FLATHEAD 4 2030 Fabc 0.284074
FLATHEAD 4 2030 Fofl 0.355733
FLATHEAD 4 2030  F_LCI 0.0614374
FLATHEAD 4 2030  F_UCI 0.0614374
FLATHEAD 4 2030  F_Median 0.0614374
FLATHEAD 4 2030  F_Mean 0.0614374
FLATHEAD 4 2031 F0 0 
FLATHEAD 4 2031 Fabc 0.284074
FLATHEAD 4 2031 Fofl 0.355733
FLATHEAD 4 2031  F_LCI 0.0614374
FLATHEAD 4 2031  F_UCI 0.0614374
FLATHEAD 4 2031  F_Median 0.0614374
FLATHEAD 4 2031  F_Mean 0.0614374
FLATHEAD 4 2032 F0 0 
FLATHEAD 4 2032 Fabc 0.284074
FLATHEAD 4 2032 Fofl 0.355733
FLATHEAD 4 2032  F_LCI 0.0614374
FLATHEAD 4 2032  F_UCI 0.0614374
FLATHEAD 4 2032  F_Median 0.0614374
FLATHEAD 4 2032  F_Mean 0.0614374
FLATHEAD 4 2033 F0 0 
FLATHEAD 4 2033 Fabc 0.284074
FLATHEAD 4 2033 Fofl 0.355733
FLATHEAD 4 2033  F_LCI 0.0614374
FLATHEAD 4 2033  F_UCI 0.0614374
FLATHEAD 4 2033  F_Median 0.0614374
FLATHEAD 4 2033  F_Mean 0.0614374
FLATHEAD 5 2017 Cabc 16.2275
FLATHEAD 5 2017 Cofl 17.6194
FLATHEAD 5 2017 CLCI 2.05
FLATHEAD 5 2017 CUCI 2.05
FLATHEAD 5 2017 CMedian 2.05
FLATHEAD 5 2017 CMean 2.05
FLATHEAD 5 2017 CStdn 3.10862e-15
FLATHEAD 5 2018 Cabc 16.2275
FLATHEAD 5 2018 Cofl 17.6194
FLATHEAD 5 2018 CLCI 2.202
FLATHEAD 5 2018 CUCI 2.202
FLATHEAD 5 2018 CMedian 2.202
FLATHEAD 5 2018 CMean 2.202
FLATHEAD 5 2018 CStdn 6.81219e-11
FLATHEAD 5 2019 Cabc 16.2275
FLATHEAD 5 2019 Cofl 17.6194
FLATHEAD 5 2019 CLCI 2.668
FLATHEAD 5 2019 CUCI 2.668
FLATHEAD 5 2019 CMedian 2.668
FLATHEAD 5 2019 CMean 2.668
FLATHEAD 5 2019 CStdn 2.35215e-10
FLATHEAD 5 2020 Cabc 16.2275
FLATHEAD 5 2020 Cofl 17.6194
FLATHEAD 5 2020 CLCI 1.965
FLATHEAD 5 2020 CUCI 1.965
FLATHEAD 5 2020 CMedian 1.965
FLATHEAD 5 2020 CMean 1.965
FLATHEAD 5 2020 CStdn 1.4624e-09
FLATHEAD 5 2021 Cabc 16.2275
FLATHEAD 5 2021 Cofl 17.6194
FLATHEAD 5 2021 CLCI 0
FLATHEAD 5 2021 CUCI 0
FLATHEAD 5 2021 CMedian 0
FLATHEAD 5 2021 CMean 0
FLATHEAD 5 2021 CStdn 0
FLATHEAD 5 2022 Cabc 16.2275
FLATHEAD 5 2022 Cofl 17.6194
FLATHEAD 5 2022 CLCI 0
FLATHEAD 5 2022 CUCI 0
FLATHEAD 5 2022 CMedian 0
FLATHEAD 5 2022 CMean 0
FLATHEAD 5 2022 CStdn 0
FLATHEAD 5 2023 Cabc 16.2275
FLATHEAD 5 2023 Cofl 17.6194
FLATHEAD 5 2023 CLCI 0
FLATHEAD 5 2023 CUCI 0
FLATHEAD 5 2023 CMedian 0
FLATHEAD 5 2023 CMean 0
FLATHEAD 5 2023 CStdn 0
FLATHEAD 5 2024 Cabc 16.2275
FLATHEAD 5 2024 Cofl 17.6194
FLATHEAD 5 2024 CLCI 0
FLATHEAD 5 2024 CUCI 0
FLATHEAD 5 2024 CMedian 0
FLATHEAD 5 2024 CMean 0
FLATHEAD 5 2024 CStdn 0
FLATHEAD 5 2025 Cabc 16.2275
FLATHEAD 5 2025 Cofl 17.6194
FLATHEAD 5 2025 CLCI 0
FLATHEAD 5 2025 CUCI 0
FLATHEAD 5 2025 CMedian 0
FLATHEAD 5 2025 CMean 0
FLATHEAD 5 2025 CStdn 0
FLATHEAD 5 2026 Cabc 16.2275
FLATHEAD 5 2026 Cofl 17.6194
FLATHEAD 5 2026 CLCI 0
FLATHEAD 5 2026 CUCI 0
FLATHEAD 5 2026 CMedian 0
FLATHEAD 5 2026 CMean 0
FLATHEAD 5 2026 CStdn 0
FLATHEAD 5 2027 Cabc 16.2275
FLATHEAD 5 2027 Cofl 17.6194
FLATHEAD 5 2027 CLCI 0
FLATHEAD 5 2027 CUCI 0
FLATHEAD 5 2027 CMedian 0
FLATHEAD 5 2027 CMean 0
FLATHEAD 5 2027 CStdn 0
FLATHEAD 5 2028 Cabc 16.2275
FLATHEAD 5 2028 Cofl 17.6194
FLATHEAD 5 2028 CLCI 0
FLATHEAD 5 2028 CUCI 0
FLATHEAD 5 2028 CMedian 0
FLATHEAD 5 2028 CMean 0
FLATHEAD 5 2028 CStdn 0
FLATHEAD 5 2029 Cabc 16.2275
FLATHEAD 5 2029 Cofl 17.6194
FLATHEAD 5 2029 CLCI 0
FLATHEAD 5 2029 CUCI 0
FLATHEAD 5 2029 CMedian 0
FLATHEAD 5 2029 CMean 0
FLATHEAD 5 2029 CStdn 0
FLATHEAD 5 2030 Cabc 16.2275
FLATHEAD 5 2030 Cofl 17.6194
FLATHEAD 5 2030 CLCI 0
FLATHEAD 5 2030 CUCI 0
FLATHEAD 5 2030 CMedian 0
FLATHEAD 5 2030 CMean 0
FLATHEAD 5 2030 CStdn 0
FLATHEAD 5 2031 Cabc 16.2275
FLATHEAD 5 2031 Cofl 17.6194
FLATHEAD 5 2031 CLCI 0
FLATHEAD 5 2031 CUCI 0
FLATHEAD 5 2031 CMedian 0
FLATHEAD 5 2031 CMean 0
FLATHEAD 5 2031 CStdn 0
FLATHEAD 5 2032 Cabc 16.2275
FLATHEAD 5 2032 Cofl 17.6194
FLATHEAD 5 2032 CLCI 0
FLATHEAD 5 2032 CUCI 0
FLATHEAD 5 2032 CMedian 0
FLATHEAD 5 2032 CMean 0
FLATHEAD 5 2032 CStdn 0
FLATHEAD 5 2033 Cabc 16.2275
FLATHEAD 5 2033 Cofl 17.6194
FLATHEAD 5 2033 CLCI 0
FLATHEAD 5 2033 CUCI 0
FLATHEAD 5 2033 CMedian 0
FLATHEAD 5 2033 CMean 0
FLATHEAD 5 2033 CStdn 0
FLATHEAD 5 2017 SSBF100 91.5511
FLATHEAD 5 2017 SSBFabc 36.6204
FLATHEAD 5 2017 SSBFofl 32.0429
FLATHEAD 5 2017 SSBLCI 83.2979
FLATHEAD 5 2017 SSBUCI 83.2979
FLATHEAD 5 2017 SSBMedian 83.2979
FLATHEAD 5 2017 SSBMean 83.2979
FLATHEAD 5 2018 SSBF100 91.5511
FLATHEAD 5 2018 SSBFabc 36.6204
FLATHEAD 5 2018 SSBFofl 32.0429
FLATHEAD 5 2018 SSBLCI 85.7506
FLATHEAD 5 2018 SSBUCI 85.776
FLATHEAD 5 2018 SSBMedian 85.7608
FLATHEAD 5 2018 SSBMean 85.7618
FLATHEAD 5 2019 SSBF100 91.5511
FLATHEAD 5 2019 SSBFabc 36.6204
FLATHEAD 5 2019 SSBFofl 32.0429
FLATHEAD 5 2019 SSBLCI 89.0901
FLATHEAD 5 2019 SSBUCI 89.2019
FLATHEAD 5 2019 SSBMedian 89.136
FLATHEAD 5 2019 SSBMean 89.139
FLATHEAD 5 2020 SSBF100 91.5511
FLATHEAD 5 2020 SSBFabc 36.6204
FLATHEAD 5 2020 SSBFofl 32.0429
FLATHEAD 5 2020 SSBLCI 92.294
FLATHEAD 5 2020 SSBUCI 92.6503
FLATHEAD 5 2020 SSBMedian 92.4405
FLATHEAD 5 2020 SSBMean 92.452
FLATHEAD 5 2021 SSBF100 91.5511
FLATHEAD 5 2021 SSBFabc 36.6204
FLATHEAD 5 2021 SSBFofl 32.0429
FLATHEAD 5 2021 SSBLCI 94.9095
FLATHEAD 5 2021 SSBUCI 95.8364
FLATHEAD 5 2021 SSBMedian 95.2931
FLATHEAD 5 2021 SSBMean 95.3226
FLATHEAD 5 2022 SSBF100 91.5511
FLATHEAD 5 2022 SSBFabc 36.6204
FLATHEAD 5 2022 SSBFofl 32.0429
FLATHEAD 5 2022 SSBLCI 96.9428
FLATHEAD 5 2022 SSBUCI 98.9723
FLATHEAD 5 2022 SSBMedian 97.8149
FLATHEAD 5 2022 SSBMean 97.8723
FLATHEAD 5 2023 SSBF100 91.5511
FLATHEAD 5 2023 SSBFabc 36.6204
FLATHEAD 5 2023 SSBFofl 32.0429
FLATHEAD 5 2023 SSBLCI 97.3794
FLATHEAD 5 2023 SSBUCI 101.18
FLATHEAD 5 2023 SSBMedian 99.0678
FLATHEAD 5 2023 SSBMean 99.1544
FLATHEAD 5 2024 SSBF100 91.5511
FLATHEAD 5 2024 SSBFabc 36.6204
FLATHEAD 5 2024 SSBFofl 32.0429
FLATHEAD 5 2024 SSBLCI 96.6031
FLATHEAD 5 2024 SSBUCI 102.801
FLATHEAD 5 2024 SSBMedian 99.3622
FLATHEAD 5 2024 SSBMean 99.4473
FLATHEAD 5 2025 SSBF100 91.5511
FLATHEAD 5 2025 SSBFabc 36.6204
FLATHEAD 5 2025 SSBFofl 32.0429
FLATHEAD 5 2025 SSBLCI 95.0508
FLATHEAD 5 2025 SSBUCI 103.708
FLATHEAD 5 2025 SSBMedian 98.9165
FLATHEAD 5 2025 SSBMean 99.0897
FLATHEAD 5 2026 SSBF100 91.5511
FLATHEAD 5 2026 SSBFabc 36.6204
FLATHEAD 5 2026 SSBFofl 32.0429
FLATHEAD 5 2026 SSBLCI 93.1001
FLATHEAD 5 2026 SSBUCI 104.152
FLATHEAD 5 2026 SSBMedian 98.121
FLATHEAD 5 2026 SSBMean 98.3784
FLATHEAD 5 2027 SSBF100 91.5511
FLATHEAD 5 2027 SSBFabc 36.6204
FLATHEAD 5 2027 SSBFofl 32.0429
FLATHEAD 5 2027 SSBLCI 91.2704
FLATHEAD 5 2027 SSBUCI 104.596
FLATHEAD 5 2027 SSBMedian 97.2778
FLATHEAD 5 2027 SSBMean 97.5226
FLATHEAD 5 2028 SSBF100 91.5511
FLATHEAD 5 2028 SSBFabc 36.6204
FLATHEAD 5 2028 SSBFofl 32.0429
FLATHEAD 5 2028 SSBLCI 89.6452
FLATHEAD 5 2028 SSBUCI 104.127
FLATHEAD 5 2028 SSBMedian 96.4356
FLATHEAD 5 2028 SSBMean 96.6533
FLATHEAD 5 2029 SSBF100 91.5511
FLATHEAD 5 2029 SSBFabc 36.6204
FLATHEAD 5 2029 SSBFofl 32.0429
FLATHEAD 5 2029 SSBLCI 88.4975
FLATHEAD 5 2029 SSBUCI 104.093
FLATHEAD 5 2029 SSBMedian 95.5327
FLATHEAD 5 2029 SSBMean 95.8432
FLATHEAD 5 2030 SSBF100 91.5511
FLATHEAD 5 2030 SSBFabc 36.6204
FLATHEAD 5 2030 SSBFofl 32.0429
FLATHEAD 5 2030 SSBLCI 87.4905
FLATHEAD 5 2030 SSBUCI 103.894
FLATHEAD 5 2030 SSBMedian 94.8222
FLATHEAD 5 2030 SSBMean 95.1316
FLATHEAD 5 2031 SSBF100 91.5511
FLATHEAD 5 2031 SSBFabc 36.6204
FLATHEAD 5 2031 SSBFofl 32.0429
FLATHEAD 5 2031 SSBLCI 86.4391
FLATHEAD 5 2031 SSBUCI 103.244
FLATHEAD 5 2031 SSBMedian 94.0705
FLATHEAD 5 2031 SSBMean 94.531
FLATHEAD 5 2032 SSBF100 91.5511
FLATHEAD 5 2032 SSBFabc 36.6204
FLATHEAD 5 2032 SSBFofl 32.0429
FLATHEAD 5 2032 SSBLCI 85.5362
FLATHEAD 5 2032 SSBUCI 103.146
FLATHEAD 5 2032 SSBMedian 93.6872
FLATHEAD 5 2032 SSBMean 94.0396
FLATHEAD 5 2033 SSBF100 91.5511
FLATHEAD 5 2033 SSBFabc 36.6204
FLATHEAD 5 2033 SSBFofl 32.0429
FLATHEAD 5 2033 SSBLCI 85.3649
FLATHEAD 5 2033 SSBUCI 102.867
FLATHEAD 5 2033 SSBMedian 93.339
FLATHEAD 5 2033 SSBMean 93.6468
FLATHEAD 5 2017 F0 0 
FLATHEAD 5 2017 Fabc 0.284074
FLATHEAD 5 2017 Fofl 0.355733
FLATHEAD 5 2017  F_LCI 0.0153602
FLATHEAD 5 2017  F_UCI 0.0153602
FLATHEAD 5 2017  F_Median 0.0153602
FLATHEAD 5 2017  F_Mean 0.0153602
FLATHEAD 5 2018 F0 0 
FLATHEAD 5 2018 Fabc 0.284074
FLATHEAD 5 2018 Fofl 0.355733
FLATHEAD 5 2018  F_LCI 0.0160095
FLATHEAD 5 2018  F_UCI 0.0160137
FLATHEAD 5 2018  F_Median 0.0160121
FLATHEAD 5 2018  F_Mean 0.0160119
FLATHEAD 5 2019 F0 0 
FLATHEAD 5 2019 Fabc 0.284074
FLATHEAD 5 2019 Fofl 0.355733
FLATHEAD 5 2019  F_LCI 0.0186304
FLATHEAD 5 2019  F_UCI 0.0186542
FLATHEAD 5 2019  F_Median 0.0186448
FLATHEAD 5 2019  F_Mean 0.0186441
FLATHEAD 5 2020 F0 0 
FLATHEAD 5 2020 Fabc 0.284074
FLATHEAD 5 2020 Fofl 0.355733
FLATHEAD 5 2020  F_LCI 0.0131371
FLATHEAD 5 2020  F_UCI 0.0131938
FLATHEAD 5 2020  F_Median 0.0131711
FLATHEAD 5 2020  F_Mean 0.0131694
FLATHEAD 5 2021 F0 0 
FLATHEAD 5 2021 Fabc 0.284074
FLATHEAD 5 2021 Fofl 0.355733
FLATHEAD 5 2021  F_LCI 0
FLATHEAD 5 2021  F_UCI 0
FLATHEAD 5 2021  F_Median 0
FLATHEAD 5 2021  F_Mean 0
FLATHEAD 5 2022 F0 0 
FLATHEAD 5 2022 Fabc 0.284074
FLATHEAD 5 2022 Fofl 0.355733
FLATHEAD 5 2022  F_LCI 0
FLATHEAD 5 2022  F_UCI 0
FLATHEAD 5 2022  F_Median 0
FLATHEAD 5 2022  F_Mean 0
FLATHEAD 5 2023 F0 0 
FLATHEAD 5 2023 Fabc 0.284074
FLATHEAD 5 2023 Fofl 0.355733
FLATHEAD 5 2023  F_LCI 0
FLATHEAD 5 2023  F_UCI 0
FLATHEAD 5 2023  F_Median 0
FLATHEAD 5 2023  F_Mean 0
FLATHEAD 5 2024 F0 0 
FLATHEAD 5 2024 Fabc 0.284074
FLATHEAD 5 2024 Fofl 0.355733
FLATHEAD 5 2024  F_LCI 0
FLATHEAD 5 2024  F_UCI 0
FLATHEAD 5 2024  F_Median 0
FLATHEAD 5 2024  F_Mean 0
FLATHEAD 5 2025 F0 0 
FLATHEAD 5 2025 Fabc 0.284074
FLATHEAD 5 2025 Fofl 0.355733
FLATHEAD 5 2025  F_LCI 0
FLATHEAD 5 2025  F_UCI 0
FLATHEAD 5 2025  F_Median 0
FLATHEAD 5 2025  F_Mean 0
FLATHEAD 5 2026 F0 0 
FLATHEAD 5 2026 Fabc 0.284074
FLATHEAD 5 2026 Fofl 0.355733
FLATHEAD 5 2026  F_LCI 0
FLATHEAD 5 2026  F_UCI 0
FLATHEAD 5 2026  F_Median 0
FLATHEAD 5 2026  F_Mean 0
FLATHEAD 5 2027 F0 0 
FLATHEAD 5 2027 Fabc 0.284074
FLATHEAD 5 2027 Fofl 0.355733
FLATHEAD 5 2027  F_LCI 0
FLATHEAD 5 2027  F_UCI 0
FLATHEAD 5 2027  F_Median 0
FLATHEAD 5 2027  F_Mean 0
FLATHEAD 5 2028 F0 0 
FLATHEAD 5 2028 Fabc 0.284074
FLATHEAD 5 2028 Fofl 0.355733
FLATHEAD 5 2028  F_LCI 0
FLATHEAD 5 2028  F_UCI 0
FLATHEAD 5 2028  F_Median 0
FLATHEAD 5 2028  F_Mean 0
FLATHEAD 5 2029 F0 0 
FLATHEAD 5 2029 Fabc 0.284074
FLATHEAD 5 2029 Fofl 0.355733
FLATHEAD 5 2029  F_LCI 0
FLATHEAD 5 2029  F_UCI 0
FLATHEAD 5 2029  F_Median 0
FLATHEAD 5 2029  F_Mean 0
FLATHEAD 5 2030 F0 0 
FLATHEAD 5 2030 Fabc 0.284074
FLATHEAD 5 2030 Fofl 0.355733
FLATHEAD 5 2030  F_LCI 0
FLATHEAD 5 2030  F_UCI 0
FLATHEAD 5 2030  F_Median 0
FLATHEAD 5 2030  F_Mean 0
FLATHEAD 5 2031 F0 0 
FLATHEAD 5 2031 Fabc 0.284074
FLATHEAD 5 2031 Fofl 0.355733
FLATHEAD 5 2031  F_LCI 0
FLATHEAD 5 2031  F_UCI 0
FLATHEAD 5 2031  F_Median 0
FLATHEAD 5 2031  F_Mean 0
FLATHEAD 5 2032 F0 0 
FLATHEAD 5 2032 Fabc 0.284074
FLATHEAD 5 2032 Fofl 0.355733
FLATHEAD 5 2032  F_LCI 0
FLATHEAD 5 2032  F_UCI 0
FLATHEAD 5 2032  F_Median 0
FLATHEAD 5 2032  F_Mean 0
FLATHEAD 5 2033 F0 0 
FLATHEAD 5 2033 Fabc 0.284074
FLATHEAD 5 2033 Fofl 0.355733
FLATHEAD 5 2033  F_LCI 0
FLATHEAD 5 2033  F_UCI 0
FLATHEAD 5 2033  F_Median 0
FLATHEAD 5 2033  F_Mean 0
FLATHEAD 6 2017 Cabc 16.2275
FLATHEAD 6 2017 Cofl 17.6194
FLATHEAD 6 2017 CLCI 2.05
FLATHEAD 6 2017 CUCI 2.05
FLATHEAD 6 2017 CMedian 2.05
FLATHEAD 6 2017 CMean 2.05
FLATHEAD 6 2017 CStdn 3.10862e-15
FLATHEAD 6 2018 Cabc 16.2275
FLATHEAD 6 2018 Cofl 17.6194
FLATHEAD 6 2018 CLCI 43.004
FLATHEAD 6 2018 CUCI 43.0166
FLATHEAD 6 2018 CMedian 43.0091
FLATHEAD 6 2018 CMean 43.0096
FLATHEAD 6 2018 CStdn 0.00401104
FLATHEAD 6 2019 Cabc 16.2275
FLATHEAD 6 2019 Cofl 17.6194
FLATHEAD 6 2019 CLCI 35.4501
FLATHEAD 6 2019 CUCI 35.5134
FLATHEAD 6 2019 CMedian 35.4759
FLATHEAD 6 2019 CMean 35.4776
FLATHEAD 6 2019 CStdn 0.0200151
FLATHEAD 6 2020 Cabc 16.2275
FLATHEAD 6 2020 Cofl 17.6194
FLATHEAD 6 2020 CLCI 30.4545
FLATHEAD 6 2020 CUCI 30.6722
FLATHEAD 6 2020 CMedian 30.5435
FLATHEAD 6 2020 CMean 30.5505
FLATHEAD 6 2020 CStdn 0.0693373
FLATHEAD 6 2021 Cabc 16.2275
FLATHEAD 6 2021 Cofl 17.6194
FLATHEAD 6 2021 CLCI 26.6004
FLATHEAD 6 2021 CUCI 27.1829
FLATHEAD 6 2021 CMedian 26.8413
FLATHEAD 6 2021 CMean 26.8594
FLATHEAD 6 2021 CStdn 0.182922
FLATHEAD 6 2022 Cabc 16.2275
FLATHEAD 6 2022 Cofl 17.6194
FLATHEAD 6 2022 CLCI 23.2864
FLATHEAD 6 2022 CUCI 24.4976
FLATHEAD 6 2022 CMedian 23.8132
FLATHEAD 6 2022 CMean 23.8452
FLATHEAD 6 2022 CStdn 0.383546
FLATHEAD 6 2023 Cabc 16.2275
FLATHEAD 6 2023 Cofl 17.6194
FLATHEAD 6 2023 CLCI 20.4929
FLATHEAD 6 2023 CUCI 22.5324
FLATHEAD 6 2023 CMedian 21.4106
FLATHEAD 6 2023 CMean 21.44
FLATHEAD 6 2023 CStdn 0.655354
FLATHEAD 6 2024 Cabc 16.2275
FLATHEAD 6 2024 Cofl 17.6194
FLATHEAD 6 2024 CLCI 18.2717
FLATHEAD 6 2024 CUCI 21.2323
FLATHEAD 6 2024 CMedian 19.5988
FLATHEAD 6 2024 CMean 19.6348
FLATHEAD 6 2024 CStdn 0.964023
FLATHEAD 6 2025 Cabc 16.2275
FLATHEAD 6 2025 Cofl 17.6194
FLATHEAD 6 2025 CLCI 15.2362
FLATHEAD 6 2025 CUCI 20.3266
FLATHEAD 6 2025 CMedian 18.2436
FLATHEAD 6 2025 CMean 18.017
FLATHEAD 6 2025 CStdn 1.58965
FLATHEAD 6 2026 Cabc 16.2275
FLATHEAD 6 2026 Cofl 17.6194
FLATHEAD 6 2026 CLCI 13.7423
FLATHEAD 6 2026 CUCI 19.8544
FLATHEAD 6 2026 CMedian 16.6678
FLATHEAD 6 2026 CMean 16.7746
FLATHEAD 6 2026 CStdn 1.87571
FLATHEAD 6 2027 Cabc 16.2275
FLATHEAD 6 2027 Cofl 17.6194
FLATHEAD 6 2027 CLCI 13.2933
FLATHEAD 6 2027 CUCI 19.4135
FLATHEAD 6 2027 CMedian 15.954
FLATHEAD 6 2027 CMean 16.1165
FLATHEAD 6 2027 CStdn 1.90786
FLATHEAD 6 2028 Cabc 16.2275
FLATHEAD 6 2028 Cofl 17.6194
FLATHEAD 6 2028 CLCI 12.9959
FLATHEAD 6 2028 CUCI 19.2133
FLATHEAD 6 2028 CMedian 15.6751
FLATHEAD 6 2028 CMean 15.8437
FLATHEAD 6 2028 CStdn 1.87379
FLATHEAD 6 2029 Cabc 16.2275
FLATHEAD 6 2029 Cofl 17.6194
FLATHEAD 6 2029 CLCI 12.9597
FLATHEAD 6 2029 CUCI 19.0123
FLATHEAD 6 2029 CMedian 15.6735
FLATHEAD 6 2029 CMean 15.776
FLATHEAD 6 2029 CStdn 1.83832
FLATHEAD 6 2030 Cabc 16.2275
FLATHEAD 6 2030 Cofl 17.6194
FLATHEAD 6 2030 CLCI 13.031
FLATHEAD 6 2030 CUCI 18.9988
FLATHEAD 6 2030 CMedian 15.665
FLATHEAD 6 2030 CMean 15.7979
FLATHEAD 6 2030 CStdn 1.81533
FLATHEAD 6 2031 Cabc 16.2275
FLATHEAD 6 2031 Cofl 17.6194
FLATHEAD 6 2031 CLCI 13.1007
FLATHEAD 6 2031 CUCI 19.0179
FLATHEAD 6 2031 CMedian 15.6893
FLATHEAD 6 2031 CMean 15.8493
FLATHEAD 6 2031 CStdn 1.80297
FLATHEAD 6 2032 Cabc 16.2275
FLATHEAD 6 2032 Cofl 17.6194
FLATHEAD 6 2032 CLCI 13.2067
FLATHEAD 6 2032 CUCI 19.0524
FLATHEAD 6 2032 CMedian 15.7253
FLATHEAD 6 2032 CMean 15.9136
FLATHEAD 6 2032 CStdn 1.80096
FLATHEAD 6 2033 Cabc 16.2275
FLATHEAD 6 2033 Cofl 17.6194
FLATHEAD 6 2033 CLCI 13.207
FLATHEAD 6 2033 CUCI 19.1151
FLATHEAD 6 2033 CMedian 15.8668
FLATHEAD 6 2033 CMean 15.9695
FLATHEAD 6 2033 CStdn 1.79398
FLATHEAD 6 2017 SSBF100 91.5511
FLATHEAD 6 2017 SSBFabc 36.6204
FLATHEAD 6 2017 SSBFofl 32.0429
FLATHEAD 6 2017 SSBLCI 83.2979
FLATHEAD 6 2017 SSBUCI 83.2979
FLATHEAD 6 2017 SSBMedian 83.2979
FLATHEAD 6 2017 SSBMean 83.2979
FLATHEAD 6 2018 SSBF100 91.5511
FLATHEAD 6 2018 SSBFabc 36.6204
FLATHEAD 6 2018 SSBFofl 32.0429
FLATHEAD 6 2018 SSBLCI 85.7506
FLATHEAD 6 2018 SSBUCI 85.776
FLATHEAD 6 2018 SSBMedian 85.7608
FLATHEAD 6 2018 SSBMean 85.7618
FLATHEAD 6 2019 SSBF100 91.5511
FLATHEAD 6 2019 SSBFabc 36.6204
FLATHEAD 6 2019 SSBFofl 32.0429
FLATHEAD 6 2019 SSBLCI 70.3674
FLATHEAD 6 2019 SSBUCI 70.4788
FLATHEAD 6 2019 SSBMedian 70.4132
FLATHEAD 6 2019 SSBMean 70.4161
FLATHEAD 6 2020 SSBF100 91.5511
FLATHEAD 6 2020 SSBFabc 36.6204
FLATHEAD 6 2020 SSBFofl 32.0429
FLATHEAD 6 2020 SSBLCI 60.424
FLATHEAD 6 2020 SSBUCI 60.7765
FLATHEAD 6 2020 SSBMedian 60.5692
FLATHEAD 6 2020 SSBMean 60.5807
FLATHEAD 6 2021 SSBF100 91.5511
FLATHEAD 6 2021 SSBFabc 36.6204
FLATHEAD 6 2021 SSBFofl 32.0429
FLATHEAD 6 2021 SSBLCI 52.9756
FLATHEAD 6 2021 SSBUCI 53.8814
FLATHEAD 6 2021 SSBMedian 53.3501
FLATHEAD 6 2021 SSBMean 53.3794
FLATHEAD 6 2022 SSBF100 91.5511
FLATHEAD 6 2022 SSBFabc 36.6204
FLATHEAD 6 2022 SSBFofl 32.0429
FLATHEAD 6 2022 SSBLCI 46.6494
FLATHEAD 6 2022 SSBUCI 48.6062
FLATHEAD 6 2022 SSBMedian 47.4953
FLATHEAD 6 2022 SSBMean 47.55
FLATHEAD 6 2023 SSBF100 91.5511
FLATHEAD 6 2023 SSBFabc 36.6204
FLATHEAD 6 2023 SSBFofl 32.0429
FLATHEAD 6 2023 SSBLCI 41.2197
FLATHEAD 6 2023 SSBUCI 44.702
FLATHEAD 6 2023 SSBMedian 42.7797
FLATHEAD 6 2023 SSBMean 42.8418
FLATHEAD 6 2024 SSBF100 91.5511
FLATHEAD 6 2024 SSBFabc 36.6204
FLATHEAD 6 2024 SSBFofl 32.0429
FLATHEAD 6 2024 SSBLCI 36.7372
FLATHEAD 6 2024 SSBUCI 42.0827
FLATHEAD 6 2024 SSBMedian 39.1326
FLATHEAD 6 2024 SSBMean 39.2293
FLATHEAD 6 2025 SSBF100 91.5511
FLATHEAD 6 2025 SSBFabc 36.6204
FLATHEAD 6 2025 SSBFofl 32.0429
FLATHEAD 6 2025 SSBLCI 33.3937
FLATHEAD 6 2025 SSBUCI 40.1525
FLATHEAD 6 2025 SSBMedian 36.4852
FLATHEAD 6 2025 SSBMean 36.6156
FLATHEAD 6 2026 SSBF100 91.5511
FLATHEAD 6 2026 SSBFabc 36.6204
FLATHEAD 6 2026 SSBFofl 32.0429
FLATHEAD 6 2026 SSBLCI 31.6023
FLATHEAD 6 2026 SSBUCI 39.0215
FLATHEAD 6 2026 SSBMedian 34.7145
FLATHEAD 6 2026 SSBMean 34.9792
FLATHEAD 6 2027 SSBF100 91.5511
FLATHEAD 6 2027 SSBFabc 36.6204
FLATHEAD 6 2027 SSBFofl 32.0429
FLATHEAD 6 2027 SSBLCI 30.9358
FLATHEAD 6 2027 SSBUCI 38.1726
FLATHEAD 6 2027 SSBMedian 33.9141
FLATHEAD 6 2027 SSBMean 34.1274
FLATHEAD 6 2028 SSBF100 91.5511
FLATHEAD 6 2028 SSBFabc 36.6204
FLATHEAD 6 2028 SSBFofl 32.0429
FLATHEAD 6 2028 SSBLCI 30.5514
FLATHEAD 6 2028 SSBUCI 37.6912
FLATHEAD 6 2028 SSBMedian 33.5347
FLATHEAD 6 2028 SSBMean 33.749
FLATHEAD 6 2029 SSBF100 91.5511
FLATHEAD 6 2029 SSBFabc 36.6204
FLATHEAD 6 2029 SSBFofl 32.0429
FLATHEAD 6 2029 SSBLCI 30.4534
FLATHEAD 6 2029 SSBUCI 37.2704
FLATHEAD 6 2029 SSBMedian 33.4668
FLATHEAD 6 2029 SSBMean 33.6217
FLATHEAD 6 2030 SSBF100 91.5511
FLATHEAD 6 2030 SSBFabc 36.6204
FLATHEAD 6 2030 SSBFofl 32.0429
FLATHEAD 6 2030 SSBLCI 30.5298
FLATHEAD 6 2030 SSBUCI 37.139
FLATHEAD 6 2030 SSBMedian 33.5408
FLATHEAD 6 2030 SSBMean 33.6161
FLATHEAD 6 2031 SSBF100 91.5511
FLATHEAD 6 2031 SSBFabc 36.6204
FLATHEAD 6 2031 SSBFofl 32.0429
FLATHEAD 6 2031 SSBLCI 30.6092
FLATHEAD 6 2031 SSBUCI 37.1393
FLATHEAD 6 2031 SSBMedian 33.4885
FLATHEAD 6 2031 SSBMean 33.6617
FLATHEAD 6 2032 SSBF100 91.5511
FLATHEAD 6 2032 SSBFabc 36.6204
FLATHEAD 6 2032 SSBFofl 32.0429
FLATHEAD 6 2032 SSBLCI 30.7016
FLATHEAD 6 2032 SSBUCI 37.1797
FLATHEAD 6 2032 SSBMedian 33.5335
FLATHEAD 6 2032 SSBMean 33.7228
FLATHEAD 6 2033 SSBF100 91.5511
FLATHEAD 6 2033 SSBFabc 36.6204
FLATHEAD 6 2033 SSBFofl 32.0429
FLATHEAD 6 2033 SSBLCI 30.633
FLATHEAD 6 2033 SSBUCI 37.329
FLATHEAD 6 2033 SSBMedian 33.6638
FLATHEAD 6 2033 SSBMean 33.7802
FLATHEAD 6 2017 F0 0 
FLATHEAD 6 2017 Fabc 0.284074
FLATHEAD 6 2017 Fofl 0.355733
FLATHEAD 6 2017  F_LCI 0.0153602
FLATHEAD 6 2017  F_UCI 0.0153602
FLATHEAD 6 2017  F_Median 0.0153602
FLATHEAD 6 2017  F_Mean 0.0153602
FLATHEAD 6 2018 F0 0 
FLATHEAD 6 2018 Fabc 0.284074
FLATHEAD 6 2018 Fofl 0.355733
FLATHEAD 6 2018  F_LCI 0.355733
FLATHEAD 6 2018  F_UCI 0.355733
FLATHEAD 6 2018  F_Median 0.355733
FLATHEAD 6 2018  F_Mean 0.355733
FLATHEAD 6 2019 F0 0 
FLATHEAD 6 2019 Fabc 0.284074
FLATHEAD 6 2019 Fofl 0.355733
FLATHEAD 6 2019  F_LCI 0.355733
FLATHEAD 6 2019  F_UCI 0.355733
FLATHEAD 6 2019  F_Median 0.355733
FLATHEAD 6 2019  F_Mean 0.355733
FLATHEAD 6 2020 F0 0 
FLATHEAD 6 2020 Fabc 0.284074
FLATHEAD 6 2020 Fofl 0.355733
FLATHEAD 6 2020  F_LCI 0.355733
FLATHEAD 6 2020  F_UCI 0.355733
FLATHEAD 6 2020  F_Median 0.355733
FLATHEAD 6 2020  F_Mean 0.355733
FLATHEAD 6 2021 F0 0 
FLATHEAD 6 2021 Fabc 0.284074
FLATHEAD 6 2021 Fofl 0.355733
FLATHEAD 6 2021  F_LCI 0.355733
FLATHEAD 6 2021  F_UCI 0.355733
FLATHEAD 6 2021  F_Median 0.355733
FLATHEAD 6 2021  F_Mean 0.355733
FLATHEAD 6 2022 F0 0 
FLATHEAD 6 2022 Fabc 0.284074
FLATHEAD 6 2022 Fofl 0.355733
FLATHEAD 6 2022  F_LCI 0.355733
FLATHEAD 6 2022  F_UCI 0.355733
FLATHEAD 6 2022  F_Median 0.355733
FLATHEAD 6 2022  F_Mean 0.355733
FLATHEAD 6 2023 F0 0 
FLATHEAD 6 2023 Fabc 0.284074
FLATHEAD 6 2023 Fofl 0.355733
FLATHEAD 6 2023  F_LCI 0.355733
FLATHEAD 6 2023  F_UCI 0.355733
FLATHEAD 6 2023  F_Median 0.355733
FLATHEAD 6 2023  F_Mean 0.355733
FLATHEAD 6 2024 F0 0 
FLATHEAD 6 2024 Fabc 0.284074
FLATHEAD 6 2024 Fofl 0.355733
FLATHEAD 6 2024  F_LCI 0.355733
FLATHEAD 6 2024  F_UCI 0.355733
FLATHEAD 6 2024  F_Median 0.355733
FLATHEAD 6 2024  F_Mean 0.35545
FLATHEAD 6 2025 F0 0 
FLATHEAD 6 2025 Fabc 0.284074
FLATHEAD 6 2025 Fofl 0.355733
FLATHEAD 6 2025  F_LCI 0.322739
FLATHEAD 6 2025  F_UCI 0.355733
FLATHEAD 6 2025  F_Median 0.35435
FLATHEAD 6 2025  F_Mean 0.34697
FLATHEAD 6 2026 F0 0 
FLATHEAD 6 2026 Fabc 0.284074
FLATHEAD 6 2026 Fofl 0.355733
FLATHEAD 6 2026  F_LCI 0.304421
FLATHEAD 6 2026  F_UCI 0.355733
FLATHEAD 6 2026  F_Median 0.336245
FLATHEAD 6 2026  F_Mean 0.335283
FLATHEAD 6 2027 F0 0 
FLATHEAD 6 2027 Fabc 0.284074
FLATHEAD 6 2027 Fofl 0.355733
FLATHEAD 6 2027  F_LCI 0.297606
FLATHEAD 6 2027  F_UCI 0.355733
FLATHEAD 6 2027  F_Median 0.32806
FLATHEAD 6 2027  F_Mean 0.328161
FLATHEAD 6 2028 F0 0 
FLATHEAD 6 2028 Fabc 0.284074
FLATHEAD 6 2028 Fofl 0.355733
FLATHEAD 6 2028  F_LCI 0.293675
FLATHEAD 6 2028  F_UCI 0.355733
FLATHEAD 6 2028  F_Median 0.324181
FLATHEAD 6 2028  F_Mean 0.324939
FLATHEAD 6 2029 F0 0 
FLATHEAD 6 2029 Fabc 0.284074
FLATHEAD 6 2029 Fofl 0.355733
FLATHEAD 6 2029  F_LCI 0.292674
FLATHEAD 6 2029  F_UCI 0.355733
FLATHEAD 6 2029  F_Median 0.323487
FLATHEAD 6 2029  F_Mean 0.324005
FLATHEAD 6 2030 F0 0 
FLATHEAD 6 2030 Fabc 0.284074
FLATHEAD 6 2030 Fofl 0.355733
FLATHEAD 6 2030  F_LCI 0.293454
FLATHEAD 6 2030  F_UCI 0.355733
FLATHEAD 6 2030  F_Median 0.324243
FLATHEAD 6 2030  F_Mean 0.324078
FLATHEAD 6 2031 F0 0 
FLATHEAD 6 2031 Fabc 0.284074
FLATHEAD 6 2031 Fofl 0.355733
FLATHEAD 6 2031  F_LCI 0.294267
FLATHEAD 6 2031  F_UCI 0.355733
FLATHEAD 6 2031  F_Median 0.323709
FLATHEAD 6 2031  F_Mean 0.324463
FLATHEAD 6 2032 F0 0 
FLATHEAD 6 2032 Fabc 0.284074
FLATHEAD 6 2032 Fofl 0.355733
FLATHEAD 6 2032  F_LCI 0.295211
FLATHEAD 6 2032  F_UCI 0.355733
FLATHEAD 6 2032  F_Median 0.324169
FLATHEAD 6 2032  F_Mean 0.325087
FLATHEAD 6 2033 F0 0 
FLATHEAD 6 2033 Fabc 0.284074
FLATHEAD 6 2033 Fofl 0.355733
FLATHEAD 6 2033  F_LCI 0.29451
FLATHEAD 6 2033  F_UCI 0.355733
FLATHEAD 6 2033  F_Median 0.3255
FLATHEAD 6 2033  F_Mean 0.325661
FLATHEAD 7 2017 Cabc 16.2275
FLATHEAD 7 2017 Cofl 17.6194
FLATHEAD 7 2017 CLCI 2.05
FLATHEAD 7 2017 CUCI 2.05
FLATHEAD 7 2017 CMedian 2.05
FLATHEAD 7 2017 CMean 2.05
FLATHEAD 7 2017 CStdn 3.10862e-15
FLATHEAD 7 2018 Cabc 16.2275
FLATHEAD 7 2018 Cofl 17.6194
FLATHEAD 7 2018 CLCI 35.2607
FLATHEAD 7 2018 CUCI 35.2708
FLATHEAD 7 2018 CMedian 35.2648
FLATHEAD 7 2018 CMean 35.2652
FLATHEAD 7 2018 CStdn 0.00320368
FLATHEAD 7 2019 Cabc 16.2275
FLATHEAD 7 2019 Cofl 17.6194
FLATHEAD 7 2019 CLCI 30.4769
FLATHEAD 7 2019 CUCI 30.5275
FLATHEAD 7 2019 CMedian 30.4975
FLATHEAD 7 2019 CMean 30.4989
FLATHEAD 7 2019 CStdn 0.015999
FLATHEAD 7 2020 Cabc 16.2275
FLATHEAD 7 2020 Cofl 17.6194
FLATHEAD 7 2020 CLCI 33.1548
FLATHEAD 7 2020 CUCI 33.3729
FLATHEAD 7 2020 CMedian 33.2439
FLATHEAD 7 2020 CMean 33.251
FLATHEAD 7 2020 CStdn 0.0694454
FLATHEAD 7 2021 Cabc 16.2275
FLATHEAD 7 2021 Cofl 17.6194
FLATHEAD 7 2021 CLCI 28.4313
FLATHEAD 7 2021 CUCI 29.0146
FLATHEAD 7 2021 CMedian 28.6725
FLATHEAD 7 2021 CMean 28.6905
FLATHEAD 7 2021 CStdn 0.18319
FLATHEAD 7 2022 Cabc 16.2275
FLATHEAD 7 2022 Cofl 17.6194
FLATHEAD 7 2022 CLCI 24.4835
FLATHEAD 7 2022 CUCI 25.6969
FLATHEAD 7 2022 CMedian 25.0112
FLATHEAD 7 2022 CMean 25.0432
FLATHEAD 7 2022 CStdn 0.384057
FLATHEAD 7 2023 Cabc 16.2275
FLATHEAD 7 2023 Cofl 17.6194
FLATHEAD 7 2023 CLCI 21.2492
FLATHEAD 7 2023 CUCI 23.2908
FLATHEAD 7 2023 CMedian 22.1676
FLATHEAD 7 2023 CMean 22.1976
FLATHEAD 7 2023 CStdn 0.656105
FLATHEAD 7 2024 Cabc 16.2275
FLATHEAD 7 2024 Cofl 17.6194
FLATHEAD 7 2024 CLCI 18.7365
FLATHEAD 7 2024 CUCI 21.7008
FLATHEAD 7 2024 CMedian 20.0645
FLATHEAD 7 2024 CMean 20.1119
FLATHEAD 7 2024 CStdn 0.940629
FLATHEAD 7 2025 Cabc 16.2275
FLATHEAD 7 2025 Cofl 17.6194
FLATHEAD 7 2025 CLCI 15.7535
FLATHEAD 7 2025 CUCI 20.6096
FLATHEAD 7 2025 CMedian 18.6075
FLATHEAD 7 2025 CMean 18.4163
FLATHEAD 7 2025 CStdn 1.50175
FLATHEAD 7 2026 Cabc 16.2275
FLATHEAD 7 2026 Cofl 17.6194
FLATHEAD 7 2026 CLCI 13.9395
FLATHEAD 7 2026 CUCI 20.0224
FLATHEAD 7 2026 CMedian 16.9453
FLATHEAD 7 2026 CMean 17.0063
FLATHEAD 7 2026 CStdn 1.87544
FLATHEAD 7 2027 Cabc 16.2275
FLATHEAD 7 2027 Cofl 17.6194
FLATHEAD 7 2027 CLCI 13.3685
FLATHEAD 7 2027 CUCI 19.5119
FLATHEAD 7 2027 CMedian 16.0709
FLATHEAD 7 2027 CMean 16.2205
FLATHEAD 7 2027 CStdn 1.92583
FLATHEAD 7 2028 Cabc 16.2275
FLATHEAD 7 2028 Cofl 17.6194
FLATHEAD 7 2028 CLCI 13.0122
FLATHEAD 7 2028 CUCI 19.271
FLATHEAD 7 2028 CMedian 15.7019
FLATHEAD 7 2028 CMean 15.8806
FLATHEAD 7 2028 CStdn 1.88625
FLATHEAD 7 2029 Cabc 16.2275
FLATHEAD 7 2029 Cofl 17.6194
FLATHEAD 7 2029 CLCI 12.959
FLATHEAD 7 2029 CUCI 19.0327
FLATHEAD 7 2029 CMedian 15.6764
FLATHEAD 7 2029 CMean 15.7837
FLATHEAD 7 2029 CStdn 1.84457
FLATHEAD 7 2030 Cabc 16.2275
FLATHEAD 7 2030 Cofl 17.6194
FLATHEAD 7 2030 CLCI 13.0233
FLATHEAD 7 2030 CUCI 18.9915
FLATHEAD 7 2030 CMedian 15.6638
FLATHEAD 7 2030 CMean 15.7956
FLATHEAD 7 2030 CStdn 1.81811
FLATHEAD 7 2031 Cabc 16.2275
FLATHEAD 7 2031 Cofl 17.6194
FLATHEAD 7 2031 CLCI 13.0936
FLATHEAD 7 2031 CUCI 19.029
FLATHEAD 7 2031 CMedian 15.6817
FLATHEAD 7 2031 CMean 15.8449
FLATHEAD 7 2031 CStdn 1.80395
FLATHEAD 7 2032 Cabc 16.2275
FLATHEAD 7 2032 Cofl 17.6194
FLATHEAD 7 2032 CLCI 13.2025
FLATHEAD 7 2032 CUCI 19.0506
FLATHEAD 7 2032 CMedian 15.7221
FLATHEAD 7 2032 CMean 15.91
FLATHEAD 7 2032 CStdn 1.80137
FLATHEAD 7 2033 Cabc 16.2275
FLATHEAD 7 2033 Cofl 17.6194
FLATHEAD 7 2033 CLCI 13.2044
FLATHEAD 7 2033 CUCI 19.1137
FLATHEAD 7 2033 CMedian 15.8665
FLATHEAD 7 2033 CMean 15.9673
FLATHEAD 7 2033 CStdn 1.79415
FLATHEAD 7 2017 SSBF100 91.5511
FLATHEAD 7 2017 SSBFabc 36.6204
FLATHEAD 7 2017 SSBFofl 32.0429
FLATHEAD 7 2017 SSBLCI 83.2979
FLATHEAD 7 2017 SSBUCI 83.2979
FLATHEAD 7 2017 SSBMedian 83.2979
FLATHEAD 7 2017 SSBMean 83.2979
FLATHEAD 7 2018 SSBF100 91.5511
FLATHEAD 7 2018 SSBFabc 36.6204
FLATHEAD 7 2018 SSBFofl 32.0429
FLATHEAD 7 2018 SSBLCI 85.7506
FLATHEAD 7 2018 SSBUCI 85.776
FLATHEAD 7 2018 SSBMedian 85.7608
FLATHEAD 7 2018 SSBMean 85.7618
FLATHEAD 7 2019 SSBF100 91.5511
FLATHEAD 7 2019 SSBFabc 36.6204
FLATHEAD 7 2019 SSBFofl 32.0429
FLATHEAD 7 2019 SSBLCI 73.8717
FLATHEAD 7 2019 SSBUCI 73.9831
FLATHEAD 7 2019 SSBMedian 73.9175
FLATHEAD 7 2019 SSBMean 73.9204
FLATHEAD 7 2020 SSBF100 91.5511
FLATHEAD 7 2020 SSBFabc 36.6204
FLATHEAD 7 2020 SSBFofl 32.0429
FLATHEAD 7 2020 SSBLCI 65.7809
FLATHEAD 7 2020 SSBUCI 66.1338
FLATHEAD 7 2020 SSBMedian 65.9262
FLATHEAD 7 2020 SSBMean 65.9377
FLATHEAD 7 2021 SSBF100 91.5511
FLATHEAD 7 2021 SSBFabc 36.6204
FLATHEAD 7 2021 SSBFofl 32.0429
FLATHEAD 7 2021 SSBLCI 56.6241
FLATHEAD 7 2021 SSBUCI 57.531
FLATHEAD 7 2021 SSBMedian 56.9991
FLATHEAD 7 2021 SSBMean 57.0284
FLATHEAD 7 2022 SSBF100 91.5511
FLATHEAD 7 2022 SSBFabc 36.6204
FLATHEAD 7 2022 SSBFofl 32.0429
FLATHEAD 7 2022 SSBLCI 49.0629
FLATHEAD 7 2022 SSBUCI 51.0217
FLATHEAD 7 2022 SSBMedian 49.9092
FLATHEAD 7 2022 SSBMean 49.9642
FLATHEAD 7 2023 SSBF100 91.5511
FLATHEAD 7 2023 SSBFabc 36.6204
FLATHEAD 7 2023 SSBFofl 32.0429
FLATHEAD 7 2023 SSBLCI 42.7677
FLATHEAD 7 2023 SSBUCI 46.2523
FLATHEAD 7 2023 SSBMedian 44.3295
FLATHEAD 7 2023 SSBMean 44.3916
FLATHEAD 7 2024 SSBF100 91.5511
FLATHEAD 7 2024 SSBFabc 36.6204
FLATHEAD 7 2024 SSBFofl 32.0429
FLATHEAD 7 2024 SSBLCI 37.705
FLATHEAD 7 2024 SSBUCI 43.0555
FLATHEAD 7 2024 SSBMedian 40.1021
FLATHEAD 7 2024 SSBMean 40.199
FLATHEAD 7 2025 SSBF100 91.5511
FLATHEAD 7 2025 SSBFabc 36.6204
FLATHEAD 7 2025 SSBFofl 32.0429
FLATHEAD 7 2025 SSBLCI 33.9753
FLATHEAD 7 2025 SSBUCI 40.7483
FLATHEAD 7 2025 SSBMedian 37.0794
FLATHEAD 7 2025 SSBMean 37.2052
FLATHEAD 7 2026 SSBF100 91.5511
FLATHEAD 7 2026 SSBFabc 36.6204
FLATHEAD 7 2026 SSBFofl 32.0429
FLATHEAD 7 2026 SSBLCI 31.8526
FLATHEAD 7 2026 SSBUCI 39.3836
FLATHEAD 7 2026 SSBMedian 35.0402
FLATHEAD 7 2026 SSBMean 35.2831
FLATHEAD 7 2027 SSBF100 91.5511
FLATHEAD 7 2027 SSBFabc 36.6204
FLATHEAD 7 2027 SSBFofl 32.0429
FLATHEAD 7 2027 SSBLCI 31.0155
FLATHEAD 7 2027 SSBUCI 38.3856
FLATHEAD 7 2027 SSBMedian 34.0377
FLATHEAD 7 2027 SSBMean 34.2631
FLATHEAD 7 2028 SSBF100 91.5511
FLATHEAD 7 2028 SSBFabc 36.6204
FLATHEAD 7 2028 SSBFofl 32.0429
FLATHEAD 7 2028 SSBLCI 30.5779
FLATHEAD 7 2028 SSBUCI 37.8149
FLATHEAD 7 2028 SSBMedian 33.584
FLATHEAD 7 2028 SSBMean 33.8004
FLATHEAD 7 2029 SSBF100 91.5511
FLATHEAD 7 2029 SSBFabc 36.6204
FLATHEAD 7 2029 SSBFofl 32.0429
FLATHEAD 7 2029 SSBLCI 30.4697
FLATHEAD 7 2029 SSBUCI 37.3443
FLATHEAD 7 2029 SSBMedian 33.4674
FLATHEAD 7 2029 SSBMean 33.6357
FLATHEAD 7 2030 SSBF100 91.5511
FLATHEAD 7 2030 SSBFabc 36.6204
FLATHEAD 7 2030 SSBFofl 32.0429
FLATHEAD 7 2030 SSBLCI 30.5217
FLATHEAD 7 2030 SSBUCI 37.1349
FLATHEAD 7 2030 SSBMedian 33.5354
FLATHEAD 7 2030 SSBMean 33.6161
FLATHEAD 7 2031 SSBF100 91.5511
FLATHEAD 7 2031 SSBFabc 36.6204
FLATHEAD 7 2031 SSBFofl 32.0429
FLATHEAD 7 2031 SSBLCI 30.6039
FLATHEAD 7 2031 SSBUCI 37.1452
FLATHEAD 7 2031 SSBMedian 33.4815
FLATHEAD 7 2031 SSBMean 33.6579
FLATHEAD 7 2032 SSBF100 91.5511
FLATHEAD 7 2032 SSBFabc 36.6204
FLATHEAD 7 2032 SSBFofl 32.0429
FLATHEAD 7 2032 SSBLCI 30.697
FLATHEAD 7 2032 SSBUCI 37.1749
FLATHEAD 7 2032 SSBMedian 33.5298
FLATHEAD 7 2032 SSBMean 33.7192
FLATHEAD 7 2033 SSBF100 91.5511
FLATHEAD 7 2033 SSBFabc 36.6204
FLATHEAD 7 2033 SSBFofl 32.0429
FLATHEAD 7 2033 SSBLCI 30.6301
FLATHEAD 7 2033 SSBUCI 37.3254
FLATHEAD 7 2033 SSBMedian 33.6611
FLATHEAD 7 2033 SSBMean 33.7778
FLATHEAD 7 2017 F0 0 
FLATHEAD 7 2017 Fabc 0.284074
FLATHEAD 7 2017 Fofl 0.355733
FLATHEAD 7 2017  F_LCI 0.0153602
FLATHEAD 7 2017  F_UCI 0.0153602
FLATHEAD 7 2017  F_Median 0.0153602
FLATHEAD 7 2017  F_Mean 0.0153602
FLATHEAD 7 2018 F0 0 
FLATHEAD 7 2018 Fabc 0.284074
FLATHEAD 7 2018 Fofl 0.355733
FLATHEAD 7 2018  F_LCI 0.284074
FLATHEAD 7 2018  F_UCI 0.284074
FLATHEAD 7 2018  F_Median 0.284074
FLATHEAD 7 2018  F_Mean 0.284074
FLATHEAD 7 2019 F0 0 
FLATHEAD 7 2019 Fabc 0.284074
FLATHEAD 7 2019 Fofl 0.355733
FLATHEAD 7 2019  F_LCI 0.284074
FLATHEAD 7 2019  F_UCI 0.284074
FLATHEAD 7 2019  F_Median 0.284074
FLATHEAD 7 2019  F_Mean 0.284074
FLATHEAD 7 2020 F0 0 
FLATHEAD 7 2020 Fabc 0.284074
FLATHEAD 7 2020 Fofl 0.355733
FLATHEAD 7 2020  F_LCI 0.355733
FLATHEAD 7 2020  F_UCI 0.355733
FLATHEAD 7 2020  F_Median 0.355733
FLATHEAD 7 2020  F_Mean 0.355733
FLATHEAD 7 2021 F0 0 
FLATHEAD 7 2021 Fabc 0.284074
FLATHEAD 7 2021 Fofl 0.355733
FLATHEAD 7 2021  F_LCI 0.355733
FLATHEAD 7 2021  F_UCI 0.355733
FLATHEAD 7 2021  F_Median 0.355733
FLATHEAD 7 2021  F_Mean 0.355733
FLATHEAD 7 2022 F0 0 
FLATHEAD 7 2022 Fabc 0.284074
FLATHEAD 7 2022 Fofl 0.355733
FLATHEAD 7 2022  F_LCI 0.355733
FLATHEAD 7 2022  F_UCI 0.355733
FLATHEAD 7 2022  F_Median 0.355733
FLATHEAD 7 2022  F_Mean 0.355733
FLATHEAD 7 2023 F0 0 
FLATHEAD 7 2023 Fabc 0.284074
FLATHEAD 7 2023 Fofl 0.355733
FLATHEAD 7 2023  F_LCI 0.355733
FLATHEAD 7 2023  F_UCI 0.355733
FLATHEAD 7 2023  F_Median 0.355733
FLATHEAD 7 2023  F_Mean 0.355733
FLATHEAD 7 2024 F0 0 
FLATHEAD 7 2024 Fabc 0.284074
FLATHEAD 7 2024 Fofl 0.355733
FLATHEAD 7 2024  F_LCI 0.355733
FLATHEAD 7 2024  F_UCI 0.355733
FLATHEAD 7 2024  F_Median 0.355733
FLATHEAD 7 2024  F_Mean 0.355694
FLATHEAD 7 2025 F0 0 
FLATHEAD 7 2025 Fabc 0.284074
FLATHEAD 7 2025 Fofl 0.355733
FLATHEAD 7 2025  F_LCI 0.328686
FLATHEAD 7 2025  F_UCI 0.355733
FLATHEAD 7 2025  F_Median 0.355733
FLATHEAD 7 2025  F_Mean 0.349794
FLATHEAD 7 2026 F0 0 
FLATHEAD 7 2026 Fabc 0.284074
FLATHEAD 7 2026 Fofl 0.355733
FLATHEAD 7 2026  F_LCI 0.30698
FLATHEAD 7 2026  F_UCI 0.355733
FLATHEAD 7 2026  F_Median 0.339575
FLATHEAD 7 2026  F_Mean 0.337502
FLATHEAD 7 2027 F0 0 
FLATHEAD 7 2027 Fabc 0.284074
FLATHEAD 7 2027 Fofl 0.355733
FLATHEAD 7 2027  F_LCI 0.298421
FLATHEAD 7 2027  F_UCI 0.355733
FLATHEAD 7 2027  F_Median 0.329324
FLATHEAD 7 2027  F_Mean 0.329255
FLATHEAD 7 2028 F0 0 
FLATHEAD 7 2028 Fabc 0.284074
FLATHEAD 7 2028 Fofl 0.355733
FLATHEAD 7 2028  F_LCI 0.293946
FLATHEAD 7 2028  F_UCI 0.355733
FLATHEAD 7 2028  F_Median 0.324685
FLATHEAD 7 2028  F_Mean 0.32535
FLATHEAD 7 2029 F0 0 
FLATHEAD 7 2029 Fabc 0.284074
FLATHEAD 7 2029 Fofl 0.355733
FLATHEAD 7 2029  F_LCI 0.29284
FLATHEAD 7 2029  F_UCI 0.355733
FLATHEAD 7 2029  F_Median 0.323492
FLATHEAD 7 2029  F_Mean 0.324103
FLATHEAD 7 2030 F0 0 
FLATHEAD 7 2030 Fabc 0.284074
FLATHEAD 7 2030 Fofl 0.355733
FLATHEAD 7 2030  F_LCI 0.293372
FLATHEAD 7 2030  F_UCI 0.355733
FLATHEAD 7 2030  F_Median 0.324188
FLATHEAD 7 2030  F_Mean 0.324066
FLATHEAD 7 2031 F0 0 
FLATHEAD 7 2031 Fabc 0.284074
FLATHEAD 7 2031 Fofl 0.355733
FLATHEAD 7 2031  F_LCI 0.294213
FLATHEAD 7 2031  F_UCI 0.355733
FLATHEAD 7 2031  F_Median 0.323637
FLATHEAD 7 2031  F_Mean 0.324423
FLATHEAD 7 2032 F0 0 
FLATHEAD 7 2032 Fabc 0.284074
FLATHEAD 7 2032 Fofl 0.355733
FLATHEAD 7 2032  F_LCI 0.295164
FLATHEAD 7 2032  F_UCI 0.355733
FLATHEAD 7 2032  F_Median 0.324131
FLATHEAD 7 2032  F_Mean 0.325053
FLATHEAD 7 2033 F0 0 
FLATHEAD 7 2033 Fabc 0.284074
FLATHEAD 7 2033 Fofl 0.355733
FLATHEAD 7 2033  F_LCI 0.29448
FLATHEAD 7 2033  F_UCI 0.355733
FLATHEAD 7 2033  F_Median 0.325473
FLATHEAD 7 2033  F_Mean 0.325639
