Alternative 1 Catch
     projection_data.dat 
Equil_Fabc 16.9108 
Year 
2022 1.183 
2023 1.90799 
2024 1.90799 
2025 41.2334 
2026 33.7238 
2027 28.0916 
2028 23.9748 
2029 21.1322 
2030 19.2334 
2031 17.9501 
2032 17.0571 
2033 16.4352 
2034 16.0372 
2035 15.8213 
2036 15.7253 
2037 15.6933 
2038 15.6914 

Alternative 1 ABCs
     projection_data.dat 

Year 
2022 39.148 
2023 39.8503 
2024 40.5281 
2025 41.2334 
2026 33.7238 
2027 28.0916 
2028 23.9748 
2029 21.1322 
2030 19.2334 
2031 17.9501 
2032 17.0571 
2033 16.4352 
2034 16.0372 
2035 15.8213 
2036 15.7253 
2037 15.6933 
2038 15.6914 

Alternative 1 TACs
     projection_data.dat 

Year 
2022  NA 
2023  NA 
2024  NA 
2025 41.2334 
2026 33.7238 
2027 28.0916 
2028 23.9748 
2029 21.1322 
2030 19.2334 
2031 17.9501 
2032 17.0571 
2033 16.4352 
2034 16.0372 
2035 15.8213 
2036 15.7253 
2037 15.6933 
2038 15.6914 

Alternative 1 Sp_Biomass
     projection_data.dat 
Equil_Fabc 37.0394 
Year 
2022 91.6021 
2023 93.4352 
2024 95.2178 
2025 96.9855 
2026 79.6157 
2027 66.5494 
2028 56.9974 
2029 50.3192 
2030 45.7357 
2031 42.5942 
2032 40.4767 
2033 39.1207 
2034 38.3107 
2035 37.8682 
2036 37.6501 
2037 37.5597 
2038 37.5403 

Alternative 1 Fishing Mortality
     projection_data.dat 
Equil_Fabc 0.300914 
Year 
2022 0.00810079 
2023 0.0128713 
2024 0.0126647 
2025 0.300914 
2026 0.300914 
2027 0.300914 
2028 0.300914 
2029 0.300914 
2030 0.300914 
2031 0.300881 
2032 0.300067 
2033 0.298148 
2034 0.296199 
2035 0.295035 
2036 0.294574 
2037 0.294452 
2038 0.294434 

Alternative 1 Biomass
     projection_data.dat 

Year 
2022 290.527 
2023 292.067 
2024 291.438 
2025 289.631 
2026 250.058 
2027 222.014 
2028 202.622 
2029 189.603 
2030 181.05 
2031 175.458 
2032 171.983 
2033 169.905 
2034 168.884 
2035 168.416 
2036 168.274 
2037 168.225 
2038 168.158 

Alternative 1 Implied SPR rate 
     projection_data.dat 
Equil_Fabc 0.4 
Year 
2022 0.959151 
2023 0.936646 
2024 0.937598 
2025 0.4 
2026 0.4 
2027 0.4 
2028 0.4 
2029 0.4 
2030 0.4 
2031 0.400025 
2032 0.400654 
2033 0.402148 
2034 0.403677 
2035 0.40459 
2036 0.404954 
2037 0.405049 
2038 0.40506 

  projection_data.dat 
EquilAvgAgeF0  5.49174 
EquilAvgAgeFabc  3.86737 
AvgAgeYr2038 3.89386 
Alternative 2 Catch
     projection_data.dat 
Equil_Fabc 16.9108 
Year 
2022 1.183 
2023 1.90799 
2024 1.90799 
2025 41.2334 
2026 33.7238 
2027 28.0916 
2028 23.9748 
2029 21.1322 
2030 19.2334 
2031 17.9501 
2032 17.0571 
2033 16.4352 
2034 16.0372 
2035 15.8213 
2036 15.7253 
2037 15.6933 
2038 15.6914 

Alternative 2 ABCs
     projection_data.dat 

Year 
2022 39.148 
2023 39.8503 
2024 40.5281 
2025 41.2334 
2026 33.7238 
2027 28.0916 
2028 23.9748 
2029 21.1322 
2030 19.2334 
2031 17.9501 
2032 17.0571 
2033 16.4352 
2034 16.0372 
2035 15.8213 
2036 15.7253 
2037 15.6933 
2038 15.6914 

Alternative 2 TACs
     projection_data.dat 

Year 
2022  NA 
2023  NA 
2024  NA 
2025 41.2334 
2026 33.7238 
2027 28.0916 
2028 23.9748 
2029 21.1322 
2030 19.2334 
2031 17.9501 
2032 17.0571 
2033 16.4352 
2034 16.0372 
2035 15.8213 
2036 15.7253 
2037 15.6933 
2038 15.6914 

Alternative 2 Sp_Biomass
     projection_data.dat 
Equil_Fabc 37.0394 
Year 
2022 91.6021 
2023 93.4352 
2024 95.2178 
2025 96.9855 
2026 79.6157 
2027 66.5494 
2028 56.9974 
2029 50.3192 
2030 45.7357 
2031 42.5942 
2032 40.4767 
2033 39.1207 
2034 38.3107 
2035 37.8682 
2036 37.6501 
2037 37.5597 
2038 37.5403 

Alternative 2 Fishing Mortality
     projection_data.dat 
Equil_Fabc 0.300914 
Year 
2022 0.00810079 
2023 0.0128713 
2024 0.0126647 
2025 0.300914 
2026 0.300914 
2027 0.300914 
2028 0.300914 
2029 0.300914 
2030 0.300914 
2031 0.300881 
2032 0.300067 
2033 0.298148 
2034 0.296199 
2035 0.295035 
2036 0.294574 
2037 0.294452 
2038 0.294434 

Alternative 2 Biomass
     projection_data.dat 

Year 
2022 290.527 
2023 292.067 
2024 291.438 
2025 289.631 
2026 250.058 
2027 222.014 
2028 202.622 
2029 189.603 
2030 181.05 
2031 175.458 
2032 171.983 
2033 169.905 
2034 168.884 
2035 168.416 
2036 168.274 
2037 168.225 
2038 168.158 

Alternative 2 Implied SPR rate 
     projection_data.dat 
Equil_Fabc 0.4 
Year 
2022 0.959151 
2023 0.936646 
2024 0.937598 
2025 0.4 
2026 0.4 
2027 0.4 
2028 0.4 
2029 0.4 
2030 0.4 
2031 0.400025 
2032 0.400654 
2033 0.402148 
2034 0.403677 
2035 0.40459 
2036 0.404954 
2037 0.405049 
2038 0.40506 

  projection_data.dat 
EquilAvgAgeF0  5.49174 
EquilAvgAgeFabc  3.86737 
AvgAgeYr2038 3.89386 
Alternative 3 Catch
     projection_data.dat 
Equil_Fabc 16.9108 
Year 
2022 1.183 
2023 1.90799 
2024 1.90799 
2025 1.8541 
2026 1.87884 
2027 1.88381 
2028 1.8691 
2029 1.84554 
2030 1.82216 
2031 1.79854 
2032 1.77456 
2033 1.75317 
2034 1.73512 
2035 1.72033 
2036 1.70855 
2037 1.69937 
2038 1.69235 

Alternative 3 ABCs
     projection_data.dat 

Year 
2022 1.76221 
2023 1.79223 
2024 1.82131 
2025 1.8541 
2026 1.87884 
2027 1.88381 
2028 1.8691 
2029 1.84554 
2030 1.82216 
2031 1.79854 
2032 1.77456 
2033 1.75317 
2034 1.73512 
2035 1.72033 
2036 1.70855 
2037 1.69937 
2038 1.69235 

Alternative 3 TACs
     projection_data.dat 

Year 
2022  NA 
2023  NA 
2024  NA 
2025 1.8541 
2026 1.87884 
2027 1.88381 
2028 1.8691 
2029 1.84554 
2030 1.82216 
2031 1.79854 
2032 1.77456 
2033 1.75317 
2034 1.73512 
2035 1.72033 
2036 1.70855 
2037 1.69937 
2038 1.69235 

Alternative 3 Sp_Biomass
     projection_data.dat 
Equil_Fabc 37.0394 
Year 
2022 91.6021 
2023 93.4352 
2024 95.2178 
2025 96.9855 
2026 98.1068 
2027 98.2926 
2028 97.8122 
2029 96.9573 
2030 95.8763 
2031 94.6848 
2032 93.4992 
2033 92.4034 
2034 91.4423 
2035 90.6328 
2036 89.9694 
2037 89.4392 
2038 89.0254 

Alternative 3 Fishing Mortality
     projection_data.dat 
Equil_Fabc 0.300914 
Year 
2022 0.00810079 
2023 0.0128713 
2024 0.0126647 
2025 0.0120866 
2026 0.0120866 
2027 0.0120866 
2028 0.0120866 
2029 0.0120866 
2030 0.0120866 
2031 0.0120866 
2032 0.0120866 
2033 0.0120866 
2034 0.0120866 
2035 0.0120866 
2036 0.0120866 
2037 0.0120866 
2038 0.0120866 

Alternative 3 Biomass
     projection_data.dat 

Year 
2022 290.527 
2023 292.067 
2024 291.438 
2025 289.631 
2026 287.122 
2027 284.139 
2028 280.991 
2029 277.965 
2030 275.211 
2031 272.713 
2032 270.621 
2033 268.854 
2034 267.499 
2035 266.372 
2036 265.472 
2037 264.703 
2038 264.01 

Alternative 3 Implied SPR rate 
     projection_data.dat 
Equil_Fabc 0.4 
Year 
2022 0.959151 
2023 0.936646 
2024 0.937598 
2025 0.940273 
2026 0.940273 
2027 0.940273 
2028 0.940273 
2029 0.940273 
2030 0.940273 
2031 0.940273 
2032 0.940273 
2033 0.940273 
2034 0.940273 
2035 0.940273 
2036 0.940273 
2037 0.940273 
2038 0.940273 

  projection_data.dat 
EquilAvgAgeF0  5.49174 
EquilAvgAgeFabc  3.86737 
AvgAgeYr2038 5.40163 
Alternative 4 Catch
     projection_data.dat 
Equil_Fabc 16.9108 
Year 
2022 1.183 
2023 1.90799 
2024 1.90799 
2025 9.59091 
2026 9.34348 
2027 9.0397 
2028 8.6922 
2029 8.35803 
2030 8.07279 
2031 7.82605 
2032 7.6115 
2033 7.4368 
2034 7.29906 
2035 7.19265 
2036 7.11212 
2037 7.05231 
2038 7.00856 

Alternative 4 ABCs
     projection_data.dat 

Year 
2022 9.11365 
2023 9.27039 
2024 9.42218 
2025 9.59091 
2026 9.34348 
2027 9.0397 
2028 8.6922 
2029 8.35803 
2030 8.07279 
2031 7.82605 
2032 7.6115 
2033 7.4368 
2034 7.29906 
2035 7.19265 
2036 7.11212 
2037 7.05231 
2038 7.00856 

Alternative 4 TACs
     projection_data.dat 

Year 
2022  NA 
2023  NA 
2024  NA 
2025 9.59091 
2026 9.34348 
2027 9.0397 
2028 8.6922 
2029 8.35803 
2030 8.07279 
2031 7.82605 
2032 7.6115 
2033 7.4368 
2034 7.29906 
2035 7.19265 
2036 7.11212 
2037 7.05231 
2038 7.00856 

Alternative 4 Sp_Biomass
     projection_data.dat 
Equil_Fabc 37.0394 
Year 
2022 91.6021 
2023 93.4352 
2024 95.2178 
2025 96.9855 
2026 94.4453 
2027 91.4105 
2028 88.2028 
2029 85.1378 
2030 82.3315 
2031 79.8262 
2032 77.6618 
2033 75.862 
2034 74.4098 
2035 73.2681 
2036 72.3879 
2037 71.7224 
2038 71.2292 

Alternative 4 Fishing Mortality
     projection_data.dat 
Equil_Fabc 0.300914 
Year 
2022 0.00810079 
2023 0.0128713 
2024 0.0126647 
2025 0.0638287 
2026 0.0638287 
2027 0.0638287 
2028 0.0638287 
2029 0.0638287 
2030 0.0638287 
2031 0.0638287 
2032 0.0638287 
2033 0.0638287 
2034 0.0638287 
2035 0.0638287 
2036 0.0638287 
2037 0.0638287 
2038 0.0638287 

Alternative 4 Biomass
     projection_data.dat 

Year 
2022 290.527 
2023 292.067 
2024 291.438 
2025 289.631 
2026 279.824 
2027 270.793 
2028 262.767 
2029 255.922 
2030 250.25 
2031 245.564 
2032 241.865 
2033 238.949 
2034 236.794 
2035 235.122 
2036 233.864 
2037 232.866 
2038 232.034 

Alternative 4 Implied SPR rate 
     projection_data.dat 
Equil_Fabc 0.4 
Year 
2022 0.959151 
2023 0.936646 
2024 0.937598 
2025 0.75 
2026 0.75 
2027 0.75 
2028 0.75 
2029 0.75 
2030 0.75 
2031 0.75 
2032 0.75 
2033 0.75 
2034 0.75 
2035 0.75 
2036 0.75 
2037 0.75 
2038 0.75 

  projection_data.dat 
EquilAvgAgeF0  5.49174 
EquilAvgAgeFabc  3.86737 
AvgAgeYr2038 4.88685 
Alternative 5 Catch
     projection_data.dat 
Equil_Fabc 16.9108 
Year 
2022 1.183 
2023 1.90799 
2024 1.90799 
2025  NA 
2026  NA 
2027  NA 
2028  NA 
2029  NA 
2030  NA 
2031  NA 
2032  NA 
2033  NA 
2034  NA 
2035  NA 
2036  NA 
2037  NA 
2038  NA 

Alternative 5 ABCs
     projection_data.dat 

Year 
2022  NA 
2023  NA 
2024  NA 
2025  NA 
2026  NA 
2027  NA 
2028  NA 
2029  NA 
2030  NA 
2031  NA 
2032  NA 
2033  NA 
2034  NA 
2035  NA 
2036  NA 
2037  NA 
2038  NA 

Alternative 5 TACs
     projection_data.dat 

Year 
2022  NA 
2023  NA 
2024  NA 
2025  NA 
2026  NA 
2027  NA 
2028  NA 
2029  NA 
2030  NA 
2031  NA 
2032  NA 
2033  NA 
2034  NA 
2035  NA 
2036  NA 
2037  NA 
2038  NA 

Alternative 5 Sp_Biomass
     projection_data.dat 
Equil_Fabc 37.0394 
Year 
2022 91.6021 
2023 93.4352 
2024 95.2178 
2025 96.9855 
2026 98.9861 
2027 99.9899 
2028 100.244 
2029 100.022 
2030 99.4701 
2031 98.7118 
2032 97.8761 
2033 97.057 
2034 96.3116 
2035 95.6686 
2036 95.1326 
2037 94.6996 
2038 94.3594 

Alternative 5 Fishing Mortality
     projection_data.dat 
Equil_Fabc 0.300914 
Year 
2022 0.00810079 
2023 0.0128713 
2024 0.0126647 
2025  NA 
2026  NA 
2027  NA 
2028  NA 
2029  NA 
2030  NA 
2031  NA 
2032  NA 
2033  NA 
2034  NA 
2035  NA 
2036  NA 
2037  NA 
2038  NA 

Alternative 5 Biomass
     projection_data.dat 

Year 
2022 290.527 
2023 292.067 
2024 291.438 
2025 289.631 
2026 288.872 
2027 287.422 
2028 285.588 
2029 283.658 
2030 281.801 
2031 280.03 
2032 278.517 
2033 277.206 
2034 276.207 
2035 275.354 
2036 274.666 
2037 274.059 
2038 273.49 

Alternative 5 Implied SPR rate 
     projection_data.dat 
Equil_Fabc 0.4 
Year 
2022 0.959151 
2023 0.936646 
2024 0.937598 
2025 1 
2026 1 
2027 1 
2028 1 
2029 1 
2030 1 
2031 1 
2032 1 
2033 1 
2034 1 
2035 1 
2036 1 
2037 1 
2038 1 

  projection_data.dat 
EquilAvgAgeF0  5.49174 
EquilAvgAgeFabc  3.86737 
AvgAgeYr2038 5.55321 
Alternative 6 Catch
     projection_data.dat 
Equil_Fabc 16.9108 
Year 
2022 1.183 
2023 48.6924 
2024 38.1173 
2025 31.3935 
2026 26.7968 
2027 23.4635 
2028 21.1142 
2029 19.4379 
2030 17.9391 
2031 17.009 
2032 16.5313 
2033 16.353 
2034 16.3297 
2035 16.3654 
2036 16.4181 
2037 16.4773 
2038 16.5278 

Alternative 6 ABCs
     projection_data.dat 

Year 
2022 47.8227 
2023 48.6924 
2024 38.1174 
2025 31.3935 
2026 26.7968 
2027 23.4635 
2028 21.1142 
2029 19.4379 
2030 17.9391 
2031 17.009 
2032 16.5313 
2033 16.353 
2034 16.3297 
2035 16.3654 
2036 16.4181 
2037 16.4773 
2038 16.5278 

Alternative 6 TACs
     projection_data.dat 

Year 
2022  NA 
2023 48.6924 
2024 38.1174 
2025 31.3935 
2026 26.7968 
2027 23.4635 
2028 21.1142 
2029 19.4379 
2030 17.9391 
2031 17.009 
2032 16.5313 
2033 16.353 
2034 16.3297 
2035 16.3654 
2036 16.4181 
2037 16.4773 
2038 16.5278 

Alternative 6 Sp_Biomass
     projection_data.dat 
Equil_Fabc 37.0394 
Year 
2022 91.6021 
2023 93.4352 
2024 73.3657 
2025 60.6428 
2026 51.9153 
2027 45.5061 
2028 40.9649 
2029 37.9348 
2030 35.9672 
2031 34.8406 
2032 34.2602 
2033 34.0198 
2034 33.9576 
2035 33.9768 
2036 34.0266 
2037 34.0831 
2038 34.1355 

Alternative 6 Fishing Mortality
     projection_data.dat 
Equil_Fabc 0.300914 
Year 
2022 0.00810079 
2023 0.378612 
2024 0.378612 
2025 0.378612 
2026 0.378612 
2027 0.378612 
2028 0.378612 
2029 0.375499 
2030 0.362632 
2031 0.352765 
2032 0.347292 
2033 0.345063 
2034 0.344652 
2035 0.344913 
2036 0.345362 
2037 0.345963 
2038 0.346493 

Alternative 6 Biomass
     projection_data.dat 

Year 
2022 290.527 
2023 292.067 
2024 247.38 
2025 217.163 
2026 196.389 
2027 182.124 
2028 172.561 
2029 166.365 
2030 162.568 
2031 160.672 
2032 160.039 
2033 160.013 
2034 160.333 
2035 160.656 
2036 160.944 
2037 161.114 
2038 161.139 

Alternative 6 Implied SPR rate 
     projection_data.dat 
Equil_Fabc 0.4 
Year 
2022 0.959151 
2023 0.35 
2024 0.35 
2025 0.35 
2026 0.35 
2027 0.35 
2028 0.35 
2029 0.351778 
2030 0.359378 
2031 0.365415 
2032 0.368832 
2033 0.370239 
2034 0.3705 
2035 0.370325 
2036 0.370032 
2037 0.369655 
2038 0.36932 

  projection_data.dat 
EquilAvgAgeF0  5.49174 
EquilAvgAgeFabc  3.86737 
AvgAgeYr2038 3.7911 
Alternative 7 Catch
     projection_data.dat 
Equil_Fabc 16.9108 
Year 
2022 1.183 
2023 39.8503 
2024 32.9021 
2025 34.5206 
2026 28.8414 
2027 24.7619 
2028 21.9132 
2029 20.0099 
2030 18.352 
2031 17.2069 
2032 16.6073 
2033 16.3728 
2034 16.3289 
2035 16.3596 
2036 16.4128 
2037 16.4738 
2038 16.526 

Alternative 7 ABCs
     projection_data.dat 

Year 
2022 47.8227 
2023 48.6924 
2024 40.2467 
2025 34.5206 
2026 28.8414 
2027 24.7619 
2028 21.9132 
2029 20.0099 
2030 18.352 
2031 17.2069 
2032 16.6073 
2033 16.3728 
2034 16.3289 
2035 16.3596 
2036 16.4128 
2037 16.4738 
2038 16.526 

Alternative 7 TACs
     projection_data.dat 

Year 
2022  NA 
2023 48.6924 
2024 40.2467 
2025 34.5206 
2026 28.8414 
2027 24.7619 
2028 21.9132 
2029 20.0099 
2030 18.352 
2031 17.2069 
2032 16.6073 
2033 16.3728 
2034 16.3289 
2035 16.3596 
2036 16.4128 
2037 16.4738 
2038 16.526 

Alternative 7 Sp_Biomass
     projection_data.dat 
Equil_Fabc 37.0394 
Year 
2022 91.6021 
2023 93.4352 
2024 77.4402 
2025 66.6154 
2026 55.8381 
2027 48.02 
2028 42.5322 
2029 38.8888 
2030 36.4975 
2031 35.0852 
2032 34.3569 
2033 34.0491 
2034 33.9608 
2035 33.9724 
2036 34.0216 
2037 34.0796 
2038 34.1335 

Alternative 7 Fishing Mortality
     projection_data.dat 
Equil_Fabc 0.300914 
Year 
2022 0.00810079 
2023 0.300914 
2024 0.300914 
2025 0.378612 
2026 0.378612 
2027 0.378612 
2028 0.378612 
2029 0.377678 
2030 0.366317 
2031 0.354803 
2032 0.348131 
2033 0.3453 
2034 0.34466 
2035 0.344861 
2036 0.34531 
2037 0.345928 
2038 0.346474 

Alternative 7 Biomass
     projection_data.dat 

Year 
2022 290.527 
2023 292.067 
2024 255.684 
2025 229.33 
2026 204.055 
2027 186.841 
2028 175.403 
2029 168.047 
2030 163.462 
2031 161.036 
2032 160.148 
2033 160.023 
2034 160.315 
2035 160.637 
2036 160.931 
2037 161.107 
2038 161.136 

Alternative 7 Implied SPR rate 
     projection_data.dat 
Equil_Fabc 0.4 
Year 
2022 0.959151 
2023 0.4 
2024 0.4 
2025 0.35 
2026 0.35 
2027 0.35 
2028 0.35 
2029 0.35053 
2030 0.357183 
2031 0.364168 
2032 0.368313 
2033 0.370093 
2034 0.370496 
2035 0.370359 
2036 0.370065 
2037 0.369677 
2038 0.369332 

  projection_data.dat 
EquilAvgAgeF0  5.49174 
EquilAvgAgeFabc  3.86737 
AvgAgeYr2038 3.79115 
