Model1_Proj.dat 1 2022 Cabc 17.1098
Model1_Proj.dat 1 2022 Cofl 18.6118
Model1_Proj.dat 1 2022 CLCI 0.898999
Model1_Proj.dat 1 2022 CUCI 0.898999
Model1_Proj.dat 1 2022 CMedian 0.898999
Model1_Proj.dat 1 2022 CMean 0.898999
Model1_Proj.dat 1 2022 CStdn 1.95399e-14
Model1_Proj.dat 1 2023 Cabc 17.1098
Model1_Proj.dat 1 2023 Cofl 18.6118
Model1_Proj.dat 1 2023 CLCI 1.90798
Model1_Proj.dat 1 2023 CUCI 1.90798
Model1_Proj.dat 1 2023 CMedian 1.90798
Model1_Proj.dat 1 2023 CMean 1.90798
Model1_Proj.dat 1 2023 CStdn 1.88965e-10
Model1_Proj.dat 1 2024 Cabc 17.1098
Model1_Proj.dat 1 2024 Cofl 18.6118
Model1_Proj.dat 1 2024 CLCI 1.90799
Model1_Proj.dat 1 2024 CUCI 1.90799
Model1_Proj.dat 1 2024 CMedian 1.90799
Model1_Proj.dat 1 2024 CMean 1.90799
Model1_Proj.dat 1 2024 CStdn 2.81314e-10
Model1_Proj.dat 1 2025 Cabc 17.1098
Model1_Proj.dat 1 2025 Cofl 18.6118
Model1_Proj.dat 1 2025 CLCI 40.7237
Model1_Proj.dat 1 2025 CUCI 40.9325
Model1_Proj.dat 1 2025 CMedian 40.8069
Model1_Proj.dat 1 2025 CMean 40.8138
Model1_Proj.dat 1 2025 CStdn 0.066413
Model1_Proj.dat 1 2026 Cabc 17.1098
Model1_Proj.dat 1 2026 Cofl 18.6118
Model1_Proj.dat 1 2026 CLCI 33.226
Model1_Proj.dat 1 2026 CUCI 33.8047
Model1_Proj.dat 1 2026 CMedian 33.4598
Model1_Proj.dat 1 2026 CMean 33.4806
Model1_Proj.dat 1 2026 CStdn 0.177664
Model1_Proj.dat 1 2027 Cabc 17.1098
Model1_Proj.dat 1 2027 Cofl 18.6118
Model1_Proj.dat 1 2027 CLCI 27.3656
Model1_Proj.dat 1 2027 CUCI 28.564
Model1_Proj.dat 1 2027 CMedian 27.8738
Model1_Proj.dat 1 2027 CMean 27.9092
Model1_Proj.dat 1 2027 CStdn 0.378398
Model1_Proj.dat 1 2028 Cabc 17.1098
Model1_Proj.dat 1 2028 Cofl 18.6118
Model1_Proj.dat 1 2028 CLCI 22.8937
Model1_Proj.dat 1 2028 CUCI 24.9698
Model1_Proj.dat 1 2028 CMedian 23.808
Model1_Proj.dat 1 2028 CMean 23.8446
Model1_Proj.dat 1 2028 CStdn 0.656955
Model1_Proj.dat 1 2029 Cabc 17.1098
Model1_Proj.dat 1 2029 Cofl 18.6118
Model1_Proj.dat 1 2029 CLCI 19.655
Model1_Proj.dat 1 2029 CUCI 22.7208
Model1_Proj.dat 1 2029 CMedian 21.0108
Model1_Proj.dat 1 2029 CMean 21.0771
Model1_Proj.dat 1 2029 CStdn 0.952745
Model1_Proj.dat 1 2030 Cabc 17.1098
Model1_Proj.dat 1 2030 Cofl 18.6118
Model1_Proj.dat 1 2030 CLCI 17.4572
Model1_Proj.dat 1 2030 CUCI 21.2458
Model1_Proj.dat 1 2030 CMedian 19.1788
Model1_Proj.dat 1 2030 CMean 19.2548
Model1_Proj.dat 1 2030 CStdn 1.19425
Model1_Proj.dat 1 2031 Cabc 17.1098
Model1_Proj.dat 1 2031 Cofl 18.6118
Model1_Proj.dat 1 2031 CLCI 15.965
Model1_Proj.dat 1 2031 CUCI 20.354
Model1_Proj.dat 1 2031 CMedian 17.9251
Model1_Proj.dat 1 2031 CMean 18.0264
Model1_Proj.dat 1 2031 CStdn 1.37149
Model1_Proj.dat 1 2032 Cabc 17.1098
Model1_Proj.dat 1 2032 Cofl 18.6118
Model1_Proj.dat 1 2032 CLCI 14.4128
Model1_Proj.dat 1 2032 CUCI 19.6954
Model1_Proj.dat 1 2032 CMedian 17.132
Model1_Proj.dat 1 2032 CMean 17.15
Model1_Proj.dat 1 2032 CStdn 1.5689
Model1_Proj.dat 1 2033 Cabc 17.1098
Model1_Proj.dat 1 2033 Cofl 18.6118
Model1_Proj.dat 1 2033 CLCI 13.5479
Model1_Proj.dat 1 2033 CUCI 19.2762
Model1_Proj.dat 1 2033 CMedian 16.5916
Model1_Proj.dat 1 2033 CMean 16.5376
Model1_Proj.dat 1 2033 CStdn 1.71335
Model1_Proj.dat 1 2034 Cabc 17.1098
Model1_Proj.dat 1 2034 Cofl 18.6118
Model1_Proj.dat 1 2034 CLCI 13.092
Model1_Proj.dat 1 2034 CUCI 18.9069
Model1_Proj.dat 1 2034 CMedian 16.2782
Model1_Proj.dat 1 2034 CMean 16.1577
Model1_Proj.dat 1 2034 CStdn 1.76506
Model1_Proj.dat 1 2035 Cabc 17.1098
Model1_Proj.dat 1 2035 Cofl 18.6118
Model1_Proj.dat 1 2035 CLCI 12.9427
Model1_Proj.dat 1 2035 CUCI 18.6162
Model1_Proj.dat 1 2035 CMedian 16.1127
Model1_Proj.dat 1 2035 CMean 15.9574
Model1_Proj.dat 1 2035 CStdn 1.75681
Model1_Proj.dat 1 2036 Cabc 17.1098
Model1_Proj.dat 1 2036 Cofl 18.6118
Model1_Proj.dat 1 2036 CLCI 12.9303
Model1_Proj.dat 1 2036 CUCI 18.6212
Model1_Proj.dat 1 2036 CMedian 16.0462
Model1_Proj.dat 1 2036 CMean 15.8757
Model1_Proj.dat 1 2036 CStdn 1.73879
Model1_Proj.dat 1 2037 Cabc 17.1098
Model1_Proj.dat 1 2037 Cofl 18.6118
Model1_Proj.dat 1 2037 CLCI 12.95
Model1_Proj.dat 1 2037 CUCI 18.547
Model1_Proj.dat 1 2037 CMedian 16.0135
Model1_Proj.dat 1 2037 CMean 15.8589
Model1_Proj.dat 1 2037 CStdn 1.71927
Model1_Proj.dat 1 2038 Cabc 17.1098
Model1_Proj.dat 1 2038 Cofl 18.6118
Model1_Proj.dat 1 2038 CLCI 12.9195
Model1_Proj.dat 1 2038 CUCI 18.5542
Model1_Proj.dat 1 2038 CMedian 16.0634
Model1_Proj.dat 1 2038 CMean 15.8719
Model1_Proj.dat 1 2038 CStdn 1.70232
Model1_Proj.dat 1 2022 SSBF100 94.2192
Model1_Proj.dat 1 2022 SSBFabc 37.6877
Model1_Proj.dat 1 2022 SSBFofl 32.9767
Model1_Proj.dat 1 2022 SSBLCI 92.3951
Model1_Proj.dat 1 2022 SSBUCI 92.3951
Model1_Proj.dat 1 2022 SSBMedian 92.3951
Model1_Proj.dat 1 2022 SSBMean 92.3951
Model1_Proj.dat 1 2023 SSBF100 94.2192
Model1_Proj.dat 1 2023 SSBFabc 37.6877
Model1_Proj.dat 1 2023 SSBFofl 32.9767
Model1_Proj.dat 1 2023 SSBLCI 94.2709
Model1_Proj.dat 1 2023 SSBUCI 94.3048
Model1_Proj.dat 1 2023 SSBMedian 94.284
Model1_Proj.dat 1 2023 SSBMean 94.2855
Model1_Proj.dat 1 2024 SSBF100 94.2192
Model1_Proj.dat 1 2024 SSBFabc 37.6877
Model1_Proj.dat 1 2024 SSBFofl 32.9767
Model1_Proj.dat 1 2024 SSBLCI 95.9011
Model1_Proj.dat 1 2024 SSBUCI 96.0405
Model1_Proj.dat 1 2024 SSBMedian 95.9565
Model1_Proj.dat 1 2024 SSBMean 95.9616
Model1_Proj.dat 1 2025 SSBF100 94.2192
Model1_Proj.dat 1 2025 SSBFabc 37.6877
Model1_Proj.dat 1 2025 SSBFofl 32.9767
Model1_Proj.dat 1 2025 SSBLCI 97.4159
Model1_Proj.dat 1 2025 SSBUCI 97.8525
Model1_Proj.dat 1 2025 SSBMedian 97.5916
Model1_Proj.dat 1 2025 SSBMean 97.6076
Model1_Proj.dat 1 2026 SSBF100 94.2192
Model1_Proj.dat 1 2026 SSBFabc 37.6877
Model1_Proj.dat 1 2026 SSBFofl 32.9767
Model1_Proj.dat 1 2026 SSBLCI 79.7969
Model1_Proj.dat 1 2026 SSBUCI 80.9162
Model1_Proj.dat 1 2026 SSBMedian 80.2582
Model1_Proj.dat 1 2026 SSBMean 80.2935
Model1_Proj.dat 1 2027 SSBF100 94.2192
Model1_Proj.dat 1 2027 SSBFabc 37.6877
Model1_Proj.dat 1 2027 SSBFofl 32.9767
Model1_Proj.dat 1 2027 SSBLCI 66.0439
Model1_Proj.dat 1 2027 SSBUCI 68.4181
Model1_Proj.dat 1 2027 SSBMedian 67.0423
Model1_Proj.dat 1 2027 SSBMean 67.1168
Model1_Proj.dat 1 2028 SSBF100 94.2192
Model1_Proj.dat 1 2028 SSBFabc 37.6877
Model1_Proj.dat 1 2028 SSBFofl 32.9767
Model1_Proj.dat 1 2028 SSBLCI 55.4813
Model1_Proj.dat 1 2028 SSBUCI 59.7465
Model1_Proj.dat 1 2028 SSBMedian 57.3794
Model1_Proj.dat 1 2028 SSBMean 57.4537
Model1_Proj.dat 1 2029 SSBF100 94.2192
Model1_Proj.dat 1 2029 SSBFabc 37.6877
Model1_Proj.dat 1 2029 SSBFofl 32.9767
Model1_Proj.dat 1 2029 SSBLCI 47.6808
Model1_Proj.dat 1 2029 SSBUCI 54.2578
Model1_Proj.dat 1 2029 SSBMedian 50.6004
Model1_Proj.dat 1 2029 SSBMean 50.7457
Model1_Proj.dat 1 2030 SSBF100 94.2192
Model1_Proj.dat 1 2030 SSBFabc 37.6877
Model1_Proj.dat 1 2030 SSBFofl 32.9767
Model1_Proj.dat 1 2030 SSBLCI 42.3326
Model1_Proj.dat 1 2030 SSBUCI 50.637
Model1_Proj.dat 1 2030 SSBMedian 46.0296
Model1_Proj.dat 1 2030 SSBMean 46.1997
Model1_Proj.dat 1 2031 SSBF100 94.2192
Model1_Proj.dat 1 2031 SSBFabc 37.6877
Model1_Proj.dat 1 2031 SSBFofl 32.9767
Model1_Proj.dat 1 2031 SSBLCI 38.4829
Model1_Proj.dat 1 2031 SSBUCI 48.3457
Model1_Proj.dat 1 2031 SSBMedian 42.8861
Model1_Proj.dat 1 2031 SSBMean 43.1148
Model1_Proj.dat 1 2032 SSBF100 94.2192
Model1_Proj.dat 1 2032 SSBFabc 37.6877
Model1_Proj.dat 1 2032 SSBFofl 32.9767
Model1_Proj.dat 1 2032 SSBLCI 35.9893
Model1_Proj.dat 1 2032 SSBUCI 46.5708
Model1_Proj.dat 1 2032 SSBMedian 40.8615
Model1_Proj.dat 1 2032 SSBMean 41.0482
Model1_Proj.dat 1 2033 SSBF100 94.2192
Model1_Proj.dat 1 2033 SSBFabc 37.6877
Model1_Proj.dat 1 2033 SSBFofl 32.9767
Model1_Proj.dat 1 2033 SSBLCI 34.8573
Model1_Proj.dat 1 2033 SSBUCI 45.6121
Model1_Proj.dat 1 2033 SSBMedian 39.4488
Model1_Proj.dat 1 2033 SSBMean 39.7324
Model1_Proj.dat 1 2034 SSBF100 94.2192
Model1_Proj.dat 1 2034 SSBFabc 37.6877
Model1_Proj.dat 1 2034 SSBFofl 32.9767
Model1_Proj.dat 1 2034 SSBLCI 34.1984
Model1_Proj.dat 1 2034 SSBUCI 44.7081
Model1_Proj.dat 1 2034 SSBMedian 38.5102
Model1_Proj.dat 1 2034 SSBMean 38.9505
Model1_Proj.dat 1 2035 SSBF100 94.2192
Model1_Proj.dat 1 2035 SSBFabc 37.6877
Model1_Proj.dat 1 2035 SSBFofl 32.9767
Model1_Proj.dat 1 2035 SSBLCI 33.9681
Model1_Proj.dat 1 2035 SSBUCI 44.0031
Model1_Proj.dat 1 2035 SSBMedian 38.0933
Model1_Proj.dat 1 2035 SSBMean 38.5248
Model1_Proj.dat 1 2036 SSBF100 94.2192
Model1_Proj.dat 1 2036 SSBFabc 37.6877
Model1_Proj.dat 1 2036 SSBFofl 32.9767
Model1_Proj.dat 1 2036 SSBLCI 33.9742
Model1_Proj.dat 1 2036 SSBUCI 43.8793
Model1_Proj.dat 1 2036 SSBMedian 37.9345
Model1_Proj.dat 1 2036 SSBMean 38.3232
Model1_Proj.dat 1 2037 SSBF100 94.2192
Model1_Proj.dat 1 2037 SSBFabc 37.6877
Model1_Proj.dat 1 2037 SSBFofl 32.9767
Model1_Proj.dat 1 2037 SSBLCI 33.9708
Model1_Proj.dat 1 2037 SSBUCI 43.7693
Model1_Proj.dat 1 2037 SSBMedian 37.8458
Model1_Proj.dat 1 2037 SSBMean 38.2551
Model1_Proj.dat 1 2038 SSBF100 94.2192
Model1_Proj.dat 1 2038 SSBFabc 37.6877
Model1_Proj.dat 1 2038 SSBFofl 32.9767
Model1_Proj.dat 1 2038 SSBLCI 33.8981
Model1_Proj.dat 1 2038 SSBUCI 43.6157
Model1_Proj.dat 1 2038 SSBMedian 37.8547
Model1_Proj.dat 1 2038 SSBMean 38.2606
Model1_Proj.dat 1 2022 F0 0 
Model1_Proj.dat 1 2022 Fabc 0.289143
Model1_Proj.dat 1 2022 Fofl 0.362796
Model1_Proj.dat 1 2022  F_LCI 0.00598256
Model1_Proj.dat 1 2022  F_UCI 0.00598256
Model1_Proj.dat 1 2022  F_Median 0.00598256
Model1_Proj.dat 1 2022  F_Mean 0.00598256
Model1_Proj.dat 1 2023 F0 0 
Model1_Proj.dat 1 2023 Fabc 0.289143
Model1_Proj.dat 1 2023 Fofl 0.362796
Model1_Proj.dat 1 2023  F_LCI 0.0125164
Model1_Proj.dat 1 2023  F_UCI 0.0125199
Model1_Proj.dat 1 2023  F_Median 0.0125186
Model1_Proj.dat 1 2023  F_Mean 0.0125184
Model1_Proj.dat 1 2024 F0 0 
Model1_Proj.dat 1 2024 Fabc 0.289143
Model1_Proj.dat 1 2024 Fofl 0.362796
Model1_Proj.dat 1 2024  F_LCI 0.0123135
Model1_Proj.dat 1 2024  F_UCI 0.0123301
Model1_Proj.dat 1 2024  F_Median 0.0123236
Model1_Proj.dat 1 2024  F_Mean 0.0123231
Model1_Proj.dat 1 2025 F0 0 
Model1_Proj.dat 1 2025 Fabc 0.289143
Model1_Proj.dat 1 2025 Fofl 0.362796
Model1_Proj.dat 1 2025  F_LCI 0.289143
Model1_Proj.dat 1 2025  F_UCI 0.289143
Model1_Proj.dat 1 2025  F_Median 0.289143
Model1_Proj.dat 1 2025  F_Mean 0.289143
Model1_Proj.dat 1 2026 F0 0 
Model1_Proj.dat 1 2026 Fabc 0.289143
Model1_Proj.dat 1 2026 Fofl 0.362796
Model1_Proj.dat 1 2026  F_LCI 0.289143
Model1_Proj.dat 1 2026  F_UCI 0.289143
Model1_Proj.dat 1 2026  F_Median 0.289143
Model1_Proj.dat 1 2026  F_Mean 0.289143
Model1_Proj.dat 1 2027 F0 0 
Model1_Proj.dat 1 2027 Fabc 0.289143
Model1_Proj.dat 1 2027 Fofl 0.362796
Model1_Proj.dat 1 2027  F_LCI 0.289143
Model1_Proj.dat 1 2027  F_UCI 0.289143
Model1_Proj.dat 1 2027  F_Median 0.289143
Model1_Proj.dat 1 2027  F_Mean 0.289143
Model1_Proj.dat 1 2028 F0 0 
Model1_Proj.dat 1 2028 Fabc 0.289143
Model1_Proj.dat 1 2028 Fofl 0.362796
Model1_Proj.dat 1 2028  F_LCI 0.289143
Model1_Proj.dat 1 2028  F_UCI 0.289143
Model1_Proj.dat 1 2028  F_Median 0.289143
Model1_Proj.dat 1 2028  F_Mean 0.289143
Model1_Proj.dat 1 2029 F0 0 
Model1_Proj.dat 1 2029 Fabc 0.289143
Model1_Proj.dat 1 2029 Fofl 0.362796
Model1_Proj.dat 1 2029  F_LCI 0.289143
Model1_Proj.dat 1 2029  F_UCI 0.289143
Model1_Proj.dat 1 2029  F_Median 0.289143
Model1_Proj.dat 1 2029  F_Mean 0.289143
Model1_Proj.dat 1 2030 F0 0 
Model1_Proj.dat 1 2030 Fabc 0.289143
Model1_Proj.dat 1 2030 Fofl 0.362796
Model1_Proj.dat 1 2030  F_LCI 0.289143
Model1_Proj.dat 1 2030  F_UCI 0.289143
Model1_Proj.dat 1 2030  F_Median 0.289143
Model1_Proj.dat 1 2030  F_Mean 0.289143
Model1_Proj.dat 1 2031 F0 0 
Model1_Proj.dat 1 2031 Fabc 0.289143
Model1_Proj.dat 1 2031 Fofl 0.362796
Model1_Proj.dat 1 2031  F_LCI 0.289143
Model1_Proj.dat 1 2031  F_UCI 0.289143
Model1_Proj.dat 1 2031  F_Median 0.289143
Model1_Proj.dat 1 2031  F_Mean 0.288956
Model1_Proj.dat 1 2032 F0 0 
Model1_Proj.dat 1 2032 Fabc 0.289143
Model1_Proj.dat 1 2032 Fofl 0.362796
Model1_Proj.dat 1 2032  F_LCI 0.275428
Model1_Proj.dat 1 2032  F_UCI 0.289143
Model1_Proj.dat 1 2032  F_Median 0.289143
Model1_Proj.dat 1 2032  F_Mean 0.28754
Model1_Proj.dat 1 2033 F0 0 
Model1_Proj.dat 1 2033 Fabc 0.289143
Model1_Proj.dat 1 2033 Fofl 0.362796
Model1_Proj.dat 1 2033  F_LCI 0.266286
Model1_Proj.dat 1 2033  F_UCI 0.289143
Model1_Proj.dat 1 2033  F_Median 0.289143
Model1_Proj.dat 1 2033  F_Mean 0.285207
Model1_Proj.dat 1 2034 F0 0 
Model1_Proj.dat 1 2034 Fabc 0.289143
Model1_Proj.dat 1 2034 Fofl 0.362796
Model1_Proj.dat 1 2034  F_LCI 0.260964
Model1_Proj.dat 1 2034  F_UCI 0.289143
Model1_Proj.dat 1 2034  F_Median 0.289143
Model1_Proj.dat 1 2034  F_Mean 0.28328
Model1_Proj.dat 1 2035 F0 0 
Model1_Proj.dat 1 2035 Fabc 0.289143
Model1_Proj.dat 1 2035 Fofl 0.362796
Model1_Proj.dat 1 2035  F_LCI 0.259105
Model1_Proj.dat 1 2035  F_UCI 0.289143
Model1_Proj.dat 1 2035  F_Median 0.289143
Model1_Proj.dat 1 2035  F_Mean 0.282216
Model1_Proj.dat 1 2036 F0 0 
Model1_Proj.dat 1 2036 Fabc 0.289143
Model1_Proj.dat 1 2036 Fofl 0.362796
Model1_Proj.dat 1 2036  F_LCI 0.259153
Model1_Proj.dat 1 2036  F_UCI 0.289143
Model1_Proj.dat 1 2036  F_Median 0.289143
Model1_Proj.dat 1 2036  F_Mean 0.28184
Model1_Proj.dat 1 2037 F0 0 
Model1_Proj.dat 1 2037 Fabc 0.289143
Model1_Proj.dat 1 2037 Fofl 0.362796
Model1_Proj.dat 1 2037  F_LCI 0.259127
Model1_Proj.dat 1 2037  F_UCI 0.289143
Model1_Proj.dat 1 2037  F_Median 0.289143
Model1_Proj.dat 1 2037  F_Mean 0.281789
Model1_Proj.dat 1 2038 F0 0 
Model1_Proj.dat 1 2038 Fabc 0.289143
Model1_Proj.dat 1 2038 Fofl 0.362796
Model1_Proj.dat 1 2038  F_LCI 0.258539
Model1_Proj.dat 1 2038  F_UCI 0.289143
Model1_Proj.dat 1 2038  F_Median 0.289143
Model1_Proj.dat 1 2038  F_Mean 0.281838
Model1_Proj.dat 2 2022 Cabc 17.1098
Model1_Proj.dat 2 2022 Cofl 18.6118
Model1_Proj.dat 2 2022 CLCI 0.898999
Model1_Proj.dat 2 2022 CUCI 0.898999
Model1_Proj.dat 2 2022 CMedian 0.898999
Model1_Proj.dat 2 2022 CMean 0.898999
Model1_Proj.dat 2 2022 CStdn 1.95399e-14
Model1_Proj.dat 2 2023 Cabc 17.1098
Model1_Proj.dat 2 2023 Cofl 18.6118
Model1_Proj.dat 2 2023 CLCI 1.90798
Model1_Proj.dat 2 2023 CUCI 1.90798
Model1_Proj.dat 2 2023 CMedian 1.90798
Model1_Proj.dat 2 2023 CMean 1.90798
Model1_Proj.dat 2 2023 CStdn 1.88965e-10
Model1_Proj.dat 2 2024 Cabc 17.1098
Model1_Proj.dat 2 2024 Cofl 18.6118
Model1_Proj.dat 2 2024 CLCI 1.90799
Model1_Proj.dat 2 2024 CUCI 1.90799
Model1_Proj.dat 2 2024 CMedian 1.90799
Model1_Proj.dat 2 2024 CMean 1.90799
Model1_Proj.dat 2 2024 CStdn 2.81314e-10
Model1_Proj.dat 2 2025 Cabc 17.1098
Model1_Proj.dat 2 2025 Cofl 18.6118
Model1_Proj.dat 2 2025 CLCI 40.7237
Model1_Proj.dat 2 2025 CUCI 40.9325
Model1_Proj.dat 2 2025 CMedian 40.8069
Model1_Proj.dat 2 2025 CMean 40.8138
Model1_Proj.dat 2 2025 CStdn 0.066413
Model1_Proj.dat 2 2026 Cabc 17.1098
Model1_Proj.dat 2 2026 Cofl 18.6118
Model1_Proj.dat 2 2026 CLCI 33.226
Model1_Proj.dat 2 2026 CUCI 33.8047
Model1_Proj.dat 2 2026 CMedian 33.4598
Model1_Proj.dat 2 2026 CMean 33.4806
Model1_Proj.dat 2 2026 CStdn 0.177664
Model1_Proj.dat 2 2027 Cabc 17.1098
Model1_Proj.dat 2 2027 Cofl 18.6118
Model1_Proj.dat 2 2027 CLCI 27.3656
Model1_Proj.dat 2 2027 CUCI 28.564
Model1_Proj.dat 2 2027 CMedian 27.8738
Model1_Proj.dat 2 2027 CMean 27.9092
Model1_Proj.dat 2 2027 CStdn 0.378398
Model1_Proj.dat 2 2028 Cabc 17.1098
Model1_Proj.dat 2 2028 Cofl 18.6118
Model1_Proj.dat 2 2028 CLCI 22.8937
Model1_Proj.dat 2 2028 CUCI 24.9698
Model1_Proj.dat 2 2028 CMedian 23.808
Model1_Proj.dat 2 2028 CMean 23.8446
Model1_Proj.dat 2 2028 CStdn 0.656955
Model1_Proj.dat 2 2029 Cabc 17.1098
Model1_Proj.dat 2 2029 Cofl 18.6118
Model1_Proj.dat 2 2029 CLCI 19.655
Model1_Proj.dat 2 2029 CUCI 22.7208
Model1_Proj.dat 2 2029 CMedian 21.0108
Model1_Proj.dat 2 2029 CMean 21.0771
Model1_Proj.dat 2 2029 CStdn 0.952745
Model1_Proj.dat 2 2030 Cabc 17.1098
Model1_Proj.dat 2 2030 Cofl 18.6118
Model1_Proj.dat 2 2030 CLCI 17.4572
Model1_Proj.dat 2 2030 CUCI 21.2458
Model1_Proj.dat 2 2030 CMedian 19.1788
Model1_Proj.dat 2 2030 CMean 19.2548
Model1_Proj.dat 2 2030 CStdn 1.19425
Model1_Proj.dat 2 2031 Cabc 17.1098
Model1_Proj.dat 2 2031 Cofl 18.6118
Model1_Proj.dat 2 2031 CLCI 15.965
Model1_Proj.dat 2 2031 CUCI 20.354
Model1_Proj.dat 2 2031 CMedian 17.9251
Model1_Proj.dat 2 2031 CMean 18.0264
Model1_Proj.dat 2 2031 CStdn 1.37149
Model1_Proj.dat 2 2032 Cabc 17.1098
Model1_Proj.dat 2 2032 Cofl 18.6118
Model1_Proj.dat 2 2032 CLCI 14.4128
Model1_Proj.dat 2 2032 CUCI 19.6954
Model1_Proj.dat 2 2032 CMedian 17.132
Model1_Proj.dat 2 2032 CMean 17.15
Model1_Proj.dat 2 2032 CStdn 1.5689
Model1_Proj.dat 2 2033 Cabc 17.1098
Model1_Proj.dat 2 2033 Cofl 18.6118
Model1_Proj.dat 2 2033 CLCI 13.5479
Model1_Proj.dat 2 2033 CUCI 19.2762
Model1_Proj.dat 2 2033 CMedian 16.5916
Model1_Proj.dat 2 2033 CMean 16.5376
Model1_Proj.dat 2 2033 CStdn 1.71335
Model1_Proj.dat 2 2034 Cabc 17.1098
Model1_Proj.dat 2 2034 Cofl 18.6118
Model1_Proj.dat 2 2034 CLCI 13.092
Model1_Proj.dat 2 2034 CUCI 18.9069
Model1_Proj.dat 2 2034 CMedian 16.2782
Model1_Proj.dat 2 2034 CMean 16.1577
Model1_Proj.dat 2 2034 CStdn 1.76506
Model1_Proj.dat 2 2035 Cabc 17.1098
Model1_Proj.dat 2 2035 Cofl 18.6118
Model1_Proj.dat 2 2035 CLCI 12.9427
Model1_Proj.dat 2 2035 CUCI 18.6162
Model1_Proj.dat 2 2035 CMedian 16.1127
Model1_Proj.dat 2 2035 CMean 15.9574
Model1_Proj.dat 2 2035 CStdn 1.75681
Model1_Proj.dat 2 2036 Cabc 17.1098
Model1_Proj.dat 2 2036 Cofl 18.6118
Model1_Proj.dat 2 2036 CLCI 12.9303
Model1_Proj.dat 2 2036 CUCI 18.6212
Model1_Proj.dat 2 2036 CMedian 16.0462
Model1_Proj.dat 2 2036 CMean 15.8757
Model1_Proj.dat 2 2036 CStdn 1.73879
Model1_Proj.dat 2 2037 Cabc 17.1098
Model1_Proj.dat 2 2037 Cofl 18.6118
Model1_Proj.dat 2 2037 CLCI 12.95
Model1_Proj.dat 2 2037 CUCI 18.547
Model1_Proj.dat 2 2037 CMedian 16.0135
Model1_Proj.dat 2 2037 CMean 15.8589
Model1_Proj.dat 2 2037 CStdn 1.71927
Model1_Proj.dat 2 2038 Cabc 17.1098
Model1_Proj.dat 2 2038 Cofl 18.6118
Model1_Proj.dat 2 2038 CLCI 12.9195
Model1_Proj.dat 2 2038 CUCI 18.5542
Model1_Proj.dat 2 2038 CMedian 16.0634
Model1_Proj.dat 2 2038 CMean 15.8719
Model1_Proj.dat 2 2038 CStdn 1.70232
Model1_Proj.dat 2 2022 SSBF100 94.2192
Model1_Proj.dat 2 2022 SSBFabc 37.6877
Model1_Proj.dat 2 2022 SSBFofl 32.9767
Model1_Proj.dat 2 2022 SSBLCI 92.3951
Model1_Proj.dat 2 2022 SSBUCI 92.3951
Model1_Proj.dat 2 2022 SSBMedian 92.3951
Model1_Proj.dat 2 2022 SSBMean 92.3951
Model1_Proj.dat 2 2023 SSBF100 94.2192
Model1_Proj.dat 2 2023 SSBFabc 37.6877
Model1_Proj.dat 2 2023 SSBFofl 32.9767
Model1_Proj.dat 2 2023 SSBLCI 94.2709
Model1_Proj.dat 2 2023 SSBUCI 94.3048
Model1_Proj.dat 2 2023 SSBMedian 94.284
Model1_Proj.dat 2 2023 SSBMean 94.2855
Model1_Proj.dat 2 2024 SSBF100 94.2192
Model1_Proj.dat 2 2024 SSBFabc 37.6877
Model1_Proj.dat 2 2024 SSBFofl 32.9767
Model1_Proj.dat 2 2024 SSBLCI 95.9011
Model1_Proj.dat 2 2024 SSBUCI 96.0405
Model1_Proj.dat 2 2024 SSBMedian 95.9565
Model1_Proj.dat 2 2024 SSBMean 95.9616
Model1_Proj.dat 2 2025 SSBF100 94.2192
Model1_Proj.dat 2 2025 SSBFabc 37.6877
Model1_Proj.dat 2 2025 SSBFofl 32.9767
Model1_Proj.dat 2 2025 SSBLCI 97.4159
Model1_Proj.dat 2 2025 SSBUCI 97.8525
Model1_Proj.dat 2 2025 SSBMedian 97.5916
Model1_Proj.dat 2 2025 SSBMean 97.6076
Model1_Proj.dat 2 2026 SSBF100 94.2192
Model1_Proj.dat 2 2026 SSBFabc 37.6877
Model1_Proj.dat 2 2026 SSBFofl 32.9767
Model1_Proj.dat 2 2026 SSBLCI 79.7969
Model1_Proj.dat 2 2026 SSBUCI 80.9162
Model1_Proj.dat 2 2026 SSBMedian 80.2582
Model1_Proj.dat 2 2026 SSBMean 80.2935
Model1_Proj.dat 2 2027 SSBF100 94.2192
Model1_Proj.dat 2 2027 SSBFabc 37.6877
Model1_Proj.dat 2 2027 SSBFofl 32.9767
Model1_Proj.dat 2 2027 SSBLCI 66.0439
Model1_Proj.dat 2 2027 SSBUCI 68.4181
Model1_Proj.dat 2 2027 SSBMedian 67.0423
Model1_Proj.dat 2 2027 SSBMean 67.1168
Model1_Proj.dat 2 2028 SSBF100 94.2192
Model1_Proj.dat 2 2028 SSBFabc 37.6877
Model1_Proj.dat 2 2028 SSBFofl 32.9767
Model1_Proj.dat 2 2028 SSBLCI 55.4813
Model1_Proj.dat 2 2028 SSBUCI 59.7465
Model1_Proj.dat 2 2028 SSBMedian 57.3794
Model1_Proj.dat 2 2028 SSBMean 57.4537
Model1_Proj.dat 2 2029 SSBF100 94.2192
Model1_Proj.dat 2 2029 SSBFabc 37.6877
Model1_Proj.dat 2 2029 SSBFofl 32.9767
Model1_Proj.dat 2 2029 SSBLCI 47.6808
Model1_Proj.dat 2 2029 SSBUCI 54.2578
Model1_Proj.dat 2 2029 SSBMedian 50.6004
Model1_Proj.dat 2 2029 SSBMean 50.7457
Model1_Proj.dat 2 2030 SSBF100 94.2192
Model1_Proj.dat 2 2030 SSBFabc 37.6877
Model1_Proj.dat 2 2030 SSBFofl 32.9767
Model1_Proj.dat 2 2030 SSBLCI 42.3326
Model1_Proj.dat 2 2030 SSBUCI 50.637
Model1_Proj.dat 2 2030 SSBMedian 46.0296
Model1_Proj.dat 2 2030 SSBMean 46.1997
Model1_Proj.dat 2 2031 SSBF100 94.2192
Model1_Proj.dat 2 2031 SSBFabc 37.6877
Model1_Proj.dat 2 2031 SSBFofl 32.9767
Model1_Proj.dat 2 2031 SSBLCI 38.4829
Model1_Proj.dat 2 2031 SSBUCI 48.3457
Model1_Proj.dat 2 2031 SSBMedian 42.8861
Model1_Proj.dat 2 2031 SSBMean 43.1148
Model1_Proj.dat 2 2032 SSBF100 94.2192
Model1_Proj.dat 2 2032 SSBFabc 37.6877
Model1_Proj.dat 2 2032 SSBFofl 32.9767
Model1_Proj.dat 2 2032 SSBLCI 35.9893
Model1_Proj.dat 2 2032 SSBUCI 46.5708
Model1_Proj.dat 2 2032 SSBMedian 40.8615
Model1_Proj.dat 2 2032 SSBMean 41.0482
Model1_Proj.dat 2 2033 SSBF100 94.2192
Model1_Proj.dat 2 2033 SSBFabc 37.6877
Model1_Proj.dat 2 2033 SSBFofl 32.9767
Model1_Proj.dat 2 2033 SSBLCI 34.8573
Model1_Proj.dat 2 2033 SSBUCI 45.6121
Model1_Proj.dat 2 2033 SSBMedian 39.4488
Model1_Proj.dat 2 2033 SSBMean 39.7324
Model1_Proj.dat 2 2034 SSBF100 94.2192
Model1_Proj.dat 2 2034 SSBFabc 37.6877
Model1_Proj.dat 2 2034 SSBFofl 32.9767
Model1_Proj.dat 2 2034 SSBLCI 34.1984
Model1_Proj.dat 2 2034 SSBUCI 44.7081
Model1_Proj.dat 2 2034 SSBMedian 38.5102
Model1_Proj.dat 2 2034 SSBMean 38.9505
Model1_Proj.dat 2 2035 SSBF100 94.2192
Model1_Proj.dat 2 2035 SSBFabc 37.6877
Model1_Proj.dat 2 2035 SSBFofl 32.9767
Model1_Proj.dat 2 2035 SSBLCI 33.9681
Model1_Proj.dat 2 2035 SSBUCI 44.0031
Model1_Proj.dat 2 2035 SSBMedian 38.0933
Model1_Proj.dat 2 2035 SSBMean 38.5248
Model1_Proj.dat 2 2036 SSBF100 94.2192
Model1_Proj.dat 2 2036 SSBFabc 37.6877
Model1_Proj.dat 2 2036 SSBFofl 32.9767
Model1_Proj.dat 2 2036 SSBLCI 33.9742
Model1_Proj.dat 2 2036 SSBUCI 43.8793
Model1_Proj.dat 2 2036 SSBMedian 37.9345
Model1_Proj.dat 2 2036 SSBMean 38.3232
Model1_Proj.dat 2 2037 SSBF100 94.2192
Model1_Proj.dat 2 2037 SSBFabc 37.6877
Model1_Proj.dat 2 2037 SSBFofl 32.9767
Model1_Proj.dat 2 2037 SSBLCI 33.9708
Model1_Proj.dat 2 2037 SSBUCI 43.7693
Model1_Proj.dat 2 2037 SSBMedian 37.8458
Model1_Proj.dat 2 2037 SSBMean 38.2551
Model1_Proj.dat 2 2038 SSBF100 94.2192
Model1_Proj.dat 2 2038 SSBFabc 37.6877
Model1_Proj.dat 2 2038 SSBFofl 32.9767
Model1_Proj.dat 2 2038 SSBLCI 33.8981
Model1_Proj.dat 2 2038 SSBUCI 43.6157
Model1_Proj.dat 2 2038 SSBMedian 37.8547
Model1_Proj.dat 2 2038 SSBMean 38.2606
Model1_Proj.dat 2 2022 F0 0 
Model1_Proj.dat 2 2022 Fabc 0.289143
Model1_Proj.dat 2 2022 Fofl 0.362796
Model1_Proj.dat 2 2022  F_LCI 0.00598256
Model1_Proj.dat 2 2022  F_UCI 0.00598256
Model1_Proj.dat 2 2022  F_Median 0.00598256
Model1_Proj.dat 2 2022  F_Mean 0.00598256
Model1_Proj.dat 2 2023 F0 0 
Model1_Proj.dat 2 2023 Fabc 0.289143
Model1_Proj.dat 2 2023 Fofl 0.362796
Model1_Proj.dat 2 2023  F_LCI 0.0125164
Model1_Proj.dat 2 2023  F_UCI 0.0125199
Model1_Proj.dat 2 2023  F_Median 0.0125186
Model1_Proj.dat 2 2023  F_Mean 0.0125184
Model1_Proj.dat 2 2024 F0 0 
Model1_Proj.dat 2 2024 Fabc 0.289143
Model1_Proj.dat 2 2024 Fofl 0.362796
Model1_Proj.dat 2 2024  F_LCI 0.0123135
Model1_Proj.dat 2 2024  F_UCI 0.0123301
Model1_Proj.dat 2 2024  F_Median 0.0123236
Model1_Proj.dat 2 2024  F_Mean 0.0123231
Model1_Proj.dat 2 2025 F0 0 
Model1_Proj.dat 2 2025 Fabc 0.289143
Model1_Proj.dat 2 2025 Fofl 0.362796
Model1_Proj.dat 2 2025  F_LCI 0.289143
Model1_Proj.dat 2 2025  F_UCI 0.289143
Model1_Proj.dat 2 2025  F_Median 0.289143
Model1_Proj.dat 2 2025  F_Mean 0.289143
Model1_Proj.dat 2 2026 F0 0 
Model1_Proj.dat 2 2026 Fabc 0.289143
Model1_Proj.dat 2 2026 Fofl 0.362796
Model1_Proj.dat 2 2026  F_LCI 0.289143
Model1_Proj.dat 2 2026  F_UCI 0.289143
Model1_Proj.dat 2 2026  F_Median 0.289143
Model1_Proj.dat 2 2026  F_Mean 0.289143
Model1_Proj.dat 2 2027 F0 0 
Model1_Proj.dat 2 2027 Fabc 0.289143
Model1_Proj.dat 2 2027 Fofl 0.362796
Model1_Proj.dat 2 2027  F_LCI 0.289143
Model1_Proj.dat 2 2027  F_UCI 0.289143
Model1_Proj.dat 2 2027  F_Median 0.289143
Model1_Proj.dat 2 2027  F_Mean 0.289143
Model1_Proj.dat 2 2028 F0 0 
Model1_Proj.dat 2 2028 Fabc 0.289143
Model1_Proj.dat 2 2028 Fofl 0.362796
Model1_Proj.dat 2 2028  F_LCI 0.289143
Model1_Proj.dat 2 2028  F_UCI 0.289143
Model1_Proj.dat 2 2028  F_Median 0.289143
Model1_Proj.dat 2 2028  F_Mean 0.289143
Model1_Proj.dat 2 2029 F0 0 
Model1_Proj.dat 2 2029 Fabc 0.289143
Model1_Proj.dat 2 2029 Fofl 0.362796
Model1_Proj.dat 2 2029  F_LCI 0.289143
Model1_Proj.dat 2 2029  F_UCI 0.289143
Model1_Proj.dat 2 2029  F_Median 0.289143
Model1_Proj.dat 2 2029  F_Mean 0.289143
Model1_Proj.dat 2 2030 F0 0 
Model1_Proj.dat 2 2030 Fabc 0.289143
Model1_Proj.dat 2 2030 Fofl 0.362796
Model1_Proj.dat 2 2030  F_LCI 0.289143
Model1_Proj.dat 2 2030  F_UCI 0.289143
Model1_Proj.dat 2 2030  F_Median 0.289143
Model1_Proj.dat 2 2030  F_Mean 0.289143
Model1_Proj.dat 2 2031 F0 0 
Model1_Proj.dat 2 2031 Fabc 0.289143
Model1_Proj.dat 2 2031 Fofl 0.362796
Model1_Proj.dat 2 2031  F_LCI 0.289143
Model1_Proj.dat 2 2031  F_UCI 0.289143
Model1_Proj.dat 2 2031  F_Median 0.289143
Model1_Proj.dat 2 2031  F_Mean 0.288956
Model1_Proj.dat 2 2032 F0 0 
Model1_Proj.dat 2 2032 Fabc 0.289143
Model1_Proj.dat 2 2032 Fofl 0.362796
Model1_Proj.dat 2 2032  F_LCI 0.275428
Model1_Proj.dat 2 2032  F_UCI 0.289143
Model1_Proj.dat 2 2032  F_Median 0.289143
Model1_Proj.dat 2 2032  F_Mean 0.28754
Model1_Proj.dat 2 2033 F0 0 
Model1_Proj.dat 2 2033 Fabc 0.289143
Model1_Proj.dat 2 2033 Fofl 0.362796
Model1_Proj.dat 2 2033  F_LCI 0.266286
Model1_Proj.dat 2 2033  F_UCI 0.289143
Model1_Proj.dat 2 2033  F_Median 0.289143
Model1_Proj.dat 2 2033  F_Mean 0.285207
Model1_Proj.dat 2 2034 F0 0 
Model1_Proj.dat 2 2034 Fabc 0.289143
Model1_Proj.dat 2 2034 Fofl 0.362796
Model1_Proj.dat 2 2034  F_LCI 0.260964
Model1_Proj.dat 2 2034  F_UCI 0.289143
Model1_Proj.dat 2 2034  F_Median 0.289143
Model1_Proj.dat 2 2034  F_Mean 0.28328
Model1_Proj.dat 2 2035 F0 0 
Model1_Proj.dat 2 2035 Fabc 0.289143
Model1_Proj.dat 2 2035 Fofl 0.362796
Model1_Proj.dat 2 2035  F_LCI 0.259105
Model1_Proj.dat 2 2035  F_UCI 0.289143
Model1_Proj.dat 2 2035  F_Median 0.289143
Model1_Proj.dat 2 2035  F_Mean 0.282216
Model1_Proj.dat 2 2036 F0 0 
Model1_Proj.dat 2 2036 Fabc 0.289143
Model1_Proj.dat 2 2036 Fofl 0.362796
Model1_Proj.dat 2 2036  F_LCI 0.259153
Model1_Proj.dat 2 2036  F_UCI 0.289143
Model1_Proj.dat 2 2036  F_Median 0.289143
Model1_Proj.dat 2 2036  F_Mean 0.28184
Model1_Proj.dat 2 2037 F0 0 
Model1_Proj.dat 2 2037 Fabc 0.289143
Model1_Proj.dat 2 2037 Fofl 0.362796
Model1_Proj.dat 2 2037  F_LCI 0.259127
Model1_Proj.dat 2 2037  F_UCI 0.289143
Model1_Proj.dat 2 2037  F_Median 0.289143
Model1_Proj.dat 2 2037  F_Mean 0.281789
Model1_Proj.dat 2 2038 F0 0 
Model1_Proj.dat 2 2038 Fabc 0.289143
Model1_Proj.dat 2 2038 Fofl 0.362796
Model1_Proj.dat 2 2038  F_LCI 0.258539
Model1_Proj.dat 2 2038  F_UCI 0.289143
Model1_Proj.dat 2 2038  F_Median 0.289143
Model1_Proj.dat 2 2038  F_Mean 0.281838
Model1_Proj.dat 3 2022 Cabc 17.1098
Model1_Proj.dat 3 2022 Cofl 18.6118
Model1_Proj.dat 3 2022 CLCI 0.898999
Model1_Proj.dat 3 2022 CUCI 0.898999
Model1_Proj.dat 3 2022 CMedian 0.898999
Model1_Proj.dat 3 2022 CMean 0.898999
Model1_Proj.dat 3 2022 CStdn 1.95399e-14
Model1_Proj.dat 3 2023 Cabc 17.1098
Model1_Proj.dat 3 2023 Cofl 18.6118
Model1_Proj.dat 3 2023 CLCI 1.90798
Model1_Proj.dat 3 2023 CUCI 1.90798
Model1_Proj.dat 3 2023 CMedian 1.90798
Model1_Proj.dat 3 2023 CMean 1.90798
Model1_Proj.dat 3 2023 CStdn 1.88965e-10
Model1_Proj.dat 3 2024 Cabc 17.1098
Model1_Proj.dat 3 2024 Cofl 18.6118
Model1_Proj.dat 3 2024 CLCI 1.90799
Model1_Proj.dat 3 2024 CUCI 1.90799
Model1_Proj.dat 3 2024 CMedian 1.90799
Model1_Proj.dat 3 2024 CMean 1.90799
Model1_Proj.dat 3 2024 CStdn 2.81314e-10
Model1_Proj.dat 3 2025 Cabc 17.1098
Model1_Proj.dat 3 2025 Cofl 18.6118
Model1_Proj.dat 3 2025 CLCI 1.84263
Model1_Proj.dat 3 2025 CUCI 1.85114
Model1_Proj.dat 3 2025 CMedian 1.84602
Model1_Proj.dat 3 2025 CMean 1.8463
Model1_Proj.dat 3 2025 CStdn 0.0027085
Model1_Proj.dat 3 2026 Cabc 17.1098
Model1_Proj.dat 3 2026 Cofl 18.6118
Model1_Proj.dat 3 2026 CLCI 1.85648
Model1_Proj.dat 3 2026 CUCI 1.88052
Model1_Proj.dat 3 2026 CMedian 1.86621
Model1_Proj.dat 3 2026 CMean 1.86708
Model1_Proj.dat 3 2026 CStdn 0.00738202
Model1_Proj.dat 3 2027 Cabc 17.1098
Model1_Proj.dat 3 2027 Cofl 18.6118
Model1_Proj.dat 3 2027 CLCI 1.843
Model1_Proj.dat 3 2027 CUCI 1.89465
Model1_Proj.dat 3 2027 CMedian 1.86485
Model1_Proj.dat 3 2027 CMean 1.86645
Model1_Proj.dat 3 2027 CStdn 0.0163154
Model1_Proj.dat 3 2028 Cabc 17.1098
Model1_Proj.dat 3 2028 Cofl 18.6118
Model1_Proj.dat 3 2028 CLCI 1.8039
Model1_Proj.dat 3 2028 CUCI 1.89859
Model1_Proj.dat 3 2028 CMedian 1.84571
Model1_Proj.dat 3 2028 CMean 1.84759
Model1_Proj.dat 3 2028 CStdn 0.0301498
Model1_Proj.dat 3 2029 Cabc 17.1098
Model1_Proj.dat 3 2029 Cofl 18.6118
Model1_Proj.dat 3 2029 CLCI 1.75272
Model1_Proj.dat 3 2029 CUCI 1.90608
Model1_Proj.dat 3 2029 CMedian 1.8205
Model1_Proj.dat 3 2029 CMean 1.8235
Model1_Proj.dat 3 2029 CStdn 0.0477377
Model1_Proj.dat 3 2030 Cabc 17.1098
Model1_Proj.dat 3 2030 Cofl 18.6118
Model1_Proj.dat 3 2030 CLCI 1.70517
Model1_Proj.dat 3 2030 CUCI 1.91426
Model1_Proj.dat 3 2030 CMedian 1.79669
Model1_Proj.dat 3 2030 CMean 1.80208
Model1_Proj.dat 3 2030 CStdn 0.0662399
Model1_Proj.dat 3 2031 Cabc 17.1098
Model1_Proj.dat 3 2031 Cofl 18.6118
Model1_Proj.dat 3 2031 CLCI 1.65716
Model1_Proj.dat 3 2031 CUCI 1.92073
Model1_Proj.dat 3 2031 CMedian 1.77502
Model1_Proj.dat 3 2031 CMean 1.78145
Model1_Proj.dat 3 2031 CStdn 0.0824524
Model1_Proj.dat 3 2032 Cabc 17.1098
Model1_Proj.dat 3 2032 Cofl 18.6118
Model1_Proj.dat 3 2032 CLCI 1.61541
Model1_Proj.dat 3 2032 CUCI 1.92518
Model1_Proj.dat 3 2032 CMedian 1.75354
Model1_Proj.dat 3 2032 CMean 1.76086
Model1_Proj.dat 3 2032 CStdn 0.0946059
Model1_Proj.dat 3 2033 Cabc 17.1098
Model1_Proj.dat 3 2033 Cofl 18.6118
Model1_Proj.dat 3 2033 CLCI 1.58398
Model1_Proj.dat 3 2033 CUCI 1.91587
Model1_Proj.dat 3 2033 CMedian 1.73668
Model1_Proj.dat 3 2033 CMean 1.74281
Model1_Proj.dat 3 2033 CStdn 0.102837
Model1_Proj.dat 3 2034 Cabc 17.1098
Model1_Proj.dat 3 2034 Cofl 18.6118
Model1_Proj.dat 3 2034 CLCI 1.56063
Model1_Proj.dat 3 2034 CUCI 1.91215
Model1_Proj.dat 3 2034 CMedian 1.72037
Model1_Proj.dat 3 2034 CMean 1.72759
Model1_Proj.dat 3 2034 CStdn 0.107971
Model1_Proj.dat 3 2035 Cabc 17.1098
Model1_Proj.dat 3 2035 Cofl 18.6118
Model1_Proj.dat 3 2035 CLCI 1.54467
Model1_Proj.dat 3 2035 CUCI 1.90503
Model1_Proj.dat 3 2035 CMedian 1.70595
Model1_Proj.dat 3 2035 CMean 1.71524
Model1_Proj.dat 3 2035 CStdn 0.11088
Model1_Proj.dat 3 2036 Cabc 17.1098
Model1_Proj.dat 3 2036 Cofl 18.6118
Model1_Proj.dat 3 2036 CLCI 1.53137
Model1_Proj.dat 3 2036 CUCI 1.8946
Model1_Proj.dat 3 2036 CMedian 1.69753
Model1_Proj.dat 3 2036 CMean 1.70563
Model1_Proj.dat 3 2036 CStdn 0.112534
Model1_Proj.dat 3 2037 Cabc 17.1098
Model1_Proj.dat 3 2037 Cofl 18.6118
Model1_Proj.dat 3 2037 CLCI 1.52053
Model1_Proj.dat 3 2037 CUCI 1.89066
Model1_Proj.dat 3 2037 CMedian 1.69182
Model1_Proj.dat 3 2037 CMean 1.69849
Model1_Proj.dat 3 2037 CStdn 0.113569
Model1_Proj.dat 3 2038 Cabc 17.1098
Model1_Proj.dat 3 2038 Cofl 18.6118
Model1_Proj.dat 3 2038 CLCI 1.5163
Model1_Proj.dat 3 2038 CUCI 1.88476
Model1_Proj.dat 3 2038 CMedian 1.68593
Model1_Proj.dat 3 2038 CMean 1.69343
Model1_Proj.dat 3 2038 CStdn 0.114127
Model1_Proj.dat 3 2022 SSBF100 94.2192
Model1_Proj.dat 3 2022 SSBFabc 37.6877
Model1_Proj.dat 3 2022 SSBFofl 32.9767
Model1_Proj.dat 3 2022 SSBLCI 92.3951
Model1_Proj.dat 3 2022 SSBUCI 92.3951
Model1_Proj.dat 3 2022 SSBMedian 92.3951
Model1_Proj.dat 3 2022 SSBMean 92.3951
Model1_Proj.dat 3 2023 SSBF100 94.2192
Model1_Proj.dat 3 2023 SSBFabc 37.6877
Model1_Proj.dat 3 2023 SSBFofl 32.9767
Model1_Proj.dat 3 2023 SSBLCI 94.2709
Model1_Proj.dat 3 2023 SSBUCI 94.3048
Model1_Proj.dat 3 2023 SSBMedian 94.284
Model1_Proj.dat 3 2023 SSBMean 94.2855
Model1_Proj.dat 3 2024 SSBF100 94.2192
Model1_Proj.dat 3 2024 SSBFabc 37.6877
Model1_Proj.dat 3 2024 SSBFofl 32.9767
Model1_Proj.dat 3 2024 SSBLCI 95.9011
Model1_Proj.dat 3 2024 SSBUCI 96.0405
Model1_Proj.dat 3 2024 SSBMedian 95.9565
Model1_Proj.dat 3 2024 SSBMean 95.9616
Model1_Proj.dat 3 2025 SSBF100 94.2192
Model1_Proj.dat 3 2025 SSBFabc 37.6877
Model1_Proj.dat 3 2025 SSBFofl 32.9767
Model1_Proj.dat 3 2025 SSBLCI 97.4159
Model1_Proj.dat 3 2025 SSBUCI 97.8525
Model1_Proj.dat 3 2025 SSBMedian 97.5916
Model1_Proj.dat 3 2025 SSBMean 97.6076
Model1_Proj.dat 3 2026 SSBF100 94.2192
Model1_Proj.dat 3 2026 SSBFabc 37.6877
Model1_Proj.dat 3 2026 SSBFofl 32.9767
Model1_Proj.dat 3 2026 SSBLCI 98.0917
Model1_Proj.dat 3 2026 SSBUCI 99.2207
Model1_Proj.dat 3 2026 SSBMedian 98.5562
Model1_Proj.dat 3 2026 SSBMean 98.5924
Model1_Proj.dat 3 2027 SSBF100 94.2192
Model1_Proj.dat 3 2027 SSBFabc 37.6877
Model1_Proj.dat 3 2027 SSBFofl 32.9767
Model1_Proj.dat 3 2027 SSBLCI 97.5282
Model1_Proj.dat 3 2027 SSBUCI 99.9691
Model1_Proj.dat 3 2027 SSBMedian 98.5598
Model1_Proj.dat 3 2027 SSBMean 98.6333
Model1_Proj.dat 3 2028 SSBF100 94.2192
Model1_Proj.dat 3 2028 SSBFabc 37.6877
Model1_Proj.dat 3 2028 SSBFofl 32.9767
Model1_Proj.dat 3 2028 SSBLCI 95.9404
Model1_Proj.dat 3 2028 SSBUCI 100.461
Model1_Proj.dat 3 2028 SSBMedian 97.9388
Model1_Proj.dat 3 2028 SSBMean 98.0433
Model1_Proj.dat 3 2029 SSBF100 94.2192
Model1_Proj.dat 3 2029 SSBFabc 37.6877
Model1_Proj.dat 3 2029 SSBFofl 32.9767
Model1_Proj.dat 3 2029 SSBLCI 93.7633
Model1_Proj.dat 3 2029 SSBUCI 101.138
Model1_Proj.dat 3 2029 SSBMedian 97.0092
Model1_Proj.dat 3 2029 SSBMean 97.1599
Model1_Proj.dat 3 2030 SSBF100 94.2192
Model1_Proj.dat 3 2030 SSBFabc 37.6877
Model1_Proj.dat 3 2030 SSBFofl 32.9767
Model1_Proj.dat 3 2030 SSBLCI 91.4738
Model1_Proj.dat 3 2030 SSBUCI 101.6
Model1_Proj.dat 3 2030 SSBMedian 95.8829
Model1_Proj.dat 3 2030 SSBMean 96.137
Model1_Proj.dat 3 2031 SSBF100 94.2192
Model1_Proj.dat 3 2031 SSBFabc 37.6877
Model1_Proj.dat 3 2031 SSBFofl 32.9767
Model1_Proj.dat 3 2031 SSBLCI 89.0656
Model1_Proj.dat 3 2031 SSBUCI 101.806
Model1_Proj.dat 3 2031 SSBMedian 94.7466
Model1_Proj.dat 3 2031 SSBMean 95.0606
Model1_Proj.dat 3 2032 SSBF100 94.2192
Model1_Proj.dat 3 2032 SSBFabc 37.6877
Model1_Proj.dat 3 2032 SSBFofl 32.9767
Model1_Proj.dat 3 2032 SSBLCI 86.894
Model1_Proj.dat 3 2032 SSBUCI 102.017
Model1_Proj.dat 3 2032 SSBMedian 93.6967
Model1_Proj.dat 3 2032 SSBMean 94.013
Model1_Proj.dat 3 2033 SSBF100 94.2192
Model1_Proj.dat 3 2033 SSBFabc 37.6877
Model1_Proj.dat 3 2033 SSBFofl 32.9767
Model1_Proj.dat 3 2033 SSBLCI 85.2253
Model1_Proj.dat 3 2033 SSBUCI 101.671
Model1_Proj.dat 3 2033 SSBMedian 92.7547
Model1_Proj.dat 3 2033 SSBMean 93.0516
Model1_Proj.dat 3 2034 SSBF100 94.2192
Model1_Proj.dat 3 2034 SSBFabc 37.6877
Model1_Proj.dat 3 2034 SSBFofl 32.9767
Model1_Proj.dat 3 2034 SSBLCI 83.8865
Model1_Proj.dat 3 2034 SSBUCI 101.542
Model1_Proj.dat 3 2034 SSBMedian 91.9127
Model1_Proj.dat 3 2034 SSBMean 92.212
Model1_Proj.dat 3 2035 SSBF100 94.2192
Model1_Proj.dat 3 2035 SSBFabc 37.6877
Model1_Proj.dat 3 2035 SSBFofl 32.9767
Model1_Proj.dat 3 2035 SSBLCI 82.885
Model1_Proj.dat 3 2035 SSBUCI 101.303
Model1_Proj.dat 3 2035 SSBMedian 90.962
Model1_Proj.dat 3 2035 SSBMean 91.5095
Model1_Proj.dat 3 2036 SSBF100 94.2192
Model1_Proj.dat 3 2036 SSBFabc 37.6877
Model1_Proj.dat 3 2036 SSBFofl 32.9767
Model1_Proj.dat 3 2036 SSBLCI 82.0287
Model1_Proj.dat 3 2036 SSBUCI 100.744
Model1_Proj.dat 3 2036 SSBMedian 90.4709
Model1_Proj.dat 3 2036 SSBMean 90.9444
Model1_Proj.dat 3 2037 SSBF100 94.2192
Model1_Proj.dat 3 2037 SSBFabc 37.6877
Model1_Proj.dat 3 2037 SSBFofl 32.9767
Model1_Proj.dat 3 2037 SSBLCI 81.3668
Model1_Proj.dat 3 2037 SSBUCI 100.362
Model1_Proj.dat 3 2037 SSBMedian 90.1382
Model1_Proj.dat 3 2037 SSBMean 90.5091
Model1_Proj.dat 3 2038 SSBF100 94.2192
Model1_Proj.dat 3 2038 SSBFabc 37.6877
Model1_Proj.dat 3 2038 SSBFofl 32.9767
Model1_Proj.dat 3 2038 SSBLCI 81.1039
Model1_Proj.dat 3 2038 SSBUCI 100.171
Model1_Proj.dat 3 2038 SSBMedian 89.8776
Model1_Proj.dat 3 2038 SSBMean 90.1868
Model1_Proj.dat 3 2022 F0 0 
Model1_Proj.dat 3 2022 Fabc 0.289143
Model1_Proj.dat 3 2022 Fofl 0.362796
Model1_Proj.dat 3 2022  F_LCI 0.00598256
Model1_Proj.dat 3 2022  F_UCI 0.00598256
Model1_Proj.dat 3 2022  F_Median 0.00598256
Model1_Proj.dat 3 2022  F_Mean 0.00598256
Model1_Proj.dat 3 2023 F0 0 
Model1_Proj.dat 3 2023 Fabc 0.289143
Model1_Proj.dat 3 2023 Fofl 0.362796
Model1_Proj.dat 3 2023  F_LCI 0.0125164
Model1_Proj.dat 3 2023  F_UCI 0.0125199
Model1_Proj.dat 3 2023  F_Median 0.0125186
Model1_Proj.dat 3 2023  F_Mean 0.0125184
Model1_Proj.dat 3 2024 F0 0 
Model1_Proj.dat 3 2024 Fabc 0.289143
Model1_Proj.dat 3 2024 Fofl 0.362796
Model1_Proj.dat 3 2024  F_LCI 0.0123135
Model1_Proj.dat 3 2024  F_UCI 0.0123301
Model1_Proj.dat 3 2024  F_Median 0.0123236
Model1_Proj.dat 3 2024  F_Mean 0.0123231
Model1_Proj.dat 3 2025 F0 0 
Model1_Proj.dat 3 2025 Fabc 0.289143
Model1_Proj.dat 3 2025 Fofl 0.362796
Model1_Proj.dat 3 2025  F_LCI 0.0117204
Model1_Proj.dat 3 2025  F_UCI 0.0117204
Model1_Proj.dat 3 2025  F_Median 0.0117204
Model1_Proj.dat 3 2025  F_Mean 0.0117204
Model1_Proj.dat 3 2026 F0 0 
Model1_Proj.dat 3 2026 Fabc 0.289143
Model1_Proj.dat 3 2026 Fofl 0.362796
Model1_Proj.dat 3 2026  F_LCI 0.0117204
Model1_Proj.dat 3 2026  F_UCI 0.0117204
Model1_Proj.dat 3 2026  F_Median 0.0117204
Model1_Proj.dat 3 2026  F_Mean 0.0117204
Model1_Proj.dat 3 2027 F0 0 
Model1_Proj.dat 3 2027 Fabc 0.289143
Model1_Proj.dat 3 2027 Fofl 0.362796
Model1_Proj.dat 3 2027  F_LCI 0.0117204
Model1_Proj.dat 3 2027  F_UCI 0.0117204
Model1_Proj.dat 3 2027  F_Median 0.0117204
Model1_Proj.dat 3 2027  F_Mean 0.0117204
Model1_Proj.dat 3 2028 F0 0 
Model1_Proj.dat 3 2028 Fabc 0.289143
Model1_Proj.dat 3 2028 Fofl 0.362796
Model1_Proj.dat 3 2028  F_LCI 0.0117204
Model1_Proj.dat 3 2028  F_UCI 0.0117204
Model1_Proj.dat 3 2028  F_Median 0.0117204
Model1_Proj.dat 3 2028  F_Mean 0.0117204
Model1_Proj.dat 3 2029 F0 0 
Model1_Proj.dat 3 2029 Fabc 0.289143
Model1_Proj.dat 3 2029 Fofl 0.362796
Model1_Proj.dat 3 2029  F_LCI 0.0117204
Model1_Proj.dat 3 2029  F_UCI 0.0117204
Model1_Proj.dat 3 2029  F_Median 0.0117204
Model1_Proj.dat 3 2029  F_Mean 0.0117204
Model1_Proj.dat 3 2030 F0 0 
Model1_Proj.dat 3 2030 Fabc 0.289143
Model1_Proj.dat 3 2030 Fofl 0.362796
Model1_Proj.dat 3 2030  F_LCI 0.0117204
Model1_Proj.dat 3 2030  F_UCI 0.0117204
Model1_Proj.dat 3 2030  F_Median 0.0117204
Model1_Proj.dat 3 2030  F_Mean 0.0117204
Model1_Proj.dat 3 2031 F0 0 
Model1_Proj.dat 3 2031 Fabc 0.289143
Model1_Proj.dat 3 2031 Fofl 0.362796
Model1_Proj.dat 3 2031  F_LCI 0.0117204
Model1_Proj.dat 3 2031  F_UCI 0.0117204
Model1_Proj.dat 3 2031  F_Median 0.0117204
Model1_Proj.dat 3 2031  F_Mean 0.0117204
Model1_Proj.dat 3 2032 F0 0 
Model1_Proj.dat 3 2032 Fabc 0.289143
Model1_Proj.dat 3 2032 Fofl 0.362796
Model1_Proj.dat 3 2032  F_LCI 0.0117204
Model1_Proj.dat 3 2032  F_UCI 0.0117204
Model1_Proj.dat 3 2032  F_Median 0.0117204
Model1_Proj.dat 3 2032  F_Mean 0.0117204
Model1_Proj.dat 3 2033 F0 0 
Model1_Proj.dat 3 2033 Fabc 0.289143
Model1_Proj.dat 3 2033 Fofl 0.362796
Model1_Proj.dat 3 2033  F_LCI 0.0117204
Model1_Proj.dat 3 2033  F_UCI 0.0117204
Model1_Proj.dat 3 2033  F_Median 0.0117204
Model1_Proj.dat 3 2033  F_Mean 0.0117204
Model1_Proj.dat 3 2034 F0 0 
Model1_Proj.dat 3 2034 Fabc 0.289143
Model1_Proj.dat 3 2034 Fofl 0.362796
Model1_Proj.dat 3 2034  F_LCI 0.0117204
Model1_Proj.dat 3 2034  F_UCI 0.0117204
Model1_Proj.dat 3 2034  F_Median 0.0117204
Model1_Proj.dat 3 2034  F_Mean 0.0117204
Model1_Proj.dat 3 2035 F0 0 
Model1_Proj.dat 3 2035 Fabc 0.289143
Model1_Proj.dat 3 2035 Fofl 0.362796
Model1_Proj.dat 3 2035  F_LCI 0.0117204
Model1_Proj.dat 3 2035  F_UCI 0.0117204
Model1_Proj.dat 3 2035  F_Median 0.0117204
Model1_Proj.dat 3 2035  F_Mean 0.0117204
Model1_Proj.dat 3 2036 F0 0 
Model1_Proj.dat 3 2036 Fabc 0.289143
Model1_Proj.dat 3 2036 Fofl 0.362796
Model1_Proj.dat 3 2036  F_LCI 0.0117204
Model1_Proj.dat 3 2036  F_UCI 0.0117204
Model1_Proj.dat 3 2036  F_Median 0.0117204
Model1_Proj.dat 3 2036  F_Mean 0.0117204
Model1_Proj.dat 3 2037 F0 0 
Model1_Proj.dat 3 2037 Fabc 0.289143
Model1_Proj.dat 3 2037 Fofl 0.362796
Model1_Proj.dat 3 2037  F_LCI 0.0117204
Model1_Proj.dat 3 2037  F_UCI 0.0117204
Model1_Proj.dat 3 2037  F_Median 0.0117204
Model1_Proj.dat 3 2037  F_Mean 0.0117204
Model1_Proj.dat 3 2038 F0 0 
Model1_Proj.dat 3 2038 Fabc 0.289143
Model1_Proj.dat 3 2038 Fofl 0.362796
Model1_Proj.dat 3 2038  F_LCI 0.0117204
Model1_Proj.dat 3 2038  F_UCI 0.0117204
Model1_Proj.dat 3 2038  F_Median 0.0117204
Model1_Proj.dat 3 2038  F_Mean 0.0117204
Model1_Proj.dat 4 2022 Cabc 17.1098
Model1_Proj.dat 4 2022 Cofl 18.6118
Model1_Proj.dat 4 2022 CLCI 0.898999
Model1_Proj.dat 4 2022 CUCI 0.898999
Model1_Proj.dat 4 2022 CMedian 0.898999
Model1_Proj.dat 4 2022 CMean 0.898999
Model1_Proj.dat 4 2022 CStdn 1.95399e-14
Model1_Proj.dat 4 2023 Cabc 17.1098
Model1_Proj.dat 4 2023 Cofl 18.6118
Model1_Proj.dat 4 2023 CLCI 1.90798
Model1_Proj.dat 4 2023 CUCI 1.90798
Model1_Proj.dat 4 2023 CMedian 1.90798
Model1_Proj.dat 4 2023 CMean 1.90798
Model1_Proj.dat 4 2023 CStdn 1.88965e-10
Model1_Proj.dat 4 2024 Cabc 17.1098
Model1_Proj.dat 4 2024 Cofl 18.6118
Model1_Proj.dat 4 2024 CLCI 1.90799
Model1_Proj.dat 4 2024 CUCI 1.90799
Model1_Proj.dat 4 2024 CMedian 1.90799
Model1_Proj.dat 4 2024 CMean 1.90799
Model1_Proj.dat 4 2024 CStdn 2.81314e-10
Model1_Proj.dat 4 2025 Cabc 17.1098
Model1_Proj.dat 4 2025 Cofl 18.6118
Model1_Proj.dat 4 2025 CLCI 9.5684
Model1_Proj.dat 4 2025 CUCI 9.61346
Model1_Proj.dat 4 2025 CMedian 9.58635
Model1_Proj.dat 4 2025 CMean 9.58786
Model1_Proj.dat 4 2025 CStdn 0.0143389
Model1_Proj.dat 4 2026 Cabc 17.1098
Model1_Proj.dat 4 2026 Cofl 18.6118
Model1_Proj.dat 4 2026 CLCI 9.26978
Model1_Proj.dat 4 2026 CUCI 9.39675
Model1_Proj.dat 4 2026 CMedian 9.32115
Model1_Proj.dat 4 2026 CMean 9.32568
Model1_Proj.dat 4 2026 CStdn 0.0389478
Model1_Proj.dat 4 2027 Cabc 17.1098
Model1_Proj.dat 4 2027 Cofl 18.6118
Model1_Proj.dat 4 2027 CLCI 8.87628
Model1_Proj.dat 4 2027 CUCI 9.14682
Model1_Proj.dat 4 2027 CMedian 8.99088
Model1_Proj.dat 4 2027 CMean 8.99919
Model1_Proj.dat 4 2027 CStdn 0.0854978
Model1_Proj.dat 4 2028 Cabc 17.1098
Model1_Proj.dat 4 2028 Cofl 18.6118
Model1_Proj.dat 4 2028 CLCI 8.41141
Model1_Proj.dat 4 2028 CUCI 8.90115
Model1_Proj.dat 4 2028 CMedian 8.62839
Model1_Proj.dat 4 2028 CMean 8.63744
Model1_Proj.dat 4 2028 CStdn 0.156167
Model1_Proj.dat 4 2029 Cabc 17.1098
Model1_Proj.dat 4 2029 Cofl 18.6118
Model1_Proj.dat 4 2029 CLCI 7.94677
Model1_Proj.dat 4 2029 CUCI 8.72934
Model1_Proj.dat 4 2029 CMedian 8.29165
Model1_Proj.dat 4 2029 CMean 8.30673
Model1_Proj.dat 4 2029 CStdn 0.243128
Model1_Proj.dat 4 2030 Cabc 17.1098
Model1_Proj.dat 4 2030 Cofl 18.6118
Model1_Proj.dat 4 2030 CLCI 7.55331
Model1_Proj.dat 4 2030 CUCI 8.59399
Model1_Proj.dat 4 2030 CMedian 8.01084
Model1_Proj.dat 4 2030 CMean 8.036
Model1_Proj.dat 4 2030 CStdn 0.330482
Model1_Proj.dat 4 2031 Cabc 17.1098
Model1_Proj.dat 4 2031 Cofl 18.6118
Model1_Proj.dat 4 2031 CLCI 7.19527
Model1_Proj.dat 4 2031 CUCI 8.4873
Model1_Proj.dat 4 2031 CMedian 7.78088
Model1_Proj.dat 4 2031 CMean 7.80713
Model1_Proj.dat 4 2031 CStdn 0.402821
Model1_Proj.dat 4 2032 Cabc 17.1098
Model1_Proj.dat 4 2032 Cofl 18.6118
Model1_Proj.dat 4 2032 CLCI 6.91202
Model1_Proj.dat 4 2032 CUCI 8.39857
Model1_Proj.dat 4 2032 CMedian 7.58297
Model1_Proj.dat 4 2032 CMean 7.61085
Model1_Proj.dat 4 2032 CStdn 0.453671
Model1_Proj.dat 4 2033 Cabc 17.1098
Model1_Proj.dat 4 2033 Cofl 18.6118
Model1_Proj.dat 4 2033 CLCI 6.70748
Model1_Proj.dat 4 2033 CUCI 8.27846
Model1_Proj.dat 4 2033 CMedian 7.42665
Model1_Proj.dat 4 2033 CMean 7.45245
Model1_Proj.dat 4 2033 CStdn 0.485296
Model1_Proj.dat 4 2034 Cabc 17.1098
Model1_Proj.dat 4 2034 Cofl 18.6118
Model1_Proj.dat 4 2034 CLCI 6.56696
Model1_Proj.dat 4 2034 CUCI 8.18708
Model1_Proj.dat 4 2034 CMedian 7.28658
Model1_Proj.dat 4 2034 CMean 7.32756
Model1_Proj.dat 4 2034 CStdn 0.502472
Model1_Proj.dat 4 2035 Cabc 17.1098
Model1_Proj.dat 4 2035 Cofl 18.6118
Model1_Proj.dat 4 2035 CLCI 6.45371
Model1_Proj.dat 4 2035 CUCI 8.08295
Model1_Proj.dat 4 2035 CMedian 7.18361
Model1_Proj.dat 4 2035 CMean 7.23155
Model1_Proj.dat 4 2035 CStdn 0.510331
Model1_Proj.dat 4 2036 Cabc 17.1098
Model1_Proj.dat 4 2036 Cofl 18.6118
Model1_Proj.dat 4 2036 CLCI 6.36447
Model1_Proj.dat 4 2036 CUCI 8.02035
Model1_Proj.dat 4 2036 CMedian 7.12474
Model1_Proj.dat 4 2036 CMean 7.1599
Model1_Proj.dat 4 2036 CStdn 0.513913
Model1_Proj.dat 4 2037 Cabc 17.1098
Model1_Proj.dat 4 2037 Cofl 18.6118
Model1_Proj.dat 4 2037 CLCI 6.30691
Model1_Proj.dat 4 2037 CUCI 7.97067
Model1_Proj.dat 4 2037 CMedian 7.07326
Model1_Proj.dat 4 2037 CMean 7.10827
Model1_Proj.dat 4 2037 CStdn 0.515717
Model1_Proj.dat 4 2038 Cabc 17.1098
Model1_Proj.dat 4 2038 Cofl 18.6118
Model1_Proj.dat 4 2038 CLCI 6.27981
Model1_Proj.dat 4 2038 CUCI 7.93433
Model1_Proj.dat 4 2038 CMedian 7.03416
Model1_Proj.dat 4 2038 CMean 7.07227
Model1_Proj.dat 4 2038 CStdn 0.516024
Model1_Proj.dat 4 2022 SSBF100 94.2192
Model1_Proj.dat 4 2022 SSBFabc 37.6877
Model1_Proj.dat 4 2022 SSBFofl 32.9767
Model1_Proj.dat 4 2022 SSBLCI 92.3951
Model1_Proj.dat 4 2022 SSBUCI 92.3951
Model1_Proj.dat 4 2022 SSBMedian 92.3951
Model1_Proj.dat 4 2022 SSBMean 92.3951
Model1_Proj.dat 4 2023 SSBF100 94.2192
Model1_Proj.dat 4 2023 SSBFabc 37.6877
Model1_Proj.dat 4 2023 SSBFofl 32.9767
Model1_Proj.dat 4 2023 SSBLCI 94.2709
Model1_Proj.dat 4 2023 SSBUCI 94.3048
Model1_Proj.dat 4 2023 SSBMedian 94.284
Model1_Proj.dat 4 2023 SSBMean 94.2855
Model1_Proj.dat 4 2024 SSBF100 94.2192
Model1_Proj.dat 4 2024 SSBFabc 37.6877
Model1_Proj.dat 4 2024 SSBFofl 32.9767
Model1_Proj.dat 4 2024 SSBLCI 95.9011
Model1_Proj.dat 4 2024 SSBUCI 96.0405
Model1_Proj.dat 4 2024 SSBMedian 95.9565
Model1_Proj.dat 4 2024 SSBMean 95.9616
Model1_Proj.dat 4 2025 SSBF100 94.2192
Model1_Proj.dat 4 2025 SSBFabc 37.6877
Model1_Proj.dat 4 2025 SSBFofl 32.9767
Model1_Proj.dat 4 2025 SSBLCI 97.4159
Model1_Proj.dat 4 2025 SSBUCI 97.8525
Model1_Proj.dat 4 2025 SSBMedian 97.5916
Model1_Proj.dat 4 2025 SSBMean 97.6076
Model1_Proj.dat 4 2026 SSBF100 94.2192
Model1_Proj.dat 4 2026 SSBFabc 37.6877
Model1_Proj.dat 4 2026 SSBFofl 32.9767
Model1_Proj.dat 4 2026 SSBLCI 94.43
Model1_Proj.dat 4 2026 SSBUCI 95.5573
Model1_Proj.dat 4 2026 SSBMedian 94.894
Model1_Proj.dat 4 2026 SSBMean 94.93
Model1_Proj.dat 4 2027 SSBF100 94.2192
Model1_Proj.dat 4 2027 SSBFabc 37.6877
Model1_Proj.dat 4 2027 SSBFofl 32.9767
Model1_Proj.dat 4 2027 SSBLCI 90.6443
Model1_Proj.dat 4 2027 SSBUCI 93.0762
Model1_Proj.dat 4 2027 SSBMedian 91.6697
Model1_Proj.dat 4 2027 SSBMean 91.7435
Model1_Proj.dat 4 2028 SSBF100 94.2192
Model1_Proj.dat 4 2028 SSBFabc 37.6877
Model1_Proj.dat 4 2028 SSBFofl 32.9767
Model1_Proj.dat 4 2028 SSBLCI 86.3465
Model1_Proj.dat 4 2028 SSBUCI 90.819
Model1_Proj.dat 4 2028 SSBMedian 88.3236
Model1_Proj.dat 4 2028 SSBMean 88.425
Model1_Proj.dat 4 2029 SSBF100 94.2192
Model1_Proj.dat 4 2029 SSBFabc 37.6877
Model1_Proj.dat 4 2029 SSBFofl 32.9767
Model1_Proj.dat 4 2029 SSBLCI 81.9958
Model1_Proj.dat 4 2029 SSBUCI 89.232
Model1_Proj.dat 4 2029 SSBMedian 85.1972
Model1_Proj.dat 4 2029 SSBMean 85.3393
Model1_Proj.dat 4 2030 SSBF100 94.2192
Model1_Proj.dat 4 2030 SSBFabc 37.6877
Model1_Proj.dat 4 2030 SSBFofl 32.9767
Model1_Proj.dat 4 2030 SSBLCI 78.1392
Model1_Proj.dat 4 2030 SSBUCI 87.8042
Model1_Proj.dat 4 2030 SSBMedian 82.3578
Model1_Proj.dat 4 2030 SSBMean 82.5999
Model1_Proj.dat 4 2031 SSBF100 94.2192
Model1_Proj.dat 4 2031 SSBFabc 37.6877
Model1_Proj.dat 4 2031 SSBFofl 32.9767
Model1_Proj.dat 4 2031 SSBLCI 74.4861
Model1_Proj.dat 4 2031 SSBUCI 86.6168
Model1_Proj.dat 4 2031 SSBMedian 79.9241
Model1_Proj.dat 4 2031 SSBMean 80.2104
Model1_Proj.dat 4 2032 SSBF100 94.2192
Model1_Proj.dat 4 2032 SSBFabc 37.6877
Model1_Proj.dat 4 2032 SSBFofl 32.9767
Model1_Proj.dat 4 2032 SSBLCI 71.5846
Model1_Proj.dat 4 2032 SSBUCI 85.6577
Model1_Proj.dat 4 2032 SSBMedian 77.8701
Model1_Proj.dat 4 2032 SSBMean 78.1753
Model1_Proj.dat 4 2033 SSBF100 94.2192
Model1_Proj.dat 4 2033 SSBFabc 37.6877
Model1_Proj.dat 4 2033 SSBFofl 32.9767
Model1_Proj.dat 4 2033 SSBLCI 69.2772
Model1_Proj.dat 4 2033 SSBUCI 84.4536
Model1_Proj.dat 4 2033 SSBMedian 76.2357
Model1_Proj.dat 4 2033 SSBMean 76.4928
Model1_Proj.dat 4 2034 SSBF100 94.2192
Model1_Proj.dat 4 2034 SSBFabc 37.6877
Model1_Proj.dat 4 2034 SSBFofl 32.9767
Model1_Proj.dat 4 2034 SSBLCI 67.6445
Model1_Proj.dat 4 2034 SSBUCI 83.5116
Model1_Proj.dat 4 2034 SSBMedian 74.8015
Model1_Proj.dat 4 2034 SSBMean 75.1385
Model1_Proj.dat 4 2035 SSBF100 94.2192
Model1_Proj.dat 4 2035 SSBFabc 37.6877
Model1_Proj.dat 4 2035 SSBFofl 32.9767
Model1_Proj.dat 4 2035 SSBLCI 66.3979
Model1_Proj.dat 4 2035 SSBUCI 82.6307
Model1_Proj.dat 4 2035 SSBMedian 73.6838
Model1_Proj.dat 4 2035 SSBMean 74.0769
Model1_Proj.dat 4 2036 SSBF100 94.2192
Model1_Proj.dat 4 2036 SSBFabc 37.6877
Model1_Proj.dat 4 2036 SSBFofl 32.9767
Model1_Proj.dat 4 2036 SSBLCI 65.3965
Model1_Proj.dat 4 2036 SSBUCI 81.831
Model1_Proj.dat 4 2036 SSBMedian 72.9048
Model1_Proj.dat 4 2036 SSBMean 73.2674
Model1_Proj.dat 4 2037 SSBF100 94.2192
Model1_Proj.dat 4 2037 SSBFabc 37.6877
Model1_Proj.dat 4 2037 SSBFofl 32.9767
Model1_Proj.dat 4 2037 SSBLCI 64.6693
Model1_Proj.dat 4 2037 SSBUCI 81.3049
Model1_Proj.dat 4 2037 SSBMedian 72.3418
Model1_Proj.dat 4 2037 SSBMean 72.6698
Model1_Proj.dat 4 2038 SSBF100 94.2192
Model1_Proj.dat 4 2038 SSBFabc 37.6877
Model1_Proj.dat 4 2038 SSBFofl 32.9767
Model1_Proj.dat 4 2038 SSBLCI 64.3961
Model1_Proj.dat 4 2038 SSBUCI 80.8252
Model1_Proj.dat 4 2038 SSBMedian 71.8652
Model1_Proj.dat 4 2038 SSBMean 72.2423
Model1_Proj.dat 4 2022 F0 0 
Model1_Proj.dat 4 2022 Fabc 0.289143
Model1_Proj.dat 4 2022 Fofl 0.362796
Model1_Proj.dat 4 2022  F_LCI 0.00598256
Model1_Proj.dat 4 2022  F_UCI 0.00598256
Model1_Proj.dat 4 2022  F_Median 0.00598256
Model1_Proj.dat 4 2022  F_Mean 0.00598256
Model1_Proj.dat 4 2023 F0 0 
Model1_Proj.dat 4 2023 Fabc 0.289143
Model1_Proj.dat 4 2023 Fofl 0.362796
Model1_Proj.dat 4 2023  F_LCI 0.0125164
Model1_Proj.dat 4 2023  F_UCI 0.0125199
Model1_Proj.dat 4 2023  F_Median 0.0125186
Model1_Proj.dat 4 2023  F_Mean 0.0125184
Model1_Proj.dat 4 2024 F0 0 
Model1_Proj.dat 4 2024 Fabc 0.289143
Model1_Proj.dat 4 2024 Fofl 0.362796
Model1_Proj.dat 4 2024  F_LCI 0.0123135
Model1_Proj.dat 4 2024  F_UCI 0.0123301
Model1_Proj.dat 4 2024  F_Median 0.0123236
Model1_Proj.dat 4 2024  F_Mean 0.0123231
Model1_Proj.dat 4 2025 F0 0 
Model1_Proj.dat 4 2025 Fabc 0.289143
Model1_Proj.dat 4 2025 Fofl 0.362796
Model1_Proj.dat 4 2025  F_LCI 0.0621172
Model1_Proj.dat 4 2025  F_UCI 0.0621172
Model1_Proj.dat 4 2025  F_Median 0.0621172
Model1_Proj.dat 4 2025  F_Mean 0.0621172
Model1_Proj.dat 4 2026 F0 0 
Model1_Proj.dat 4 2026 Fabc 0.289143
Model1_Proj.dat 4 2026 Fofl 0.362796
Model1_Proj.dat 4 2026  F_LCI 0.0621172
Model1_Proj.dat 4 2026  F_UCI 0.0621172
Model1_Proj.dat 4 2026  F_Median 0.0621172
Model1_Proj.dat 4 2026  F_Mean 0.0621172
Model1_Proj.dat 4 2027 F0 0 
Model1_Proj.dat 4 2027 Fabc 0.289143
Model1_Proj.dat 4 2027 Fofl 0.362796
Model1_Proj.dat 4 2027  F_LCI 0.0621172
Model1_Proj.dat 4 2027  F_UCI 0.0621172
Model1_Proj.dat 4 2027  F_Median 0.0621172
Model1_Proj.dat 4 2027  F_Mean 0.0621172
Model1_Proj.dat 4 2028 F0 0 
Model1_Proj.dat 4 2028 Fabc 0.289143
Model1_Proj.dat 4 2028 Fofl 0.362796
Model1_Proj.dat 4 2028  F_LCI 0.0621172
Model1_Proj.dat 4 2028  F_UCI 0.0621172
Model1_Proj.dat 4 2028  F_Median 0.0621172
Model1_Proj.dat 4 2028  F_Mean 0.0621172
Model1_Proj.dat 4 2029 F0 0 
Model1_Proj.dat 4 2029 Fabc 0.289143
Model1_Proj.dat 4 2029 Fofl 0.362796
Model1_Proj.dat 4 2029  F_LCI 0.0621172
Model1_Proj.dat 4 2029  F_UCI 0.0621172
Model1_Proj.dat 4 2029  F_Median 0.0621172
Model1_Proj.dat 4 2029  F_Mean 0.0621172
Model1_Proj.dat 4 2030 F0 0 
Model1_Proj.dat 4 2030 Fabc 0.289143
Model1_Proj.dat 4 2030 Fofl 0.362796
Model1_Proj.dat 4 2030  F_LCI 0.0621172
Model1_Proj.dat 4 2030  F_UCI 0.0621172
Model1_Proj.dat 4 2030  F_Median 0.0621172
Model1_Proj.dat 4 2030  F_Mean 0.0621172
Model1_Proj.dat 4 2031 F0 0 
Model1_Proj.dat 4 2031 Fabc 0.289143
Model1_Proj.dat 4 2031 Fofl 0.362796
Model1_Proj.dat 4 2031  F_LCI 0.0621172
Model1_Proj.dat 4 2031  F_UCI 0.0621172
Model1_Proj.dat 4 2031  F_Median 0.0621172
Model1_Proj.dat 4 2031  F_Mean 0.0621172
Model1_Proj.dat 4 2032 F0 0 
Model1_Proj.dat 4 2032 Fabc 0.289143
Model1_Proj.dat 4 2032 Fofl 0.362796
Model1_Proj.dat 4 2032  F_LCI 0.0621172
Model1_Proj.dat 4 2032  F_UCI 0.0621172
Model1_Proj.dat 4 2032  F_Median 0.0621172
Model1_Proj.dat 4 2032  F_Mean 0.0621172
Model1_Proj.dat 4 2033 F0 0 
Model1_Proj.dat 4 2033 Fabc 0.289143
Model1_Proj.dat 4 2033 Fofl 0.362796
Model1_Proj.dat 4 2033  F_LCI 0.0621172
Model1_Proj.dat 4 2033  F_UCI 0.0621172
Model1_Proj.dat 4 2033  F_Median 0.0621172
Model1_Proj.dat 4 2033  F_Mean 0.0621172
Model1_Proj.dat 4 2034 F0 0 
Model1_Proj.dat 4 2034 Fabc 0.289143
Model1_Proj.dat 4 2034 Fofl 0.362796
Model1_Proj.dat 4 2034  F_LCI 0.0621172
Model1_Proj.dat 4 2034  F_UCI 0.0621172
Model1_Proj.dat 4 2034  F_Median 0.0621172
Model1_Proj.dat 4 2034  F_Mean 0.0621172
Model1_Proj.dat 4 2035 F0 0 
Model1_Proj.dat 4 2035 Fabc 0.289143
Model1_Proj.dat 4 2035 Fofl 0.362796
Model1_Proj.dat 4 2035  F_LCI 0.0621172
Model1_Proj.dat 4 2035  F_UCI 0.0621172
Model1_Proj.dat 4 2035  F_Median 0.0621172
Model1_Proj.dat 4 2035  F_Mean 0.0621172
Model1_Proj.dat 4 2036 F0 0 
Model1_Proj.dat 4 2036 Fabc 0.289143
Model1_Proj.dat 4 2036 Fofl 0.362796
Model1_Proj.dat 4 2036  F_LCI 0.0621172
Model1_Proj.dat 4 2036  F_UCI 0.0621172
Model1_Proj.dat 4 2036  F_Median 0.0621172
Model1_Proj.dat 4 2036  F_Mean 0.0621172
Model1_Proj.dat 4 2037 F0 0 
Model1_Proj.dat 4 2037 Fabc 0.289143
Model1_Proj.dat 4 2037 Fofl 0.362796
Model1_Proj.dat 4 2037  F_LCI 0.0621172
Model1_Proj.dat 4 2037  F_UCI 0.0621172
Model1_Proj.dat 4 2037  F_Median 0.0621172
Model1_Proj.dat 4 2037  F_Mean 0.0621172
Model1_Proj.dat 4 2038 F0 0 
Model1_Proj.dat 4 2038 Fabc 0.289143
Model1_Proj.dat 4 2038 Fofl 0.362796
Model1_Proj.dat 4 2038  F_LCI 0.0621172
Model1_Proj.dat 4 2038  F_UCI 0.0621172
Model1_Proj.dat 4 2038  F_Median 0.0621172
Model1_Proj.dat 4 2038  F_Mean 0.0621172
Model1_Proj.dat 5 2022 Cabc 17.1098
Model1_Proj.dat 5 2022 Cofl 18.6118
Model1_Proj.dat 5 2022 CLCI 0.898999
Model1_Proj.dat 5 2022 CUCI 0.898999
Model1_Proj.dat 5 2022 CMedian 0.898999
Model1_Proj.dat 5 2022 CMean 0.898999
Model1_Proj.dat 5 2022 CStdn 1.95399e-14
Model1_Proj.dat 5 2023 Cabc 17.1098
Model1_Proj.dat 5 2023 Cofl 18.6118
Model1_Proj.dat 5 2023 CLCI 1.90798
Model1_Proj.dat 5 2023 CUCI 1.90798
Model1_Proj.dat 5 2023 CMedian 1.90798
Model1_Proj.dat 5 2023 CMean 1.90798
Model1_Proj.dat 5 2023 CStdn 1.88965e-10
Model1_Proj.dat 5 2024 Cabc 17.1098
Model1_Proj.dat 5 2024 Cofl 18.6118
Model1_Proj.dat 5 2024 CLCI 1.90799
Model1_Proj.dat 5 2024 CUCI 1.90799
Model1_Proj.dat 5 2024 CMedian 1.90799
Model1_Proj.dat 5 2024 CMean 1.90799
Model1_Proj.dat 5 2024 CStdn 2.81314e-10
Model1_Proj.dat 5 2025 Cabc 17.1098
Model1_Proj.dat 5 2025 Cofl 18.6118
Model1_Proj.dat 5 2025 CLCI 0
Model1_Proj.dat 5 2025 CUCI 0
Model1_Proj.dat 5 2025 CMedian 0
Model1_Proj.dat 5 2025 CMean 0
Model1_Proj.dat 5 2025 CStdn 0
Model1_Proj.dat 5 2026 Cabc 17.1098
Model1_Proj.dat 5 2026 Cofl 18.6118
Model1_Proj.dat 5 2026 CLCI 0
Model1_Proj.dat 5 2026 CUCI 0
Model1_Proj.dat 5 2026 CMedian 0
Model1_Proj.dat 5 2026 CMean 0
Model1_Proj.dat 5 2026 CStdn 0
Model1_Proj.dat 5 2027 Cabc 17.1098
Model1_Proj.dat 5 2027 Cofl 18.6118
Model1_Proj.dat 5 2027 CLCI 0
Model1_Proj.dat 5 2027 CUCI 0
Model1_Proj.dat 5 2027 CMedian 0
Model1_Proj.dat 5 2027 CMean 0
Model1_Proj.dat 5 2027 CStdn 0
Model1_Proj.dat 5 2028 Cabc 17.1098
Model1_Proj.dat 5 2028 Cofl 18.6118
Model1_Proj.dat 5 2028 CLCI 0
Model1_Proj.dat 5 2028 CUCI 0
Model1_Proj.dat 5 2028 CMedian 0
Model1_Proj.dat 5 2028 CMean 0
Model1_Proj.dat 5 2028 CStdn 0
Model1_Proj.dat 5 2029 Cabc 17.1098
Model1_Proj.dat 5 2029 Cofl 18.6118
Model1_Proj.dat 5 2029 CLCI 0
Model1_Proj.dat 5 2029 CUCI 0
Model1_Proj.dat 5 2029 CMedian 0
Model1_Proj.dat 5 2029 CMean 0
Model1_Proj.dat 5 2029 CStdn 0
Model1_Proj.dat 5 2030 Cabc 17.1098
Model1_Proj.dat 5 2030 Cofl 18.6118
Model1_Proj.dat 5 2030 CLCI 0
Model1_Proj.dat 5 2030 CUCI 0
Model1_Proj.dat 5 2030 CMedian 0
Model1_Proj.dat 5 2030 CMean 0
Model1_Proj.dat 5 2030 CStdn 0
Model1_Proj.dat 5 2031 Cabc 17.1098
Model1_Proj.dat 5 2031 Cofl 18.6118
Model1_Proj.dat 5 2031 CLCI 0
Model1_Proj.dat 5 2031 CUCI 0
Model1_Proj.dat 5 2031 CMedian 0
Model1_Proj.dat 5 2031 CMean 0
Model1_Proj.dat 5 2031 CStdn 0
Model1_Proj.dat 5 2032 Cabc 17.1098
Model1_Proj.dat 5 2032 Cofl 18.6118
Model1_Proj.dat 5 2032 CLCI 0
Model1_Proj.dat 5 2032 CUCI 0
Model1_Proj.dat 5 2032 CMedian 0
Model1_Proj.dat 5 2032 CMean 0
Model1_Proj.dat 5 2032 CStdn 0
Model1_Proj.dat 5 2033 Cabc 17.1098
Model1_Proj.dat 5 2033 Cofl 18.6118
Model1_Proj.dat 5 2033 CLCI 0
Model1_Proj.dat 5 2033 CUCI 0
Model1_Proj.dat 5 2033 CMedian 0
Model1_Proj.dat 5 2033 CMean 0
Model1_Proj.dat 5 2033 CStdn 0
Model1_Proj.dat 5 2034 Cabc 17.1098
Model1_Proj.dat 5 2034 Cofl 18.6118
Model1_Proj.dat 5 2034 CLCI 0
Model1_Proj.dat 5 2034 CUCI 0
Model1_Proj.dat 5 2034 CMedian 0
Model1_Proj.dat 5 2034 CMean 0
Model1_Proj.dat 5 2034 CStdn 0
Model1_Proj.dat 5 2035 Cabc 17.1098
Model1_Proj.dat 5 2035 Cofl 18.6118
Model1_Proj.dat 5 2035 CLCI 0
Model1_Proj.dat 5 2035 CUCI 0
Model1_Proj.dat 5 2035 CMedian 0
Model1_Proj.dat 5 2035 CMean 0
Model1_Proj.dat 5 2035 CStdn 0
Model1_Proj.dat 5 2036 Cabc 17.1098
Model1_Proj.dat 5 2036 Cofl 18.6118
Model1_Proj.dat 5 2036 CLCI 0
Model1_Proj.dat 5 2036 CUCI 0
Model1_Proj.dat 5 2036 CMedian 0
Model1_Proj.dat 5 2036 CMean 0
Model1_Proj.dat 5 2036 CStdn 0
Model1_Proj.dat 5 2037 Cabc 17.1098
Model1_Proj.dat 5 2037 Cofl 18.6118
Model1_Proj.dat 5 2037 CLCI 0
Model1_Proj.dat 5 2037 CUCI 0
Model1_Proj.dat 5 2037 CMedian 0
Model1_Proj.dat 5 2037 CMean 0
Model1_Proj.dat 5 2037 CStdn 0
Model1_Proj.dat 5 2038 Cabc 17.1098
Model1_Proj.dat 5 2038 Cofl 18.6118
Model1_Proj.dat 5 2038 CLCI 0
Model1_Proj.dat 5 2038 CUCI 0
Model1_Proj.dat 5 2038 CMedian 0
Model1_Proj.dat 5 2038 CMean 0
Model1_Proj.dat 5 2038 CStdn 0
Model1_Proj.dat 5 2022 SSBF100 94.2192
Model1_Proj.dat 5 2022 SSBFabc 37.6877
Model1_Proj.dat 5 2022 SSBFofl 32.9767
Model1_Proj.dat 5 2022 SSBLCI 92.3951
Model1_Proj.dat 5 2022 SSBUCI 92.3951
Model1_Proj.dat 5 2022 SSBMedian 92.3951
Model1_Proj.dat 5 2022 SSBMean 92.3951
Model1_Proj.dat 5 2023 SSBF100 94.2192
Model1_Proj.dat 5 2023 SSBFabc 37.6877
Model1_Proj.dat 5 2023 SSBFofl 32.9767
Model1_Proj.dat 5 2023 SSBLCI 94.2709
Model1_Proj.dat 5 2023 SSBUCI 94.3048
Model1_Proj.dat 5 2023 SSBMedian 94.284
Model1_Proj.dat 5 2023 SSBMean 94.2855
Model1_Proj.dat 5 2024 SSBF100 94.2192
Model1_Proj.dat 5 2024 SSBFabc 37.6877
Model1_Proj.dat 5 2024 SSBFofl 32.9767
Model1_Proj.dat 5 2024 SSBLCI 95.9011
Model1_Proj.dat 5 2024 SSBUCI 96.0405
Model1_Proj.dat 5 2024 SSBMedian 95.9565
Model1_Proj.dat 5 2024 SSBMean 95.9616
Model1_Proj.dat 5 2025 SSBF100 94.2192
Model1_Proj.dat 5 2025 SSBFabc 37.6877
Model1_Proj.dat 5 2025 SSBFofl 32.9767
Model1_Proj.dat 5 2025 SSBLCI 97.4159
Model1_Proj.dat 5 2025 SSBUCI 97.8525
Model1_Proj.dat 5 2025 SSBMedian 97.5916
Model1_Proj.dat 5 2025 SSBMean 97.6076
Model1_Proj.dat 5 2026 SSBF100 94.2192
Model1_Proj.dat 5 2026 SSBFabc 37.6877
Model1_Proj.dat 5 2026 SSBFofl 32.9767
Model1_Proj.dat 5 2026 SSBLCI 98.9667
Model1_Proj.dat 5 2026 SSBUCI 100.096
Model1_Proj.dat 5 2026 SSBMedian 99.4314
Model1_Proj.dat 5 2026 SSBMean 99.4676
Model1_Proj.dat 5 2027 SSBF100 94.2192
Model1_Proj.dat 5 2027 SSBFabc 37.6877
Model1_Proj.dat 5 2027 SSBFofl 32.9767
Model1_Proj.dat 5 2027 SSBLCI 99.2171
Model1_Proj.dat 5 2027 SSBUCI 101.66
Model1_Proj.dat 5 2027 SSBMedian 100.25
Model1_Proj.dat 5 2027 SSBMean 100.324
Model1_Proj.dat 5 2028 SSBF100 94.2192
Model1_Proj.dat 5 2028 SSBFabc 37.6877
Model1_Proj.dat 5 2028 SSBFofl 32.9767
Model1_Proj.dat 5 2028 SSBLCI 98.3548
Model1_Proj.dat 5 2028 SSBUCI 102.887
Model1_Proj.dat 5 2028 SSBMedian 100.359
Model1_Proj.dat 5 2028 SSBMean 100.463
Model1_Proj.dat 5 2029 SSBF100 94.2192
Model1_Proj.dat 5 2029 SSBFabc 37.6877
Model1_Proj.dat 5 2029 SSBFofl 32.9767
Model1_Proj.dat 5 2029 SSBLCI 96.8018
Model1_Proj.dat 5 2029 SSBUCI 104.207
Model1_Proj.dat 5 2029 SSBMedian 100.056
Model1_Proj.dat 5 2029 SSBMean 100.207
Model1_Proj.dat 5 2030 SSBF100 94.2192
Model1_Proj.dat 5 2030 SSBFabc 37.6877
Model1_Proj.dat 5 2030 SSBFofl 32.9767
Model1_Proj.dat 5 2030 SSBLCI 94.9902
Model1_Proj.dat 5 2030 SSBUCI 105.203
Model1_Proj.dat 5 2030 SSBMedian 99.4491
Model1_Proj.dat 5 2030 SSBMean 99.706
Model1_Proj.dat 5 2031 SSBF100 94.2192
Model1_Proj.dat 5 2031 SSBFabc 37.6877
Model1_Proj.dat 5 2031 SSBFofl 32.9767
Model1_Proj.dat 5 2031 SSBLCI 92.9935
Model1_Proj.dat 5 2031 SSBUCI 105.869
Model1_Proj.dat 5 2031 SSBMedian 98.746
Model1_Proj.dat 5 2031 SSBMean 99.0581
Model1_Proj.dat 5 2032 SSBF100 94.2192
Model1_Proj.dat 5 2032 SSBFabc 37.6877
Model1_Proj.dat 5 2032 SSBFofl 32.9767
Model1_Proj.dat 5 2032 SSBLCI 91.0802
Model1_Proj.dat 5 2032 SSBUCI 106.482
Model1_Proj.dat 5 2032 SSBMedian 98.0296
Model1_Proj.dat 5 2032 SSBMean 98.3584
Model1_Proj.dat 5 2033 SSBF100 94.2192
Model1_Proj.dat 5 2033 SSBFabc 37.6877
Model1_Proj.dat 5 2033 SSBFofl 32.9767
Model1_Proj.dat 5 2033 SSBLCI 89.6614
Model1_Proj.dat 5 2033 SSBUCI 106.465
Model1_Proj.dat 5 2033 SSBMedian 97.3993
Model1_Proj.dat 5 2033 SSBMean 97.6743
Model1_Proj.dat 5 2034 SSBF100 94.2192
Model1_Proj.dat 5 2034 SSBFabc 37.6877
Model1_Proj.dat 5 2034 SSBFofl 32.9767
Model1_Proj.dat 5 2034 SSBLCI 88.5355
Model1_Proj.dat 5 2034 SSBUCI 106.712
Model1_Proj.dat 5 2034 SSBMedian 96.705
Model1_Proj.dat 5 2034 SSBMean 97.0533
Model1_Proj.dat 5 2035 SSBF100 94.2192
Model1_Proj.dat 5 2035 SSBFabc 37.6877
Model1_Proj.dat 5 2035 SSBFofl 32.9767
Model1_Proj.dat 5 2035 SSBLCI 87.7285
Model1_Proj.dat 5 2035 SSBUCI 106.636
Model1_Proj.dat 5 2035 SSBMedian 95.9587
Model1_Proj.dat 5 2035 SSBMean 96.5219
Model1_Proj.dat 5 2036 SSBF100 94.2192
Model1_Proj.dat 5 2036 SSBFabc 37.6877
Model1_Proj.dat 5 2036 SSBFofl 32.9767
Model1_Proj.dat 5 2036 SSBLCI 86.9506
Model1_Proj.dat 5 2036 SSBUCI 106.191
Model1_Proj.dat 5 2036 SSBMedian 95.5007
Model1_Proj.dat 5 2036 SSBMean 96.0896
Model1_Proj.dat 5 2037 SSBF100 94.2192
Model1_Proj.dat 5 2037 SSBFabc 37.6877
Model1_Proj.dat 5 2037 SSBFofl 32.9767
Model1_Proj.dat 5 2037 SSBLCI 86.2289
Model1_Proj.dat 5 2037 SSBUCI 106.027
Model1_Proj.dat 5 2037 SSBMedian 95.4303
Model1_Proj.dat 5 2037 SSBMean 95.7571
Model1_Proj.dat 5 2038 SSBF100 94.2192
Model1_Proj.dat 5 2038 SSBFabc 37.6877
Model1_Proj.dat 5 2038 SSBFofl 32.9767
Model1_Proj.dat 5 2038 SSBLCI 86.1129
Model1_Proj.dat 5 2038 SSBUCI 106.067
Model1_Proj.dat 5 2038 SSBMedian 95.1395
Model1_Proj.dat 5 2038 SSBMean 95.5146
Model1_Proj.dat 5 2022 F0 0 
Model1_Proj.dat 5 2022 Fabc 0.289143
Model1_Proj.dat 5 2022 Fofl 0.362796
Model1_Proj.dat 5 2022  F_LCI 0.00598256
Model1_Proj.dat 5 2022  F_UCI 0.00598256
Model1_Proj.dat 5 2022  F_Median 0.00598256
Model1_Proj.dat 5 2022  F_Mean 0.00598256
Model1_Proj.dat 5 2023 F0 0 
Model1_Proj.dat 5 2023 Fabc 0.289143
Model1_Proj.dat 5 2023 Fofl 0.362796
Model1_Proj.dat 5 2023  F_LCI 0.0125164
Model1_Proj.dat 5 2023  F_UCI 0.0125199
Model1_Proj.dat 5 2023  F_Median 0.0125186
Model1_Proj.dat 5 2023  F_Mean 0.0125184
Model1_Proj.dat 5 2024 F0 0 
Model1_Proj.dat 5 2024 Fabc 0.289143
Model1_Proj.dat 5 2024 Fofl 0.362796
Model1_Proj.dat 5 2024  F_LCI 0.0123135
Model1_Proj.dat 5 2024  F_UCI 0.0123301
Model1_Proj.dat 5 2024  F_Median 0.0123236
Model1_Proj.dat 5 2024  F_Mean 0.0123231
Model1_Proj.dat 5 2025 F0 0 
Model1_Proj.dat 5 2025 Fabc 0.289143
Model1_Proj.dat 5 2025 Fofl 0.362796
Model1_Proj.dat 5 2025  F_LCI 0
Model1_Proj.dat 5 2025  F_UCI 0
Model1_Proj.dat 5 2025  F_Median 0
Model1_Proj.dat 5 2025  F_Mean 0
Model1_Proj.dat 5 2026 F0 0 
Model1_Proj.dat 5 2026 Fabc 0.289143
Model1_Proj.dat 5 2026 Fofl 0.362796
Model1_Proj.dat 5 2026  F_LCI 0
Model1_Proj.dat 5 2026  F_UCI 0
Model1_Proj.dat 5 2026  F_Median 0
Model1_Proj.dat 5 2026  F_Mean 0
Model1_Proj.dat 5 2027 F0 0 
Model1_Proj.dat 5 2027 Fabc 0.289143
Model1_Proj.dat 5 2027 Fofl 0.362796
Model1_Proj.dat 5 2027  F_LCI 0
Model1_Proj.dat 5 2027  F_UCI 0
Model1_Proj.dat 5 2027  F_Median 0
Model1_Proj.dat 5 2027  F_Mean 0
Model1_Proj.dat 5 2028 F0 0 
Model1_Proj.dat 5 2028 Fabc 0.289143
Model1_Proj.dat 5 2028 Fofl 0.362796
Model1_Proj.dat 5 2028  F_LCI 0
Model1_Proj.dat 5 2028  F_UCI 0
Model1_Proj.dat 5 2028  F_Median 0
Model1_Proj.dat 5 2028  F_Mean 0
Model1_Proj.dat 5 2029 F0 0 
Model1_Proj.dat 5 2029 Fabc 0.289143
Model1_Proj.dat 5 2029 Fofl 0.362796
Model1_Proj.dat 5 2029  F_LCI 0
Model1_Proj.dat 5 2029  F_UCI 0
Model1_Proj.dat 5 2029  F_Median 0
Model1_Proj.dat 5 2029  F_Mean 0
Model1_Proj.dat 5 2030 F0 0 
Model1_Proj.dat 5 2030 Fabc 0.289143
Model1_Proj.dat 5 2030 Fofl 0.362796
Model1_Proj.dat 5 2030  F_LCI 0
Model1_Proj.dat 5 2030  F_UCI 0
Model1_Proj.dat 5 2030  F_Median 0
Model1_Proj.dat 5 2030  F_Mean 0
Model1_Proj.dat 5 2031 F0 0 
Model1_Proj.dat 5 2031 Fabc 0.289143
Model1_Proj.dat 5 2031 Fofl 0.362796
Model1_Proj.dat 5 2031  F_LCI 0
Model1_Proj.dat 5 2031  F_UCI 0
Model1_Proj.dat 5 2031  F_Median 0
Model1_Proj.dat 5 2031  F_Mean 0
Model1_Proj.dat 5 2032 F0 0 
Model1_Proj.dat 5 2032 Fabc 0.289143
Model1_Proj.dat 5 2032 Fofl 0.362796
Model1_Proj.dat 5 2032  F_LCI 0
Model1_Proj.dat 5 2032  F_UCI 0
Model1_Proj.dat 5 2032  F_Median 0
Model1_Proj.dat 5 2032  F_Mean 0
Model1_Proj.dat 5 2033 F0 0 
Model1_Proj.dat 5 2033 Fabc 0.289143
Model1_Proj.dat 5 2033 Fofl 0.362796
Model1_Proj.dat 5 2033  F_LCI 0
Model1_Proj.dat 5 2033  F_UCI 0
Model1_Proj.dat 5 2033  F_Median 0
Model1_Proj.dat 5 2033  F_Mean 0
Model1_Proj.dat 5 2034 F0 0 
Model1_Proj.dat 5 2034 Fabc 0.289143
Model1_Proj.dat 5 2034 Fofl 0.362796
Model1_Proj.dat 5 2034  F_LCI 0
Model1_Proj.dat 5 2034  F_UCI 0
Model1_Proj.dat 5 2034  F_Median 0
Model1_Proj.dat 5 2034  F_Mean 0
Model1_Proj.dat 5 2035 F0 0 
Model1_Proj.dat 5 2035 Fabc 0.289143
Model1_Proj.dat 5 2035 Fofl 0.362796
Model1_Proj.dat 5 2035  F_LCI 0
Model1_Proj.dat 5 2035  F_UCI 0
Model1_Proj.dat 5 2035  F_Median 0
Model1_Proj.dat 5 2035  F_Mean 0
Model1_Proj.dat 5 2036 F0 0 
Model1_Proj.dat 5 2036 Fabc 0.289143
Model1_Proj.dat 5 2036 Fofl 0.362796
Model1_Proj.dat 5 2036  F_LCI 0
Model1_Proj.dat 5 2036  F_UCI 0
Model1_Proj.dat 5 2036  F_Median 0
Model1_Proj.dat 5 2036  F_Mean 0
Model1_Proj.dat 5 2037 F0 0 
Model1_Proj.dat 5 2037 Fabc 0.289143
Model1_Proj.dat 5 2037 Fofl 0.362796
Model1_Proj.dat 5 2037  F_LCI 0
Model1_Proj.dat 5 2037  F_UCI 0
Model1_Proj.dat 5 2037  F_Median 0
Model1_Proj.dat 5 2037  F_Mean 0
Model1_Proj.dat 5 2038 F0 0 
Model1_Proj.dat 5 2038 Fabc 0.289143
Model1_Proj.dat 5 2038 Fofl 0.362796
Model1_Proj.dat 5 2038  F_LCI 0
Model1_Proj.dat 5 2038  F_UCI 0
Model1_Proj.dat 5 2038  F_Median 0
Model1_Proj.dat 5 2038  F_Mean 0
Model1_Proj.dat 6 2022 Cabc 17.1098
Model1_Proj.dat 6 2022 Cofl 18.6118
Model1_Proj.dat 6 2022 CLCI 0.898999
Model1_Proj.dat 6 2022 CUCI 0.898999
Model1_Proj.dat 6 2022 CMedian 0.898999
Model1_Proj.dat 6 2022 CMean 0.898999
Model1_Proj.dat 6 2022 CStdn 1.95399e-14
Model1_Proj.dat 6 2023 Cabc 17.1098
Model1_Proj.dat 6 2023 Cofl 18.6118
Model1_Proj.dat 6 2023 CLCI 48.1889
Model1_Proj.dat 6 2023 CUCI 48.2036
Model1_Proj.dat 6 2023 CMedian 48.1946
Model1_Proj.dat 6 2023 CMean 48.1952
Model1_Proj.dat 6 2023 CStdn 0.00470622
Model1_Proj.dat 6 2024 Cabc 17.1098
Model1_Proj.dat 6 2024 Cofl 18.6118
Model1_Proj.dat 6 2024 CLCI 37.9689
Model1_Proj.dat 6 2024 CUCI 38.043
Model1_Proj.dat 6 2024 CMedian 37.9981
Model1_Proj.dat 6 2024 CMean 38.0005
Model1_Proj.dat 6 2024 CStdn 0.0234757
Model1_Proj.dat 6 2025 Cabc 17.1098
Model1_Proj.dat 6 2025 Cofl 18.6118
Model1_Proj.dat 6 2025 CLCI 31.2863
Model1_Proj.dat 6 2025 CUCI 31.5455
Model1_Proj.dat 6 2025 CMedian 31.3896
Model1_Proj.dat 6 2025 CMean 31.3983
Model1_Proj.dat 6 2025 CStdn 0.0823835
Model1_Proj.dat 6 2026 Cabc 17.1098
Model1_Proj.dat 6 2026 Cofl 18.6118
Model1_Proj.dat 6 2026 CLCI 26.4615
Model1_Proj.dat 6 2026 CUCI 27.1764
Model1_Proj.dat 6 2026 CMedian 26.7499
Model1_Proj.dat 6 2026 CMean 26.7762
Model1_Proj.dat 6 2026 CStdn 0.219852
Model1_Proj.dat 6 2027 Cabc 17.1098
Model1_Proj.dat 6 2027 Cofl 18.6118
Model1_Proj.dat 6 2027 CLCI 22.7206
Model1_Proj.dat 6 2027 CUCI 24.1961
Model1_Proj.dat 6 2027 CMedian 23.3429
Model1_Proj.dat 6 2027 CMean 23.3876
Model1_Proj.dat 6 2027 CStdn 0.464243
Model1_Proj.dat 6 2028 Cabc 17.1098
Model1_Proj.dat 6 2028 Cofl 18.6118
Model1_Proj.dat 6 2028 CLCI 19.8887
Model1_Proj.dat 6 2028 CUCI 22.3966
Model1_Proj.dat 6 2028 CMedian 20.9837
Model1_Proj.dat 6 2028 CMean 21.0319
Model1_Proj.dat 6 2028 CStdn 0.794075
Model1_Proj.dat 6 2029 Cabc 17.1098
Model1_Proj.dat 6 2029 Cofl 18.6118
Model1_Proj.dat 6 2029 CLCI 16.7516
Model1_Proj.dat 6 2029 CUCI 21.4378
Model1_Proj.dat 6 2029 CMedian 19.4628
Model1_Proj.dat 6 2029 CMean 19.2831
Model1_Proj.dat 6 2029 CStdn 1.46103
Model1_Proj.dat 6 2030 Cabc 17.1098
Model1_Proj.dat 6 2030 Cofl 18.6118
Model1_Proj.dat 6 2030 CLCI 14.7272
Model1_Proj.dat 6 2030 CUCI 20.9442
Model1_Proj.dat 6 2030 CMedian 17.7635
Model1_Proj.dat 6 2030 CMean 17.8534
Model1_Proj.dat 6 2030 CStdn 1.9967
Model1_Proj.dat 6 2031 Cabc 17.1098
Model1_Proj.dat 6 2031 Cofl 18.6118
Model1_Proj.dat 6 2031 CLCI 13.7395
Model1_Proj.dat 6 2031 CUCI 20.628
Model1_Proj.dat 6 2031 CMedian 16.8852
Model1_Proj.dat 6 2031 CMean 17.0531
Model1_Proj.dat 6 2031 CStdn 2.14759
Model1_Proj.dat 6 2032 Cabc 17.1098
Model1_Proj.dat 6 2032 Cofl 18.6118
Model1_Proj.dat 6 2032 CLCI 13.4292
Model1_Proj.dat 6 2032 CUCI 20.3947
Model1_Proj.dat 6 2032 CMedian 16.4662
Model1_Proj.dat 6 2032 CMean 16.6618
Model1_Proj.dat 6 2032 CStdn 2.17031
Model1_Proj.dat 6 2033 Cabc 17.1098
Model1_Proj.dat 6 2033 Cofl 18.6118
Model1_Proj.dat 6 2033 CLCI 13.3071
Model1_Proj.dat 6 2033 CUCI 20.3469
Model1_Proj.dat 6 2033 CMedian 16.3463
Model1_Proj.dat 6 2033 CMean 16.5219
Model1_Proj.dat 6 2033 CStdn 2.15025
Model1_Proj.dat 6 2034 Cabc 17.1098
Model1_Proj.dat 6 2034 Cofl 18.6118
Model1_Proj.dat 6 2034 CLCI 13.3163
Model1_Proj.dat 6 2034 CUCI 20.1486
Model1_Proj.dat 6 2034 CMedian 16.3326
Model1_Proj.dat 6 2034 CMean 16.5066
Model1_Proj.dat 6 2034 CStdn 2.12073
Model1_Proj.dat 6 2035 Cabc 17.1098
Model1_Proj.dat 6 2035 Cofl 18.6118
Model1_Proj.dat 6 2035 CLCI 13.371
Model1_Proj.dat 6 2035 CUCI 20.094
Model1_Proj.dat 6 2035 CMedian 16.3736
Model1_Proj.dat 6 2035 CMean 16.5426
Model1_Proj.dat 6 2035 CStdn 2.0918
Model1_Proj.dat 6 2036 Cabc 17.1098
Model1_Proj.dat 6 2036 Cofl 18.6118
Model1_Proj.dat 6 2036 CLCI 13.4619
Model1_Proj.dat 6 2036 CUCI 20.1318
Model1_Proj.dat 6 2036 CMedian 16.4312
Model1_Proj.dat 6 2036 CMean 16.6017
Model1_Proj.dat 6 2036 CStdn 2.08093
Model1_Proj.dat 6 2037 Cabc 17.1098
Model1_Proj.dat 6 2037 Cofl 18.6118
Model1_Proj.dat 6 2037 CLCI 13.4916
Model1_Proj.dat 6 2037 CUCI 20.2303
Model1_Proj.dat 6 2037 CMedian 16.4836
Model1_Proj.dat 6 2037 CMean 16.6736
Model1_Proj.dat 6 2037 CStdn 2.07958
Model1_Proj.dat 6 2038 Cabc 17.1098
Model1_Proj.dat 6 2038 Cofl 18.6118
Model1_Proj.dat 6 2038 CLCI 13.462
Model1_Proj.dat 6 2038 CUCI 20.348
Model1_Proj.dat 6 2038 CMedian 16.6025
Model1_Proj.dat 6 2038 CMean 16.7434
Model1_Proj.dat 6 2038 CStdn 2.07668
Model1_Proj.dat 6 2022 SSBF100 94.2192
Model1_Proj.dat 6 2022 SSBFabc 37.6877
Model1_Proj.dat 6 2022 SSBFofl 32.9767
Model1_Proj.dat 6 2022 SSBLCI 92.3951
Model1_Proj.dat 6 2022 SSBUCI 92.3951
Model1_Proj.dat 6 2022 SSBMedian 92.3951
Model1_Proj.dat 6 2022 SSBMean 92.3951
Model1_Proj.dat 6 2023 SSBF100 94.2192
Model1_Proj.dat 6 2023 SSBFabc 37.6877
Model1_Proj.dat 6 2023 SSBFofl 32.9767
Model1_Proj.dat 6 2023 SSBLCI 94.2709
Model1_Proj.dat 6 2023 SSBUCI 94.3048
Model1_Proj.dat 6 2023 SSBMedian 94.284
Model1_Proj.dat 6 2023 SSBMean 94.2855
Model1_Proj.dat 6 2024 SSBF100 94.2192
Model1_Proj.dat 6 2024 SSBFabc 37.6877
Model1_Proj.dat 6 2024 SSBFofl 32.9767
Model1_Proj.dat 6 2024 SSBLCI 74.2901
Model1_Proj.dat 6 2024 SSBUCI 74.429
Model1_Proj.dat 6 2024 SSBMedian 74.3453
Model1_Proj.dat 6 2024 SSBMean 74.3503
Model1_Proj.dat 6 2025 SSBF100 94.2192
Model1_Proj.dat 6 2025 SSBFabc 37.6877
Model1_Proj.dat 6 2025 SSBFofl 32.9767
Model1_Proj.dat 6 2025 SSBLCI 61.3039
Model1_Proj.dat 6 2025 SSBUCI 61.7372
Model1_Proj.dat 6 2025 SSBMedian 61.4786
Model1_Proj.dat 6 2025 SSBMean 61.4943
Model1_Proj.dat 6 2026 SSBF100 94.2192
Model1_Proj.dat 6 2026 SSBFabc 37.6877
Model1_Proj.dat 6 2026 SSBFofl 32.9767
Model1_Proj.dat 6 2026 SSBLCI 52.0301
Model1_Proj.dat 6 2026 SSBUCI 53.1403
Model1_Proj.dat 6 2026 SSBMedian 52.4885
Model1_Proj.dat 6 2026 SSBMean 52.5229
Model1_Proj.dat 6 2027 SSBF100 94.2192
Model1_Proj.dat 6 2027 SSBFabc 37.6877
Model1_Proj.dat 6 2027 SSBFofl 32.9767
Model1_Proj.dat 6 2027 SSBLCI 44.8118
Model1_Proj.dat 6 2027 SSBUCI 47.1587
Model1_Proj.dat 6 2027 SSBMedian 45.8014
Model1_Proj.dat 6 2027 SSBMean 45.875
Model1_Proj.dat 6 2028 SSBF100 94.2192
Model1_Proj.dat 6 2028 SSBFabc 37.6877
Model1_Proj.dat 6 2028 SSBFofl 32.9767
Model1_Proj.dat 6 2028 SSBLCI 39.262
Model1_Proj.dat 6 2028 SSBUCI 43.4427
Model1_Proj.dat 6 2028 SSBMedian 41.1259
Model1_Proj.dat 6 2028 SSBMean 41.1927
Model1_Proj.dat 6 2029 SSBF100 94.2192
Model1_Proj.dat 6 2029 SSBFabc 37.6877
Model1_Proj.dat 6 2029 SSBFofl 32.9767
Model1_Proj.dat 6 2029 SSBLCI 35.1767
Model1_Proj.dat 6 2029 SSBUCI 41.536
Model1_Proj.dat 6 2029 SSBMedian 37.9992
Model1_Proj.dat 6 2029 SSBMean 38.1483
Model1_Proj.dat 6 2030 SSBF100 94.2192
Model1_Proj.dat 6 2030 SSBFabc 37.6877
Model1_Proj.dat 6 2030 SSBFofl 32.9767
Model1_Proj.dat 6 2030 SSBLCI 32.8806
Model1_Proj.dat 6 2030 SSBUCI 40.3911
Model1_Proj.dat 6 2030 SSBMedian 36.0336
Model1_Proj.dat 6 2030 SSBMean 36.2996
Model1_Proj.dat 6 2031 SSBF100 94.2192
Model1_Proj.dat 6 2031 SSBFabc 37.6877
Model1_Proj.dat 6 2031 SSBFofl 32.9767
Model1_Proj.dat 6 2031 SSBLCI 31.6462
Model1_Proj.dat 6 2031 SSBUCI 39.8066
Model1_Proj.dat 6 2031 SSBMedian 35.0199
Model1_Proj.dat 6 2031 SSBMean 35.304
Model1_Proj.dat 6 2032 SSBF100 94.2192
Model1_Proj.dat 6 2032 SSBFabc 37.6877
Model1_Proj.dat 6 2032 SSBFofl 32.9767
Model1_Proj.dat 6 2032 SSBLCI 31.2446
Model1_Proj.dat 6 2032 SSBUCI 39.2287
Model1_Proj.dat 6 2032 SSBMedian 34.5333
Model1_Proj.dat 6 2032 SSBMean 34.8063
Model1_Proj.dat 6 2033 SSBF100 94.2192
Model1_Proj.dat 6 2033 SSBFabc 37.6877
Model1_Proj.dat 6 2033 SSBFofl 32.9767
Model1_Proj.dat 6 2033 SSBLCI 31.0247
Model1_Proj.dat 6 2033 SSBUCI 39.0335
Model1_Proj.dat 6 2033 SSBMedian 34.3719
Model1_Proj.dat 6 2033 SSBMean 34.6012
Model1_Proj.dat 6 2034 SSBF100 94.2192
Model1_Proj.dat 6 2034 SSBFabc 37.6877
Model1_Proj.dat 6 2034 SSBFofl 32.9767
Model1_Proj.dat 6 2034 SSBLCI 30.9767
Model1_Proj.dat 6 2034 SSBUCI 38.662
Model1_Proj.dat 6 2034 SSBMedian 34.3357
Model1_Proj.dat 6 2034 SSBMean 34.5466
Model1_Proj.dat 6 2035 SSBF100 94.2192
Model1_Proj.dat 6 2035 SSBFabc 37.6877
Model1_Proj.dat 6 2035 SSBFofl 32.9767
Model1_Proj.dat 6 2035 SSBLCI 31.0933
Model1_Proj.dat 6 2035 SSBUCI 38.6048
Model1_Proj.dat 6 2035 SSBMedian 34.3997
Model1_Proj.dat 6 2035 SSBMean 34.5659
Model1_Proj.dat 6 2036 SSBF100 94.2192
Model1_Proj.dat 6 2036 SSBFabc 37.6877
Model1_Proj.dat 6 2036 SSBFofl 32.9767
Model1_Proj.dat 6 2036 SSBLCI 31.1896
Model1_Proj.dat 6 2036 SSBUCI 38.6637
Model1_Proj.dat 6 2036 SSBMedian 34.4264
Model1_Proj.dat 6 2036 SSBMean 34.6221
Model1_Proj.dat 6 2037 SSBF100 94.2192
Model1_Proj.dat 6 2037 SSBFabc 37.6877
Model1_Proj.dat 6 2037 SSBFofl 32.9767
Model1_Proj.dat 6 2037 SSBLCI 31.266
Model1_Proj.dat 6 2037 SSBUCI 38.6791
Model1_Proj.dat 6 2037 SSBMedian 34.5092
Model1_Proj.dat 6 2037 SSBMean 34.695
Model1_Proj.dat 6 2038 SSBF100 94.2192
Model1_Proj.dat 6 2038 SSBFabc 37.6877
Model1_Proj.dat 6 2038 SSBFofl 32.9767
Model1_Proj.dat 6 2038 SSBLCI 31.1909
Model1_Proj.dat 6 2038 SSBUCI 38.939
Model1_Proj.dat 6 2038 SSBMedian 34.593
Model1_Proj.dat 6 2038 SSBMean 34.7676
Model1_Proj.dat 6 2022 F0 0 
Model1_Proj.dat 6 2022 Fabc 0.289143
Model1_Proj.dat 6 2022 Fofl 0.362796
Model1_Proj.dat 6 2022  F_LCI 0.00598256
Model1_Proj.dat 6 2022  F_UCI 0.00598256
Model1_Proj.dat 6 2022  F_Median 0.00598256
Model1_Proj.dat 6 2022  F_Mean 0.00598256
Model1_Proj.dat 6 2023 F0 0 
Model1_Proj.dat 6 2023 Fabc 0.289143
Model1_Proj.dat 6 2023 Fofl 0.362796
Model1_Proj.dat 6 2023  F_LCI 0.362795
Model1_Proj.dat 6 2023  F_UCI 0.362795
Model1_Proj.dat 6 2023  F_Median 0.362795
Model1_Proj.dat 6 2023  F_Mean 0.362795
Model1_Proj.dat 6 2024 F0 0 
Model1_Proj.dat 6 2024 Fabc 0.289143
Model1_Proj.dat 6 2024 Fofl 0.362796
Model1_Proj.dat 6 2024  F_LCI 0.362795
Model1_Proj.dat 6 2024  F_UCI 0.362795
Model1_Proj.dat 6 2024  F_Median 0.362795
Model1_Proj.dat 6 2024  F_Mean 0.362795
Model1_Proj.dat 6 2025 F0 0 
Model1_Proj.dat 6 2025 Fabc 0.289143
Model1_Proj.dat 6 2025 Fofl 0.362796
Model1_Proj.dat 6 2025  F_LCI 0.362796
Model1_Proj.dat 6 2025  F_UCI 0.362796
Model1_Proj.dat 6 2025  F_Median 0.362796
Model1_Proj.dat 6 2025  F_Mean 0.362796
Model1_Proj.dat 6 2026 F0 0 
Model1_Proj.dat 6 2026 Fabc 0.289143
Model1_Proj.dat 6 2026 Fofl 0.362796
Model1_Proj.dat 6 2026  F_LCI 0.362796
Model1_Proj.dat 6 2026  F_UCI 0.362796
Model1_Proj.dat 6 2026  F_Median 0.362796
Model1_Proj.dat 6 2026  F_Mean 0.362796
Model1_Proj.dat 6 2027 F0 0 
Model1_Proj.dat 6 2027 Fabc 0.289143
Model1_Proj.dat 6 2027 Fofl 0.362796
Model1_Proj.dat 6 2027  F_LCI 0.362796
Model1_Proj.dat 6 2027  F_UCI 0.362796
Model1_Proj.dat 6 2027  F_Median 0.362796
Model1_Proj.dat 6 2027  F_Mean 0.362796
Model1_Proj.dat 6 2028 F0 0 
Model1_Proj.dat 6 2028 Fabc 0.289143
Model1_Proj.dat 6 2028 Fofl 0.362796
Model1_Proj.dat 6 2028  F_LCI 0.362796
Model1_Proj.dat 6 2028  F_UCI 0.362796
Model1_Proj.dat 6 2028  F_Median 0.362796
Model1_Proj.dat 6 2028  F_Mean 0.362796
Model1_Proj.dat 6 2029 F0 0 
Model1_Proj.dat 6 2029 Fabc 0.289143
Model1_Proj.dat 6 2029 Fofl 0.362796
Model1_Proj.dat 6 2029  F_LCI 0.337352
Model1_Proj.dat 6 2029  F_UCI 0.362796
Model1_Proj.dat 6 2029  F_Median 0.362796
Model1_Proj.dat 6 2029  F_Mean 0.357071
Model1_Proj.dat 6 2030 F0 0 
Model1_Proj.dat 6 2030 Fabc 0.289143
Model1_Proj.dat 6 2030 Fofl 0.362796
Model1_Proj.dat 6 2030  F_LCI 0.314086
Model1_Proj.dat 6 2030  F_UCI 0.362796
Model1_Proj.dat 6 2030  F_Median 0.346035
Model1_Proj.dat 6 2030  F_Mean 0.344099
Model1_Proj.dat 6 2031 F0 0 
Model1_Proj.dat 6 2031 Fabc 0.289143
Model1_Proj.dat 6 2031 Fofl 0.362796
Model1_Proj.dat 6 2031  F_LCI 0.301578
Model1_Proj.dat 6 2031  F_UCI 0.362796
Model1_Proj.dat 6 2031  F_Median 0.335763
Model1_Proj.dat 6 2031  F_Mean 0.335749
Model1_Proj.dat 6 2032 F0 0 
Model1_Proj.dat 6 2032 Fabc 0.289143
Model1_Proj.dat 6 2032 Fofl 0.362796
Model1_Proj.dat 6 2032  F_LCI 0.297508
Model1_Proj.dat 6 2032  F_UCI 0.362796
Model1_Proj.dat 6 2032  F_Median 0.330832
Model1_Proj.dat 6 2032  F_Mean 0.331434
Model1_Proj.dat 6 2033 F0 0 
Model1_Proj.dat 6 2033 Fabc 0.289143
Model1_Proj.dat 6 2033 Fofl 0.362796
Model1_Proj.dat 6 2033  F_LCI 0.29528
Model1_Proj.dat 6 2033  F_UCI 0.362796
Model1_Proj.dat 6 2033  F_Median 0.329197
Model1_Proj.dat 6 2033  F_Mean 0.329777
Model1_Proj.dat 6 2034 F0 0 
Model1_Proj.dat 6 2034 Fabc 0.289143
Model1_Proj.dat 6 2034 Fofl 0.362796
Model1_Proj.dat 6 2034  F_LCI 0.294794
Model1_Proj.dat 6 2034  F_UCI 0.362796
Model1_Proj.dat 6 2034  F_Median 0.32883
Model1_Proj.dat 6 2034  F_Mean 0.329508
Model1_Proj.dat 6 2035 F0 0 
Model1_Proj.dat 6 2035 Fabc 0.289143
Model1_Proj.dat 6 2035 Fofl 0.362796
Model1_Proj.dat 6 2035  F_LCI 0.295975
Model1_Proj.dat 6 2035  F_UCI 0.362796
Model1_Proj.dat 6 2035  F_Median 0.329478
Model1_Proj.dat 6 2035  F_Mean 0.329772
Model1_Proj.dat 6 2036 F0 0 
Model1_Proj.dat 6 2036 Fabc 0.289143
Model1_Proj.dat 6 2036 Fofl 0.362796
Model1_Proj.dat 6 2036  F_LCI 0.29695
Model1_Proj.dat 6 2036  F_UCI 0.362796
Model1_Proj.dat 6 2036  F_Median 0.329749
Model1_Proj.dat 6 2036  F_Mean 0.330259
Model1_Proj.dat 6 2037 F0 0 
Model1_Proj.dat 6 2037 Fabc 0.289143
Model1_Proj.dat 6 2037 Fofl 0.362796
Model1_Proj.dat 6 2037  F_LCI 0.297725
Model1_Proj.dat 6 2037  F_UCI 0.362796
Model1_Proj.dat 6 2037  F_Median 0.330589
Model1_Proj.dat 6 2037  F_Mean 0.330928
Model1_Proj.dat 6 2038 F0 0 
Model1_Proj.dat 6 2038 Fabc 0.289143
Model1_Proj.dat 6 2038 Fofl 0.362796
Model1_Proj.dat 6 2038  F_LCI 0.296964
Model1_Proj.dat 6 2038  F_UCI 0.362796
Model1_Proj.dat 6 2038  F_Median 0.331438
Model1_Proj.dat 6 2038  F_Mean 0.331641
Model1_Proj.dat 7 2022 Cabc 17.1098
Model1_Proj.dat 7 2022 Cofl 18.6118
Model1_Proj.dat 7 2022 CLCI 0.898999
Model1_Proj.dat 7 2022 CUCI 0.898999
Model1_Proj.dat 7 2022 CMedian 0.898999
Model1_Proj.dat 7 2022 CMean 0.898999
Model1_Proj.dat 7 2022 CStdn 1.95399e-14
Model1_Proj.dat 7 2023 Cabc 17.1098
Model1_Proj.dat 7 2023 Cofl 18.6118
Model1_Proj.dat 7 2023 CLCI 39.5001
Model1_Proj.dat 7 2023 CUCI 39.5119
Model1_Proj.dat 7 2023 CMedian 39.5047
Model1_Proj.dat 7 2023 CMean 39.5052
Model1_Proj.dat 7 2023 CStdn 0.00375148
Model1_Proj.dat 7 2024 Cabc 17.1098
Model1_Proj.dat 7 2024 Cofl 18.6118
Model1_Proj.dat 7 2024 CLCI 32.764
Model1_Proj.dat 7 2024 CUCI 32.8231
Model1_Proj.dat 7 2024 CMedian 32.7873
Model1_Proj.dat 7 2024 CMean 32.7893
Model1_Proj.dat 7 2024 CStdn 0.0187274
Model1_Proj.dat 7 2025 Cabc 17.1098
Model1_Proj.dat 7 2025 Cofl 18.6118
Model1_Proj.dat 7 2025 CLCI 34.3107
Model1_Proj.dat 7 2025 CUCI 34.5702
Model1_Proj.dat 7 2025 CMedian 34.4142
Model1_Proj.dat 7 2025 CMean 34.4229
Model1_Proj.dat 7 2025 CStdn 0.0825065
Model1_Proj.dat 7 2026 Cabc 17.1098
Model1_Proj.dat 7 2026 Cofl 18.6118
Model1_Proj.dat 7 2026 CLCI 28.4573
Model1_Proj.dat 7 2026 CUCI 29.1734
Model1_Proj.dat 7 2026 CMedian 28.7462
Model1_Proj.dat 7 2026 CMean 28.7725
Model1_Proj.dat 7 2026 CStdn 0.220161
Model1_Proj.dat 7 2027 Cabc 17.1098
Model1_Proj.dat 7 2027 Cofl 18.6118
Model1_Proj.dat 7 2027 CLCI 23.9972
Model1_Proj.dat 7 2027 CUCI 25.4742
Model1_Proj.dat 7 2027 CMedian 24.6204
Model1_Proj.dat 7 2027 CMean 24.6651
Model1_Proj.dat 7 2027 CStdn 0.464836
Model1_Proj.dat 7 2028 Cabc 17.1098
Model1_Proj.dat 7 2028 Cofl 18.6118
Model1_Proj.dat 7 2028 CLCI 20.6794
Model1_Proj.dat 7 2028 CUCI 23.1906
Model1_Proj.dat 7 2028 CMedian 21.7759
Model1_Proj.dat 7 2028 CMean 21.8242
Model1_Proj.dat 7 2028 CStdn 0.794944
Model1_Proj.dat 7 2029 Cabc 17.1098
Model1_Proj.dat 7 2029 Cofl 18.6118
Model1_Proj.dat 7 2029 CLCI 17.6517
Model1_Proj.dat 7 2029 CUCI 21.9187
Model1_Proj.dat 7 2029 CMedian 19.9422
Model1_Proj.dat 7 2029 CMean 19.9119
Model1_Proj.dat 7 2029 CStdn 1.30404
Model1_Proj.dat 7 2030 Cabc 17.1098
Model1_Proj.dat 7 2030 Cofl 18.6118
Model1_Proj.dat 7 2030 CLCI 15.0735
Model1_Proj.dat 7 2030 CUCI 21.2297
Model1_Proj.dat 7 2030 CMedian 18.303
Model1_Proj.dat 7 2030 CMean 18.2588
Model1_Proj.dat 7 2030 CStdn 1.97699
Model1_Proj.dat 7 2031 Cabc 17.1098
Model1_Proj.dat 7 2031 Cofl 18.6118
Model1_Proj.dat 7 2031 CLCI 13.8601
Model1_Proj.dat 7 2031 CUCI 20.7972
Model1_Proj.dat 7 2031 CMedian 17.0749
Model1_Proj.dat 7 2031 CMean 17.2437
Model1_Proj.dat 7 2031 CStdn 2.17293
Model1_Proj.dat 7 2032 Cabc 17.1098
Model1_Proj.dat 7 2032 Cofl 18.6118
Model1_Proj.dat 7 2032 CLCI 13.4682
Model1_Proj.dat 7 2032 CUCI 20.4937
Model1_Proj.dat 7 2032 CMedian 16.5225
Model1_Proj.dat 7 2032 CMean 16.7347
Model1_Proj.dat 7 2032 CStdn 2.19186
Model1_Proj.dat 7 2033 Cabc 17.1098
Model1_Proj.dat 7 2033 Cofl 18.6118
Model1_Proj.dat 7 2033 CLCI 13.3207
Model1_Proj.dat 7 2033 CUCI 20.3962
Model1_Proj.dat 7 2033 CMedian 16.3677
Model1_Proj.dat 7 2033 CMean 16.5417
Model1_Proj.dat 7 2033 CStdn 2.16221
Model1_Proj.dat 7 2034 Cabc 17.1098
Model1_Proj.dat 7 2034 Cofl 18.6118
Model1_Proj.dat 7 2034 CLCI 13.3055
Model1_Proj.dat 7 2034 CUCI 20.1587
Model1_Proj.dat 7 2034 CMedian 16.3397
Model1_Proj.dat 7 2034 CMean 16.5063
Model1_Proj.dat 7 2034 CStdn 2.12611
Model1_Proj.dat 7 2035 Cabc 17.1098
Model1_Proj.dat 7 2035 Cofl 18.6118
Model1_Proj.dat 7 2035 CLCI 13.3616
Model1_Proj.dat 7 2035 CUCI 20.0867
Model1_Proj.dat 7 2035 CMedian 16.3748
Model1_Proj.dat 7 2035 CMean 16.5373
Model1_Proj.dat 7 2035 CStdn 2.0941
Model1_Proj.dat 7 2036 Cabc 17.1098
Model1_Proj.dat 7 2036 Cofl 18.6118
Model1_Proj.dat 7 2036 CLCI 13.4551
Model1_Proj.dat 7 2036 CUCI 20.1427
Model1_Proj.dat 7 2036 CMedian 16.4306
Model1_Proj.dat 7 2036 CMean 16.5968
Model1_Proj.dat 7 2036 CStdn 2.08177
Model1_Proj.dat 7 2037 Cabc 17.1098
Model1_Proj.dat 7 2037 Cofl 18.6118
Model1_Proj.dat 7 2037 CLCI 13.4875
Model1_Proj.dat 7 2037 CUCI 20.2259
Model1_Proj.dat 7 2037 CMedian 16.48
Model1_Proj.dat 7 2037 CMean 16.6703
Model1_Proj.dat 7 2037 CStdn 2.07988
Model1_Proj.dat 7 2038 Cabc 17.1098
Model1_Proj.dat 7 2038 Cofl 18.6118
Model1_Proj.dat 7 2038 CLCI 13.4602
Model1_Proj.dat 7 2038 CUCI 20.3451
Model1_Proj.dat 7 2038 CMedian 16.6024
Model1_Proj.dat 7 2038 CMean 16.7416
Model1_Proj.dat 7 2038 CStdn 2.07679
Model1_Proj.dat 7 2022 SSBF100 94.2192
Model1_Proj.dat 7 2022 SSBFabc 37.6877
Model1_Proj.dat 7 2022 SSBFofl 32.9767
Model1_Proj.dat 7 2022 SSBLCI 92.3951
Model1_Proj.dat 7 2022 SSBUCI 92.3951
Model1_Proj.dat 7 2022 SSBMedian 92.3951
Model1_Proj.dat 7 2022 SSBMean 92.3951
Model1_Proj.dat 7 2023 SSBF100 94.2192
Model1_Proj.dat 7 2023 SSBFabc 37.6877
Model1_Proj.dat 7 2023 SSBFofl 32.9767
Model1_Proj.dat 7 2023 SSBLCI 94.2709
Model1_Proj.dat 7 2023 SSBUCI 94.3048
Model1_Proj.dat 7 2023 SSBMedian 94.284
Model1_Proj.dat 7 2023 SSBMean 94.2855
Model1_Proj.dat 7 2024 SSBF100 94.2192
Model1_Proj.dat 7 2024 SSBFabc 37.6877
Model1_Proj.dat 7 2024 SSBFofl 32.9767
Model1_Proj.dat 7 2024 SSBLCI 78.295
Model1_Proj.dat 7 2024 SSBUCI 78.4339
Model1_Proj.dat 7 2024 SSBMedian 78.3502
Model1_Proj.dat 7 2024 SSBMean 78.3552
Model1_Proj.dat 7 2025 SSBF100 94.2192
Model1_Proj.dat 7 2025 SSBFabc 37.6877
Model1_Proj.dat 7 2025 SSBFofl 32.9767
Model1_Proj.dat 7 2025 SSBLCI 67.2245
Model1_Proj.dat 7 2025 SSBUCI 67.6583
Model1_Proj.dat 7 2025 SSBMedian 67.3993
Model1_Proj.dat 7 2025 SSBMean 67.4151
Model1_Proj.dat 7 2026 SSBF100 94.2192
Model1_Proj.dat 7 2026 SSBFabc 37.6877
Model1_Proj.dat 7 2026 SSBFofl 32.9767
Model1_Proj.dat 7 2026 SSBLCI 55.9615
Model1_Proj.dat 7 2026 SSBUCI 57.0729
Model1_Proj.dat 7 2026 SSBMedian 56.4204
Model1_Proj.dat 7 2026 SSBMean 56.4548
Model1_Proj.dat 7 2027 SSBF100 94.2192
Model1_Proj.dat 7 2027 SSBFabc 37.6877
Model1_Proj.dat 7 2027 SSBFofl 32.9767
Model1_Proj.dat 7 2027 SSBLCI 47.3564
Model1_Proj.dat 7 2027 SSBUCI 49.7053
Model1_Proj.dat 7 2027 SSBMedian 48.3464
Model1_Proj.dat 7 2027 SSBMean 48.4202
Model1_Proj.dat 7 2028 SSBF100 94.2192
Model1_Proj.dat 7 2028 SSBFabc 37.6877
Model1_Proj.dat 7 2028 SSBFofl 32.9767
Model1_Proj.dat 7 2028 SSBLCI 40.8631
Model1_Proj.dat 7 2028 SSBUCI 45.0482
Model1_Proj.dat 7 2028 SSBMedian 42.729
Model1_Proj.dat 7 2028 SSBMean 42.7956
Model1_Proj.dat 7 2029 SSBF100 94.2192
Model1_Proj.dat 7 2029 SSBFabc 37.6877
Model1_Proj.dat 7 2029 SSBFofl 32.9767
Model1_Proj.dat 7 2029 SSBLCI 36.161
Model1_Proj.dat 7 2029 SSBUCI 42.5239
Model1_Proj.dat 7 2029 SSBMedian 38.986
Model1_Proj.dat 7 2029 SSBMean 39.1346
Model1_Proj.dat 7 2030 SSBF100 94.2192
Model1_Proj.dat 7 2030 SSBFabc 37.6877
Model1_Proj.dat 7 2030 SSBFofl 32.9767
Model1_Proj.dat 7 2030 SSBLCI 33.2902
Model1_Proj.dat 7 2030 SSBUCI 40.9926
Model1_Proj.dat 7 2030 SSBMedian 36.6246
Model1_Proj.dat 7 2030 SSBMean 36.8325
Model1_Proj.dat 7 2031 SSBF100 94.2192
Model1_Proj.dat 7 2031 SSBFabc 37.6877
Model1_Proj.dat 7 2031 SSBFofl 32.9767
Model1_Proj.dat 7 2031 SSBLCI 31.7973
Model1_Proj.dat 7 2031 SSBUCI 40.1624
Model1_Proj.dat 7 2031 SSBMedian 35.2378
Model1_Proj.dat 7 2031 SSBMean 35.5512
Model1_Proj.dat 7 2032 SSBF100 94.2192
Model1_Proj.dat 7 2032 SSBFabc 37.6877
Model1_Proj.dat 7 2032 SSBFofl 32.9767
Model1_Proj.dat 7 2032 SSBLCI 31.3078
Model1_Proj.dat 7 2032 SSBUCI 39.4393
Model1_Proj.dat 7 2032 SSBMedian 34.6151
Model1_Proj.dat 7 2032 SSBMean 34.9061
Model1_Proj.dat 7 2033 SSBF100 94.2192
Model1_Proj.dat 7 2033 SSBFabc 37.6877
Model1_Proj.dat 7 2033 SSBFofl 32.9767
Model1_Proj.dat 7 2033 SSBLCI 31.0315
Model1_Proj.dat 7 2033 SSBUCI 39.1485
Model1_Proj.dat 7 2033 SSBMedian 34.3968
Model1_Proj.dat 7 2033 SSBMean 34.6333
Model1_Proj.dat 7 2034 SSBF100 94.2192
Model1_Proj.dat 7 2034 SSBFabc 37.6877
Model1_Proj.dat 7 2034 SSBFofl 32.9767
Model1_Proj.dat 7 2034 SSBLCI 30.9786
Model1_Proj.dat 7 2034 SSBUCI 38.7034
Model1_Proj.dat 7 2034 SSBMedian 34.3243
Model1_Proj.dat 7 2034 SSBMean 34.5514
Model1_Proj.dat 7 2035 SSBF100 94.2192
Model1_Proj.dat 7 2035 SSBFabc 37.6877
Model1_Proj.dat 7 2035 SSBFofl 32.9767
Model1_Proj.dat 7 2035 SSBLCI 31.0852
Model1_Proj.dat 7 2035 SSBUCI 38.6107
Model1_Proj.dat 7 2035 SSBMedian 34.3916
Model1_Proj.dat 7 2035 SSBMean 34.5623
Model1_Proj.dat 7 2036 SSBF100 94.2192
Model1_Proj.dat 7 2036 SSBFabc 37.6877
Model1_Proj.dat 7 2036 SSBFofl 32.9767
Model1_Proj.dat 7 2036 SSBLCI 31.1825
Model1_Proj.dat 7 2036 SSBUCI 38.6611
Model1_Proj.dat 7 2036 SSBMedian 34.4204
Model1_Proj.dat 7 2036 SSBMean 34.6175
Model1_Proj.dat 7 2037 SSBF100 94.2192
Model1_Proj.dat 7 2037 SSBFabc 37.6877
Model1_Proj.dat 7 2037 SSBFofl 32.9767
Model1_Proj.dat 7 2037 SSBLCI 31.2615
Model1_Proj.dat 7 2037 SSBUCI 38.6748
Model1_Proj.dat 7 2037 SSBMedian 34.5054
Model1_Proj.dat 7 2037 SSBMean 34.6915
Model1_Proj.dat 7 2038 SSBF100 94.2192
Model1_Proj.dat 7 2038 SSBFabc 37.6877
Model1_Proj.dat 7 2038 SSBFofl 32.9767
Model1_Proj.dat 7 2038 SSBLCI 31.1888
Model1_Proj.dat 7 2038 SSBUCI 38.9469
Model1_Proj.dat 7 2038 SSBMedian 34.5922
Model1_Proj.dat 7 2038 SSBMean 34.7655
Model1_Proj.dat 7 2022 F0 0 
Model1_Proj.dat 7 2022 Fabc 0.289143
Model1_Proj.dat 7 2022 Fofl 0.362796
Model1_Proj.dat 7 2022  F_LCI 0.00598256
Model1_Proj.dat 7 2022  F_UCI 0.00598256
Model1_Proj.dat 7 2022  F_Median 0.00598256
Model1_Proj.dat 7 2022  F_Mean 0.00598256
Model1_Proj.dat 7 2023 F0 0 
Model1_Proj.dat 7 2023 Fabc 0.289143
Model1_Proj.dat 7 2023 Fofl 0.362796
Model1_Proj.dat 7 2023  F_LCI 0.289143
Model1_Proj.dat 7 2023  F_UCI 0.289143
Model1_Proj.dat 7 2023  F_Median 0.289143
Model1_Proj.dat 7 2023  F_Mean 0.289143
Model1_Proj.dat 7 2024 F0 0 
Model1_Proj.dat 7 2024 Fabc 0.289143
Model1_Proj.dat 7 2024 Fofl 0.362796
Model1_Proj.dat 7 2024  F_LCI 0.289143
Model1_Proj.dat 7 2024  F_UCI 0.289143
Model1_Proj.dat 7 2024  F_Median 0.289143
Model1_Proj.dat 7 2024  F_Mean 0.289143
Model1_Proj.dat 7 2025 F0 0 
Model1_Proj.dat 7 2025 Fabc 0.289143
Model1_Proj.dat 7 2025 Fofl 0.362796
Model1_Proj.dat 7 2025  F_LCI 0.362796
Model1_Proj.dat 7 2025  F_UCI 0.362796
Model1_Proj.dat 7 2025  F_Median 0.362796
Model1_Proj.dat 7 2025  F_Mean 0.362796
Model1_Proj.dat 7 2026 F0 0 
Model1_Proj.dat 7 2026 Fabc 0.289143
Model1_Proj.dat 7 2026 Fofl 0.362796
Model1_Proj.dat 7 2026  F_LCI 0.362796
Model1_Proj.dat 7 2026  F_UCI 0.362796
Model1_Proj.dat 7 2026  F_Median 0.362796
Model1_Proj.dat 7 2026  F_Mean 0.362796
Model1_Proj.dat 7 2027 F0 0 
Model1_Proj.dat 7 2027 Fabc 0.289143
Model1_Proj.dat 7 2027 Fofl 0.362796
Model1_Proj.dat 7 2027  F_LCI 0.362796
Model1_Proj.dat 7 2027  F_UCI 0.362796
Model1_Proj.dat 7 2027  F_Median 0.362796
Model1_Proj.dat 7 2027  F_Mean 0.362796
Model1_Proj.dat 7 2028 F0 0 
Model1_Proj.dat 7 2028 Fabc 0.289143
Model1_Proj.dat 7 2028 Fofl 0.362796
Model1_Proj.dat 7 2028  F_LCI 0.362796
Model1_Proj.dat 7 2028  F_UCI 0.362796
Model1_Proj.dat 7 2028  F_Median 0.362796
Model1_Proj.dat 7 2028  F_Mean 0.362796
Model1_Proj.dat 7 2029 F0 0 
Model1_Proj.dat 7 2029 Fabc 0.289143
Model1_Proj.dat 7 2029 Fofl 0.362796
Model1_Proj.dat 7 2029  F_LCI 0.347326
Model1_Proj.dat 7 2029  F_UCI 0.362796
Model1_Proj.dat 7 2029  F_Median 0.362796
Model1_Proj.dat 7 2029  F_Mean 0.360441
Model1_Proj.dat 7 2030 F0 0 
Model1_Proj.dat 7 2030 Fabc 0.289143
Model1_Proj.dat 7 2030 Fofl 0.362796
Model1_Proj.dat 7 2030  F_LCI 0.318236
Model1_Proj.dat 7 2030  F_UCI 0.362796
Model1_Proj.dat 7 2030  F_Median 0.352023
Model1_Proj.dat 7 2030  F_Mean 0.347665
Model1_Proj.dat 7 2031 F0 0 
Model1_Proj.dat 7 2031 Fabc 0.289143
Model1_Proj.dat 7 2031 Fofl 0.362796
Model1_Proj.dat 7 2031  F_LCI 0.303109
Model1_Proj.dat 7 2031  F_UCI 0.362796
Model1_Proj.dat 7 2031  F_Median 0.337971
Model1_Proj.dat 7 2031  F_Mean 0.33762
Model1_Proj.dat 7 2032 F0 0 
Model1_Proj.dat 7 2032 Fabc 0.289143
Model1_Proj.dat 7 2032 Fofl 0.362796
Model1_Proj.dat 7 2032  F_LCI 0.298149
Model1_Proj.dat 7 2032  F_UCI 0.362796
Model1_Proj.dat 7 2032  F_Median 0.331661
Model1_Proj.dat 7 2032  F_Mean 0.33219
Model1_Proj.dat 7 2033 F0 0 
Model1_Proj.dat 7 2033 Fabc 0.289143
Model1_Proj.dat 7 2033 Fofl 0.362796
Model1_Proj.dat 7 2033  F_LCI 0.295349
Model1_Proj.dat 7 2033  F_UCI 0.362796
Model1_Proj.dat 7 2033  F_Median 0.329449
Model1_Proj.dat 7 2033  F_Mean 0.33
Model1_Proj.dat 7 2034 F0 0 
Model1_Proj.dat 7 2034 Fabc 0.289143
Model1_Proj.dat 7 2034 Fofl 0.362796
Model1_Proj.dat 7 2034  F_LCI 0.294813
Model1_Proj.dat 7 2034  F_UCI 0.362796
Model1_Proj.dat 7 2034  F_Median 0.328714
Model1_Proj.dat 7 2034  F_Mean 0.32952
Model1_Proj.dat 7 2035 F0 0 
Model1_Proj.dat 7 2035 Fabc 0.289143
Model1_Proj.dat 7 2035 Fofl 0.362796
Model1_Proj.dat 7 2035  F_LCI 0.295893
Model1_Proj.dat 7 2035  F_UCI 0.362796
Model1_Proj.dat 7 2035  F_Median 0.329397
Model1_Proj.dat 7 2035  F_Mean 0.329729
Model1_Proj.dat 7 2036 F0 0 
Model1_Proj.dat 7 2036 Fabc 0.289143
Model1_Proj.dat 7 2036 Fofl 0.362796
Model1_Proj.dat 7 2036  F_LCI 0.296879
Model1_Proj.dat 7 2036  F_UCI 0.362796
Model1_Proj.dat 7 2036  F_Median 0.329688
Model1_Proj.dat 7 2036  F_Mean 0.330214
Model1_Proj.dat 7 2037 F0 0 
Model1_Proj.dat 7 2037 Fabc 0.289143
Model1_Proj.dat 7 2037 Fofl 0.362796
Model1_Proj.dat 7 2037  F_LCI 0.297679
Model1_Proj.dat 7 2037  F_UCI 0.362796
Model1_Proj.dat 7 2037  F_Median 0.33055
Model1_Proj.dat 7 2037  F_Mean 0.330896
Model1_Proj.dat 7 2038 F0 0 
Model1_Proj.dat 7 2038 Fabc 0.289143
Model1_Proj.dat 7 2038 Fofl 0.362796
Model1_Proj.dat 7 2038  F_LCI 0.296943
Model1_Proj.dat 7 2038  F_UCI 0.362796
Model1_Proj.dat 7 2038  F_Median 0.331429
Model1_Proj.dat 7 2038  F_Mean 0.331623
