Alternative 1 Catch
     FLATHEAD 
Equil_Fabc 16.2275 
Year 
2017 2.051 
2018 2.202 
2019 2.647 
2020 38.193 
2021 32.3755 
2022 27.6149 
2023 23.8416 
2024 21.0204 
2025 19.0118 
2026 17.6346 
2027 16.7015 
2028 16.0489 
2029 15.6102 
2030 15.3588 
2031 15.2361 
2032 15.1905 
2033 15.1811 

Alternative 1 ABCs
     FLATHEAD 

Year 
2017 34.1452 
2018 35.265 
2019 36.7546 
2020 38.193 
2021 32.3755 
2022 27.6149 
2023 23.8416 
2024 21.0204 
2025 19.0118 
2026 17.6346 
2027 16.7015 
2028 16.0489 
2029 15.6102 
2030 15.3588 
2031 15.2361 
2032 15.1905 
2033 15.1811 

Alternative 1 TACs
     FLATHEAD 

Year 
2017  NA 
2018  NA 
2019  NA 
2020 38.193 
2021 32.3755 
2022 27.6149 
2023 23.8416 
2024 21.0204 
2025 19.0118 
2026 17.6346 
2027 16.7015 
2028 16.0489 
2029 15.6102 
2030 15.3588 
2031 15.2361 
2032 15.1905 
2033 15.1811 

Alternative 1 Sp_Biomass
     FLATHEAD 
Equil_Fabc 36.6204 
Year 
2017 83.2979 
2018 85.7613 
2019 89.1385 
2020 92.4613 
2021 78.5641 
2022 67.3318 
2023 58.388 
2024 51.5601 
2025 46.5687 
2026 43.0634 
2027 40.6884 
2028 39.1377 
2029 38.18 
2030 37.6348 
2031 37.3519 
2032 37.2245 
2033 37.1835 

Alternative 1 Fishing Mortality
     FLATHEAD 
Equil_Fabc 0.284074 
Year 
2017 0.0153677 
2018 0.016012 
2019 0.0184964 
2020 0.284074 
2021 0.284074 
2022 0.284074 
2023 0.284074 
2024 0.284074 
2025 0.284074 
2026 0.284064 
2027 0.283572 
2028 0.281976 
2029 0.279995 
2030 0.278678 
2031 0.278027 
2032 0.277826 
2033 0.277772 

Alternative 1 Biomass
     FLATHEAD 

Year 
2017 277.62 
2018 281.552 
2019 282.986 
2020 282.014 
2021 246.087 
2022 219.129 
2023 199.546 
2024 185.837 
2025 176.587 
2026 170.466 
2027 166.603 
2028 164.225 
2029 162.966 
2030 162.349 
2031 162.109 
2032 161.998 
2033 161.899 

Alternative 1 Implied SPR rate 
     FLATHEAD 
Equil_Fabc 0.4 
Year 
2017 0.922974 
2018 0.920003 
2019 0.908721 
2020 0.4 
2021 0.4 
2022 0.4 
2023 0.4 
2024 0.4 
2025 0.4 
2026 0.400009 
2027 0.400418 
2028 0.40176 
2029 0.403438 
2030 0.404558 
2031 0.405112 
2032 0.405282 
2033 0.405326 

  FLATHEAD 
EquilAvgAgeF0  5.49174 
EquilAvgAgeFabc  3.88395 
AvgAgeYr2033 3.91355 
Alternative 2 Catch
     FLATHEAD 
Equil_Fabc 16.2275 
Year 
2017 2.051 
2018 2.202 
2019 2.647 
2020 38.193 
2021 32.3755 
2022 27.6149 
2023 23.8416 
2024 21.0204 
2025 19.0118 
2026 17.6346 
2027 16.7015 
2028 16.0489 
2029 15.6102 
2030 15.3588 
2031 15.2361 
2032 15.1905 
2033 15.1811 

Alternative 2 ABCs
     FLATHEAD 

Year 
2017 34.1452 
2018 35.265 
2019 36.7546 
2020 38.193 
2021 32.3755 
2022 27.6149 
2023 23.8416 
2024 21.0204 
2025 19.0118 
2026 17.6346 
2027 16.7015 
2028 16.0489 
2029 15.6102 
2030 15.3588 
2031 15.2361 
2032 15.1905 
2033 15.1811 

Alternative 2 TACs
     FLATHEAD 

Year 
2017  NA 
2018  NA 
2019  NA 
2020 38.193 
2021 32.3755 
2022 27.6149 
2023 23.8416 
2024 21.0204 
2025 19.0118 
2026 17.6346 
2027 16.7015 
2028 16.0489 
2029 15.6102 
2030 15.3588 
2031 15.2361 
2032 15.1905 
2033 15.1811 

Alternative 2 Sp_Biomass
     FLATHEAD 
Equil_Fabc 36.6204 
Year 
2017 83.2979 
2018 85.7613 
2019 89.1385 
2020 92.4613 
2021 78.5641 
2022 67.3318 
2023 58.388 
2024 51.5601 
2025 46.5687 
2026 43.0634 
2027 40.6884 
2028 39.1377 
2029 38.18 
2030 37.6348 
2031 37.3519 
2032 37.2245 
2033 37.1835 

Alternative 2 Fishing Mortality
     FLATHEAD 
Equil_Fabc 0.284074 
Year 
2017 0.0153677 
2018 0.016012 
2019 0.0184964 
2020 0.284074 
2021 0.284074 
2022 0.284074 
2023 0.284074 
2024 0.284074 
2025 0.284074 
2026 0.284064 
2027 0.283572 
2028 0.281976 
2029 0.279995 
2030 0.278678 
2031 0.278027 
2032 0.277826 
2033 0.277772 

Alternative 2 Biomass
     FLATHEAD 

Year 
2017 277.62 
2018 281.552 
2019 282.986 
2020 282.014 
2021 246.087 
2022 219.129 
2023 199.546 
2024 185.837 
2025 176.587 
2026 170.466 
2027 166.603 
2028 164.225 
2029 162.966 
2030 162.349 
2031 162.109 
2032 161.998 
2033 161.899 

Alternative 2 Implied SPR rate 
     FLATHEAD 
Equil_Fabc 0.4 
Year 
2017 0.922974 
2018 0.920003 
2019 0.908721 
2020 0.4 
2021 0.4 
2022 0.4 
2023 0.4 
2024 0.4 
2025 0.4 
2026 0.400009 
2027 0.400418 
2028 0.40176 
2029 0.403438 
2030 0.404558 
2031 0.405112 
2032 0.405282 
2033 0.405326 

  FLATHEAD 
EquilAvgAgeF0  5.49174 
EquilAvgAgeFabc  3.88395 
AvgAgeYr2033 3.91355 
Alternative 3 Catch
     FLATHEAD 
Equil_Fabc 16.2275 
Year 
2017 2.051 
2018 2.202 
2019 2.647 
2020 2.52724 
2021 2.60427 
2022 2.63646 
2023 2.62758 
2024 2.5947 
2025 2.55184 
2026 2.50707 
2027 2.46528 
2028 2.42885 
2029 2.39804 
2030 2.37275 
2031 2.3525 
2032 2.33668 
2033 2.32447 

Alternative 3 ABCs
     FLATHEAD 

Year 
2017 2.26221 
2018 2.33165 
2019 2.42874 
2020 2.52724 
2021 2.60427 
2022 2.63646 
2023 2.62758 
2024 2.5947 
2025 2.55184 
2026 2.50707 
2027 2.46528 
2028 2.42885 
2029 2.39804 
2030 2.37275 
2031 2.3525 
2032 2.33668 
2033 2.32447 

Alternative 3 TACs
     FLATHEAD 

Year 
2017  NA 
2018  NA 
2019  NA 
2020 2.52724 
2021 2.60427 
2022 2.63646 
2023 2.62758 
2024 2.5947 
2025 2.55184 
2026 2.50707 
2027 2.46528 
2028 2.42885 
2029 2.39804 
2030 2.37275 
2031 2.3525 
2032 2.33668 
2033 2.32447 

Alternative 3 Sp_Biomass
     FLATHEAD 
Equil_Fabc 36.6204 
Year 
2017 83.2979 
2018 85.7613 
2019 89.1385 
2020 92.4613 
2021 95.0686 
2022 96.402 
2023 96.5407 
2024 95.8136 
2025 94.5845 
2026 93.1524 
2027 91.7148 
2028 90.3846 
2029 89.2145 
2030 88.2247 
2031 87.4111 
2032 86.7575 
2033 86.242 

Alternative 3 Fishing Mortality
     FLATHEAD 
Equil_Fabc 0.284074 
Year 
2017 0.0153677 
2018 0.016012 
2019 0.0184964 
2020 0.0169611 
2021 0.0169611 
2022 0.0169611 
2023 0.0169611 
2024 0.0169611 
2025 0.0169611 
2026 0.0169611 
2027 0.0169611 
2028 0.0169611 
2029 0.0169611 
2030 0.0169611 
2031 0.0169611 
2032 0.0169611 
2033 0.0169611 

Alternative 3 Biomass
     FLATHEAD 

Year 
2017 277.62 
2018 281.552 
2019 282.986 
2020 282.014 
2021 279.848 
2022 276.775 
2023 273.277 
2024 269.747 
2025 266.461 
2026 263.463 
2027 260.907 
2028 258.735 
2029 257.023 
2030 255.61 
2031 254.467 
2032 253.491 
2033 252.634 

Alternative 3 Implied SPR rate 
     FLATHEAD 
Equil_Fabc 0.4 
Year 
2017 0.922974 
2018 0.920003 
2019 0.908721 
2020 0.91566 
2021 0.91566 
2022 0.91566 
2023 0.91566 
2024 0.91566 
2025 0.91566 
2026 0.91566 
2027 0.91566 
2028 0.91566 
2029 0.91566 
2030 0.91566 
2031 0.91566 
2032 0.91566 
2033 0.91566 

  FLATHEAD 
EquilAvgAgeF0  5.49174 
EquilAvgAgeFabc  3.88395 
AvgAgeYr2033 5.34964 
Alternative 4 Catch
     FLATHEAD 
Equil_Fabc 16.2275 
Year 
2017 2.051 
2018 2.202 
2019 2.647 
2020 8.99559 
2021 8.96599 
2022 8.80449 
2023 8.53926 
2024 8.23568 
2025 7.9402 
2026 7.67529 
2027 7.45102 
2028 7.26873 
2029 7.12367 
2030 7.01075 
2031 6.92466 
2032 6.86033 
2033 6.81288 

Alternative 4 ABCs
     FLATHEAD 

Year 
2017 8.05035 
2018 8.30036 
2019 8.64691 
2020 8.99559 
2021 8.96599 
2022 8.80449 
2023 8.53926 
2024 8.23568 
2025 7.9402 
2026 7.67529 
2027 7.45102 
2028 7.26873 
2029 7.12367 
2030 7.01075 
2031 6.92466 
2032 6.86033 
2033 6.81288 

Alternative 4 TACs
     FLATHEAD 

Year 
2017  NA 
2018  NA 
2019  NA 
2020 8.99559 
2021 8.96599 
2022 8.80449 
2023 8.53926 
2024 8.23568 
2025 7.9402 
2026 7.67529 
2027 7.45102 
2028 7.26873 
2029 7.12367 
2030 7.01075 
2031 6.92466 
2032 6.86033 
2033 6.81288 

Alternative 4 Sp_Biomass
     FLATHEAD 
Equil_Fabc 36.6204 
Year 
2017 83.2979 
2018 85.7613 
2019 89.1385 
2020 92.4613 
2021 92.0527 
2022 90.6182 
2023 88.3346 
2024 85.601 
2025 82.7888 
2026 80.1576 
2027 77.8446 
2028 75.8973 
2029 74.3074 
2030 73.0438 
2031 72.0613 
2032 71.3118 
2033 70.7497 

Alternative 4 Fishing Mortality
     FLATHEAD 
Equil_Fabc 0.284074 
Year 
2017 0.0153677 
2018 0.016012 
2019 0.0184964 
2020 0.0614374 
2021 0.0614374 
2022 0.0614374 
2023 0.0614374 
2024 0.0614374 
2025 0.0614374 
2026 0.0614374 
2027 0.0614374 
2028 0.0614374 
2029 0.0614374 
2030 0.0614374 
2031 0.0614374 
2032 0.0614374 
2033 0.0614374 

Alternative 4 Biomass
     FLATHEAD 

Year 
2017 277.62 
2018 281.552 
2019 282.986 
2020 282.014 
2021 273.713 
2022 265.409 
2023 257.605 
2024 250.661 
2025 244.758 
2026 239.816 
2027 235.859 
2028 232.704 
2029 230.325 
2030 228.476 
2031 227.062 
2032 225.929 
2033 224.991 

Alternative 4 Implied SPR rate 
     FLATHEAD 
Equil_Fabc 0.4 
Year 
2017 0.922974 
2018 0.920003 
2019 0.908721 
2020 0.75 
2021 0.75 
2022 0.75 
2023 0.75 
2024 0.75 
2025 0.75 
2026 0.75 
2027 0.75 
2028 0.75 
2029 0.75 
2030 0.75 
2031 0.75 
2032 0.75 
2033 0.75 

  FLATHEAD 
EquilAvgAgeF0  5.49174 
EquilAvgAgeFabc  3.88395 
AvgAgeYr2033 4.90474 
Alternative 5 Catch
     FLATHEAD 
Equil_Fabc 16.2275 
Year 
2017 2.051 
2018 2.202 
2019 2.647 
2020  NA 
2021  NA 
2022  NA 
2023  NA 
2024  NA 
2025  NA 
2026  NA 
2027  NA 
2028  NA 
2029  NA 
2030  NA 
2031  NA 
2032  NA 
2033  NA 

Alternative 5 ABCs
     FLATHEAD 

Year 
2017  NA 
2018  NA 
2019  NA 
2020  NA 
2021  NA 
2022  NA 
2023  NA 
2024  NA 
2025  NA 
2026  NA 
2027  NA 
2028  NA 
2029  NA 
2030  NA 
2031  NA 
2032  NA 
2033  NA 

Alternative 5 TACs
     FLATHEAD 

Year 
2017  NA 
2018  NA 
2019  NA 
2020  NA 
2021  NA 
2022  NA 
2023  NA 
2024  NA 
2025  NA 
2026  NA 
2027  NA 
2028  NA 
2029  NA 
2030  NA 
2031  NA 
2032  NA 
2033  NA 

Alternative 5 Sp_Biomass
     FLATHEAD 
Equil_Fabc 36.6204 
Year 
2017 83.2979 
2018 85.7613 
2019 89.1385 
2020 92.4613 
2021 96.2494 
2022 98.7248 
2023 99.9184 
2024 100.118 
2025 99.6687 
2026 98.8723 
2027 97.9401 
2028 97.0039 
2029 96.136 
2030 95.3753 
2031 94.7331 
2032 94.2069 
2033 93.785 

Alternative 5 Fishing Mortality
     FLATHEAD 
Equil_Fabc 0.284074 
Year 
2017 0.0153677 
2018 0.016012 
2019 0.0184964 
2020  NA 
2021  NA 
2022  NA 
2023  NA 
2024  NA 
2025  NA 
2026  NA 
2027  NA 
2028  NA 
2029  NA 
2030  NA 
2031  NA 
2032  NA 
2033  NA 

Alternative 5 Biomass
     FLATHEAD 

Year 
2017 277.62 
2018 281.552 
2019 282.986 
2020 282.014 
2021 282.246 
2022 281.328 
2023 279.707 
2024 277.76 
2025 275.772 
2026 273.816 
2027 272.081 
2028 270.545 
2029 269.321 
2030 268.279 
2031 267.414 
2032 266.646 
2033 265.944 

Alternative 5 Implied SPR rate 
     FLATHEAD 
Equil_Fabc 0.4 
Year 
2017 0.922974 
2018 0.920003 
2019 0.908721 
2020 1 
2021 1 
2022 1 
2023 1 
2024 1 
2025 1 
2026 1 
2027 1 
2028 1 
2029 1 
2030 1 
2031 1 
2032 1 
2033 1 

  FLATHEAD 
EquilAvgAgeF0  5.49174 
EquilAvgAgeFabc  3.88395 
AvgAgeYr2033 5.5618 
Alternative 6 Catch
     FLATHEAD 
Equil_Fabc 16.2275 
Year 
2017 2.051 
2018 43.0093 
2019 35.4775 
2020 30.5505 
2021 26.8593 
2022 23.8451 
2023 21.44 
2024 19.6348 
2025 18.017 
2026 16.7746 
2027 16.1165 
2028 15.8437 
2029 15.776 
2030 15.7979 
2031 15.8493 
2032 15.9136 
2033 15.9695 

Alternative 6 ABCs
     FLATHEAD 

Year 
2017 41.6219 
2018 43.0093 
2019 35.4775 
2020 30.5505 
2021 26.8593 
2022 23.8451 
2023 21.44 
2024 19.6348 
2025 18.017 
2026 16.7746 
2027 16.1165 
2028 15.8437 
2029 15.776 
2030 15.7979 
2031 15.8493 
2032 15.9136 
2033 15.9695 

Alternative 6 TACs
     FLATHEAD 

Year 
2017  NA 
2018 43.0093 
2019 35.4775 
2020 30.5505 
2021 26.8593 
2022 23.8451 
2023 21.44 
2024 19.6348 
2025 18.017 
2026 16.7746 
2027 16.1165 
2028 15.8437 
2029 15.776 
2030 15.7979 
2031 15.8493 
2032 15.9136 
2033 15.9695 

Alternative 6 Sp_Biomass
     FLATHEAD 
Equil_Fabc 36.6204 
Year 
2017 83.2979 
2018 85.7613 
2019 70.4158 
2020 60.5804 
2021 53.3792 
2022 47.55 
2023 42.8417 
2024 39.2293 
2025 36.6156 
2026 34.9792 
2027 34.1274 
2028 33.749 
2029 33.6217 
2030 33.6161 
2031 33.6617 
2032 33.7228 
2033 33.7802 

Alternative 6 Fishing Mortality
     FLATHEAD 
Equil_Fabc 0.284074 
Year 
2017 0.0153677 
2018 0.355733 
2019 0.355733 
2020 0.355733 
2021 0.355733 
2022 0.355733 
2023 0.355733 
2024 0.35545 
2025 0.34697 
2026 0.335282 
2027 0.328161 
2028 0.324939 
2029 0.324005 
2030 0.324078 
2031 0.324463 
2032 0.325087 
2033 0.325661 

Alternative 6 Biomass
     FLATHEAD 

Year 
2017 277.62 
2018 281.552 
2019 244.328 
2020 217.005 
2021 196.487 
2022 181.206 
2023 170.231 
2024 162.721 
2025 157.865 
2026 155.152 
2027 154.095 
2028 153.88 
2029 154.126 
2030 154.451 
2031 154.752 
2032 154.931 
2033 154.967 

Alternative 6 Implied SPR rate 
     FLATHEAD 
Equil_Fabc 0.4 
Year 
2017 0.922974 
2018 0.35 
2019 0.35 
2020 0.35 
2021 0.35 
2022 0.35 
2023 0.35 
2024 0.350174 
2025 0.355549 
2026 0.363221 
2027 0.368024 
2028 0.370224 
2029 0.370863 
2030 0.370804 
2031 0.370526 
2032 0.370098 
2033 0.369703 

  FLATHEAD 
EquilAvgAgeF0  5.49174 
EquilAvgAgeFabc  3.88395 
AvgAgeYr2033 3.8098 
Alternative 7 Catch
     FLATHEAD 
Equil_Fabc 16.2275 
Year 
2017 2.051 
2018 35.265 
2019 30.4988 
2020 33.2509 
2021 28.6905 
2022 25.0432 
2023 22.1976 
2024 20.1119 
2025 18.4163 
2026 17.0063 
2027 16.2204 
2028 15.8806 
2029 15.7837 
2030 15.7956 
2031 15.8449 
2032 15.91 
2033 15.9673 

Alternative 7 ABCs
     FLATHEAD 

Year 
2017 41.6219 
2018 43.0093 
2019 37.231 
2020 33.2509 
2021 28.6905 
2022 25.0432 
2023 22.1976 
2024 20.1119 
2025 18.4163 
2026 17.0063 
2027 16.2204 
2028 15.8806 
2029 15.7837 
2030 15.7956 
2031 15.8449 
2032 15.91 
2033 15.9673 

Alternative 7 TACs
     FLATHEAD 

Year 
2017  NA 
2018 43.0093 
2019 37.231 
2020 33.2509 
2021 28.6905 
2022 25.0432 
2023 22.1976 
2024 20.1119 
2025 18.4163 
2026 17.0063 
2027 16.2204 
2028 15.8806 
2029 15.7837 
2030 15.7956 
2031 15.8449 
2032 15.91 
2033 15.9673 

Alternative 7 Sp_Biomass
     FLATHEAD 
Equil_Fabc 36.6204 
Year 
2017 83.2979 
2018 85.7613 
2019 73.9201 
2020 65.9374 
2021 57.0282 
2022 49.9641 
2023 44.3915 
2024 40.199 
2025 37.2052 
2026 35.2831 
2027 34.2631 
2028 33.8004 
2029 33.6357 
2030 33.6161 
2031 33.6579 
2032 33.7192 
2033 33.7778 

Alternative 7 Fishing Mortality
     FLATHEAD 
Equil_Fabc 0.284074 
Year 
2017 0.0153677 
2018 0.284074 
2019 0.284074 
2020 0.355733 
2021 0.355733 
2022 0.355733 
2023 0.355733 
2024 0.355694 
2025 0.349794 
2026 0.337502 
2027 0.329255 
2028 0.32535 
2029 0.324103 
2030 0.324066 
2031 0.324423 
2032 0.325053 
2033 0.325639 

Alternative 7 Biomass
     FLATHEAD 

Year 
2017 277.62 
2018 281.552 
2019 251.649 
2020 228.167 
2021 203.73 
2022 185.786 
2023 173.061 
2024 164.439 
2025 158.883 
2026 155.639 
2027 154.281 
2028 153.929 
2029 154.125 
2030 154.436 
2031 154.739 
2032 154.922 
2033 154.963 

Alternative 7 Implied SPR rate 
     FLATHEAD 
Equil_Fabc 0.4 
Year 
2017 0.922974 
2018 0.4 
2019 0.4 
2020 0.35 
2021 0.35 
2022 0.35 
2023 0.35 
2024 0.350024 
2025 0.353742 
2026 0.361752 
2027 0.367287 
2028 0.369946 
2029 0.370797 
2030 0.370813 
2031 0.370554 
2032 0.370122 
2033 0.369718 

  FLATHEAD 
EquilAvgAgeF0  5.49174 
EquilAvgAgeFabc  3.88395 
AvgAgeYr2033 3.80986 
