Alternative 1 Catch
     FLATHEAD 
Equil_Fabc 16.2275 
Year 
2017 2.05 
2018 2.202 
2019 2.668 
2020 1.965 
2021 39.3689 
2022 32.5767 
2023 27.2405 
2024 23.2865 
2025 20.4922 
2026 18.5873 
2027 17.3263 
2028 16.479 
2029 15.8928 
2030 15.5297 
2031 15.331 
2032 15.2406 
2033 15.2067 

Alternative 1 ABCs
     FLATHEAD 

Year 
2017 34.1452 
2018 35.2652 
2019 36.7548 
2020 38.1891 
2021 39.3689 
2022 32.5767 
2023 27.2405 
2024 23.2865 
2025 20.4922 
2026 18.5873 
2027 17.3263 
2028 16.479 
2029 15.8928 
2030 15.5297 
2031 15.331 
2032 15.2406 
2033 15.2067 

Alternative 1 TACs
     FLATHEAD 

Year 
2017  NA 
2018  NA 
2019  NA 
2020  NA 
2021 39.3689 
2022 32.5767 
2023 27.2405 
2024 23.2865 
2025 20.4922 
2026 18.5873 
2027 17.3263 
2028 16.479 
2029 15.8928 
2030 15.5297 
2031 15.331 
2032 15.2406 
2033 15.2067 

Alternative 1 Sp_Biomass
     FLATHEAD 
Equil_Fabc 36.6204 
Year 
2017 83.2979 
2018 85.7618 
2019 89.139 
2020 92.452 
2021 95.3226 
2022 79.3321 
2023 66.7225 
2024 57.2005 
2025 50.3067 
2026 45.4996 
2027 42.2552 
2028 40.127 
2029 38.782 
2030 37.9862 
2031 37.5493 
2032 37.3319 
2033 37.2402 

Alternative 1 Fishing Mortality
     FLATHEAD 
Equil_Fabc 0.284074 
Year 
2017 0.0153602 
2018 0.0160119 
2019 0.0186441 
2020 0.0131694 
2021 0.284074 
2022 0.284074 
2023 0.284074 
2024 0.284074 
2025 0.284074 
2026 0.284074 
2027 0.283998 
2028 0.28312 
2029 0.281218 
2030 0.279566 
2031 0.278535 
2032 0.278088 
2033 0.277905 

Alternative 1 Biomass
     FLATHEAD 

Year 
2017 277.62 
2018 281.553 
2019 282.986 
2020 281.994 
2021 280.364 
2022 242.489 
2023 215.12 
2024 196.04 
2025 183.179 
2026 174.681 
2027 169.274 
2028 165.89 
2029 163.959 
2030 162.911 
2031 162.412 
2032 162.156 
2033 161.978 

Alternative 1 Implied SPR rate 
     FLATHEAD 
Equil_Fabc 0.4 
Year 
2017 0.923009 
2018 0.920003 
2019 0.908059 
2020 0.93326 
2021 0.4 
2022 0.4 
2023 0.4 
2024 0.4 
2025 0.4 
2026 0.4 
2027 0.400062 
2028 0.400797 
2029 0.4024 
2030 0.403803 
2031 0.40468 
2032 0.40506 
2033 0.405214 

  FLATHEAD 
EquilAvgAgeF0  5.49174 
EquilAvgAgeFabc  3.88395 
AvgAgeYr2033 3.91568 
Alternative 2 Catch
     FLATHEAD 
Equil_Fabc 16.2275 
Year 
2017 2.05 
2018 2.202 
2019 2.668 
2020 1.965 
2021 39.3689 
2022 32.5767 
2023 27.2405 
2024 23.2865 
2025 20.4922 
2026 18.5873 
2027 17.3263 
2028 16.479 
2029 15.8928 
2030 15.5297 
2031 15.331 
2032 15.2406 
2033 15.2067 

Alternative 2 ABCs
     FLATHEAD 

Year 
2017 34.1452 
2018 35.2652 
2019 36.7548 
2020 38.1891 
2021 39.3689 
2022 32.5767 
2023 27.2405 
2024 23.2865 
2025 20.4922 
2026 18.5873 
2027 17.3263 
2028 16.479 
2029 15.8928 
2030 15.5297 
2031 15.331 
2032 15.2406 
2033 15.2067 

Alternative 2 TACs
     FLATHEAD 

Year 
2017  NA 
2018  NA 
2019  NA 
2020  NA 
2021 39.3689 
2022 32.5767 
2023 27.2405 
2024 23.2865 
2025 20.4922 
2026 18.5873 
2027 17.3263 
2028 16.479 
2029 15.8928 
2030 15.5297 
2031 15.331 
2032 15.2406 
2033 15.2067 

Alternative 2 Sp_Biomass
     FLATHEAD 
Equil_Fabc 36.6204 
Year 
2017 83.2979 
2018 85.7618 
2019 89.139 
2020 92.452 
2021 95.3226 
2022 79.3321 
2023 66.7225 
2024 57.2005 
2025 50.3067 
2026 45.4996 
2027 42.2552 
2028 40.127 
2029 38.782 
2030 37.9862 
2031 37.5493 
2032 37.3319 
2033 37.2402 

Alternative 2 Fishing Mortality
     FLATHEAD 
Equil_Fabc 0.284074 
Year 
2017 0.0153602 
2018 0.0160119 
2019 0.0186441 
2020 0.0131694 
2021 0.284074 
2022 0.284074 
2023 0.284074 
2024 0.284074 
2025 0.284074 
2026 0.284074 
2027 0.283998 
2028 0.28312 
2029 0.281218 
2030 0.279566 
2031 0.278535 
2032 0.278088 
2033 0.277905 

Alternative 2 Biomass
     FLATHEAD 

Year 
2017 277.62 
2018 281.553 
2019 282.986 
2020 281.994 
2021 280.364 
2022 242.489 
2023 215.12 
2024 196.04 
2025 183.179 
2026 174.681 
2027 169.274 
2028 165.89 
2029 163.959 
2030 162.911 
2031 162.412 
2032 162.156 
2033 161.978 

Alternative 2 Implied SPR rate 
     FLATHEAD 
Equil_Fabc 0.4 
Year 
2017 0.923009 
2018 0.920003 
2019 0.908059 
2020 0.93326 
2021 0.4 
2022 0.4 
2023 0.4 
2024 0.4 
2025 0.4 
2026 0.4 
2027 0.400062 
2028 0.400797 
2029 0.4024 
2030 0.403803 
2031 0.40468 
2032 0.40506 
2033 0.405214 

  FLATHEAD 
EquilAvgAgeF0  5.49174 
EquilAvgAgeFabc  3.88395 
AvgAgeYr2033 3.91568 
Alternative 3 Catch
     FLATHEAD 
Equil_Fabc 16.2275 
Year 
2017 2.05 
2018 2.202 
2019 2.668 
2020 1.965 
2021 2.61139 
2022 2.64288 
2023 2.63318 
2024 2.59948 
2025 2.55585 
2026 2.5104 
2027 2.46802 
2028 2.43109 
2029 2.39987 
2030 2.37424 
2031 2.35372 
2032 2.33766 
2033 2.32526 

Alternative 3 ABCs
     FLATHEAD 

Year 
2017 2.26221 
2018 2.33167 
2019 2.42875 
2020 2.52698 
2021 2.61139 
2022 2.64288 
2023 2.63318 
2024 2.59948 
2025 2.55585 
2026 2.5104 
2027 2.46802 
2028 2.43109 
2029 2.39987 
2030 2.37424 
2031 2.35372 
2032 2.33766 
2033 2.32526 

Alternative 3 TACs
     FLATHEAD 

Year 
2017  NA 
2018  NA 
2019  NA 
2020  NA 
2021 2.61139 
2022 2.64288 
2023 2.63318 
2024 2.59948 
2025 2.55585 
2026 2.5104 
2027 2.46802 
2028 2.43109 
2029 2.39987 
2030 2.37424 
2031 2.35372 
2032 2.33766 
2033 2.32526 

Alternative 3 Sp_Biomass
     FLATHEAD 
Equil_Fabc 36.6204 
Year 
2017 83.2979 
2018 85.7618 
2019 89.139 
2020 92.452 
2021 95.3226 
2022 96.6323 
2023 96.7441 
2024 95.9894 
2025 94.734 
2026 93.2778 
2027 91.8191 
2028 90.4708 
2029 89.2853 
2030 88.2827 
2031 87.4583 
2032 86.796 
2033 86.2733 

Alternative 3 Fishing Mortality
     FLATHEAD 
Equil_Fabc 0.284074 
Year 
2017 0.0153602 
2018 0.0160119 
2019 0.0186441 
2020 0.0131694 
2021 0.0169611 
2022 0.0169611 
2023 0.0169611 
2024 0.0169611 
2025 0.0169611 
2026 0.0169611 
2027 0.0169611 
2028 0.0169611 
2029 0.0169611 
2030 0.0169611 
2031 0.0169611 
2032 0.0169611 
2033 0.0169611 

Alternative 3 Biomass
     FLATHEAD 

Year 
2017 277.62 
2018 281.553 
2019 282.986 
2020 281.994 
2021 280.364 
2022 277.218 
2023 273.652 
2024 270.062 
2025 266.723 
2026 263.679 
2027 261.085 
2028 258.881 
2029 257.142 
2030 255.707 
2031 254.546 
2032 253.555 
2033 252.687 

Alternative 3 Implied SPR rate 
     FLATHEAD 
Equil_Fabc 0.4 
Year 
2017 0.923009 
2018 0.920003 
2019 0.908059 
2020 0.93326 
2021 0.91566 
2022 0.91566 
2023 0.91566 
2024 0.91566 
2025 0.91566 
2026 0.91566 
2027 0.91566 
2028 0.91566 
2029 0.91566 
2030 0.91566 
2031 0.91566 
2032 0.91566 
2033 0.91566 

  FLATHEAD 
EquilAvgAgeF0  5.49174 
EquilAvgAgeFabc  3.88395 
AvgAgeYr2033 5.35067 
Alternative 4 Catch
     FLATHEAD 
Equil_Fabc 16.2275 
Year 
2017 2.05 
2018 2.202 
2019 2.668 
2020 1.965 
2021 9.29131 
2022 9.08618 
2023 8.77517 
2024 8.42851 
2025 8.09522 
2026 7.79847 
2027 7.54813 
2028 7.34487 
2029 7.18314 
2030 7.05707 
2031 6.96066 
2032 6.88826 
2033 6.83452 

Alternative 4 ABCs
     FLATHEAD 

Year 
2017 8.05035 
2018 8.3004 
2019 8.64695 
2020 8.99467 
2021 9.29131 
2022 9.08618 
2023 8.77517 
2024 8.42851 
2025 8.09522 
2026 7.79847 
2027 7.54813 
2028 7.34487 
2029 7.18314 
2030 7.05707 
2031 6.96066 
2032 6.88826 
2033 6.83452 

Alternative 4 TACs
     FLATHEAD 

Year 
2017  NA 
2018  NA 
2019  NA 
2020  NA 
2021 9.29131 
2022 9.08618 
2023 8.77517 
2024 8.42851 
2025 8.09522 
2026 7.79847 
2027 7.54813 
2028 7.34487 
2029 7.18314 
2030 7.05707 
2031 6.96066 
2032 6.88826 
2033 6.83452 

Alternative 4 Sp_Biomass
     FLATHEAD 
Equil_Fabc 36.6204 
Year 
2017 83.2979 
2018 85.7618 
2019 89.139 
2020 92.452 
2021 95.3226 
2022 93.4663 
2023 90.7487 
2024 87.602 
2025 84.419 
2026 81.4684 
2027 78.8884 
2028 76.7224 
2029 74.9561 
2030 73.5519 
2031 72.4579 
2032 71.6206 
2033 70.9897 

Alternative 4 Fishing Mortality
     FLATHEAD 
Equil_Fabc 0.284074 
Year 
2017 0.0153602 
2018 0.0160119 
2019 0.0186441 
2020 0.0131694 
2021 0.0614374 
2022 0.0614374 
2023 0.0614374 
2024 0.0614374 
2025 0.0614374 
2026 0.0614374 
2027 0.0614374 
2028 0.0614374 
2029 0.0614374 
2030 0.0614374 
2031 0.0614374 
2032 0.0614374 
2033 0.0614374 

Alternative 4 Biomass
     FLATHEAD 

Year 
2017 277.62 
2018 281.553 
2019 282.986 
2020 281.994 
2021 280.364 
2022 270.894 
2023 262.065 
2024 254.248 
2025 247.619 
2026 242.082 
2027 237.643 
2028 234.104 
2029 231.419 
2030 229.33 
2031 227.726 
2032 226.444 
2033 225.39 

Alternative 4 Implied SPR rate 
     FLATHEAD 
Equil_Fabc 0.4 
Year 
2017 0.923009 
2018 0.920003 
2019 0.908059 
2020 0.93326 
2021 0.75 
2022 0.75 
2023 0.75 
2024 0.75 
2025 0.75 
2026 0.75 
2027 0.75 
2028 0.75 
2029 0.75 
2030 0.75 
2031 0.75 
2032 0.75 
2033 0.75 

  FLATHEAD 
EquilAvgAgeF0  5.49174 
EquilAvgAgeFabc  3.88395 
AvgAgeYr2033 4.91289 
Alternative 5 Catch
     FLATHEAD 
Equil_Fabc 16.2275 
Year 
2017 2.05 
2018 2.202 
2019 2.668 
2020 1.965 
2021  NA 
2022  NA 
2023  NA 
2024  NA 
2025  NA 
2026  NA 
2027  NA 
2028  NA 
2029  NA 
2030  NA 
2031  NA 
2032  NA 
2033  NA 

Alternative 5 ABCs
     FLATHEAD 

Year 
2017  NA 
2018  NA 
2019  NA 
2020  NA 
2021  NA 
2022  NA 
2023  NA 
2024  NA 
2025  NA 
2026  NA 
2027  NA 
2028  NA 
2029  NA 
2030  NA 
2031  NA 
2032  NA 
2033  NA 

Alternative 5 TACs
     FLATHEAD 

Year 
2017  NA 
2018  NA 
2019  NA 
2020  NA 
2021  NA 
2022  NA 
2023  NA 
2024  NA 
2025  NA 
2026  NA 
2027  NA 
2028  NA 
2029  NA 
2030  NA 
2031  NA 
2032  NA 
2033  NA 

Alternative 5 Sp_Biomass
     FLATHEAD 
Equil_Fabc 36.6204 
Year 
2017 83.2979 
2018 85.7618 
2019 89.139 
2020 92.452 
2021 95.3226 
2022 97.8723 
2023 99.1544 
2024 99.4473 
2025 99.0897 
2026 98.3784 
2027 97.5226 
2028 96.6533 
2029 95.8432 
2030 95.1316 
2031 94.531 
2032 94.0396 
2033 93.6468 

Alternative 5 Fishing Mortality
     FLATHEAD 
Equil_Fabc 0.284074 
Year 
2017 0.0153602 
2018 0.0160119 
2019 0.0186441 
2020 0.0131694 
2021  NA 
2022  NA 
2023  NA 
2024  NA 
2025  NA 
2026  NA 
2027  NA 
2028  NA 
2029  NA 
2030  NA 
2031  NA 
2032  NA 
2033  NA 

Alternative 5 Biomass
     FLATHEAD 

Year 
2017 277.62 
2018 281.553 
2019 282.986 
2020 281.994 
2021 280.364 
2022 279.692 
2023 278.3 
2024 276.56 
2025 274.757 
2026 272.962 
2027 271.366 
2028 269.949 
2029 268.826 
2030 267.869 
2031 267.075 
2032 266.366 
2033 265.714 

Alternative 5 Implied SPR rate 
     FLATHEAD 
Equil_Fabc 0.4 
Year 
2017 0.923009 
2018 0.920003 
2019 0.908059 
2020 0.93326 
2021 1 
2022 1 
2023 1 
2024 1 
2025 1 
2026 1 
2027 1 
2028 1 
2029 1 
2030 1 
2031 1 
2032 1 
2033 1 

  FLATHEAD 
EquilAvgAgeF0  5.49174 
EquilAvgAgeFabc  3.88395 
AvgAgeYr2033 5.55728 
Alternative 6 Catch
     FLATHEAD 
Equil_Fabc 16.2275 
Year 
2017 2.05 
2018 43.0096 
2019 35.4776 
2020 30.5505 
2021 26.8594 
2022 23.8452 
2023 21.44 
2024 19.6348 
2025 18.017 
2026 16.7746 
2027 16.1165 
2028 15.8437 
2029 15.776 
2030 15.7979 
2031 15.8493 
2032 15.9136 
2033 15.9695 

Alternative 6 ABCs
     FLATHEAD 

Year 
2017 41.6219 
2018 43.0096 
2019 35.4776 
2020 30.5506 
2021 26.8594 
2022 23.8452 
2023 21.44 
2024 19.6348 
2025 18.017 
2026 16.7746 
2027 16.1165 
2028 15.8437 
2029 15.776 
2030 15.7979 
2031 15.8493 
2032 15.9136 
2033 15.9695 

Alternative 6 TACs
     FLATHEAD 

Year 
2017  NA 
2018 43.0096 
2019 35.4776 
2020 30.5506 
2021 26.8594 
2022 23.8452 
2023 21.44 
2024 19.6348 
2025 18.017 
2026 16.7746 
2027 16.1165 
2028 15.8437 
2029 15.776 
2030 15.7979 
2031 15.8493 
2032 15.9136 
2033 15.9695 

Alternative 6 Sp_Biomass
     FLATHEAD 
Equil_Fabc 36.6204 
Year 
2017 83.2979 
2018 85.7618 
2019 70.4161 
2020 60.5807 
2021 53.3794 
2022 47.55 
2023 42.8418 
2024 39.2293 
2025 36.6156 
2026 34.9792 
2027 34.1274 
2028 33.749 
2029 33.6217 
2030 33.6161 
2031 33.6617 
2032 33.7228 
2033 33.7802 

Alternative 6 Fishing Mortality
     FLATHEAD 
Equil_Fabc 0.284074 
Year 
2017 0.0153602 
2018 0.355733 
2019 0.355733 
2020 0.355733 
2021 0.355733 
2022 0.355733 
2023 0.355733 
2024 0.35545 
2025 0.34697 
2026 0.335283 
2027 0.328161 
2028 0.324939 
2029 0.324005 
2030 0.324078 
2031 0.324463 
2032 0.325087 
2033 0.325661 

Alternative 6 Biomass
     FLATHEAD 

Year 
2017 277.62 
2018 281.553 
2019 244.328 
2020 217.005 
2021 196.487 
2022 181.206 
2023 170.231 
2024 162.721 
2025 157.865 
2026 155.153 
2027 154.095 
2028 153.88 
2029 154.126 
2030 154.451 
2031 154.752 
2032 154.931 
2033 154.967 

Alternative 6 Implied SPR rate 
     FLATHEAD 
Equil_Fabc 0.4 
Year 
2017 0.923009 
2018 0.35 
2019 0.35 
2020 0.35 
2021 0.35 
2022 0.35 
2023 0.35 
2024 0.350174 
2025 0.355549 
2026 0.363221 
2027 0.368024 
2028 0.370224 
2029 0.370863 
2030 0.370804 
2031 0.370526 
2032 0.370098 
2033 0.369703 

  FLATHEAD 
EquilAvgAgeF0  5.49174 
EquilAvgAgeFabc  3.88395 
AvgAgeYr2033 3.8098 
Alternative 7 Catch
     FLATHEAD 
Equil_Fabc 16.2275 
Year 
2017 2.05 
2018 35.2652 
2019 30.4989 
2020 33.251 
2021 28.6905 
2022 25.0432 
2023 22.1976 
2024 20.1119 
2025 18.4163 
2026 17.0063 
2027 16.2205 
2028 15.8806 
2029 15.7837 
2030 15.7956 
2031 15.8449 
2032 15.91 
2033 15.9673 

Alternative 7 ABCs
     FLATHEAD 

Year 
2017 41.6219 
2018 43.0096 
2019 37.2311 
2020 33.251 
2021 28.6905 
2022 25.0432 
2023 22.1976 
2024 20.1119 
2025 18.4163 
2026 17.0063 
2027 16.2205 
2028 15.8806 
2029 15.7837 
2030 15.7956 
2031 15.8449 
2032 15.91 
2033 15.9673 

Alternative 7 TACs
     FLATHEAD 

Year 
2017  NA 
2018 43.0096 
2019 37.2311 
2020 33.251 
2021 28.6905 
2022 25.0432 
2023 22.1976 
2024 20.1119 
2025 18.4163 
2026 17.0063 
2027 16.2205 
2028 15.8806 
2029 15.7837 
2030 15.7956 
2031 15.8449 
2032 15.91 
2033 15.9673 

Alternative 7 Sp_Biomass
     FLATHEAD 
Equil_Fabc 36.6204 
Year 
2017 83.2979 
2018 85.7618 
2019 73.9204 
2020 65.9377 
2021 57.0284 
2022 49.9642 
2023 44.3916 
2024 40.199 
2025 37.2052 
2026 35.2831 
2027 34.2631 
2028 33.8004 
2029 33.6357 
2030 33.6161 
2031 33.6579 
2032 33.7192 
2033 33.7778 

Alternative 7 Fishing Mortality
     FLATHEAD 
Equil_Fabc 0.284074 
Year 
2017 0.0153602 
2018 0.284074 
2019 0.284074 
2020 0.355733 
2021 0.355733 
2022 0.355733 
2023 0.355733 
2024 0.355694 
2025 0.349794 
2026 0.337502 
2027 0.329255 
2028 0.32535 
2029 0.324103 
2030 0.324066 
2031 0.324423 
2032 0.325053 
2033 0.325639 

Alternative 7 Biomass
     FLATHEAD 

Year 
2017 277.62 
2018 281.553 
2019 251.649 
2020 228.168 
2021 203.73 
2022 185.786 
2023 173.061 
2024 164.439 
2025 158.883 
2026 155.639 
2027 154.281 
2028 153.929 
2029 154.125 
2030 154.436 
2031 154.739 
2032 154.922 
2033 154.963 

Alternative 7 Implied SPR rate 
     FLATHEAD 
Equil_Fabc 0.4 
Year 
2017 0.923009 
2018 0.4 
2019 0.4 
2020 0.35 
2021 0.35 
2022 0.35 
2023 0.35 
2024 0.350024 
2025 0.353742 
2026 0.361752 
2027 0.367287 
2028 0.369946 
2029 0.370797 
2030 0.370813 
2031 0.370554 
2032 0.370122 
2033 0.369718 

  FLATHEAD 
EquilAvgAgeF0  5.49174 
EquilAvgAgeFabc  3.88395 
AvgAgeYr2033 3.80986 
