FLATHEAD 1 2017 Cabc 16.2275
FLATHEAD 1 2017 Cofl 17.6194
FLATHEAD 1 2017 CLCI 2.05
FLATHEAD 1 2017 CUCI 2.05
FLATHEAD 1 2017 CMedian 2.05
FLATHEAD 1 2017 CMean 2.05
FLATHEAD 1 2017 CStdn 3.10862e-15
FLATHEAD 1 2018 Cabc 16.2275
FLATHEAD 1 2018 Cofl 17.6194
FLATHEAD 1 2018 CLCI 2.202
FLATHEAD 1 2018 CUCI 2.202
FLATHEAD 1 2018 CMedian 2.202
FLATHEAD 1 2018 CMean 2.202
FLATHEAD 1 2018 CStdn 7.12347e-11
FLATHEAD 1 2019 Cabc 16.2275
FLATHEAD 1 2019 Cofl 17.6194
FLATHEAD 1 2019 CLCI 2.668
FLATHEAD 1 2019 CUCI 2.668
FLATHEAD 1 2019 CMedian 2.668
FLATHEAD 1 2019 CMean 2.668
FLATHEAD 1 2019 CStdn 2.30828e-10
FLATHEAD 1 2020 Cabc 16.2275
FLATHEAD 1 2020 Cofl 17.6194
FLATHEAD 1 2020 CLCI 1.965
FLATHEAD 1 2020 CUCI 1.965
FLATHEAD 1 2020 CMedian 1.965
FLATHEAD 1 2020 CMean 1.965
FLATHEAD 1 2020 CStdn 1.55135e-09
FLATHEAD 1 2021 Cabc 16.2275
FLATHEAD 1 2021 Cofl 17.6194
FLATHEAD 1 2021 CLCI 2.269
FLATHEAD 1 2021 CUCI 2.269
FLATHEAD 1 2021 CMedian 2.269
FLATHEAD 1 2021 CMean 2.269
FLATHEAD 1 2021 CStdn 5.69155e-09
FLATHEAD 1 2022 Cabc 16.2275
FLATHEAD 1 2022 Cofl 17.6194
FLATHEAD 1 2022 CLCI 2.269
FLATHEAD 1 2022 CUCI 2.269
FLATHEAD 1 2022 CMedian 2.269
FLATHEAD 1 2022 CMean 2.269
FLATHEAD 1 2022 CStdn 7.20633e-08
FLATHEAD 1 2023 Cabc 16.2275
FLATHEAD 1 2023 Cofl 17.6194
FLATHEAD 1 2023 CLCI 38.7886
FLATHEAD 1 2023 CUCI 40.8267
FLATHEAD 1 2023 CMedian 39.706
FLATHEAD 1 2023 CMean 39.7496
FLATHEAD 1 2023 CStdn 0.657048
FLATHEAD 1 2024 Cabc 16.2275
FLATHEAD 1 2024 Cofl 17.6194
FLATHEAD 1 2024 CLCI 30.5698
FLATHEAD 1 2024 CUCI 33.4495
FLATHEAD 1 2024 CMedian 31.8698
FLATHEAD 1 2024 CMean 31.9295
FLATHEAD 1 2024 CStdn 0.940258
FLATHEAD 1 2025 Cabc 16.2275
FLATHEAD 1 2025 Cofl 17.6194
FLATHEAD 1 2025 CLCI 24.6155
FLATHEAD 1 2025 CUCI 28.2345
FLATHEAD 1 2025 CMedian 26.2846
FLATHEAD 1 2025 CMean 26.3444
FLATHEAD 1 2025 CStdn 1.15255
FLATHEAD 1 2026 Cabc 16.2275
FLATHEAD 1 2026 Cofl 17.6194
FLATHEAD 1 2026 CLCI 20.5987
FLATHEAD 1 2026 CUCI 24.5917
FLATHEAD 1 2026 CMedian 22.4244
FLATHEAD 1 2026 CMean 22.496
FLATHEAD 1 2026 CStdn 1.25666
FLATHEAD 1 2027 Cabc 16.2275
FLATHEAD 1 2027 Cofl 17.6194
FLATHEAD 1 2027 CLCI 17.9573
FLATHEAD 1 2027 CUCI 22.111
FLATHEAD 1 2027 CMedian 19.8743
FLATHEAD 1 2027 CMean 19.9191
FLATHEAD 1 2027 CStdn 1.27796
FLATHEAD 1 2028 Cabc 16.2275
FLATHEAD 1 2028 Cofl 17.6194
FLATHEAD 1 2028 CLCI 16.2743
FLATHEAD 1 2028 CUCI 20.3969
FLATHEAD 1 2028 CMedian 18.1387
FLATHEAD 1 2028 CMean 18.2294
FLATHEAD 1 2028 CStdn 1.26676
FLATHEAD 1 2029 Cabc 16.2275
FLATHEAD 1 2029 Cofl 17.6194
FLATHEAD 1 2029 CLCI 15.1641
FLATHEAD 1 2029 CUCI 19.2902
FLATHEAD 1 2029 CMedian 17.0907
FLATHEAD 1 2029 CMean 17.1271
FLATHEAD 1 2029 CStdn 1.27889
FLATHEAD 1 2030 Cabc 16.2275
FLATHEAD 1 2030 Cofl 17.6194
FLATHEAD 1 2030 CLCI 14.1423
FLATHEAD 1 2030 CUCI 18.6035
FLATHEAD 1 2030 CMedian 16.336
FLATHEAD 1 2030 CMean 16.3886
FLATHEAD 1 2030 CStdn 1.34852
FLATHEAD 1 2017 SSBF100 91.5511
FLATHEAD 1 2017 SSBFabc 36.6204
FLATHEAD 1 2017 SSBFofl 32.0429
FLATHEAD 1 2017 SSBLCI 83.2979
FLATHEAD 1 2017 SSBUCI 83.2979
FLATHEAD 1 2017 SSBMedian 83.2979
FLATHEAD 1 2017 SSBMean 83.2979
FLATHEAD 1 2018 SSBF100 91.5511
FLATHEAD 1 2018 SSBFabc 36.6204
FLATHEAD 1 2018 SSBFofl 32.0429
FLATHEAD 1 2018 SSBLCI 85.7503
FLATHEAD 1 2018 SSBUCI 85.7772
FLATHEAD 1 2018 SSBMedian 85.7611
FLATHEAD 1 2018 SSBMean 85.7621
FLATHEAD 1 2019 SSBF100 91.5511
FLATHEAD 1 2019 SSBFabc 36.6204
FLATHEAD 1 2019 SSBFofl 32.0429
FLATHEAD 1 2019 SSBLCI 89.0861
FLATHEAD 1 2019 SSBUCI 89.2078
FLATHEAD 1 2019 SSBMedian 89.1362
FLATHEAD 1 2019 SSBMean 89.1405
FLATHEAD 1 2020 SSBF100 91.5511
FLATHEAD 1 2020 SSBFabc 36.6204
FLATHEAD 1 2020 SSBFofl 32.0429
FLATHEAD 1 2020 SSBLCI 92.281
FLATHEAD 1 2020 SSBUCI 92.6736
FLATHEAD 1 2020 SSBMedian 92.4473
FLATHEAD 1 2020 SSBMean 92.4575
FLATHEAD 1 2021 SSBF100 91.5511
FLATHEAD 1 2021 SSBFabc 36.6204
FLATHEAD 1 2021 SSBFofl 32.0429
FLATHEAD 1 2021 SSBLCI 94.8833
FLATHEAD 1 2021 SSBUCI 95.8918
FLATHEAD 1 2021 SSBMedian 95.3151
FLATHEAD 1 2021 SSBMean 95.3384
FLATHEAD 1 2022 SSBF100 91.5511
FLATHEAD 1 2022 SSBFabc 36.6204
FLATHEAD 1 2022 SSBFofl 32.0429
FLATHEAD 1 2022 SSBLCI 95.809
FLATHEAD 1 2022 SSBUCI 98.0534
FLATHEAD 1 2022 SSBMedian 96.7836
FLATHEAD 1 2022 SSBMean 96.8331
FLATHEAD 1 2023 SSBF100 91.5511
FLATHEAD 1 2023 SSBFabc 36.6204
FLATHEAD 1 2023 SSBFofl 32.0429
FLATHEAD 1 2023 SSBLCI 95.1857
FLATHEAD 1 2023 SSBUCI 99.4074
FLATHEAD 1 2023 SSBMedian 97.0594
FLATHEAD 1 2023 SSBMean 97.1531
FLATHEAD 1 2024 SSBF100 91.5511
FLATHEAD 1 2024 SSBFabc 36.6204
FLATHEAD 1 2024 SSBFofl 32.0429
FLATHEAD 1 2024 SSBLCI 75.518
FLATHEAD 1 2024 SSBUCI 81.7957
FLATHEAD 1 2024 SSBMedian 78.3642
FLATHEAD 1 2024 SSBMean 78.4934
FLATHEAD 1 2025 SSBF100 91.5511
FLATHEAD 1 2025 SSBFabc 36.6204
FLATHEAD 1 2025 SSBFofl 32.0429
FLATHEAD 1 2025 SSBLCI 61.0539
FLATHEAD 1 2025 SSBUCI 69.144
FLATHEAD 1 2025 SSBMedian 64.7487
FLATHEAD 1 2025 SSBMean 64.9026
FLATHEAD 1 2026 SSBF100 91.5511
FLATHEAD 1 2026 SSBFabc 36.6204
FLATHEAD 1 2026 SSBFofl 32.0429
FLATHEAD 1 2026 SSBLCI 50.9371
FLATHEAD 1 2026 SSBUCI 60.2141
FLATHEAD 1 2026 SSBMedian 55.1865
FLATHEAD 1 2026 SSBMean 55.3612
FLATHEAD 1 2027 SSBF100 91.5511
FLATHEAD 1 2027 SSBFabc 36.6204
FLATHEAD 1 2027 SSBFofl 32.0429
FLATHEAD 1 2027 SSBLCI 44.2949
FLATHEAD 1 2027 SSBUCI 53.8775
FLATHEAD 1 2027 SSBMedian 48.7403
FLATHEAD 1 2027 SSBMean 48.8574
FLATHEAD 1 2028 SSBF100 91.5511
FLATHEAD 1 2028 SSBFabc 36.6204
FLATHEAD 1 2028 SSBFofl 32.0429
FLATHEAD 1 2028 SSBLCI 39.8988
FLATHEAD 1 2028 SSBUCI 49.7553
FLATHEAD 1 2028 SSBMedian 44.2789
FLATHEAD 1 2028 SSBMean 44.5223
FLATHEAD 1 2029 SSBF100 91.5511
FLATHEAD 1 2029 SSBFabc 36.6204
FLATHEAD 1 2029 SSBFofl 32.0429
FLATHEAD 1 2029 SSBLCI 36.9705
FLATHEAD 1 2029 SSBUCI 46.9025
FLATHEAD 1 2029 SSBMedian 41.5194
FLATHEAD 1 2029 SSBMean 41.6806
FLATHEAD 1 2030 SSBF100 91.5511
FLATHEAD 1 2030 SSBFabc 36.6204
FLATHEAD 1 2030 SSBFofl 32.0429
FLATHEAD 1 2030 SSBLCI 35.3605
FLATHEAD 1 2030 SSBUCI 44.9558
FLATHEAD 1 2030 SSBMedian 39.604
FLATHEAD 1 2030 SSBMean 39.8543
FLATHEAD 1 2017 F0 0 
FLATHEAD 1 2017 Fabc 0.284074
FLATHEAD 1 2017 Fofl 0.355733
FLATHEAD 1 2017  F_LCI 0.0153602
FLATHEAD 1 2017  F_UCI 0.0153602
FLATHEAD 1 2017  F_Median 0.0153602
FLATHEAD 1 2017  F_Mean 0.0153602
FLATHEAD 1 2018 F0 0 
FLATHEAD 1 2018 Fabc 0.284074
FLATHEAD 1 2018 Fofl 0.355733
FLATHEAD 1 2018  F_LCI 0.0160094
FLATHEAD 1 2018  F_UCI 0.0160138
FLATHEAD 1 2018  F_Median 0.016012
FLATHEAD 1 2018  F_Mean 0.0160119
FLATHEAD 1 2019 F0 0 
FLATHEAD 1 2019 Fabc 0.284074
FLATHEAD 1 2019 Fofl 0.355733
FLATHEAD 1 2019  F_LCI 0.0186296
FLATHEAD 1 2019  F_UCI 0.0186552
FLATHEAD 1 2019  F_Median 0.0186447
FLATHEAD 1 2019  F_Mean 0.0186438
FLATHEAD 1 2020 F0 0 
FLATHEAD 1 2020 Fabc 0.284074
FLATHEAD 1 2020 Fofl 0.355733
FLATHEAD 1 2020  F_LCI 0.0131344
FLATHEAD 1 2020  F_UCI 0.0131963
FLATHEAD 1 2020  F_Median 0.0131701
FLATHEAD 1 2020  F_Mean 0.0131685
FLATHEAD 1 2021 F0 0 
FLATHEAD 1 2021 Fabc 0.284074
FLATHEAD 1 2021 Fofl 0.355733
FLATHEAD 1 2021  F_LCI 0.0146228
FLATHEAD 1 2021  F_UCI 0.0148023
FLATHEAD 1 2021  F_Median 0.0147256
FLATHEAD 1 2021  F_Mean 0.0147214
FLATHEAD 1 2022 F0 0 
FLATHEAD 1 2022 Fabc 0.284074
FLATHEAD 1 2022 Fofl 0.355733
FLATHEAD 1 2022  F_LCI 0.0143106
FLATHEAD 1 2022  F_UCI 0.0146923
FLATHEAD 1 2022  F_Median 0.0145239
FLATHEAD 1 2022  F_Mean 0.0145166
FLATHEAD 1 2023 F0 0 
FLATHEAD 1 2023 Fabc 0.284074
FLATHEAD 1 2023 Fofl 0.355733
FLATHEAD 1 2023  F_LCI 0.284074
FLATHEAD 1 2023  F_UCI 0.284074
FLATHEAD 1 2023  F_Median 0.284074
FLATHEAD 1 2023  F_Mean 0.284074
FLATHEAD 1 2024 F0 0 
FLATHEAD 1 2024 Fabc 0.284074
FLATHEAD 1 2024 Fofl 0.355733
FLATHEAD 1 2024  F_LCI 0.284074
FLATHEAD 1 2024  F_UCI 0.284074
FLATHEAD 1 2024  F_Median 0.284074
FLATHEAD 1 2024  F_Mean 0.284074
FLATHEAD 1 2025 F0 0 
FLATHEAD 1 2025 Fabc 0.284074
FLATHEAD 1 2025 Fofl 0.355733
FLATHEAD 1 2025  F_LCI 0.284074
FLATHEAD 1 2025  F_UCI 0.284074
FLATHEAD 1 2025  F_Median 0.284074
FLATHEAD 1 2025  F_Mean 0.284074
FLATHEAD 1 2026 F0 0 
FLATHEAD 1 2026 Fabc 0.284074
FLATHEAD 1 2026 Fofl 0.355733
FLATHEAD 1 2026  F_LCI 0.284074
FLATHEAD 1 2026  F_UCI 0.284074
FLATHEAD 1 2026  F_Median 0.284074
FLATHEAD 1 2026  F_Mean 0.284074
FLATHEAD 1 2027 F0 0 
FLATHEAD 1 2027 Fabc 0.284074
FLATHEAD 1 2027 Fofl 0.355733
FLATHEAD 1 2027  F_LCI 0.284074
FLATHEAD 1 2027  F_UCI 0.284074
FLATHEAD 1 2027  F_Median 0.284074
FLATHEAD 1 2027  F_Mean 0.284074
FLATHEAD 1 2028 F0 0 
FLATHEAD 1 2028 Fabc 0.284074
FLATHEAD 1 2028 Fofl 0.355733
FLATHEAD 1 2028  F_LCI 0.284074
FLATHEAD 1 2028  F_UCI 0.284074
FLATHEAD 1 2028  F_Median 0.284074
FLATHEAD 1 2028  F_Mean 0.284059
FLATHEAD 1 2029 F0 0 
FLATHEAD 1 2029 Fabc 0.284074
FLATHEAD 1 2029 Fofl 0.355733
FLATHEAD 1 2029  F_LCI 0.284074
FLATHEAD 1 2029  F_UCI 0.284074
FLATHEAD 1 2029  F_Median 0.284074
FLATHEAD 1 2029  F_Mean 0.283808
FLATHEAD 1 2030 F0 0 
FLATHEAD 1 2030 Fabc 0.284074
FLATHEAD 1 2030 Fofl 0.355733
FLATHEAD 1 2030  F_LCI 0.273786
FLATHEAD 1 2030  F_UCI 0.284074
FLATHEAD 1 2030  F_Median 0.284074
FLATHEAD 1 2030  F_Mean 0.282788
FLATHEAD 2 2017 Cabc 16.2275
FLATHEAD 2 2017 Cofl 17.6194
FLATHEAD 2 2017 CLCI 2.05
FLATHEAD 2 2017 CUCI 2.05
FLATHEAD 2 2017 CMedian 2.05
FLATHEAD 2 2017 CMean 2.05
FLATHEAD 2 2017 CStdn 3.10862e-15
FLATHEAD 2 2018 Cabc 16.2275
FLATHEAD 2 2018 Cofl 17.6194
FLATHEAD 2 2018 CLCI 2.202
FLATHEAD 2 2018 CUCI 2.202
FLATHEAD 2 2018 CMedian 2.202
FLATHEAD 2 2018 CMean 2.202
FLATHEAD 2 2018 CStdn 7.12347e-11
FLATHEAD 2 2019 Cabc 16.2275
FLATHEAD 2 2019 Cofl 17.6194
FLATHEAD 2 2019 CLCI 2.668
FLATHEAD 2 2019 CUCI 2.668
FLATHEAD 2 2019 CMedian 2.668
FLATHEAD 2 2019 CMean 2.668
FLATHEAD 2 2019 CStdn 2.30828e-10
FLATHEAD 2 2020 Cabc 16.2275
FLATHEAD 2 2020 Cofl 17.6194
FLATHEAD 2 2020 CLCI 1.965
FLATHEAD 2 2020 CUCI 1.965
FLATHEAD 2 2020 CMedian 1.965
FLATHEAD 2 2020 CMean 1.965
FLATHEAD 2 2020 CStdn 1.55135e-09
FLATHEAD 2 2021 Cabc 16.2275
FLATHEAD 2 2021 Cofl 17.6194
FLATHEAD 2 2021 CLCI 2.269
FLATHEAD 2 2021 CUCI 2.269
FLATHEAD 2 2021 CMedian 2.269
FLATHEAD 2 2021 CMean 2.269
FLATHEAD 2 2021 CStdn 5.69155e-09
FLATHEAD 2 2022 Cabc 16.2275
FLATHEAD 2 2022 Cofl 17.6194
FLATHEAD 2 2022 CLCI 2.269
FLATHEAD 2 2022 CUCI 2.269
FLATHEAD 2 2022 CMedian 2.269
FLATHEAD 2 2022 CMean 2.269
FLATHEAD 2 2022 CStdn 7.20633e-08
FLATHEAD 2 2023 Cabc 16.2275
FLATHEAD 2 2023 Cofl 17.6194
FLATHEAD 2 2023 CLCI 38.7886
FLATHEAD 2 2023 CUCI 40.8267
FLATHEAD 2 2023 CMedian 39.706
FLATHEAD 2 2023 CMean 39.7496
FLATHEAD 2 2023 CStdn 0.657048
FLATHEAD 2 2024 Cabc 16.2275
FLATHEAD 2 2024 Cofl 17.6194
FLATHEAD 2 2024 CLCI 30.5698
FLATHEAD 2 2024 CUCI 33.4495
FLATHEAD 2 2024 CMedian 31.8698
FLATHEAD 2 2024 CMean 31.9295
FLATHEAD 2 2024 CStdn 0.940258
FLATHEAD 2 2025 Cabc 16.2275
FLATHEAD 2 2025 Cofl 17.6194
FLATHEAD 2 2025 CLCI 24.6155
FLATHEAD 2 2025 CUCI 28.2345
FLATHEAD 2 2025 CMedian 26.2846
FLATHEAD 2 2025 CMean 26.3444
FLATHEAD 2 2025 CStdn 1.15255
FLATHEAD 2 2026 Cabc 16.2275
FLATHEAD 2 2026 Cofl 17.6194
FLATHEAD 2 2026 CLCI 20.5987
FLATHEAD 2 2026 CUCI 24.5917
FLATHEAD 2 2026 CMedian 22.4244
FLATHEAD 2 2026 CMean 22.496
FLATHEAD 2 2026 CStdn 1.25666
FLATHEAD 2 2027 Cabc 16.2275
FLATHEAD 2 2027 Cofl 17.6194
FLATHEAD 2 2027 CLCI 17.9573
FLATHEAD 2 2027 CUCI 22.111
FLATHEAD 2 2027 CMedian 19.8743
FLATHEAD 2 2027 CMean 19.9191
FLATHEAD 2 2027 CStdn 1.27796
FLATHEAD 2 2028 Cabc 16.2275
FLATHEAD 2 2028 Cofl 17.6194
FLATHEAD 2 2028 CLCI 16.2743
FLATHEAD 2 2028 CUCI 20.3969
FLATHEAD 2 2028 CMedian 18.1387
FLATHEAD 2 2028 CMean 18.2294
FLATHEAD 2 2028 CStdn 1.26676
FLATHEAD 2 2029 Cabc 16.2275
FLATHEAD 2 2029 Cofl 17.6194
FLATHEAD 2 2029 CLCI 15.1641
FLATHEAD 2 2029 CUCI 19.2902
FLATHEAD 2 2029 CMedian 17.0907
FLATHEAD 2 2029 CMean 17.1271
FLATHEAD 2 2029 CStdn 1.27889
FLATHEAD 2 2030 Cabc 16.2275
FLATHEAD 2 2030 Cofl 17.6194
FLATHEAD 2 2030 CLCI 14.1423
FLATHEAD 2 2030 CUCI 18.6035
FLATHEAD 2 2030 CMedian 16.336
FLATHEAD 2 2030 CMean 16.3886
FLATHEAD 2 2030 CStdn 1.34852
FLATHEAD 2 2017 SSBF100 91.5511
FLATHEAD 2 2017 SSBFabc 36.6204
FLATHEAD 2 2017 SSBFofl 32.0429
FLATHEAD 2 2017 SSBLCI 83.2979
FLATHEAD 2 2017 SSBUCI 83.2979
FLATHEAD 2 2017 SSBMedian 83.2979
FLATHEAD 2 2017 SSBMean 83.2979
FLATHEAD 2 2018 SSBF100 91.5511
FLATHEAD 2 2018 SSBFabc 36.6204
FLATHEAD 2 2018 SSBFofl 32.0429
FLATHEAD 2 2018 SSBLCI 85.7503
FLATHEAD 2 2018 SSBUCI 85.7772
FLATHEAD 2 2018 SSBMedian 85.7611
FLATHEAD 2 2018 SSBMean 85.7621
FLATHEAD 2 2019 SSBF100 91.5511
FLATHEAD 2 2019 SSBFabc 36.6204
FLATHEAD 2 2019 SSBFofl 32.0429
FLATHEAD 2 2019 SSBLCI 89.0861
FLATHEAD 2 2019 SSBUCI 89.2078
FLATHEAD 2 2019 SSBMedian 89.1362
FLATHEAD 2 2019 SSBMean 89.1405
FLATHEAD 2 2020 SSBF100 91.5511
FLATHEAD 2 2020 SSBFabc 36.6204
FLATHEAD 2 2020 SSBFofl 32.0429
FLATHEAD 2 2020 SSBLCI 92.281
FLATHEAD 2 2020 SSBUCI 92.6736
FLATHEAD 2 2020 SSBMedian 92.4473
FLATHEAD 2 2020 SSBMean 92.4575
FLATHEAD 2 2021 SSBF100 91.5511
FLATHEAD 2 2021 SSBFabc 36.6204
FLATHEAD 2 2021 SSBFofl 32.0429
FLATHEAD 2 2021 SSBLCI 94.8833
FLATHEAD 2 2021 SSBUCI 95.8918
FLATHEAD 2 2021 SSBMedian 95.3151
FLATHEAD 2 2021 SSBMean 95.3384
FLATHEAD 2 2022 SSBF100 91.5511
FLATHEAD 2 2022 SSBFabc 36.6204
FLATHEAD 2 2022 SSBFofl 32.0429
FLATHEAD 2 2022 SSBLCI 95.809
FLATHEAD 2 2022 SSBUCI 98.0534
FLATHEAD 2 2022 SSBMedian 96.7836
FLATHEAD 2 2022 SSBMean 96.8331
FLATHEAD 2 2023 SSBF100 91.5511
FLATHEAD 2 2023 SSBFabc 36.6204
FLATHEAD 2 2023 SSBFofl 32.0429
FLATHEAD 2 2023 SSBLCI 95.1857
FLATHEAD 2 2023 SSBUCI 99.4074
FLATHEAD 2 2023 SSBMedian 97.0594
FLATHEAD 2 2023 SSBMean 97.1531
FLATHEAD 2 2024 SSBF100 91.5511
FLATHEAD 2 2024 SSBFabc 36.6204
FLATHEAD 2 2024 SSBFofl 32.0429
FLATHEAD 2 2024 SSBLCI 75.518
FLATHEAD 2 2024 SSBUCI 81.7957
FLATHEAD 2 2024 SSBMedian 78.3642
FLATHEAD 2 2024 SSBMean 78.4934
FLATHEAD 2 2025 SSBF100 91.5511
FLATHEAD 2 2025 SSBFabc 36.6204
FLATHEAD 2 2025 SSBFofl 32.0429
FLATHEAD 2 2025 SSBLCI 61.0539
FLATHEAD 2 2025 SSBUCI 69.144
FLATHEAD 2 2025 SSBMedian 64.7487
FLATHEAD 2 2025 SSBMean 64.9026
FLATHEAD 2 2026 SSBF100 91.5511
FLATHEAD 2 2026 SSBFabc 36.6204
FLATHEAD 2 2026 SSBFofl 32.0429
FLATHEAD 2 2026 SSBLCI 50.9371
FLATHEAD 2 2026 SSBUCI 60.2141
FLATHEAD 2 2026 SSBMedian 55.1865
FLATHEAD 2 2026 SSBMean 55.3612
FLATHEAD 2 2027 SSBF100 91.5511
FLATHEAD 2 2027 SSBFabc 36.6204
FLATHEAD 2 2027 SSBFofl 32.0429
FLATHEAD 2 2027 SSBLCI 44.2949
FLATHEAD 2 2027 SSBUCI 53.8775
FLATHEAD 2 2027 SSBMedian 48.7403
FLATHEAD 2 2027 SSBMean 48.8574
FLATHEAD 2 2028 SSBF100 91.5511
FLATHEAD 2 2028 SSBFabc 36.6204
FLATHEAD 2 2028 SSBFofl 32.0429
FLATHEAD 2 2028 SSBLCI 39.8988
FLATHEAD 2 2028 SSBUCI 49.7553
FLATHEAD 2 2028 SSBMedian 44.2789
FLATHEAD 2 2028 SSBMean 44.5223
FLATHEAD 2 2029 SSBF100 91.5511
FLATHEAD 2 2029 SSBFabc 36.6204
FLATHEAD 2 2029 SSBFofl 32.0429
FLATHEAD 2 2029 SSBLCI 36.9705
FLATHEAD 2 2029 SSBUCI 46.9025
FLATHEAD 2 2029 SSBMedian 41.5194
FLATHEAD 2 2029 SSBMean 41.6806
FLATHEAD 2 2030 SSBF100 91.5511
FLATHEAD 2 2030 SSBFabc 36.6204
FLATHEAD 2 2030 SSBFofl 32.0429
FLATHEAD 2 2030 SSBLCI 35.3605
FLATHEAD 2 2030 SSBUCI 44.9558
FLATHEAD 2 2030 SSBMedian 39.604
FLATHEAD 2 2030 SSBMean 39.8543
FLATHEAD 2 2017 F0 0 
FLATHEAD 2 2017 Fabc 0.284074
FLATHEAD 2 2017 Fofl 0.355733
FLATHEAD 2 2017  F_LCI 0.0153602
FLATHEAD 2 2017  F_UCI 0.0153602
FLATHEAD 2 2017  F_Median 0.0153602
FLATHEAD 2 2017  F_Mean 0.0153602
FLATHEAD 2 2018 F0 0 
FLATHEAD 2 2018 Fabc 0.284074
FLATHEAD 2 2018 Fofl 0.355733
FLATHEAD 2 2018  F_LCI 0.0160094
FLATHEAD 2 2018  F_UCI 0.0160138
FLATHEAD 2 2018  F_Median 0.016012
FLATHEAD 2 2018  F_Mean 0.0160119
FLATHEAD 2 2019 F0 0 
FLATHEAD 2 2019 Fabc 0.284074
FLATHEAD 2 2019 Fofl 0.355733
FLATHEAD 2 2019  F_LCI 0.0186296
FLATHEAD 2 2019  F_UCI 0.0186552
FLATHEAD 2 2019  F_Median 0.0186447
FLATHEAD 2 2019  F_Mean 0.0186438
FLATHEAD 2 2020 F0 0 
FLATHEAD 2 2020 Fabc 0.284074
FLATHEAD 2 2020 Fofl 0.355733
FLATHEAD 2 2020  F_LCI 0.0131344
FLATHEAD 2 2020  F_UCI 0.0131963
FLATHEAD 2 2020  F_Median 0.0131701
FLATHEAD 2 2020  F_Mean 0.0131685
FLATHEAD 2 2021 F0 0 
FLATHEAD 2 2021 Fabc 0.284074
FLATHEAD 2 2021 Fofl 0.355733
FLATHEAD 2 2021  F_LCI 0.0146228
FLATHEAD 2 2021  F_UCI 0.0148023
FLATHEAD 2 2021  F_Median 0.0147256
FLATHEAD 2 2021  F_Mean 0.0147214
FLATHEAD 2 2022 F0 0 
FLATHEAD 2 2022 Fabc 0.284074
FLATHEAD 2 2022 Fofl 0.355733
FLATHEAD 2 2022  F_LCI 0.0143106
FLATHEAD 2 2022  F_UCI 0.0146923
FLATHEAD 2 2022  F_Median 0.0145239
FLATHEAD 2 2022  F_Mean 0.0145166
FLATHEAD 2 2023 F0 0 
FLATHEAD 2 2023 Fabc 0.284074
FLATHEAD 2 2023 Fofl 0.355733
FLATHEAD 2 2023  F_LCI 0.284074
FLATHEAD 2 2023  F_UCI 0.284074
FLATHEAD 2 2023  F_Median 0.284074
FLATHEAD 2 2023  F_Mean 0.284074
FLATHEAD 2 2024 F0 0 
FLATHEAD 2 2024 Fabc 0.284074
FLATHEAD 2 2024 Fofl 0.355733
FLATHEAD 2 2024  F_LCI 0.284074
FLATHEAD 2 2024  F_UCI 0.284074
FLATHEAD 2 2024  F_Median 0.284074
FLATHEAD 2 2024  F_Mean 0.284074
FLATHEAD 2 2025 F0 0 
FLATHEAD 2 2025 Fabc 0.284074
FLATHEAD 2 2025 Fofl 0.355733
FLATHEAD 2 2025  F_LCI 0.284074
FLATHEAD 2 2025  F_UCI 0.284074
FLATHEAD 2 2025  F_Median 0.284074
FLATHEAD 2 2025  F_Mean 0.284074
FLATHEAD 2 2026 F0 0 
FLATHEAD 2 2026 Fabc 0.284074
FLATHEAD 2 2026 Fofl 0.355733
FLATHEAD 2 2026  F_LCI 0.284074
FLATHEAD 2 2026  F_UCI 0.284074
FLATHEAD 2 2026  F_Median 0.284074
FLATHEAD 2 2026  F_Mean 0.284074
FLATHEAD 2 2027 F0 0 
FLATHEAD 2 2027 Fabc 0.284074
FLATHEAD 2 2027 Fofl 0.355733
FLATHEAD 2 2027  F_LCI 0.284074
FLATHEAD 2 2027  F_UCI 0.284074
FLATHEAD 2 2027  F_Median 0.284074
FLATHEAD 2 2027  F_Mean 0.284074
FLATHEAD 2 2028 F0 0 
FLATHEAD 2 2028 Fabc 0.284074
FLATHEAD 2 2028 Fofl 0.355733
FLATHEAD 2 2028  F_LCI 0.284074
FLATHEAD 2 2028  F_UCI 0.284074
FLATHEAD 2 2028  F_Median 0.284074
FLATHEAD 2 2028  F_Mean 0.284059
FLATHEAD 2 2029 F0 0 
FLATHEAD 2 2029 Fabc 0.284074
FLATHEAD 2 2029 Fofl 0.355733
FLATHEAD 2 2029  F_LCI 0.284074
FLATHEAD 2 2029  F_UCI 0.284074
FLATHEAD 2 2029  F_Median 0.284074
FLATHEAD 2 2029  F_Mean 0.283808
FLATHEAD 2 2030 F0 0 
FLATHEAD 2 2030 Fabc 0.284074
FLATHEAD 2 2030 Fofl 0.355733
FLATHEAD 2 2030  F_LCI 0.273786
FLATHEAD 2 2030  F_UCI 0.284074
FLATHEAD 2 2030  F_Median 0.284074
FLATHEAD 2 2030  F_Mean 0.282788
FLATHEAD 3 2017 Cabc 16.2275
FLATHEAD 3 2017 Cofl 17.6194
FLATHEAD 3 2017 CLCI 2.05
FLATHEAD 3 2017 CUCI 2.05
FLATHEAD 3 2017 CMedian 2.05
FLATHEAD 3 2017 CMean 2.05
FLATHEAD 3 2017 CStdn 3.10862e-15
FLATHEAD 3 2018 Cabc 16.2275
FLATHEAD 3 2018 Cofl 17.6194
FLATHEAD 3 2018 CLCI 2.202
FLATHEAD 3 2018 CUCI 2.202
FLATHEAD 3 2018 CMedian 2.202
FLATHEAD 3 2018 CMean 2.202
FLATHEAD 3 2018 CStdn 7.12347e-11
FLATHEAD 3 2019 Cabc 16.2275
FLATHEAD 3 2019 Cofl 17.6194
FLATHEAD 3 2019 CLCI 2.668
FLATHEAD 3 2019 CUCI 2.668
FLATHEAD 3 2019 CMedian 2.668
FLATHEAD 3 2019 CMean 2.668
FLATHEAD 3 2019 CStdn 2.30828e-10
FLATHEAD 3 2020 Cabc 16.2275
FLATHEAD 3 2020 Cofl 17.6194
FLATHEAD 3 2020 CLCI 1.965
FLATHEAD 3 2020 CUCI 1.965
FLATHEAD 3 2020 CMedian 1.965
FLATHEAD 3 2020 CMean 1.965
FLATHEAD 3 2020 CStdn 1.55135e-09
FLATHEAD 3 2021 Cabc 16.2275
FLATHEAD 3 2021 Cofl 17.6194
FLATHEAD 3 2021 CLCI 2.269
FLATHEAD 3 2021 CUCI 2.269
FLATHEAD 3 2021 CMedian 2.269
FLATHEAD 3 2021 CMean 2.269
FLATHEAD 3 2021 CStdn 5.69155e-09
FLATHEAD 3 2022 Cabc 16.2275
FLATHEAD 3 2022 Cofl 17.6194
FLATHEAD 3 2022 CLCI 2.269
FLATHEAD 3 2022 CUCI 2.269
FLATHEAD 3 2022 CMedian 2.269
FLATHEAD 3 2022 CMean 2.269
FLATHEAD 3 2022 CStdn 7.20633e-08
FLATHEAD 3 2023 Cabc 16.2275
FLATHEAD 3 2023 Cofl 17.6194
FLATHEAD 3 2023 CLCI 2.58497
FLATHEAD 3 2023 CUCI 2.71218
FLATHEAD 3 2023 CMedian 2.64185
FLATHEAD 3 2023 CMean 2.64472
FLATHEAD 3 2023 CStdn 0.0408764
FLATHEAD 3 2024 Cabc 16.2275
FLATHEAD 3 2024 Cofl 17.6194
FLATHEAD 3 2024 CLCI 2.51824
FLATHEAD 3 2024 CUCI 2.71583
FLATHEAD 3 2024 CMedian 2.60749
FLATHEAD 3 2024 CMean 2.61179
FLATHEAD 3 2024 CStdn 0.0643732
FLATHEAD 3 2025 Cabc 16.2275
FLATHEAD 3 2025 Cofl 17.6194
FLATHEAD 3 2025 CLCI 2.43802
FLATHEAD 3 2025 CUCI 2.71575
FLATHEAD 3 2025 CMedian 2.56586
FLATHEAD 3 2025 CMean 2.56951
FLATHEAD 3 2025 CStdn 0.0887331
FLATHEAD 3 2026 Cabc 16.2275
FLATHEAD 3 2026 Cofl 17.6194
FLATHEAD 3 2026 CLCI 2.36253
FLATHEAD 3 2026 CUCI 2.70442
FLATHEAD 3 2026 CMedian 2.52093
FLATHEAD 3 2026 CMean 2.52574
FLATHEAD 3 2026 CStdn 0.109164
FLATHEAD 3 2027 Cabc 16.2275
FLATHEAD 3 2027 Cofl 17.6194
FLATHEAD 3 2027 CLCI 2.29936
FLATHEAD 3 2027 CUCI 2.6877
FLATHEAD 3 2027 CMedian 2.47835
FLATHEAD 3 2027 CMean 2.48494
FLATHEAD 3 2027 CStdn 0.122899
FLATHEAD 3 2028 Cabc 16.2275
FLATHEAD 3 2028 Cofl 17.6194
FLATHEAD 3 2028 CLCI 2.24726
FLATHEAD 3 2028 CUCI 2.67179
FLATHEAD 3 2028 CMedian 2.44125
FLATHEAD 3 2028 CMean 2.44907
FLATHEAD 3 2028 CStdn 0.130815
FLATHEAD 3 2029 Cabc 16.2275
FLATHEAD 3 2029 Cofl 17.6194
FLATHEAD 3 2029 CLCI 2.21205
FLATHEAD 3 2029 CUCI 2.64618
FLATHEAD 3 2029 CMedian 2.4074
FLATHEAD 3 2029 CMean 2.41813
FLATHEAD 3 2029 CStdn 0.135322
FLATHEAD 3 2030 Cabc 16.2275
FLATHEAD 3 2030 Cofl 17.6194
FLATHEAD 3 2030 CLCI 2.17836
FLATHEAD 3 2030 CUCI 2.62434
FLATHEAD 3 2030 CMedian 2.38525
FLATHEAD 3 2030 CMean 2.39193
FLATHEAD 3 2030 CStdn 0.138109
FLATHEAD 3 2017 SSBF100 91.5511
FLATHEAD 3 2017 SSBFabc 36.6204
FLATHEAD 3 2017 SSBFofl 32.0429
FLATHEAD 3 2017 SSBLCI 83.2979
FLATHEAD 3 2017 SSBUCI 83.2979
FLATHEAD 3 2017 SSBMedian 83.2979
FLATHEAD 3 2017 SSBMean 83.2979
FLATHEAD 3 2018 SSBF100 91.5511
FLATHEAD 3 2018 SSBFabc 36.6204
FLATHEAD 3 2018 SSBFofl 32.0429
FLATHEAD 3 2018 SSBLCI 85.7503
FLATHEAD 3 2018 SSBUCI 85.7772
FLATHEAD 3 2018 SSBMedian 85.7611
FLATHEAD 3 2018 SSBMean 85.7621
FLATHEAD 3 2019 SSBF100 91.5511
FLATHEAD 3 2019 SSBFabc 36.6204
FLATHEAD 3 2019 SSBFofl 32.0429
FLATHEAD 3 2019 SSBLCI 89.0861
FLATHEAD 3 2019 SSBUCI 89.2078
FLATHEAD 3 2019 SSBMedian 89.1362
FLATHEAD 3 2019 SSBMean 89.1405
FLATHEAD 3 2020 SSBF100 91.5511
FLATHEAD 3 2020 SSBFabc 36.6204
FLATHEAD 3 2020 SSBFofl 32.0429
FLATHEAD 3 2020 SSBLCI 92.281
FLATHEAD 3 2020 SSBUCI 92.6736
FLATHEAD 3 2020 SSBMedian 92.4473
FLATHEAD 3 2020 SSBMean 92.4575
FLATHEAD 3 2021 SSBF100 91.5511
FLATHEAD 3 2021 SSBFabc 36.6204
FLATHEAD 3 2021 SSBFofl 32.0429
FLATHEAD 3 2021 SSBLCI 94.8833
FLATHEAD 3 2021 SSBUCI 95.8918
FLATHEAD 3 2021 SSBMedian 95.3151
FLATHEAD 3 2021 SSBMean 95.3384
FLATHEAD 3 2022 SSBF100 91.5511
FLATHEAD 3 2022 SSBFabc 36.6204
FLATHEAD 3 2022 SSBFofl 32.0429
FLATHEAD 3 2022 SSBLCI 95.809
FLATHEAD 3 2022 SSBUCI 98.0534
FLATHEAD 3 2022 SSBMedian 96.7836
FLATHEAD 3 2022 SSBMean 96.8331
FLATHEAD 3 2023 SSBF100 91.5511
FLATHEAD 3 2023 SSBFabc 36.6204
FLATHEAD 3 2023 SSBFofl 32.0429
FLATHEAD 3 2023 SSBLCI 95.1857
FLATHEAD 3 2023 SSBUCI 99.4074
FLATHEAD 3 2023 SSBMedian 97.0594
FLATHEAD 3 2023 SSBMean 97.1531
FLATHEAD 3 2024 SSBF100 91.5511
FLATHEAD 3 2024 SSBFabc 36.6204
FLATHEAD 3 2024 SSBFofl 32.0429
FLATHEAD 3 2024 SSBLCI 93.278
FLATHEAD 3 2024 SSBUCI 99.9547
FLATHEAD 3 2024 SSBMedian 96.2661
FLATHEAD 3 2024 SSBMean 96.4254
FLATHEAD 3 2025 SSBF100 91.5511
FLATHEAD 3 2025 SSBFabc 36.6204
FLATHEAD 3 2025 SSBFofl 32.0429
FLATHEAD 3 2025 SSBLCI 90.7881
FLATHEAD 3 2025 SSBUCI 100.156
FLATHEAD 3 2025 SSBMedian 95.0832
FLATHEAD 3 2025 SSBMean 95.2156
FLATHEAD 3 2026 SSBF100 91.5511
FLATHEAD 3 2026 SSBFabc 36.6204
FLATHEAD 3 2026 SSBFofl 32.0429
FLATHEAD 3 2026 SSBLCI 88.2322
FLATHEAD 3 2026 SSBUCI 99.9087
FLATHEAD 3 2026 SSBMedian 93.6555
FLATHEAD 3 2026 SSBMean 93.8174
FLATHEAD 3 2027 SSBF100 91.5511
FLATHEAD 3 2027 SSBFabc 36.6204
FLATHEAD 3 2027 SSBFofl 32.0429
FLATHEAD 3 2027 SSBLCI 86.0567
FLATHEAD 3 2027 SSBUCI 99.43
FLATHEAD 3 2027 SSBMedian 92.1837
FLATHEAD 3 2027 SSBMean 92.4151
FLATHEAD 3 2028 SSBF100 91.5511
FLATHEAD 3 2028 SSBFabc 36.6204
FLATHEAD 3 2028 SSBFofl 32.0429
FLATHEAD 3 2028 SSBLCI 84.0806
FLATHEAD 3 2028 SSBUCI 98.8223
FLATHEAD 3 2028 SSBMedian 90.8562
FLATHEAD 3 2028 SSBMean 91.107
FLATHEAD 3 2029 SSBF100 91.5511
FLATHEAD 3 2029 SSBFabc 36.6204
FLATHEAD 3 2029 SSBFofl 32.0429
FLATHEAD 3 2029 SSBLCI 82.6667
FLATHEAD 3 2029 SSBUCI 97.9641
FLATHEAD 3 2029 SSBMedian 89.5703
FLATHEAD 3 2029 SSBMean 89.9359
FLATHEAD 3 2030 SSBF100 91.5511
FLATHEAD 3 2030 SSBFabc 36.6204
FLATHEAD 3 2030 SSBFofl 32.0429
FLATHEAD 3 2030 SSBLCI 81.3727
FLATHEAD 3 2030 SSBUCI 97.2161
FLATHEAD 3 2030 SSBMedian 88.6804
FLATHEAD 3 2030 SSBMean 88.9217
FLATHEAD 3 2017 F0 0 
FLATHEAD 3 2017 Fabc 0.284074
FLATHEAD 3 2017 Fofl 0.355733
FLATHEAD 3 2017  F_LCI 0.0153602
FLATHEAD 3 2017  F_UCI 0.0153602
FLATHEAD 3 2017  F_Median 0.0153602
FLATHEAD 3 2017  F_Mean 0.0153602
FLATHEAD 3 2018 F0 0 
FLATHEAD 3 2018 Fabc 0.284074
FLATHEAD 3 2018 Fofl 0.355733
FLATHEAD 3 2018  F_LCI 0.0160094
FLATHEAD 3 2018  F_UCI 0.0160138
FLATHEAD 3 2018  F_Median 0.016012
FLATHEAD 3 2018  F_Mean 0.0160119
FLATHEAD 3 2019 F0 0 
FLATHEAD 3 2019 Fabc 0.284074
FLATHEAD 3 2019 Fofl 0.355733
FLATHEAD 3 2019  F_LCI 0.0186296
FLATHEAD 3 2019  F_UCI 0.0186552
FLATHEAD 3 2019  F_Median 0.0186447
FLATHEAD 3 2019  F_Mean 0.0186438
FLATHEAD 3 2020 F0 0 
FLATHEAD 3 2020 Fabc 0.284074
FLATHEAD 3 2020 Fofl 0.355733
FLATHEAD 3 2020  F_LCI 0.0131344
FLATHEAD 3 2020  F_UCI 0.0131963
FLATHEAD 3 2020  F_Median 0.0131701
FLATHEAD 3 2020  F_Mean 0.0131685
FLATHEAD 3 2021 F0 0 
FLATHEAD 3 2021 Fabc 0.284074
FLATHEAD 3 2021 Fofl 0.355733
FLATHEAD 3 2021  F_LCI 0.0146228
FLATHEAD 3 2021  F_UCI 0.0148023
FLATHEAD 3 2021  F_Median 0.0147256
FLATHEAD 3 2021  F_Mean 0.0147214
FLATHEAD 3 2022 F0 0 
FLATHEAD 3 2022 Fabc 0.284074
FLATHEAD 3 2022 Fofl 0.355733
FLATHEAD 3 2022  F_LCI 0.0143106
FLATHEAD 3 2022  F_UCI 0.0146923
FLATHEAD 3 2022  F_Median 0.0145239
FLATHEAD 3 2022  F_Mean 0.0145166
FLATHEAD 3 2023 F0 0 
FLATHEAD 3 2023 Fabc 0.284074
FLATHEAD 3 2023 Fofl 0.355733
FLATHEAD 3 2023  F_LCI 0.0169611
FLATHEAD 3 2023  F_UCI 0.0169611
FLATHEAD 3 2023  F_Median 0.0169611
FLATHEAD 3 2023  F_Mean 0.0169611
FLATHEAD 3 2024 F0 0 
FLATHEAD 3 2024 Fabc 0.284074
FLATHEAD 3 2024 Fofl 0.355733
FLATHEAD 3 2024  F_LCI 0.0169611
FLATHEAD 3 2024  F_UCI 0.0169611
FLATHEAD 3 2024  F_Median 0.0169611
FLATHEAD 3 2024  F_Mean 0.0169611
FLATHEAD 3 2025 F0 0 
FLATHEAD 3 2025 Fabc 0.284074
FLATHEAD 3 2025 Fofl 0.355733
FLATHEAD 3 2025  F_LCI 0.0169611
FLATHEAD 3 2025  F_UCI 0.0169611
FLATHEAD 3 2025  F_Median 0.0169611
FLATHEAD 3 2025  F_Mean 0.0169611
FLATHEAD 3 2026 F0 0 
FLATHEAD 3 2026 Fabc 0.284074
FLATHEAD 3 2026 Fofl 0.355733
FLATHEAD 3 2026  F_LCI 0.0169611
FLATHEAD 3 2026  F_UCI 0.0169611
FLATHEAD 3 2026  F_Median 0.0169611
FLATHEAD 3 2026  F_Mean 0.0169611
FLATHEAD 3 2027 F0 0 
FLATHEAD 3 2027 Fabc 0.284074
FLATHEAD 3 2027 Fofl 0.355733
FLATHEAD 3 2027  F_LCI 0.0169611
FLATHEAD 3 2027  F_UCI 0.0169611
FLATHEAD 3 2027  F_Median 0.0169611
FLATHEAD 3 2027  F_Mean 0.0169611
FLATHEAD 3 2028 F0 0 
FLATHEAD 3 2028 Fabc 0.284074
FLATHEAD 3 2028 Fofl 0.355733
FLATHEAD 3 2028  F_LCI 0.0169611
FLATHEAD 3 2028  F_UCI 0.0169611
FLATHEAD 3 2028  F_Median 0.0169611
FLATHEAD 3 2028  F_Mean 0.0169611
FLATHEAD 3 2029 F0 0 
FLATHEAD 3 2029 Fabc 0.284074
FLATHEAD 3 2029 Fofl 0.355733
FLATHEAD 3 2029  F_LCI 0.0169611
FLATHEAD 3 2029  F_UCI 0.0169611
FLATHEAD 3 2029  F_Median 0.0169611
FLATHEAD 3 2029  F_Mean 0.0169611
FLATHEAD 3 2030 F0 0 
FLATHEAD 3 2030 Fabc 0.284074
FLATHEAD 3 2030 Fofl 0.355733
FLATHEAD 3 2030  F_LCI 0.0169611
FLATHEAD 3 2030  F_UCI 0.0169611
FLATHEAD 3 2030  F_Median 0.0169611
FLATHEAD 3 2030  F_Mean 0.0169611
FLATHEAD 4 2017 Cabc 16.2275
FLATHEAD 4 2017 Cofl 17.6194
FLATHEAD 4 2017 CLCI 2.05
FLATHEAD 4 2017 CUCI 2.05
FLATHEAD 4 2017 CMedian 2.05
FLATHEAD 4 2017 CMean 2.05
FLATHEAD 4 2017 CStdn 3.10862e-15
FLATHEAD 4 2018 Cabc 16.2275
FLATHEAD 4 2018 Cofl 17.6194
FLATHEAD 4 2018 CLCI 2.202
FLATHEAD 4 2018 CUCI 2.202
FLATHEAD 4 2018 CMedian 2.202
FLATHEAD 4 2018 CMean 2.202
FLATHEAD 4 2018 CStdn 7.12347e-11
FLATHEAD 4 2019 Cabc 16.2275
FLATHEAD 4 2019 Cofl 17.6194
FLATHEAD 4 2019 CLCI 2.668
FLATHEAD 4 2019 CUCI 2.668
FLATHEAD 4 2019 CMedian 2.668
FLATHEAD 4 2019 CMean 2.668
FLATHEAD 4 2019 CStdn 2.30828e-10
FLATHEAD 4 2020 Cabc 16.2275
FLATHEAD 4 2020 Cofl 17.6194
FLATHEAD 4 2020 CLCI 1.965
FLATHEAD 4 2020 CUCI 1.965
FLATHEAD 4 2020 CMedian 1.965
FLATHEAD 4 2020 CMean 1.965
FLATHEAD 4 2020 CStdn 1.55135e-09
FLATHEAD 4 2021 Cabc 16.2275
FLATHEAD 4 2021 Cofl 17.6194
FLATHEAD 4 2021 CLCI 2.269
FLATHEAD 4 2021 CUCI 2.269
FLATHEAD 4 2021 CMedian 2.269
FLATHEAD 4 2021 CMean 2.269
FLATHEAD 4 2021 CStdn 5.69155e-09
FLATHEAD 4 2022 Cabc 16.2275
FLATHEAD 4 2022 Cofl 17.6194
FLATHEAD 4 2022 CLCI 2.269
FLATHEAD 4 2022 CUCI 2.269
FLATHEAD 4 2022 CMedian 2.269
FLATHEAD 4 2022 CMean 2.269
FLATHEAD 4 2022 CStdn 7.20633e-08
FLATHEAD 4 2023 Cabc 16.2275
FLATHEAD 4 2023 Cofl 17.6194
FLATHEAD 4 2023 CLCI 9.19002
FLATHEAD 4 2023 CUCI 9.64737
FLATHEAD 4 2023 CMedian 9.39433
FLATHEAD 4 2023 CMean 9.40498
FLATHEAD 4 2023 CStdn 0.147044
FLATHEAD 4 2024 Cabc 16.2275
FLATHEAD 4 2024 Cofl 17.6194
FLATHEAD 4 2024 CLCI 8.63564
FLATHEAD 4 2024 CUCI 9.33692
FLATHEAD 4 2024 CMedian 8.95273
FLATHEAD 4 2024 CMean 8.96685
FLATHEAD 4 2024 CStdn 0.227826
FLATHEAD 4 2025 Cabc 16.2275
FLATHEAD 4 2025 Cofl 17.6194
FLATHEAD 4 2025 CLCI 8.0944
FLATHEAD 4 2025 CUCI 9.05603
FLATHEAD 4 2025 CMedian 8.53747
FLATHEAD 4 2025 CMean 8.54928
FLATHEAD 4 2025 CStdn 0.307625
FLATHEAD 4 2026 Cabc 16.2275
FLATHEAD 4 2026 Cofl 17.6194
FLATHEAD 4 2026 CLCI 7.62459
FLATHEAD 4 2026 CUCI 8.79093
FLATHEAD 4 2026 CMedian 8.16113
FLATHEAD 4 2026 CMean 8.17915
FLATHEAD 4 2026 CStdn 0.370037
FLATHEAD 4 2027 Cabc 16.2275
FLATHEAD 4 2027 Cofl 17.6194
FLATHEAD 4 2027 CLCI 7.24916
FLATHEAD 4 2027 CUCI 8.5499
FLATHEAD 4 2027 CMedian 7.84636
FLATHEAD 4 2027 CMean 7.86652
FLATHEAD 4 2027 CStdn 0.408007
FLATHEAD 4 2028 Cabc 16.2275
FLATHEAD 4 2028 Cofl 17.6194
FLATHEAD 4 2028 CLCI 6.96107
FLATHEAD 4 2028 CUCI 8.34133
FLATHEAD 4 2028 CMedian 7.58213
FLATHEAD 4 2028 CMean 7.61062
FLATHEAD 4 2028 CStdn 0.426924
FLATHEAD 4 2029 Cabc 16.2275
FLATHEAD 4 2029 Cofl 17.6194
FLATHEAD 4 2029 CLCI 6.73486
FLATHEAD 4 2029 CUCI 8.14175
FLATHEAD 4 2029 CMedian 7.37162
FLATHEAD 4 2029 CMean 7.40395
FLATHEAD 4 2029 CStdn 0.435841
FLATHEAD 4 2030 Cabc 16.2275
FLATHEAD 4 2030 Cofl 17.6194
FLATHEAD 4 2030 CLCI 6.54998
FLATHEAD 4 2030 CUCI 7.98197
FLATHEAD 4 2030 CMedian 7.22057
FLATHEAD 4 2030 CMean 7.23921
FLATHEAD 4 2030 CStdn 0.440642
FLATHEAD 4 2017 SSBF100 91.5511
FLATHEAD 4 2017 SSBFabc 36.6204
FLATHEAD 4 2017 SSBFofl 32.0429
FLATHEAD 4 2017 SSBLCI 83.2979
FLATHEAD 4 2017 SSBUCI 83.2979
FLATHEAD 4 2017 SSBMedian 83.2979
FLATHEAD 4 2017 SSBMean 83.2979
FLATHEAD 4 2018 SSBF100 91.5511
FLATHEAD 4 2018 SSBFabc 36.6204
FLATHEAD 4 2018 SSBFofl 32.0429
FLATHEAD 4 2018 SSBLCI 85.7503
FLATHEAD 4 2018 SSBUCI 85.7772
FLATHEAD 4 2018 SSBMedian 85.7611
FLATHEAD 4 2018 SSBMean 85.7621
FLATHEAD 4 2019 SSBF100 91.5511
FLATHEAD 4 2019 SSBFabc 36.6204
FLATHEAD 4 2019 SSBFofl 32.0429
FLATHEAD 4 2019 SSBLCI 89.0861
FLATHEAD 4 2019 SSBUCI 89.2078
FLATHEAD 4 2019 SSBMedian 89.1362
FLATHEAD 4 2019 SSBMean 89.1405
FLATHEAD 4 2020 SSBF100 91.5511
FLATHEAD 4 2020 SSBFabc 36.6204
FLATHEAD 4 2020 SSBFofl 32.0429
FLATHEAD 4 2020 SSBLCI 92.281
FLATHEAD 4 2020 SSBUCI 92.6736
FLATHEAD 4 2020 SSBMedian 92.4473
FLATHEAD 4 2020 SSBMean 92.4575
FLATHEAD 4 2021 SSBF100 91.5511
FLATHEAD 4 2021 SSBFabc 36.6204
FLATHEAD 4 2021 SSBFofl 32.0429
FLATHEAD 4 2021 SSBLCI 94.8833
FLATHEAD 4 2021 SSBUCI 95.8918
FLATHEAD 4 2021 SSBMedian 95.3151
FLATHEAD 4 2021 SSBMean 95.3384
FLATHEAD 4 2022 SSBF100 91.5511
FLATHEAD 4 2022 SSBFabc 36.6204
FLATHEAD 4 2022 SSBFofl 32.0429
FLATHEAD 4 2022 SSBLCI 95.809
FLATHEAD 4 2022 SSBUCI 98.0534
FLATHEAD 4 2022 SSBMedian 96.7836
FLATHEAD 4 2022 SSBMean 96.8331
FLATHEAD 4 2023 SSBF100 91.5511
FLATHEAD 4 2023 SSBFabc 36.6204
FLATHEAD 4 2023 SSBFofl 32.0429
FLATHEAD 4 2023 SSBLCI 95.1857
FLATHEAD 4 2023 SSBUCI 99.4074
FLATHEAD 4 2023 SSBMedian 97.0594
FLATHEAD 4 2023 SSBMean 97.1531
FLATHEAD 4 2024 SSBF100 91.5511
FLATHEAD 4 2024 SSBFabc 36.6204
FLATHEAD 4 2024 SSBFofl 32.0429
FLATHEAD 4 2024 SSBLCI 90.0209
FLATHEAD 4 2024 SSBUCI 96.6205
FLATHEAD 4 2024 SSBMedian 92.975
FLATHEAD 4 2024 SSBMean 93.1342
FLATHEAD 4 2025 SSBF100 91.5511
FLATHEAD 4 2025 SSBFabc 36.6204
FLATHEAD 4 2025 SSBFofl 32.0429
FLATHEAD 4 2025 SSBLCI 84.7916
FLATHEAD 4 2025 SSBUCI 93.9421
FLATHEAD 4 2025 SSBMedian 89.0212
FLATHEAD 4 2025 SSBMean 89.1335
FLATHEAD 4 2026 SSBF100 91.5511
FLATHEAD 4 2026 SSBFabc 36.6204
FLATHEAD 4 2026 SSBFofl 32.0429
FLATHEAD 4 2026 SSBLCI 80.1485
FLATHEAD 4 2026 SSBUCI 91.2784
FLATHEAD 4 2026 SSBMedian 85.29
FLATHEAD 4 2026 SSBMean 85.4572
FLATHEAD 4 2027 SSBF100 91.5511
FLATHEAD 4 2027 SSBFabc 36.6204
FLATHEAD 4 2027 SSBFofl 32.0429
FLATHEAD 4 2027 SSBLCI 76.2131
FLATHEAD 4 2027 SSBUCI 88.7838
FLATHEAD 4 2027 SSBMedian 82.0304
FLATHEAD 4 2027 SSBMean 82.2501
FLATHEAD 4 2028 SSBF100 91.5511
FLATHEAD 4 2028 SSBFabc 36.6204
FLATHEAD 4 2028 SSBFofl 32.0429
FLATHEAD 4 2028 SSBLCI 73.0634
FLATHEAD 4 2028 SSBUCI 86.7385
FLATHEAD 4 2028 SSBMedian 79.2965
FLATHEAD 4 2028 SSBMean 79.5456
FLATHEAD 4 2029 SSBF100 91.5511
FLATHEAD 4 2029 SSBFabc 36.6204
FLATHEAD 4 2029 SSBFofl 32.0429
FLATHEAD 4 2029 SSBLCI 70.6786
FLATHEAD 4 2029 SSBUCI 84.6204
FLATHEAD 4 2029 SSBMedian 76.9602
FLATHEAD 4 2029 SSBMean 77.3144
FLATHEAD 4 2030 SSBF100 91.5511
FLATHEAD 4 2030 SSBFabc 36.6204
FLATHEAD 4 2030 SSBFofl 32.0429
FLATHEAD 4 2030 SSBLCI 68.7041
FLATHEAD 4 2030 SSBUCI 82.8982
FLATHEAD 4 2030 SSBMedian 75.2885
FLATHEAD 4 2030 SSBMean 75.509
FLATHEAD 4 2017 F0 0 
FLATHEAD 4 2017 Fabc 0.284074
FLATHEAD 4 2017 Fofl 0.355733
FLATHEAD 4 2017  F_LCI 0.0153602
FLATHEAD 4 2017  F_UCI 0.0153602
FLATHEAD 4 2017  F_Median 0.0153602
FLATHEAD 4 2017  F_Mean 0.0153602
FLATHEAD 4 2018 F0 0 
FLATHEAD 4 2018 Fabc 0.284074
FLATHEAD 4 2018 Fofl 0.355733
FLATHEAD 4 2018  F_LCI 0.0160094
FLATHEAD 4 2018  F_UCI 0.0160138
FLATHEAD 4 2018  F_Median 0.016012
FLATHEAD 4 2018  F_Mean 0.0160119
FLATHEAD 4 2019 F0 0 
FLATHEAD 4 2019 Fabc 0.284074
FLATHEAD 4 2019 Fofl 0.355733
FLATHEAD 4 2019  F_LCI 0.0186296
FLATHEAD 4 2019  F_UCI 0.0186552
FLATHEAD 4 2019  F_Median 0.0186447
FLATHEAD 4 2019  F_Mean 0.0186438
FLATHEAD 4 2020 F0 0 
FLATHEAD 4 2020 Fabc 0.284074
FLATHEAD 4 2020 Fofl 0.355733
FLATHEAD 4 2020  F_LCI 0.0131344
FLATHEAD 4 2020  F_UCI 0.0131963
FLATHEAD 4 2020  F_Median 0.0131701
FLATHEAD 4 2020  F_Mean 0.0131685
FLATHEAD 4 2021 F0 0 
FLATHEAD 4 2021 Fabc 0.284074
FLATHEAD 4 2021 Fofl 0.355733
FLATHEAD 4 2021  F_LCI 0.0146228
FLATHEAD 4 2021  F_UCI 0.0148023
FLATHEAD 4 2021  F_Median 0.0147256
FLATHEAD 4 2021  F_Mean 0.0147214
FLATHEAD 4 2022 F0 0 
FLATHEAD 4 2022 Fabc 0.284074
FLATHEAD 4 2022 Fofl 0.355733
FLATHEAD 4 2022  F_LCI 0.0143106
FLATHEAD 4 2022  F_UCI 0.0146923
FLATHEAD 4 2022  F_Median 0.0145239
FLATHEAD 4 2022  F_Mean 0.0145166
FLATHEAD 4 2023 F0 0 
FLATHEAD 4 2023 Fabc 0.284074
FLATHEAD 4 2023 Fofl 0.355733
FLATHEAD 4 2023  F_LCI 0.0614374
FLATHEAD 4 2023  F_UCI 0.0614374
FLATHEAD 4 2023  F_Median 0.0614374
FLATHEAD 4 2023  F_Mean 0.0614374
FLATHEAD 4 2024 F0 0 
FLATHEAD 4 2024 Fabc 0.284074
FLATHEAD 4 2024 Fofl 0.355733
FLATHEAD 4 2024  F_LCI 0.0614374
FLATHEAD 4 2024  F_UCI 0.0614374
FLATHEAD 4 2024  F_Median 0.0614374
FLATHEAD 4 2024  F_Mean 0.0614374
FLATHEAD 4 2025 F0 0 
FLATHEAD 4 2025 Fabc 0.284074
FLATHEAD 4 2025 Fofl 0.355733
FLATHEAD 4 2025  F_LCI 0.0614374
FLATHEAD 4 2025  F_UCI 0.0614374
FLATHEAD 4 2025  F_Median 0.0614374
FLATHEAD 4 2025  F_Mean 0.0614374
FLATHEAD 4 2026 F0 0 
FLATHEAD 4 2026 Fabc 0.284074
FLATHEAD 4 2026 Fofl 0.355733
FLATHEAD 4 2026  F_LCI 0.0614374
FLATHEAD 4 2026  F_UCI 0.0614374
FLATHEAD 4 2026  F_Median 0.0614374
FLATHEAD 4 2026  F_Mean 0.0614374
FLATHEAD 4 2027 F0 0 
FLATHEAD 4 2027 Fabc 0.284074
FLATHEAD 4 2027 Fofl 0.355733
FLATHEAD 4 2027  F_LCI 0.0614374
FLATHEAD 4 2027  F_UCI 0.0614374
FLATHEAD 4 2027  F_Median 0.0614374
FLATHEAD 4 2027  F_Mean 0.0614374
FLATHEAD 4 2028 F0 0 
FLATHEAD 4 2028 Fabc 0.284074
FLATHEAD 4 2028 Fofl 0.355733
FLATHEAD 4 2028  F_LCI 0.0614374
FLATHEAD 4 2028  F_UCI 0.0614374
FLATHEAD 4 2028  F_Median 0.0614374
FLATHEAD 4 2028  F_Mean 0.0614374
FLATHEAD 4 2029 F0 0 
FLATHEAD 4 2029 Fabc 0.284074
FLATHEAD 4 2029 Fofl 0.355733
FLATHEAD 4 2029  F_LCI 0.0614374
FLATHEAD 4 2029  F_UCI 0.0614374
FLATHEAD 4 2029  F_Median 0.0614374
FLATHEAD 4 2029  F_Mean 0.0614374
FLATHEAD 4 2030 F0 0 
FLATHEAD 4 2030 Fabc 0.284074
FLATHEAD 4 2030 Fofl 0.355733
FLATHEAD 4 2030  F_LCI 0.0614374
FLATHEAD 4 2030  F_UCI 0.0614374
FLATHEAD 4 2030  F_Median 0.0614374
FLATHEAD 4 2030  F_Mean 0.0614374
FLATHEAD 5 2017 Cabc 16.2275
FLATHEAD 5 2017 Cofl 17.6194
FLATHEAD 5 2017 CLCI 2.05
FLATHEAD 5 2017 CUCI 2.05
FLATHEAD 5 2017 CMedian 2.05
FLATHEAD 5 2017 CMean 2.05
FLATHEAD 5 2017 CStdn 3.10862e-15
FLATHEAD 5 2018 Cabc 16.2275
FLATHEAD 5 2018 Cofl 17.6194
FLATHEAD 5 2018 CLCI 2.202
FLATHEAD 5 2018 CUCI 2.202
FLATHEAD 5 2018 CMedian 2.202
FLATHEAD 5 2018 CMean 2.202
FLATHEAD 5 2018 CStdn 7.12347e-11
FLATHEAD 5 2019 Cabc 16.2275
FLATHEAD 5 2019 Cofl 17.6194
FLATHEAD 5 2019 CLCI 2.668
FLATHEAD 5 2019 CUCI 2.668
FLATHEAD 5 2019 CMedian 2.668
FLATHEAD 5 2019 CMean 2.668
FLATHEAD 5 2019 CStdn 2.30828e-10
FLATHEAD 5 2020 Cabc 16.2275
FLATHEAD 5 2020 Cofl 17.6194
FLATHEAD 5 2020 CLCI 1.965
FLATHEAD 5 2020 CUCI 1.965
FLATHEAD 5 2020 CMedian 1.965
FLATHEAD 5 2020 CMean 1.965
FLATHEAD 5 2020 CStdn 1.55135e-09
FLATHEAD 5 2021 Cabc 16.2275
FLATHEAD 5 2021 Cofl 17.6194
FLATHEAD 5 2021 CLCI 2.269
FLATHEAD 5 2021 CUCI 2.269
FLATHEAD 5 2021 CMedian 2.269
FLATHEAD 5 2021 CMean 2.269
FLATHEAD 5 2021 CStdn 5.69155e-09
FLATHEAD 5 2022 Cabc 16.2275
FLATHEAD 5 2022 Cofl 17.6194
FLATHEAD 5 2022 CLCI 2.269
FLATHEAD 5 2022 CUCI 2.269
FLATHEAD 5 2022 CMedian 2.269
FLATHEAD 5 2022 CMean 2.269
FLATHEAD 5 2022 CStdn 7.20633e-08
FLATHEAD 5 2023 Cabc 16.2275
FLATHEAD 5 2023 Cofl 17.6194
FLATHEAD 5 2023 CLCI 0
FLATHEAD 5 2023 CUCI 0
FLATHEAD 5 2023 CMedian 0
FLATHEAD 5 2023 CMean 0
FLATHEAD 5 2023 CStdn 0
FLATHEAD 5 2024 Cabc 16.2275
FLATHEAD 5 2024 Cofl 17.6194
FLATHEAD 5 2024 CLCI 0
FLATHEAD 5 2024 CUCI 0
FLATHEAD 5 2024 CMedian 0
FLATHEAD 5 2024 CMean 0
FLATHEAD 5 2024 CStdn 0
FLATHEAD 5 2025 Cabc 16.2275
FLATHEAD 5 2025 Cofl 17.6194
FLATHEAD 5 2025 CLCI 0
FLATHEAD 5 2025 CUCI 0
FLATHEAD 5 2025 CMedian 0
FLATHEAD 5 2025 CMean 0
FLATHEAD 5 2025 CStdn 0
FLATHEAD 5 2026 Cabc 16.2275
FLATHEAD 5 2026 Cofl 17.6194
FLATHEAD 5 2026 CLCI 0
FLATHEAD 5 2026 CUCI 0
FLATHEAD 5 2026 CMedian 0
FLATHEAD 5 2026 CMean 0
FLATHEAD 5 2026 CStdn 0
FLATHEAD 5 2027 Cabc 16.2275
FLATHEAD 5 2027 Cofl 17.6194
FLATHEAD 5 2027 CLCI 0
FLATHEAD 5 2027 CUCI 0
FLATHEAD 5 2027 CMedian 0
FLATHEAD 5 2027 CMean 0
FLATHEAD 5 2027 CStdn 0
FLATHEAD 5 2028 Cabc 16.2275
FLATHEAD 5 2028 Cofl 17.6194
FLATHEAD 5 2028 CLCI 0
FLATHEAD 5 2028 CUCI 0
FLATHEAD 5 2028 CMedian 0
FLATHEAD 5 2028 CMean 0
FLATHEAD 5 2028 CStdn 0
FLATHEAD 5 2029 Cabc 16.2275
FLATHEAD 5 2029 Cofl 17.6194
FLATHEAD 5 2029 CLCI 0
FLATHEAD 5 2029 CUCI 0
FLATHEAD 5 2029 CMedian 0
FLATHEAD 5 2029 CMean 0
FLATHEAD 5 2029 CStdn 0
FLATHEAD 5 2030 Cabc 16.2275
FLATHEAD 5 2030 Cofl 17.6194
FLATHEAD 5 2030 CLCI 0
FLATHEAD 5 2030 CUCI 0
FLATHEAD 5 2030 CMedian 0
FLATHEAD 5 2030 CMean 0
FLATHEAD 5 2030 CStdn 0
FLATHEAD 5 2017 SSBF100 91.5511
FLATHEAD 5 2017 SSBFabc 36.6204
FLATHEAD 5 2017 SSBFofl 32.0429
FLATHEAD 5 2017 SSBLCI 83.2979
FLATHEAD 5 2017 SSBUCI 83.2979
FLATHEAD 5 2017 SSBMedian 83.2979
FLATHEAD 5 2017 SSBMean 83.2979
FLATHEAD 5 2018 SSBF100 91.5511
FLATHEAD 5 2018 SSBFabc 36.6204
FLATHEAD 5 2018 SSBFofl 32.0429
FLATHEAD 5 2018 SSBLCI 85.7503
FLATHEAD 5 2018 SSBUCI 85.7772
FLATHEAD 5 2018 SSBMedian 85.7611
FLATHEAD 5 2018 SSBMean 85.7621
FLATHEAD 5 2019 SSBF100 91.5511
FLATHEAD 5 2019 SSBFabc 36.6204
FLATHEAD 5 2019 SSBFofl 32.0429
FLATHEAD 5 2019 SSBLCI 89.0861
FLATHEAD 5 2019 SSBUCI 89.2078
FLATHEAD 5 2019 SSBMedian 89.1362
FLATHEAD 5 2019 SSBMean 89.1405
FLATHEAD 5 2020 SSBF100 91.5511
FLATHEAD 5 2020 SSBFabc 36.6204
FLATHEAD 5 2020 SSBFofl 32.0429
FLATHEAD 5 2020 SSBLCI 92.281
FLATHEAD 5 2020 SSBUCI 92.6736
FLATHEAD 5 2020 SSBMedian 92.4473
FLATHEAD 5 2020 SSBMean 92.4575
FLATHEAD 5 2021 SSBF100 91.5511
FLATHEAD 5 2021 SSBFabc 36.6204
FLATHEAD 5 2021 SSBFofl 32.0429
FLATHEAD 5 2021 SSBLCI 94.8833
FLATHEAD 5 2021 SSBUCI 95.8918
FLATHEAD 5 2021 SSBMedian 95.3151
FLATHEAD 5 2021 SSBMean 95.3384
FLATHEAD 5 2022 SSBF100 91.5511
FLATHEAD 5 2022 SSBFabc 36.6204
FLATHEAD 5 2022 SSBFofl 32.0429
FLATHEAD 5 2022 SSBLCI 95.809
FLATHEAD 5 2022 SSBUCI 98.0534
FLATHEAD 5 2022 SSBMedian 96.7836
FLATHEAD 5 2022 SSBMean 96.8331
FLATHEAD 5 2023 SSBF100 91.5511
FLATHEAD 5 2023 SSBFabc 36.6204
FLATHEAD 5 2023 SSBFofl 32.0429
FLATHEAD 5 2023 SSBLCI 95.1857
FLATHEAD 5 2023 SSBUCI 99.4074
FLATHEAD 5 2023 SSBMedian 97.0594
FLATHEAD 5 2023 SSBMean 97.1531
FLATHEAD 5 2024 SSBF100 91.5511
FLATHEAD 5 2024 SSBFabc 36.6204
FLATHEAD 5 2024 SSBFofl 32.0429
FLATHEAD 5 2024 SSBLCI 94.5563
FLATHEAD 5 2024 SSBUCI 101.264
FLATHEAD 5 2024 SSBMedian 97.5562
FLATHEAD 5 2024 SSBMean 97.7156
FLATHEAD 5 2025 SSBF100 91.5511
FLATHEAD 5 2025 SSBFabc 36.6204
FLATHEAD 5 2025 SSBFofl 32.0429
FLATHEAD 5 2025 SSBLCI 93.213
FLATHEAD 5 2025 SSBUCI 102.656
FLATHEAD 5 2025 SSBMedian 97.5266
FLATHEAD 5 2025 SSBMean 97.6642
FLATHEAD 5 2026 SSBF100 91.5511
FLATHEAD 5 2026 SSBFabc 36.6204
FLATHEAD 5 2026 SSBFofl 32.0429
FLATHEAD 5 2026 SSBLCI 91.6102
FLATHEAD 5 2026 SSBUCI 103.468
FLATHEAD 5 2026 SSBMedian 97.085
FLATHEAD 5 2026 SSBMean 97.2698
FLATHEAD 5 2027 SSBF100 91.5511
FLATHEAD 5 2027 SSBFabc 36.6204
FLATHEAD 5 2027 SSBFofl 32.0429
FLATHEAD 5 2027 SSBLCI 90.1929
FLATHEAD 5 2027 SSBUCI 103.913
FLATHEAD 5 2027 SSBMedian 96.4544
FLATHEAD 5 2027 SSBMean 96.7148
FLATHEAD 5 2028 SSBF100 91.5511
FLATHEAD 5 2028 SSBFabc 36.6204
FLATHEAD 5 2028 SSBFofl 32.0429
FLATHEAD 5 2028 SSBLCI 88.9106
FLATHEAD 5 2028 SSBUCI 104.047
FLATHEAD 5 2028 SSBMedian 95.9025
FLATHEAD 5 2028 SSBMean 96.1082
FLATHEAD 5 2029 SSBF100 91.5511
FLATHEAD 5 2029 SSBFabc 36.6204
FLATHEAD 5 2029 SSBFofl 32.0429
FLATHEAD 5 2029 SSBLCI 87.9767
FLATHEAD 5 2029 SSBUCI 103.867
FLATHEAD 5 2029 SSBMedian 95.1221
FLATHEAD 5 2029 SSBMean 95.5096
FLATHEAD 5 2030 SSBF100 91.5511
FLATHEAD 5 2030 SSBFabc 36.6204
FLATHEAD 5 2030 SSBFofl 32.0429
FLATHEAD 5 2030 SSBLCI 87.1272
FLATHEAD 5 2030 SSBUCI 103.673
FLATHEAD 5 2030 SSBMedian 94.6431
FLATHEAD 5 2030 SSBMean 94.9578
FLATHEAD 5 2017 F0 0 
FLATHEAD 5 2017 Fabc 0.284074
FLATHEAD 5 2017 Fofl 0.355733
FLATHEAD 5 2017  F_LCI 0.0153602
FLATHEAD 5 2017  F_UCI 0.0153602
FLATHEAD 5 2017  F_Median 0.0153602
FLATHEAD 5 2017  F_Mean 0.0153602
FLATHEAD 5 2018 F0 0 
FLATHEAD 5 2018 Fabc 0.284074
FLATHEAD 5 2018 Fofl 0.355733
FLATHEAD 5 2018  F_LCI 0.0160094
FLATHEAD 5 2018  F_UCI 0.0160138
FLATHEAD 5 2018  F_Median 0.016012
FLATHEAD 5 2018  F_Mean 0.0160119
FLATHEAD 5 2019 F0 0 
FLATHEAD 5 2019 Fabc 0.284074
FLATHEAD 5 2019 Fofl 0.355733
FLATHEAD 5 2019  F_LCI 0.0186296
FLATHEAD 5 2019  F_UCI 0.0186552
FLATHEAD 5 2019  F_Median 0.0186447
FLATHEAD 5 2019  F_Mean 0.0186438
FLATHEAD 5 2020 F0 0 
FLATHEAD 5 2020 Fabc 0.284074
FLATHEAD 5 2020 Fofl 0.355733
FLATHEAD 5 2020  F_LCI 0.0131344
FLATHEAD 5 2020  F_UCI 0.0131963
FLATHEAD 5 2020  F_Median 0.0131701
FLATHEAD 5 2020  F_Mean 0.0131685
FLATHEAD 5 2021 F0 0 
FLATHEAD 5 2021 Fabc 0.284074
FLATHEAD 5 2021 Fofl 0.355733
FLATHEAD 5 2021  F_LCI 0.0146228
FLATHEAD 5 2021  F_UCI 0.0148023
FLATHEAD 5 2021  F_Median 0.0147256
FLATHEAD 5 2021  F_Mean 0.0147214
FLATHEAD 5 2022 F0 0 
FLATHEAD 5 2022 Fabc 0.284074
FLATHEAD 5 2022 Fofl 0.355733
FLATHEAD 5 2022  F_LCI 0.0143106
FLATHEAD 5 2022  F_UCI 0.0146923
FLATHEAD 5 2022  F_Median 0.0145239
FLATHEAD 5 2022  F_Mean 0.0145166
FLATHEAD 5 2023 F0 0 
FLATHEAD 5 2023 Fabc 0.284074
FLATHEAD 5 2023 Fofl 0.355733
FLATHEAD 5 2023  F_LCI 0
FLATHEAD 5 2023  F_UCI 0
FLATHEAD 5 2023  F_Median 0
FLATHEAD 5 2023  F_Mean 0
FLATHEAD 5 2024 F0 0 
FLATHEAD 5 2024 Fabc 0.284074
FLATHEAD 5 2024 Fofl 0.355733
FLATHEAD 5 2024  F_LCI 0
FLATHEAD 5 2024  F_UCI 0
FLATHEAD 5 2024  F_Median 0
FLATHEAD 5 2024  F_Mean 0
FLATHEAD 5 2025 F0 0 
FLATHEAD 5 2025 Fabc 0.284074
FLATHEAD 5 2025 Fofl 0.355733
FLATHEAD 5 2025  F_LCI 0
FLATHEAD 5 2025  F_UCI 0
FLATHEAD 5 2025  F_Median 0
FLATHEAD 5 2025  F_Mean 0
FLATHEAD 5 2026 F0 0 
FLATHEAD 5 2026 Fabc 0.284074
FLATHEAD 5 2026 Fofl 0.355733
FLATHEAD 5 2026  F_LCI 0
FLATHEAD 5 2026  F_UCI 0
FLATHEAD 5 2026  F_Median 0
FLATHEAD 5 2026  F_Mean 0
FLATHEAD 5 2027 F0 0 
FLATHEAD 5 2027 Fabc 0.284074
FLATHEAD 5 2027 Fofl 0.355733
FLATHEAD 5 2027  F_LCI 0
FLATHEAD 5 2027  F_UCI 0
FLATHEAD 5 2027  F_Median 0
FLATHEAD 5 2027  F_Mean 0
FLATHEAD 5 2028 F0 0 
FLATHEAD 5 2028 Fabc 0.284074
FLATHEAD 5 2028 Fofl 0.355733
FLATHEAD 5 2028  F_LCI 0
FLATHEAD 5 2028  F_UCI 0
FLATHEAD 5 2028  F_Median 0
FLATHEAD 5 2028  F_Mean 0
FLATHEAD 5 2029 F0 0 
FLATHEAD 5 2029 Fabc 0.284074
FLATHEAD 5 2029 Fofl 0.355733
FLATHEAD 5 2029  F_LCI 0
FLATHEAD 5 2029  F_UCI 0
FLATHEAD 5 2029  F_Median 0
FLATHEAD 5 2029  F_Mean 0
FLATHEAD 5 2030 F0 0 
FLATHEAD 5 2030 Fabc 0.284074
FLATHEAD 5 2030 Fofl 0.355733
FLATHEAD 5 2030  F_LCI 0
FLATHEAD 5 2030  F_UCI 0
FLATHEAD 5 2030  F_Median 0
FLATHEAD 5 2030  F_Mean 0
FLATHEAD 6 2017 Cabc 16.2275
FLATHEAD 6 2017 Cofl 17.6194
FLATHEAD 6 2017 CLCI 2.05
FLATHEAD 6 2017 CUCI 2.05
FLATHEAD 6 2017 CMedian 2.05
FLATHEAD 6 2017 CMean 2.05
FLATHEAD 6 2017 CStdn 3.10862e-15
FLATHEAD 6 2018 Cabc 16.2275
FLATHEAD 6 2018 Cofl 17.6194
FLATHEAD 6 2018 CLCI 43.0039
FLATHEAD 6 2018 CUCI 43.0172
FLATHEAD 6 2018 CMedian 43.0092
FLATHEAD 6 2018 CMean 43.0097
FLATHEAD 6 2018 CStdn 0.00419451
FLATHEAD 6 2019 Cabc 16.2275
FLATHEAD 6 2019 Cofl 17.6194
FLATHEAD 6 2019 CLCI 35.4478
FLATHEAD 6 2019 CUCI 35.5165
FLATHEAD 6 2019 CMedian 35.4761
FLATHEAD 6 2019 CMean 35.4785
FLATHEAD 6 2019 CStdn 0.0214873
FLATHEAD 6 2020 Cabc 16.2275
FLATHEAD 6 2020 Cofl 17.6194
FLATHEAD 6 2020 CLCI 30.4446
FLATHEAD 6 2020 CUCI 30.6873
FLATHEAD 6 2020 CMedian 30.5472
FLATHEAD 6 2020 CMean 30.5539
FLATHEAD 6 2020 CStdn 0.0752945
FLATHEAD 6 2021 Cabc 16.2275
FLATHEAD 6 2021 Cofl 17.6194
FLATHEAD 6 2021 CLCI 26.5815
FLATHEAD 6 2021 CUCI 27.2174
FLATHEAD 6 2021 CMedian 26.8543
FLATHEAD 6 2021 CMean 26.8692
FLATHEAD 6 2021 CStdn 0.200576
FLATHEAD 6 2022 Cabc 16.2275
FLATHEAD 6 2022 Cofl 17.6194
FLATHEAD 6 2022 CLCI 23.2506
FLATHEAD 6 2022 CUCI 24.5993
FLATHEAD 6 2022 CMedian 23.8382
FLATHEAD 6 2022 CMean 23.8681
FLATHEAD 6 2022 CStdn 0.424066
FLATHEAD 6 2023 Cabc 16.2275
FLATHEAD 6 2023 Cofl 17.6194
FLATHEAD 6 2023 CLCI 20.4318
FLATHEAD 6 2023 CUCI 22.6767
FLATHEAD 6 2023 CMedian 21.4385
FLATHEAD 6 2023 CMean 21.4848
FLATHEAD 6 2023 CStdn 0.728205
FLATHEAD 6 2024 Cabc 16.2275
FLATHEAD 6 2024 Cofl 17.6194
FLATHEAD 6 2024 CLCI 18.2237
FLATHEAD 6 2024 CUCI 21.4228
FLATHEAD 6 2024 CMedian 19.6707
FLATHEAD 6 2024 CMean 19.7104
FLATHEAD 6 2024 CStdn 1.06028
FLATHEAD 6 2025 Cabc 16.2275
FLATHEAD 6 2025 Cofl 17.6194
FLATHEAD 6 2025 CLCI 15.2117
FLATHEAD 6 2025 CUCI 20.564
FLATHEAD 6 2025 CMedian 18.416
FLATHEAD 6 2025 CMean 18.1307
FLATHEAD 6 2025 CStdn 1.69499
FLATHEAD 6 2026 Cabc 16.2275
FLATHEAD 6 2026 Cofl 17.6194
FLATHEAD 6 2026 CLCI 13.8921
FLATHEAD 6 2026 CUCI 19.9651
FLATHEAD 6 2026 CMedian 16.8792
FLATHEAD 6 2026 CMean 16.9681
FLATHEAD 6 2026 CStdn 1.95803
FLATHEAD 6 2027 Cabc 16.2275
FLATHEAD 6 2027 Cofl 17.6194
FLATHEAD 6 2027 CLCI 13.3435
FLATHEAD 6 2027 CUCI 19.6024
FLATHEAD 6 2027 CMedian 16.1755
FLATHEAD 6 2027 CMean 16.3434
FLATHEAD 6 2027 CStdn 1.94582
FLATHEAD 6 2028 Cabc 16.2275
FLATHEAD 6 2028 Cofl 17.6194
FLATHEAD 6 2028 CLCI 13.1623
FLATHEAD 6 2028 CUCI 19.2737
FLATHEAD 6 2028 CMedian 15.9231
FLATHEAD 6 2028 CMean 16.0562
FLATHEAD 6 2028 CStdn 1.86679
FLATHEAD 6 2029 Cabc 16.2275
FLATHEAD 6 2029 Cofl 17.6194
FLATHEAD 6 2029 CLCI 13.1722
FLATHEAD 6 2029 CUCI 19.1097
FLATHEAD 6 2029 CMedian 15.7486
FLATHEAD 6 2029 CMean 15.9485
FLATHEAD 6 2029 CStdn 1.81472
FLATHEAD 6 2030 Cabc 16.2275
FLATHEAD 6 2030 Cofl 17.6194
FLATHEAD 6 2030 CLCI 13.2052
FLATHEAD 6 2030 CUCI 19.0873
FLATHEAD 6 2030 CMedian 15.771
FLATHEAD 6 2030 CMean 15.9279
FLATHEAD 6 2030 CStdn 1.80006
FLATHEAD 6 2017 SSBF100 91.5511
FLATHEAD 6 2017 SSBFabc 36.6204
FLATHEAD 6 2017 SSBFofl 32.0429
FLATHEAD 6 2017 SSBLCI 83.2979
FLATHEAD 6 2017 SSBUCI 83.2979
FLATHEAD 6 2017 SSBMedian 83.2979
FLATHEAD 6 2017 SSBMean 83.2979
FLATHEAD 6 2018 SSBF100 91.5511
FLATHEAD 6 2018 SSBFabc 36.6204
FLATHEAD 6 2018 SSBFofl 32.0429
FLATHEAD 6 2018 SSBLCI 85.7503
FLATHEAD 6 2018 SSBUCI 85.7772
FLATHEAD 6 2018 SSBMedian 85.7611
FLATHEAD 6 2018 SSBMean 85.7621
FLATHEAD 6 2019 SSBF100 91.5511
FLATHEAD 6 2019 SSBFabc 36.6204
FLATHEAD 6 2019 SSBFofl 32.0429
FLATHEAD 6 2019 SSBLCI 70.3634
FLATHEAD 6 2019 SSBUCI 70.4848
FLATHEAD 6 2019 SSBMedian 70.4134
FLATHEAD 6 2019 SSBMean 70.4177
FLATHEAD 6 2020 SSBF100 91.5511
FLATHEAD 6 2020 SSBFabc 36.6204
FLATHEAD 6 2020 SSBFofl 32.0429
FLATHEAD 6 2020 SSBLCI 60.4115
FLATHEAD 6 2020 SSBUCI 60.8
FLATHEAD 6 2020 SSBMedian 60.5758
FLATHEAD 6 2020 SSBMean 60.5861
FLATHEAD 6 2021 SSBF100 91.5511
FLATHEAD 6 2021 SSBFabc 36.6204
FLATHEAD 6 2021 SSBFofl 32.0429
FLATHEAD 6 2021 SSBLCI 52.9481
FLATHEAD 6 2021 SSBUCI 53.9364
FLATHEAD 6 2021 SSBMedian 53.3728
FLATHEAD 6 2021 SSBMean 53.3949
FLATHEAD 6 2022 SSBF100 91.5511
FLATHEAD 6 2022 SSBFabc 36.6204
FLATHEAD 6 2022 SSBFofl 32.0429
FLATHEAD 6 2022 SSBLCI 46.6066
FLATHEAD 6 2022 SSBUCI 48.7565
FLATHEAD 6 2022 SSBMedian 47.5403
FLATHEAD 6 2022 SSBMean 47.587
FLATHEAD 6 2023 SSBF100 91.5511
FLATHEAD 6 2023 SSBFabc 36.6204
FLATHEAD 6 2023 SSBFofl 32.0429
FLATHEAD 6 2023 SSBLCI 41.1118
FLATHEAD 6 2023 SSBUCI 44.9483
FLATHEAD 6 2023 SSBMedian 42.836
FLATHEAD 6 2023 SSBMean 42.9164
FLATHEAD 6 2024 SSBF100 91.5511
FLATHEAD 6 2024 SSBFabc 36.6204
FLATHEAD 6 2024 SSBFofl 32.0429
FLATHEAD 6 2024 SSBLCI 36.6573
FLATHEAD 6 2024 SSBUCI 42.4077
FLATHEAD 6 2024 SSBMedian 39.2473
FLATHEAD 6 2024 SSBMean 39.3575
FLATHEAD 6 2025 SSBF100 91.5511
FLATHEAD 6 2025 SSBFabc 36.6204
FLATHEAD 6 2025 SSBFofl 32.0429
FLATHEAD 6 2025 SSBLCI 33.3088
FLATHEAD 6 2025 SSBUCI 40.6582
FLATHEAD 6 2025 SSBMedian 36.6675
FLATHEAD 6 2025 SSBMean 36.8053
FLATHEAD 6 2026 SSBF100 91.5511
FLATHEAD 6 2026 SSBFabc 36.6204
FLATHEAD 6 2026 SSBFofl 32.0429
FLATHEAD 6 2026 SSBLCI 31.7403
FLATHEAD 6 2026 SSBUCI 39.4266
FLATHEAD 6 2026 SSBMedian 34.9652
FLATHEAD 6 2026 SSBMean 35.2242
FLATHEAD 6 2027 SSBF100 91.5511
FLATHEAD 6 2027 SSBFabc 36.6204
FLATHEAD 6 2027 SSBFofl 32.0429
FLATHEAD 6 2027 SSBLCI 31.0127
FLATHEAD 6 2027 SSBUCI 38.5361
FLATHEAD 6 2027 SSBMedian 34.1268
FLATHEAD 6 2027 SSBMean 34.3868
FLATHEAD 6 2028 SSBF100 91.5511
FLATHEAD 6 2028 SSBFabc 36.6204
FLATHEAD 6 2028 SSBFofl 32.0429
FLATHEAD 6 2028 SSBLCI 30.7921
FLATHEAD 6 2028 SSBUCI 37.8918
FLATHEAD 6 2028 SSBMedian 33.8128
FLATHEAD 6 2028 SSBMean 33.9885
FLATHEAD 6 2029 SSBF100 91.5511
FLATHEAD 6 2029 SSBFabc 36.6204
FLATHEAD 6 2029 SSBFofl 32.0429
FLATHEAD 6 2029 SSBLCI 30.6916
FLATHEAD 6 2029 SSBUCI 37.5115
FLATHEAD 6 2029 SSBMedian 33.6447
FLATHEAD 6 2029 SSBMean 33.8224
FLATHEAD 6 2030 SSBF100 91.5511
FLATHEAD 6 2030 SSBFabc 36.6204
FLATHEAD 6 2030 SSBFofl 32.0429
FLATHEAD 6 2030 SSBLCI 30.7461
FLATHEAD 6 2030 SSBUCI 37.3573
FLATHEAD 6 2030 SSBMedian 33.5717
FLATHEAD 6 2030 SSBMean 33.7741
FLATHEAD 6 2017 F0 0 
FLATHEAD 6 2017 Fabc 0.284074
FLATHEAD 6 2017 Fofl 0.355733
FLATHEAD 6 2017  F_LCI 0.0153602
FLATHEAD 6 2017  F_UCI 0.0153602
FLATHEAD 6 2017  F_Median 0.0153602
FLATHEAD 6 2017  F_Mean 0.0153602
FLATHEAD 6 2018 F0 0 
FLATHEAD 6 2018 Fabc 0.284074
FLATHEAD 6 2018 Fofl 0.355733
FLATHEAD 6 2018  F_LCI 0.355733
FLATHEAD 6 2018  F_UCI 0.355733
FLATHEAD 6 2018  F_Median 0.355733
FLATHEAD 6 2018  F_Mean 0.355733
FLATHEAD 6 2019 F0 0 
FLATHEAD 6 2019 Fabc 0.284074
FLATHEAD 6 2019 Fofl 0.355733
FLATHEAD 6 2019  F_LCI 0.355733
FLATHEAD 6 2019  F_UCI 0.355733
FLATHEAD 6 2019  F_Median 0.355733
FLATHEAD 6 2019  F_Mean 0.355733
FLATHEAD 6 2020 F0 0 
FLATHEAD 6 2020 Fabc 0.284074
FLATHEAD 6 2020 Fofl 0.355733
FLATHEAD 6 2020  F_LCI 0.355733
FLATHEAD 6 2020  F_UCI 0.355733
FLATHEAD 6 2020  F_Median 0.355733
FLATHEAD 6 2020  F_Mean 0.355733
FLATHEAD 6 2021 F0 0 
FLATHEAD 6 2021 Fabc 0.284074
FLATHEAD 6 2021 Fofl 0.355733
FLATHEAD 6 2021  F_LCI 0.355733
FLATHEAD 6 2021  F_UCI 0.355733
FLATHEAD 6 2021  F_Median 0.355733
FLATHEAD 6 2021  F_Mean 0.355733
FLATHEAD 6 2022 F0 0 
FLATHEAD 6 2022 Fabc 0.284074
FLATHEAD 6 2022 Fofl 0.355733
FLATHEAD 6 2022  F_LCI 0.355733
FLATHEAD 6 2022  F_UCI 0.355733
FLATHEAD 6 2022  F_Median 0.355733
FLATHEAD 6 2022  F_Mean 0.355733
FLATHEAD 6 2023 F0 0 
FLATHEAD 6 2023 Fabc 0.284074
FLATHEAD 6 2023 Fofl 0.355733
FLATHEAD 6 2023  F_LCI 0.355733
FLATHEAD 6 2023  F_UCI 0.355733
FLATHEAD 6 2023  F_Median 0.355733
FLATHEAD 6 2023  F_Mean 0.355733
FLATHEAD 6 2024 F0 0 
FLATHEAD 6 2024 Fabc 0.284074
FLATHEAD 6 2024 Fofl 0.355733
FLATHEAD 6 2024  F_LCI 0.355733
FLATHEAD 6 2024  F_UCI 0.355733
FLATHEAD 6 2024  F_Median 0.355733
FLATHEAD 6 2024  F_Mean 0.355481
FLATHEAD 6 2025 F0 0 
FLATHEAD 6 2025 Fabc 0.284074
FLATHEAD 6 2025 Fofl 0.355733
FLATHEAD 6 2025  F_LCI 0.321871
FLATHEAD 6 2025  F_UCI 0.355733
FLATHEAD 6 2025  F_Median 0.355733
FLATHEAD 6 2025  F_Mean 0.347125
FLATHEAD 6 2026 F0 0 
FLATHEAD 6 2026 Fabc 0.284074
FLATHEAD 6 2026 Fofl 0.355733
FLATHEAD 6 2026  F_LCI 0.305832
FLATHEAD 6 2026  F_UCI 0.355733
FLATHEAD 6 2026  F_Median 0.338808
FLATHEAD 6 2026  F_Mean 0.336716
FLATHEAD 6 2027 F0 0 
FLATHEAD 6 2027 Fabc 0.284074
FLATHEAD 6 2027 Fofl 0.355733
FLATHEAD 6 2027  F_LCI 0.298393
FLATHEAD 6 2027  F_UCI 0.355733
FLATHEAD 6 2027  F_Median 0.330235
FLATHEAD 6 2027  F_Mean 0.33038
FLATHEAD 6 2028 F0 0 
FLATHEAD 6 2028 Fabc 0.284074
FLATHEAD 6 2028 Fofl 0.355733
FLATHEAD 6 2028  F_LCI 0.296137
FLATHEAD 6 2028  F_UCI 0.355733
FLATHEAD 6 2028  F_Median 0.327024
FLATHEAD 6 2028  F_Mean 0.327214
FLATHEAD 6 2029 F0 0 
FLATHEAD 6 2029 Fabc 0.284074
FLATHEAD 6 2029 Fofl 0.355733
FLATHEAD 6 2029  F_LCI 0.295109
FLATHEAD 6 2029  F_UCI 0.355733
FLATHEAD 6 2029  F_Median 0.325305
FLATHEAD 6 2029  F_Mean 0.325879
FLATHEAD 6 2030 F0 0 
FLATHEAD 6 2030 Fabc 0.284074
FLATHEAD 6 2030 Fofl 0.355733
FLATHEAD 6 2030  F_LCI 0.295666
FLATHEAD 6 2030  F_UCI 0.355733
FLATHEAD 6 2030  F_Median 0.324559
FLATHEAD 6 2030  F_Mean 0.32546
FLATHEAD 7 2017 Cabc 16.2275
FLATHEAD 7 2017 Cofl 17.6194
FLATHEAD 7 2017 CLCI 2.05
FLATHEAD 7 2017 CUCI 2.05
FLATHEAD 7 2017 CMedian 2.05
FLATHEAD 7 2017 CMean 2.05
FLATHEAD 7 2017 CStdn 3.10862e-15
FLATHEAD 7 2018 Cabc 16.2275
FLATHEAD 7 2018 Cofl 17.6194
FLATHEAD 7 2018 CLCI 35.2606
FLATHEAD 7 2018 CUCI 35.2713
FLATHEAD 7 2018 CMedian 35.2649
FLATHEAD 7 2018 CMean 35.2653
FLATHEAD 7 2018 CStdn 0.00335022
FLATHEAD 7 2019 Cabc 16.2275
FLATHEAD 7 2019 Cofl 17.6194
FLATHEAD 7 2019 CLCI 30.4751
FLATHEAD 7 2019 CUCI 30.53
FLATHEAD 7 2019 CMedian 30.4977
FLATHEAD 7 2019 CMean 30.4996
FLATHEAD 7 2019 CStdn 0.0171755
FLATHEAD 7 2020 Cabc 16.2275
FLATHEAD 7 2020 Cofl 17.6194
FLATHEAD 7 2020 CLCI 33.1449
FLATHEAD 7 2020 CUCI 33.3879
FLATHEAD 7 2020 CMedian 33.2477
FLATHEAD 7 2020 CMean 33.2543
FLATHEAD 7 2020 CStdn 0.075409
FLATHEAD 7 2021 Cabc 16.2275
FLATHEAD 7 2021 Cofl 17.6194
FLATHEAD 7 2021 CLCI 28.4122
FLATHEAD 7 2021 CUCI 29.0491
FLATHEAD 7 2021 CMedian 28.6853
FLATHEAD 7 2021 CMean 28.7003
FLATHEAD 7 2021 CStdn 0.200861
FLATHEAD 7 2022 Cabc 16.2275
FLATHEAD 7 2022 Cofl 17.6194
FLATHEAD 7 2022 CLCI 24.4478
FLATHEAD 7 2022 CUCI 25.7984
FLATHEAD 7 2022 CMedian 25.0364
FLATHEAD 7 2022 CMean 25.0661
FLATHEAD 7 2022 CStdn 0.424615
FLATHEAD 7 2023 Cabc 16.2275
FLATHEAD 7 2023 Cofl 17.6194
FLATHEAD 7 2023 CLCI 21.1882
FLATHEAD 7 2023 CUCI 23.4359
FLATHEAD 7 2023 CMedian 22.1963
FLATHEAD 7 2023 CMean 22.2424
FLATHEAD 7 2023 CStdn 0.729025
FLATHEAD 7 2024 Cabc 16.2275
FLATHEAD 7 2024 Cofl 17.6194
FLATHEAD 7 2024 CLCI 18.6901
FLATHEAD 7 2024 CUCI 21.8918
FLATHEAD 7 2024 CMedian 20.1374
FLATHEAD 7 2024 CMean 20.1865
FLATHEAD 7 2024 CStdn 1.0413
FLATHEAD 7 2025 Cabc 16.2275
FLATHEAD 7 2025 Cofl 17.6194
FLATHEAD 7 2025 CLCI 15.7058
FLATHEAD 7 2025 CUCI 20.8448
FLATHEAD 7 2025 CMedian 18.7113
FLATHEAD 7 2025 CMean 18.5217
FLATHEAD 7 2025 CStdn 1.60548
FLATHEAD 7 2026 Cabc 16.2275
FLATHEAD 7 2026 Cofl 17.6194
FLATHEAD 7 2026 CLCI 14.0975
FLATHEAD 7 2026 CUCI 20.1325
FLATHEAD 7 2026 CMedian 17.1719
FLATHEAD 7 2026 CMean 17.1958
FLATHEAD 7 2026 CStdn 1.95234
FLATHEAD 7 2027 Cabc 16.2275
FLATHEAD 7 2027 Cofl 17.6194
FLATHEAD 7 2027 CLCI 13.4163
FLATHEAD 7 2027 CUCI 19.7016
FLATHEAD 7 2027 CMedian 16.2691
FLATHEAD 7 2027 CMean 16.4495
FLATHEAD 7 2027 CStdn 1.96249
FLATHEAD 7 2028 Cabc 16.2275
FLATHEAD 7 2028 Cofl 17.6194
FLATHEAD 7 2028 CLCI 13.1966
FLATHEAD 7 2028 CUCI 19.3316
FLATHEAD 7 2028 CMedian 15.9554
FLATHEAD 7 2028 CMean 16.0963
FLATHEAD 7 2028 CStdn 1.87996
FLATHEAD 7 2029 Cabc 16.2275
FLATHEAD 7 2029 Cofl 17.6194
FLATHEAD 7 2029 CLCI 13.174
FLATHEAD 7 2029 CUCI 19.1355
FLATHEAD 7 2029 CMedian 15.7689
FLATHEAD 7 2029 CMean 15.9582
FLATHEAD 7 2029 CStdn 1.82132
FLATHEAD 7 2030 Cabc 16.2275
FLATHEAD 7 2030 Cofl 17.6194
FLATHEAD 7 2030 CLCI 13.2119
FLATHEAD 7 2030 CUCI 19.0961
FLATHEAD 7 2030 CMedian 15.7616
FLATHEAD 7 2030 CMean 15.9265
FLATHEAD 7 2030 CStdn 1.80292
FLATHEAD 7 2017 SSBF100 91.5511
FLATHEAD 7 2017 SSBFabc 36.6204
FLATHEAD 7 2017 SSBFofl 32.0429
FLATHEAD 7 2017 SSBLCI 83.2979
FLATHEAD 7 2017 SSBUCI 83.2979
FLATHEAD 7 2017 SSBMedian 83.2979
FLATHEAD 7 2017 SSBMean 83.2979
FLATHEAD 7 2018 SSBF100 91.5511
FLATHEAD 7 2018 SSBFabc 36.6204
FLATHEAD 7 2018 SSBFofl 32.0429
FLATHEAD 7 2018 SSBLCI 85.7503
FLATHEAD 7 2018 SSBUCI 85.7772
FLATHEAD 7 2018 SSBMedian 85.7611
FLATHEAD 7 2018 SSBMean 85.7621
FLATHEAD 7 2019 SSBF100 91.5511
FLATHEAD 7 2019 SSBFabc 36.6204
FLATHEAD 7 2019 SSBFofl 32.0429
FLATHEAD 7 2019 SSBLCI 73.8677
FLATHEAD 7 2019 SSBUCI 73.9891
FLATHEAD 7 2019 SSBMedian 73.9177
FLATHEAD 7 2019 SSBMean 73.9219
FLATHEAD 7 2020 SSBF100 91.5511
FLATHEAD 7 2020 SSBFabc 36.6204
FLATHEAD 7 2020 SSBFofl 32.0429
FLATHEAD 7 2020 SSBLCI 65.7683
FLATHEAD 7 2020 SSBUCI 66.1572
FLATHEAD 7 2020 SSBMedian 65.9328
FLATHEAD 7 2020 SSBMean 65.9432
FLATHEAD 7 2021 SSBF100 91.5511
FLATHEAD 7 2021 SSBFabc 36.6204
FLATHEAD 7 2021 SSBFofl 32.0429
FLATHEAD 7 2021 SSBLCI 56.5967
FLATHEAD 7 2021 SSBUCI 57.586
FLATHEAD 7 2021 SSBMedian 57.0218
FLATHEAD 7 2021 SSBMean 57.0439
FLATHEAD 7 2022 SSBF100 91.5511
FLATHEAD 7 2022 SSBFabc 36.6204
FLATHEAD 7 2022 SSBFofl 32.0429
FLATHEAD 7 2022 SSBLCI 49.0202
FLATHEAD 7 2022 SSBUCI 51.1716
FLATHEAD 7 2022 SSBMedian 49.9545
FLATHEAD 7 2022 SSBMean 50.0012
FLATHEAD 7 2023 SSBF100 91.5511
FLATHEAD 7 2023 SSBFabc 36.6204
FLATHEAD 7 2023 SSBFofl 32.0429
FLATHEAD 7 2023 SSBLCI 42.6603
FLATHEAD 7 2023 SSBUCI 46.5004
FLATHEAD 7 2023 SSBMedian 44.3856
FLATHEAD 7 2023 SSBMean 44.4663
FLATHEAD 7 2024 SSBF100 91.5511
FLATHEAD 7 2024 SSBFabc 36.6204
FLATHEAD 7 2024 SSBFofl 32.0429
FLATHEAD 7 2024 SSBLCI 37.6259
FLATHEAD 7 2024 SSBUCI 43.3811
FLATHEAD 7 2024 SSBMedian 40.2164
FLATHEAD 7 2024 SSBMean 40.3273
FLATHEAD 7 2025 SSBF100 91.5511
FLATHEAD 7 2025 SSBFabc 36.6204
FLATHEAD 7 2025 SSBFofl 32.0429
FLATHEAD 7 2025 SSBLCI 33.8887
FLATHEAD 7 2025 SSBUCI 41.256
FLATHEAD 7 2025 SSBMedian 37.2616
FLATHEAD 7 2025 SSBMean 37.3955
FLATHEAD 7 2026 SSBF100 91.5511
FLATHEAD 7 2026 SSBFabc 36.6204
FLATHEAD 7 2026 SSBFofl 32.0429
FLATHEAD 7 2026 SSBLCI 31.984
FLATHEAD 7 2026 SSBUCI 39.7857
FLATHEAD 7 2026 SSBMedian 35.2834
FLATHEAD 7 2026 SSBMean 35.5323
FLATHEAD 7 2027 SSBF100 91.5511
FLATHEAD 7 2027 SSBFabc 36.6204
FLATHEAD 7 2027 SSBFofl 32.0429
FLATHEAD 7 2027 SSBLCI 31.1049
FLATHEAD 7 2027 SSBUCI 38.749
FLATHEAD 7 2027 SSBMedian 34.2644
FLATHEAD 7 2027 SSBMean 34.5281
FLATHEAD 7 2028 SSBF100 91.5511
FLATHEAD 7 2028 SSBFabc 36.6204
FLATHEAD 7 2028 SSBFofl 32.0429
FLATHEAD 7 2028 SSBLCI 30.8214
FLATHEAD 7 2028 SSBUCI 38.0173
FLATHEAD 7 2028 SSBMedian 33.8426
FLATHEAD 7 2028 SSBMean 34.0442
FLATHEAD 7 2029 SSBF100 91.5511
FLATHEAD 7 2029 SSBFabc 36.6204
FLATHEAD 7 2029 SSBFofl 32.0429
FLATHEAD 7 2029 SSBLCI 30.6893
FLATHEAD 7 2029 SSBUCI 37.5487
FLATHEAD 7 2029 SSBMedian 33.6528
FLATHEAD 7 2029 SSBMean 33.8388
FLATHEAD 7 2030 SSBF100 91.5511
FLATHEAD 7 2030 SSBFabc 36.6204
FLATHEAD 7 2030 SSBFofl 32.0429
FLATHEAD 7 2030 SSBLCI 30.7395
FLATHEAD 7 2030 SSBUCI 37.3903
FLATHEAD 7 2030 SSBMedian 33.5633
FLATHEAD 7 2030 SSBMean 33.7754
FLATHEAD 7 2017 F0 0 
FLATHEAD 7 2017 Fabc 0.284074
FLATHEAD 7 2017 Fofl 0.355733
FLATHEAD 7 2017  F_LCI 0.0153602
FLATHEAD 7 2017  F_UCI 0.0153602
FLATHEAD 7 2017  F_Median 0.0153602
FLATHEAD 7 2017  F_Mean 0.0153602
FLATHEAD 7 2018 F0 0 
FLATHEAD 7 2018 Fabc 0.284074
FLATHEAD 7 2018 Fofl 0.355733
FLATHEAD 7 2018  F_LCI 0.284074
FLATHEAD 7 2018  F_UCI 0.284074
FLATHEAD 7 2018  F_Median 0.284074
FLATHEAD 7 2018  F_Mean 0.284074
FLATHEAD 7 2019 F0 0 
FLATHEAD 7 2019 Fabc 0.284074
FLATHEAD 7 2019 Fofl 0.355733
FLATHEAD 7 2019  F_LCI 0.284074
FLATHEAD 7 2019  F_UCI 0.284074
FLATHEAD 7 2019  F_Median 0.284074
FLATHEAD 7 2019  F_Mean 0.284074
FLATHEAD 7 2020 F0 0 
FLATHEAD 7 2020 Fabc 0.284074
FLATHEAD 7 2020 Fofl 0.355733
FLATHEAD 7 2020  F_LCI 0.355733
FLATHEAD 7 2020  F_UCI 0.355733
FLATHEAD 7 2020  F_Median 0.355733
FLATHEAD 7 2020  F_Mean 0.355733
FLATHEAD 7 2021 F0 0 
FLATHEAD 7 2021 Fabc 0.284074
FLATHEAD 7 2021 Fofl 0.355733
FLATHEAD 7 2021  F_LCI 0.355733
FLATHEAD 7 2021  F_UCI 0.355733
FLATHEAD 7 2021  F_Median 0.355733
FLATHEAD 7 2021  F_Mean 0.355733
FLATHEAD 7 2022 F0 0 
FLATHEAD 7 2022 Fabc 0.284074
FLATHEAD 7 2022 Fofl 0.355733
FLATHEAD 7 2022  F_LCI 0.355733
FLATHEAD 7 2022  F_UCI 0.355733
FLATHEAD 7 2022  F_Median 0.355733
FLATHEAD 7 2022  F_Mean 0.355733
FLATHEAD 7 2023 F0 0 
FLATHEAD 7 2023 Fabc 0.284074
FLATHEAD 7 2023 Fofl 0.355733
FLATHEAD 7 2023  F_LCI 0.355733
FLATHEAD 7 2023  F_UCI 0.355733
FLATHEAD 7 2023  F_Median 0.355733
FLATHEAD 7 2023  F_Mean 0.355733
FLATHEAD 7 2024 F0 0 
FLATHEAD 7 2024 Fabc 0.284074
FLATHEAD 7 2024 Fofl 0.355733
FLATHEAD 7 2024  F_LCI 0.355733
FLATHEAD 7 2024  F_UCI 0.355733
FLATHEAD 7 2024  F_Median 0.355733
FLATHEAD 7 2024  F_Mean 0.355699
FLATHEAD 7 2025 F0 0 
FLATHEAD 7 2025 Fabc 0.284074
FLATHEAD 7 2025 Fofl 0.355733
FLATHEAD 7 2025  F_LCI 0.327801
FLATHEAD 7 2025  F_UCI 0.355733
FLATHEAD 7 2025  F_Median 0.355733
FLATHEAD 7 2025  F_Mean 0.349759
FLATHEAD 7 2026 F0 0 
FLATHEAD 7 2026 Fabc 0.284074
FLATHEAD 7 2026 Fofl 0.355733
FLATHEAD 7 2026  F_LCI 0.308324
FLATHEAD 7 2026  F_UCI 0.355733
FLATHEAD 7 2026  F_Median 0.342061
FLATHEAD 7 2026  F_Mean 0.338784
FLATHEAD 7 2027 F0 0 
FLATHEAD 7 2027 Fabc 0.284074
FLATHEAD 7 2027 Fofl 0.355733
FLATHEAD 7 2027  F_LCI 0.299335
FLATHEAD 7 2027  F_UCI 0.355733
FLATHEAD 7 2027  F_Median 0.331642
FLATHEAD 7 2027  F_Mean 0.331451
FLATHEAD 7 2028 F0 0 
FLATHEAD 7 2028 Fabc 0.284074
FLATHEAD 7 2028 Fofl 0.355733
FLATHEAD 7 2028  F_LCI 0.296437
FLATHEAD 7 2028  F_UCI 0.355733
FLATHEAD 7 2028  F_Median 0.327329
FLATHEAD 7 2028  F_Mean 0.32765
FLATHEAD 7 2029 F0 0 
FLATHEAD 7 2029 Fabc 0.284074
FLATHEAD 7 2029 Fofl 0.355733
FLATHEAD 7 2029  F_LCI 0.295085
FLATHEAD 7 2029  F_UCI 0.355733
FLATHEAD 7 2029  F_Median 0.325388
FLATHEAD 7 2029  F_Mean 0.325997
FLATHEAD 7 2030 F0 0 
FLATHEAD 7 2030 Fabc 0.284074
FLATHEAD 7 2030 Fofl 0.355733
FLATHEAD 7 2030  F_LCI 0.295599
FLATHEAD 7 2030  F_UCI 0.355733
FLATHEAD 7 2030  F_Median 0.324473
FLATHEAD 7 2030  F_Mean 0.325457
