Alternative 1 Catch
     FLATHEAD 
Equil_Fabc 16.2275 
Year 
2017 2.05 
2018 2.202 
2019 2.668 
2020 1.911 
2021 0.672999 
2022 2.251 
2023 2.251 
2024 39.5778 
2025 31.6159 
2026 26.0477 
2027 22.2658 
2028 19.7554 
2029 18.116 
2030 17.0537 

Alternative 1 ABCs
     FLATHEAD 

Year 
2017 34.1452 
2018 35.2653 
2019 36.7555 
2020 38.1918 
2021 39.3874 
2022 40.1754 
2023 40.0461 
2024 39.5778 
2025 31.6159 
2026 26.0477 
2027 22.2658 
2028 19.7554 
2029 18.116 
2030 17.0537 

Alternative 1 TACs
     FLATHEAD 

Year 
2017  NA 
2018  NA 
2019  NA 
2020  NA 
2021  NA 
2022  NA 
2023  NA 
2024 39.5778 
2025 31.6159 
2026 26.0477 
2027 22.2658 
2028 19.7554 
2029 18.116 
2030 17.0537 

Alternative 1 Sp_Biomass
     FLATHEAD 
Equil_Fabc 36.6204 
Year 
2017 83.2979 
2018 85.7621 
2019 89.1405 
2020 92.4575 
2021 95.3636 
2022 97.614 
2023 97.8755 
2024 97.2617 
2025 77.9823 
2026 64.2749 
2027 54.8151 
2028 48.4388 
2029 44.2192 
2030 41.4764 

Alternative 1 Fishing Mortality
     FLATHEAD 
Equil_Fabc 0.284074 
Year 
2017 0.0153602 
2018 0.0160119 
2019 0.0186438 
2020 0.0128048 
2021 0.004347 
2022 0.0142824 
2023 0.0143154 
2024 0.284074 
2025 0.284074 
2026 0.284074 
2027 0.284074 
2028 0.284074 
2029 0.284048 
2030 0.283804 

Alternative 1 Biomass
     FLATHEAD 

Year 
2017 277.62 
2018 281.629 
2019 283.153 
2020 282.352 
2021 281.032 
2022 279.975 
2023 276.796 
2024 273.461 
2025 235.135 
2026 209.204 
2027 191.988 
2028 180.785 
2029 173.357 
2030 168.578 

Alternative 1 Implied SPR rate 
     FLATHEAD 
Equil_Fabc 0.4 
Year 
2017 0.923009 
2018 0.920003 
2019 0.90806 
2020 0.934988 
2021 0.976944 
2022 0.928024 
2023 0.92787 
2024 0.4 
2025 0.4 
2026 0.4 
2027 0.4 
2028 0.4 
2029 0.400021 
2030 0.400225 

  FLATHEAD 
EquilAvgAgeF0  5.49174 
EquilAvgAgeFabc  3.88395 
AvgAgeYr2030 4.02829 
Alternative 2 Catch
     FLATHEAD 
Equil_Fabc 16.2275 
Year 
2017 2.05 
2018 2.202 
2019 2.668 
2020 1.911 
2021 0.672999 
2022 2.251 
2023 2.251 
2024 39.5778 
2025 31.6159 
2026 26.0477 
2027 22.2658 
2028 19.7554 
2029 18.116 
2030 17.0537 

Alternative 2 ABCs
     FLATHEAD 

Year 
2017 34.1452 
2018 35.2653 
2019 36.7555 
2020 38.1918 
2021 39.3874 
2022 40.1754 
2023 40.0461 
2024 39.5778 
2025 31.6159 
2026 26.0477 
2027 22.2658 
2028 19.7554 
2029 18.116 
2030 17.0537 

Alternative 2 TACs
     FLATHEAD 

Year 
2017  NA 
2018  NA 
2019  NA 
2020  NA 
2021  NA 
2022  NA 
2023  NA 
2024 39.5778 
2025 31.6159 
2026 26.0477 
2027 22.2658 
2028 19.7554 
2029 18.116 
2030 17.0537 

Alternative 2 Sp_Biomass
     FLATHEAD 
Equil_Fabc 36.6204 
Year 
2017 83.2979 
2018 85.7621 
2019 89.1405 
2020 92.4575 
2021 95.3636 
2022 97.614 
2023 97.8755 
2024 97.2617 
2025 77.9823 
2026 64.2749 
2027 54.8151 
2028 48.4388 
2029 44.2192 
2030 41.4764 

Alternative 2 Fishing Mortality
     FLATHEAD 
Equil_Fabc 0.284074 
Year 
2017 0.0153602 
2018 0.0160119 
2019 0.0186438 
2020 0.0128048 
2021 0.004347 
2022 0.0142824 
2023 0.0143154 
2024 0.284074 
2025 0.284074 
2026 0.284074 
2027 0.284074 
2028 0.284074 
2029 0.284048 
2030 0.283804 

Alternative 2 Biomass
     FLATHEAD 

Year 
2017 277.62 
2018 281.629 
2019 283.153 
2020 282.352 
2021 281.032 
2022 279.975 
2023 276.796 
2024 273.461 
2025 235.135 
2026 209.204 
2027 191.988 
2028 180.785 
2029 173.357 
2030 168.578 

Alternative 2 Implied SPR rate 
     FLATHEAD 
Equil_Fabc 0.4 
Year 
2017 0.923009 
2018 0.920003 
2019 0.90806 
2020 0.934988 
2021 0.976944 
2022 0.928024 
2023 0.92787 
2024 0.4 
2025 0.4 
2026 0.4 
2027 0.4 
2028 0.4 
2029 0.400021 
2030 0.400225 

  FLATHEAD 
EquilAvgAgeF0  5.49174 
EquilAvgAgeFabc  3.88395 
AvgAgeYr2030 4.02829 
Alternative 3 Catch
     FLATHEAD 
Equil_Fabc 16.2275 
Year 
2017 2.05 
2018 2.202 
2019 2.668 
2020 1.911 
2021 0.672999 
2022 2.251 
2023 2.251 
2024 2.63466 
2025 2.58912 
2026 2.54228 
2027 2.49872 
2028 2.46046 
2029 2.42748 
2030 2.39958 

Alternative 3 ABCs
     FLATHEAD 

Year 
2017 2.26221 
2018 2.33168 
2019 2.42879 
2020 2.52714 
2021 2.61258 
2022 2.67042 
2023 2.66471 
2024 2.63466 
2025 2.58912 
2026 2.54228 
2027 2.49872 
2028 2.46046 
2029 2.42748 
2030 2.39958 

Alternative 3 TACs
     FLATHEAD 

Year 
2017  NA 
2018  NA 
2019  NA 
2020  NA 
2021  NA 
2022  NA 
2023  NA 
2024 2.63466 
2025 2.58912 
2026 2.54228 
2027 2.49872 
2028 2.46046 
2029 2.42748 
2030 2.39958 

Alternative 3 Sp_Biomass
     FLATHEAD 
Equil_Fabc 36.6204 
Year 
2017 83.2979 
2018 85.7621 
2019 89.1405 
2020 92.4575 
2021 95.3636 
2022 97.614 
2023 97.8755 
2024 97.2617 
2025 95.9416 
2026 94.4372 
2027 92.9374 
2028 91.5427 
2029 90.2966 
2030 89.2187 

Alternative 3 Fishing Mortality
     FLATHEAD 
Equil_Fabc 0.284074 
Year 
2017 0.0153602 
2018 0.0160119 
2019 0.0186438 
2020 0.0128048 
2021 0.004347 
2022 0.0142824 
2023 0.0143154 
2024 0.0169611 
2025 0.0169611 
2026 0.0169611 
2027 0.0169611 
2028 0.0169611 
2029 0.0169611 
2030 0.0169611 

Alternative 3 Biomass
     FLATHEAD 

Year 
2017 277.62 
2018 281.629 
2019 283.153 
2020 282.352 
2021 281.032 
2022 279.975 
2023 276.796 
2024 273.461 
2025 269.886 
2026 266.674 
2027 263.836 
2028 261.42 
2029 259.142 
2030 257.214 

Alternative 3 Implied SPR rate 
     FLATHEAD 
Equil_Fabc 0.4 
Year 
2017 0.923009 
2018 0.920003 
2019 0.90806 
2020 0.934988 
2021 0.976944 
2022 0.928024 
2023 0.92787 
2024 0.91566 
2025 0.91566 
2026 0.91566 
2027 0.91566 
2028 0.91566 
2029 0.91566 
2030 0.91566 

  FLATHEAD 
EquilAvgAgeF0  5.49174 
EquilAvgAgeFabc  3.88395 
AvgAgeYr2030 5.4158 
Alternative 4 Catch
     FLATHEAD 
Equil_Fabc 16.2275 
Year 
2017 2.05 
2018 2.202 
2019 2.668 
2020 1.911 
2021 0.672999 
2022 2.251 
2023 2.251 
2024 9.36838 
2025 8.88723 
2026 8.45746 
2027 8.0918 
2028 7.79063 
2029 7.54643 
2030 7.35122 

Alternative 4 ABCs
     FLATHEAD 

Year 
2017 8.05035 
2018 8.30043 
2019 8.6471 
2020 8.99526 
2021 9.29557 
2022 9.49798 
2023 9.47591 
2024 9.36838 
2025 8.88723 
2026 8.45746 
2027 8.0918 
2028 7.79063 
2029 7.54643 
2030 7.35122 

Alternative 4 TACs
     FLATHEAD 

Year 
2017  NA 
2018  NA 
2019  NA 
2020  NA 
2021  NA 
2022  NA 
2023  NA 
2024 9.36838 
2025 8.88723 
2026 8.45746 
2027 8.0918 
2028 7.79063 
2029 7.54643 
2030 7.35122 

Alternative 4 Sp_Biomass
     FLATHEAD 
Equil_Fabc 36.6204 
Year 
2017 83.2979 
2018 85.7621 
2019 89.1405 
2020 92.4575 
2021 95.3636 
2022 97.614 
2023 97.8755 
2024 97.2617 
2025 92.6435 
2026 88.3804 
2027 84.6434 
2028 81.4786 
2029 78.8593 
2030 76.7338 

Alternative 4 Fishing Mortality
     FLATHEAD 
Equil_Fabc 0.284074 
Year 
2017 0.0153602 
2018 0.0160119 
2019 0.0186438 
2020 0.0128048 
2021 0.004347 
2022 0.0142824 
2023 0.0143154 
2024 0.0614374 
2025 0.0614374 
2026 0.0614374 
2027 0.0614374 
2028 0.0614374 
2029 0.0614374 
2030 0.0614374 

Alternative 4 Biomass
     FLATHEAD 

Year 
2017 277.62 
2018 281.629 
2019 283.153 
2020 282.352 
2021 281.032 
2022 279.975 
2023 276.796 
2024 273.461 
2025 263.538 
2026 255.248 
2027 248.422 
2028 242.923 
2029 238.291 
2030 234.587 

Alternative 4 Implied SPR rate 
     FLATHEAD 
Equil_Fabc 0.4 
Year 
2017 0.923009 
2018 0.920003 
2019 0.90806 
2020 0.934988 
2021 0.976944 
2022 0.928024 
2023 0.92787 
2024 0.75 
2025 0.75 
2026 0.75 
2027 0.75 
2028 0.75 
2029 0.75 
2030 0.75 

  FLATHEAD 
EquilAvgAgeF0  5.49174 
EquilAvgAgeFabc  3.88395 
AvgAgeYr2030 5.06692 
Alternative 5 Catch
     FLATHEAD 
Equil_Fabc 16.2275 
Year 
2017 2.05 
2018 2.202 
2019 2.668 
2020 1.911 
2021 0.672999 
2022 2.251 
2023 2.251 
2024  NA 
2025  NA 
2026  NA 
2027  NA 
2028  NA 
2029  NA 
2030  NA 

Alternative 5 ABCs
     FLATHEAD 

Year 
2017  NA 
2018  NA 
2019  NA 
2020  NA 
2021  NA 
2022  NA 
2023  NA 
2024  NA 
2025  NA 
2026  NA 
2027  NA 
2028  NA 
2029  NA 
2030  NA 

Alternative 5 TACs
     FLATHEAD 

Year 
2017  NA 
2018  NA 
2019  NA 
2020  NA 
2021  NA 
2022  NA 
2023  NA 
2024  NA 
2025  NA 
2026  NA 
2027  NA 
2028  NA 
2029  NA 
2030  NA 

Alternative 5 Sp_Biomass
     FLATHEAD 
Equil_Fabc 36.6204 
Year 
2017 83.2979 
2018 85.7621 
2019 89.1405 
2020 92.4575 
2021 95.3636 
2022 97.614 
2023 97.8755 
2024 97.2617 
2025 97.2347 
2026 96.8762 
2027 96.3633 
2028 95.8006 
2029 95.2446 
2030 94.7321 

Alternative 5 Fishing Mortality
     FLATHEAD 
Equil_Fabc 0.284074 
Year 
2017 0.0153602 
2018 0.0160119 
2019 0.0186438 
2020 0.0128048 
2021 0.004347 
2022 0.0142824 
2023 0.0143154 
2024  NA 
2025  NA 
2026  NA 
2027  NA 
2028  NA 
2029  NA 
2030  NA 

Alternative 5 Biomass
     FLATHEAD 

Year 
2017 277.62 
2018 281.629 
2019 283.153 
2020 282.352 
2021 281.032 
2022 279.975 
2023 276.796 
2024 273.461 
2025 272.371 
2026 271.263 
2027 270.179 
2028 269.209 
2029 268.111 
2030 267.14 

Alternative 5 Implied SPR rate 
     FLATHEAD 
Equil_Fabc 0.4 
Year 
2017 0.923009 
2018 0.920003 
2019 0.90806 
2020 0.934988 
2021 0.976944 
2022 0.928024 
2023 0.92787 
2024 1 
2025 1 
2026 1 
2027 1 
2028 1 
2029 1 
2030 1 

  FLATHEAD 
EquilAvgAgeF0  5.49174 
EquilAvgAgeFabc  3.88395 
AvgAgeYr2030 5.56606 
Alternative 6 Catch
     FLATHEAD 
Equil_Fabc 16.2275 
Year 
2017 2.05 
2018 43.0097 
2019 35.4785 
2020 30.5539 
2021 26.8692 
2022 23.8681 
2023 21.4848 
2024 19.7104 
2025 18.1307 
2026 16.9681 
2027 16.3434 
2028 16.0562 
2029 15.9485 
2030 15.9279 

Alternative 6 ABCs
     FLATHEAD 

Year 
2017 41.6219 
2018 43.0097 
2019 35.4785 
2020 30.5539 
2021 26.8692 
2022 23.8681 
2023 21.4848 
2024 19.7104 
2025 18.1307 
2026 16.9681 
2027 16.3434 
2028 16.0562 
2029 15.9485 
2030 15.9279 

Alternative 6 TACs
     FLATHEAD 

Year 
2017  NA 
2018 43.0097 
2019 35.4785 
2020 30.5539 
2021 26.8692 
2022 23.8681 
2023 21.4848 
2024 19.7104 
2025 18.1307 
2026 16.9681 
2027 16.3434 
2028 16.0562 
2029 15.9485 
2030 15.9279 

Alternative 6 Sp_Biomass
     FLATHEAD 
Equil_Fabc 36.6204 
Year 
2017 83.2979 
2018 85.7621 
2019 70.4177 
2020 60.5861 
2021 53.3949 
2022 47.587 
2023 42.9164 
2024 39.3575 
2025 36.8053 
2026 35.2242 
2027 34.3868 
2028 33.9885 
2029 33.8224 
2030 33.7741 

Alternative 6 Fishing Mortality
     FLATHEAD 
Equil_Fabc 0.284074 
Year 
2017 0.0153602 
2018 0.355733 
2019 0.355733 
2020 0.355733 
2021 0.355733 
2022 0.355733 
2023 0.355733 
2024 0.355481 
2025 0.347125 
2026 0.336716 
2027 0.33038 
2028 0.327214 
2029 0.325879 
2030 0.32546 

Alternative 6 Biomass
     FLATHEAD 

Year 
2017 277.62 
2018 281.629 
2019 244.495 
2020 217.361 
2021 197.097 
2022 182.065 
2023 171.329 
2024 163.946 
2025 159.116 
2026 156.431 
2027 155.222 
2028 154.841 
2029 154.6 
2030 154.511 

Alternative 6 Implied SPR rate 
     FLATHEAD 
Equil_Fabc 0.4 
Year 
2017 0.923009 
2018 0.35 
2019 0.35 
2020 0.35 
2021 0.35 
2022 0.35 
2023 0.35 
2024 0.350155 
2025 0.355458 
2026 0.362302 
2027 0.366552 
2028 0.368673 
2029 0.369558 
2030 0.369831 

  FLATHEAD 
EquilAvgAgeF0  5.49174 
EquilAvgAgeFabc  3.88395 
AvgAgeYr2030 3.81456 
Alternative 7 Catch
     FLATHEAD 
Equil_Fabc 16.2275 
Year 
2017 2.05 
2018 35.2653 
2019 30.4996 
2020 33.2543 
2021 28.7003 
2022 25.0661 
2023 22.2424 
2024 20.1865 
2025 18.5217 
2026 17.1958 
2027 16.4495 
2028 16.0963 
2029 15.9582 
2030 15.9265 

Alternative 7 ABCs
     FLATHEAD 

Year 
2017 41.6219 
2018 43.0097 
2019 37.232 
2020 33.2544 
2021 28.7003 
2022 25.0662 
2023 22.2424 
2024 20.1865 
2025 18.5217 
2026 17.1958 
2027 16.4495 
2028 16.0963 
2029 15.9582 
2030 15.9265 

Alternative 7 TACs
     FLATHEAD 

Year 
2017  NA 
2018 43.0097 
2019 37.232 
2020 33.2544 
2021 28.7003 
2022 25.0662 
2023 22.2424 
2024 20.1865 
2025 18.5217 
2026 17.1958 
2027 16.4495 
2028 16.0963 
2029 15.9582 
2030 15.9265 

Alternative 7 Sp_Biomass
     FLATHEAD 
Equil_Fabc 36.6204 
Year 
2017 83.2979 
2018 85.7621 
2019 73.9219 
2020 65.9432 
2021 57.0439 
2022 50.0012 
2023 44.4663 
2024 40.3273 
2025 37.3955 
2026 35.5323 
2027 34.5281 
2028 34.0442 
2029 33.8388 
2030 33.7754 

Alternative 7 Fishing Mortality
     FLATHEAD 
Equil_Fabc 0.284074 
Year 
2017 0.0153602 
2018 0.284074 
2019 0.284074 
2020 0.355733 
2021 0.355733 
2022 0.355733 
2023 0.355733 
2024 0.355699 
2025 0.349759 
2026 0.338784 
2027 0.331451 
2028 0.32765 
2029 0.325997 
2030 0.325457 

Alternative 7 Biomass
     FLATHEAD 

Year 
2017 277.62 
2018 281.629 
2019 251.816 
2020 228.524 
2021 204.341 
2022 186.645 
2023 174.159 
2024 165.665 
2025 160.136 
2026 156.926 
2027 155.419 
2028 154.899 
2029 154.602 
2030 154.499 

Alternative 7 Implied SPR rate 
     FLATHEAD 
Equil_Fabc 0.4 
Year 
2017 0.923009 
2018 0.4 
2019 0.4 
2020 0.35 
2021 0.35 
2022 0.35 
2023 0.35 
2024 0.350021 
2025 0.353766 
2026 0.360934 
2027 0.365835 
2028 0.36838 
2029 0.369479 
2030 0.369835 

  FLATHEAD 
EquilAvgAgeF0  5.49174 
EquilAvgAgeFabc  3.88395 
AvgAgeYr2030 3.81492 
