FLATHEAD 1 2017 Cabc 16.2275
FLATHEAD 1 2017 Cofl 17.6194
FLATHEAD 1 2017 CLCI 2.05
FLATHEAD 1 2017 CUCI 2.05
FLATHEAD 1 2017 CMedian 2.05
FLATHEAD 1 2017 CMean 2.05
FLATHEAD 1 2017 CStdn 3.10862e-15
FLATHEAD 1 2018 Cabc 16.2275
FLATHEAD 1 2018 Cofl 17.6194
FLATHEAD 1 2018 CLCI 2.202
FLATHEAD 1 2018 CUCI 2.202
FLATHEAD 1 2018 CMedian 2.202
FLATHEAD 1 2018 CMean 2.202
FLATHEAD 1 2018 CStdn 7.12347e-11
FLATHEAD 1 2019 Cabc 16.2275
FLATHEAD 1 2019 Cofl 17.6194
FLATHEAD 1 2019 CLCI 2.668
FLATHEAD 1 2019 CUCI 2.668
FLATHEAD 1 2019 CMedian 2.668
FLATHEAD 1 2019 CMean 2.668
FLATHEAD 1 2019 CStdn 2.30828e-10
FLATHEAD 1 2020 Cabc 16.2275
FLATHEAD 1 2020 Cofl 17.6194
FLATHEAD 1 2020 CLCI 1.911
FLATHEAD 1 2020 CUCI 1.911
FLATHEAD 1 2020 CMedian 1.911
FLATHEAD 1 2020 CMean 1.911
FLATHEAD 1 2020 CStdn 1.50406e-09
FLATHEAD 1 2021 Cabc 16.2275
FLATHEAD 1 2021 Cofl 17.6194
FLATHEAD 1 2021 CLCI 0.672999
FLATHEAD 1 2021 CUCI 0.673
FLATHEAD 1 2021 CMedian 0.672999
FLATHEAD 1 2021 CMean 0.672999
FLATHEAD 1 2021 CStdn 9.2073e-09
FLATHEAD 1 2022 Cabc 16.2275
FLATHEAD 1 2022 Cofl 17.6194
FLATHEAD 1 2022 CLCI 2.251
FLATHEAD 1 2022 CUCI 2.251
FLATHEAD 1 2022 CMedian 2.251
FLATHEAD 1 2022 CMean 2.251
FLATHEAD 1 2022 CStdn 7.0392e-08
FLATHEAD 1 2023 Cabc 16.2275
FLATHEAD 1 2023 Cofl 17.6194
FLATHEAD 1 2023 CLCI 2.251
FLATHEAD 1 2023 CUCI 2.251
FLATHEAD 1 2023 CMedian 2.251
FLATHEAD 1 2023 CMean 2.251
FLATHEAD 1 2023 CStdn 1.13365e-07
FLATHEAD 1 2024 Cabc 16.2275
FLATHEAD 1 2024 Cofl 17.6194
FLATHEAD 1 2024 CLCI 38.0934
FLATHEAD 1 2024 CUCI 41.226
FLATHEAD 1 2024 CMedian 39.5258
FLATHEAD 1 2024 CMean 39.5778
FLATHEAD 1 2024 CStdn 1.02266
FLATHEAD 1 2025 Cabc 16.2275
FLATHEAD 1 2025 Cofl 17.6194
FLATHEAD 1 2025 CLCI 29.7711
FLATHEAD 1 2025 CUCI 33.6282
FLATHEAD 1 2025 CMedian 31.5455
FLATHEAD 1 2025 CMean 31.6159
FLATHEAD 1 2025 CStdn 1.23495
FLATHEAD 1 2026 Cabc 16.2275
FLATHEAD 1 2026 Cofl 17.6194
FLATHEAD 1 2026 CLCI 24.0228
FLATHEAD 1 2026 CUCI 28.2842
FLATHEAD 1 2026 CMedian 25.9731
FLATHEAD 1 2026 CMean 26.0477
FLATHEAD 1 2026 CStdn 1.32436
FLATHEAD 1 2027 Cabc 16.2275
FLATHEAD 1 2027 Cofl 17.6194
FLATHEAD 1 2027 CLCI 20.2648
FLATHEAD 1 2027 CUCI 24.5168
FLATHEAD 1 2027 CMedian 22.2077
FLATHEAD 1 2027 CMean 22.2658
FLATHEAD 1 2027 CStdn 1.32406
FLATHEAD 1 2028 Cabc 16.2275
FLATHEAD 1 2028 Cofl 17.6194
FLATHEAD 1 2028 CLCI 17.7661
FLATHEAD 1 2028 CUCI 21.9582
FLATHEAD 1 2028 CMedian 19.6605
FLATHEAD 1 2028 CMean 19.7554
FLATHEAD 1 2028 CStdn 1.29168
FLATHEAD 1 2029 Cabc 16.2275
FLATHEAD 1 2029 Cofl 17.6194
FLATHEAD 1 2029 CLCI 16.1043
FLATHEAD 1 2029 CUCI 20.2899
FLATHEAD 1 2029 CMedian 18.0453
FLATHEAD 1 2029 CMean 18.116
FLATHEAD 1 2029 CStdn 1.26612
FLATHEAD 1 2030 Cabc 16.2275
FLATHEAD 1 2030 Cofl 17.6194
FLATHEAD 1 2030 CLCI 15.196
FLATHEAD 1 2030 CUCI 19.2186
FLATHEAD 1 2030 CMedian 16.9614
FLATHEAD 1 2030 CMean 17.0537
FLATHEAD 1 2030 CStdn 1.27798
FLATHEAD 1 2017 SSBF100 91.5511
FLATHEAD 1 2017 SSBFabc 36.6204
FLATHEAD 1 2017 SSBFofl 32.0429
FLATHEAD 1 2017 SSBLCI 83.2979
FLATHEAD 1 2017 SSBUCI 83.2979
FLATHEAD 1 2017 SSBMedian 83.2979
FLATHEAD 1 2017 SSBMean 83.2979
FLATHEAD 1 2018 SSBF100 91.5511
FLATHEAD 1 2018 SSBFabc 36.6204
FLATHEAD 1 2018 SSBFofl 32.0429
FLATHEAD 1 2018 SSBLCI 85.7503
FLATHEAD 1 2018 SSBUCI 85.7772
FLATHEAD 1 2018 SSBMedian 85.7611
FLATHEAD 1 2018 SSBMean 85.7621
FLATHEAD 1 2019 SSBF100 91.5511
FLATHEAD 1 2019 SSBFabc 36.6204
FLATHEAD 1 2019 SSBFofl 32.0429
FLATHEAD 1 2019 SSBLCI 89.0861
FLATHEAD 1 2019 SSBUCI 89.2078
FLATHEAD 1 2019 SSBMedian 89.1362
FLATHEAD 1 2019 SSBMean 89.1405
FLATHEAD 1 2020 SSBF100 91.5511
FLATHEAD 1 2020 SSBFabc 36.6204
FLATHEAD 1 2020 SSBFofl 32.0429
FLATHEAD 1 2020 SSBLCI 92.281
FLATHEAD 1 2020 SSBUCI 92.6736
FLATHEAD 1 2020 SSBMedian 92.4473
FLATHEAD 1 2020 SSBMean 92.4575
FLATHEAD 1 2021 SSBF100 91.5511
FLATHEAD 1 2021 SSBFabc 36.6204
FLATHEAD 1 2021 SSBFofl 32.0429
FLATHEAD 1 2021 SSBLCI 94.9086
FLATHEAD 1 2021 SSBUCI 95.9169
FLATHEAD 1 2021 SSBMedian 95.3403
FLATHEAD 1 2021 SSBMean 95.3636
FLATHEAD 1 2022 SSBF100 91.5511
FLATHEAD 1 2022 SSBFabc 36.6204
FLATHEAD 1 2022 SSBFofl 32.0429
FLATHEAD 1 2022 SSBLCI 96.5935
FLATHEAD 1 2022 SSBUCI 98.8302
FLATHEAD 1 2022 SSBMedian 97.5645
FLATHEAD 1 2022 SSBMean 97.614
FLATHEAD 1 2023 SSBF100 91.5511
FLATHEAD 1 2023 SSBFabc 36.6204
FLATHEAD 1 2023 SSBFofl 32.0429
FLATHEAD 1 2023 SSBLCI 95.9108
FLATHEAD 1 2023 SSBUCI 100.127
FLATHEAD 1 2023 SSBMedian 97.7814
FLATHEAD 1 2023 SSBMean 97.8755
FLATHEAD 1 2024 SSBF100 91.5511
FLATHEAD 1 2024 SSBFabc 36.6204
FLATHEAD 1 2024 SSBFofl 32.0429
FLATHEAD 1 2024 SSBLCI 94.0904
FLATHEAD 1 2024 SSBUCI 100.822
FLATHEAD 1 2024 SSBMedian 97.1021
FLATHEAD 1 2024 SSBMean 97.2617
FLATHEAD 1 2025 SSBF100 91.5511
FLATHEAD 1 2025 SSBFabc 36.6204
FLATHEAD 1 2025 SSBFofl 32.0429
FLATHEAD 1 2025 SSBLCI 73.9057
FLATHEAD 1 2025 SSBUCI 82.5092
FLATHEAD 1 2025 SSBMedian 77.8563
FLATHEAD 1 2025 SSBMean 77.9823
FLATHEAD 1 2026 SSBF100 91.5511
FLATHEAD 1 2026 SSBFabc 36.6204
FLATHEAD 1 2026 SSBFofl 32.0429
FLATHEAD 1 2026 SSBLCI 59.6784
FLATHEAD 1 2026 SSBUCI 69.2721
FLATHEAD 1 2026 SSBMedian 64.1262
FLATHEAD 1 2026 SSBMean 64.2749
FLATHEAD 1 2027 SSBF100 91.5511
FLATHEAD 1 2027 SSBFabc 36.6204
FLATHEAD 1 2027 SSBFofl 32.0429
FLATHEAD 1 2027 SSBLCI 50.1477
FLATHEAD 1 2027 SSBUCI 59.9803
FLATHEAD 1 2027 SSBMedian 54.6795
FLATHEAD 1 2027 SSBMean 54.8151
FLATHEAD 1 2028 SSBF100 91.5511
FLATHEAD 1 2028 SSBFabc 36.6204
FLATHEAD 1 2028 SSBFofl 32.0429
FLATHEAD 1 2028 SSBLCI 43.7222
FLATHEAD 1 2028 SSBUCI 53.7426
FLATHEAD 1 2028 SSBMedian 48.2128
FLATHEAD 1 2028 SSBMean 48.4388
FLATHEAD 1 2029 SSBF100 91.5511
FLATHEAD 1 2029 SSBFabc 36.6204
FLATHEAD 1 2029 SSBFofl 32.0429
FLATHEAD 1 2029 SSBLCI 39.4537
FLATHEAD 1 2029 SSBUCI 49.4975
FLATHEAD 1 2029 SSBMedian 44.0766
FLATHEAD 1 2029 SSBMean 44.2192
FLATHEAD 1 2030 SSBF100 91.5511
FLATHEAD 1 2030 SSBFabc 36.6204
FLATHEAD 1 2030 SSBFofl 32.0429
FLATHEAD 1 2030 SSBLCI 36.9226
FLATHEAD 1 2030 SSBUCI 46.6015
FLATHEAD 1 2030 SSBMedian 41.2341
FLATHEAD 1 2030 SSBMean 41.4764
FLATHEAD 1 2017 F0 0 
FLATHEAD 1 2017 Fabc 0.284074
FLATHEAD 1 2017 Fofl 0.355733
FLATHEAD 1 2017  F_LCI 0.0153602
FLATHEAD 1 2017  F_UCI 0.0153602
FLATHEAD 1 2017  F_Median 0.0153602
FLATHEAD 1 2017  F_Mean 0.0153602
FLATHEAD 1 2018 F0 0 
FLATHEAD 1 2018 Fabc 0.284074
FLATHEAD 1 2018 Fofl 0.355733
FLATHEAD 1 2018  F_LCI 0.0160094
FLATHEAD 1 2018  F_UCI 0.0160138
FLATHEAD 1 2018  F_Median 0.016012
FLATHEAD 1 2018  F_Mean 0.0160119
FLATHEAD 1 2019 F0 0 
FLATHEAD 1 2019 Fabc 0.284074
FLATHEAD 1 2019 Fofl 0.355733
FLATHEAD 1 2019  F_LCI 0.0186296
FLATHEAD 1 2019  F_UCI 0.0186552
FLATHEAD 1 2019  F_Median 0.0186447
FLATHEAD 1 2019  F_Mean 0.0186438
FLATHEAD 1 2020 F0 0 
FLATHEAD 1 2020 Fabc 0.284074
FLATHEAD 1 2020 Fofl 0.355733
FLATHEAD 1 2020  F_LCI 0.0127716
FLATHEAD 1 2020  F_UCI 0.0128318
FLATHEAD 1 2020  F_Median 0.0128064
FLATHEAD 1 2020  F_Mean 0.0128048
FLATHEAD 1 2021 F0 0 
FLATHEAD 1 2021 Fabc 0.284074
FLATHEAD 1 2021 Fofl 0.355733
FLATHEAD 1 2021  F_LCI 0.00431811
FLATHEAD 1 2021  F_UCI 0.00437069
FLATHEAD 1 2021  F_Median 0.00434823
FLATHEAD 1 2021  F_Mean 0.004347
FLATHEAD 1 2022 F0 0 
FLATHEAD 1 2022 Fabc 0.284074
FLATHEAD 1 2022 Fofl 0.355733
FLATHEAD 1 2022  F_LCI 0.0140819
FLATHEAD 1 2022  F_UCI 0.0144533
FLATHEAD 1 2022  F_Median 0.0142895
FLATHEAD 1 2022  F_Mean 0.0142824
FLATHEAD 1 2023 F0 0 
FLATHEAD 1 2023 Fabc 0.284074
FLATHEAD 1 2023 Fofl 0.355733
FLATHEAD 1 2023  F_LCI 0.0139529
FLATHEAD 1 2023  F_UCI 0.0146382
FLATHEAD 1 2023  F_Median 0.0143274
FLATHEAD 1 2023  F_Mean 0.0143154
FLATHEAD 1 2024 F0 0 
FLATHEAD 1 2024 Fabc 0.284074
FLATHEAD 1 2024 Fofl 0.355733
FLATHEAD 1 2024  F_LCI 0.284074
FLATHEAD 1 2024  F_UCI 0.284074
FLATHEAD 1 2024  F_Median 0.284074
FLATHEAD 1 2024  F_Mean 0.284074
FLATHEAD 1 2025 F0 0 
FLATHEAD 1 2025 Fabc 0.284074
FLATHEAD 1 2025 Fofl 0.355733
FLATHEAD 1 2025  F_LCI 0.284074
FLATHEAD 1 2025  F_UCI 0.284074
FLATHEAD 1 2025  F_Median 0.284074
FLATHEAD 1 2025  F_Mean 0.284074
FLATHEAD 1 2026 F0 0 
FLATHEAD 1 2026 Fabc 0.284074
FLATHEAD 1 2026 Fofl 0.355733
FLATHEAD 1 2026  F_LCI 0.284074
FLATHEAD 1 2026  F_UCI 0.284074
FLATHEAD 1 2026  F_Median 0.284074
FLATHEAD 1 2026  F_Mean 0.284074
FLATHEAD 1 2027 F0 0 
FLATHEAD 1 2027 Fabc 0.284074
FLATHEAD 1 2027 Fofl 0.355733
FLATHEAD 1 2027  F_LCI 0.284074
FLATHEAD 1 2027  F_UCI 0.284074
FLATHEAD 1 2027  F_Median 0.284074
FLATHEAD 1 2027  F_Mean 0.284074
FLATHEAD 1 2028 F0 0 
FLATHEAD 1 2028 Fabc 0.284074
FLATHEAD 1 2028 Fofl 0.355733
FLATHEAD 1 2028  F_LCI 0.284074
FLATHEAD 1 2028  F_UCI 0.284074
FLATHEAD 1 2028  F_Median 0.284074
FLATHEAD 1 2028  F_Mean 0.284074
FLATHEAD 1 2029 F0 0 
FLATHEAD 1 2029 Fabc 0.284074
FLATHEAD 1 2029 Fofl 0.355733
FLATHEAD 1 2029  F_LCI 0.284074
FLATHEAD 1 2029  F_UCI 0.284074
FLATHEAD 1 2029  F_Median 0.284074
FLATHEAD 1 2029  F_Mean 0.284048
FLATHEAD 1 2030 F0 0 
FLATHEAD 1 2030 Fabc 0.284074
FLATHEAD 1 2030 Fofl 0.355733
FLATHEAD 1 2030  F_LCI 0.284074
FLATHEAD 1 2030  F_UCI 0.284074
FLATHEAD 1 2030  F_Median 0.284074
FLATHEAD 1 2030  F_Mean 0.283804
FLATHEAD 2 2017 Cabc 16.2275
FLATHEAD 2 2017 Cofl 17.6194
FLATHEAD 2 2017 CLCI 2.05
FLATHEAD 2 2017 CUCI 2.05
FLATHEAD 2 2017 CMedian 2.05
FLATHEAD 2 2017 CMean 2.05
FLATHEAD 2 2017 CStdn 3.10862e-15
FLATHEAD 2 2018 Cabc 16.2275
FLATHEAD 2 2018 Cofl 17.6194
FLATHEAD 2 2018 CLCI 2.202
FLATHEAD 2 2018 CUCI 2.202
FLATHEAD 2 2018 CMedian 2.202
FLATHEAD 2 2018 CMean 2.202
FLATHEAD 2 2018 CStdn 7.12347e-11
FLATHEAD 2 2019 Cabc 16.2275
FLATHEAD 2 2019 Cofl 17.6194
FLATHEAD 2 2019 CLCI 2.668
FLATHEAD 2 2019 CUCI 2.668
FLATHEAD 2 2019 CMedian 2.668
FLATHEAD 2 2019 CMean 2.668
FLATHEAD 2 2019 CStdn 2.30828e-10
FLATHEAD 2 2020 Cabc 16.2275
FLATHEAD 2 2020 Cofl 17.6194
FLATHEAD 2 2020 CLCI 1.911
FLATHEAD 2 2020 CUCI 1.911
FLATHEAD 2 2020 CMedian 1.911
FLATHEAD 2 2020 CMean 1.911
FLATHEAD 2 2020 CStdn 1.50406e-09
FLATHEAD 2 2021 Cabc 16.2275
FLATHEAD 2 2021 Cofl 17.6194
FLATHEAD 2 2021 CLCI 0.672999
FLATHEAD 2 2021 CUCI 0.673
FLATHEAD 2 2021 CMedian 0.672999
FLATHEAD 2 2021 CMean 0.672999
FLATHEAD 2 2021 CStdn 9.2073e-09
FLATHEAD 2 2022 Cabc 16.2275
FLATHEAD 2 2022 Cofl 17.6194
FLATHEAD 2 2022 CLCI 2.251
FLATHEAD 2 2022 CUCI 2.251
FLATHEAD 2 2022 CMedian 2.251
FLATHEAD 2 2022 CMean 2.251
FLATHEAD 2 2022 CStdn 7.0392e-08
FLATHEAD 2 2023 Cabc 16.2275
FLATHEAD 2 2023 Cofl 17.6194
FLATHEAD 2 2023 CLCI 2.251
FLATHEAD 2 2023 CUCI 2.251
FLATHEAD 2 2023 CMedian 2.251
FLATHEAD 2 2023 CMean 2.251
FLATHEAD 2 2023 CStdn 1.13365e-07
FLATHEAD 2 2024 Cabc 16.2275
FLATHEAD 2 2024 Cofl 17.6194
FLATHEAD 2 2024 CLCI 38.0934
FLATHEAD 2 2024 CUCI 41.226
FLATHEAD 2 2024 CMedian 39.5258
FLATHEAD 2 2024 CMean 39.5778
FLATHEAD 2 2024 CStdn 1.02266
FLATHEAD 2 2025 Cabc 16.2275
FLATHEAD 2 2025 Cofl 17.6194
FLATHEAD 2 2025 CLCI 29.7711
FLATHEAD 2 2025 CUCI 33.6282
FLATHEAD 2 2025 CMedian 31.5455
FLATHEAD 2 2025 CMean 31.6159
FLATHEAD 2 2025 CStdn 1.23495
FLATHEAD 2 2026 Cabc 16.2275
FLATHEAD 2 2026 Cofl 17.6194
FLATHEAD 2 2026 CLCI 24.0228
FLATHEAD 2 2026 CUCI 28.2842
FLATHEAD 2 2026 CMedian 25.9731
FLATHEAD 2 2026 CMean 26.0477
FLATHEAD 2 2026 CStdn 1.32436
FLATHEAD 2 2027 Cabc 16.2275
FLATHEAD 2 2027 Cofl 17.6194
FLATHEAD 2 2027 CLCI 20.2648
FLATHEAD 2 2027 CUCI 24.5168
FLATHEAD 2 2027 CMedian 22.2077
FLATHEAD 2 2027 CMean 22.2658
FLATHEAD 2 2027 CStdn 1.32406
FLATHEAD 2 2028 Cabc 16.2275
FLATHEAD 2 2028 Cofl 17.6194
FLATHEAD 2 2028 CLCI 17.7661
FLATHEAD 2 2028 CUCI 21.9582
FLATHEAD 2 2028 CMedian 19.6605
FLATHEAD 2 2028 CMean 19.7554
FLATHEAD 2 2028 CStdn 1.29168
FLATHEAD 2 2029 Cabc 16.2275
FLATHEAD 2 2029 Cofl 17.6194
FLATHEAD 2 2029 CLCI 16.1043
FLATHEAD 2 2029 CUCI 20.2899
FLATHEAD 2 2029 CMedian 18.0453
FLATHEAD 2 2029 CMean 18.116
FLATHEAD 2 2029 CStdn 1.26612
FLATHEAD 2 2030 Cabc 16.2275
FLATHEAD 2 2030 Cofl 17.6194
FLATHEAD 2 2030 CLCI 15.196
FLATHEAD 2 2030 CUCI 19.2186
FLATHEAD 2 2030 CMedian 16.9614
FLATHEAD 2 2030 CMean 17.0537
FLATHEAD 2 2030 CStdn 1.27798
FLATHEAD 2 2017 SSBF100 91.5511
FLATHEAD 2 2017 SSBFabc 36.6204
FLATHEAD 2 2017 SSBFofl 32.0429
FLATHEAD 2 2017 SSBLCI 83.2979
FLATHEAD 2 2017 SSBUCI 83.2979
FLATHEAD 2 2017 SSBMedian 83.2979
FLATHEAD 2 2017 SSBMean 83.2979
FLATHEAD 2 2018 SSBF100 91.5511
FLATHEAD 2 2018 SSBFabc 36.6204
FLATHEAD 2 2018 SSBFofl 32.0429
FLATHEAD 2 2018 SSBLCI 85.7503
FLATHEAD 2 2018 SSBUCI 85.7772
FLATHEAD 2 2018 SSBMedian 85.7611
FLATHEAD 2 2018 SSBMean 85.7621
FLATHEAD 2 2019 SSBF100 91.5511
FLATHEAD 2 2019 SSBFabc 36.6204
FLATHEAD 2 2019 SSBFofl 32.0429
FLATHEAD 2 2019 SSBLCI 89.0861
FLATHEAD 2 2019 SSBUCI 89.2078
FLATHEAD 2 2019 SSBMedian 89.1362
FLATHEAD 2 2019 SSBMean 89.1405
FLATHEAD 2 2020 SSBF100 91.5511
FLATHEAD 2 2020 SSBFabc 36.6204
FLATHEAD 2 2020 SSBFofl 32.0429
FLATHEAD 2 2020 SSBLCI 92.281
FLATHEAD 2 2020 SSBUCI 92.6736
FLATHEAD 2 2020 SSBMedian 92.4473
FLATHEAD 2 2020 SSBMean 92.4575
FLATHEAD 2 2021 SSBF100 91.5511
FLATHEAD 2 2021 SSBFabc 36.6204
FLATHEAD 2 2021 SSBFofl 32.0429
FLATHEAD 2 2021 SSBLCI 94.9086
FLATHEAD 2 2021 SSBUCI 95.9169
FLATHEAD 2 2021 SSBMedian 95.3403
FLATHEAD 2 2021 SSBMean 95.3636
FLATHEAD 2 2022 SSBF100 91.5511
FLATHEAD 2 2022 SSBFabc 36.6204
FLATHEAD 2 2022 SSBFofl 32.0429
FLATHEAD 2 2022 SSBLCI 96.5935
FLATHEAD 2 2022 SSBUCI 98.8302
FLATHEAD 2 2022 SSBMedian 97.5645
FLATHEAD 2 2022 SSBMean 97.614
FLATHEAD 2 2023 SSBF100 91.5511
FLATHEAD 2 2023 SSBFabc 36.6204
FLATHEAD 2 2023 SSBFofl 32.0429
FLATHEAD 2 2023 SSBLCI 95.9108
FLATHEAD 2 2023 SSBUCI 100.127
FLATHEAD 2 2023 SSBMedian 97.7814
FLATHEAD 2 2023 SSBMean 97.8755
FLATHEAD 2 2024 SSBF100 91.5511
FLATHEAD 2 2024 SSBFabc 36.6204
FLATHEAD 2 2024 SSBFofl 32.0429
FLATHEAD 2 2024 SSBLCI 94.0904
FLATHEAD 2 2024 SSBUCI 100.822
FLATHEAD 2 2024 SSBMedian 97.1021
FLATHEAD 2 2024 SSBMean 97.2617
FLATHEAD 2 2025 SSBF100 91.5511
FLATHEAD 2 2025 SSBFabc 36.6204
FLATHEAD 2 2025 SSBFofl 32.0429
FLATHEAD 2 2025 SSBLCI 73.9057
FLATHEAD 2 2025 SSBUCI 82.5092
FLATHEAD 2 2025 SSBMedian 77.8563
FLATHEAD 2 2025 SSBMean 77.9823
FLATHEAD 2 2026 SSBF100 91.5511
FLATHEAD 2 2026 SSBFabc 36.6204
FLATHEAD 2 2026 SSBFofl 32.0429
FLATHEAD 2 2026 SSBLCI 59.6784
FLATHEAD 2 2026 SSBUCI 69.2721
FLATHEAD 2 2026 SSBMedian 64.1262
FLATHEAD 2 2026 SSBMean 64.2749
FLATHEAD 2 2027 SSBF100 91.5511
FLATHEAD 2 2027 SSBFabc 36.6204
FLATHEAD 2 2027 SSBFofl 32.0429
FLATHEAD 2 2027 SSBLCI 50.1477
FLATHEAD 2 2027 SSBUCI 59.9803
FLATHEAD 2 2027 SSBMedian 54.6795
FLATHEAD 2 2027 SSBMean 54.8151
FLATHEAD 2 2028 SSBF100 91.5511
FLATHEAD 2 2028 SSBFabc 36.6204
FLATHEAD 2 2028 SSBFofl 32.0429
FLATHEAD 2 2028 SSBLCI 43.7222
FLATHEAD 2 2028 SSBUCI 53.7426
FLATHEAD 2 2028 SSBMedian 48.2128
FLATHEAD 2 2028 SSBMean 48.4388
FLATHEAD 2 2029 SSBF100 91.5511
FLATHEAD 2 2029 SSBFabc 36.6204
FLATHEAD 2 2029 SSBFofl 32.0429
FLATHEAD 2 2029 SSBLCI 39.4537
FLATHEAD 2 2029 SSBUCI 49.4975
FLATHEAD 2 2029 SSBMedian 44.0766
FLATHEAD 2 2029 SSBMean 44.2192
FLATHEAD 2 2030 SSBF100 91.5511
FLATHEAD 2 2030 SSBFabc 36.6204
FLATHEAD 2 2030 SSBFofl 32.0429
FLATHEAD 2 2030 SSBLCI 36.9226
FLATHEAD 2 2030 SSBUCI 46.6015
FLATHEAD 2 2030 SSBMedian 41.2341
FLATHEAD 2 2030 SSBMean 41.4764
FLATHEAD 2 2017 F0 0 
FLATHEAD 2 2017 Fabc 0.284074
FLATHEAD 2 2017 Fofl 0.355733
FLATHEAD 2 2017  F_LCI 0.0153602
FLATHEAD 2 2017  F_UCI 0.0153602
FLATHEAD 2 2017  F_Median 0.0153602
FLATHEAD 2 2017  F_Mean 0.0153602
FLATHEAD 2 2018 F0 0 
FLATHEAD 2 2018 Fabc 0.284074
FLATHEAD 2 2018 Fofl 0.355733
FLATHEAD 2 2018  F_LCI 0.0160094
FLATHEAD 2 2018  F_UCI 0.0160138
FLATHEAD 2 2018  F_Median 0.016012
FLATHEAD 2 2018  F_Mean 0.0160119
FLATHEAD 2 2019 F0 0 
FLATHEAD 2 2019 Fabc 0.284074
FLATHEAD 2 2019 Fofl 0.355733
FLATHEAD 2 2019  F_LCI 0.0186296
FLATHEAD 2 2019  F_UCI 0.0186552
FLATHEAD 2 2019  F_Median 0.0186447
FLATHEAD 2 2019  F_Mean 0.0186438
FLATHEAD 2 2020 F0 0 
FLATHEAD 2 2020 Fabc 0.284074
FLATHEAD 2 2020 Fofl 0.355733
FLATHEAD 2 2020  F_LCI 0.0127716
FLATHEAD 2 2020  F_UCI 0.0128318
FLATHEAD 2 2020  F_Median 0.0128064
FLATHEAD 2 2020  F_Mean 0.0128048
FLATHEAD 2 2021 F0 0 
FLATHEAD 2 2021 Fabc 0.284074
FLATHEAD 2 2021 Fofl 0.355733
FLATHEAD 2 2021  F_LCI 0.00431811
FLATHEAD 2 2021  F_UCI 0.00437069
FLATHEAD 2 2021  F_Median 0.00434823
FLATHEAD 2 2021  F_Mean 0.004347
FLATHEAD 2 2022 F0 0 
FLATHEAD 2 2022 Fabc 0.284074
FLATHEAD 2 2022 Fofl 0.355733
FLATHEAD 2 2022  F_LCI 0.0140819
FLATHEAD 2 2022  F_UCI 0.0144533
FLATHEAD 2 2022  F_Median 0.0142895
FLATHEAD 2 2022  F_Mean 0.0142824
FLATHEAD 2 2023 F0 0 
FLATHEAD 2 2023 Fabc 0.284074
FLATHEAD 2 2023 Fofl 0.355733
FLATHEAD 2 2023  F_LCI 0.0139529
FLATHEAD 2 2023  F_UCI 0.0146382
FLATHEAD 2 2023  F_Median 0.0143274
FLATHEAD 2 2023  F_Mean 0.0143154
FLATHEAD 2 2024 F0 0 
FLATHEAD 2 2024 Fabc 0.284074
FLATHEAD 2 2024 Fofl 0.355733
FLATHEAD 2 2024  F_LCI 0.284074
FLATHEAD 2 2024  F_UCI 0.284074
FLATHEAD 2 2024  F_Median 0.284074
FLATHEAD 2 2024  F_Mean 0.284074
FLATHEAD 2 2025 F0 0 
FLATHEAD 2 2025 Fabc 0.284074
FLATHEAD 2 2025 Fofl 0.355733
FLATHEAD 2 2025  F_LCI 0.284074
FLATHEAD 2 2025  F_UCI 0.284074
FLATHEAD 2 2025  F_Median 0.284074
FLATHEAD 2 2025  F_Mean 0.284074
FLATHEAD 2 2026 F0 0 
FLATHEAD 2 2026 Fabc 0.284074
FLATHEAD 2 2026 Fofl 0.355733
FLATHEAD 2 2026  F_LCI 0.284074
FLATHEAD 2 2026  F_UCI 0.284074
FLATHEAD 2 2026  F_Median 0.284074
FLATHEAD 2 2026  F_Mean 0.284074
FLATHEAD 2 2027 F0 0 
FLATHEAD 2 2027 Fabc 0.284074
FLATHEAD 2 2027 Fofl 0.355733
FLATHEAD 2 2027  F_LCI 0.284074
FLATHEAD 2 2027  F_UCI 0.284074
FLATHEAD 2 2027  F_Median 0.284074
FLATHEAD 2 2027  F_Mean 0.284074
FLATHEAD 2 2028 F0 0 
FLATHEAD 2 2028 Fabc 0.284074
FLATHEAD 2 2028 Fofl 0.355733
FLATHEAD 2 2028  F_LCI 0.284074
FLATHEAD 2 2028  F_UCI 0.284074
FLATHEAD 2 2028  F_Median 0.284074
FLATHEAD 2 2028  F_Mean 0.284074
FLATHEAD 2 2029 F0 0 
FLATHEAD 2 2029 Fabc 0.284074
FLATHEAD 2 2029 Fofl 0.355733
FLATHEAD 2 2029  F_LCI 0.284074
FLATHEAD 2 2029  F_UCI 0.284074
FLATHEAD 2 2029  F_Median 0.284074
FLATHEAD 2 2029  F_Mean 0.284048
FLATHEAD 2 2030 F0 0 
FLATHEAD 2 2030 Fabc 0.284074
FLATHEAD 2 2030 Fofl 0.355733
FLATHEAD 2 2030  F_LCI 0.284074
FLATHEAD 2 2030  F_UCI 0.284074
FLATHEAD 2 2030  F_Median 0.284074
FLATHEAD 2 2030  F_Mean 0.283804
FLATHEAD 3 2017 Cabc 16.2275
FLATHEAD 3 2017 Cofl 17.6194
FLATHEAD 3 2017 CLCI 2.05
FLATHEAD 3 2017 CUCI 2.05
FLATHEAD 3 2017 CMedian 2.05
FLATHEAD 3 2017 CMean 2.05
FLATHEAD 3 2017 CStdn 3.10862e-15
FLATHEAD 3 2018 Cabc 16.2275
FLATHEAD 3 2018 Cofl 17.6194
FLATHEAD 3 2018 CLCI 2.202
FLATHEAD 3 2018 CUCI 2.202
FLATHEAD 3 2018 CMedian 2.202
FLATHEAD 3 2018 CMean 2.202
FLATHEAD 3 2018 CStdn 7.12347e-11
FLATHEAD 3 2019 Cabc 16.2275
FLATHEAD 3 2019 Cofl 17.6194
FLATHEAD 3 2019 CLCI 2.668
FLATHEAD 3 2019 CUCI 2.668
FLATHEAD 3 2019 CMedian 2.668
FLATHEAD 3 2019 CMean 2.668
FLATHEAD 3 2019 CStdn 2.30828e-10
FLATHEAD 3 2020 Cabc 16.2275
FLATHEAD 3 2020 Cofl 17.6194
FLATHEAD 3 2020 CLCI 1.911
FLATHEAD 3 2020 CUCI 1.911
FLATHEAD 3 2020 CMedian 1.911
FLATHEAD 3 2020 CMean 1.911
FLATHEAD 3 2020 CStdn 1.50406e-09
FLATHEAD 3 2021 Cabc 16.2275
FLATHEAD 3 2021 Cofl 17.6194
FLATHEAD 3 2021 CLCI 0.672999
FLATHEAD 3 2021 CUCI 0.673
FLATHEAD 3 2021 CMedian 0.672999
FLATHEAD 3 2021 CMean 0.672999
FLATHEAD 3 2021 CStdn 9.2073e-09
FLATHEAD 3 2022 Cabc 16.2275
FLATHEAD 3 2022 Cofl 17.6194
FLATHEAD 3 2022 CLCI 2.251
FLATHEAD 3 2022 CUCI 2.251
FLATHEAD 3 2022 CMedian 2.251
FLATHEAD 3 2022 CMean 2.251
FLATHEAD 3 2022 CStdn 7.0392e-08
FLATHEAD 3 2023 Cabc 16.2275
FLATHEAD 3 2023 Cofl 17.6194
FLATHEAD 3 2023 CLCI 2.251
FLATHEAD 3 2023 CUCI 2.251
FLATHEAD 3 2023 CMedian 2.251
FLATHEAD 3 2023 CMean 2.251
FLATHEAD 3 2023 CStdn 1.13365e-07
FLATHEAD 3 2024 Cabc 16.2275
FLATHEAD 3 2024 Cofl 17.6194
FLATHEAD 3 2024 CLCI 2.54037
FLATHEAD 3 2024 CUCI 2.73956
FLATHEAD 3 2024 CMedian 2.63038
FLATHEAD 3 2024 CMean 2.63466
FLATHEAD 3 2024 CStdn 0.0648689
FLATHEAD 3 2025 Cabc 16.2275
FLATHEAD 3 2025 Cofl 17.6194
FLATHEAD 3 2025 CLCI 2.45702
FLATHEAD 3 2025 CUCI 2.73586
FLATHEAD 3 2025 CMedian 2.58541
FLATHEAD 3 2025 CMean 2.58912
FLATHEAD 3 2025 CStdn 0.089199
FLATHEAD 3 2026 Cabc 16.2275
FLATHEAD 3 2026 Cofl 17.6194
FLATHEAD 3 2026 CLCI 2.37827
FLATHEAD 3 2026 CUCI 2.72169
FLATHEAD 3 2026 CMedian 2.5375
FLATHEAD 3 2026 CMean 2.54228
FLATHEAD 3 2026 CStdn 0.109573
FLATHEAD 3 2027 Cabc 16.2275
FLATHEAD 3 2027 Cofl 17.6194
FLATHEAD 3 2027 CLCI 2.3127
FLATHEAD 3 2027 CUCI 2.70213
FLATHEAD 3 2027 CMedian 2.49228
FLATHEAD 3 2027 CMean 2.49872
FLATHEAD 3 2027 CStdn 0.123228
FLATHEAD 3 2028 Cabc 16.2275
FLATHEAD 3 2028 Cofl 17.6194
FLATHEAD 3 2028 CLCI 2.25817
FLATHEAD 3 2028 CUCI 2.68363
FLATHEAD 3 2028 CMedian 2.4527
FLATHEAD 3 2028 CMean 2.46046
FLATHEAD 3 2028 CStdn 0.13106
FLATHEAD 3 2029 Cabc 16.2275
FLATHEAD 3 2029 Cofl 17.6194
FLATHEAD 3 2029 CLCI 2.2212
FLATHEAD 3 2029 CUCI 2.65555
FLATHEAD 3 2029 CMedian 2.4171
FLATHEAD 3 2029 CMean 2.42748
FLATHEAD 3 2029 CStdn 0.135495
FLATHEAD 3 2030 Cabc 16.2275
FLATHEAD 3 2030 Cofl 17.6194
FLATHEAD 3 2030 CLCI 2.186
FLATHEAD 3 2030 CUCI 2.63205
FLATHEAD 3 2030 CMedian 2.39303
FLATHEAD 3 2030 CMean 2.39958
FLATHEAD 3 2030 CStdn 0.138229
FLATHEAD 3 2017 SSBF100 91.5511
FLATHEAD 3 2017 SSBFabc 36.6204
FLATHEAD 3 2017 SSBFofl 32.0429
FLATHEAD 3 2017 SSBLCI 83.2979
FLATHEAD 3 2017 SSBUCI 83.2979
FLATHEAD 3 2017 SSBMedian 83.2979
FLATHEAD 3 2017 SSBMean 83.2979
FLATHEAD 3 2018 SSBF100 91.5511
FLATHEAD 3 2018 SSBFabc 36.6204
FLATHEAD 3 2018 SSBFofl 32.0429
FLATHEAD 3 2018 SSBLCI 85.7503
FLATHEAD 3 2018 SSBUCI 85.7772
FLATHEAD 3 2018 SSBMedian 85.7611
FLATHEAD 3 2018 SSBMean 85.7621
FLATHEAD 3 2019 SSBF100 91.5511
FLATHEAD 3 2019 SSBFabc 36.6204
FLATHEAD 3 2019 SSBFofl 32.0429
FLATHEAD 3 2019 SSBLCI 89.0861
FLATHEAD 3 2019 SSBUCI 89.2078
FLATHEAD 3 2019 SSBMedian 89.1362
FLATHEAD 3 2019 SSBMean 89.1405
FLATHEAD 3 2020 SSBF100 91.5511
FLATHEAD 3 2020 SSBFabc 36.6204
FLATHEAD 3 2020 SSBFofl 32.0429
FLATHEAD 3 2020 SSBLCI 92.281
FLATHEAD 3 2020 SSBUCI 92.6736
FLATHEAD 3 2020 SSBMedian 92.4473
FLATHEAD 3 2020 SSBMean 92.4575
FLATHEAD 3 2021 SSBF100 91.5511
FLATHEAD 3 2021 SSBFabc 36.6204
FLATHEAD 3 2021 SSBFofl 32.0429
FLATHEAD 3 2021 SSBLCI 94.9086
FLATHEAD 3 2021 SSBUCI 95.9169
FLATHEAD 3 2021 SSBMedian 95.3403
FLATHEAD 3 2021 SSBMean 95.3636
FLATHEAD 3 2022 SSBF100 91.5511
FLATHEAD 3 2022 SSBFabc 36.6204
FLATHEAD 3 2022 SSBFofl 32.0429
FLATHEAD 3 2022 SSBLCI 96.5935
FLATHEAD 3 2022 SSBUCI 98.8302
FLATHEAD 3 2022 SSBMedian 97.5645
FLATHEAD 3 2022 SSBMean 97.614
FLATHEAD 3 2023 SSBF100 91.5511
FLATHEAD 3 2023 SSBFabc 36.6204
FLATHEAD 3 2023 SSBFofl 32.0429
FLATHEAD 3 2023 SSBLCI 95.9108
FLATHEAD 3 2023 SSBUCI 100.127
FLATHEAD 3 2023 SSBMedian 97.7814
FLATHEAD 3 2023 SSBMean 97.8755
FLATHEAD 3 2024 SSBF100 91.5511
FLATHEAD 3 2024 SSBFabc 36.6204
FLATHEAD 3 2024 SSBFofl 32.0429
FLATHEAD 3 2024 SSBLCI 94.0904
FLATHEAD 3 2024 SSBUCI 100.822
FLATHEAD 3 2024 SSBMedian 97.1021
FLATHEAD 3 2024 SSBMean 97.2617
FLATHEAD 3 2025 SSBF100 91.5511
FLATHEAD 3 2025 SSBFabc 36.6204
FLATHEAD 3 2025 SSBFofl 32.0429
FLATHEAD 3 2025 SSBLCI 91.4987
FLATHEAD 3 2025 SSBUCI 100.899
FLATHEAD 3 2025 SSBMedian 95.8053
FLATHEAD 3 2025 SSBMean 95.9416
FLATHEAD 3 2026 SSBF100 91.5511
FLATHEAD 3 2026 SSBFabc 36.6204
FLATHEAD 3 2026 SSBFofl 32.0429
FLATHEAD 3 2026 SSBLCI 88.8371
FLATHEAD 3 2026 SSBUCI 100.552
FLATHEAD 3 2026 SSBMedian 94.2649
FLATHEAD 3 2026 SSBMean 94.4372
FLATHEAD 3 2027 SSBF100 91.5511
FLATHEAD 3 2027 SSBFabc 36.6204
FLATHEAD 3 2027 SSBFofl 32.0429
FLATHEAD 3 2027 SSBLCI 86.5691
FLATHEAD 3 2027 SSBUCI 99.9745
FLATHEAD 3 2027 SSBMedian 92.7021
FLATHEAD 3 2027 SSBMean 92.9374
FLATHEAD 3 2028 SSBF100 91.5511
FLATHEAD 3 2028 SSBFabc 36.6204
FLATHEAD 3 2028 SSBFofl 32.0429
FLATHEAD 3 2028 SSBLCI 84.507
FLATHEAD 3 2028 SSBUCI 99.2813
FLATHEAD 3 2028 SSBMedian 91.2861
FLATHEAD 3 2028 SSBMean 91.5427
FLATHEAD 3 2029 SSBF100 91.5511
FLATHEAD 3 2029 SSBFabc 36.6204
FLATHEAD 3 2029 SSBFofl 32.0429
FLATHEAD 3 2029 SSBLCI 83.0183
FLATHEAD 3 2029 SSBUCI 98.3313
FLATHEAD 3 2029 SSBMedian 89.9289
FLATHEAD 3 2029 SSBMean 90.2966
FLATHEAD 3 2030 SSBF100 91.5511
FLATHEAD 3 2030 SSBFabc 36.6204
FLATHEAD 3 2030 SSBFofl 32.0429
FLATHEAD 3 2030 SSBLCI 81.6692
FLATHEAD 3 2030 SSBUCI 97.5197
FLATHEAD 3 2030 SSBMedian 88.9718
FLATHEAD 3 2030 SSBMean 89.2187
FLATHEAD 3 2017 F0 0 
FLATHEAD 3 2017 Fabc 0.284074
FLATHEAD 3 2017 Fofl 0.355733
FLATHEAD 3 2017  F_LCI 0.0153602
FLATHEAD 3 2017  F_UCI 0.0153602
FLATHEAD 3 2017  F_Median 0.0153602
FLATHEAD 3 2017  F_Mean 0.0153602
FLATHEAD 3 2018 F0 0 
FLATHEAD 3 2018 Fabc 0.284074
FLATHEAD 3 2018 Fofl 0.355733
FLATHEAD 3 2018  F_LCI 0.0160094
FLATHEAD 3 2018  F_UCI 0.0160138
FLATHEAD 3 2018  F_Median 0.016012
FLATHEAD 3 2018  F_Mean 0.0160119
FLATHEAD 3 2019 F0 0 
FLATHEAD 3 2019 Fabc 0.284074
FLATHEAD 3 2019 Fofl 0.355733
FLATHEAD 3 2019  F_LCI 0.0186296
FLATHEAD 3 2019  F_UCI 0.0186552
FLATHEAD 3 2019  F_Median 0.0186447
FLATHEAD 3 2019  F_Mean 0.0186438
FLATHEAD 3 2020 F0 0 
FLATHEAD 3 2020 Fabc 0.284074
FLATHEAD 3 2020 Fofl 0.355733
FLATHEAD 3 2020  F_LCI 0.0127716
FLATHEAD 3 2020  F_UCI 0.0128318
FLATHEAD 3 2020  F_Median 0.0128064
FLATHEAD 3 2020  F_Mean 0.0128048
FLATHEAD 3 2021 F0 0 
FLATHEAD 3 2021 Fabc 0.284074
FLATHEAD 3 2021 Fofl 0.355733
FLATHEAD 3 2021  F_LCI 0.00431811
FLATHEAD 3 2021  F_UCI 0.00437069
FLATHEAD 3 2021  F_Median 0.00434823
FLATHEAD 3 2021  F_Mean 0.004347
FLATHEAD 3 2022 F0 0 
FLATHEAD 3 2022 Fabc 0.284074
FLATHEAD 3 2022 Fofl 0.355733
FLATHEAD 3 2022  F_LCI 0.0140819
FLATHEAD 3 2022  F_UCI 0.0144533
FLATHEAD 3 2022  F_Median 0.0142895
FLATHEAD 3 2022  F_Mean 0.0142824
FLATHEAD 3 2023 F0 0 
FLATHEAD 3 2023 Fabc 0.284074
FLATHEAD 3 2023 Fofl 0.355733
FLATHEAD 3 2023  F_LCI 0.0139529
FLATHEAD 3 2023  F_UCI 0.0146382
FLATHEAD 3 2023  F_Median 0.0143274
FLATHEAD 3 2023  F_Mean 0.0143154
FLATHEAD 3 2024 F0 0 
FLATHEAD 3 2024 Fabc 0.284074
FLATHEAD 3 2024 Fofl 0.355733
FLATHEAD 3 2024  F_LCI 0.0169611
FLATHEAD 3 2024  F_UCI 0.0169611
FLATHEAD 3 2024  F_Median 0.0169611
FLATHEAD 3 2024  F_Mean 0.0169611
FLATHEAD 3 2025 F0 0 
FLATHEAD 3 2025 Fabc 0.284074
FLATHEAD 3 2025 Fofl 0.355733
FLATHEAD 3 2025  F_LCI 0.0169611
FLATHEAD 3 2025  F_UCI 0.0169611
FLATHEAD 3 2025  F_Median 0.0169611
FLATHEAD 3 2025  F_Mean 0.0169611
FLATHEAD 3 2026 F0 0 
FLATHEAD 3 2026 Fabc 0.284074
FLATHEAD 3 2026 Fofl 0.355733
FLATHEAD 3 2026  F_LCI 0.0169611
FLATHEAD 3 2026  F_UCI 0.0169611
FLATHEAD 3 2026  F_Median 0.0169611
FLATHEAD 3 2026  F_Mean 0.0169611
FLATHEAD 3 2027 F0 0 
FLATHEAD 3 2027 Fabc 0.284074
FLATHEAD 3 2027 Fofl 0.355733
FLATHEAD 3 2027  F_LCI 0.0169611
FLATHEAD 3 2027  F_UCI 0.0169611
FLATHEAD 3 2027  F_Median 0.0169611
FLATHEAD 3 2027  F_Mean 0.0169611
FLATHEAD 3 2028 F0 0 
FLATHEAD 3 2028 Fabc 0.284074
FLATHEAD 3 2028 Fofl 0.355733
FLATHEAD 3 2028  F_LCI 0.0169611
FLATHEAD 3 2028  F_UCI 0.0169611
FLATHEAD 3 2028  F_Median 0.0169611
FLATHEAD 3 2028  F_Mean 0.0169611
FLATHEAD 3 2029 F0 0 
FLATHEAD 3 2029 Fabc 0.284074
FLATHEAD 3 2029 Fofl 0.355733
FLATHEAD 3 2029  F_LCI 0.0169611
FLATHEAD 3 2029  F_UCI 0.0169611
FLATHEAD 3 2029  F_Median 0.0169611
FLATHEAD 3 2029  F_Mean 0.0169611
FLATHEAD 3 2030 F0 0 
FLATHEAD 3 2030 Fabc 0.284074
FLATHEAD 3 2030 Fofl 0.355733
FLATHEAD 3 2030  F_LCI 0.0169611
FLATHEAD 3 2030  F_UCI 0.0169611
FLATHEAD 3 2030  F_Median 0.0169611
FLATHEAD 3 2030  F_Mean 0.0169611
FLATHEAD 4 2017 Cabc 16.2275
FLATHEAD 4 2017 Cofl 17.6194
FLATHEAD 4 2017 CLCI 2.05
FLATHEAD 4 2017 CUCI 2.05
FLATHEAD 4 2017 CMedian 2.05
FLATHEAD 4 2017 CMean 2.05
FLATHEAD 4 2017 CStdn 3.10862e-15
FLATHEAD 4 2018 Cabc 16.2275
FLATHEAD 4 2018 Cofl 17.6194
FLATHEAD 4 2018 CLCI 2.202
FLATHEAD 4 2018 CUCI 2.202
FLATHEAD 4 2018 CMedian 2.202
FLATHEAD 4 2018 CMean 2.202
FLATHEAD 4 2018 CStdn 7.12347e-11
FLATHEAD 4 2019 Cabc 16.2275
FLATHEAD 4 2019 Cofl 17.6194
FLATHEAD 4 2019 CLCI 2.668
FLATHEAD 4 2019 CUCI 2.668
FLATHEAD 4 2019 CMedian 2.668
FLATHEAD 4 2019 CMean 2.668
FLATHEAD 4 2019 CStdn 2.30828e-10
FLATHEAD 4 2020 Cabc 16.2275
FLATHEAD 4 2020 Cofl 17.6194
FLATHEAD 4 2020 CLCI 1.911
FLATHEAD 4 2020 CUCI 1.911
FLATHEAD 4 2020 CMedian 1.911
FLATHEAD 4 2020 CMean 1.911
FLATHEAD 4 2020 CStdn 1.50406e-09
FLATHEAD 4 2021 Cabc 16.2275
FLATHEAD 4 2021 Cofl 17.6194
FLATHEAD 4 2021 CLCI 0.672999
FLATHEAD 4 2021 CUCI 0.673
FLATHEAD 4 2021 CMedian 0.672999
FLATHEAD 4 2021 CMean 0.672999
FLATHEAD 4 2021 CStdn 9.2073e-09
FLATHEAD 4 2022 Cabc 16.2275
FLATHEAD 4 2022 Cofl 17.6194
FLATHEAD 4 2022 CLCI 2.251
FLATHEAD 4 2022 CUCI 2.251
FLATHEAD 4 2022 CMedian 2.251
FLATHEAD 4 2022 CMean 2.251
FLATHEAD 4 2022 CStdn 7.0392e-08
FLATHEAD 4 2023 Cabc 16.2275
FLATHEAD 4 2023 Cofl 17.6194
FLATHEAD 4 2023 CLCI 2.251
FLATHEAD 4 2023 CUCI 2.251
FLATHEAD 4 2023 CMedian 2.251
FLATHEAD 4 2023 CMean 2.251
FLATHEAD 4 2023 CStdn 1.13365e-07
FLATHEAD 4 2024 Cabc 16.2275
FLATHEAD 4 2024 Cofl 17.6194
FLATHEAD 4 2024 CLCI 9.03019
FLATHEAD 4 2024 CUCI 9.74413
FLATHEAD 4 2024 CMedian 9.353
FLATHEAD 4 2024 CMean 9.36838
FLATHEAD 4 2024 CStdn 0.23258
FLATHEAD 4 2025 Cabc 16.2275
FLATHEAD 4 2025 Cofl 17.6194
FLATHEAD 4 2025 CLCI 8.42366
FLATHEAD 4 2025 CUCI 9.40322
FLATHEAD 4 2025 CMedian 8.87471
FLATHEAD 4 2025 CMean 8.88723
FLATHEAD 4 2025 CStdn 0.312769
FLATHEAD 4 2026 Cabc 16.2275
FLATHEAD 4 2026 Cofl 17.6194
FLATHEAD 4 2026 CLCI 7.89531
FLATHEAD 4 2026 CUCI 9.07329
FLATHEAD 4 2026 CMedian 8.43817
FLATHEAD 4 2026 CMean 8.45746
FLATHEAD 4 2026 CStdn 0.374938
FLATHEAD 4 2027 Cabc 16.2275
FLATHEAD 4 2027 Cofl 17.6194
FLATHEAD 4 2027 CLCI 7.46869
FLATHEAD 4 2027 CUCI 8.77727
FLATHEAD 4 2027 CMedian 8.06923
FLATHEAD 4 2027 CMean 8.0918
FLATHEAD 4 2027 CStdn 0.412084
FLATHEAD 4 2028 Cabc 16.2275
FLATHEAD 4 2028 Cofl 17.6194
FLATHEAD 4 2028 CLCI 7.13568
FLATHEAD 4 2028 CUCI 8.52267
FLATHEAD 4 2028 CMedian 7.76109
FLATHEAD 4 2028 CMean 7.79063
FLATHEAD 4 2028 CStdn 0.429962
FLATHEAD 4 2029 Cabc 16.2275
FLATHEAD 4 2029 Cofl 17.6194
FLATHEAD 4 2029 CLCI 6.87435
FLATHEAD 4 2029 CUCI 8.28294
FLATHEAD 4 2029 CMedian 7.5136
FLATHEAD 4 2029 CMean 7.54643
FLATHEAD 4 2029 CStdn 0.43795
FLATHEAD 4 2030 Cabc 16.2275
FLATHEAD 4 2030 Cofl 17.6194
FLATHEAD 4 2030 CLCI 6.65916
FLATHEAD 4 2030 CUCI 8.09499
FLATHEAD 4 2030 CMedian 7.33245
FLATHEAD 4 2030 CMean 7.35122
FLATHEAD 4 2030 CStdn 0.442038
FLATHEAD 4 2017 SSBF100 91.5511
FLATHEAD 4 2017 SSBFabc 36.6204
FLATHEAD 4 2017 SSBFofl 32.0429
FLATHEAD 4 2017 SSBLCI 83.2979
FLATHEAD 4 2017 SSBUCI 83.2979
FLATHEAD 4 2017 SSBMedian 83.2979
FLATHEAD 4 2017 SSBMean 83.2979
FLATHEAD 4 2018 SSBF100 91.5511
FLATHEAD 4 2018 SSBFabc 36.6204
FLATHEAD 4 2018 SSBFofl 32.0429
FLATHEAD 4 2018 SSBLCI 85.7503
FLATHEAD 4 2018 SSBUCI 85.7772
FLATHEAD 4 2018 SSBMedian 85.7611
FLATHEAD 4 2018 SSBMean 85.7621
FLATHEAD 4 2019 SSBF100 91.5511
FLATHEAD 4 2019 SSBFabc 36.6204
FLATHEAD 4 2019 SSBFofl 32.0429
FLATHEAD 4 2019 SSBLCI 89.0861
FLATHEAD 4 2019 SSBUCI 89.2078
FLATHEAD 4 2019 SSBMedian 89.1362
FLATHEAD 4 2019 SSBMean 89.1405
FLATHEAD 4 2020 SSBF100 91.5511
FLATHEAD 4 2020 SSBFabc 36.6204
FLATHEAD 4 2020 SSBFofl 32.0429
FLATHEAD 4 2020 SSBLCI 92.281
FLATHEAD 4 2020 SSBUCI 92.6736
FLATHEAD 4 2020 SSBMedian 92.4473
FLATHEAD 4 2020 SSBMean 92.4575
FLATHEAD 4 2021 SSBF100 91.5511
FLATHEAD 4 2021 SSBFabc 36.6204
FLATHEAD 4 2021 SSBFofl 32.0429
FLATHEAD 4 2021 SSBLCI 94.9086
FLATHEAD 4 2021 SSBUCI 95.9169
FLATHEAD 4 2021 SSBMedian 95.3403
FLATHEAD 4 2021 SSBMean 95.3636
FLATHEAD 4 2022 SSBF100 91.5511
FLATHEAD 4 2022 SSBFabc 36.6204
FLATHEAD 4 2022 SSBFofl 32.0429
FLATHEAD 4 2022 SSBLCI 96.5935
FLATHEAD 4 2022 SSBUCI 98.8302
FLATHEAD 4 2022 SSBMedian 97.5645
FLATHEAD 4 2022 SSBMean 97.614
FLATHEAD 4 2023 SSBF100 91.5511
FLATHEAD 4 2023 SSBFabc 36.6204
FLATHEAD 4 2023 SSBFofl 32.0429
FLATHEAD 4 2023 SSBLCI 95.9108
FLATHEAD 4 2023 SSBUCI 100.127
FLATHEAD 4 2023 SSBMedian 97.7814
FLATHEAD 4 2023 SSBMean 97.8755
FLATHEAD 4 2024 SSBF100 91.5511
FLATHEAD 4 2024 SSBFabc 36.6204
FLATHEAD 4 2024 SSBFofl 32.0429
FLATHEAD 4 2024 SSBLCI 94.0904
FLATHEAD 4 2024 SSBUCI 100.822
FLATHEAD 4 2024 SSBMedian 97.1021
FLATHEAD 4 2024 SSBMean 97.2617
FLATHEAD 4 2025 SSBF100 91.5511
FLATHEAD 4 2025 SSBFabc 36.6204
FLATHEAD 4 2025 SSBFofl 32.0429
FLATHEAD 4 2025 SSBLCI 88.2493
FLATHEAD 4 2025 SSBUCI 97.5223
FLATHEAD 4 2025 SSBMedian 92.5232
FLATHEAD 4 2025 SSBMean 92.6435
FLATHEAD 4 2026 SSBF100 91.5511
FLATHEAD 4 2026 SSBFabc 36.6204
FLATHEAD 4 2026 SSBFofl 32.0429
FLATHEAD 4 2026 SSBLCI 82.991
FLATHEAD 4 2026 SSBUCI 94.2705
FLATHEAD 4 2026 SSBMedian 88.2123
FLATHEAD 4 2026 SSBMean 88.3804
FLATHEAD 4 2027 SSBF100 91.5511
FLATHEAD 4 2027 SSBFabc 36.6204
FLATHEAD 4 2027 SSBFofl 32.0429
FLATHEAD 4 2027 SSBLCI 78.5582
FLATHEAD 4 2027 SSBUCI 91.2141
FLATHEAD 4 2027 SSBMedian 84.431
FLATHEAD 4 2027 SSBMean 84.6434
FLATHEAD 4 2028 SSBF100 91.5511
FLATHEAD 4 2028 SSBFabc 36.6204
FLATHEAD 4 2028 SSBFofl 32.0429
FLATHEAD 4 2028 SSBLCI 74.9426
FLATHEAD 4 2028 SSBUCI 88.7061
FLATHEAD 4 2028 SSBMedian 81.2243
FLATHEAD 4 2028 SSBMean 81.4786
FLATHEAD 4 2029 SSBF100 91.5511
FLATHEAD 4 2029 SSBFabc 36.6204
FLATHEAD 4 2029 SSBFofl 32.0429
FLATHEAD 4 2029 SSBLCI 72.206
FLATHEAD 4 2029 SSBUCI 86.19
FLATHEAD 4 2029 SSBMedian 78.5016
FLATHEAD 4 2029 SSBMean 78.8593
FLATHEAD 4 2030 SSBF100 91.5511
FLATHEAD 4 2030 SSBFabc 36.6204
FLATHEAD 4 2030 SSBFofl 32.0429
FLATHEAD 4 2030 SSBLCI 69.9256
FLATHEAD 4 2030 SSBUCI 84.1289
FLATHEAD 4 2030 SSBMedian 76.5018
FLATHEAD 4 2030 SSBMean 76.7338
FLATHEAD 4 2017 F0 0 
FLATHEAD 4 2017 Fabc 0.284074
FLATHEAD 4 2017 Fofl 0.355733
FLATHEAD 4 2017  F_LCI 0.0153602
FLATHEAD 4 2017  F_UCI 0.0153602
FLATHEAD 4 2017  F_Median 0.0153602
FLATHEAD 4 2017  F_Mean 0.0153602
FLATHEAD 4 2018 F0 0 
FLATHEAD 4 2018 Fabc 0.284074
FLATHEAD 4 2018 Fofl 0.355733
FLATHEAD 4 2018  F_LCI 0.0160094
FLATHEAD 4 2018  F_UCI 0.0160138
FLATHEAD 4 2018  F_Median 0.016012
FLATHEAD 4 2018  F_Mean 0.0160119
FLATHEAD 4 2019 F0 0 
FLATHEAD 4 2019 Fabc 0.284074
FLATHEAD 4 2019 Fofl 0.355733
FLATHEAD 4 2019  F_LCI 0.0186296
FLATHEAD 4 2019  F_UCI 0.0186552
FLATHEAD 4 2019  F_Median 0.0186447
FLATHEAD 4 2019  F_Mean 0.0186438
FLATHEAD 4 2020 F0 0 
FLATHEAD 4 2020 Fabc 0.284074
FLATHEAD 4 2020 Fofl 0.355733
FLATHEAD 4 2020  F_LCI 0.0127716
FLATHEAD 4 2020  F_UCI 0.0128318
FLATHEAD 4 2020  F_Median 0.0128064
FLATHEAD 4 2020  F_Mean 0.0128048
FLATHEAD 4 2021 F0 0 
FLATHEAD 4 2021 Fabc 0.284074
FLATHEAD 4 2021 Fofl 0.355733
FLATHEAD 4 2021  F_LCI 0.00431811
FLATHEAD 4 2021  F_UCI 0.00437069
FLATHEAD 4 2021  F_Median 0.00434823
FLATHEAD 4 2021  F_Mean 0.004347
FLATHEAD 4 2022 F0 0 
FLATHEAD 4 2022 Fabc 0.284074
FLATHEAD 4 2022 Fofl 0.355733
FLATHEAD 4 2022  F_LCI 0.0140819
FLATHEAD 4 2022  F_UCI 0.0144533
FLATHEAD 4 2022  F_Median 0.0142895
FLATHEAD 4 2022  F_Mean 0.0142824
FLATHEAD 4 2023 F0 0 
FLATHEAD 4 2023 Fabc 0.284074
FLATHEAD 4 2023 Fofl 0.355733
FLATHEAD 4 2023  F_LCI 0.0139529
FLATHEAD 4 2023  F_UCI 0.0146382
FLATHEAD 4 2023  F_Median 0.0143274
FLATHEAD 4 2023  F_Mean 0.0143154
FLATHEAD 4 2024 F0 0 
FLATHEAD 4 2024 Fabc 0.284074
FLATHEAD 4 2024 Fofl 0.355733
FLATHEAD 4 2024  F_LCI 0.0614374
FLATHEAD 4 2024  F_UCI 0.0614374
FLATHEAD 4 2024  F_Median 0.0614374
FLATHEAD 4 2024  F_Mean 0.0614374
FLATHEAD 4 2025 F0 0 
FLATHEAD 4 2025 Fabc 0.284074
FLATHEAD 4 2025 Fofl 0.355733
FLATHEAD 4 2025  F_LCI 0.0614374
FLATHEAD 4 2025  F_UCI 0.0614374
FLATHEAD 4 2025  F_Median 0.0614374
FLATHEAD 4 2025  F_Mean 0.0614374
FLATHEAD 4 2026 F0 0 
FLATHEAD 4 2026 Fabc 0.284074
FLATHEAD 4 2026 Fofl 0.355733
FLATHEAD 4 2026  F_LCI 0.0614374
FLATHEAD 4 2026  F_UCI 0.0614374
FLATHEAD 4 2026  F_Median 0.0614374
FLATHEAD 4 2026  F_Mean 0.0614374
FLATHEAD 4 2027 F0 0 
FLATHEAD 4 2027 Fabc 0.284074
FLATHEAD 4 2027 Fofl 0.355733
FLATHEAD 4 2027  F_LCI 0.0614374
FLATHEAD 4 2027  F_UCI 0.0614374
FLATHEAD 4 2027  F_Median 0.0614374
FLATHEAD 4 2027  F_Mean 0.0614374
FLATHEAD 4 2028 F0 0 
FLATHEAD 4 2028 Fabc 0.284074
FLATHEAD 4 2028 Fofl 0.355733
FLATHEAD 4 2028  F_LCI 0.0614374
FLATHEAD 4 2028  F_UCI 0.0614374
FLATHEAD 4 2028  F_Median 0.0614374
FLATHEAD 4 2028  F_Mean 0.0614374
FLATHEAD 4 2029 F0 0 
FLATHEAD 4 2029 Fabc 0.284074
FLATHEAD 4 2029 Fofl 0.355733
FLATHEAD 4 2029  F_LCI 0.0614374
FLATHEAD 4 2029  F_UCI 0.0614374
FLATHEAD 4 2029  F_Median 0.0614374
FLATHEAD 4 2029  F_Mean 0.0614374
FLATHEAD 4 2030 F0 0 
FLATHEAD 4 2030 Fabc 0.284074
FLATHEAD 4 2030 Fofl 0.355733
FLATHEAD 4 2030  F_LCI 0.0614374
FLATHEAD 4 2030  F_UCI 0.0614374
FLATHEAD 4 2030  F_Median 0.0614374
FLATHEAD 4 2030  F_Mean 0.0614374
FLATHEAD 5 2017 Cabc 16.2275
FLATHEAD 5 2017 Cofl 17.6194
FLATHEAD 5 2017 CLCI 2.05
FLATHEAD 5 2017 CUCI 2.05
FLATHEAD 5 2017 CMedian 2.05
FLATHEAD 5 2017 CMean 2.05
FLATHEAD 5 2017 CStdn 3.10862e-15
FLATHEAD 5 2018 Cabc 16.2275
FLATHEAD 5 2018 Cofl 17.6194
FLATHEAD 5 2018 CLCI 2.202
FLATHEAD 5 2018 CUCI 2.202
FLATHEAD 5 2018 CMedian 2.202
FLATHEAD 5 2018 CMean 2.202
FLATHEAD 5 2018 CStdn 7.12347e-11
FLATHEAD 5 2019 Cabc 16.2275
FLATHEAD 5 2019 Cofl 17.6194
FLATHEAD 5 2019 CLCI 2.668
FLATHEAD 5 2019 CUCI 2.668
FLATHEAD 5 2019 CMedian 2.668
FLATHEAD 5 2019 CMean 2.668
FLATHEAD 5 2019 CStdn 2.30828e-10
FLATHEAD 5 2020 Cabc 16.2275
FLATHEAD 5 2020 Cofl 17.6194
FLATHEAD 5 2020 CLCI 1.911
FLATHEAD 5 2020 CUCI 1.911
FLATHEAD 5 2020 CMedian 1.911
FLATHEAD 5 2020 CMean 1.911
FLATHEAD 5 2020 CStdn 1.50406e-09
FLATHEAD 5 2021 Cabc 16.2275
FLATHEAD 5 2021 Cofl 17.6194
FLATHEAD 5 2021 CLCI 0.672999
FLATHEAD 5 2021 CUCI 0.673
FLATHEAD 5 2021 CMedian 0.672999
FLATHEAD 5 2021 CMean 0.672999
FLATHEAD 5 2021 CStdn 9.2073e-09
FLATHEAD 5 2022 Cabc 16.2275
FLATHEAD 5 2022 Cofl 17.6194
FLATHEAD 5 2022 CLCI 2.251
FLATHEAD 5 2022 CUCI 2.251
FLATHEAD 5 2022 CMedian 2.251
FLATHEAD 5 2022 CMean 2.251
FLATHEAD 5 2022 CStdn 7.0392e-08
FLATHEAD 5 2023 Cabc 16.2275
FLATHEAD 5 2023 Cofl 17.6194
FLATHEAD 5 2023 CLCI 2.251
FLATHEAD 5 2023 CUCI 2.251
FLATHEAD 5 2023 CMedian 2.251
FLATHEAD 5 2023 CMean 2.251
FLATHEAD 5 2023 CStdn 1.13365e-07
FLATHEAD 5 2024 Cabc 16.2275
FLATHEAD 5 2024 Cofl 17.6194
FLATHEAD 5 2024 CLCI 0
FLATHEAD 5 2024 CUCI 0
FLATHEAD 5 2024 CMedian 0
FLATHEAD 5 2024 CMean 0
FLATHEAD 5 2024 CStdn 0
FLATHEAD 5 2025 Cabc 16.2275
FLATHEAD 5 2025 Cofl 17.6194
FLATHEAD 5 2025 CLCI 0
FLATHEAD 5 2025 CUCI 0
FLATHEAD 5 2025 CMedian 0
FLATHEAD 5 2025 CMean 0
FLATHEAD 5 2025 CStdn 0
FLATHEAD 5 2026 Cabc 16.2275
FLATHEAD 5 2026 Cofl 17.6194
FLATHEAD 5 2026 CLCI 0
FLATHEAD 5 2026 CUCI 0
FLATHEAD 5 2026 CMedian 0
FLATHEAD 5 2026 CMean 0
FLATHEAD 5 2026 CStdn 0
FLATHEAD 5 2027 Cabc 16.2275
FLATHEAD 5 2027 Cofl 17.6194
FLATHEAD 5 2027 CLCI 0
FLATHEAD 5 2027 CUCI 0
FLATHEAD 5 2027 CMedian 0
FLATHEAD 5 2027 CMean 0
FLATHEAD 5 2027 CStdn 0
FLATHEAD 5 2028 Cabc 16.2275
FLATHEAD 5 2028 Cofl 17.6194
FLATHEAD 5 2028 CLCI 0
FLATHEAD 5 2028 CUCI 0
FLATHEAD 5 2028 CMedian 0
FLATHEAD 5 2028 CMean 0
FLATHEAD 5 2028 CStdn 0
FLATHEAD 5 2029 Cabc 16.2275
FLATHEAD 5 2029 Cofl 17.6194
FLATHEAD 5 2029 CLCI 0
FLATHEAD 5 2029 CUCI 0
FLATHEAD 5 2029 CMedian 0
FLATHEAD 5 2029 CMean 0
FLATHEAD 5 2029 CStdn 0
FLATHEAD 5 2030 Cabc 16.2275
FLATHEAD 5 2030 Cofl 17.6194
FLATHEAD 5 2030 CLCI 0
FLATHEAD 5 2030 CUCI 0
FLATHEAD 5 2030 CMedian 0
FLATHEAD 5 2030 CMean 0
FLATHEAD 5 2030 CStdn 0
FLATHEAD 5 2017 SSBF100 91.5511
FLATHEAD 5 2017 SSBFabc 36.6204
FLATHEAD 5 2017 SSBFofl 32.0429
FLATHEAD 5 2017 SSBLCI 83.2979
FLATHEAD 5 2017 SSBUCI 83.2979
FLATHEAD 5 2017 SSBMedian 83.2979
FLATHEAD 5 2017 SSBMean 83.2979
FLATHEAD 5 2018 SSBF100 91.5511
FLATHEAD 5 2018 SSBFabc 36.6204
FLATHEAD 5 2018 SSBFofl 32.0429
FLATHEAD 5 2018 SSBLCI 85.7503
FLATHEAD 5 2018 SSBUCI 85.7772
FLATHEAD 5 2018 SSBMedian 85.7611
FLATHEAD 5 2018 SSBMean 85.7621
FLATHEAD 5 2019 SSBF100 91.5511
FLATHEAD 5 2019 SSBFabc 36.6204
FLATHEAD 5 2019 SSBFofl 32.0429
FLATHEAD 5 2019 SSBLCI 89.0861
FLATHEAD 5 2019 SSBUCI 89.2078
FLATHEAD 5 2019 SSBMedian 89.1362
FLATHEAD 5 2019 SSBMean 89.1405
FLATHEAD 5 2020 SSBF100 91.5511
FLATHEAD 5 2020 SSBFabc 36.6204
FLATHEAD 5 2020 SSBFofl 32.0429
FLATHEAD 5 2020 SSBLCI 92.281
FLATHEAD 5 2020 SSBUCI 92.6736
FLATHEAD 5 2020 SSBMedian 92.4473
FLATHEAD 5 2020 SSBMean 92.4575
FLATHEAD 5 2021 SSBF100 91.5511
FLATHEAD 5 2021 SSBFabc 36.6204
FLATHEAD 5 2021 SSBFofl 32.0429
FLATHEAD 5 2021 SSBLCI 94.9086
FLATHEAD 5 2021 SSBUCI 95.9169
FLATHEAD 5 2021 SSBMedian 95.3403
FLATHEAD 5 2021 SSBMean 95.3636
FLATHEAD 5 2022 SSBF100 91.5511
FLATHEAD 5 2022 SSBFabc 36.6204
FLATHEAD 5 2022 SSBFofl 32.0429
FLATHEAD 5 2022 SSBLCI 96.5935
FLATHEAD 5 2022 SSBUCI 98.8302
FLATHEAD 5 2022 SSBMedian 97.5645
FLATHEAD 5 2022 SSBMean 97.614
FLATHEAD 5 2023 SSBF100 91.5511
FLATHEAD 5 2023 SSBFabc 36.6204
FLATHEAD 5 2023 SSBFofl 32.0429
FLATHEAD 5 2023 SSBLCI 95.9108
FLATHEAD 5 2023 SSBUCI 100.127
FLATHEAD 5 2023 SSBMedian 97.7814
FLATHEAD 5 2023 SSBMean 97.8755
FLATHEAD 5 2024 SSBF100 91.5511
FLATHEAD 5 2024 SSBFabc 36.6204
FLATHEAD 5 2024 SSBFofl 32.0429
FLATHEAD 5 2024 SSBLCI 94.0904
FLATHEAD 5 2024 SSBUCI 100.822
FLATHEAD 5 2024 SSBMedian 97.1021
FLATHEAD 5 2024 SSBMean 97.2617
FLATHEAD 5 2025 SSBF100 91.5511
FLATHEAD 5 2025 SSBFabc 36.6204
FLATHEAD 5 2025 SSBFofl 32.0429
FLATHEAD 5 2025 SSBLCI 92.7765
FLATHEAD 5 2025 SSBUCI 102.234
FLATHEAD 5 2025 SSBMedian 97.0973
FLATHEAD 5 2025 SSBMean 97.2347
FLATHEAD 5 2026 SSBF100 91.5511
FLATHEAD 5 2026 SSBFabc 36.6204
FLATHEAD 5 2026 SSBFofl 32.0429
FLATHEAD 5 2026 SSBLCI 91.2125
FLATHEAD 5 2026 SSBUCI 103.079
FLATHEAD 5 2026 SSBMedian 96.6914
FLATHEAD 5 2026 SSBMean 96.8762
FLATHEAD 5 2027 SSBF100 91.5511
FLATHEAD 5 2027 SSBFabc 36.6204
FLATHEAD 5 2027 SSBFofl 32.0429
FLATHEAD 5 2027 SSBLCI 89.8403
FLATHEAD 5 2027 SSBUCI 103.563
FLATHEAD 5 2027 SSBMedian 96.1026
FLATHEAD 5 2027 SSBMean 96.3633
FLATHEAD 5 2028 SSBF100 91.5511
FLATHEAD 5 2028 SSBFabc 36.6204
FLATHEAD 5 2028 SSBFofl 32.0429
FLATHEAD 5 2028 SSBLCI 88.603
FLATHEAD 5 2028 SSBUCI 103.74
FLATHEAD 5 2028 SSBMedian 95.5952
FLATHEAD 5 2028 SSBMean 95.8006
FLATHEAD 5 2029 SSBF100 91.5511
FLATHEAD 5 2029 SSBFabc 36.6204
FLATHEAD 5 2029 SSBFofl 32.0429
FLATHEAD 5 2029 SSBLCI 87.7124
FLATHEAD 5 2029 SSBUCI 103.601
FLATHEAD 5 2029 SSBMedian 94.8572
FLATHEAD 5 2029 SSBMean 95.2446
FLATHEAD 5 2030 SSBF100 91.5511
FLATHEAD 5 2030 SSBFabc 36.6204
FLATHEAD 5 2030 SSBFofl 32.0429
FLATHEAD 5 2030 SSBLCI 86.9023
FLATHEAD 5 2030 SSBUCI 103.447
FLATHEAD 5 2030 SSBMedian 94.4176
FLATHEAD 5 2030 SSBMean 94.7321
FLATHEAD 5 2017 F0 0 
FLATHEAD 5 2017 Fabc 0.284074
FLATHEAD 5 2017 Fofl 0.355733
FLATHEAD 5 2017  F_LCI 0.0153602
FLATHEAD 5 2017  F_UCI 0.0153602
FLATHEAD 5 2017  F_Median 0.0153602
FLATHEAD 5 2017  F_Mean 0.0153602
FLATHEAD 5 2018 F0 0 
FLATHEAD 5 2018 Fabc 0.284074
FLATHEAD 5 2018 Fofl 0.355733
FLATHEAD 5 2018  F_LCI 0.0160094
FLATHEAD 5 2018  F_UCI 0.0160138
FLATHEAD 5 2018  F_Median 0.016012
FLATHEAD 5 2018  F_Mean 0.0160119
FLATHEAD 5 2019 F0 0 
FLATHEAD 5 2019 Fabc 0.284074
FLATHEAD 5 2019 Fofl 0.355733
FLATHEAD 5 2019  F_LCI 0.0186296
FLATHEAD 5 2019  F_UCI 0.0186552
FLATHEAD 5 2019  F_Median 0.0186447
FLATHEAD 5 2019  F_Mean 0.0186438
FLATHEAD 5 2020 F0 0 
FLATHEAD 5 2020 Fabc 0.284074
FLATHEAD 5 2020 Fofl 0.355733
FLATHEAD 5 2020  F_LCI 0.0127716
FLATHEAD 5 2020  F_UCI 0.0128318
FLATHEAD 5 2020  F_Median 0.0128064
FLATHEAD 5 2020  F_Mean 0.0128048
FLATHEAD 5 2021 F0 0 
FLATHEAD 5 2021 Fabc 0.284074
FLATHEAD 5 2021 Fofl 0.355733
FLATHEAD 5 2021  F_LCI 0.00431811
FLATHEAD 5 2021  F_UCI 0.00437069
FLATHEAD 5 2021  F_Median 0.00434823
FLATHEAD 5 2021  F_Mean 0.004347
FLATHEAD 5 2022 F0 0 
FLATHEAD 5 2022 Fabc 0.284074
FLATHEAD 5 2022 Fofl 0.355733
FLATHEAD 5 2022  F_LCI 0.0140819
FLATHEAD 5 2022  F_UCI 0.0144533
FLATHEAD 5 2022  F_Median 0.0142895
FLATHEAD 5 2022  F_Mean 0.0142824
FLATHEAD 5 2023 F0 0 
FLATHEAD 5 2023 Fabc 0.284074
FLATHEAD 5 2023 Fofl 0.355733
FLATHEAD 5 2023  F_LCI 0.0139529
FLATHEAD 5 2023  F_UCI 0.0146382
FLATHEAD 5 2023  F_Median 0.0143274
FLATHEAD 5 2023  F_Mean 0.0143154
FLATHEAD 5 2024 F0 0 
FLATHEAD 5 2024 Fabc 0.284074
FLATHEAD 5 2024 Fofl 0.355733
FLATHEAD 5 2024  F_LCI 0
FLATHEAD 5 2024  F_UCI 0
FLATHEAD 5 2024  F_Median 0
FLATHEAD 5 2024  F_Mean 0
FLATHEAD 5 2025 F0 0 
FLATHEAD 5 2025 Fabc 0.284074
FLATHEAD 5 2025 Fofl 0.355733
FLATHEAD 5 2025  F_LCI 0
FLATHEAD 5 2025  F_UCI 0
FLATHEAD 5 2025  F_Median 0
FLATHEAD 5 2025  F_Mean 0
FLATHEAD 5 2026 F0 0 
FLATHEAD 5 2026 Fabc 0.284074
FLATHEAD 5 2026 Fofl 0.355733
FLATHEAD 5 2026  F_LCI 0
FLATHEAD 5 2026  F_UCI 0
FLATHEAD 5 2026  F_Median 0
FLATHEAD 5 2026  F_Mean 0
FLATHEAD 5 2027 F0 0 
FLATHEAD 5 2027 Fabc 0.284074
FLATHEAD 5 2027 Fofl 0.355733
FLATHEAD 5 2027  F_LCI 0
FLATHEAD 5 2027  F_UCI 0
FLATHEAD 5 2027  F_Median 0
FLATHEAD 5 2027  F_Mean 0
FLATHEAD 5 2028 F0 0 
FLATHEAD 5 2028 Fabc 0.284074
FLATHEAD 5 2028 Fofl 0.355733
FLATHEAD 5 2028  F_LCI 0
FLATHEAD 5 2028  F_UCI 0
FLATHEAD 5 2028  F_Median 0
FLATHEAD 5 2028  F_Mean 0
FLATHEAD 5 2029 F0 0 
FLATHEAD 5 2029 Fabc 0.284074
FLATHEAD 5 2029 Fofl 0.355733
FLATHEAD 5 2029  F_LCI 0
FLATHEAD 5 2029  F_UCI 0
FLATHEAD 5 2029  F_Median 0
FLATHEAD 5 2029  F_Mean 0
FLATHEAD 5 2030 F0 0 
FLATHEAD 5 2030 Fabc 0.284074
FLATHEAD 5 2030 Fofl 0.355733
FLATHEAD 5 2030  F_LCI 0
FLATHEAD 5 2030  F_UCI 0
FLATHEAD 5 2030  F_Median 0
FLATHEAD 5 2030  F_Mean 0
FLATHEAD 6 2017 Cabc 16.2275
FLATHEAD 6 2017 Cofl 17.6194
FLATHEAD 6 2017 CLCI 2.05
FLATHEAD 6 2017 CUCI 2.05
FLATHEAD 6 2017 CMedian 2.05
FLATHEAD 6 2017 CMean 2.05
FLATHEAD 6 2017 CStdn 3.10862e-15
FLATHEAD 6 2018 Cabc 16.2275
FLATHEAD 6 2018 Cofl 17.6194
FLATHEAD 6 2018 CLCI 43.0039
FLATHEAD 6 2018 CUCI 43.0172
FLATHEAD 6 2018 CMedian 43.0092
FLATHEAD 6 2018 CMean 43.0097
FLATHEAD 6 2018 CStdn 0.00419451
FLATHEAD 6 2019 Cabc 16.2275
FLATHEAD 6 2019 Cofl 17.6194
FLATHEAD 6 2019 CLCI 35.4478
FLATHEAD 6 2019 CUCI 35.5165
FLATHEAD 6 2019 CMedian 35.4761
FLATHEAD 6 2019 CMean 35.4785
FLATHEAD 6 2019 CStdn 0.0214873
FLATHEAD 6 2020 Cabc 16.2275
FLATHEAD 6 2020 Cofl 17.6194
FLATHEAD 6 2020 CLCI 30.4446
FLATHEAD 6 2020 CUCI 30.6873
FLATHEAD 6 2020 CMedian 30.5472
FLATHEAD 6 2020 CMean 30.5539
FLATHEAD 6 2020 CStdn 0.0752945
FLATHEAD 6 2021 Cabc 16.2275
FLATHEAD 6 2021 Cofl 17.6194
FLATHEAD 6 2021 CLCI 26.5815
FLATHEAD 6 2021 CUCI 27.2174
FLATHEAD 6 2021 CMedian 26.8543
FLATHEAD 6 2021 CMean 26.8692
FLATHEAD 6 2021 CStdn 0.200576
FLATHEAD 6 2022 Cabc 16.2275
FLATHEAD 6 2022 Cofl 17.6194
FLATHEAD 6 2022 CLCI 23.2506
FLATHEAD 6 2022 CUCI 24.5993
FLATHEAD 6 2022 CMedian 23.8382
FLATHEAD 6 2022 CMean 23.8681
FLATHEAD 6 2022 CStdn 0.424066
FLATHEAD 6 2023 Cabc 16.2275
FLATHEAD 6 2023 Cofl 17.6194
FLATHEAD 6 2023 CLCI 20.4318
FLATHEAD 6 2023 CUCI 22.6767
FLATHEAD 6 2023 CMedian 21.4385
FLATHEAD 6 2023 CMean 21.4848
FLATHEAD 6 2023 CStdn 0.728205
FLATHEAD 6 2024 Cabc 16.2275
FLATHEAD 6 2024 Cofl 17.6194
FLATHEAD 6 2024 CLCI 18.2237
FLATHEAD 6 2024 CUCI 21.4228
FLATHEAD 6 2024 CMedian 19.6707
FLATHEAD 6 2024 CMean 19.7104
FLATHEAD 6 2024 CStdn 1.06028
FLATHEAD 6 2025 Cabc 16.2275
FLATHEAD 6 2025 Cofl 17.6194
FLATHEAD 6 2025 CLCI 15.2117
FLATHEAD 6 2025 CUCI 20.564
FLATHEAD 6 2025 CMedian 18.416
FLATHEAD 6 2025 CMean 18.1307
FLATHEAD 6 2025 CStdn 1.69499
FLATHEAD 6 2026 Cabc 16.2275
FLATHEAD 6 2026 Cofl 17.6194
FLATHEAD 6 2026 CLCI 13.8922
FLATHEAD 6 2026 CUCI 19.9651
FLATHEAD 6 2026 CMedian 16.8792
FLATHEAD 6 2026 CMean 16.9681
FLATHEAD 6 2026 CStdn 1.95803
FLATHEAD 6 2027 Cabc 16.2275
FLATHEAD 6 2027 Cofl 17.6194
FLATHEAD 6 2027 CLCI 13.3435
FLATHEAD 6 2027 CUCI 19.6024
FLATHEAD 6 2027 CMedian 16.1755
FLATHEAD 6 2027 CMean 16.3434
FLATHEAD 6 2027 CStdn 1.94582
FLATHEAD 6 2028 Cabc 16.2275
FLATHEAD 6 2028 Cofl 17.6194
FLATHEAD 6 2028 CLCI 13.1623
FLATHEAD 6 2028 CUCI 19.2737
FLATHEAD 6 2028 CMedian 15.9231
FLATHEAD 6 2028 CMean 16.0562
FLATHEAD 6 2028 CStdn 1.86679
FLATHEAD 6 2029 Cabc 16.2275
FLATHEAD 6 2029 Cofl 17.6194
FLATHEAD 6 2029 CLCI 13.1722
FLATHEAD 6 2029 CUCI 19.1097
FLATHEAD 6 2029 CMedian 15.7486
FLATHEAD 6 2029 CMean 15.9485
FLATHEAD 6 2029 CStdn 1.81472
FLATHEAD 6 2030 Cabc 16.2275
FLATHEAD 6 2030 Cofl 17.6194
FLATHEAD 6 2030 CLCI 13.2052
FLATHEAD 6 2030 CUCI 19.0873
FLATHEAD 6 2030 CMedian 15.771
FLATHEAD 6 2030 CMean 15.9279
FLATHEAD 6 2030 CStdn 1.80006
FLATHEAD 6 2017 SSBF100 91.5511
FLATHEAD 6 2017 SSBFabc 36.6204
FLATHEAD 6 2017 SSBFofl 32.0429
FLATHEAD 6 2017 SSBLCI 83.2979
FLATHEAD 6 2017 SSBUCI 83.2979
FLATHEAD 6 2017 SSBMedian 83.2979
FLATHEAD 6 2017 SSBMean 83.2979
FLATHEAD 6 2018 SSBF100 91.5511
FLATHEAD 6 2018 SSBFabc 36.6204
FLATHEAD 6 2018 SSBFofl 32.0429
FLATHEAD 6 2018 SSBLCI 85.7503
FLATHEAD 6 2018 SSBUCI 85.7772
FLATHEAD 6 2018 SSBMedian 85.7611
FLATHEAD 6 2018 SSBMean 85.7621
FLATHEAD 6 2019 SSBF100 91.5511
FLATHEAD 6 2019 SSBFabc 36.6204
FLATHEAD 6 2019 SSBFofl 32.0429
FLATHEAD 6 2019 SSBLCI 70.3634
FLATHEAD 6 2019 SSBUCI 70.4848
FLATHEAD 6 2019 SSBMedian 70.4134
FLATHEAD 6 2019 SSBMean 70.4177
FLATHEAD 6 2020 SSBF100 91.5511
FLATHEAD 6 2020 SSBFabc 36.6204
FLATHEAD 6 2020 SSBFofl 32.0429
FLATHEAD 6 2020 SSBLCI 60.4115
FLATHEAD 6 2020 SSBUCI 60.8
FLATHEAD 6 2020 SSBMedian 60.5758
FLATHEAD 6 2020 SSBMean 60.5861
FLATHEAD 6 2021 SSBF100 91.5511
FLATHEAD 6 2021 SSBFabc 36.6204
FLATHEAD 6 2021 SSBFofl 32.0429
FLATHEAD 6 2021 SSBLCI 52.9481
FLATHEAD 6 2021 SSBUCI 53.9364
FLATHEAD 6 2021 SSBMedian 53.3728
FLATHEAD 6 2021 SSBMean 53.3949
FLATHEAD 6 2022 SSBF100 91.5511
FLATHEAD 6 2022 SSBFabc 36.6204
FLATHEAD 6 2022 SSBFofl 32.0429
FLATHEAD 6 2022 SSBLCI 46.6066
FLATHEAD 6 2022 SSBUCI 48.7565
FLATHEAD 6 2022 SSBMedian 47.5403
FLATHEAD 6 2022 SSBMean 47.587
FLATHEAD 6 2023 SSBF100 91.5511
FLATHEAD 6 2023 SSBFabc 36.6204
FLATHEAD 6 2023 SSBFofl 32.0429
FLATHEAD 6 2023 SSBLCI 41.1118
FLATHEAD 6 2023 SSBUCI 44.9483
FLATHEAD 6 2023 SSBMedian 42.836
FLATHEAD 6 2023 SSBMean 42.9164
FLATHEAD 6 2024 SSBF100 91.5511
FLATHEAD 6 2024 SSBFabc 36.6204
FLATHEAD 6 2024 SSBFofl 32.0429
FLATHEAD 6 2024 SSBLCI 36.6573
FLATHEAD 6 2024 SSBUCI 42.4077
FLATHEAD 6 2024 SSBMedian 39.2473
FLATHEAD 6 2024 SSBMean 39.3575
FLATHEAD 6 2025 SSBF100 91.5511
FLATHEAD 6 2025 SSBFabc 36.6204
FLATHEAD 6 2025 SSBFofl 32.0429
FLATHEAD 6 2025 SSBLCI 33.3088
FLATHEAD 6 2025 SSBUCI 40.6582
FLATHEAD 6 2025 SSBMedian 36.6675
FLATHEAD 6 2025 SSBMean 36.8053
FLATHEAD 6 2026 SSBF100 91.5511
FLATHEAD 6 2026 SSBFabc 36.6204
FLATHEAD 6 2026 SSBFofl 32.0429
FLATHEAD 6 2026 SSBLCI 31.7403
FLATHEAD 6 2026 SSBUCI 39.4266
FLATHEAD 6 2026 SSBMedian 34.9652
FLATHEAD 6 2026 SSBMean 35.2242
FLATHEAD 6 2027 SSBF100 91.5511
FLATHEAD 6 2027 SSBFabc 36.6204
FLATHEAD 6 2027 SSBFofl 32.0429
FLATHEAD 6 2027 SSBLCI 31.0127
FLATHEAD 6 2027 SSBUCI 38.5362
FLATHEAD 6 2027 SSBMedian 34.1268
FLATHEAD 6 2027 SSBMean 34.3868
FLATHEAD 6 2028 SSBF100 91.5511
FLATHEAD 6 2028 SSBFabc 36.6204
FLATHEAD 6 2028 SSBFofl 32.0429
FLATHEAD 6 2028 SSBLCI 30.7921
FLATHEAD 6 2028 SSBUCI 37.8918
FLATHEAD 6 2028 SSBMedian 33.8128
FLATHEAD 6 2028 SSBMean 33.9885
FLATHEAD 6 2029 SSBF100 91.5511
FLATHEAD 6 2029 SSBFabc 36.6204
FLATHEAD 6 2029 SSBFofl 32.0429
FLATHEAD 6 2029 SSBLCI 30.6916
FLATHEAD 6 2029 SSBUCI 37.5115
FLATHEAD 6 2029 SSBMedian 33.6447
FLATHEAD 6 2029 SSBMean 33.8224
FLATHEAD 6 2030 SSBF100 91.5511
FLATHEAD 6 2030 SSBFabc 36.6204
FLATHEAD 6 2030 SSBFofl 32.0429
FLATHEAD 6 2030 SSBLCI 30.7461
FLATHEAD 6 2030 SSBUCI 37.3573
FLATHEAD 6 2030 SSBMedian 33.5717
FLATHEAD 6 2030 SSBMean 33.7741
FLATHEAD 6 2017 F0 0 
FLATHEAD 6 2017 Fabc 0.284074
FLATHEAD 6 2017 Fofl 0.355733
FLATHEAD 6 2017  F_LCI 0.0153602
FLATHEAD 6 2017  F_UCI 0.0153602
FLATHEAD 6 2017  F_Median 0.0153602
FLATHEAD 6 2017  F_Mean 0.0153602
FLATHEAD 6 2018 F0 0 
FLATHEAD 6 2018 Fabc 0.284074
FLATHEAD 6 2018 Fofl 0.355733
FLATHEAD 6 2018  F_LCI 0.355733
FLATHEAD 6 2018  F_UCI 0.355733
FLATHEAD 6 2018  F_Median 0.355733
FLATHEAD 6 2018  F_Mean 0.355733
FLATHEAD 6 2019 F0 0 
FLATHEAD 6 2019 Fabc 0.284074
FLATHEAD 6 2019 Fofl 0.355733
FLATHEAD 6 2019  F_LCI 0.355733
FLATHEAD 6 2019  F_UCI 0.355733
FLATHEAD 6 2019  F_Median 0.355733
FLATHEAD 6 2019  F_Mean 0.355733
FLATHEAD 6 2020 F0 0 
FLATHEAD 6 2020 Fabc 0.284074
FLATHEAD 6 2020 Fofl 0.355733
FLATHEAD 6 2020  F_LCI 0.355733
FLATHEAD 6 2020  F_UCI 0.355733
FLATHEAD 6 2020  F_Median 0.355733
FLATHEAD 6 2020  F_Mean 0.355733
FLATHEAD 6 2021 F0 0 
FLATHEAD 6 2021 Fabc 0.284074
FLATHEAD 6 2021 Fofl 0.355733
FLATHEAD 6 2021  F_LCI 0.355733
FLATHEAD 6 2021  F_UCI 0.355733
FLATHEAD 6 2021  F_Median 0.355733
FLATHEAD 6 2021  F_Mean 0.355733
FLATHEAD 6 2022 F0 0 
FLATHEAD 6 2022 Fabc 0.284074
FLATHEAD 6 2022 Fofl 0.355733
FLATHEAD 6 2022  F_LCI 0.355733
FLATHEAD 6 2022  F_UCI 0.355733
FLATHEAD 6 2022  F_Median 0.355733
FLATHEAD 6 2022  F_Mean 0.355733
FLATHEAD 6 2023 F0 0 
FLATHEAD 6 2023 Fabc 0.284074
FLATHEAD 6 2023 Fofl 0.355733
FLATHEAD 6 2023  F_LCI 0.355733
FLATHEAD 6 2023  F_UCI 0.355733
FLATHEAD 6 2023  F_Median 0.355733
FLATHEAD 6 2023  F_Mean 0.355733
FLATHEAD 6 2024 F0 0 
FLATHEAD 6 2024 Fabc 0.284074
FLATHEAD 6 2024 Fofl 0.355733
FLATHEAD 6 2024  F_LCI 0.355733
FLATHEAD 6 2024  F_UCI 0.355733
FLATHEAD 6 2024  F_Median 0.355733
FLATHEAD 6 2024  F_Mean 0.355481
FLATHEAD 6 2025 F0 0 
FLATHEAD 6 2025 Fabc 0.284074
FLATHEAD 6 2025 Fofl 0.355733
FLATHEAD 6 2025  F_LCI 0.321871
FLATHEAD 6 2025  F_UCI 0.355733
FLATHEAD 6 2025  F_Median 0.355733
FLATHEAD 6 2025  F_Mean 0.347125
FLATHEAD 6 2026 F0 0 
FLATHEAD 6 2026 Fabc 0.284074
FLATHEAD 6 2026 Fofl 0.355733
FLATHEAD 6 2026  F_LCI 0.305832
FLATHEAD 6 2026  F_UCI 0.355733
FLATHEAD 6 2026  F_Median 0.338808
FLATHEAD 6 2026  F_Mean 0.336716
FLATHEAD 6 2027 F0 0 
FLATHEAD 6 2027 Fabc 0.284074
FLATHEAD 6 2027 Fofl 0.355733
FLATHEAD 6 2027  F_LCI 0.298393
FLATHEAD 6 2027  F_UCI 0.355733
FLATHEAD 6 2027  F_Median 0.330235
FLATHEAD 6 2027  F_Mean 0.33038
FLATHEAD 6 2028 F0 0 
FLATHEAD 6 2028 Fabc 0.284074
FLATHEAD 6 2028 Fofl 0.355733
FLATHEAD 6 2028  F_LCI 0.296137
FLATHEAD 6 2028  F_UCI 0.355733
FLATHEAD 6 2028  F_Median 0.327024
FLATHEAD 6 2028  F_Mean 0.327214
FLATHEAD 6 2029 F0 0 
FLATHEAD 6 2029 Fabc 0.284074
FLATHEAD 6 2029 Fofl 0.355733
FLATHEAD 6 2029  F_LCI 0.295109
FLATHEAD 6 2029  F_UCI 0.355733
FLATHEAD 6 2029  F_Median 0.325305
FLATHEAD 6 2029  F_Mean 0.325879
FLATHEAD 6 2030 F0 0 
FLATHEAD 6 2030 Fabc 0.284074
FLATHEAD 6 2030 Fofl 0.355733
FLATHEAD 6 2030  F_LCI 0.295666
FLATHEAD 6 2030  F_UCI 0.355733
FLATHEAD 6 2030  F_Median 0.324559
FLATHEAD 6 2030  F_Mean 0.32546
FLATHEAD 7 2017 Cabc 16.2275
FLATHEAD 7 2017 Cofl 17.6194
FLATHEAD 7 2017 CLCI 2.05
FLATHEAD 7 2017 CUCI 2.05
FLATHEAD 7 2017 CMedian 2.05
FLATHEAD 7 2017 CMean 2.05
FLATHEAD 7 2017 CStdn 3.10862e-15
FLATHEAD 7 2018 Cabc 16.2275
FLATHEAD 7 2018 Cofl 17.6194
FLATHEAD 7 2018 CLCI 35.2606
FLATHEAD 7 2018 CUCI 35.2713
FLATHEAD 7 2018 CMedian 35.2649
FLATHEAD 7 2018 CMean 35.2653
FLATHEAD 7 2018 CStdn 0.00335022
FLATHEAD 7 2019 Cabc 16.2275
FLATHEAD 7 2019 Cofl 17.6194
FLATHEAD 7 2019 CLCI 30.4751
FLATHEAD 7 2019 CUCI 30.53
FLATHEAD 7 2019 CMedian 30.4977
FLATHEAD 7 2019 CMean 30.4996
FLATHEAD 7 2019 CStdn 0.0171755
FLATHEAD 7 2020 Cabc 16.2275
FLATHEAD 7 2020 Cofl 17.6194
FLATHEAD 7 2020 CLCI 33.1449
FLATHEAD 7 2020 CUCI 33.3879
FLATHEAD 7 2020 CMedian 33.2477
FLATHEAD 7 2020 CMean 33.2543
FLATHEAD 7 2020 CStdn 0.075409
FLATHEAD 7 2021 Cabc 16.2275
FLATHEAD 7 2021 Cofl 17.6194
FLATHEAD 7 2021 CLCI 28.4122
FLATHEAD 7 2021 CUCI 29.0491
FLATHEAD 7 2021 CMedian 28.6853
FLATHEAD 7 2021 CMean 28.7003
FLATHEAD 7 2021 CStdn 0.200861
FLATHEAD 7 2022 Cabc 16.2275
FLATHEAD 7 2022 Cofl 17.6194
FLATHEAD 7 2022 CLCI 24.4478
FLATHEAD 7 2022 CUCI 25.7984
FLATHEAD 7 2022 CMedian 25.0364
FLATHEAD 7 2022 CMean 25.0661
FLATHEAD 7 2022 CStdn 0.424615
FLATHEAD 7 2023 Cabc 16.2275
FLATHEAD 7 2023 Cofl 17.6194
FLATHEAD 7 2023 CLCI 21.1882
FLATHEAD 7 2023 CUCI 23.4359
FLATHEAD 7 2023 CMedian 22.1963
FLATHEAD 7 2023 CMean 22.2424
FLATHEAD 7 2023 CStdn 0.729025
FLATHEAD 7 2024 Cabc 16.2275
FLATHEAD 7 2024 Cofl 17.6194
FLATHEAD 7 2024 CLCI 18.6901
FLATHEAD 7 2024 CUCI 21.8918
FLATHEAD 7 2024 CMedian 20.1374
FLATHEAD 7 2024 CMean 20.1865
FLATHEAD 7 2024 CStdn 1.0413
FLATHEAD 7 2025 Cabc 16.2275
FLATHEAD 7 2025 Cofl 17.6194
FLATHEAD 7 2025 CLCI 15.7058
FLATHEAD 7 2025 CUCI 20.8448
FLATHEAD 7 2025 CMedian 18.7113
FLATHEAD 7 2025 CMean 18.5217
FLATHEAD 7 2025 CStdn 1.60548
FLATHEAD 7 2026 Cabc 16.2275
FLATHEAD 7 2026 Cofl 17.6194
FLATHEAD 7 2026 CLCI 14.0975
FLATHEAD 7 2026 CUCI 20.1325
FLATHEAD 7 2026 CMedian 17.1719
FLATHEAD 7 2026 CMean 17.1958
FLATHEAD 7 2026 CStdn 1.95234
FLATHEAD 7 2027 Cabc 16.2275
FLATHEAD 7 2027 Cofl 17.6194
FLATHEAD 7 2027 CLCI 13.4163
FLATHEAD 7 2027 CUCI 19.7016
FLATHEAD 7 2027 CMedian 16.2691
FLATHEAD 7 2027 CMean 16.4495
FLATHEAD 7 2027 CStdn 1.96249
FLATHEAD 7 2028 Cabc 16.2275
FLATHEAD 7 2028 Cofl 17.6194
FLATHEAD 7 2028 CLCI 13.1966
FLATHEAD 7 2028 CUCI 19.3316
FLATHEAD 7 2028 CMedian 15.9554
FLATHEAD 7 2028 CMean 16.0963
FLATHEAD 7 2028 CStdn 1.87996
FLATHEAD 7 2029 Cabc 16.2275
FLATHEAD 7 2029 Cofl 17.6194
FLATHEAD 7 2029 CLCI 13.174
FLATHEAD 7 2029 CUCI 19.1355
FLATHEAD 7 2029 CMedian 15.7689
FLATHEAD 7 2029 CMean 15.9582
FLATHEAD 7 2029 CStdn 1.82132
FLATHEAD 7 2030 Cabc 16.2275
FLATHEAD 7 2030 Cofl 17.6194
FLATHEAD 7 2030 CLCI 13.2119
FLATHEAD 7 2030 CUCI 19.0961
FLATHEAD 7 2030 CMedian 15.7616
FLATHEAD 7 2030 CMean 15.9265
FLATHEAD 7 2030 CStdn 1.80292
FLATHEAD 7 2017 SSBF100 91.5511
FLATHEAD 7 2017 SSBFabc 36.6204
FLATHEAD 7 2017 SSBFofl 32.0429
FLATHEAD 7 2017 SSBLCI 83.2979
FLATHEAD 7 2017 SSBUCI 83.2979
FLATHEAD 7 2017 SSBMedian 83.2979
FLATHEAD 7 2017 SSBMean 83.2979
FLATHEAD 7 2018 SSBF100 91.5511
FLATHEAD 7 2018 SSBFabc 36.6204
FLATHEAD 7 2018 SSBFofl 32.0429
FLATHEAD 7 2018 SSBLCI 85.7503
FLATHEAD 7 2018 SSBUCI 85.7772
FLATHEAD 7 2018 SSBMedian 85.7611
FLATHEAD 7 2018 SSBMean 85.7621
FLATHEAD 7 2019 SSBF100 91.5511
FLATHEAD 7 2019 SSBFabc 36.6204
FLATHEAD 7 2019 SSBFofl 32.0429
FLATHEAD 7 2019 SSBLCI 73.8677
FLATHEAD 7 2019 SSBUCI 73.9891
FLATHEAD 7 2019 SSBMedian 73.9177
FLATHEAD 7 2019 SSBMean 73.9219
FLATHEAD 7 2020 SSBF100 91.5511
FLATHEAD 7 2020 SSBFabc 36.6204
FLATHEAD 7 2020 SSBFofl 32.0429
FLATHEAD 7 2020 SSBLCI 65.7683
FLATHEAD 7 2020 SSBUCI 66.1572
FLATHEAD 7 2020 SSBMedian 65.9328
FLATHEAD 7 2020 SSBMean 65.9432
FLATHEAD 7 2021 SSBF100 91.5511
FLATHEAD 7 2021 SSBFabc 36.6204
FLATHEAD 7 2021 SSBFofl 32.0429
FLATHEAD 7 2021 SSBLCI 56.5967
FLATHEAD 7 2021 SSBUCI 57.586
FLATHEAD 7 2021 SSBMedian 57.0218
FLATHEAD 7 2021 SSBMean 57.0439
FLATHEAD 7 2022 SSBF100 91.5511
FLATHEAD 7 2022 SSBFabc 36.6204
FLATHEAD 7 2022 SSBFofl 32.0429
FLATHEAD 7 2022 SSBLCI 49.0202
FLATHEAD 7 2022 SSBUCI 51.1716
FLATHEAD 7 2022 SSBMedian 49.9545
FLATHEAD 7 2022 SSBMean 50.0012
FLATHEAD 7 2023 SSBF100 91.5511
FLATHEAD 7 2023 SSBFabc 36.6204
FLATHEAD 7 2023 SSBFofl 32.0429
FLATHEAD 7 2023 SSBLCI 42.6603
FLATHEAD 7 2023 SSBUCI 46.5004
FLATHEAD 7 2023 SSBMedian 44.3856
FLATHEAD 7 2023 SSBMean 44.4663
FLATHEAD 7 2024 SSBF100 91.5511
FLATHEAD 7 2024 SSBFabc 36.6204
FLATHEAD 7 2024 SSBFofl 32.0429
FLATHEAD 7 2024 SSBLCI 37.6259
FLATHEAD 7 2024 SSBUCI 43.3811
FLATHEAD 7 2024 SSBMedian 40.2164
FLATHEAD 7 2024 SSBMean 40.3273
FLATHEAD 7 2025 SSBF100 91.5511
FLATHEAD 7 2025 SSBFabc 36.6204
FLATHEAD 7 2025 SSBFofl 32.0429
FLATHEAD 7 2025 SSBLCI 33.8887
FLATHEAD 7 2025 SSBUCI 41.256
FLATHEAD 7 2025 SSBMedian 37.2616
FLATHEAD 7 2025 SSBMean 37.3955
FLATHEAD 7 2026 SSBF100 91.5511
FLATHEAD 7 2026 SSBFabc 36.6204
FLATHEAD 7 2026 SSBFofl 32.0429
FLATHEAD 7 2026 SSBLCI 31.984
FLATHEAD 7 2026 SSBUCI 39.7857
FLATHEAD 7 2026 SSBMedian 35.2834
FLATHEAD 7 2026 SSBMean 35.5323
FLATHEAD 7 2027 SSBF100 91.5511
FLATHEAD 7 2027 SSBFabc 36.6204
FLATHEAD 7 2027 SSBFofl 32.0429
FLATHEAD 7 2027 SSBLCI 31.1049
FLATHEAD 7 2027 SSBUCI 38.749
FLATHEAD 7 2027 SSBMedian 34.2644
FLATHEAD 7 2027 SSBMean 34.5281
FLATHEAD 7 2028 SSBF100 91.5511
FLATHEAD 7 2028 SSBFabc 36.6204
FLATHEAD 7 2028 SSBFofl 32.0429
FLATHEAD 7 2028 SSBLCI 30.8214
FLATHEAD 7 2028 SSBUCI 38.0173
FLATHEAD 7 2028 SSBMedian 33.8426
FLATHEAD 7 2028 SSBMean 34.0442
FLATHEAD 7 2029 SSBF100 91.5511
FLATHEAD 7 2029 SSBFabc 36.6204
FLATHEAD 7 2029 SSBFofl 32.0429
FLATHEAD 7 2029 SSBLCI 30.6893
FLATHEAD 7 2029 SSBUCI 37.5487
FLATHEAD 7 2029 SSBMedian 33.6528
FLATHEAD 7 2029 SSBMean 33.8388
FLATHEAD 7 2030 SSBF100 91.5511
FLATHEAD 7 2030 SSBFabc 36.6204
FLATHEAD 7 2030 SSBFofl 32.0429
FLATHEAD 7 2030 SSBLCI 30.7395
FLATHEAD 7 2030 SSBUCI 37.3903
FLATHEAD 7 2030 SSBMedian 33.5633
FLATHEAD 7 2030 SSBMean 33.7754
FLATHEAD 7 2017 F0 0 
FLATHEAD 7 2017 Fabc 0.284074
FLATHEAD 7 2017 Fofl 0.355733
FLATHEAD 7 2017  F_LCI 0.0153602
FLATHEAD 7 2017  F_UCI 0.0153602
FLATHEAD 7 2017  F_Median 0.0153602
FLATHEAD 7 2017  F_Mean 0.0153602
FLATHEAD 7 2018 F0 0 
FLATHEAD 7 2018 Fabc 0.284074
FLATHEAD 7 2018 Fofl 0.355733
FLATHEAD 7 2018  F_LCI 0.284074
FLATHEAD 7 2018  F_UCI 0.284074
FLATHEAD 7 2018  F_Median 0.284074
FLATHEAD 7 2018  F_Mean 0.284074
FLATHEAD 7 2019 F0 0 
FLATHEAD 7 2019 Fabc 0.284074
FLATHEAD 7 2019 Fofl 0.355733
FLATHEAD 7 2019  F_LCI 0.284074
FLATHEAD 7 2019  F_UCI 0.284074
FLATHEAD 7 2019  F_Median 0.284074
FLATHEAD 7 2019  F_Mean 0.284074
FLATHEAD 7 2020 F0 0 
FLATHEAD 7 2020 Fabc 0.284074
FLATHEAD 7 2020 Fofl 0.355733
FLATHEAD 7 2020  F_LCI 0.355733
FLATHEAD 7 2020  F_UCI 0.355733
FLATHEAD 7 2020  F_Median 0.355733
FLATHEAD 7 2020  F_Mean 0.355733
FLATHEAD 7 2021 F0 0 
FLATHEAD 7 2021 Fabc 0.284074
FLATHEAD 7 2021 Fofl 0.355733
FLATHEAD 7 2021  F_LCI 0.355733
FLATHEAD 7 2021  F_UCI 0.355733
FLATHEAD 7 2021  F_Median 0.355733
FLATHEAD 7 2021  F_Mean 0.355733
FLATHEAD 7 2022 F0 0 
FLATHEAD 7 2022 Fabc 0.284074
FLATHEAD 7 2022 Fofl 0.355733
FLATHEAD 7 2022  F_LCI 0.355733
FLATHEAD 7 2022  F_UCI 0.355733
FLATHEAD 7 2022  F_Median 0.355733
FLATHEAD 7 2022  F_Mean 0.355733
FLATHEAD 7 2023 F0 0 
FLATHEAD 7 2023 Fabc 0.284074
FLATHEAD 7 2023 Fofl 0.355733
FLATHEAD 7 2023  F_LCI 0.355733
FLATHEAD 7 2023  F_UCI 0.355733
FLATHEAD 7 2023  F_Median 0.355733
FLATHEAD 7 2023  F_Mean 0.355733
FLATHEAD 7 2024 F0 0 
FLATHEAD 7 2024 Fabc 0.284074
FLATHEAD 7 2024 Fofl 0.355733
FLATHEAD 7 2024  F_LCI 0.355733
FLATHEAD 7 2024  F_UCI 0.355733
FLATHEAD 7 2024  F_Median 0.355733
FLATHEAD 7 2024  F_Mean 0.355699
FLATHEAD 7 2025 F0 0 
FLATHEAD 7 2025 Fabc 0.284074
FLATHEAD 7 2025 Fofl 0.355733
FLATHEAD 7 2025  F_LCI 0.327801
FLATHEAD 7 2025  F_UCI 0.355733
FLATHEAD 7 2025  F_Median 0.355733
FLATHEAD 7 2025  F_Mean 0.349759
FLATHEAD 7 2026 F0 0 
FLATHEAD 7 2026 Fabc 0.284074
FLATHEAD 7 2026 Fofl 0.355733
FLATHEAD 7 2026  F_LCI 0.308324
FLATHEAD 7 2026  F_UCI 0.355733
FLATHEAD 7 2026  F_Median 0.342061
FLATHEAD 7 2026  F_Mean 0.338784
FLATHEAD 7 2027 F0 0 
FLATHEAD 7 2027 Fabc 0.284074
FLATHEAD 7 2027 Fofl 0.355733
FLATHEAD 7 2027  F_LCI 0.299335
FLATHEAD 7 2027  F_UCI 0.355733
FLATHEAD 7 2027  F_Median 0.331642
FLATHEAD 7 2027  F_Mean 0.331451
FLATHEAD 7 2028 F0 0 
FLATHEAD 7 2028 Fabc 0.284074
FLATHEAD 7 2028 Fofl 0.355733
FLATHEAD 7 2028  F_LCI 0.296437
FLATHEAD 7 2028  F_UCI 0.355733
FLATHEAD 7 2028  F_Median 0.327329
FLATHEAD 7 2028  F_Mean 0.32765
FLATHEAD 7 2029 F0 0 
FLATHEAD 7 2029 Fabc 0.284074
FLATHEAD 7 2029 Fofl 0.355733
FLATHEAD 7 2029  F_LCI 0.295085
FLATHEAD 7 2029  F_UCI 0.355733
FLATHEAD 7 2029  F_Median 0.325388
FLATHEAD 7 2029  F_Mean 0.325997
FLATHEAD 7 2030 F0 0 
FLATHEAD 7 2030 Fabc 0.284074
FLATHEAD 7 2030 Fofl 0.355733
FLATHEAD 7 2030  F_LCI 0.295599
FLATHEAD 7 2030  F_UCI 0.355733
FLATHEAD 7 2030  F_Median 0.324473
FLATHEAD 7 2030  F_Mean 0.325457
