
SB0 SB40 SB35 MeanRec HarMeanRec Bnow
91.5511 36.6204 32.0429 180.815 170.507 83.2979 
CV Recruit
0.24587 
Alternative 1 Alternative  Stock: FLATHEAD
Catch FLATHEAD
Year C0 Cabc Cofl LowCI_Catch Median_Catch Mean_Catch UpperCI_Catch Stdev_Catch 
2017  0 16.2275 17.6194 2.05 2.05 2.05 2.05 3.10862e-15 
2018  0 16.2275 17.6194 2.202 2.202 2.202 2.202 7.12347e-11 
2019  0 16.2275 17.6194 2.668 2.668 2.668 2.668 2.30828e-10 
2020  0 16.2275 17.6194 1.911 1.911 1.911 1.911 1.50406e-09 
2021  0 16.2275 17.6194 0.672999 0.672999 0.672999 0.673 9.2073e-09 
2022  0 16.2275 17.6194 2.251 2.251 2.251 2.251 7.0392e-08 
2023  0 16.2275 17.6194 2.251 2.251 2.251 2.251 1.13365e-07 
2024  0 16.2275 17.6194 38.0934 39.5258 39.5778 41.226 1.02266 
2025  0 16.2275 17.6194 29.7711 31.5455 31.6159 33.6282 1.23495 
2026  0 16.2275 17.6194 24.0228 25.9731 26.0477 28.2842 1.32436 
2027  0 16.2275 17.6194 20.2648 22.2077 22.2658 24.5168 1.32406 
2028  0 16.2275 17.6194 17.7661 19.6605 19.7554 21.9582 1.29168 
2029  0 16.2275 17.6194 16.1043 18.0453 18.116 20.2899 1.26612 
2030  0 16.2275 17.6194 15.196 16.9614 17.0537 19.2186 1.27798 

Spawning_Biomass FLATHEAD
Year SSB100 SSBabc SSBofl LowCI_SSB Median_SSB Mean_SSB UpperCI_SSB Stdev_SSB 
2017 91.5511 36.6204 32.0429 83.2979 83.2979 83.2979 83.2979 1.13687e-12 
2018 91.5511 36.6204 32.0429 85.7503 85.7611 85.7621 85.7772 0.00846737 
2019 91.5511 36.6204 32.0429 89.0861 89.1362 89.1405 89.2078 0.0378536 
2020 91.5511 36.6204 32.0429 92.281 92.4473 92.4575 92.6736 0.121675 
2021 91.5511 36.6204 32.0429 94.9086 95.3403 95.3636 95.9169 0.318734 
2022 91.5511 36.6204 32.0429 96.5935 97.5645 97.614 98.8302 0.708497 
2023 91.5511 36.6204 32.0429 95.9108 97.7814 97.8755 100.127 1.35174 
2024 91.5511 36.6204 32.0429 94.0904 97.1021 97.2617 100.822 2.19118 
2025 91.5511 36.6204 32.0429 73.9057 77.8563 77.9823 82.5092 2.75235 
2026 91.5511 36.6204 32.0429 59.6784 64.1262 64.2749 69.2721 3.03215 
2027 91.5511 36.6204 32.0429 50.1477 54.6795 54.8151 59.9803 3.09195 
2028 91.5511 36.6204 32.0429 43.7222 48.2128 48.4388 53.7426 3.05259 
2029 91.5511 36.6204 32.0429 39.4537 44.0766 44.2192 49.4975 2.99602 
2030 91.5511 36.6204 32.0429 36.9226 41.2341 41.4764 46.6015 2.96036 

Fishing_mortalityFLATHEAD
Year F0 Fabc Fofl LowCI_F Median_F Mean_F UpperCI_F Stdev_F 
2017  0 0.284074 0.355733 0.0153602 0.0153602 0.0153602 0.0153602 1.5439e-16 
2018  0 0.284074 0.355733 0.0160094 0.016012 0.0160119 0.0160138 1.38272e-06 
2019  0 0.284074 0.355733 0.0186296 0.0186447 0.0186438 0.0186552 7.9789e-06 
2020  0 0.284074 0.355733 0.0127716 0.0128064 0.0128048 0.0128318 1.85789e-05 
2021  0 0.284074 0.355733 0.00431811 0.00434823 0.004347 0.00437069 1.64941e-05 
2022  0 0.284074 0.355733 0.0140819 0.0142895 0.0142824 0.0144533 0.000117584 
2023  0 0.284074 0.355733 0.0139529 0.0143274 0.0143154 0.0146382 0.000218454 
2024  0 0.284074 0.355733 0.284074 0.284074 0.284074 0.284074 3.16414e-15 
2025  0 0.284074 0.355733 0.284074 0.284074 0.284074 0.284074 3.16414e-15 
2026  0 0.284074 0.355733 0.284074 0.284074 0.284074 0.284074 3.16414e-15 
2027  0 0.284074 0.355733 0.284074 0.284074 0.284074 0.284074 3.16414e-15 
2028  0 0.284074 0.355733 0.284074 0.284074 0.284074 0.284074 3.16414e-15 
2029  0 0.284074 0.355733 0.284074 0.284074 0.284048 0.284074 0.000462213 
2030  0 0.284074 0.355733 0.284074 0.284074 0.283804 0.284074 0.00192446 

Total_BiomassFLATHEAD
Year B100 Babc Bofl LowCI_Biom Median_Biom Mean_Biom UpperCI_Biom Stdev_Biom 
2017 524.234 165.243 156.073 277.62 277.62 277.62 277.62 7.38964e-13 
2018 524.234 165.243 156.073 278.871 281.377 281.629 285.145 1.97204 
2019 524.234 165.243 156.073 277.337 282.828 283.153 290.279 4.0643 
2020 524.234 165.243 156.073 273.149 281.922 282.352 292.791 6.28762 
2021 524.234 165.243 156.073 268.716 280.511 281.032 294.584 8.33424 
2022 524.234 165.243 156.073 264.483 279.454 279.975 296.437 10.0936 
2023 524.234 165.243 156.073 258.933 276.384 276.796 296.219 11.5067 
2024 524.234 165.243 156.073 254.11 272.797 273.461 294.741 12.6023 
2025 524.234 165.243 156.073 216.111 234.201 235.135 256.628 12.606 
2026 524.234 165.243 156.073 190.026 208.651 209.204 230.125 12.4935 
2027 524.234 165.243 156.073 173.195 191.159 191.988 213.357 12.4486 
2028 524.234 165.243 156.073 162.629 179.825 180.785 202.62 12.3405 
2029 524.234 165.243 156.073 154.602 172.448 173.357 194.067 12.225 
2030 524.234 165.243 156.073 150.053 167.91 168.578 188.479 12.116 
Alternative 2 Alternative  Stock: FLATHEAD
Catch FLATHEAD
Year C0 Cabc Cofl LowCI_Catch Median_Catch Mean_Catch UpperCI_Catch Stdev_Catch 
2017  0 16.2275 17.6194 2.05 2.05 2.05 2.05 3.10862e-15 
2018  0 16.2275 17.6194 2.202 2.202 2.202 2.202 7.12347e-11 
2019  0 16.2275 17.6194 2.668 2.668 2.668 2.668 2.30828e-10 
2020  0 16.2275 17.6194 1.911 1.911 1.911 1.911 1.50406e-09 
2021  0 16.2275 17.6194 0.672999 0.672999 0.672999 0.673 9.2073e-09 
2022  0 16.2275 17.6194 2.251 2.251 2.251 2.251 7.0392e-08 
2023  0 16.2275 17.6194 2.251 2.251 2.251 2.251 1.13365e-07 
2024  0 16.2275 17.6194 38.0934 39.5258 39.5778 41.226 1.02266 
2025  0 16.2275 17.6194 29.7711 31.5455 31.6159 33.6282 1.23495 
2026  0 16.2275 17.6194 24.0228 25.9731 26.0477 28.2842 1.32436 
2027  0 16.2275 17.6194 20.2648 22.2077 22.2658 24.5168 1.32406 
2028  0 16.2275 17.6194 17.7661 19.6605 19.7554 21.9582 1.29168 
2029  0 16.2275 17.6194 16.1043 18.0453 18.116 20.2899 1.26612 
2030  0 16.2275 17.6194 15.196 16.9614 17.0537 19.2186 1.27798 

Spawning_Biomass FLATHEAD
Year SSB100 SSBabc SSBofl LowCI_SSB Median_SSB Mean_SSB UpperCI_SSB Stdev_SSB 
2017 91.5511 36.6204 32.0429 83.2979 83.2979 83.2979 83.2979 1.13687e-12 
2018 91.5511 36.6204 32.0429 85.7503 85.7611 85.7621 85.7772 0.00846737 
2019 91.5511 36.6204 32.0429 89.0861 89.1362 89.1405 89.2078 0.0378536 
2020 91.5511 36.6204 32.0429 92.281 92.4473 92.4575 92.6736 0.121675 
2021 91.5511 36.6204 32.0429 94.9086 95.3403 95.3636 95.9169 0.318734 
2022 91.5511 36.6204 32.0429 96.5935 97.5645 97.614 98.8302 0.708497 
2023 91.5511 36.6204 32.0429 95.9108 97.7814 97.8755 100.127 1.35174 
2024 91.5511 36.6204 32.0429 94.0904 97.1021 97.2617 100.822 2.19118 
2025 91.5511 36.6204 32.0429 73.9057 77.8563 77.9823 82.5092 2.75235 
2026 91.5511 36.6204 32.0429 59.6784 64.1262 64.2749 69.2721 3.03215 
2027 91.5511 36.6204 32.0429 50.1477 54.6795 54.8151 59.9803 3.09195 
2028 91.5511 36.6204 32.0429 43.7222 48.2128 48.4388 53.7426 3.05259 
2029 91.5511 36.6204 32.0429 39.4537 44.0766 44.2192 49.4975 2.99602 
2030 91.5511 36.6204 32.0429 36.9226 41.2341 41.4764 46.6015 2.96036 

Fishing_mortalityFLATHEAD
Year F0 Fabc Fofl LowCI_F Median_F Mean_F UpperCI_F Stdev_F 
2017  0 0.284074 0.355733 0.0153602 0.0153602 0.0153602 0.0153602 1.5439e-16 
2018  0 0.284074 0.355733 0.0160094 0.016012 0.0160119 0.0160138 1.38272e-06 
2019  0 0.284074 0.355733 0.0186296 0.0186447 0.0186438 0.0186552 7.9789e-06 
2020  0 0.284074 0.355733 0.0127716 0.0128064 0.0128048 0.0128318 1.85789e-05 
2021  0 0.284074 0.355733 0.00431811 0.00434823 0.004347 0.00437069 1.64941e-05 
2022  0 0.284074 0.355733 0.0140819 0.0142895 0.0142824 0.0144533 0.000117584 
2023  0 0.284074 0.355733 0.0139529 0.0143274 0.0143154 0.0146382 0.000218454 
2024  0 0.284074 0.355733 0.284074 0.284074 0.284074 0.284074 3.16414e-15 
2025  0 0.284074 0.355733 0.284074 0.284074 0.284074 0.284074 3.16414e-15 
2026  0 0.284074 0.355733 0.284074 0.284074 0.284074 0.284074 3.16414e-15 
2027  0 0.284074 0.355733 0.284074 0.284074 0.284074 0.284074 3.16414e-15 
2028  0 0.284074 0.355733 0.284074 0.284074 0.284074 0.284074 3.16414e-15 
2029  0 0.284074 0.355733 0.284074 0.284074 0.284048 0.284074 0.000462213 
2030  0 0.284074 0.355733 0.284074 0.284074 0.283804 0.284074 0.00192446 

Total_BiomassFLATHEAD
Year B100 Babc Bofl LowCI_Biom Median_Biom Mean_Biom UpperCI_Biom Stdev_Biom 
2017 524.234 165.243 156.073 277.62 277.62 277.62 277.62 7.38964e-13 
2018 524.234 165.243 156.073 278.871 281.377 281.629 285.145 1.97204 
2019 524.234 165.243 156.073 277.337 282.828 283.153 290.279 4.0643 
2020 524.234 165.243 156.073 273.149 281.922 282.352 292.791 6.28762 
2021 524.234 165.243 156.073 268.716 280.511 281.032 294.584 8.33424 
2022 524.234 165.243 156.073 264.483 279.454 279.975 296.437 10.0936 
2023 524.234 165.243 156.073 258.933 276.384 276.796 296.219 11.5067 
2024 524.234 165.243 156.073 254.11 272.797 273.461 294.741 12.6023 
2025 524.234 165.243 156.073 216.111 234.201 235.135 256.628 12.606 
2026 524.234 165.243 156.073 190.026 208.651 209.204 230.125 12.4935 
2027 524.234 165.243 156.073 173.195 191.159 191.988 213.357 12.4486 
2028 524.234 165.243 156.073 162.629 179.825 180.785 202.62 12.3405 
2029 524.234 165.243 156.073 154.602 172.448 173.357 194.067 12.225 
2030 524.234 165.243 156.073 150.053 167.91 168.578 188.479 12.116 
Alternative 3 Alternative  Stock: FLATHEAD
Catch FLATHEAD
Year C0 Cabc Cofl LowCI_Catch Median_Catch Mean_Catch UpperCI_Catch Stdev_Catch 
2017  0 16.2275 17.6194 2.05 2.05 2.05 2.05 3.10862e-15 
2018  0 16.2275 17.6194 2.202 2.202 2.202 2.202 7.12347e-11 
2019  0 16.2275 17.6194 2.668 2.668 2.668 2.668 2.30828e-10 
2020  0 16.2275 17.6194 1.911 1.911 1.911 1.911 1.50406e-09 
2021  0 16.2275 17.6194 0.672999 0.672999 0.672999 0.673 9.2073e-09 
2022  0 16.2275 17.6194 2.251 2.251 2.251 2.251 7.0392e-08 
2023  0 16.2275 17.6194 2.251 2.251 2.251 2.251 1.13365e-07 
2024  0 16.2275 17.6194 2.54037 2.63038 2.63466 2.73956 0.0648689 
2025  0 16.2275 17.6194 2.45702 2.58541 2.58912 2.73586 0.089199 
2026  0 16.2275 17.6194 2.37827 2.5375 2.54228 2.72169 0.109573 
2027  0 16.2275 17.6194 2.3127 2.49228 2.49872 2.70213 0.123228 
2028  0 16.2275 17.6194 2.25817 2.4527 2.46046 2.68363 0.13106 
2029  0 16.2275 17.6194 2.2212 2.4171 2.42748 2.65555 0.135495 
2030  0 16.2275 17.6194 2.186 2.39303 2.39958 2.63205 0.138229 

Spawning_Biomass FLATHEAD
Year SSB100 SSBabc SSBofl LowCI_SSB Median_SSB Mean_SSB UpperCI_SSB Stdev_SSB 
2017 91.5511 36.6204 32.0429 83.2979 83.2979 83.2979 83.2979 1.13687e-12 
2018 91.5511 36.6204 32.0429 85.7503 85.7611 85.7621 85.7772 0.00846737 
2019 91.5511 36.6204 32.0429 89.0861 89.1362 89.1405 89.2078 0.0378536 
2020 91.5511 36.6204 32.0429 92.281 92.4473 92.4575 92.6736 0.121675 
2021 91.5511 36.6204 32.0429 94.9086 95.3403 95.3636 95.9169 0.318734 
2022 91.5511 36.6204 32.0429 96.5935 97.5645 97.614 98.8302 0.708497 
2023 91.5511 36.6204 32.0429 95.9108 97.7814 97.8755 100.127 1.35174 
2024 91.5511 36.6204 32.0429 94.0904 97.1021 97.2617 100.822 2.19118 
2025 91.5511 36.6204 32.0429 91.4987 95.8053 95.9416 100.899 3.02851 
2026 91.5511 36.6204 32.0429 88.8371 94.2649 94.4372 100.552 3.72683 
2027 91.5511 36.6204 32.0429 86.5691 92.7021 92.9374 99.9745 4.23242 
2028 91.5511 36.6204 32.0429 84.507 91.2861 91.5427 99.2813 4.56753 
2029 91.5511 36.6204 32.0429 83.0183 89.9289 90.2966 98.3313 4.77898 
2030 91.5511 36.6204 32.0429 81.6692 88.9718 89.2187 97.5197 4.91418 

Fishing_mortalityFLATHEAD
Year F0 Fabc Fofl LowCI_F Median_F Mean_F UpperCI_F Stdev_F 
2017  0 0.284074 0.355733 0.0153602 0.0153602 0.0153602 0.0153602 1.5439e-16 
2018  0 0.284074 0.355733 0.0160094 0.016012 0.0160119 0.0160138 1.38272e-06 
2019  0 0.284074 0.355733 0.0186296 0.0186447 0.0186438 0.0186552 7.9789e-06 
2020  0 0.284074 0.355733 0.0127716 0.0128064 0.0128048 0.0128318 1.85789e-05 
2021  0 0.284074 0.355733 0.00431811 0.00434823 0.004347 0.00437069 1.64941e-05 
2022  0 0.284074 0.355733 0.0140819 0.0142895 0.0142824 0.0144533 0.000117584 
2023  0 0.284074 0.355733 0.0139529 0.0143274 0.0143154 0.0146382 0.000218454 
2024  0 0.284074 0.355733 0.0169611 0.0169611 0.0169611 0.0169611 8.32667e-17 
2025  0 0.284074 0.355733 0.0169611 0.0169611 0.0169611 0.0169611 8.32667e-17 
2026  0 0.284074 0.355733 0.0169611 0.0169611 0.0169611 0.0169611 8.32667e-17 
2027  0 0.284074 0.355733 0.0169611 0.0169611 0.0169611 0.0169611 8.32667e-17 
2028  0 0.284074 0.355733 0.0169611 0.0169611 0.0169611 0.0169611 8.32667e-17 
2029  0 0.284074 0.355733 0.0169611 0.0169611 0.0169611 0.0169611 8.32667e-17 
2030  0 0.284074 0.355733 0.0169611 0.0169611 0.0169611 0.0169611 8.32667e-17 

Total_BiomassFLATHEAD
Year B100 Babc Bofl LowCI_Biom Median_Biom Mean_Biom UpperCI_Biom Stdev_Biom 
2017 524.234 165.243 156.073 277.62 277.62 277.62 277.62 7.38964e-13 
2018 524.234 165.243 156.073 278.871 281.377 281.629 285.145 1.97204 
2019 524.234 165.243 156.073 277.337 282.828 283.153 290.279 4.0643 
2020 524.234 165.243 156.073 273.149 281.922 282.352 292.791 6.28762 
2021 524.234 165.243 156.073 268.716 280.511 281.032 294.584 8.33424 
2022 524.234 165.243 156.073 264.483 279.454 279.975 296.437 10.0936 
2023 524.234 165.243 156.073 258.933 276.384 276.796 296.219 11.5067 
2024 524.234 165.243 156.073 254.11 272.797 273.461 294.741 12.6023 
2025 524.234 165.243 156.073 249.648 268.803 269.886 292.39 13.2963 
2026 524.234 165.243 156.073 245.391 265.935 266.674 289.894 13.8348 
2027 524.234 165.243 156.073 242.478 263.009 263.836 287.86 14.3082 
2028 524.234 165.243 156.073 239.9 260.155 261.42 286.423 14.5752 
2029 524.234 165.243 156.073 235.845 258.452 259.142 284.738 14.6909 
2030 524.234 165.243 156.073 233.976 256.256 257.214 282.315 14.7096 
Alternative 4 Alternative  Stock: FLATHEAD
Catch FLATHEAD
Year C0 Cabc Cofl LowCI_Catch Median_Catch Mean_Catch UpperCI_Catch Stdev_Catch 
2017  0 16.2275 17.6194 2.05 2.05 2.05 2.05 3.10862e-15 
2018  0 16.2275 17.6194 2.202 2.202 2.202 2.202 7.12347e-11 
2019  0 16.2275 17.6194 2.668 2.668 2.668 2.668 2.30828e-10 
2020  0 16.2275 17.6194 1.911 1.911 1.911 1.911 1.50406e-09 
2021  0 16.2275 17.6194 0.672999 0.672999 0.672999 0.673 9.2073e-09 
2022  0 16.2275 17.6194 2.251 2.251 2.251 2.251 7.0392e-08 
2023  0 16.2275 17.6194 2.251 2.251 2.251 2.251 1.13365e-07 
2024  0 16.2275 17.6194 9.03019 9.353 9.36838 9.74413 0.23258 
2025  0 16.2275 17.6194 8.42366 8.87471 8.88723 9.40322 0.312769 
2026  0 16.2275 17.6194 7.89531 8.43817 8.45746 9.07329 0.374938 
2027  0 16.2275 17.6194 7.46869 8.06923 8.0918 8.77727 0.412084 
2028  0 16.2275 17.6194 7.13568 7.76109 7.79063 8.52267 0.429962 
2029  0 16.2275 17.6194 6.87435 7.5136 7.54643 8.28294 0.43795 
2030  0 16.2275 17.6194 6.65916 7.33245 7.35122 8.09499 0.442038 

Spawning_Biomass FLATHEAD
Year SSB100 SSBabc SSBofl LowCI_SSB Median_SSB Mean_SSB UpperCI_SSB Stdev_SSB 
2017 91.5511 36.6204 32.0429 83.2979 83.2979 83.2979 83.2979 1.13687e-12 
2018 91.5511 36.6204 32.0429 85.7503 85.7611 85.7621 85.7772 0.00846737 
2019 91.5511 36.6204 32.0429 89.0861 89.1362 89.1405 89.2078 0.0378536 
2020 91.5511 36.6204 32.0429 92.281 92.4473 92.4575 92.6736 0.121675 
2021 91.5511 36.6204 32.0429 94.9086 95.3403 95.3636 95.9169 0.318734 
2022 91.5511 36.6204 32.0429 96.5935 97.5645 97.614 98.8302 0.708497 
2023 91.5511 36.6204 32.0429 95.9108 97.7814 97.8755 100.127 1.35174 
2024 91.5511 36.6204 32.0429 94.0904 97.1021 97.2617 100.822 2.19118 
2025 91.5511 36.6204 32.0429 88.2493 92.5232 92.6435 97.5223 2.98011 
2026 91.5511 36.6204 32.0429 82.991 88.2123 88.3804 94.2705 3.59671 
2027 91.5511 36.6204 32.0429 78.5582 84.431 84.6434 91.2141 4.00188 
2028 91.5511 36.6204 32.0429 74.9426 81.2243 81.4786 88.7061 4.23705 
2029 91.5511 36.6204 32.0429 72.206 78.5016 78.8593 86.19 4.36255 
2030 91.5511 36.6204 32.0429 69.9256 76.5018 76.7338 84.1289 4.43105 

Fishing_mortalityFLATHEAD
Year F0 Fabc Fofl LowCI_F Median_F Mean_F UpperCI_F Stdev_F 
2017  0 0.284074 0.355733 0.0153602 0.0153602 0.0153602 0.0153602 1.5439e-16 
2018  0 0.284074 0.355733 0.0160094 0.016012 0.0160119 0.0160138 1.38272e-06 
2019  0 0.284074 0.355733 0.0186296 0.0186447 0.0186438 0.0186552 7.9789e-06 
2020  0 0.284074 0.355733 0.0127716 0.0128064 0.0128048 0.0128318 1.85789e-05 
2021  0 0.284074 0.355733 0.00431811 0.00434823 0.004347 0.00437069 1.64941e-05 
2022  0 0.284074 0.355733 0.0140819 0.0142895 0.0142824 0.0144533 0.000117584 
2023  0 0.284074 0.355733 0.0139529 0.0143274 0.0143154 0.0146382 0.000218454 
2024  0 0.284074 0.355733 0.0614374 0.0614374 0.0614374 0.0614374 1.17961e-16 
2025  0 0.284074 0.355733 0.0614374 0.0614374 0.0614374 0.0614374 1.17961e-16 
2026  0 0.284074 0.355733 0.0614374 0.0614374 0.0614374 0.0614374 1.17961e-16 
2027  0 0.284074 0.355733 0.0614374 0.0614374 0.0614374 0.0614374 1.17961e-16 
2028  0 0.284074 0.355733 0.0614374 0.0614374 0.0614374 0.0614374 1.17961e-16 
2029  0 0.284074 0.355733 0.0614374 0.0614374 0.0614374 0.0614374 1.17961e-16 
2030  0 0.284074 0.355733 0.0614374 0.0614374 0.0614374 0.0614374 1.17961e-16 

Total_BiomassFLATHEAD
Year B100 Babc Bofl LowCI_Biom Median_Biom Mean_Biom UpperCI_Biom Stdev_Biom 
2017 524.234 165.243 156.073 277.62 277.62 277.62 277.62 7.38964e-13 
2018 524.234 165.243 156.073 278.871 281.377 281.629 285.145 1.97204 
2019 524.234 165.243 156.073 277.337 282.828 283.153 290.279 4.0643 
2020 524.234 165.243 156.073 273.149 281.922 282.352 292.791 6.28762 
2021 524.234 165.243 156.073 268.716 280.511 281.032 294.584 8.33424 
2022 524.234 165.243 156.073 264.483 279.454 279.975 296.437 10.0936 
2023 524.234 165.243 156.073 258.933 276.384 276.796 296.219 11.5067 
2024 524.234 165.243 156.073 254.11 272.797 273.461 294.741 12.6023 
2025 524.234 165.243 156.073 243.524 262.507 263.538 285.897 13.1741 
2026 524.234 165.243 156.073 234.352 254.527 255.248 278.256 13.5783 
2027 524.234 165.243 156.073 227.417 247.558 248.422 271.793 13.9223 
2028 524.234 165.243 156.073 222.323 241.926 242.923 266.912 14.0752 
2029 524.234 165.243 156.073 216.034 237.701 238.291 262.716 14.1027 
2030 524.234 165.243 156.073 212.794 233.67 234.587 258.236 14.0592 
Alternative 5 Alternative  Stock: FLATHEAD
Catch FLATHEAD
Year C0 Cabc Cofl LowCI_Catch Median_Catch Mean_Catch UpperCI_Catch Stdev_Catch 
2017  0 16.2275 17.6194 2.05 2.05 2.05 2.05 3.10862e-15 
2018  0 16.2275 17.6194 2.202 2.202 2.202 2.202 7.12347e-11 
2019  0 16.2275 17.6194 2.668 2.668 2.668 2.668 2.30828e-10 
2020  0 16.2275 17.6194 1.911 1.911 1.911 1.911 1.50406e-09 
2021  0 16.2275 17.6194 0.672999 0.672999 0.672999 0.673 9.2073e-09 
2022  0 16.2275 17.6194 2.251 2.251 2.251 2.251 7.0392e-08 
2023  0 16.2275 17.6194 2.251 2.251 2.251 2.251 1.13365e-07 
2024  0 16.2275 17.6194 0 0 0 0 0 
2025  0 16.2275 17.6194 0 0 0 0 0 
2026  0 16.2275 17.6194 0 0 0 0 0 
2027  0 16.2275 17.6194 0 0 0 0 0 
2028  0 16.2275 17.6194 0 0 0 0 0 
2029  0 16.2275 17.6194 0 0 0 0 0 
2030  0 16.2275 17.6194 0 0 0 0 0 

Spawning_Biomass FLATHEAD
Year SSB100 SSBabc SSBofl LowCI_SSB Median_SSB Mean_SSB UpperCI_SSB Stdev_SSB 
2017 91.5511 36.6204 32.0429 83.2979 83.2979 83.2979 83.2979 1.13687e-12 
2018 91.5511 36.6204 32.0429 85.7503 85.7611 85.7621 85.7772 0.00846737 
2019 91.5511 36.6204 32.0429 89.0861 89.1362 89.1405 89.2078 0.0378536 
2020 91.5511 36.6204 32.0429 92.281 92.4473 92.4575 92.6736 0.121675 
2021 91.5511 36.6204 32.0429 94.9086 95.3403 95.3636 95.9169 0.318734 
2022 91.5511 36.6204 32.0429 96.5935 97.5645 97.614 98.8302 0.708497 
2023 91.5511 36.6204 32.0429 95.9108 97.7814 97.8755 100.127 1.35174 
2024 91.5511 36.6204 32.0429 94.0904 97.1021 97.2617 100.822 2.19118 
2025 91.5511 36.6204 32.0429 92.7765 97.0973 97.2347 102.234 3.04723 
2026 91.5511 36.6204 32.0429 91.2125 96.6914 96.8762 103.079 3.77814 
2027 91.5511 36.6204 32.0429 89.8403 96.1026 96.3633 103.563 4.32548 
2028 91.5511 36.6204 32.0429 88.603 95.5952 95.8006 103.74 4.70432 
2029 91.5511 36.6204 32.0429 87.7124 94.8572 95.2446 103.601 4.95561 
2030 91.5511 36.6204 32.0429 86.9023 94.4176 94.7321 103.447 5.12387 

Fishing_mortalityFLATHEAD
Year F0 Fabc Fofl LowCI_F Median_F Mean_F UpperCI_F Stdev_F 
2017  0 0.284074 0.355733 0.0153602 0.0153602 0.0153602 0.0153602 1.5439e-16 
2018  0 0.284074 0.355733 0.0160094 0.016012 0.0160119 0.0160138 1.38272e-06 
2019  0 0.284074 0.355733 0.0186296 0.0186447 0.0186438 0.0186552 7.9789e-06 
2020  0 0.284074 0.355733 0.0127716 0.0128064 0.0128048 0.0128318 1.85789e-05 
2021  0 0.284074 0.355733 0.00431811 0.00434823 0.004347 0.00437069 1.64941e-05 
2022  0 0.284074 0.355733 0.0140819 0.0142895 0.0142824 0.0144533 0.000117584 
2023  0 0.284074 0.355733 0.0139529 0.0143274 0.0143154 0.0146382 0.000218454 
2024  0 0.284074 0.355733 0 0 0 0 0 
2025  0 0.284074 0.355733 0 0 0 0 0 
2026  0 0.284074 0.355733 0 0 0 0 0 
2027  0 0.284074 0.355733 0 0 0 0 0 
2028  0 0.284074 0.355733 0 0 0 0 0 
2029  0 0.284074 0.355733 0 0 0 0 0 
2030  0 0.284074 0.355733 0 0 0 0 0 

Total_BiomassFLATHEAD
Year B100 Babc Bofl LowCI_Biom Median_Biom Mean_Biom UpperCI_Biom Stdev_Biom 
2017 524.234 165.243 156.073 277.62 277.62 277.62 277.62 7.38964e-13 
2018 524.234 165.243 156.073 278.871 281.377 281.629 285.145 1.97204 
2019 524.234 165.243 156.073 277.337 282.828 283.153 290.279 4.0643 
2020 524.234 165.243 156.073 273.149 281.922 282.352 292.791 6.28762 
2021 524.234 165.243 156.073 268.716 280.511 281.032 294.584 8.33424 
2022 524.234 165.243 156.073 264.483 279.454 279.975 296.437 10.0936 
2023 524.234 165.243 156.073 258.933 276.384 276.796 296.219 11.5067 
2024 524.234 165.243 156.073 254.11 272.797 273.461 294.741 12.6023 
2025 524.234 165.243 156.073 252.067 271.272 272.371 294.993 13.3437 
2026 524.234 165.243 156.073 249.829 270.6 271.263 294.728 13.9367 
2027 524.234 165.243 156.073 248.684 269.371 270.179 294.765 14.4656 
2028 524.234 165.243 156.073 247.186 268.025 269.209 294.808 14.7847 
2029 524.234 165.243 156.073 244.575 267.42 268.111 294.139 14.9438 
2030 524.234 165.243 156.073 243.334 266.323 267.14 292.655 14.9962 
Alternative 6 Alternative  Stock: FLATHEAD
Catch FLATHEAD
Year C0 Cabc Cofl LowCI_Catch Median_Catch Mean_Catch UpperCI_Catch Stdev_Catch 
2017  0 16.2275 17.6194 2.05 2.05 2.05 2.05 3.10862e-15 
2018  0 16.2275 17.6194 43.0039 43.0092 43.0097 43.0172 0.00419451 
2019  0 16.2275 17.6194 35.4478 35.4761 35.4785 35.5165 0.0214873 
2020  0 16.2275 17.6194 30.4446 30.5472 30.5539 30.6873 0.0752945 
2021  0 16.2275 17.6194 26.5815 26.8543 26.8692 27.2174 0.200576 
2022  0 16.2275 17.6194 23.2506 23.8382 23.8681 24.5993 0.424066 
2023  0 16.2275 17.6194 20.4318 21.4385 21.4848 22.6767 0.728205 
2024  0 16.2275 17.6194 18.2237 19.6707 19.7104 21.4228 1.06028 
2025  0 16.2275 17.6194 15.2117 18.416 18.1307 20.564 1.69499 
2026  0 16.2275 17.6194 13.8922 16.8792 16.9681 19.9651 1.95803 
2027  0 16.2275 17.6194 13.3435 16.1755 16.3434 19.6024 1.94582 
2028  0 16.2275 17.6194 13.1623 15.9231 16.0562 19.2737 1.86679 
2029  0 16.2275 17.6194 13.1722 15.7486 15.9485 19.1097 1.81472 
2030  0 16.2275 17.6194 13.2052 15.771 15.9279 19.0873 1.80006 

Spawning_Biomass FLATHEAD
Year SSB100 SSBabc SSBofl LowCI_SSB Median_SSB Mean_SSB UpperCI_SSB Stdev_SSB 
2017 91.5511 36.6204 32.0429 83.2979 83.2979 83.2979 83.2979 1.13687e-12 
2018 91.5511 36.6204 32.0429 85.7503 85.7611 85.7621 85.7772 0.00846737 
2019 91.5511 36.6204 32.0429 70.3634 70.4134 70.4177 70.4848 0.037721 
2020 91.5511 36.6204 32.0429 60.4115 60.5758 60.5861 60.8 0.120491 
2021 91.5511 36.6204 32.0429 52.9481 53.3728 53.3949 53.9364 0.312362 
2022 91.5511 36.6204 32.0429 46.6066 47.5403 47.587 48.7565 0.680073 
2023 91.5511 36.6204 32.0429 41.1118 42.836 42.9164 44.9483 1.23784 
2024 91.5511 36.6204 32.0429 36.6573 39.2473 39.3575 42.4077 1.8632 
2025 91.5511 36.6204 32.0429 33.3088 36.6675 36.8053 40.6582 2.34332 
2026 91.5511 36.6204 32.0429 31.7403 34.9652 35.2242 39.4266 2.431 
2027 91.5511 36.6204 32.0429 31.0127 34.1268 34.3868 38.5362 2.30636 
2028 91.5511 36.6204 32.0429 30.7921 33.8128 33.9885 37.8918 2.16359 
2029 91.5511 36.6204 32.0429 30.6916 33.6447 33.8224 37.5115 2.07582 
2030 91.5511 36.6204 32.0429 30.7461 33.5717 33.7741 37.3573 2.04478 

Fishing_mortalityFLATHEAD
Year F0 Fabc Fofl LowCI_F Median_F Mean_F UpperCI_F Stdev_F 
2017  0 0.284074 0.355733 0.0153602 0.0153602 0.0153602 0.0153602 1.5439e-16 
2018  0 0.284074 0.355733 0.355733 0.355733 0.355733 0.355733 1.3023e-10 
2019  0 0.284074 0.355733 0.355733 0.355733 0.355733 0.355733 6.24103e-10 
2020  0 0.284074 0.355733 0.355733 0.355733 0.355733 0.355733 2.17018e-09 
2021  0 0.284074 0.355733 0.355733 0.355733 0.355733 0.355733 5.16604e-09 
2022  0 0.284074 0.355733 0.355733 0.355733 0.355733 0.355733 8.15651e-09 
2023  0 0.284074 0.355733 0.355733 0.355733 0.355733 0.355733 9.13459e-09 
2024  0 0.284074 0.355733 0.355733 0.355733 0.355481 0.355733 0.00154691 
2025  0 0.284074 0.355733 0.321871 0.355733 0.347125 0.355733 0.0120358 
2026  0 0.284074 0.355733 0.305832 0.338808 0.336716 0.355733 0.0176072 
2027  0 0.284074 0.355733 0.298393 0.330235 0.33038 0.355733 0.0190911 
2028  0 0.284074 0.355733 0.296137 0.327024 0.327214 0.355733 0.018953 
2029  0 0.284074 0.355733 0.295109 0.325305 0.325879 0.355733 0.0185904 
2030  0 0.284074 0.355733 0.295666 0.324559 0.32546 0.355733 0.0183889 

Total_BiomassFLATHEAD
Year B100 Babc Bofl LowCI_Biom Median_Biom Mean_Biom UpperCI_Biom Stdev_Biom 
2017 524.234 165.243 156.073 277.62 277.62 277.62 277.62 7.38964e-13 
2018 524.234 165.243 156.073 278.871 281.377 281.629 285.145 1.97204 
2019 524.234 165.243 156.073 238.686 244.171 244.495 251.615 4.05852 
2020 524.234 165.243 156.073 208.209 216.902 217.361 227.726 6.25593 
2021 524.234 165.243 156.073 184.935 196.563 197.097 210.39 8.22609 
2022 524.234 165.243 156.073 167.003 181.669 182.065 198.059 9.81009 
2023 524.234 165.243 156.073 154.287 171.028 171.329 189.946 10.9073 
2024 524.234 165.243 156.073 146.75 163.337 163.946 184.015 11.5398 
2025 524.234 165.243 156.073 141.086 158.3 159.116 179.274 11.718 
2026 524.234 165.243 156.073 138.406 155.809 156.431 176.178 11.5493 
2027 524.234 165.243 156.073 138.372 154.178 155.222 175.565 11.4142 
2028 524.234 165.243 156.073 138.426 154.078 154.841 175.107 11.2622 
2029 524.234 165.243 156.073 137.505 153.644 154.6 173.592 11.1521 
2030 524.234 165.243 156.073 136.327 154.213 154.511 172.442 11.0641 
Alternative 7 Alternative  Stock: FLATHEAD
Catch FLATHEAD
Year C0 Cabc Cofl LowCI_Catch Median_Catch Mean_Catch UpperCI_Catch Stdev_Catch 
2017  0 16.2275 17.6194 2.05 2.05 2.05 2.05 3.10862e-15 
2018  0 16.2275 17.6194 35.2606 35.2649 35.2653 35.2713 0.00335022 
2019  0 16.2275 17.6194 30.4751 30.4977 30.4996 30.53 0.0171755 
2020  0 16.2275 17.6194 33.1449 33.2477 33.2543 33.3879 0.075409 
2021  0 16.2275 17.6194 28.4122 28.6853 28.7003 29.0491 0.200861 
2022  0 16.2275 17.6194 24.4478 25.0364 25.0661 25.7984 0.424615 
2023  0 16.2275 17.6194 21.1882 22.1963 22.2424 23.4359 0.729025 
2024  0 16.2275 17.6194 18.6901 20.1374 20.1865 21.8918 1.0413 
2025  0 16.2275 17.6194 15.7058 18.7113 18.5217 20.8448 1.60548 
2026  0 16.2275 17.6194 14.0975 17.1719 17.1958 20.1325 1.95234 
2027  0 16.2275 17.6194 13.4163 16.2691 16.4495 19.7016 1.96249 
2028  0 16.2275 17.6194 13.1966 15.9554 16.0963 19.3316 1.87996 
2029  0 16.2275 17.6194 13.174 15.7689 15.9582 19.1355 1.82132 
2030  0 16.2275 17.6194 13.2119 15.7616 15.9265 19.0961 1.80292 

Spawning_Biomass FLATHEAD
Year SSB100 SSBabc SSBofl LowCI_SSB Median_SSB Mean_SSB UpperCI_SSB Stdev_SSB 
2017 91.5511 36.6204 32.0429 83.2979 83.2979 83.2979 83.2979 1.13687e-12 
2018 91.5511 36.6204 32.0429 85.7503 85.7611 85.7621 85.7772 0.00846737 
2019 91.5511 36.6204 32.0429 73.8677 73.9177 73.9219 73.9891 0.0377309 
2020 91.5511 36.6204 32.0429 65.7683 65.9328 65.9432 66.1572 0.120615 
2021 91.5511 36.6204 32.0429 56.5967 57.0218 57.0439 57.586 0.31267 
2022 91.5511 36.6204 32.0429 49.0202 49.9545 50.0012 51.1716 0.680706 
2023 91.5511 36.6204 32.0429 42.6603 44.3856 44.4663 46.5004 1.23889 
2024 91.5511 36.6204 32.0429 37.6259 40.2164 40.3273 43.3811 1.86454 
2025 91.5511 36.6204 32.0429 33.8887 37.2616 37.3955 41.256 2.35261 
2026 91.5511 36.6204 32.0429 31.984 35.2834 35.5323 39.7857 2.47532 
2027 91.5511 36.6204 32.0429 31.1049 34.2644 34.5281 38.749 2.34691 
2028 91.5511 36.6204 32.0429 30.8214 33.8426 34.0442 38.0173 2.18863 
2029 91.5511 36.6204 32.0429 30.6893 33.6528 33.8388 37.5487 2.08836 
2030 91.5511 36.6204 32.0429 30.7395 33.5633 33.7754 37.3903 2.05035 

Fishing_mortalityFLATHEAD
Year F0 Fabc Fofl LowCI_F Median_F Mean_F UpperCI_F Stdev_F 
2017  0 0.284074 0.355733 0.0153602 0.0153602 0.0153602 0.0153602 1.5439e-16 
2018  0 0.284074 0.355733 0.284074 0.284074 0.284074 0.284074 7.0047e-11 
2019  0 0.284074 0.355733 0.284074 0.284074 0.284074 0.284074 3.18971e-10 
2020  0 0.284074 0.355733 0.355733 0.355733 0.355733 0.355733 2.03506e-09 
2021  0 0.284074 0.355733 0.355733 0.355733 0.355733 0.355733 4.93296e-09 
2022  0 0.284074 0.355733 0.355733 0.355733 0.355733 0.355733 7.91427e-09 
2023  0 0.284074 0.355733 0.355733 0.355733 0.355733 0.355733 8.97145e-09 
2024  0 0.284074 0.355733 0.355733 0.355733 0.355699 0.355733 0.000536807 
2025  0 0.284074 0.355733 0.327801 0.355733 0.349759 0.355733 0.00994909 
2026  0 0.284074 0.355733 0.308324 0.342061 0.338784 0.355733 0.0169799 
2027  0 0.284074 0.355733 0.299335 0.331642 0.331451 0.355733 0.0190157 
2028  0 0.284074 0.355733 0.296437 0.327329 0.32765 0.355733 0.0189944 
2029  0 0.284074 0.355733 0.295085 0.325388 0.325997 0.355733 0.0186239 
2030  0 0.284074 0.355733 0.295599 0.324473 0.325457 0.355733 0.0184099 

Total_BiomassFLATHEAD
Year B100 Babc Bofl LowCI_Biom Median_Biom Mean_Biom UpperCI_Biom Stdev_Biom 
2017 524.234 165.243 156.073 277.62 277.62 277.62 277.62 7.38964e-13 
2018 524.234 165.243 156.073 278.871 281.377 281.629 285.145 1.97204 
2019 524.234 165.243 156.073 246.005 251.491 251.816 258.937 4.0597 
2020 524.234 165.243 156.073 219.362 228.071 228.524 238.904 6.26241 
2021 524.234 165.243 156.073 192.17 203.808 204.341 217.655 8.23276 
2022 524.234 165.243 156.073 171.572 186.249 186.645 202.651 9.81614 
2023 524.234 165.243 156.073 157.112 173.867 174.159 192.791 10.9121 
2024 524.234 165.243 156.073 148.468 165.056 165.665 185.746 11.5431 
2025 524.234 165.243 156.073 142.117 159.328 160.136 180.313 11.7319 
2026 524.234 165.243 156.073 138.808 156.337 156.926 176.788 11.6079 
2027 524.234 165.243 156.073 138.493 154.385 155.419 175.65 11.458 
2028 524.234 165.243 156.073 138.417 154.1 154.899 175.316 11.2846 
2029 524.234 165.243 156.073 137.473 153.615 154.602 173.554 11.1616 
2030 524.234 165.243 156.073 136.3 154.184 154.499 172.451 11.0675 
