Alternative 1 Catch
     projection_data.dat 
Equil_Fabc 33.6231 
Year 
2022 0.564 
2023 0.47 
2024 0.785999 
2025 41.7351 
2026 34.8306 
2027 29.0705 
2028 25.3672 
2029 25.2245 
2030 26.6305 
2031 28.2312 
2032 29.4275 
2033 30.1948 
2034 30.5994 
2035 30.7804 
2036 30.7764 

Alternative 1 ABCs
     projection_data.dat 

Year 
2022 38.6377 
2023 39.5164 
2024 40.6014 
2025 41.7351 
2026 34.8306 
2027 29.0705 
2028 25.3672 
2029 25.2245 
2030 26.6305 
2031 28.2312 
2032 29.4275 
2033 30.1948 
2034 30.5994 
2035 30.7804 
2036 30.7764 

Alternative 1 TACs
     projection_data.dat 

Year 
2022  NA 
2023  NA 
2024  NA 
2025 41.7351 
2026 34.8306 
2027 29.0705 
2028 25.3672 
2029 25.2245 
2030 26.6305 
2031 28.2312 
2032 29.4275 
2033 30.1948 
2034 30.5994 
2035 30.7804 
2036 30.7764 

Alternative 1 Sp_Biomass
     projection_data.dat 
Equil_Fabc 74.0658 
Year 
2022 91.8344 
2023 94.1538 
2024 96.8532 
2025 99.5605 
2026 83.0525 
2027 71.9595 
2028 66.7178 
2029 66.5816 
2030 68.9502 
2031 71.8065 
2032 74.1486 
2033 75.7611 
2034 76.7225 
2035 77.1868 
2036 77.3059 

Alternative 1 Fishing Mortality
     projection_data.dat 
Equil_Fabc 0.288462 
Year 
2022 0.00375902 
2023 0.00306515 
2024 0.00499623 
2025 0.288462 
2026 0.288462 
2027 0.274498 
2028 0.252081 
2029 0.246153 
2030 0.248139 
2031 0.252111 
2032 0.255381 
2033 0.257726 
2034 0.259031 
2035 0.259928 
2036 0.26011 

Alternative 1 Biomass
     projection_data.dat 

Year 
2022 292.385 
2023 302.55 
2024 317.222 
2025 335.347 
2026 317.187 
2027 311.726 
2028 314.704 
2029 322.795 
2030 330.387 
2031 336.128 
2032 339.128 
2033 340.437 
2034 341.13 
2035 341.354 
2036 341.889 

Alternative 1 Implied SPR rate 
     projection_data.dat 
Equil_Fabc 0.4 
Year 
2022 0.980165 
2023 0.983767 
2024 0.973808 
2025 0.4 
2026 0.4 
2027 0.411599 
2028 0.432396 
2029 0.43916 
2030 0.438069 
2031 0.434634 
2032 0.431581 
2033 0.429328 
2034 0.42801 
2035 0.427094 
2036 0.426814 

  projection_data.dat 
EquilAvgAgeF0  5.49174 
EquilAvgAgeFabc  3.86824 
AvgAgeYr2036 67.0748 
Alternative 2 Catch
     projection_data.dat 
Equil_Fabc 33.6231 
Year 
2022 0.564 
2023 0.47 
2024 0.785999 
2025 41.7351 
2026 34.8306 
2027 29.0705 
2028 25.3672 
2029 25.2245 
2030 26.6305 
2031 28.2312 
2032 29.4275 
2033 30.1948 
2034 30.5994 
2035 30.7804 
2036 30.7764 

Alternative 2 ABCs
     projection_data.dat 

Year 
2022 38.6377 
2023 39.5164 
2024 40.6014 
2025 41.7351 
2026 34.8306 
2027 29.0705 
2028 25.3672 
2029 25.2245 
2030 26.6305 
2031 28.2312 
2032 29.4275 
2033 30.1948 
2034 30.5994 
2035 30.7804 
2036 30.7764 

Alternative 2 TACs
     projection_data.dat 

Year 
2022  NA 
2023  NA 
2024  NA 
2025 41.7351 
2026 34.8306 
2027 29.0705 
2028 25.3672 
2029 25.2245 
2030 26.6305 
2031 28.2312 
2032 29.4275 
2033 30.1948 
2034 30.5994 
2035 30.7804 
2036 30.7764 

Alternative 2 Sp_Biomass
     projection_data.dat 
Equil_Fabc 74.0658 
Year 
2022 91.8344 
2023 94.1538 
2024 96.8532 
2025 99.5605 
2026 83.0525 
2027 71.9595 
2028 66.7178 
2029 66.5816 
2030 68.9502 
2031 71.8065 
2032 74.1486 
2033 75.7611 
2034 76.7225 
2035 77.1868 
2036 77.3059 

Alternative 2 Fishing Mortality
     projection_data.dat 
Equil_Fabc 0.288462 
Year 
2022 0.00375902 
2023 0.00306515 
2024 0.00499623 
2025 0.288462 
2026 0.288462 
2027 0.274498 
2028 0.252081 
2029 0.246153 
2030 0.248139 
2031 0.252111 
2032 0.255381 
2033 0.257726 
2034 0.259031 
2035 0.259928 
2036 0.26011 

Alternative 2 Biomass
     projection_data.dat 

Year 
2022 292.385 
2023 302.55 
2024 317.222 
2025 335.347 
2026 317.187 
2027 311.726 
2028 314.704 
2029 322.795 
2030 330.387 
2031 336.128 
2032 339.128 
2033 340.437 
2034 341.13 
2035 341.354 
2036 341.889 

Alternative 2 Implied SPR rate 
     projection_data.dat 
Equil_Fabc 0.4 
Year 
2022 0.980165 
2023 0.983767 
2024 0.973808 
2025 0.4 
2026 0.4 
2027 0.411599 
2028 0.432396 
2029 0.43916 
2030 0.438069 
2031 0.434634 
2032 0.431581 
2033 0.429328 
2034 0.42801 
2035 0.427094 
2036 0.426814 

  projection_data.dat 
EquilAvgAgeF0  5.49174 
EquilAvgAgeFabc  3.86824 
AvgAgeYr2036 67.0748 
Alternative 3 Catch
     projection_data.dat 
Equil_Fabc 33.6231 
Year 
2022 0.564 
2023 0.47 
2024 0.785999 
2025 1.90148 
2026 1.94521 
2027 1.99363 
2028 2.06334 
2029 2.17235 
2030 2.31822 
2031 2.47604 
2032 2.62216 
2033 2.74812 
2034 2.85354 
2035 2.93944 
2036 3.0079 

Alternative 3 ABCs
     projection_data.dat 

Year 
2022 38.6377 
2023 39.5164 
2024 40.6014 
2025 41.7351 
2026 42.6705 
2027 43.7752 
2028 45.4248 
2029 47.9296 
2030 51.1591 
2031 54.5805 
2032 57.7252 
2033 60.429 
2034 62.6864 
2035 64.5223 
2036 65.9853 

Alternative 3 TACs
     projection_data.dat 

Year 
2022  NA 
2023  NA 
2024  NA 
2025 1.90148 
2026 1.94521 
2027 1.99363 
2028 2.06334 
2029 2.17235 
2030 2.31822 
2031 2.47604 
2032 2.62216 
2033 2.74812 
2034 2.85354 
2035 2.93944 
2036 3.0079 

Alternative 3 Sp_Biomass
     projection_data.dat 
Equil_Fabc 74.0658 
Year 
2022 91.8344 
2023 94.1538 
2024 96.8532 
2025 99.5605 
2026 101.635 
2027 104.014 
2028 107.674 
2029 113.176 
2030 120.139 
2031 127.684 
2032 135.033 
2033 141.718 
2034 147.526 
2035 152.4 
2036 156.385 

Alternative 3 Fishing Mortality
     projection_data.dat 
Equil_Fabc 0.288462 
Year 
2022 0.00375902 
2023 0.00306515 
2024 0.00499623 
2025 0.0117853 
2026 0.0117853 
2027 0.0117853 
2028 0.0117853 
2029 0.0117853 
2030 0.0117853 
2031 0.0117853 
2032 0.0117853 
2033 0.0117853 
2034 0.0117853 
2035 0.0117853 
2036 0.0117853 

Alternative 3 Biomass
     projection_data.dat 

Year 
2022 292.385 
2023 302.55 
2024 317.222 
2025 335.347 
2026 354.76 
2027 375.494 
2028 395.738 
2029 415.226 
2030 432.444 
2031 447.702 
2032 460.272 
2033 470.784 
2034 479.928 
2035 487.592 
2036 494.48 

Alternative 3 Implied SPR rate 
     projection_data.dat 
Equil_Fabc 0.4 
Year 
2022 0.980165 
2023 0.983767 
2024 0.973808 
2025 0.94034 
2026 0.94034 
2027 0.94034 
2028 0.94034 
2029 0.94034 
2030 0.94034 
2031 0.94034 
2032 0.94034 
2033 0.94034 
2034 0.94034 
2035 0.94034 
2036 0.94034 

  projection_data.dat 
EquilAvgAgeF0  5.49174 
EquilAvgAgeFabc  3.86824 
AvgAgeYr2036 78.6115 
Alternative 4 Catch
     projection_data.dat 
Equil_Fabc 33.6231 
Year 
2022 0.564 
2023 0.47 
2024 0.785999 
2025 9.81037 
2026 9.66192 
2027 9.58634 
2028 9.67682 
2029 10.0121 
2030 10.5519 
2031 11.1537 
2032 11.6991 
2033 12.1507 
2034 12.5098 
2035 12.7844 
2036 12.987 

Alternative 4 ABCs
     projection_data.dat 

Year 
2022 38.6377 
2023 39.5164 
2024 40.6014 
2025 41.7351 
2026 41.1018 
2027 40.835 
2028 41.3344 
2029 42.8632 
2030 45.1876 
2031 47.7016 
2032 49.9602 
2033 51.8354 
2034 53.3303 
2035 54.4749 
2036 55.3167 

Alternative 4 TACs
     projection_data.dat 

Year 
2022  NA 
2023  NA 
2024  NA 
2025 9.81037 
2026 9.66192 
2027 9.58634 
2028 9.67682 
2029 10.0121 
2030 10.5519 
2031 11.1537 
2032 11.6991 
2033 12.1507 
2034 12.5098 
2035 12.7844 
2036 12.987 

Alternative 4 Sp_Biomass
     projection_data.dat 
Equil_Fabc 74.0658 
Year 
2022 91.8344 
2023 94.1538 
2024 96.8532 
2025 99.5605 
2026 97.9159 
2027 97.0091 
2028 97.8521 
2029 100.956 
2030 105.785 
2031 111.295 
2032 116.631 
2033 121.341 
2034 125.258 
2035 128.367 
2036 130.743 

Alternative 4 Fishing Mortality
     projection_data.dat 
Equil_Fabc 0.288462 
Year 
2022 0.00375902 
2023 0.00306515 
2024 0.00499623 
2025 0.0620477 
2026 0.0620477 
2027 0.0620477 
2028 0.0620477 
2029 0.0620477 
2030 0.0620477 
2031 0.0620477 
2032 0.0620477 
2033 0.0620477 
2034 0.0620477 
2035 0.0620477 
2036 0.0620477 

Alternative 4 Biomass
     projection_data.dat 

Year 
2022 292.385 
2023 302.55 
2024 317.222 
2025 335.347 
2026 347.285 
2027 361.714 
2028 376.644 
2029 391.552 
2030 404.635 
2031 415.99 
2032 424.819 
2033 431.783 
2034 437.629 
2035 442.285 
2036 446.481 

Alternative 4 Implied SPR rate 
     projection_data.dat 
Equil_Fabc 0.4 
Year 
2022 0.980165 
2023 0.983767 
2024 0.973808 
2025 0.75 
2026 0.75 
2027 0.75 
2028 0.75 
2029 0.75 
2030 0.75 
2031 0.75 
2032 0.75 
2033 0.75 
2034 0.75 
2035 0.75 
2036 0.75 

  projection_data.dat 
EquilAvgAgeF0  5.49174 
EquilAvgAgeFabc  3.86824 
AvgAgeYr2036 75.3095 
Alternative 5 Catch
     projection_data.dat 
Equil_Fabc 33.6231 
Year 
2022 0.564 
2023 0.47 
2024 0.785999 
2025  NA 
2026  NA 
2027  NA 
2028  NA 
2029  NA 
2030  NA 
2031  NA 
2032  NA 
2033  NA 
2034  NA 
2035  NA 
2036  NA 

Alternative 5 ABCs
     projection_data.dat 

Year 
2022 38.6377 
2023 39.5164 
2024 40.6014 
2025 41.7351 
2026 43.0484 
2027 44.5024 
2028 46.4616 
2029 49.2426 
2030 52.7345 
2031 56.4176 
2032 59.8215 
2033 62.7775 
2034 65.2746 
2035 67.3338 
2036 69.0011 

Alternative 5 TACs
     projection_data.dat 

Year 
2022  NA 
2023  NA 
2024  NA 
2025  NA 
2026  NA 
2027  NA 
2028  NA 
2029  NA 
2030  NA 
2031  NA 
2032  NA 
2033  NA 
2034  NA 
2035  NA 
2036  NA 

Alternative 5 Sp_Biomass
     projection_data.dat 
Equil_Fabc 74.0658 
Year 
2022 91.8344 
2023 94.1538 
2024 96.8532 
2025 99.5605 
2026 102.531 
2027 105.747 
2028 110.165 
2029 116.347 
2030 123.939 
2031 132.095 
2032 140.056 
2033 147.35 
2034 153.75 
2035 159.187 
2036 163.697 

Alternative 5 Fishing Mortality
     projection_data.dat 
Equil_Fabc 0.288462 
Year 
2022 0.00375902 
2023 0.00306515 
2024 0.00499623 
2025  NA 
2026  NA 
2027  NA 
2028  NA 
2029  NA 
2030  NA 
2031  NA 
2032  NA 
2033  NA 
2034  NA 
2035  NA 
2036  NA 

Alternative 5 Biomass
     projection_data.dat 

Year 
2022 292.385 
2023 302.55 
2024 317.222 
2025 335.347 
2026 356.558 
2027 378.892 
2028 400.557 
2029 421.326 
2030 439.74 
2031 456.152 
2032 469.849 
2033 481.449 
2034 491.627 
2035 500.256 
2036 508.028 

Alternative 5 Implied SPR rate 
     projection_data.dat 
Equil_Fabc 0.4 
Year 
2022 0.980165 
2023 0.983767 
2024 0.973808 
2025 1 
2026 1 
2027 1 
2028 1 
2029 1 
2030 1 
2031 1 
2032 1 
2033 1 
2034 1 
2035 1 
2036 1 

  projection_data.dat 
EquilAvgAgeF0  5.49174 
EquilAvgAgeFabc  3.86824 
AvgAgeYr2036 79.4977 
Alternative 6 Catch
     projection_data.dat 
Equil_Fabc 33.6231 
Year 
2022 0.564 
2023 48.2054 
2024 38.2232 
2025 27.1845 
2026 22.5874 
2027 21.2178 
2028 22.3182 
2029 25.0598 
2030 28.1426 
2031 30.5185 
2032 31.9672 
2033 32.6887 
2034 32.9563 
2035 32.9587 
2036 32.8418 

Alternative 6 ABCs
     projection_data.dat 

Year 
2022 38.6377 
2023 39.5164 
2024 31.2955 
2025 22.1467 
2026 18.354 
2027 17.2134 
2028 18.0945 
2029 20.3284 
2030 22.8565 
2031 24.8121 
2032 26.0073 
2033 26.604 
2034 26.8269 
2035 26.831 
2036 26.7364 

Alternative 6 TACs
     projection_data.dat 

Year 
2022  NA 
2023 48.2055 
2024 38.2232 
2025 27.1845 
2026 22.5874 
2027 21.2178 
2028 22.3182 
2029 25.0598 
2030 28.1426 
2031 30.5185 
2032 31.9672 
2033 32.6887 
2034 32.9563 
2035 32.9587 
2036 32.8418 

Alternative 6 Sp_Biomass
     projection_data.dat 
Equil_Fabc 74.0658 
Year 
2022 91.8344 
2023 94.1538 
2024 74.6236 
2025 62.3078 
2026 56.5431 
2027 54.3798 
2028 55.2812 
2029 58.4954 
2030 62.475 
2031 65.8322 
2032 68.074 
2033 69.3372 
2034 69.9204 
2035 70.0698 
2036 69.9773 

Alternative 6 Fishing Mortality
     projection_data.dat 
Equil_Fabc 0.288462 
Year 
2022 0.00375902 
2023 0.361864 
2024 0.361864 
2025 0.301395 
2026 0.271698 
2027 0.260392 
2028 0.263575 
2029 0.275422 
2030 0.288629 
2031 0.298526 
2032 0.304684 
2033 0.307878 
2034 0.309255 
2035 0.309661 
2036 0.309567 

Alternative 6 Biomass
     projection_data.dat 

Year 
2022 292.385 
2023 302.55 
2024 272.224 
2025 260.825 
2026 266.155 
2027 279.234 
2028 294.284 
2029 308.273 
2030 318.118 
2031 324.074 
2032 326.402 
2033 326.807 
2034 326.713 
2035 326.364 
2036 326.567 

Alternative 6 Implied SPR rate 
     projection_data.dat 
Equil_Fabc 0.4 
Year 
2022 0.980165 
2023 0.35 
2024 0.35 
2025 0.390109 
2026 0.413983 
2027 0.424681 
2028 0.423544 
2029 0.415007 
2030 0.40505 
2031 0.39741 
2032 0.392588 
2033 0.390033 
2034 0.388888 
2035 0.388459 
2036 0.388447 

  projection_data.dat 
EquilAvgAgeF0  5.49174 
EquilAvgAgeFabc  3.86824 
AvgAgeYr2036 63.6824 
Alternative 7 Catch
     projection_data.dat 
Equil_Fabc 33.6231 
Year 
2022 0.564 
2023 39.5164 
2024 32.9685 
2025 32.4163 
2026 24.9614 
2027 22.3654 
2028 22.8587 
2029 25.2848 
2030 28.2091 
2031 30.5189 
2032 31.948 
2033 32.6693 
2034 32.9422 
2035 32.9498 
2036 32.8369 

Alternative 7 ABCs
     projection_data.dat 

Year 
2022 38.6377 
2023 39.5164 
2024 32.9685 
2025 26.4746 
2026 20.3095 
2027 18.1568 
2028 18.5387 
2029 20.5137 
2030 22.9115 
2031 24.8126 
2032 25.9916 
2033 26.5881 
2034 26.8154 
2035 26.8237 
2036 26.7323 

Alternative 7 TACs
     projection_data.dat 

Year 
2022  NA 
2023 48.2055 
2024 40.2574 
2025 32.4163 
2026 24.9614 
2027 22.3654 
2028 22.8587 
2029 25.2848 
2030 28.2091 
2031 30.5189 
2032 31.948 
2033 32.6693 
2034 32.9422 
2035 32.9498 
2036 32.8369 

Alternative 7 Sp_Biomass
     projection_data.dat 
Equil_Fabc 74.0658 
Year 
2022 91.8344 
2023 94.1538 
2024 78.6156 
2025 68.2274 
2026 59.5234 
2027 55.9058 
2028 56.0306 
2029 58.8276 
2030 62.5923 
2031 65.8519 
2032 68.0586 
2033 69.3155 
2034 69.9027 
2035 70.058 
2036 69.9703 

Alternative 7 Fishing Mortality
     projection_data.dat 
Equil_Fabc 0.288462 
Year 
2022 0.00375902 
2023 0.288462 
2024 0.288462 
2025 0.331808 
2026 0.287005 
2027 0.26818 
2028 0.267278 
2029 0.27698 
2030 0.289153 
2031 0.298628 
2032 0.304647 
2033 0.307815 
2034 0.309203 
2035 0.309626 
2036 0.309547 

Alternative 7 Biomass
     projection_data.dat 

Year 
2022 292.385 
2023 302.55 
2024 280.392 
2025 272.923 
2026 271.758 
2027 281.793 
2028 295.337 
2029 308.604 
2030 318.141 
2031 323.999 
2032 326.319 
2033 326.744 
2034 326.672 
2035 326.341 
2036 326.555 

Alternative 7 Implied SPR rate 
     projection_data.dat 
Equil_Fabc 0.4 
Year 
2022 0.980165 
2023 0.4 
2024 0.4 
2025 0.368749 
2026 0.401374 
2027 0.417751 
2028 0.420166 
2029 0.413586 
2030 0.404566 
2031 0.397306 
2032 0.392611 
2033 0.390083 
2034 0.38893 
2035 0.388488 
2036 0.388464 

  projection_data.dat 
EquilAvgAgeF0  5.49174 
EquilAvgAgeFabc  3.86824 
AvgAgeYr2036 64.0125 
