projection_data.dat 1 2022 Cabc 33623.1
projection_data.dat 1 2022 Cofl 36557.9
projection_data.dat 1 2022 CLCI 564
projection_data.dat 1 2022 CUCI 564
projection_data.dat 1 2022 CMedian 564
projection_data.dat 1 2022 CMean 564
projection_data.dat 1 2022 CStdn 2.38742e-12
projection_data.dat 1 2023 Cabc 33623.1
projection_data.dat 1 2023 Cofl 36557.9
projection_data.dat 1 2023 CLCI 470
projection_data.dat 1 2023 CUCI 470
projection_data.dat 1 2023 CMedian 470
projection_data.dat 1 2023 CMean 470
projection_data.dat 1 2023 CStdn 2.56092e-07
projection_data.dat 1 2024 Cabc 33623.1
projection_data.dat 1 2024 Cofl 36557.9
projection_data.dat 1 2024 CLCI 785.999
projection_data.dat 1 2024 CUCI 785.999
projection_data.dat 1 2024 CMedian 785.999
projection_data.dat 1 2024 CMean 785.999
projection_data.dat 1 2024 CStdn 3.56546e-06
projection_data.dat 1 2025 Cabc 33623.1
projection_data.dat 1 2025 Cofl 36557.9
projection_data.dat 1 2025 CLCI 41312.7
projection_data.dat 1 2025 CUCI 42611.4
projection_data.dat 1 2025 CMedian 41591.4
projection_data.dat 1 2025 CMean 41735.1
projection_data.dat 1 2025 CStdn 474.503
projection_data.dat 1 2026 Cabc 33623.1
projection_data.dat 1 2026 Cofl 36557.9
projection_data.dat 1 2026 CLCI 33624.5
projection_data.dat 1 2026 CUCI 37171.5
projection_data.dat 1 2026 CMedian 34454.2
projection_data.dat 1 2026 CMean 34830.6
projection_data.dat 1 2026 CStdn 1286.27
projection_data.dat 1 2027 Cabc 33623.1
projection_data.dat 1 2027 Cofl 36557.9
projection_data.dat 1 2027 CLCI 24890.8
projection_data.dat 1 2027 CUCI 35366.3
projection_data.dat 1 2027 CMedian 28095.5
projection_data.dat 1 2027 CMean 29070.5
projection_data.dat 1 2027 CStdn 3577.76
projection_data.dat 1 2028 Cabc 33623.1
projection_data.dat 1 2028 Cofl 36557.9
projection_data.dat 1 2028 CLCI 18285.3
projection_data.dat 1 2028 CUCI 37253.1
projection_data.dat 1 2028 CMedian 23591.6
projection_data.dat 1 2028 CMean 25367.2
projection_data.dat 1 2028 CStdn 6294.12
projection_data.dat 1 2029 Cabc 33623.1
projection_data.dat 1 2029 Cofl 36557.9
projection_data.dat 1 2029 CLCI 14913.8
projection_data.dat 1 2029 CUCI 40995.7
projection_data.dat 1 2029 CMedian 23176.4
projection_data.dat 1 2029 CMean 25224.5
projection_data.dat 1 2029 CStdn 8600.05
projection_data.dat 1 2030 Cabc 33623.1
projection_data.dat 1 2030 Cofl 36557.9
projection_data.dat 1 2030 CLCI 13399.9
projection_data.dat 1 2030 CUCI 44659.1
projection_data.dat 1 2030 CMedian 24639.6
projection_data.dat 1 2030 CMean 26630.5
projection_data.dat 1 2030 CStdn 10256.5
projection_data.dat 1 2031 Cabc 33623.1
projection_data.dat 1 2031 Cofl 36557.9
projection_data.dat 1 2031 CLCI 12794.6
projection_data.dat 1 2031 CUCI 47116.1
projection_data.dat 1 2031 CMedian 26988.8
projection_data.dat 1 2031 CMean 28231.2
projection_data.dat 1 2031 CStdn 11238.6
projection_data.dat 1 2032 Cabc 33623.1
projection_data.dat 1 2032 Cofl 36557.9
projection_data.dat 1 2032 CLCI 13257.3
projection_data.dat 1 2032 CUCI 48714.7
projection_data.dat 1 2032 CMedian 28419.3
projection_data.dat 1 2032 CMean 29427.5
projection_data.dat 1 2032 CStdn 11806.6
projection_data.dat 1 2033 Cabc 33623.1
projection_data.dat 1 2033 Cofl 36557.9
projection_data.dat 1 2033 CLCI 13454.6
projection_data.dat 1 2033 CUCI 50402.7
projection_data.dat 1 2033 CMedian 29766.7
projection_data.dat 1 2033 CMean 30194.8
projection_data.dat 1 2033 CStdn 12109.3
projection_data.dat 1 2034 Cabc 33623.1
projection_data.dat 1 2034 Cofl 36557.9
projection_data.dat 1 2034 CLCI 13160.7
projection_data.dat 1 2034 CUCI 51941.5
projection_data.dat 1 2034 CMedian 29589.5
projection_data.dat 1 2034 CMean 30599.4
projection_data.dat 1 2034 CStdn 12151.7
projection_data.dat 1 2035 Cabc 33623.1
projection_data.dat 1 2035 Cofl 36557.9
projection_data.dat 1 2035 CLCI 13425.4
projection_data.dat 1 2035 CUCI 52691.5
projection_data.dat 1 2035 CMedian 30000.3
projection_data.dat 1 2035 CMean 30780.4
projection_data.dat 1 2035 CStdn 12042.2
projection_data.dat 1 2036 Cabc 33623.1
projection_data.dat 1 2036 Cofl 36557.9
projection_data.dat 1 2036 CLCI 14113.6
projection_data.dat 1 2036 CUCI 53120.6
projection_data.dat 1 2036 CMedian 29582.3
projection_data.dat 1 2036 CMean 30776.4
projection_data.dat 1 2036 CStdn 11981.2
projection_data.dat 1 2022 SSBF100 185165
projection_data.dat 1 2022 SSBFabc 74065.8
projection_data.dat 1 2022 SSBFofl 64807.6
projection_data.dat 1 2022 SSBLCI 91834.4
projection_data.dat 1 2022 SSBUCI 91834.4
projection_data.dat 1 2022 SSBMedian 91834.4
projection_data.dat 1 2022 SSBMean 91834.4
projection_data.dat 1 2023 SSBF100 185165
projection_data.dat 1 2023 SSBFabc 74065.8
projection_data.dat 1 2023 SSBFofl 64807.6
projection_data.dat 1 2023 SSBLCI 94092.3
projection_data.dat 1 2023 SSBUCI 94301
projection_data.dat 1 2023 SSBMedian 94127.1
projection_data.dat 1 2023 SSBMean 94153.8
projection_data.dat 1 2024 SSBF100 185165
projection_data.dat 1 2024 SSBFabc 74065.8
projection_data.dat 1 2024 SSBFofl 64807.6
projection_data.dat 1 2024 SSBLCI 96568.2
projection_data.dat 1 2024 SSBUCI 97475.5
projection_data.dat 1 2024 SSBMedian 96748.7
projection_data.dat 1 2024 SSBMean 96853.2
projection_data.dat 1 2025 SSBF100 185165
projection_data.dat 1 2025 SSBFabc 74065.8
projection_data.dat 1 2025 SSBFofl 64807.6
projection_data.dat 1 2025 SSBLCI 98635.4
projection_data.dat 1 2025 SSBUCI 101401
projection_data.dat 1 2025 SSBMedian 99256.2
projection_data.dat 1 2025 SSBMean 99560.5
projection_data.dat 1 2026 SSBF100 185165
projection_data.dat 1 2026 SSBFabc 74065.8
projection_data.dat 1 2026 SSBFofl 64807.6
projection_data.dat 1 2026 SSBLCI 80600.5
projection_data.dat 1 2026 SSBUCI 87664.7
projection_data.dat 1 2026 SSBMedian 82300.9
projection_data.dat 1 2026 SSBMean 83052.5
projection_data.dat 1 2027 SSBF100 185165
projection_data.dat 1 2027 SSBFabc 74065.8
projection_data.dat 1 2027 SSBFofl 64807.6
projection_data.dat 1 2027 SSBLCI 66462
projection_data.dat 1 2027 SSBUCI 81943.7
projection_data.dat 1 2027 SSBMedian 70334.9
projection_data.dat 1 2027 SSBMean 71959.5
projection_data.dat 1 2028 SSBF100 185165
projection_data.dat 1 2028 SSBFabc 74065.8
projection_data.dat 1 2028 SSBFofl 64807.6
projection_data.dat 1 2028 SSBLCI 56948.5
projection_data.dat 1 2028 SSBUCI 84229.1
projection_data.dat 1 2028 SSBMedian 64168.9
projection_data.dat 1 2028 SSBMean 66717.8
projection_data.dat 1 2029 SSBF100 185165
projection_data.dat 1 2029 SSBFabc 74065.8
projection_data.dat 1 2029 SSBFofl 64807.6
projection_data.dat 1 2029 SSBLCI 51394.5
projection_data.dat 1 2029 SSBUCI 93459.4
projection_data.dat 1 2029 SSBMedian 63290.7
projection_data.dat 1 2029 SSBMean 66581.6
projection_data.dat 1 2030 SSBF100 185165
projection_data.dat 1 2030 SSBFabc 74065.8
projection_data.dat 1 2030 SSBFofl 64807.6
projection_data.dat 1 2030 SSBLCI 48447.6
projection_data.dat 1 2030 SSBUCI 101502
projection_data.dat 1 2030 SSBMedian 65018.6
projection_data.dat 1 2030 SSBMean 68950.2
projection_data.dat 1 2031 SSBF100 185165
projection_data.dat 1 2031 SSBFabc 74065.8
projection_data.dat 1 2031 SSBFofl 64807.6
projection_data.dat 1 2031 SSBLCI 47298
projection_data.dat 1 2031 SSBUCI 107127
projection_data.dat 1 2031 SSBMedian 68001
projection_data.dat 1 2031 SSBMean 71806.5
projection_data.dat 1 2032 SSBF100 185165
projection_data.dat 1 2032 SSBFabc 74065.8
projection_data.dat 1 2032 SSBFofl 64807.6
projection_data.dat 1 2032 SSBLCI 48116
projection_data.dat 1 2032 SSBUCI 111834
projection_data.dat 1 2032 SSBMedian 69799.5
projection_data.dat 1 2032 SSBMean 74148.6
projection_data.dat 1 2033 SSBF100 185165
projection_data.dat 1 2033 SSBFabc 74065.8
projection_data.dat 1 2033 SSBFofl 64807.6
projection_data.dat 1 2033 SSBLCI 48355.6
projection_data.dat 1 2033 SSBUCI 115440
projection_data.dat 1 2033 SSBMedian 71481.5
projection_data.dat 1 2033 SSBMean 75761.1
projection_data.dat 1 2034 SSBF100 185165
projection_data.dat 1 2034 SSBFabc 74065.8
projection_data.dat 1 2034 SSBFofl 64807.6
projection_data.dat 1 2034 SSBLCI 48135.6
projection_data.dat 1 2034 SSBUCI 119788
projection_data.dat 1 2034 SSBMedian 71886.3
projection_data.dat 1 2034 SSBMean 76722.5
projection_data.dat 1 2035 SSBF100 185165
projection_data.dat 1 2035 SSBFabc 74065.8
projection_data.dat 1 2035 SSBFofl 64807.6
projection_data.dat 1 2035 SSBLCI 48587.2
projection_data.dat 1 2035 SSBUCI 121186
projection_data.dat 1 2035 SSBMedian 72247.4
projection_data.dat 1 2035 SSBMean 77186.8
projection_data.dat 1 2036 SSBF100 185165
projection_data.dat 1 2036 SSBFabc 74065.8
projection_data.dat 1 2036 SSBFofl 64807.6
projection_data.dat 1 2036 SSBLCI 49796.7
projection_data.dat 1 2036 SSBUCI 122923
projection_data.dat 1 2036 SSBMedian 71782.9
projection_data.dat 1 2036 SSBMean 77305.9
projection_data.dat 1 2022 F0 0 
projection_data.dat 1 2022 Fabc 0.288462
projection_data.dat 1 2022 Fofl 0.361865
projection_data.dat 1 2022  F_LCI 0.00375902
projection_data.dat 1 2022  F_UCI 0.00375902
projection_data.dat 1 2022  F_Median 0.00375902
projection_data.dat 1 2022  F_Mean 0.00375902
projection_data.dat 1 2023 F0 0 
projection_data.dat 1 2023 Fabc 0.288462
projection_data.dat 1 2023 Fofl 0.361865
projection_data.dat 1 2023  F_LCI 0.0030618
projection_data.dat 1 2023  F_UCI 0.00306653
projection_data.dat 1 2023  F_Median 0.00306574
projection_data.dat 1 2023  F_Mean 0.00306515
projection_data.dat 1 2024 F0 0 
projection_data.dat 1 2024 Fabc 0.288462
projection_data.dat 1 2024 Fofl 0.361865
projection_data.dat 1 2024  F_LCI 0.00496927
projection_data.dat 1 2024  F_UCI 0.00500861
projection_data.dat 1 2024  F_Median 0.0050007
projection_data.dat 1 2024  F_Mean 0.00499623
projection_data.dat 1 2025 F0 0 
projection_data.dat 1 2025 Fabc 0.288462
projection_data.dat 1 2025 Fofl 0.361865
projection_data.dat 1 2025  F_LCI 0.288462
projection_data.dat 1 2025  F_UCI 0.288462
projection_data.dat 1 2025  F_Median 0.288462
projection_data.dat 1 2025  F_Mean 0.288462
projection_data.dat 1 2026 F0 0 
projection_data.dat 1 2026 Fabc 0.288462
projection_data.dat 1 2026 Fofl 0.361865
projection_data.dat 1 2026  F_LCI 0.288462
projection_data.dat 1 2026  F_UCI 0.288462
projection_data.dat 1 2026  F_Median 0.288462
projection_data.dat 1 2026  F_Mean 0.288462
projection_data.dat 1 2027 F0 0 
projection_data.dat 1 2027 Fabc 0.288462
projection_data.dat 1 2027 Fofl 0.361865
projection_data.dat 1 2027  F_LCI 0.257289
projection_data.dat 1 2027  F_UCI 0.288462
projection_data.dat 1 2027  F_Median 0.273167
projection_data.dat 1 2027  F_Mean 0.274498
projection_data.dat 1 2028 F0 0 
projection_data.dat 1 2028 Fabc 0.288462
projection_data.dat 1 2028 Fofl 0.361865
projection_data.dat 1 2028  F_LCI 0.218287
projection_data.dat 1 2028  F_UCI 0.288462
projection_data.dat 1 2028  F_Median 0.247888
projection_data.dat 1 2028  F_Mean 0.252081
projection_data.dat 1 2029 F0 0 
projection_data.dat 1 2029 Fabc 0.288462
projection_data.dat 1 2029 Fofl 0.361865
projection_data.dat 1 2029  F_LCI 0.195517
projection_data.dat 1 2029  F_UCI 0.288462
projection_data.dat 1 2029  F_Median 0.244288
projection_data.dat 1 2029  F_Mean 0.246153
projection_data.dat 1 2030 F0 0 
projection_data.dat 1 2030 Fabc 0.288462
projection_data.dat 1 2030 Fofl 0.361865
projection_data.dat 1 2030  F_LCI 0.183436
projection_data.dat 1 2030  F_UCI 0.288462
projection_data.dat 1 2030  F_Median 0.251372
projection_data.dat 1 2030  F_Mean 0.248139
projection_data.dat 1 2031 F0 0 
projection_data.dat 1 2031 Fabc 0.288462
projection_data.dat 1 2031 Fofl 0.361865
projection_data.dat 1 2031  F_LCI 0.178723
projection_data.dat 1 2031  F_UCI 0.288462
projection_data.dat 1 2031  F_Median 0.263598
projection_data.dat 1 2031  F_Mean 0.252111
projection_data.dat 1 2032 F0 0 
projection_data.dat 1 2032 Fabc 0.288462
projection_data.dat 1 2032 Fofl 0.361865
projection_data.dat 1 2032  F_LCI 0.182077
projection_data.dat 1 2032  F_UCI 0.288462
projection_data.dat 1 2032  F_Median 0.270972
projection_data.dat 1 2032  F_Mean 0.255381
projection_data.dat 1 2033 F0 0 
projection_data.dat 1 2033 Fabc 0.288462
projection_data.dat 1 2033 Fofl 0.361865
projection_data.dat 1 2033  F_LCI 0.183059
projection_data.dat 1 2033  F_UCI 0.288462
projection_data.dat 1 2033  F_Median 0.277867
projection_data.dat 1 2033  F_Mean 0.257726
projection_data.dat 1 2034 F0 0 
projection_data.dat 1 2034 Fabc 0.288462
projection_data.dat 1 2034 Fofl 0.361865
projection_data.dat 1 2034  F_LCI 0.182157
projection_data.dat 1 2034  F_UCI 0.288462
projection_data.dat 1 2034  F_Median 0.279527
projection_data.dat 1 2034  F_Mean 0.259031
projection_data.dat 1 2035 F0 0 
projection_data.dat 1 2035 Fabc 0.288462
projection_data.dat 1 2035 Fofl 0.361865
projection_data.dat 1 2035  F_LCI 0.184009
projection_data.dat 1 2035  F_UCI 0.288462
projection_data.dat 1 2035  F_Median 0.281007
projection_data.dat 1 2035  F_Mean 0.259928
projection_data.dat 1 2036 F0 0 
projection_data.dat 1 2036 Fabc 0.288462
projection_data.dat 1 2036 Fofl 0.361865
projection_data.dat 1 2036  F_LCI 0.188967
projection_data.dat 1 2036  F_UCI 0.288462
projection_data.dat 1 2036  F_Median 0.279103
projection_data.dat 1 2036  F_Mean 0.26011
projection_data.dat 2 2022 Cabc 33623.1
projection_data.dat 2 2022 Cofl 36557.9
projection_data.dat 2 2022 CLCI 564
projection_data.dat 2 2022 CUCI 564
projection_data.dat 2 2022 CMedian 564
projection_data.dat 2 2022 CMean 564
projection_data.dat 2 2022 CStdn 2.38742e-12
projection_data.dat 2 2023 Cabc 33623.1
projection_data.dat 2 2023 Cofl 36557.9
projection_data.dat 2 2023 CLCI 470
projection_data.dat 2 2023 CUCI 470
projection_data.dat 2 2023 CMedian 470
projection_data.dat 2 2023 CMean 470
projection_data.dat 2 2023 CStdn 2.56092e-07
projection_data.dat 2 2024 Cabc 33623.1
projection_data.dat 2 2024 Cofl 36557.9
projection_data.dat 2 2024 CLCI 785.999
projection_data.dat 2 2024 CUCI 785.999
projection_data.dat 2 2024 CMedian 785.999
projection_data.dat 2 2024 CMean 785.999
projection_data.dat 2 2024 CStdn 3.56546e-06
projection_data.dat 2 2025 Cabc 33623.1
projection_data.dat 2 2025 Cofl 36557.9
projection_data.dat 2 2025 CLCI 41312.7
projection_data.dat 2 2025 CUCI 42611.4
projection_data.dat 2 2025 CMedian 41591.4
projection_data.dat 2 2025 CMean 41735.1
projection_data.dat 2 2025 CStdn 474.503
projection_data.dat 2 2026 Cabc 33623.1
projection_data.dat 2 2026 Cofl 36557.9
projection_data.dat 2 2026 CLCI 33624.5
projection_data.dat 2 2026 CUCI 37171.5
projection_data.dat 2 2026 CMedian 34454.2
projection_data.dat 2 2026 CMean 34830.6
projection_data.dat 2 2026 CStdn 1286.27
projection_data.dat 2 2027 Cabc 33623.1
projection_data.dat 2 2027 Cofl 36557.9
projection_data.dat 2 2027 CLCI 24890.8
projection_data.dat 2 2027 CUCI 35366.3
projection_data.dat 2 2027 CMedian 28095.5
projection_data.dat 2 2027 CMean 29070.5
projection_data.dat 2 2027 CStdn 3577.76
projection_data.dat 2 2028 Cabc 33623.1
projection_data.dat 2 2028 Cofl 36557.9
projection_data.dat 2 2028 CLCI 18285.3
projection_data.dat 2 2028 CUCI 37253.1
projection_data.dat 2 2028 CMedian 23591.6
projection_data.dat 2 2028 CMean 25367.2
projection_data.dat 2 2028 CStdn 6294.12
projection_data.dat 2 2029 Cabc 33623.1
projection_data.dat 2 2029 Cofl 36557.9
projection_data.dat 2 2029 CLCI 14913.8
projection_data.dat 2 2029 CUCI 40995.7
projection_data.dat 2 2029 CMedian 23176.4
projection_data.dat 2 2029 CMean 25224.5
projection_data.dat 2 2029 CStdn 8600.05
projection_data.dat 2 2030 Cabc 33623.1
projection_data.dat 2 2030 Cofl 36557.9
projection_data.dat 2 2030 CLCI 13399.9
projection_data.dat 2 2030 CUCI 44659.1
projection_data.dat 2 2030 CMedian 24639.6
projection_data.dat 2 2030 CMean 26630.5
projection_data.dat 2 2030 CStdn 10256.5
projection_data.dat 2 2031 Cabc 33623.1
projection_data.dat 2 2031 Cofl 36557.9
projection_data.dat 2 2031 CLCI 12794.6
projection_data.dat 2 2031 CUCI 47116.1
projection_data.dat 2 2031 CMedian 26988.8
projection_data.dat 2 2031 CMean 28231.2
projection_data.dat 2 2031 CStdn 11238.6
projection_data.dat 2 2032 Cabc 33623.1
projection_data.dat 2 2032 Cofl 36557.9
projection_data.dat 2 2032 CLCI 13257.3
projection_data.dat 2 2032 CUCI 48714.7
projection_data.dat 2 2032 CMedian 28419.3
projection_data.dat 2 2032 CMean 29427.5
projection_data.dat 2 2032 CStdn 11806.6
projection_data.dat 2 2033 Cabc 33623.1
projection_data.dat 2 2033 Cofl 36557.9
projection_data.dat 2 2033 CLCI 13454.6
projection_data.dat 2 2033 CUCI 50402.7
projection_data.dat 2 2033 CMedian 29766.7
projection_data.dat 2 2033 CMean 30194.8
projection_data.dat 2 2033 CStdn 12109.3
projection_data.dat 2 2034 Cabc 33623.1
projection_data.dat 2 2034 Cofl 36557.9
projection_data.dat 2 2034 CLCI 13160.7
projection_data.dat 2 2034 CUCI 51941.5
projection_data.dat 2 2034 CMedian 29589.5
projection_data.dat 2 2034 CMean 30599.4
projection_data.dat 2 2034 CStdn 12151.7
projection_data.dat 2 2035 Cabc 33623.1
projection_data.dat 2 2035 Cofl 36557.9
projection_data.dat 2 2035 CLCI 13425.4
projection_data.dat 2 2035 CUCI 52691.5
projection_data.dat 2 2035 CMedian 30000.3
projection_data.dat 2 2035 CMean 30780.4
projection_data.dat 2 2035 CStdn 12042.2
projection_data.dat 2 2036 Cabc 33623.1
projection_data.dat 2 2036 Cofl 36557.9
projection_data.dat 2 2036 CLCI 14113.6
projection_data.dat 2 2036 CUCI 53120.6
projection_data.dat 2 2036 CMedian 29582.3
projection_data.dat 2 2036 CMean 30776.4
projection_data.dat 2 2036 CStdn 11981.2
projection_data.dat 2 2022 SSBF100 185165
projection_data.dat 2 2022 SSBFabc 74065.8
projection_data.dat 2 2022 SSBFofl 64807.6
projection_data.dat 2 2022 SSBLCI 91834.4
projection_data.dat 2 2022 SSBUCI 91834.4
projection_data.dat 2 2022 SSBMedian 91834.4
projection_data.dat 2 2022 SSBMean 91834.4
projection_data.dat 2 2023 SSBF100 185165
projection_data.dat 2 2023 SSBFabc 74065.8
projection_data.dat 2 2023 SSBFofl 64807.6
projection_data.dat 2 2023 SSBLCI 94092.3
projection_data.dat 2 2023 SSBUCI 94301
projection_data.dat 2 2023 SSBMedian 94127.1
projection_data.dat 2 2023 SSBMean 94153.8
projection_data.dat 2 2024 SSBF100 185165
projection_data.dat 2 2024 SSBFabc 74065.8
projection_data.dat 2 2024 SSBFofl 64807.6
projection_data.dat 2 2024 SSBLCI 96568.2
projection_data.dat 2 2024 SSBUCI 97475.5
projection_data.dat 2 2024 SSBMedian 96748.7
projection_data.dat 2 2024 SSBMean 96853.2
projection_data.dat 2 2025 SSBF100 185165
projection_data.dat 2 2025 SSBFabc 74065.8
projection_data.dat 2 2025 SSBFofl 64807.6
projection_data.dat 2 2025 SSBLCI 98635.4
projection_data.dat 2 2025 SSBUCI 101401
projection_data.dat 2 2025 SSBMedian 99256.2
projection_data.dat 2 2025 SSBMean 99560.5
projection_data.dat 2 2026 SSBF100 185165
projection_data.dat 2 2026 SSBFabc 74065.8
projection_data.dat 2 2026 SSBFofl 64807.6
projection_data.dat 2 2026 SSBLCI 80600.5
projection_data.dat 2 2026 SSBUCI 87664.7
projection_data.dat 2 2026 SSBMedian 82300.9
projection_data.dat 2 2026 SSBMean 83052.5
projection_data.dat 2 2027 SSBF100 185165
projection_data.dat 2 2027 SSBFabc 74065.8
projection_data.dat 2 2027 SSBFofl 64807.6
projection_data.dat 2 2027 SSBLCI 66462
projection_data.dat 2 2027 SSBUCI 81943.7
projection_data.dat 2 2027 SSBMedian 70334.9
projection_data.dat 2 2027 SSBMean 71959.5
projection_data.dat 2 2028 SSBF100 185165
projection_data.dat 2 2028 SSBFabc 74065.8
projection_data.dat 2 2028 SSBFofl 64807.6
projection_data.dat 2 2028 SSBLCI 56948.5
projection_data.dat 2 2028 SSBUCI 84229.1
projection_data.dat 2 2028 SSBMedian 64168.9
projection_data.dat 2 2028 SSBMean 66717.8
projection_data.dat 2 2029 SSBF100 185165
projection_data.dat 2 2029 SSBFabc 74065.8
projection_data.dat 2 2029 SSBFofl 64807.6
projection_data.dat 2 2029 SSBLCI 51394.5
projection_data.dat 2 2029 SSBUCI 93459.4
projection_data.dat 2 2029 SSBMedian 63290.7
projection_data.dat 2 2029 SSBMean 66581.6
projection_data.dat 2 2030 SSBF100 185165
projection_data.dat 2 2030 SSBFabc 74065.8
projection_data.dat 2 2030 SSBFofl 64807.6
projection_data.dat 2 2030 SSBLCI 48447.6
projection_data.dat 2 2030 SSBUCI 101502
projection_data.dat 2 2030 SSBMedian 65018.6
projection_data.dat 2 2030 SSBMean 68950.2
projection_data.dat 2 2031 SSBF100 185165
projection_data.dat 2 2031 SSBFabc 74065.8
projection_data.dat 2 2031 SSBFofl 64807.6
projection_data.dat 2 2031 SSBLCI 47298
projection_data.dat 2 2031 SSBUCI 107127
projection_data.dat 2 2031 SSBMedian 68001
projection_data.dat 2 2031 SSBMean 71806.5
projection_data.dat 2 2032 SSBF100 185165
projection_data.dat 2 2032 SSBFabc 74065.8
projection_data.dat 2 2032 SSBFofl 64807.6
projection_data.dat 2 2032 SSBLCI 48116
projection_data.dat 2 2032 SSBUCI 111834
projection_data.dat 2 2032 SSBMedian 69799.5
projection_data.dat 2 2032 SSBMean 74148.6
projection_data.dat 2 2033 SSBF100 185165
projection_data.dat 2 2033 SSBFabc 74065.8
projection_data.dat 2 2033 SSBFofl 64807.6
projection_data.dat 2 2033 SSBLCI 48355.6
projection_data.dat 2 2033 SSBUCI 115440
projection_data.dat 2 2033 SSBMedian 71481.5
projection_data.dat 2 2033 SSBMean 75761.1
projection_data.dat 2 2034 SSBF100 185165
projection_data.dat 2 2034 SSBFabc 74065.8
projection_data.dat 2 2034 SSBFofl 64807.6
projection_data.dat 2 2034 SSBLCI 48135.6
projection_data.dat 2 2034 SSBUCI 119788
projection_data.dat 2 2034 SSBMedian 71886.3
projection_data.dat 2 2034 SSBMean 76722.5
projection_data.dat 2 2035 SSBF100 185165
projection_data.dat 2 2035 SSBFabc 74065.8
projection_data.dat 2 2035 SSBFofl 64807.6
projection_data.dat 2 2035 SSBLCI 48587.2
projection_data.dat 2 2035 SSBUCI 121186
projection_data.dat 2 2035 SSBMedian 72247.4
projection_data.dat 2 2035 SSBMean 77186.8
projection_data.dat 2 2036 SSBF100 185165
projection_data.dat 2 2036 SSBFabc 74065.8
projection_data.dat 2 2036 SSBFofl 64807.6
projection_data.dat 2 2036 SSBLCI 49796.7
projection_data.dat 2 2036 SSBUCI 122923
projection_data.dat 2 2036 SSBMedian 71782.9
projection_data.dat 2 2036 SSBMean 77305.9
projection_data.dat 2 2022 F0 0 
projection_data.dat 2 2022 Fabc 0.288462
projection_data.dat 2 2022 Fofl 0.361865
projection_data.dat 2 2022  F_LCI 0.00375902
projection_data.dat 2 2022  F_UCI 0.00375902
projection_data.dat 2 2022  F_Median 0.00375902
projection_data.dat 2 2022  F_Mean 0.00375902
projection_data.dat 2 2023 F0 0 
projection_data.dat 2 2023 Fabc 0.288462
projection_data.dat 2 2023 Fofl 0.361865
projection_data.dat 2 2023  F_LCI 0.0030618
projection_data.dat 2 2023  F_UCI 0.00306653
projection_data.dat 2 2023  F_Median 0.00306574
projection_data.dat 2 2023  F_Mean 0.00306515
projection_data.dat 2 2024 F0 0 
projection_data.dat 2 2024 Fabc 0.288462
projection_data.dat 2 2024 Fofl 0.361865
projection_data.dat 2 2024  F_LCI 0.00496927
projection_data.dat 2 2024  F_UCI 0.00500861
projection_data.dat 2 2024  F_Median 0.0050007
projection_data.dat 2 2024  F_Mean 0.00499623
projection_data.dat 2 2025 F0 0 
projection_data.dat 2 2025 Fabc 0.288462
projection_data.dat 2 2025 Fofl 0.361865
projection_data.dat 2 2025  F_LCI 0.288462
projection_data.dat 2 2025  F_UCI 0.288462
projection_data.dat 2 2025  F_Median 0.288462
projection_data.dat 2 2025  F_Mean 0.288462
projection_data.dat 2 2026 F0 0 
projection_data.dat 2 2026 Fabc 0.288462
projection_data.dat 2 2026 Fofl 0.361865
projection_data.dat 2 2026  F_LCI 0.288462
projection_data.dat 2 2026  F_UCI 0.288462
projection_data.dat 2 2026  F_Median 0.288462
projection_data.dat 2 2026  F_Mean 0.288462
projection_data.dat 2 2027 F0 0 
projection_data.dat 2 2027 Fabc 0.288462
projection_data.dat 2 2027 Fofl 0.361865
projection_data.dat 2 2027  F_LCI 0.257289
projection_data.dat 2 2027  F_UCI 0.288462
projection_data.dat 2 2027  F_Median 0.273167
projection_data.dat 2 2027  F_Mean 0.274498
projection_data.dat 2 2028 F0 0 
projection_data.dat 2 2028 Fabc 0.288462
projection_data.dat 2 2028 Fofl 0.361865
projection_data.dat 2 2028  F_LCI 0.218287
projection_data.dat 2 2028  F_UCI 0.288462
projection_data.dat 2 2028  F_Median 0.247888
projection_data.dat 2 2028  F_Mean 0.252081
projection_data.dat 2 2029 F0 0 
projection_data.dat 2 2029 Fabc 0.288462
projection_data.dat 2 2029 Fofl 0.361865
projection_data.dat 2 2029  F_LCI 0.195517
projection_data.dat 2 2029  F_UCI 0.288462
projection_data.dat 2 2029  F_Median 0.244288
projection_data.dat 2 2029  F_Mean 0.246153
projection_data.dat 2 2030 F0 0 
projection_data.dat 2 2030 Fabc 0.288462
projection_data.dat 2 2030 Fofl 0.361865
projection_data.dat 2 2030  F_LCI 0.183436
projection_data.dat 2 2030  F_UCI 0.288462
projection_data.dat 2 2030  F_Median 0.251372
projection_data.dat 2 2030  F_Mean 0.248139
projection_data.dat 2 2031 F0 0 
projection_data.dat 2 2031 Fabc 0.288462
projection_data.dat 2 2031 Fofl 0.361865
projection_data.dat 2 2031  F_LCI 0.178723
projection_data.dat 2 2031  F_UCI 0.288462
projection_data.dat 2 2031  F_Median 0.263598
projection_data.dat 2 2031  F_Mean 0.252111
projection_data.dat 2 2032 F0 0 
projection_data.dat 2 2032 Fabc 0.288462
projection_data.dat 2 2032 Fofl 0.361865
projection_data.dat 2 2032  F_LCI 0.182077
projection_data.dat 2 2032  F_UCI 0.288462
projection_data.dat 2 2032  F_Median 0.270972
projection_data.dat 2 2032  F_Mean 0.255381
projection_data.dat 2 2033 F0 0 
projection_data.dat 2 2033 Fabc 0.288462
projection_data.dat 2 2033 Fofl 0.361865
projection_data.dat 2 2033  F_LCI 0.183059
projection_data.dat 2 2033  F_UCI 0.288462
projection_data.dat 2 2033  F_Median 0.277867
projection_data.dat 2 2033  F_Mean 0.257726
projection_data.dat 2 2034 F0 0 
projection_data.dat 2 2034 Fabc 0.288462
projection_data.dat 2 2034 Fofl 0.361865
projection_data.dat 2 2034  F_LCI 0.182157
projection_data.dat 2 2034  F_UCI 0.288462
projection_data.dat 2 2034  F_Median 0.279527
projection_data.dat 2 2034  F_Mean 0.259031
projection_data.dat 2 2035 F0 0 
projection_data.dat 2 2035 Fabc 0.288462
projection_data.dat 2 2035 Fofl 0.361865
projection_data.dat 2 2035  F_LCI 0.184009
projection_data.dat 2 2035  F_UCI 0.288462
projection_data.dat 2 2035  F_Median 0.281007
projection_data.dat 2 2035  F_Mean 0.259928
projection_data.dat 2 2036 F0 0 
projection_data.dat 2 2036 Fabc 0.288462
projection_data.dat 2 2036 Fofl 0.361865
projection_data.dat 2 2036  F_LCI 0.188967
projection_data.dat 2 2036  F_UCI 0.288462
projection_data.dat 2 2036  F_Median 0.279103
projection_data.dat 2 2036  F_Mean 0.26011
projection_data.dat 3 2022 Cabc 33623.1
projection_data.dat 3 2022 Cofl 36557.9
projection_data.dat 3 2022 CLCI 564
projection_data.dat 3 2022 CUCI 564
projection_data.dat 3 2022 CMedian 564
projection_data.dat 3 2022 CMean 564
projection_data.dat 3 2022 CStdn 2.38742e-12
projection_data.dat 3 2023 Cabc 33623.1
projection_data.dat 3 2023 Cofl 36557.9
projection_data.dat 3 2023 CLCI 470
projection_data.dat 3 2023 CUCI 470
projection_data.dat 3 2023 CMedian 470
projection_data.dat 3 2023 CMean 470
projection_data.dat 3 2023 CStdn 2.56092e-07
projection_data.dat 3 2024 Cabc 33623.1
projection_data.dat 3 2024 Cofl 36557.9
projection_data.dat 3 2024 CLCI 785.999
projection_data.dat 3 2024 CUCI 785.999
projection_data.dat 3 2024 CMedian 785.999
projection_data.dat 3 2024 CMean 785.999
projection_data.dat 3 2024 CStdn 3.56546e-06
projection_data.dat 3 2025 Cabc 33623.1
projection_data.dat 3 2025 Cofl 36557.9
projection_data.dat 3 2025 CLCI 1884.12
projection_data.dat 3 2025 CUCI 1937.45
projection_data.dat 3 2025 CMedian 1895.56
projection_data.dat 3 2025 CMean 1901.48
projection_data.dat 3 2025 CStdn 19.4962
projection_data.dat 3 2026 Cabc 33623.1
projection_data.dat 3 2026 Cofl 36557.9
projection_data.dat 3 2026 CLCI 1894.92
projection_data.dat 3 2026 CUCI 2043.33
projection_data.dat 3 2026 CMedian 1929.31
projection_data.dat 3 2026 CMean 1945.21
projection_data.dat 3 2026 CStdn 53.8218
projection_data.dat 3 2027 Cabc 33623.1
projection_data.dat 3 2027 Cofl 36557.9
projection_data.dat 3 2027 CLCI 1875.44
projection_data.dat 3 2027 CUCI 2215.71
projection_data.dat 3 2027 CMedian 1958.13
projection_data.dat 3 2027 CMean 1993.63
projection_data.dat 3 2027 CStdn 119.961
projection_data.dat 3 2028 Cabc 33623.1
projection_data.dat 3 2028 Cofl 36557.9
projection_data.dat 3 2028 CLCI 1830.91
projection_data.dat 3 2028 CUCI 2466.93
projection_data.dat 3 2028 CMedian 2003.17
projection_data.dat 3 2028 CMean 2063.34
projection_data.dat 3 2028 CStdn 222.669
projection_data.dat 3 2029 Cabc 33623.1
projection_data.dat 3 2029 Cofl 36557.9
projection_data.dat 3 2029 CLCI 1785.47
projection_data.dat 3 2029 CUCI 2871.58
projection_data.dat 3 2029 CMedian 2088.2
projection_data.dat 3 2029 CMean 2172.35
projection_data.dat 3 2029 CStdn 352.713
projection_data.dat 3 2030 Cabc 33623.1
projection_data.dat 3 2030 Cofl 36557.9
projection_data.dat 3 2030 CLCI 1742.7
projection_data.dat 3 2030 CUCI 3268.41
projection_data.dat 3 2030 CMedian 2208.97
projection_data.dat 3 2030 CMean 2318.22
projection_data.dat 3 2030 CStdn 488.321
projection_data.dat 3 2031 Cabc 33623.1
projection_data.dat 3 2031 Cofl 36557.9
projection_data.dat 3 2031 CLCI 1727.09
projection_data.dat 3 2031 CUCI 3585.77
projection_data.dat 3 2031 CMedian 2353.15
projection_data.dat 3 2031 CMean 2476.04
projection_data.dat 3 2031 CStdn 606.465
projection_data.dat 3 2032 Cabc 33623.1
projection_data.dat 3 2032 Cofl 36557.9
projection_data.dat 3 2032 CLCI 1744.56
projection_data.dat 3 2032 CUCI 3837.12
projection_data.dat 3 2032 CMedian 2501.44
projection_data.dat 3 2032 CMean 2622.16
projection_data.dat 3 2032 CStdn 697.257
projection_data.dat 3 2033 Cabc 33623.1
projection_data.dat 3 2033 Cofl 36557.9
projection_data.dat 3 2033 CLCI 1774.6
projection_data.dat 3 2033 CUCI 4055.09
projection_data.dat 3 2033 CMedian 2610.99
projection_data.dat 3 2033 CMean 2748.12
projection_data.dat 3 2033 CStdn 764.879
projection_data.dat 3 2034 Cabc 33623.1
projection_data.dat 3 2034 Cofl 36557.9
projection_data.dat 3 2034 CLCI 1793.23
projection_data.dat 3 2034 CUCI 4253.91
projection_data.dat 3 2034 CMedian 2719.2
projection_data.dat 3 2034 CMean 2853.54
projection_data.dat 3 2034 CStdn 812.262
projection_data.dat 3 2035 Cabc 33623.1
projection_data.dat 3 2035 Cofl 36557.9
projection_data.dat 3 2035 CLCI 1788.95
projection_data.dat 3 2035 CUCI 4440.26
projection_data.dat 3 2035 CMedian 2825.97
projection_data.dat 3 2035 CMean 2939.44
projection_data.dat 3 2035 CStdn 839.576
projection_data.dat 3 2036 Cabc 33623.1
projection_data.dat 3 2036 Cofl 36557.9
projection_data.dat 3 2036 CLCI 1838.79
projection_data.dat 3 2036 CUCI 4579.98
projection_data.dat 3 2036 CMedian 2879.67
projection_data.dat 3 2036 CMean 3007.9
projection_data.dat 3 2036 CStdn 852.933
projection_data.dat 3 2022 SSBF100 185165
projection_data.dat 3 2022 SSBFabc 74065.8
projection_data.dat 3 2022 SSBFofl 64807.6
projection_data.dat 3 2022 SSBLCI 91834.4
projection_data.dat 3 2022 SSBUCI 91834.4
projection_data.dat 3 2022 SSBMedian 91834.4
projection_data.dat 3 2022 SSBMean 91834.4
projection_data.dat 3 2023 SSBF100 185165
projection_data.dat 3 2023 SSBFabc 74065.8
projection_data.dat 3 2023 SSBFofl 64807.6
projection_data.dat 3 2023 SSBLCI 94092.3
projection_data.dat 3 2023 SSBUCI 94301
projection_data.dat 3 2023 SSBMedian 94127.1
projection_data.dat 3 2023 SSBMean 94153.8
projection_data.dat 3 2024 SSBF100 185165
projection_data.dat 3 2024 SSBFabc 74065.8
projection_data.dat 3 2024 SSBFofl 64807.6
projection_data.dat 3 2024 SSBLCI 96568.2
projection_data.dat 3 2024 SSBUCI 97475.5
projection_data.dat 3 2024 SSBMedian 96748.7
projection_data.dat 3 2024 SSBMean 96853.2
projection_data.dat 3 2025 SSBF100 185165
projection_data.dat 3 2025 SSBFabc 74065.8
projection_data.dat 3 2025 SSBFofl 64807.6
projection_data.dat 3 2025 SSBLCI 98635.4
projection_data.dat 3 2025 SSBUCI 101401
projection_data.dat 3 2025 SSBMedian 99256.2
projection_data.dat 3 2025 SSBMean 99560.5
projection_data.dat 3 2026 SSBF100 185165
projection_data.dat 3 2026 SSBFabc 74065.8
projection_data.dat 3 2026 SSBFofl 64807.6
projection_data.dat 3 2026 SSBLCI 99166.9
projection_data.dat 3 2026 SSBUCI 106287
projection_data.dat 3 2026 SSBMedian 100874
projection_data.dat 3 2026 SSBMean 101635
projection_data.dat 3 2027 SSBF100 185165
projection_data.dat 3 2027 SSBFabc 74065.8
projection_data.dat 3 2027 SSBFofl 64807.6
projection_data.dat 3 2027 SSBLCI 98398.1
projection_data.dat 3 2027 SSBUCI 114333
projection_data.dat 3 2027 SSBMedian 102314
projection_data.dat 3 2027 SSBMean 104014
projection_data.dat 3 2028 SSBF100 185165
projection_data.dat 3 2028 SSBFabc 74065.8
projection_data.dat 3 2028 SSBFofl 64807.6
projection_data.dat 3 2028 SSBLCI 96655.1
projection_data.dat 3 2028 SSBUCI 126771
projection_data.dat 3 2028 SSBMedian 104817
projection_data.dat 3 2028 SSBMean 107674
projection_data.dat 3 2029 SSBF100 185165
projection_data.dat 3 2029 SSBFabc 74065.8
projection_data.dat 3 2029 SSBFofl 64807.6
projection_data.dat 3 2029 SSBLCI 94708.6
projection_data.dat 3 2029 SSBUCI 146476
projection_data.dat 3 2029 SSBMedian 109079
projection_data.dat 3 2029 SSBMean 113176
projection_data.dat 3 2030 SSBF100 185165
projection_data.dat 3 2030 SSBFabc 74065.8
projection_data.dat 3 2030 SSBFofl 64807.6
projection_data.dat 3 2030 SSBLCI 92765.6
projection_data.dat 3 2030 SSBUCI 165501
projection_data.dat 3 2030 SSBMedian 114851
projection_data.dat 3 2030 SSBMean 120139
projection_data.dat 3 2031 SSBF100 185165
projection_data.dat 3 2031 SSBFabc 74065.8
projection_data.dat 3 2031 SSBFofl 64807.6
projection_data.dat 3 2031 SSBLCI 91914.9
projection_data.dat 3 2031 SSBUCI 181109
projection_data.dat 3 2031 SSBMedian 121614
projection_data.dat 3 2031 SSBMean 127684
projection_data.dat 3 2032 SSBF100 185165
projection_data.dat 3 2032 SSBFabc 74065.8
projection_data.dat 3 2032 SSBFofl 64807.6
projection_data.dat 3 2032 SSBLCI 92363.6
projection_data.dat 3 2032 SSBUCI 194052
projection_data.dat 3 2032 SSBMedian 129279
projection_data.dat 3 2032 SSBMean 135033
projection_data.dat 3 2033 SSBF100 185165
projection_data.dat 3 2033 SSBFabc 74065.8
projection_data.dat 3 2033 SSBFofl 64807.6
projection_data.dat 3 2033 SSBLCI 93918
projection_data.dat 3 2033 SSBUCI 206415
projection_data.dat 3 2033 SSBMedian 135112
projection_data.dat 3 2033 SSBMean 141718
projection_data.dat 3 2034 SSBF100 185165
projection_data.dat 3 2034 SSBFabc 74065.8
projection_data.dat 3 2034 SSBFofl 64807.6
projection_data.dat 3 2034 SSBLCI 94442.6
projection_data.dat 3 2034 SSBUCI 216579
projection_data.dat 3 2034 SSBMedian 140931
projection_data.dat 3 2034 SSBMean 147526
projection_data.dat 3 2035 SSBF100 185165
projection_data.dat 3 2035 SSBFabc 74065.8
projection_data.dat 3 2035 SSBFofl 64807.6
projection_data.dat 3 2035 SSBLCI 95086.1
projection_data.dat 3 2035 SSBUCI 228569
projection_data.dat 3 2035 SSBMedian 146448
projection_data.dat 3 2035 SSBMean 152400
projection_data.dat 3 2036 SSBF100 185165
projection_data.dat 3 2036 SSBFabc 74065.8
projection_data.dat 3 2036 SSBFofl 64807.6
projection_data.dat 3 2036 SSBLCI 97255
projection_data.dat 3 2036 SSBUCI 236149
projection_data.dat 3 2036 SSBMedian 149969
projection_data.dat 3 2036 SSBMean 156385
projection_data.dat 3 2022 F0 0 
projection_data.dat 3 2022 Fabc 0.288462
projection_data.dat 3 2022 Fofl 0.361865
projection_data.dat 3 2022  F_LCI 0.00375902
projection_data.dat 3 2022  F_UCI 0.00375902
projection_data.dat 3 2022  F_Median 0.00375902
projection_data.dat 3 2022  F_Mean 0.00375902
projection_data.dat 3 2023 F0 0 
projection_data.dat 3 2023 Fabc 0.288462
projection_data.dat 3 2023 Fofl 0.361865
projection_data.dat 3 2023  F_LCI 0.0030618
projection_data.dat 3 2023  F_UCI 0.00306653
projection_data.dat 3 2023  F_Median 0.00306574
projection_data.dat 3 2023  F_Mean 0.00306515
projection_data.dat 3 2024 F0 0 
projection_data.dat 3 2024 Fabc 0.288462
projection_data.dat 3 2024 Fofl 0.361865
projection_data.dat 3 2024  F_LCI 0.00496927
projection_data.dat 3 2024  F_UCI 0.00500861
projection_data.dat 3 2024  F_Median 0.0050007
projection_data.dat 3 2024  F_Mean 0.00499623
projection_data.dat 3 2025 F0 0 
projection_data.dat 3 2025 Fabc 0.288462
projection_data.dat 3 2025 Fofl 0.361865
projection_data.dat 3 2025  F_LCI 0.0117853
projection_data.dat 3 2025  F_UCI 0.0117853
projection_data.dat 3 2025  F_Median 0.0117853
projection_data.dat 3 2025  F_Mean 0.0117853
projection_data.dat 3 2026 F0 0 
projection_data.dat 3 2026 Fabc 0.288462
projection_data.dat 3 2026 Fofl 0.361865
projection_data.dat 3 2026  F_LCI 0.0117853
projection_data.dat 3 2026  F_UCI 0.0117853
projection_data.dat 3 2026  F_Median 0.0117853
projection_data.dat 3 2026  F_Mean 0.0117853
projection_data.dat 3 2027 F0 0 
projection_data.dat 3 2027 Fabc 0.288462
projection_data.dat 3 2027 Fofl 0.361865
projection_data.dat 3 2027  F_LCI 0.0117853
projection_data.dat 3 2027  F_UCI 0.0117853
projection_data.dat 3 2027  F_Median 0.0117853
projection_data.dat 3 2027  F_Mean 0.0117853
projection_data.dat 3 2028 F0 0 
projection_data.dat 3 2028 Fabc 0.288462
projection_data.dat 3 2028 Fofl 0.361865
projection_data.dat 3 2028  F_LCI 0.0117853
projection_data.dat 3 2028  F_UCI 0.0117853
projection_data.dat 3 2028  F_Median 0.0117853
projection_data.dat 3 2028  F_Mean 0.0117853
projection_data.dat 3 2029 F0 0 
projection_data.dat 3 2029 Fabc 0.288462
projection_data.dat 3 2029 Fofl 0.361865
projection_data.dat 3 2029  F_LCI 0.0117853
projection_data.dat 3 2029  F_UCI 0.0117853
projection_data.dat 3 2029  F_Median 0.0117853
projection_data.dat 3 2029  F_Mean 0.0117853
projection_data.dat 3 2030 F0 0 
projection_data.dat 3 2030 Fabc 0.288462
projection_data.dat 3 2030 Fofl 0.361865
projection_data.dat 3 2030  F_LCI 0.0117853
projection_data.dat 3 2030  F_UCI 0.0117853
projection_data.dat 3 2030  F_Median 0.0117853
projection_data.dat 3 2030  F_Mean 0.0117853
projection_data.dat 3 2031 F0 0 
projection_data.dat 3 2031 Fabc 0.288462
projection_data.dat 3 2031 Fofl 0.361865
projection_data.dat 3 2031  F_LCI 0.0117853
projection_data.dat 3 2031  F_UCI 0.0117853
projection_data.dat 3 2031  F_Median 0.0117853
projection_data.dat 3 2031  F_Mean 0.0117853
projection_data.dat 3 2032 F0 0 
projection_data.dat 3 2032 Fabc 0.288462
projection_data.dat 3 2032 Fofl 0.361865
projection_data.dat 3 2032  F_LCI 0.0117853
projection_data.dat 3 2032  F_UCI 0.0117853
projection_data.dat 3 2032  F_Median 0.0117853
projection_data.dat 3 2032  F_Mean 0.0117853
projection_data.dat 3 2033 F0 0 
projection_data.dat 3 2033 Fabc 0.288462
projection_data.dat 3 2033 Fofl 0.361865
projection_data.dat 3 2033  F_LCI 0.0117853
projection_data.dat 3 2033  F_UCI 0.0117853
projection_data.dat 3 2033  F_Median 0.0117853
projection_data.dat 3 2033  F_Mean 0.0117853
projection_data.dat 3 2034 F0 0 
projection_data.dat 3 2034 Fabc 0.288462
projection_data.dat 3 2034 Fofl 0.361865
projection_data.dat 3 2034  F_LCI 0.0117853
projection_data.dat 3 2034  F_UCI 0.0117853
projection_data.dat 3 2034  F_Median 0.0117853
projection_data.dat 3 2034  F_Mean 0.0117853
projection_data.dat 3 2035 F0 0 
projection_data.dat 3 2035 Fabc 0.288462
projection_data.dat 3 2035 Fofl 0.361865
projection_data.dat 3 2035  F_LCI 0.0117853
projection_data.dat 3 2035  F_UCI 0.0117853
projection_data.dat 3 2035  F_Median 0.0117853
projection_data.dat 3 2035  F_Mean 0.0117853
projection_data.dat 3 2036 F0 0 
projection_data.dat 3 2036 Fabc 0.288462
projection_data.dat 3 2036 Fofl 0.361865
projection_data.dat 3 2036  F_LCI 0.0117853
projection_data.dat 3 2036  F_UCI 0.0117853
projection_data.dat 3 2036  F_Median 0.0117853
projection_data.dat 3 2036  F_Mean 0.0117853
projection_data.dat 4 2022 Cabc 33623.1
projection_data.dat 4 2022 Cofl 36557.9
projection_data.dat 4 2022 CLCI 564
projection_data.dat 4 2022 CUCI 564
projection_data.dat 4 2022 CMedian 564
projection_data.dat 4 2022 CMean 564
projection_data.dat 4 2022 CStdn 2.38742e-12
projection_data.dat 4 2023 Cabc 33623.1
projection_data.dat 4 2023 Cofl 36557.9
projection_data.dat 4 2023 CLCI 470
projection_data.dat 4 2023 CUCI 470
projection_data.dat 4 2023 CMedian 470
projection_data.dat 4 2023 CMean 470
projection_data.dat 4 2023 CStdn 2.56092e-07
projection_data.dat 4 2024 Cabc 33623.1
projection_data.dat 4 2024 Cofl 36557.9
projection_data.dat 4 2024 CLCI 785.999
projection_data.dat 4 2024 CUCI 785.999
projection_data.dat 4 2024 CMedian 785.999
projection_data.dat 4 2024 CMean 785.999
projection_data.dat 4 2024 CStdn 3.56546e-06
projection_data.dat 4 2025 Cabc 33623.1
projection_data.dat 4 2025 Cofl 36557.9
projection_data.dat 4 2025 CLCI 9719.1
projection_data.dat 4 2025 CUCI 9999.58
projection_data.dat 4 2025 CMedian 9779.27
projection_data.dat 4 2025 CMean 9810.37
projection_data.dat 4 2025 CStdn 102.539
projection_data.dat 4 2026 Cabc 33623.1
projection_data.dat 4 2026 Cofl 36557.9
projection_data.dat 4 2026 CLCI 9398.15
projection_data.dat 4 2026 CUCI 10176.1
projection_data.dat 4 2026 CMedian 9578.51
projection_data.dat 4 2026 CMean 9661.92
projection_data.dat 4 2026 CStdn 282.132
projection_data.dat 4 2027 Cabc 33623.1
projection_data.dat 4 2027 Cofl 36557.9
projection_data.dat 4 2027 CLCI 8970.44
projection_data.dat 4 2027 CUCI 10739.3
projection_data.dat 4 2027 CMedian 9400.26
projection_data.dat 4 2027 CMean 9586.34
projection_data.dat 4 2027 CStdn 624.593
projection_data.dat 4 2028 Cabc 33623.1
projection_data.dat 4 2028 Cofl 36557.9
projection_data.dat 4 2028 CLCI 8478.12
projection_data.dat 4 2028 CUCI 11752.3
projection_data.dat 4 2028 CMedian 9372.33
projection_data.dat 4 2028 CMean 9676.82
projection_data.dat 4 2028 CStdn 1145.81
projection_data.dat 4 2029 Cabc 33623.1
projection_data.dat 4 2029 Cofl 36557.9
projection_data.dat 4 2029 CLCI 8040.09
projection_data.dat 4 2029 CUCI 13485.6
projection_data.dat 4 2029 CMedian 9591.51
projection_data.dat 4 2029 CMean 10012.1
projection_data.dat 4 2029 CStdn 1783.89
projection_data.dat 4 2030 Cabc 33623.1
projection_data.dat 4 2030 Cofl 36557.9
projection_data.dat 4 2030 CLCI 7685.19
projection_data.dat 4 2030 CUCI 15158.4
projection_data.dat 4 2030 CMedian 9992.54
projection_data.dat 4 2030 CMean 10551.9
projection_data.dat 4 2030 CStdn 2418.13
projection_data.dat 4 2031 Cabc 33623.1
projection_data.dat 4 2031 Cofl 36557.9
projection_data.dat 4 2031 CLCI 7500.51
projection_data.dat 4 2031 CUCI 16427.2
projection_data.dat 4 2031 CMedian 10578.9
projection_data.dat 4 2031 CMean 11153.7
projection_data.dat 4 2031 CStdn 2940.76
projection_data.dat 4 2032 Cabc 33623.1
projection_data.dat 4 2032 Cofl 36557.9
projection_data.dat 4 2032 CLCI 7513.16
projection_data.dat 4 2032 CUCI 17436.2
projection_data.dat 4 2032 CMedian 11096.5
projection_data.dat 4 2032 CMean 11699.1
projection_data.dat 4 2032 CStdn 3322.64
projection_data.dat 4 2033 Cabc 33623.1
projection_data.dat 4 2033 Cofl 36557.9
projection_data.dat 4 2033 CLCI 7552.55
projection_data.dat 4 2033 CUCI 18282.9
projection_data.dat 4 2033 CMedian 11505.6
projection_data.dat 4 2033 CMean 12150.7
projection_data.dat 4 2033 CStdn 3592.73
projection_data.dat 4 2034 Cabc 33623.1
projection_data.dat 4 2034 Cofl 36557.9
projection_data.dat 4 2034 CLCI 7516.64
projection_data.dat 4 2034 CUCI 19021.7
projection_data.dat 4 2034 CMedian 11955
projection_data.dat 4 2034 CMean 12509.8
projection_data.dat 4 2034 CStdn 3763.77
projection_data.dat 4 2035 Cabc 33623.1
projection_data.dat 4 2035 Cofl 36557.9
projection_data.dat 4 2035 CLCI 7553.19
projection_data.dat 4 2035 CUCI 19846.5
projection_data.dat 4 2035 CMedian 12227.1
projection_data.dat 4 2035 CMean 12784.4
projection_data.dat 4 2035 CStdn 3842.01
projection_data.dat 4 2036 Cabc 33623.1
projection_data.dat 4 2036 Cofl 36557.9
projection_data.dat 4 2036 CLCI 7701.71
projection_data.dat 4 2036 CUCI 20099.4
projection_data.dat 4 2036 CMedian 12389.6
projection_data.dat 4 2036 CMean 12987
projection_data.dat 4 2036 CStdn 3866.24
projection_data.dat 4 2022 SSBF100 185165
projection_data.dat 4 2022 SSBFabc 74065.8
projection_data.dat 4 2022 SSBFofl 64807.6
projection_data.dat 4 2022 SSBLCI 91834.4
projection_data.dat 4 2022 SSBUCI 91834.4
projection_data.dat 4 2022 SSBMedian 91834.4
projection_data.dat 4 2022 SSBMean 91834.4
projection_data.dat 4 2023 SSBF100 185165
projection_data.dat 4 2023 SSBFabc 74065.8
projection_data.dat 4 2023 SSBFofl 64807.6
projection_data.dat 4 2023 SSBLCI 94092.3
projection_data.dat 4 2023 SSBUCI 94301
projection_data.dat 4 2023 SSBMedian 94127.1
projection_data.dat 4 2023 SSBMean 94153.8
projection_data.dat 4 2024 SSBF100 185165
projection_data.dat 4 2024 SSBFabc 74065.8
projection_data.dat 4 2024 SSBFofl 64807.6
projection_data.dat 4 2024 SSBLCI 96568.2
projection_data.dat 4 2024 SSBUCI 97475.5
projection_data.dat 4 2024 SSBMedian 96748.7
projection_data.dat 4 2024 SSBMean 96853.2
projection_data.dat 4 2025 SSBF100 185165
projection_data.dat 4 2025 SSBFabc 74065.8
projection_data.dat 4 2025 SSBFofl 64807.6
projection_data.dat 4 2025 SSBLCI 98635.4
projection_data.dat 4 2025 SSBUCI 101401
projection_data.dat 4 2025 SSBMedian 99256.2
projection_data.dat 4 2025 SSBMean 99560.5
projection_data.dat 4 2026 SSBF100 185165
projection_data.dat 4 2026 SSBFabc 74065.8
projection_data.dat 4 2026 SSBFofl 64807.6
projection_data.dat 4 2026 SSBLCI 95451
projection_data.dat 4 2026 SSBUCI 102561
projection_data.dat 4 2026 SSBMedian 97157.1
projection_data.dat 4 2026 SSBMean 97915.9
projection_data.dat 4 2027 SSBF100 185165
projection_data.dat 4 2027 SSBFabc 74065.8
projection_data.dat 4 2027 SSBFofl 64807.6
projection_data.dat 4 2027 SSBLCI 91415.9
projection_data.dat 4 2027 SSBUCI 107266
projection_data.dat 4 2027 SSBMedian 95318
projection_data.dat 4 2027 SSBMean 97009.1
projection_data.dat 4 2028 SSBF100 185165
projection_data.dat 4 2028 SSBFabc 74065.8
projection_data.dat 4 2028 SSBFofl 64807.6
projection_data.dat 4 2028 SSBLCI 86935.4
projection_data.dat 4 2028 SSBUCI 116699
projection_data.dat 4 2028 SSBMedian 95048.1
projection_data.dat 4 2028 SSBMean 97852.1
projection_data.dat 4 2029 SSBF100 185165
projection_data.dat 4 2029 SSBFabc 74065.8
projection_data.dat 4 2029 SSBFofl 64807.6
projection_data.dat 4 2029 SSBLCI 82841.5
projection_data.dat 4 2029 SSBUCI 133394
projection_data.dat 4 2029 SSBMedian 97042.2
projection_data.dat 4 2029 SSBMean 100956
projection_data.dat 4 2030 SSBF100 185165
projection_data.dat 4 2030 SSBFabc 74065.8
projection_data.dat 4 2030 SSBFofl 64807.6
projection_data.dat 4 2030 SSBLCI 79271.5
projection_data.dat 4 2030 SSBUCI 148851
projection_data.dat 4 2030 SSBMedian 100766
projection_data.dat 4 2030 SSBMean 105785
projection_data.dat 4 2031 SSBF100 185165
projection_data.dat 4 2031 SSBFabc 74065.8
projection_data.dat 4 2031 SSBFofl 64807.6
projection_data.dat 4 2031 SSBLCI 77159.2
projection_data.dat 4 2031 SSBUCI 160865
projection_data.dat 4 2031 SSBMedian 105921
projection_data.dat 4 2031 SSBMean 111295
projection_data.dat 4 2032 SSBF100 185165
projection_data.dat 4 2032 SSBFabc 74065.8
projection_data.dat 4 2032 SSBFofl 64807.6
projection_data.dat 4 2032 SSBLCI 76911.9
projection_data.dat 4 2032 SSBUCI 171421
projection_data.dat 4 2032 SSBMedian 111298
projection_data.dat 4 2032 SSBMean 116631
projection_data.dat 4 2033 SSBF100 185165
projection_data.dat 4 2033 SSBFabc 74065.8
projection_data.dat 4 2033 SSBFofl 64807.6
projection_data.dat 4 2033 SSBLCI 77092.5
projection_data.dat 4 2033 SSBUCI 180366
projection_data.dat 4 2033 SSBMedian 115220
projection_data.dat 4 2033 SSBMean 121341
projection_data.dat 4 2034 SSBF100 185165
projection_data.dat 4 2034 SSBFabc 74065.8
projection_data.dat 4 2034 SSBFofl 64807.6
projection_data.dat 4 2034 SSBLCI 77099.8
projection_data.dat 4 2034 SSBUCI 189010
projection_data.dat 4 2034 SSBMedian 119491
projection_data.dat 4 2034 SSBMean 125258
projection_data.dat 4 2035 SSBF100 185165
projection_data.dat 4 2035 SSBFabc 74065.8
projection_data.dat 4 2035 SSBFofl 64807.6
projection_data.dat 4 2035 SSBLCI 76725.6
projection_data.dat 4 2035 SSBUCI 196072
projection_data.dat 4 2035 SSBMedian 123005
projection_data.dat 4 2035 SSBMean 128367
projection_data.dat 4 2036 SSBF100 185165
projection_data.dat 4 2036 SSBFabc 74065.8
projection_data.dat 4 2036 SSBFofl 64807.6
projection_data.dat 4 2036 SSBLCI 78604.1
projection_data.dat 4 2036 SSBUCI 200484
projection_data.dat 4 2036 SSBMedian 125276
projection_data.dat 4 2036 SSBMean 130743
projection_data.dat 4 2022 F0 0 
projection_data.dat 4 2022 Fabc 0.288462
projection_data.dat 4 2022 Fofl 0.361865
projection_data.dat 4 2022  F_LCI 0.00375902
projection_data.dat 4 2022  F_UCI 0.00375902
projection_data.dat 4 2022  F_Median 0.00375902
projection_data.dat 4 2022  F_Mean 0.00375902
projection_data.dat 4 2023 F0 0 
projection_data.dat 4 2023 Fabc 0.288462
projection_data.dat 4 2023 Fofl 0.361865
projection_data.dat 4 2023  F_LCI 0.0030618
projection_data.dat 4 2023  F_UCI 0.00306653
projection_data.dat 4 2023  F_Median 0.00306574
projection_data.dat 4 2023  F_Mean 0.00306515
projection_data.dat 4 2024 F0 0 
projection_data.dat 4 2024 Fabc 0.288462
projection_data.dat 4 2024 Fofl 0.361865
projection_data.dat 4 2024  F_LCI 0.00496927
projection_data.dat 4 2024  F_UCI 0.00500861
projection_data.dat 4 2024  F_Median 0.0050007
projection_data.dat 4 2024  F_Mean 0.00499623
projection_data.dat 4 2025 F0 0 
projection_data.dat 4 2025 Fabc 0.288462
projection_data.dat 4 2025 Fofl 0.361865
projection_data.dat 4 2025  F_LCI 0.0620477
projection_data.dat 4 2025  F_UCI 0.0620477
projection_data.dat 4 2025  F_Median 0.0620477
projection_data.dat 4 2025  F_Mean 0.0620477
projection_data.dat 4 2026 F0 0 
projection_data.dat 4 2026 Fabc 0.288462
projection_data.dat 4 2026 Fofl 0.361865
projection_data.dat 4 2026  F_LCI 0.0620477
projection_data.dat 4 2026  F_UCI 0.0620477
projection_data.dat 4 2026  F_Median 0.0620477
projection_data.dat 4 2026  F_Mean 0.0620477
projection_data.dat 4 2027 F0 0 
projection_data.dat 4 2027 Fabc 0.288462
projection_data.dat 4 2027 Fofl 0.361865
projection_data.dat 4 2027  F_LCI 0.0620477
projection_data.dat 4 2027  F_UCI 0.0620477
projection_data.dat 4 2027  F_Median 0.0620477
projection_data.dat 4 2027  F_Mean 0.0620477
projection_data.dat 4 2028 F0 0 
projection_data.dat 4 2028 Fabc 0.288462
projection_data.dat 4 2028 Fofl 0.361865
projection_data.dat 4 2028  F_LCI 0.0620477
projection_data.dat 4 2028  F_UCI 0.0620477
projection_data.dat 4 2028  F_Median 0.0620477
projection_data.dat 4 2028  F_Mean 0.0620477
projection_data.dat 4 2029 F0 0 
projection_data.dat 4 2029 Fabc 0.288462
projection_data.dat 4 2029 Fofl 0.361865
projection_data.dat 4 2029  F_LCI 0.0620477
projection_data.dat 4 2029  F_UCI 0.0620477
projection_data.dat 4 2029  F_Median 0.0620477
projection_data.dat 4 2029  F_Mean 0.0620477
projection_data.dat 4 2030 F0 0 
projection_data.dat 4 2030 Fabc 0.288462
projection_data.dat 4 2030 Fofl 0.361865
projection_data.dat 4 2030  F_LCI 0.0620477
projection_data.dat 4 2030  F_UCI 0.0620477
projection_data.dat 4 2030  F_Median 0.0620477
projection_data.dat 4 2030  F_Mean 0.0620477
projection_data.dat 4 2031 F0 0 
projection_data.dat 4 2031 Fabc 0.288462
projection_data.dat 4 2031 Fofl 0.361865
projection_data.dat 4 2031  F_LCI 0.0620477
projection_data.dat 4 2031  F_UCI 0.0620477
projection_data.dat 4 2031  F_Median 0.0620477
projection_data.dat 4 2031  F_Mean 0.0620477
projection_data.dat 4 2032 F0 0 
projection_data.dat 4 2032 Fabc 0.288462
projection_data.dat 4 2032 Fofl 0.361865
projection_data.dat 4 2032  F_LCI 0.0620477
projection_data.dat 4 2032  F_UCI 0.0620477
projection_data.dat 4 2032  F_Median 0.0620477
projection_data.dat 4 2032  F_Mean 0.0620477
projection_data.dat 4 2033 F0 0 
projection_data.dat 4 2033 Fabc 0.288462
projection_data.dat 4 2033 Fofl 0.361865
projection_data.dat 4 2033  F_LCI 0.0620477
projection_data.dat 4 2033  F_UCI 0.0620477
projection_data.dat 4 2033  F_Median 0.0620477
projection_data.dat 4 2033  F_Mean 0.0620477
projection_data.dat 4 2034 F0 0 
projection_data.dat 4 2034 Fabc 0.288462
projection_data.dat 4 2034 Fofl 0.361865
projection_data.dat 4 2034  F_LCI 0.0620477
projection_data.dat 4 2034  F_UCI 0.0620477
projection_data.dat 4 2034  F_Median 0.0620477
projection_data.dat 4 2034  F_Mean 0.0620477
projection_data.dat 4 2035 F0 0 
projection_data.dat 4 2035 Fabc 0.288462
projection_data.dat 4 2035 Fofl 0.361865
projection_data.dat 4 2035  F_LCI 0.0620477
projection_data.dat 4 2035  F_UCI 0.0620477
projection_data.dat 4 2035  F_Median 0.0620477
projection_data.dat 4 2035  F_Mean 0.0620477
projection_data.dat 4 2036 F0 0 
projection_data.dat 4 2036 Fabc 0.288462
projection_data.dat 4 2036 Fofl 0.361865
projection_data.dat 4 2036  F_LCI 0.0620477
projection_data.dat 4 2036  F_UCI 0.0620477
projection_data.dat 4 2036  F_Median 0.0620477
projection_data.dat 4 2036  F_Mean 0.0620477
projection_data.dat 5 2022 Cabc 33623.1
projection_data.dat 5 2022 Cofl 36557.9
projection_data.dat 5 2022 CLCI 564
projection_data.dat 5 2022 CUCI 564
projection_data.dat 5 2022 CMedian 564
projection_data.dat 5 2022 CMean 564
projection_data.dat 5 2022 CStdn 2.38742e-12
projection_data.dat 5 2023 Cabc 33623.1
projection_data.dat 5 2023 Cofl 36557.9
projection_data.dat 5 2023 CLCI 470
projection_data.dat 5 2023 CUCI 470
projection_data.dat 5 2023 CMedian 470
projection_data.dat 5 2023 CMean 470
projection_data.dat 5 2023 CStdn 2.56092e-07
projection_data.dat 5 2024 Cabc 33623.1
projection_data.dat 5 2024 Cofl 36557.9
projection_data.dat 5 2024 CLCI 785.999
projection_data.dat 5 2024 CUCI 785.999
projection_data.dat 5 2024 CMedian 785.999
projection_data.dat 5 2024 CMean 785.999
projection_data.dat 5 2024 CStdn 3.56546e-06
projection_data.dat 5 2025 Cabc 33623.1
projection_data.dat 5 2025 Cofl 36557.9
projection_data.dat 5 2025 CLCI 0
projection_data.dat 5 2025 CUCI 0
projection_data.dat 5 2025 CMedian 0
projection_data.dat 5 2025 CMean 0
projection_data.dat 5 2025 CStdn 0
projection_data.dat 5 2026 Cabc 33623.1
projection_data.dat 5 2026 Cofl 36557.9
projection_data.dat 5 2026 CLCI 0
projection_data.dat 5 2026 CUCI 0
projection_data.dat 5 2026 CMedian 0
projection_data.dat 5 2026 CMean 0
projection_data.dat 5 2026 CStdn 0
projection_data.dat 5 2027 Cabc 33623.1
projection_data.dat 5 2027 Cofl 36557.9
projection_data.dat 5 2027 CLCI 0
projection_data.dat 5 2027 CUCI 0
projection_data.dat 5 2027 CMedian 0
projection_data.dat 5 2027 CMean 0
projection_data.dat 5 2027 CStdn 0
projection_data.dat 5 2028 Cabc 33623.1
projection_data.dat 5 2028 Cofl 36557.9
projection_data.dat 5 2028 CLCI 0
projection_data.dat 5 2028 CUCI 0
projection_data.dat 5 2028 CMedian 0
projection_data.dat 5 2028 CMean 0
projection_data.dat 5 2028 CStdn 0
projection_data.dat 5 2029 Cabc 33623.1
projection_data.dat 5 2029 Cofl 36557.9
projection_data.dat 5 2029 CLCI 0
projection_data.dat 5 2029 CUCI 0
projection_data.dat 5 2029 CMedian 0
projection_data.dat 5 2029 CMean 0
projection_data.dat 5 2029 CStdn 0
projection_data.dat 5 2030 Cabc 33623.1
projection_data.dat 5 2030 Cofl 36557.9
projection_data.dat 5 2030 CLCI 0
projection_data.dat 5 2030 CUCI 0
projection_data.dat 5 2030 CMedian 0
projection_data.dat 5 2030 CMean 0
projection_data.dat 5 2030 CStdn 0
projection_data.dat 5 2031 Cabc 33623.1
projection_data.dat 5 2031 Cofl 36557.9
projection_data.dat 5 2031 CLCI 0
projection_data.dat 5 2031 CUCI 0
projection_data.dat 5 2031 CMedian 0
projection_data.dat 5 2031 CMean 0
projection_data.dat 5 2031 CStdn 0
projection_data.dat 5 2032 Cabc 33623.1
projection_data.dat 5 2032 Cofl 36557.9
projection_data.dat 5 2032 CLCI 0
projection_data.dat 5 2032 CUCI 0
projection_data.dat 5 2032 CMedian 0
projection_data.dat 5 2032 CMean 0
projection_data.dat 5 2032 CStdn 0
projection_data.dat 5 2033 Cabc 33623.1
projection_data.dat 5 2033 Cofl 36557.9
projection_data.dat 5 2033 CLCI 0
projection_data.dat 5 2033 CUCI 0
projection_data.dat 5 2033 CMedian 0
projection_data.dat 5 2033 CMean 0
projection_data.dat 5 2033 CStdn 0
projection_data.dat 5 2034 Cabc 33623.1
projection_data.dat 5 2034 Cofl 36557.9
projection_data.dat 5 2034 CLCI 0
projection_data.dat 5 2034 CUCI 0
projection_data.dat 5 2034 CMedian 0
projection_data.dat 5 2034 CMean 0
projection_data.dat 5 2034 CStdn 0
projection_data.dat 5 2035 Cabc 33623.1
projection_data.dat 5 2035 Cofl 36557.9
projection_data.dat 5 2035 CLCI 0
projection_data.dat 5 2035 CUCI 0
projection_data.dat 5 2035 CMedian 0
projection_data.dat 5 2035 CMean 0
projection_data.dat 5 2035 CStdn 0
projection_data.dat 5 2036 Cabc 33623.1
projection_data.dat 5 2036 Cofl 36557.9
projection_data.dat 5 2036 CLCI 0
projection_data.dat 5 2036 CUCI 0
projection_data.dat 5 2036 CMedian 0
projection_data.dat 5 2036 CMean 0
projection_data.dat 5 2036 CStdn 0
projection_data.dat 5 2022 SSBF100 185165
projection_data.dat 5 2022 SSBFabc 74065.8
projection_data.dat 5 2022 SSBFofl 64807.6
projection_data.dat 5 2022 SSBLCI 91834.4
projection_data.dat 5 2022 SSBUCI 91834.4
projection_data.dat 5 2022 SSBMedian 91834.4
projection_data.dat 5 2022 SSBMean 91834.4
projection_data.dat 5 2023 SSBF100 185165
projection_data.dat 5 2023 SSBFabc 74065.8
projection_data.dat 5 2023 SSBFofl 64807.6
projection_data.dat 5 2023 SSBLCI 94092.3
projection_data.dat 5 2023 SSBUCI 94301
projection_data.dat 5 2023 SSBMedian 94127.1
projection_data.dat 5 2023 SSBMean 94153.8
projection_data.dat 5 2024 SSBF100 185165
projection_data.dat 5 2024 SSBFabc 74065.8
projection_data.dat 5 2024 SSBFofl 64807.6
projection_data.dat 5 2024 SSBLCI 96568.2
projection_data.dat 5 2024 SSBUCI 97475.5
projection_data.dat 5 2024 SSBMedian 96748.7
projection_data.dat 5 2024 SSBMean 96853.2
projection_data.dat 5 2025 SSBF100 185165
projection_data.dat 5 2025 SSBFabc 74065.8
projection_data.dat 5 2025 SSBFofl 64807.6
projection_data.dat 5 2025 SSBLCI 98635.4
projection_data.dat 5 2025 SSBUCI 101401
projection_data.dat 5 2025 SSBMedian 99256.2
projection_data.dat 5 2025 SSBMean 99560.5
projection_data.dat 5 2026 SSBF100 185165
projection_data.dat 5 2026 SSBFabc 74065.8
projection_data.dat 5 2026 SSBFofl 64807.6
projection_data.dat 5 2026 SSBLCI 100062
projection_data.dat 5 2026 SSBUCI 107185
projection_data.dat 5 2026 SSBMedian 101770
projection_data.dat 5 2026 SSBMean 102531
projection_data.dat 5 2027 SSBF100 185165
projection_data.dat 5 2027 SSBFabc 74065.8
projection_data.dat 5 2027 SSBFofl 64807.6
projection_data.dat 5 2027 SSBLCI 100125
projection_data.dat 5 2027 SSBUCI 116080
projection_data.dat 5 2027 SSBMedian 104043
projection_data.dat 5 2027 SSBMean 105747
projection_data.dat 5 2028 SSBF100 185165
projection_data.dat 5 2028 SSBFabc 74065.8
projection_data.dat 5 2028 SSBFofl 64807.6
projection_data.dat 5 2028 SSBLCI 99121.7
projection_data.dat 5 2028 SSBUCI 129320
projection_data.dat 5 2028 SSBMedian 107296
projection_data.dat 5 2028 SSBMean 110165
projection_data.dat 5 2029 SSBF100 185165
projection_data.dat 5 2029 SSBFabc 74065.8
projection_data.dat 5 2029 SSBFofl 64807.6
projection_data.dat 5 2029 SSBLCI 97794.7
projection_data.dat 5 2029 SSBUCI 149812
projection_data.dat 5 2029 SSBMedian 112212
projection_data.dat 5 2029 SSBMean 116347
projection_data.dat 5 2030 SSBF100 185165
projection_data.dat 5 2030 SSBFabc 74065.8
projection_data.dat 5 2030 SSBFofl 64807.6
projection_data.dat 5 2030 SSBLCI 96345.2
projection_data.dat 5 2030 SSBUCI 169404
projection_data.dat 5 2030 SSBMedian 118609
projection_data.dat 5 2030 SSBMean 123939
projection_data.dat 5 2031 SSBF100 185165
projection_data.dat 5 2031 SSBFabc 74065.8
projection_data.dat 5 2031 SSBFofl 64807.6
projection_data.dat 5 2031 SSBLCI 95981.1
projection_data.dat 5 2031 SSBUCI 186025
projection_data.dat 5 2031 SSBMedian 126015
projection_data.dat 5 2031 SSBMean 132095
projection_data.dat 5 2032 SSBF100 185165
projection_data.dat 5 2032 SSBFabc 74065.8
projection_data.dat 5 2032 SSBFofl 64807.6
projection_data.dat 5 2032 SSBLCI 96641.1
projection_data.dat 5 2032 SSBUCI 200108
projection_data.dat 5 2032 SSBMedian 134248
projection_data.dat 5 2032 SSBMean 140056
projection_data.dat 5 2033 SSBF100 185165
projection_data.dat 5 2033 SSBFabc 74065.8
projection_data.dat 5 2033 SSBFofl 64807.6
projection_data.dat 5 2033 SSBLCI 98681.8
projection_data.dat 5 2033 SSBUCI 213333
projection_data.dat 5 2033 SSBMedian 140631
projection_data.dat 5 2033 SSBMean 147350
projection_data.dat 5 2034 SSBF100 185165
projection_data.dat 5 2034 SSBFabc 74065.8
projection_data.dat 5 2034 SSBFofl 64807.6
projection_data.dat 5 2034 SSBLCI 99320.8
projection_data.dat 5 2034 SSBUCI 224829
projection_data.dat 5 2034 SSBMedian 146931
projection_data.dat 5 2034 SSBMean 153750
projection_data.dat 5 2035 SSBF100 185165
projection_data.dat 5 2035 SSBFabc 74065.8
projection_data.dat 5 2035 SSBFofl 64807.6
projection_data.dat 5 2035 SSBLCI 99770.7
projection_data.dat 5 2035 SSBUCI 237242
projection_data.dat 5 2035 SSBMedian 153078
projection_data.dat 5 2035 SSBMean 159187
projection_data.dat 5 2036 SSBF100 185165
projection_data.dat 5 2036 SSBFabc 74065.8
projection_data.dat 5 2036 SSBFofl 64807.6
projection_data.dat 5 2036 SSBLCI 102601
projection_data.dat 5 2036 SSBUCI 245064
projection_data.dat 5 2036 SSBMedian 157144
projection_data.dat 5 2036 SSBMean 163697
projection_data.dat 5 2022 F0 0 
projection_data.dat 5 2022 Fabc 0.288462
projection_data.dat 5 2022 Fofl 0.361865
projection_data.dat 5 2022  F_LCI 0.00375902
projection_data.dat 5 2022  F_UCI 0.00375902
projection_data.dat 5 2022  F_Median 0.00375902
projection_data.dat 5 2022  F_Mean 0.00375902
projection_data.dat 5 2023 F0 0 
projection_data.dat 5 2023 Fabc 0.288462
projection_data.dat 5 2023 Fofl 0.361865
projection_data.dat 5 2023  F_LCI 0.0030618
projection_data.dat 5 2023  F_UCI 0.00306653
projection_data.dat 5 2023  F_Median 0.00306574
projection_data.dat 5 2023  F_Mean 0.00306515
projection_data.dat 5 2024 F0 0 
projection_data.dat 5 2024 Fabc 0.288462
projection_data.dat 5 2024 Fofl 0.361865
projection_data.dat 5 2024  F_LCI 0.00496927
projection_data.dat 5 2024  F_UCI 0.00500861
projection_data.dat 5 2024  F_Median 0.0050007
projection_data.dat 5 2024  F_Mean 0.00499623
projection_data.dat 5 2025 F0 0 
projection_data.dat 5 2025 Fabc 0.288462
projection_data.dat 5 2025 Fofl 0.361865
projection_data.dat 5 2025  F_LCI 0
projection_data.dat 5 2025  F_UCI 0
projection_data.dat 5 2025  F_Median 0
projection_data.dat 5 2025  F_Mean 0
projection_data.dat 5 2026 F0 0 
projection_data.dat 5 2026 Fabc 0.288462
projection_data.dat 5 2026 Fofl 0.361865
projection_data.dat 5 2026  F_LCI 0
projection_data.dat 5 2026  F_UCI 0
projection_data.dat 5 2026  F_Median 0
projection_data.dat 5 2026  F_Mean 0
projection_data.dat 5 2027 F0 0 
projection_data.dat 5 2027 Fabc 0.288462
projection_data.dat 5 2027 Fofl 0.361865
projection_data.dat 5 2027  F_LCI 0
projection_data.dat 5 2027  F_UCI 0
projection_data.dat 5 2027  F_Median 0
projection_data.dat 5 2027  F_Mean 0
projection_data.dat 5 2028 F0 0 
projection_data.dat 5 2028 Fabc 0.288462
projection_data.dat 5 2028 Fofl 0.361865
projection_data.dat 5 2028  F_LCI 0
projection_data.dat 5 2028  F_UCI 0
projection_data.dat 5 2028  F_Median 0
projection_data.dat 5 2028  F_Mean 0
projection_data.dat 5 2029 F0 0 
projection_data.dat 5 2029 Fabc 0.288462
projection_data.dat 5 2029 Fofl 0.361865
projection_data.dat 5 2029  F_LCI 0
projection_data.dat 5 2029  F_UCI 0
projection_data.dat 5 2029  F_Median 0
projection_data.dat 5 2029  F_Mean 0
projection_data.dat 5 2030 F0 0 
projection_data.dat 5 2030 Fabc 0.288462
projection_data.dat 5 2030 Fofl 0.361865
projection_data.dat 5 2030  F_LCI 0
projection_data.dat 5 2030  F_UCI 0
projection_data.dat 5 2030  F_Median 0
projection_data.dat 5 2030  F_Mean 0
projection_data.dat 5 2031 F0 0 
projection_data.dat 5 2031 Fabc 0.288462
projection_data.dat 5 2031 Fofl 0.361865
projection_data.dat 5 2031  F_LCI 0
projection_data.dat 5 2031  F_UCI 0
projection_data.dat 5 2031  F_Median 0
projection_data.dat 5 2031  F_Mean 0
projection_data.dat 5 2032 F0 0 
projection_data.dat 5 2032 Fabc 0.288462
projection_data.dat 5 2032 Fofl 0.361865
projection_data.dat 5 2032  F_LCI 0
projection_data.dat 5 2032  F_UCI 0
projection_data.dat 5 2032  F_Median 0
projection_data.dat 5 2032  F_Mean 0
projection_data.dat 5 2033 F0 0 
projection_data.dat 5 2033 Fabc 0.288462
projection_data.dat 5 2033 Fofl 0.361865
projection_data.dat 5 2033  F_LCI 0
projection_data.dat 5 2033  F_UCI 0
projection_data.dat 5 2033  F_Median 0
projection_data.dat 5 2033  F_Mean 0
projection_data.dat 5 2034 F0 0 
projection_data.dat 5 2034 Fabc 0.288462
projection_data.dat 5 2034 Fofl 0.361865
projection_data.dat 5 2034  F_LCI 0
projection_data.dat 5 2034  F_UCI 0
projection_data.dat 5 2034  F_Median 0
projection_data.dat 5 2034  F_Mean 0
projection_data.dat 5 2035 F0 0 
projection_data.dat 5 2035 Fabc 0.288462
projection_data.dat 5 2035 Fofl 0.361865
projection_data.dat 5 2035  F_LCI 0
projection_data.dat 5 2035  F_UCI 0
projection_data.dat 5 2035  F_Median 0
projection_data.dat 5 2035  F_Mean 0
projection_data.dat 5 2036 F0 0 
projection_data.dat 5 2036 Fabc 0.288462
projection_data.dat 5 2036 Fofl 0.361865
projection_data.dat 5 2036  F_LCI 0
projection_data.dat 5 2036  F_UCI 0
projection_data.dat 5 2036  F_Median 0
projection_data.dat 5 2036  F_Mean 0
projection_data.dat 6 2022 Cabc 33623.1
projection_data.dat 6 2022 Cofl 36557.9
projection_data.dat 6 2022 CLCI 564
projection_data.dat 6 2022 CUCI 564
projection_data.dat 6 2022 CMedian 564
projection_data.dat 6 2022 CMean 564
projection_data.dat 6 2022 CStdn 2.38742e-12
projection_data.dat 6 2023 Cabc 33623.1
projection_data.dat 6 2023 Cofl 36557.9
projection_data.dat 6 2023 CLCI 48180.4
projection_data.dat 6 2023 CUCI 48265.5
projection_data.dat 6 2023 CMedian 48194.6
projection_data.dat 6 2023 CMean 48205.4
projection_data.dat 6 2023 CStdn 32.2952
projection_data.dat 6 2024 Cabc 33623.1
projection_data.dat 6 2024 Cofl 36557.9
projection_data.dat 6 2024 CLCI 38082.8
projection_data.dat 6 2024 CUCI 38524.3
projection_data.dat 6 2024 CMedian 38171.5
projection_data.dat 6 2024 CMean 38223.2
projection_data.dat 6 2024 CStdn 165.429
projection_data.dat 6 2025 Cabc 33623.1
projection_data.dat 6 2025 Cofl 36557.9
projection_data.dat 6 2025 CLCI 26363.7
projection_data.dat 6 2025 CUCI 28868.2
projection_data.dat 6 2025 CMedian 26903.8
projection_data.dat 6 2025 CMean 27184.5
projection_data.dat 6 2025 CStdn 934.269
projection_data.dat 6 2026 Cabc 33623.1
projection_data.dat 6 2026 Cofl 36557.9
projection_data.dat 6 2026 CLCI 20649.2
projection_data.dat 6 2026 CUCI 26381.3
projection_data.dat 6 2026 CMedian 21951.9
projection_data.dat 6 2026 CMean 22587.4
projection_data.dat 6 2026 CStdn 2118.64
projection_data.dat 6 2027 Cabc 33623.1
projection_data.dat 6 2027 Cofl 36557.9
projection_data.dat 6 2027 CLCI 17088.9
projection_data.dat 6 2027 CUCI 29519.9
projection_data.dat 6 2027 CMedian 19844.9
projection_data.dat 6 2027 CMean 21217.8
projection_data.dat 6 2027 CStdn 4383.54
projection_data.dat 6 2028 Cabc 33623.1
projection_data.dat 6 2028 Cofl 36557.9
projection_data.dat 6 2028 CLCI 14765
projection_data.dat 6 2028 CUCI 38398.4
projection_data.dat 6 2028 CMedian 20084.9
projection_data.dat 6 2028 CMean 22318.2
projection_data.dat 6 2028 CStdn 7441.22
projection_data.dat 6 2029 Cabc 33623.1
projection_data.dat 6 2029 Cofl 36557.9
projection_data.dat 6 2029 CLCI 13433.7
projection_data.dat 6 2029 CUCI 44685.8
projection_data.dat 6 2029 CMedian 22278.5
projection_data.dat 6 2029 CMean 25059.8
projection_data.dat 6 2029 CStdn 10255.1
projection_data.dat 6 2030 Cabc 33623.1
projection_data.dat 6 2030 Cofl 36557.9
projection_data.dat 6 2030 CLCI 13014.9
projection_data.dat 6 2030 CUCI 50002.3
projection_data.dat 6 2030 CMedian 25366.6
projection_data.dat 6 2030 CMean 28142.6
projection_data.dat 6 2030 CStdn 12100.1
projection_data.dat 6 2031 Cabc 33623.1
projection_data.dat 6 2031 Cofl 36557.9
projection_data.dat 6 2031 CLCI 13030.4
projection_data.dat 6 2031 CUCI 52664.5
projection_data.dat 6 2031 CMedian 28553.1
projection_data.dat 6 2031 CMean 30518.5
projection_data.dat 6 2031 CStdn 13054
projection_data.dat 6 2032 Cabc 33623.1
projection_data.dat 6 2032 Cofl 36557.9
projection_data.dat 6 2032 CLCI 13990.8
projection_data.dat 6 2032 CUCI 54517.4
projection_data.dat 6 2032 CMedian 30007.5
projection_data.dat 6 2032 CMean 31967.2
projection_data.dat 6 2032 CStdn 13587.5
projection_data.dat 6 2033 Cabc 33623.1
projection_data.dat 6 2033 Cofl 36557.9
projection_data.dat 6 2033 CLCI 14177.3
projection_data.dat 6 2033 CUCI 54874.2
projection_data.dat 6 2033 CMedian 30803.5
projection_data.dat 6 2033 CMean 32688.7
projection_data.dat 6 2033 CStdn 13836.8
projection_data.dat 6 2034 Cabc 33623.1
projection_data.dat 6 2034 Cofl 36557.9
projection_data.dat 6 2034 CLCI 13898.5
projection_data.dat 6 2034 CUCI 56863
projection_data.dat 6 2034 CMedian 30903.7
projection_data.dat 6 2034 CMean 32956.3
projection_data.dat 6 2034 CStdn 13814.6
projection_data.dat 6 2035 Cabc 33623.1
projection_data.dat 6 2035 Cofl 36557.9
projection_data.dat 6 2035 CLCI 14223.5
projection_data.dat 6 2035 CUCI 58028.8
projection_data.dat 6 2035 CMedian 30815.4
projection_data.dat 6 2035 CMean 32958.7
projection_data.dat 6 2035 CStdn 13648.7
projection_data.dat 6 2036 Cabc 33623.1
projection_data.dat 6 2036 Cofl 36557.9
projection_data.dat 6 2036 CLCI 14849.5
projection_data.dat 6 2036 CUCI 59380.8
projection_data.dat 6 2036 CMedian 30237.7
projection_data.dat 6 2036 CMean 32841.8
projection_data.dat 6 2036 CStdn 13613.6
projection_data.dat 6 2022 SSBF100 185165
projection_data.dat 6 2022 SSBFabc 74065.8
projection_data.dat 6 2022 SSBFofl 64807.6
projection_data.dat 6 2022 SSBLCI 91834.4
projection_data.dat 6 2022 SSBUCI 91834.4
projection_data.dat 6 2022 SSBMedian 91834.4
projection_data.dat 6 2022 SSBMean 91834.4
projection_data.dat 6 2023 SSBF100 185165
projection_data.dat 6 2023 SSBFabc 74065.8
projection_data.dat 6 2023 SSBFofl 64807.6
projection_data.dat 6 2023 SSBLCI 94092.3
projection_data.dat 6 2023 SSBUCI 94301
projection_data.dat 6 2023 SSBMedian 94127.1
projection_data.dat 6 2023 SSBMean 94153.8
projection_data.dat 6 2024 SSBF100 185165
projection_data.dat 6 2024 SSBFabc 74065.8
projection_data.dat 6 2024 SSBFofl 64807.6
projection_data.dat 6 2024 SSBLCI 74339
projection_data.dat 6 2024 SSBUCI 75244.9
projection_data.dat 6 2024 SSBMedian 74519.6
projection_data.dat 6 2024 SSBMean 74623.6
projection_data.dat 6 2025 SSBF100 185165
projection_data.dat 6 2025 SSBFabc 74065.8
projection_data.dat 6 2025 SSBFofl 64807.6
projection_data.dat 6 2025 SSBLCI 61387.1
projection_data.dat 6 2025 SSBUCI 64136.2
projection_data.dat 6 2025 SSBMedian 62005.5
projection_data.dat 6 2025 SSBMean 62307.8
projection_data.dat 6 2026 SSBF100 185165
projection_data.dat 6 2026 SSBFabc 74065.8
projection_data.dat 6 2026 SSBFofl 64807.6
projection_data.dat 6 2026 SSBLCI 54265.4
projection_data.dat 6 2026 SSBUCI 60795.4
projection_data.dat 6 2026 SSBMedian 55849.6
projection_data.dat 6 2026 SSBMean 56543.1
projection_data.dat 6 2027 SSBF100 185165
projection_data.dat 6 2027 SSBFabc 74065.8
projection_data.dat 6 2027 SSBFofl 64807.6
projection_data.dat 6 2027 SSBLCI 49390.8
projection_data.dat 6 2027 SSBUCI 63576.2
projection_data.dat 6 2027 SSBMedian 52942.8
projection_data.dat 6 2027 SSBMean 54379.8
projection_data.dat 6 2028 SSBF100 185165
projection_data.dat 6 2028 SSBFabc 74065.8
projection_data.dat 6 2028 SSBFofl 64807.6
projection_data.dat 6 2028 SSBLCI 45988.1
projection_data.dat 6 2028 SSBUCI 71669.8
projection_data.dat 6 2028 SSBMedian 53062.4
projection_data.dat 6 2028 SSBMean 55281.2
projection_data.dat 6 2029 SSBF100 185165
projection_data.dat 6 2029 SSBFabc 74065.8
projection_data.dat 6 2029 SSBFofl 64807.6
projection_data.dat 6 2029 SSBLCI 43836.4
projection_data.dat 6 2029 SSBUCI 82415.9
projection_data.dat 6 2029 SSBMedian 55579
projection_data.dat 6 2029 SSBMean 58495.4
projection_data.dat 6 2030 SSBF100 185165
projection_data.dat 6 2030 SSBFabc 74065.8
projection_data.dat 6 2030 SSBFofl 64807.6
projection_data.dat 6 2030 SSBLCI 42907.3
projection_data.dat 6 2030 SSBUCI 91401.6
projection_data.dat 6 2030 SSBMedian 59195
projection_data.dat 6 2030 SSBMean 62475
projection_data.dat 6 2031 SSBF100 185165
projection_data.dat 6 2031 SSBFabc 74065.8
projection_data.dat 6 2031 SSBFofl 64807.6
projection_data.dat 6 2031 SSBLCI 42855.2
projection_data.dat 6 2031 SSBUCI 98256.2
projection_data.dat 6 2031 SSBMedian 62895.2
projection_data.dat 6 2031 SSBMean 65832.2
projection_data.dat 6 2032 SSBF100 185165
projection_data.dat 6 2032 SSBFabc 74065.8
projection_data.dat 6 2032 SSBFofl 64807.6
projection_data.dat 6 2032 SSBLCI 44299.1
projection_data.dat 6 2032 SSBUCI 102009
projection_data.dat 6 2032 SSBMedian 64631.5
projection_data.dat 6 2032 SSBMean 68074
projection_data.dat 6 2033 SSBF100 185165
projection_data.dat 6 2033 SSBFabc 74065.8
projection_data.dat 6 2033 SSBFofl 64807.6
projection_data.dat 6 2033 SSBLCI 44772.3
projection_data.dat 6 2033 SSBUCI 104311
projection_data.dat 6 2033 SSBMedian 65679.6
projection_data.dat 6 2033 SSBMean 69337.2
projection_data.dat 6 2034 SSBF100 185165
projection_data.dat 6 2034 SSBFabc 74065.8
projection_data.dat 6 2034 SSBFofl 64807.6
projection_data.dat 6 2034 SSBLCI 44215
projection_data.dat 6 2034 SSBUCI 108231
projection_data.dat 6 2034 SSBMedian 65673.3
projection_data.dat 6 2034 SSBMean 69920.4
projection_data.dat 6 2035 SSBF100 185165
projection_data.dat 6 2035 SSBFabc 74065.8
projection_data.dat 6 2035 SSBFofl 64807.6
projection_data.dat 6 2035 SSBLCI 44894.1
projection_data.dat 6 2035 SSBUCI 109451
projection_data.dat 6 2035 SSBMedian 65694.3
projection_data.dat 6 2035 SSBMean 70069.8
projection_data.dat 6 2036 SSBF100 185165
projection_data.dat 6 2036 SSBFabc 74065.8
projection_data.dat 6 2036 SSBFofl 64807.6
projection_data.dat 6 2036 SSBLCI 45939.8
projection_data.dat 6 2036 SSBUCI 110771
projection_data.dat 6 2036 SSBMedian 65148
projection_data.dat 6 2036 SSBMean 69977.3
projection_data.dat 6 2022 F0 0 
projection_data.dat 6 2022 Fabc 0.288462
projection_data.dat 6 2022 Fofl 0.361865
projection_data.dat 6 2022  F_LCI 0.00375902
projection_data.dat 6 2022  F_UCI 0.00375902
projection_data.dat 6 2022  F_Median 0.00375902
projection_data.dat 6 2022  F_Mean 0.00375902
projection_data.dat 6 2023 F0 0 
projection_data.dat 6 2023 Fabc 0.288462
projection_data.dat 6 2023 Fofl 0.361865
projection_data.dat 6 2023  F_LCI 0.361864
projection_data.dat 6 2023  F_UCI 0.361864
projection_data.dat 6 2023  F_Median 0.361864
projection_data.dat 6 2023  F_Mean 0.361864
projection_data.dat 6 2024 F0 0 
projection_data.dat 6 2024 Fabc 0.288462
projection_data.dat 6 2024 Fofl 0.361865
projection_data.dat 6 2024  F_LCI 0.361864
projection_data.dat 6 2024  F_UCI 0.361864
projection_data.dat 6 2024  F_Median 0.361864
projection_data.dat 6 2024  F_Mean 0.361864
projection_data.dat 6 2025 F0 0 
projection_data.dat 6 2025 Fabc 0.288462
projection_data.dat 6 2025 Fofl 0.361865
projection_data.dat 6 2025  F_LCI 0.29666
projection_data.dat 6 2025  F_UCI 0.310798
projection_data.dat 6 2025  F_Median 0.29984
projection_data.dat 6 2025  F_Mean 0.301395
projection_data.dat 6 2026 F0 0 
projection_data.dat 6 2026 Fabc 0.288462
projection_data.dat 6 2026 Fofl 0.361865
projection_data.dat 6 2026  F_LCI 0.260034
projection_data.dat 6 2026  F_UCI 0.293617
projection_data.dat 6 2026  F_Median 0.268181
projection_data.dat 6 2026  F_Mean 0.271698
projection_data.dat 6 2027 F0 0 
projection_data.dat 6 2027 Fabc 0.288462
projection_data.dat 6 2027 Fofl 0.361865
projection_data.dat 6 2027  F_LCI 0.234965
projection_data.dat 6 2027  F_UCI 0.307918
projection_data.dat 6 2027  F_Median 0.253232
projection_data.dat 6 2027  F_Mean 0.260392
projection_data.dat 6 2028 F0 0 
projection_data.dat 6 2028 Fabc 0.288462
projection_data.dat 6 2028 Fofl 0.361865
projection_data.dat 6 2028  F_LCI 0.217465
projection_data.dat 6 2028  F_UCI 0.349542
projection_data.dat 6 2028  F_Median 0.253847
projection_data.dat 6 2028  F_Mean 0.263575
projection_data.dat 6 2029 F0 0 
projection_data.dat 6 2029 Fabc 0.288462
projection_data.dat 6 2029 Fofl 0.361865
projection_data.dat 6 2029  F_LCI 0.206399
projection_data.dat 6 2029  F_UCI 0.361865
projection_data.dat 6 2029  F_Median 0.266789
projection_data.dat 6 2029  F_Mean 0.275422
projection_data.dat 6 2030 F0 0 
projection_data.dat 6 2030 Fabc 0.288462
projection_data.dat 6 2030 Fofl 0.361865
projection_data.dat 6 2030  F_LCI 0.201621
projection_data.dat 6 2030  F_UCI 0.361865
projection_data.dat 6 2030  F_Median 0.285386
projection_data.dat 6 2030  F_Mean 0.288629
projection_data.dat 6 2031 F0 0 
projection_data.dat 6 2031 Fabc 0.288462
projection_data.dat 6 2031 Fofl 0.361865
projection_data.dat 6 2031  F_LCI 0.201353
projection_data.dat 6 2031  F_UCI 0.361865
projection_data.dat 6 2031  F_Median 0.304416
projection_data.dat 6 2031  F_Mean 0.298526
projection_data.dat 6 2032 F0 0 
projection_data.dat 6 2032 Fabc 0.288462
projection_data.dat 6 2032 Fofl 0.361865
projection_data.dat 6 2032  F_LCI 0.208779
projection_data.dat 6 2032  F_UCI 0.361865
projection_data.dat 6 2032  F_Median 0.313345
projection_data.dat 6 2032  F_Mean 0.304684
projection_data.dat 6 2033 F0 0 
projection_data.dat 6 2033 Fabc 0.288462
projection_data.dat 6 2033 Fofl 0.361865
projection_data.dat 6 2033  F_LCI 0.211212
projection_data.dat 6 2033  F_UCI 0.361865
projection_data.dat 6 2033  F_Median 0.318736
projection_data.dat 6 2033  F_Mean 0.307878
projection_data.dat 6 2034 F0 0 
projection_data.dat 6 2034 Fabc 0.288462
projection_data.dat 6 2034 Fofl 0.361865
projection_data.dat 6 2034  F_LCI 0.208346
projection_data.dat 6 2034  F_UCI 0.361865
projection_data.dat 6 2034  F_Median 0.318703
projection_data.dat 6 2034  F_Mean 0.309255
projection_data.dat 6 2035 F0 0 
projection_data.dat 6 2035 Fabc 0.288462
projection_data.dat 6 2035 Fofl 0.361865
projection_data.dat 6 2035  F_LCI 0.211839
projection_data.dat 6 2035  F_UCI 0.361865
projection_data.dat 6 2035  F_Median 0.318811
projection_data.dat 6 2035  F_Mean 0.309661
projection_data.dat 6 2036 F0 0 
projection_data.dat 6 2036 Fabc 0.288462
projection_data.dat 6 2036 Fofl 0.361865
projection_data.dat 6 2036  F_LCI 0.217217
projection_data.dat 6 2036  F_UCI 0.361865
projection_data.dat 6 2036  F_Median 0.316001
projection_data.dat 6 2036  F_Mean 0.309567
projection_data.dat 7 2022 Cabc 33623.1
projection_data.dat 7 2022 Cofl 36557.9
projection_data.dat 7 2022 CLCI 564
projection_data.dat 7 2022 CUCI 564
projection_data.dat 7 2022 CMedian 564
projection_data.dat 7 2022 CMean 564
projection_data.dat 7 2022 CStdn 2.38742e-12
projection_data.dat 7 2023 Cabc 33623.1
projection_data.dat 7 2023 Cofl 36557.9
projection_data.dat 7 2023 CLCI 39496.5
projection_data.dat 7 2023 CUCI 39564.3
projection_data.dat 7 2023 CMedian 39507.8
projection_data.dat 7 2023 CMean 39516.4
projection_data.dat 7 2023 CStdn 25.7486
projection_data.dat 7 2024 Cabc 33623.1
projection_data.dat 7 2024 Cofl 36557.9
projection_data.dat 7 2024 CLCI 32856.5
projection_data.dat 7 2024 CUCI 33208.7
projection_data.dat 7 2024 CMedian 32927.2
projection_data.dat 7 2024 CMean 32968.5
projection_data.dat 7 2024 CStdn 131.988
projection_data.dat 7 2025 Cabc 33623.1
projection_data.dat 7 2025 Cofl 36557.9
projection_data.dat 7 2025 CLCI 31527.6
projection_data.dat 7 2025 CUCI 34248.4
projection_data.dat 7 2025 CMedian 32115
projection_data.dat 7 2025 CMean 32416.3
projection_data.dat 7 2025 CStdn 978.754
projection_data.dat 7 2026 Cabc 33623.1
projection_data.dat 7 2026 Cofl 36557.9
projection_data.dat 7 2026 CLCI 22941.3
projection_data.dat 7 2026 CUCI 28912.4
projection_data.dat 7 2026 CMedian 24301.7
projection_data.dat 7 2026 CMean 24961.4
projection_data.dat 7 2026 CStdn 2190.19
projection_data.dat 7 2027 Cabc 33623.1
projection_data.dat 7 2027 Cofl 36557.9
projection_data.dat 7 2027 CLCI 18158.2
projection_data.dat 7 2027 CUCI 30823.6
projection_data.dat 7 2027 CMedian 20982
projection_data.dat 7 2027 CMean 22365.4
projection_data.dat 7 2027 CStdn 4431.82
projection_data.dat 7 2028 Cabc 33623.1
projection_data.dat 7 2028 Cofl 36557.9
projection_data.dat 7 2028 CLCI 15264.7
projection_data.dat 7 2028 CUCI 39061.8
projection_data.dat 7 2028 CMedian 20646.2
projection_data.dat 7 2028 CMean 22858.7
projection_data.dat 7 2028 CStdn 7436.95
projection_data.dat 7 2029 Cabc 33623.1
projection_data.dat 7 2029 Cofl 36557.9
projection_data.dat 7 2029 CLCI 13658
projection_data.dat 7 2029 CUCI 44754.3
projection_data.dat 7 2029 CMedian 22517.4
projection_data.dat 7 2029 CMean 25284.8
projection_data.dat 7 2029 CStdn 10229.1
projection_data.dat 7 2030 Cabc 33623.1
projection_data.dat 7 2030 Cofl 36557.9
projection_data.dat 7 2030 CLCI 13123.4
projection_data.dat 7 2030 CUCI 50018.9
projection_data.dat 7 2030 CMedian 25453.6
projection_data.dat 7 2030 CMean 28209.1
projection_data.dat 7 2030 CStdn 12074.7
projection_data.dat 7 2031 Cabc 33623.1
projection_data.dat 7 2031 Cofl 36557.9
projection_data.dat 7 2031 CLCI 13062.7
projection_data.dat 7 2031 CUCI 52660.5
projection_data.dat 7 2031 CMedian 28563.5
projection_data.dat 7 2031 CMean 30518.9
projection_data.dat 7 2031 CStdn 13039
projection_data.dat 7 2032 Cabc 33623.1
projection_data.dat 7 2032 Cofl 36557.9
projection_data.dat 7 2032 CLCI 14000.1
projection_data.dat 7 2032 CUCI 54475.1
projection_data.dat 7 2032 CMedian 29992.6
projection_data.dat 7 2032 CMean 31948
projection_data.dat 7 2032 CStdn 13580.4
projection_data.dat 7 2033 Cabc 33623.1
projection_data.dat 7 2033 Cofl 36557.9
projection_data.dat 7 2033 CLCI 14184.9
projection_data.dat 7 2033 CUCI 54852.5
projection_data.dat 7 2033 CMedian 30777.1
projection_data.dat 7 2033 CMean 32669.3
projection_data.dat 7 2033 CStdn 13833.8
projection_data.dat 7 2034 Cabc 33623.1
projection_data.dat 7 2034 Cofl 36557.9
projection_data.dat 7 2034 CLCI 13889.2
projection_data.dat 7 2034 CUCI 56845.1
projection_data.dat 7 2034 CMedian 30888.6
projection_data.dat 7 2034 CMean 32942.2
projection_data.dat 7 2034 CStdn 13813.4
projection_data.dat 7 2035 Cabc 33623.1
projection_data.dat 7 2035 Cofl 36557.9
projection_data.dat 7 2035 CLCI 14217
projection_data.dat 7 2035 CUCI 58019.9
projection_data.dat 7 2035 CMedian 30802.7
projection_data.dat 7 2035 CMean 32949.8
projection_data.dat 7 2035 CStdn 13648.2
projection_data.dat 7 2036 Cabc 33623.1
projection_data.dat 7 2036 Cofl 36557.9
projection_data.dat 7 2036 CLCI 14845
projection_data.dat 7 2036 CUCI 59377.9
projection_data.dat 7 2036 CMedian 30232.8
projection_data.dat 7 2036 CMean 32836.9
projection_data.dat 7 2036 CStdn 13613.3
projection_data.dat 7 2022 SSBF100 185165
projection_data.dat 7 2022 SSBFabc 74065.8
projection_data.dat 7 2022 SSBFofl 64807.6
projection_data.dat 7 2022 SSBLCI 91834.4
projection_data.dat 7 2022 SSBUCI 91834.4
projection_data.dat 7 2022 SSBMedian 91834.4
projection_data.dat 7 2022 SSBMean 91834.4
projection_data.dat 7 2023 SSBF100 185165
projection_data.dat 7 2023 SSBFabc 74065.8
projection_data.dat 7 2023 SSBFofl 64807.6
projection_data.dat 7 2023 SSBLCI 94092.3
projection_data.dat 7 2023 SSBUCI 94301
projection_data.dat 7 2023 SSBMedian 94127.1
projection_data.dat 7 2023 SSBMean 94153.8
projection_data.dat 7 2024 SSBF100 185165
projection_data.dat 7 2024 SSBFabc 74065.8
projection_data.dat 7 2024 SSBFofl 64807.6
projection_data.dat 7 2024 SSBLCI 78330.9
projection_data.dat 7 2024 SSBUCI 79237
projection_data.dat 7 2024 SSBMedian 78511.4
projection_data.dat 7 2024 SSBMean 78615.6
projection_data.dat 7 2025 SSBF100 185165
projection_data.dat 7 2025 SSBFabc 74065.8
projection_data.dat 7 2025 SSBFofl 64807.6
projection_data.dat 7 2025 SSBLCI 67305.9
projection_data.dat 7 2025 SSBUCI 70057.7
projection_data.dat 7 2025 SSBMedian 67924.9
projection_data.dat 7 2025 SSBMean 68227.4
projection_data.dat 7 2026 SSBF100 185165
projection_data.dat 7 2026 SSBFabc 74065.8
projection_data.dat 7 2026 SSBFofl 64807.6
projection_data.dat 7 2026 SSBLCI 57257.1
projection_data.dat 7 2026 SSBUCI 63750.9
projection_data.dat 7 2026 SSBMedian 58832.2
projection_data.dat 7 2026 SSBMean 59523.4
projection_data.dat 7 2027 SSBF100 185165
projection_data.dat 7 2027 SSBFabc 74065.8
projection_data.dat 7 2027 SSBFofl 64807.6
projection_data.dat 7 2027 SSBLCI 50942.1
projection_data.dat 7 2027 SSBUCI 65061.7
projection_data.dat 7 2027 SSBMedian 54478.1
projection_data.dat 7 2027 SSBMean 55905.8
projection_data.dat 7 2028 SSBF100 185165
projection_data.dat 7 2028 SSBFabc 74065.8
projection_data.dat 7 2028 SSBFofl 64807.6
projection_data.dat 7 2028 SSBLCI 46783.9
projection_data.dat 7 2028 SSBUCI 72357.6
projection_data.dat 7 2028 SSBMedian 53826.4
projection_data.dat 7 2028 SSBMean 56030.6
projection_data.dat 7 2029 SSBF100 185165
projection_data.dat 7 2029 SSBFabc 74065.8
projection_data.dat 7 2029 SSBFofl 64807.6
projection_data.dat 7 2029 SSBLCI 44222.2
projection_data.dat 7 2029 SSBUCI 82636
projection_data.dat 7 2029 SSBMedian 55888.1
projection_data.dat 7 2029 SSBMean 58827.6
projection_data.dat 7 2030 SSBF100 185165
projection_data.dat 7 2030 SSBFabc 74065.8
projection_data.dat 7 2030 SSBFofl 64807.6
projection_data.dat 7 2030 SSBLCI 43097.8
projection_data.dat 7 2030 SSBUCI 91495.2
projection_data.dat 7 2030 SSBMedian 59306.9
projection_data.dat 7 2030 SSBMean 62592.3
projection_data.dat 7 2031 SSBF100 185165
projection_data.dat 7 2031 SSBFabc 74065.8
projection_data.dat 7 2031 SSBFofl 64807.6
projection_data.dat 7 2031 SSBLCI 42918.5
projection_data.dat 7 2031 SSBUCI 98361.8
projection_data.dat 7 2031 SSBMedian 62909.5
projection_data.dat 7 2031 SSBMean 65851.9
projection_data.dat 7 2032 SSBF100 185165
projection_data.dat 7 2032 SSBFabc 74065.8
projection_data.dat 7 2032 SSBFofl 64807.6
projection_data.dat 7 2032 SSBLCI 44319.6
projection_data.dat 7 2032 SSBUCI 101992
projection_data.dat 7 2032 SSBMedian 64615.5
projection_data.dat 7 2032 SSBMean 68058.6
projection_data.dat 7 2033 SSBF100 185165
projection_data.dat 7 2033 SSBFabc 74065.8
projection_data.dat 7 2033 SSBFofl 64807.6
projection_data.dat 7 2033 SSBLCI 44756.3
projection_data.dat 7 2033 SSBUCI 104280
projection_data.dat 7 2033 SSBMedian 65649.8
projection_data.dat 7 2033 SSBMean 69315.5
projection_data.dat 7 2034 SSBF100 185165
projection_data.dat 7 2034 SSBFabc 74065.8
projection_data.dat 7 2034 SSBFofl 64807.6
projection_data.dat 7 2034 SSBLCI 44200.1
projection_data.dat 7 2034 SSBUCI 108206
projection_data.dat 7 2034 SSBMedian 65661
projection_data.dat 7 2034 SSBMean 69902.7
projection_data.dat 7 2035 SSBF100 185165
projection_data.dat 7 2035 SSBFabc 74065.8
projection_data.dat 7 2035 SSBFofl 64807.6
projection_data.dat 7 2035 SSBLCI 44884.7
projection_data.dat 7 2035 SSBUCI 109442
projection_data.dat 7 2035 SSBMedian 65686.5
projection_data.dat 7 2035 SSBMean 70058
projection_data.dat 7 2036 SSBF100 185165
projection_data.dat 7 2036 SSBFabc 74065.8
projection_data.dat 7 2036 SSBFofl 64807.6
projection_data.dat 7 2036 SSBLCI 45934.8
projection_data.dat 7 2036 SSBUCI 110766
projection_data.dat 7 2036 SSBMedian 65144.1
projection_data.dat 7 2036 SSBMean 69970.3
projection_data.dat 7 2022 F0 0 
projection_data.dat 7 2022 Fabc 0.288462
projection_data.dat 7 2022 Fofl 0.361865
projection_data.dat 7 2022  F_LCI 0.00375902
projection_data.dat 7 2022  F_UCI 0.00375902
projection_data.dat 7 2022  F_Median 0.00375902
projection_data.dat 7 2022  F_Mean 0.00375902
projection_data.dat 7 2023 F0 0 
projection_data.dat 7 2023 Fabc 0.288462
projection_data.dat 7 2023 Fofl 0.361865
projection_data.dat 7 2023  F_LCI 0.288462
projection_data.dat 7 2023  F_UCI 0.288462
projection_data.dat 7 2023  F_Median 0.288462
projection_data.dat 7 2023  F_Mean 0.288462
projection_data.dat 7 2024 F0 0 
projection_data.dat 7 2024 Fabc 0.288462
projection_data.dat 7 2024 Fofl 0.361865
projection_data.dat 7 2024  F_LCI 0.288462
projection_data.dat 7 2024  F_UCI 0.288462
projection_data.dat 7 2024  F_Median 0.288462
projection_data.dat 7 2024  F_Mean 0.288462
projection_data.dat 7 2025 F0 0 
projection_data.dat 7 2025 Fabc 0.288462
projection_data.dat 7 2025 Fofl 0.361865
projection_data.dat 7 2025  F_LCI 0.327099
projection_data.dat 7 2025  F_UCI 0.341251
projection_data.dat 7 2025  F_Median 0.330283
projection_data.dat 7 2025  F_Mean 0.331808
projection_data.dat 7 2026 F0 0 
projection_data.dat 7 2026 Fabc 0.288462
projection_data.dat 7 2026 Fofl 0.361865
projection_data.dat 7 2026  F_LCI 0.27542
projection_data.dat 7 2026  F_UCI 0.308817
projection_data.dat 7 2026  F_Median 0.28352
projection_data.dat 7 2026  F_Mean 0.287005
projection_data.dat 7 2027 F0 0 
projection_data.dat 7 2027 Fabc 0.288462
projection_data.dat 7 2027 Fofl 0.361865
projection_data.dat 7 2027  F_LCI 0.242943
projection_data.dat 7 2027  F_UCI 0.315558
projection_data.dat 7 2027  F_Median 0.261128
projection_data.dat 7 2027  F_Mean 0.26818
projection_data.dat 7 2028 F0 0 
projection_data.dat 7 2028 Fabc 0.288462
projection_data.dat 7 2028 Fofl 0.361865
projection_data.dat 7 2028  F_LCI 0.221557
projection_data.dat 7 2028  F_UCI 0.353079
projection_data.dat 7 2028  F_Median 0.257776
projection_data.dat 7 2028  F_Mean 0.267278
projection_data.dat 7 2029 F0 0 
projection_data.dat 7 2029 Fabc 0.288462
projection_data.dat 7 2029 Fofl 0.361865
projection_data.dat 7 2029  F_LCI 0.208383
projection_data.dat 7 2029  F_UCI 0.361865
projection_data.dat 7 2029  F_Median 0.268379
projection_data.dat 7 2029  F_Mean 0.27698
projection_data.dat 7 2030 F0 0 
projection_data.dat 7 2030 Fabc 0.288462
projection_data.dat 7 2030 Fofl 0.361865
projection_data.dat 7 2030  F_LCI 0.202601
projection_data.dat 7 2030  F_UCI 0.361865
projection_data.dat 7 2030  F_Median 0.285961
projection_data.dat 7 2030  F_Mean 0.289153
projection_data.dat 7 2031 F0 0 
projection_data.dat 7 2031 Fabc 0.288462
projection_data.dat 7 2031 Fofl 0.361865
projection_data.dat 7 2031  F_LCI 0.201678
projection_data.dat 7 2031  F_UCI 0.361865
projection_data.dat 7 2031  F_Median 0.304489
projection_data.dat 7 2031  F_Mean 0.298628
projection_data.dat 7 2032 F0 0 
projection_data.dat 7 2032 Fabc 0.288462
projection_data.dat 7 2032 Fofl 0.361865
projection_data.dat 7 2032  F_LCI 0.208884
projection_data.dat 7 2032  F_UCI 0.361865
projection_data.dat 7 2032  F_Median 0.313263
projection_data.dat 7 2032  F_Mean 0.304647
projection_data.dat 7 2033 F0 0 
projection_data.dat 7 2033 Fabc 0.288462
projection_data.dat 7 2033 Fofl 0.361865
projection_data.dat 7 2033  F_LCI 0.21113
projection_data.dat 7 2033  F_UCI 0.361865
projection_data.dat 7 2033  F_Median 0.318582
projection_data.dat 7 2033  F_Mean 0.307815
projection_data.dat 7 2034 F0 0 
projection_data.dat 7 2034 Fabc 0.288462
projection_data.dat 7 2034 Fofl 0.361865
projection_data.dat 7 2034  F_LCI 0.208269
projection_data.dat 7 2034  F_UCI 0.361865
projection_data.dat 7 2034  F_Median 0.31864
projection_data.dat 7 2034  F_Mean 0.309203
projection_data.dat 7 2035 F0 0 
projection_data.dat 7 2035 Fabc 0.288462
projection_data.dat 7 2035 Fofl 0.361865
projection_data.dat 7 2035  F_LCI 0.21179
projection_data.dat 7 2035  F_UCI 0.361865
projection_data.dat 7 2035  F_Median 0.318771
projection_data.dat 7 2035  F_Mean 0.309626
projection_data.dat 7 2036 F0 0 
projection_data.dat 7 2036 Fabc 0.288462
projection_data.dat 7 2036 Fofl 0.361865
projection_data.dat 7 2036  F_LCI 0.217191
projection_data.dat 7 2036  F_UCI 0.361865
projection_data.dat 7 2036  F_Median 0.315982
projection_data.dat 7 2036  F_Mean 0.309547
