Alternative 1 Catch
     projection_data.dat 
Equil_Fabc 16.8116 
Year 
2022 0.563647 
2023 0.598216 
2024 1.6106 
2025 1.6106 
2026 41.683 
2027 33.6152 
2028 27.6781 
2029 23.5748 
2030 20.8235 
2031 18.9697 
2032 17.7369 
2033 16.9106 
2034 16.3451 
2035 16.0036 
2036 15.8209 
2037 15.7391 
2038 15.7104 

Alternative 1 ABCs
     projection_data.dat 

Year 
2022 38.6377 
2023 39.5046 
2024 40.5029 
2025 41.2582 
2026 41.683 
2027 33.6152 
2028 27.6781 
2029 23.5748 
2030 20.8235 
2031 18.9697 
2032 17.7369 
2033 16.9106 
2034 16.3451 
2035 16.0036 
2036 15.8209 
2037 15.7391 
2038 15.7104 

Alternative 1 TACs
     projection_data.dat 

Year 
2022  NA 
2023  NA 
2024  NA 
2025  NA 
2026 41.683 
2027 33.6152 
2028 27.6781 
2029 23.5748 
2030 20.8235 
2031 18.9697 
2032 17.7369 
2033 16.9106 
2034 16.3451 
2035 16.0036 
2036 15.8209 
2037 15.7391 
2038 15.7104 

Alternative 1 Sp_Biomass
     projection_data.dat 
Equil_Fabc 37.0329 
Year 
2022 91.8344 
2023 94.1172 
2024 96.6044 
2025 98.4675 
2026 99.5623 
2027 80.6313 
2028 66.6401 
2029 56.7826 
2030 50.0012 
2031 45.3721 
2032 42.2707 
2033 40.2564 
2034 39.0004 
2035 38.2695 
2036 37.8748 
2037 37.6823 
2038 37.6052 

Alternative 1 Fishing Mortality
     projection_data.dat 
Equil_Fabc 0.288462 
Year 
2022 0.00375667 
2023 0.00390369 
2024 0.0102828 
2025 0.0100845 
2026 0.288462 
2027 0.288462 
2028 0.288462 
2029 0.288462 
2030 0.288462 
2031 0.288462 
2032 0.288348 
2033 0.287361 
2034 0.285441 
2035 0.283889 
2036 0.282957 
2037 0.282547 
2038 0.282381 

Alternative 1 Biomass
     projection_data.dat 

Year 
2022 292.385 
2023 294.305 
2024 294.616 
2025 292.639 
2026 289.919 
2027 249.094 
2028 220.759 
2029 201.663 
2030 189.059 
2031 180.803 
2032 175.604 
2033 172.386 
2034 170.59 
2035 169.629 
2036 169.191 
2037 168.97 
2038 168.81 

Alternative 1 Implied SPR rate 
     projection_data.dat 
Equil_Fabc 0.4 
Year 
2022 0.980178 
2023 0.979418 
2024 0.947547 
2025 0.948506 
2026 0.4 
2027 0.4 
2028 0.4 
2029 0.4 
2030 0.4 
2031 0.4 
2032 0.400092 
2033 0.400898 
2034 0.402481 
2035 0.403768 
2036 0.404543 
2037 0.404883 
2038 0.405018 

  projection_data.dat 
EquilAvgAgeF0  5.49174 
EquilAvgAgeFabc  3.86824 
AvgAgeYr2038 3.89809 
Alternative 2 Catch
     projection_data.dat 
Equil_Fabc 16.8116 
Year 
2022 0.563647 
2023 0.598216 
2024 1.6106 
2025 1.6106 
2026 41.683 
2027 33.6152 
2028 27.6781 
2029 23.5748 
2030 20.8235 
2031 18.9697 
2032 17.7369 
2033 16.9106 
2034 16.3451 
2035 16.0036 
2036 15.8209 
2037 15.7391 
2038 15.7104 

Alternative 2 ABCs
     projection_data.dat 

Year 
2022 38.6377 
2023 39.5046 
2024 40.5029 
2025 41.2582 
2026 41.683 
2027 33.6152 
2028 27.6781 
2029 23.5748 
2030 20.8235 
2031 18.9697 
2032 17.7369 
2033 16.9106 
2034 16.3451 
2035 16.0036 
2036 15.8209 
2037 15.7391 
2038 15.7104 

Alternative 2 TACs
     projection_data.dat 

Year 
2022  NA 
2023  NA 
2024  NA 
2025  NA 
2026 41.683 
2027 33.6152 
2028 27.6781 
2029 23.5748 
2030 20.8235 
2031 18.9697 
2032 17.7369 
2033 16.9106 
2034 16.3451 
2035 16.0036 
2036 15.8209 
2037 15.7391 
2038 15.7104 

Alternative 2 Sp_Biomass
     projection_data.dat 
Equil_Fabc 37.0329 
Year 
2022 91.8344 
2023 94.1172 
2024 96.6044 
2025 98.4675 
2026 99.5623 
2027 80.6313 
2028 66.6401 
2029 56.7826 
2030 50.0012 
2031 45.3721 
2032 42.2707 
2033 40.2564 
2034 39.0004 
2035 38.2695 
2036 37.8748 
2037 37.6823 
2038 37.6052 

Alternative 2 Fishing Mortality
     projection_data.dat 
Equil_Fabc 0.288462 
Year 
2022 0.00375667 
2023 0.00390369 
2024 0.0102828 
2025 0.0100845 
2026 0.288462 
2027 0.288462 
2028 0.288462 
2029 0.288462 
2030 0.288462 
2031 0.288462 
2032 0.288348 
2033 0.287361 
2034 0.285441 
2035 0.283889 
2036 0.282957 
2037 0.282547 
2038 0.282381 

Alternative 2 Biomass
     projection_data.dat 

Year 
2022 292.385 
2023 294.305 
2024 294.616 
2025 292.639 
2026 289.919 
2027 249.094 
2028 220.759 
2029 201.663 
2030 189.059 
2031 180.803 
2032 175.604 
2033 172.386 
2034 170.59 
2035 169.629 
2036 169.191 
2037 168.97 
2038 168.81 

Alternative 2 Implied SPR rate 
     projection_data.dat 
Equil_Fabc 0.4 
Year 
2022 0.980178 
2023 0.979418 
2024 0.947547 
2025 0.948506 
2026 0.4 
2027 0.4 
2028 0.4 
2029 0.4 
2030 0.4 
2031 0.4 
2032 0.400092 
2033 0.400898 
2034 0.402481 
2035 0.403768 
2036 0.404543 
2037 0.404883 
2038 0.405018 

  projection_data.dat 
EquilAvgAgeF0  5.49174 
EquilAvgAgeFabc  3.86824 
AvgAgeYr2038 3.89809 
Alternative 3 Catch
     projection_data.dat 
Equil_Fabc 16.8116 
Year 
2022 0.563647 
2023 0.598216 
2024 1.6106 
2025 1.6106 
2026 1.90386 
2027 1.90059 
2028 1.87794 
2029 1.84973 
2030 1.82362 
2031 1.79753 
2032 1.77187 
2033 1.74957 
2034 1.73083 
2035 1.71556 
2036 1.70344 
2037 1.69403 
2038 1.68682 

Alternative 3 ABCs
     projection_data.dat 

Year 
2022 1.76245 
2023 1.80025 
2024 1.84482 
2025 1.88094 
2026 1.90386 
2027 1.90059 
2028 1.87794 
2029 1.84973 
2030 1.82362 
2031 1.79753 
2032 1.77187 
2033 1.74957 
2034 1.73083 
2035 1.71556 
2036 1.70344 
2037 1.69403 
2038 1.68682 

Alternative 3 TACs
     projection_data.dat 

Year 
2022  NA 
2023  NA 
2024  NA 
2025  NA 
2026 1.90386 
2027 1.90059 
2028 1.87794 
2029 1.84973 
2030 1.82362 
2031 1.79753 
2032 1.77187 
2033 1.74957 
2034 1.73083 
2035 1.71556 
2036 1.70344 
2037 1.69403 
2038 1.68682 

Alternative 3 Sp_Biomass
     projection_data.dat 
Equil_Fabc 37.0329 
Year 
2022 91.8344 
2023 94.1172 
2024 96.6044 
2025 98.4675 
2026 99.5623 
2027 99.5252 
2028 98.8082 
2029 97.7415 
2030 96.4903 
2031 95.1678 
2032 93.8814 
2033 92.7046 
2034 91.6802 
2035 90.82 
2036 90.1177 
2037 89.5568 
2038 89.1184 

Alternative 3 Fishing Mortality
     projection_data.dat 
Equil_Fabc 0.288462 
Year 
2022 0.00375667 
2023 0.00390369 
2024 0.0102828 
2025 0.0100845 
2026 0.0117853 
2027 0.0117853 
2028 0.0117853 
2029 0.0117853 
2030 0.0117853 
2031 0.0117853 
2032 0.0117853 
2033 0.0117853 
2034 0.0117853 
2035 0.0117853 
2036 0.0117853 
2037 0.0117853 
2038 0.0117853 

Alternative 3 Biomass
     projection_data.dat 

Year 
2022 292.385 
2023 294.305 
2024 294.616 
2025 292.639 
2026 289.919 
2027 286.497 
2028 282.985 
2029 279.654 
2030 276.656 
2031 273.965 
2032 271.721 
2033 269.83 
2034 268.374 
2035 267.168 
2036 266.204 
2037 265.376 
2038 264.637 

Alternative 3 Implied SPR rate 
     projection_data.dat 
Equil_Fabc 0.4 
Year 
2022 0.980178 
2023 0.979418 
2024 0.947547 
2025 0.948506 
2026 0.94034 
2027 0.94034 
2028 0.94034 
2029 0.94034 
2030 0.94034 
2031 0.94034 
2032 0.94034 
2033 0.94034 
2034 0.94034 
2035 0.94034 
2036 0.94034 
2037 0.94034 
2038 0.94034 

  projection_data.dat 
EquilAvgAgeF0  5.49174 
EquilAvgAgeFabc  3.86824 
AvgAgeYr2038 5.4075 
Alternative 4 Catch
     projection_data.dat 
Equil_Fabc 16.8116 
Year 
2022 0.563647 
2023 0.598216 
2024 1.6106 
2025 1.6106 
2026 9.81818 
2027 9.42018 
2028 8.98315 
2029 8.58155 
2030 8.2449 
2031 7.95497 
2032 7.70739 
2033 7.50817 
2034 7.35117 
2035 7.22984 
2036 7.13777 
2037 7.06902 
2038 7.01829 

Alternative 4 ABCs
     projection_data.dat 

Year 
2022 9.09097 
2023 9.28759 
2024 9.51851 
2025 9.70334 
2026 9.81818 
2027 9.42018 
2028 8.98315 
2029 8.58155 
2030 8.2449 
2031 7.95497 
2032 7.70739 
2033 7.50817 
2034 7.35117 
2035 7.22984 
2036 7.13777 
2037 7.06902 
2038 7.01829 

Alternative 4 TACs
     projection_data.dat 

Year 
2022  NA 
2023  NA 
2024  NA 
2025  NA 
2026 9.81818 
2027 9.42018 
2028 8.98315 
2029 8.58155 
2030 8.2449 
2031 7.95497 
2032 7.70739 
2033 7.50817 
2034 7.35117 
2035 7.22984 
2036 7.13777 
2037 7.06902 
2038 7.01829 

Alternative 4 Sp_Biomass
     projection_data.dat 
Equil_Fabc 37.0329 
Year 
2022 91.8344 
2023 94.1172 
2024 96.6044 
2025 98.4675 
2026 99.5623 
2027 95.7399 
2028 91.7545 
2029 87.9978 
2030 84.6109 
2031 81.63 
2032 79.084 
2033 76.9781 
2034 75.2826 
2035 73.948 
2036 72.9171 
2037 72.1333 
2038 71.5473 

Alternative 4 Fishing Mortality
     projection_data.dat 
Equil_Fabc 0.288462 
Year 
2022 0.00375667 
2023 0.00390369 
2024 0.0102828 
2025 0.0100845 
2026 0.0620477 
2027 0.0620477 
2028 0.0620477 
2029 0.0620477 
2030 0.0620477 
2031 0.0620477 
2032 0.0620477 
2033 0.0620477 
2034 0.0620477 
2035 0.0620477 
2036 0.0620477 
2037 0.0620477 
2038 0.0620477 

Alternative 4 Biomass
     projection_data.dat 

Year 
2022 292.385 
2023 294.305 
2024 294.616 
2025 292.639 
2026 289.919 
2027 279.039 
2028 269.461 
2029 261.339 
2030 254.636 
2031 249.123 
2032 244.768 
2033 241.333 
2034 238.764 
2035 236.769 
2036 235.256 
2037 234.05 
2038 233.057 

Alternative 4 Implied SPR rate 
     projection_data.dat 
Equil_Fabc 0.4 
Year 
2022 0.980178 
2023 0.979418 
2024 0.947547 
2025 0.948506 
2026 0.75 
2027 0.75 
2028 0.75 
2029 0.75 
2030 0.75 
2031 0.75 
2032 0.75 
2033 0.75 
2034 0.75 
2035 0.75 
2036 0.75 
2037 0.75 
2038 0.75 

  projection_data.dat 
EquilAvgAgeF0  5.49174 
EquilAvgAgeFabc  3.86824 
AvgAgeYr2038 4.90172 
Alternative 5 Catch
     projection_data.dat 
Equil_Fabc 16.8116 
Year 
2022 0.563647 
2023 0.598216 
2024 1.6106 
2025 1.6106 
2026  NA 
2027  NA 
2028  NA 
2029  NA 
2030  NA 
2031  NA 
2032  NA 
2033  NA 
2034  NA 
2035  NA 
2036  NA 
2037  NA 
2038  NA 

Alternative 5 ABCs
     projection_data.dat 

Year 
2022  NA 
2023  NA 
2024  NA 
2025  NA 
2026  NA 
2027  NA 
2028  NA 
2029  NA 
2030  NA 
2031  NA 
2032  NA 
2033  NA 
2034  NA 
2035  NA 
2036  NA 
2037  NA 
2038  NA 

Alternative 5 TACs
     projection_data.dat 

Year 
2022  NA 
2023  NA 
2024  NA 
2025  NA 
2026  NA 
2027  NA 
2028  NA 
2029  NA 
2030  NA 
2031  NA 
2032  NA 
2033  NA 
2034  NA 
2035  NA 
2036  NA 
2037  NA 
2038  NA 

Alternative 5 Sp_Biomass
     projection_data.dat 
Equil_Fabc 37.0329 
Year 
2022 91.8344 
2023 94.1172 
2024 96.6044 
2025 98.4675 
2026 99.5623 
2027 100.437 
2028 100.554 
2029 100.217 
2030 99.5816 
2031 98.7707 
2032 97.9024 
2033 97.0606 
2034 96.3013 
2035 95.6492 
2036 95.1093 
2037 94.6745 
2038 94.3338 

Alternative 5 Fishing Mortality
     projection_data.dat 
Equil_Fabc 0.288462 
Year 
2022 0.00375667 
2023 0.00390369 
2024 0.0102828 
2025 0.0100845 
2026  NA 
2027  NA 
2028  NA 
2029  NA 
2030  NA 
2031  NA 
2032  NA 
2033  NA 
2034  NA 
2035  NA 
2036  NA 
2037  NA 
2038  NA 

Alternative 5 Biomass
     projection_data.dat 

Year 
2022 292.385 
2023 294.305 
2024 294.616 
2025 292.639 
2026 289.919 
2027 288.292 
2028 286.325 
2029 284.29 
2030 282.361 
2031 280.543 
2032 279.002 
2033 277.67 
2034 276.656 
2035 275.796 
2036 275.103 
2037 274.486 
2038 273.912 

Alternative 5 Implied SPR rate 
     projection_data.dat 
Equil_Fabc 0.4 
Year 
2022 0.980178 
2023 0.979418 
2024 0.947547 
2025 0.948506 
2026 1 
2027 1 
2028 1 
2029 1 
2030 1 
2031 1 
2032 1 
2033 1 
2034 1 
2035 1 
2036 1 
2037 1 
2038 1 

  projection_data.dat 
EquilAvgAgeF0  5.49174 
EquilAvgAgeFabc  3.86824 
AvgAgeYr2038 5.55454 
Alternative 6 Catch
     projection_data.dat 
Equil_Fabc 16.8116 
Year 
2022 0.563647 
2023 48.1906 
2024 38.1316 
2025 31.5815 
2026 26.9522 
2027 23.5286 
2028 21.128 
2029 19.4649 
2030 17.9667 
2031 17.0143 
2032 16.5295 
2033 16.3478 
2034 16.3212 
2035 16.3558 
2036 16.4097 
2037 16.47 
2038 16.5213 

Alternative 6 ABCs
     projection_data.dat 

Year 
2022 47.1212 
2023 48.1906 
2024 38.1316 
2025 31.5815 
2026 26.9522 
2027 23.5286 
2028 21.128 
2029 19.4649 
2030 17.9667 
2031 17.0143 
2032 16.5295 
2033 16.3478 
2034 16.3212 
2035 16.3558 
2036 16.4097 
2037 16.47 
2038 16.5213 

Alternative 6 TACs
     projection_data.dat 

Year 
2022  NA 
2023 48.1906 
2024 38.1316 
2025 31.5815 
2026 26.9522 
2027 23.5286 
2028 21.128 
2029 19.4649 
2030 17.9667 
2031 17.0143 
2032 16.5295 
2033 16.3478 
2034 16.3212 
2035 16.3558 
2036 16.4097 
2037 16.47 
2038 16.5213 

Alternative 6 Sp_Biomass
     projection_data.dat 
Equil_Fabc 37.0329 
Year 
2022 91.8344 
2023 94.1172 
2024 74.4357 
2025 61.6615 
2026 52.6752 
2027 45.9845 
2028 41.2414 
2029 38.0977 
2030 36.0579 
2031 34.8848 
2032 34.2853 
2033 34.0346 
2034 33.9661 
2035 33.9829 
2036 34.033 
2037 34.0904 
2038 34.143 

Alternative 6 Fishing Mortality
     projection_data.dat 
Equil_Fabc 0.288462 
Year 
2022 0.00375667 
2023 0.361864 
2024 0.361864 
2025 0.361864 
2026 0.361865 
2027 0.361865 
2028 0.361865 
2029 0.359356 
2030 0.347223 
2031 0.337532 
2032 0.332181 
2033 0.329983 
2034 0.329533 
2035 0.32975 
2036 0.330184 
2037 0.330772 
2038 0.331289 

Alternative 6 Biomass
     projection_data.dat 

Year 
2022 292.385 
2023 294.305 
2024 249.762 
2025 219.153 
2026 197.888 
2027 183.253 
2028 173.483 
2029 167.172 
2030 163.284 
2031 161.322 
2032 160.662 
2033 160.623 
2034 160.935 
2035 161.258 
2036 161.548 
2037 161.711 
2038 161.732 

Alternative 6 Implied SPR rate 
     projection_data.dat 
Equil_Fabc 0.4 
Year 
2022 0.980178 
2023 0.35 
2024 0.35 
2025 0.35 
2026 0.35 
2027 0.35 
2028 0.35 
2029 0.351517 
2030 0.359104 
2031 0.365382 
2032 0.368921 
2033 0.370389 
2034 0.370689 
2035 0.370535 
2036 0.370236 
2037 0.369846 
2038 0.369499 

  projection_data.dat 
EquilAvgAgeF0  5.49174 
EquilAvgAgeFabc  3.86824 
AvgAgeYr2038 3.79255 
Alternative 7 Catch
     projection_data.dat 
Equil_Fabc 16.8116 
Year 
2022 0.563647 
2023 39.5046 
2024 32.8954 
2025 34.6059 
2026 28.9492 
2027 24.8056 
2028 21.9191 
2029 20.0246 
2030 18.3899 
2031 17.2239 
2032 16.613 
2033 16.3716 
2034 16.3222 
2035 16.3506 
2036 16.4045 
2037 16.4665 
2038 16.5194 

Alternative 7 ABCs
     projection_data.dat 

Year 
2022 47.1212 
2023 48.1906 
2024 40.1658 
2025 34.6059 
2026 28.9492 
2027 24.8056 
2028 21.9191 
2029 20.0246 
2030 18.3899 
2031 17.2239 
2032 16.613 
2033 16.3716 
2034 16.3222 
2035 16.3506 
2036 16.4045 
2037 16.4665 
2038 16.5194 

Alternative 7 TACs
     projection_data.dat 

Year 
2022  NA 
2023 48.1906 
2024 40.1658 
2025 34.6059 
2026 28.9492 
2027 24.8056 
2028 21.9191 
2029 20.0246 
2030 18.3899 
2031 17.2239 
2032 16.613 
2033 16.3716 
2034 16.3222 
2035 16.3506 
2036 16.4045 
2037 16.4665 
2038 16.5194 

Alternative 7 Sp_Biomass
     projection_data.dat 
Equil_Fabc 37.0329 
Year 
2022 91.8344 
2023 94.1172 
2024 78.4276 
2025 67.5805 
2026 56.6097 
2027 48.5313 
2028 42.8447 
2029 39.0838 
2030 36.6193 
2031 35.1507 
2032 34.3943 
2033 34.0703 
2034 33.9722 
2035 33.9795 
2036 34.0283 
2037 34.0868 
2038 34.1409 

Alternative 7 Fishing Mortality
     projection_data.dat 
Equil_Fabc 0.288462 
Year 
2022 0.00375667 
2023 0.288462 
2024 0.288462 
2025 0.361864 
2026 0.361865 
2027 0.361865 
2028 0.361865 
2029 0.36118 
2030 0.350852 
2031 0.339633 
2032 0.333085 
2033 0.330263 
2034 0.329565 
2035 0.329709 
2036 0.330136 
2037 0.330738 
2038 0.33127 

Alternative 7 Biomass
     projection_data.dat 

Year 
2022 292.385 
2023 294.305 
2024 257.925 
2025 231.221 
2026 205.561 
2027 188.017 
2028 176.382 
2029 168.908 
2030 164.234 
2031 161.722 
2032 160.791 
2033 160.642 
2034 160.92 
2035 161.24 
2036 161.534 
2037 161.703 
2038 161.729 

Alternative 7 Implied SPR rate 
     projection_data.dat 
Equil_Fabc 0.4 
Year 
2022 0.980178 
2023 0.4 
2024 0.4 
2025 0.35 
2026 0.35 
2027 0.35 
2028 0.35 
2029 0.350412 
2030 0.356814 
2031 0.364019 
2032 0.368327 
2033 0.370205 
2034 0.37067 
2035 0.370563 
2036 0.370269 
2037 0.369869 
2038 0.369512 

  projection_data.dat 
EquilAvgAgeF0  5.49174 
EquilAvgAgeFabc  3.86824 
AvgAgeYr2038 3.79261 
