
SB0 SB40 SB35 MeanRec HarMeanRec Bnow
92.5823 37.0329 32.4038 187.143 177.422 91.8344 
CV Recruit
0.234076 
Alternative 1 Alternative  Stock: projection_data.dat
Catch projection_data.dat
Year C0 Cabc Cofl LowCI_Catch Median_Catch Mean_Catch UpperCI_Catch Stdev_Catch 
2022  0 16.8116 18.279 0.564 0.564 0.564 0.564 2.44249e-15 
2023  0 16.8116 18.279 0.47 0.47 0.47 0.47 2.96361e-11 
2024  0 16.8116 18.279 0.785999 0.785999 0.785999 0.785999 4.13009e-10 
2025  0 16.8116 18.279 1.108 1.108 1.108 1.108 4.27929e-09 
2026  0 16.8116 18.279 1.108 1.108 1.108 1.108 1.38733e-08 
2027  0 16.8116 18.279 41.4758 41.9249 41.9536 42.5157 0.330456 
2028  0 16.8116 18.279 32.5567 33.3631 33.3945 34.3427 0.57374 
2029  0 16.8116 18.279 26.1598 27.356 27.3943 28.7895 0.828446 
2030  0 16.8116 18.279 21.7652 23.2652 23.3287 25.0516 1.0297 
2031  0 16.8116 18.279 18.8092 20.5424 20.5859 22.5807 1.15353 
2032  0 16.8116 18.279 16.8906 18.7259 18.7705 20.8431 1.21573 
2033  0 16.8116 18.279 15.7005 17.5341 17.5993 19.8052 1.25976 
2034  0 16.8116 18.279 14.497 16.7905 16.8141 19.0007 1.35899 
2035  0 16.8116 18.279 13.6295 16.3514 16.3002 18.5049 1.44476 
2036  0 16.8116 18.279 13.3776 16.1005 15.992 18.3028 1.48364 
2037  0 16.8116 18.279 13.2932 15.9745 15.8318 18.0799 1.48554 
2038  0 16.8116 18.279 13.1904 15.8934 15.7588 18.0754 1.47324 

Spawning_Biomass projection_data.dat
Year SSB100 SSBabc SSBofl LowCI_SSB Median_SSB Mean_SSB UpperCI_SSB Stdev_SSB 
2022 92.5823 37.0329 32.4038 91.8344 91.8344 91.8344 91.8344 1.84741e-12 
2023 92.5823 37.0329 32.4038 94.1042 94.116 94.117 94.1332 0.0091336 
2024 92.5823 37.0329 32.4038 96.6116 96.6616 96.6649 96.7338 0.0378143 
2025 92.5823 37.0329 32.4038 98.7432 98.8986 98.911 99.1182 0.116693 
2026 92.5823 37.0329 32.4038 99.7731 100.171 100.203 100.722 0.297919 
2027 92.5823 37.0329 32.4038 99.5245 100.424 100.48 101.582 0.650709 
2028 92.5823 37.0329 32.4038 78.7 80.3545 80.4271 82.3566 1.17095 
2029 92.5823 37.0329 32.4038 63.4862 66.0271 66.1242 69.0984 1.76169 
2030 92.5823 37.0329 32.4038 52.815 56.0777 56.207 59.9474 2.25583 
2031 92.5823 37.0329 32.4038 45.5283 49.3283 49.4254 53.9053 2.57825 
2032 92.5823 37.0329 32.4038 40.6152 44.7661 44.8802 49.5673 2.75736 
2033 92.5823 37.0329 32.4038 37.5078 41.7603 41.9151 46.9112 2.83482 
2034 92.5823 37.0329 32.4038 35.7228 39.8291 40.029 44.8733 2.83863 
2035 92.5823 37.0329 32.4038 34.5961 38.6547 38.8816 43.5418 2.79131 
2036 92.5823 37.0329 32.4038 34.2064 38.0011 38.2243 43.0132 2.72937 
2037 92.5823 37.0329 32.4038 34.0957 37.5907 37.8754 42.5293 2.66306 
2038 92.5823 37.0329 32.4038 33.93 37.3709 37.7088 42.2679 2.60219 

Fishing_mortalityprojection_data.dat
Year F0 Fabc Fofl LowCI_F Median_F Mean_F UpperCI_F Stdev_F 
2022  0 0.288462 0.361865 0.00375902 0.00375902 0.00375902 0.00375902 1.77809e-17 
2023  0 0.288462 0.361865 0.0030656 0.003066 0.00306597 0.00306626 2.06114e-07 
2024  0 0.288462 0.361865 0.00500122 0.00500443 0.00500429 0.00500658 1.68593e-06 
2025  0 0.288462 0.361865 0.00688211 0.00689771 0.006897 0.00690847 8.18284e-06 
2026  0 0.288462 0.361865 0.00676176 0.00680251 0.00680036 0.00683182 2.19906e-05 
2027  0 0.288462 0.361865 0.288462 0.288462 0.288462 0.288462 1.11022e-15 
2028  0 0.288462 0.361865 0.288462 0.288462 0.288462 0.288462 1.11022e-15 
2029  0 0.288462 0.361865 0.288462 0.288462 0.288462 0.288462 1.11022e-15 
2030  0 0.288462 0.361865 0.288462 0.288462 0.288462 0.288462 1.11022e-15 
2031  0 0.288462 0.361865 0.288462 0.288462 0.288462 0.288462 1.11022e-15 
2032  0 0.288462 0.361865 0.288462 0.288462 0.288462 0.288462 1.11022e-15 
2033  0 0.288462 0.361865 0.288462 0.288462 0.288265 0.288462 0.00155394 
2034  0 0.288462 0.361865 0.27772 0.288462 0.287006 0.288462 0.00446339 
2035  0 0.288462 0.361865 0.268482 0.288462 0.285269 0.288462 0.00692183 
2036  0 0.288462 0.361865 0.265287 0.288462 0.283832 0.288462 0.0082281 
2037  0 0.288462 0.361865 0.264379 0.288462 0.283025 0.288462 0.00880723 
2038  0 0.288462 0.361865 0.263021 0.288462 0.282632 0.288462 0.00898772 

Total_Biomassprojection_data.dat
Year B100 Babc Bofl LowCI_Biom Median_Biom Mean_Biom UpperCI_Biom Stdev_Biom 
2022 541.724 172.348 163.016 292.385 292.385 292.385 292.385 2.89901e-12 
2023 541.724 172.348 163.016 291.435 294.074 294.305 297.94 2.05003 
2024 541.724 172.348 163.016 289.099 294.378 294.737 301.358 3.90961 
2025 541.724 172.348 163.016 284.977 293.203 293.523 303.149 5.89418 
2026 541.724 172.348 163.016 279.742 290.714 291.157 303.871 7.77513 
2027 541.724 172.348 163.016 273.695 287.856 288.311 304.036 9.53296 
2028 541.724 172.348 163.016 230.292 246.476 246.929 265.223 10.6836 
2029 541.724 172.348 163.016 201.335 218.255 218.826 237.737 11.4674 
2030 541.724 172.348 163.016 181.614 199.434 200.157 221.135 11.8869 
2031 541.724 172.348 163.016 169.412 187.081 187.896 208.29 12.1216 
2032 541.724 172.348 163.016 160.839 178.978 180.094 200.265 12.1776 
2033 541.724 172.348 163.016 156.092 174.609 175.203 195.89 12.1818 
2034 541.724 172.348 163.016 153.767 171.724 172.311 191.962 12.0657 
2035 541.724 172.348 163.016 151.878 169.888 170.628 191.097 12.0764 
2036 541.724 172.348 163.016 151.48 168.991 169.741 191.262 12.0347 
2037 541.724 172.348 163.016 151.601 168.496 169.261 190.703 12.0268 
2038 541.724 172.348 163.016 151.06 168.541 168.959 189.693 11.9053 
Alternative 2 Alternative  Stock: projection_data.dat
Catch projection_data.dat
Year C0 Cabc Cofl LowCI_Catch Median_Catch Mean_Catch UpperCI_Catch Stdev_Catch 
2022  0 16.8116 18.279 0.564 0.564 0.564 0.564 2.44249e-15 
2023  0 16.8116 18.279 0.47 0.47 0.47 0.47 2.96361e-11 
2024  0 16.8116 18.279 0.785999 0.785999 0.785999 0.785999 4.13009e-10 
2025  0 16.8116 18.279 1.108 1.108 1.108 1.108 4.27929e-09 
2026  0 16.8116 18.279 1.108 1.108 1.108 1.108 1.38733e-08 
2027  0 16.8116 18.279 41.4758 41.9249 41.9536 42.5157 0.330456 
2028  0 16.8116 18.279 32.5567 33.3631 33.3945 34.3427 0.57374 
2029  0 16.8116 18.279 26.1598 27.356 27.3943 28.7895 0.828446 
2030  0 16.8116 18.279 21.7652 23.2652 23.3287 25.0516 1.0297 
2031  0 16.8116 18.279 18.8092 20.5424 20.5859 22.5807 1.15353 
2032  0 16.8116 18.279 16.8906 18.7259 18.7705 20.8431 1.21573 
2033  0 16.8116 18.279 15.7005 17.5341 17.5993 19.8052 1.25976 
2034  0 16.8116 18.279 14.497 16.7905 16.8141 19.0007 1.35899 
2035  0 16.8116 18.279 13.6295 16.3514 16.3002 18.5049 1.44476 
2036  0 16.8116 18.279 13.3776 16.1005 15.992 18.3028 1.48364 
2037  0 16.8116 18.279 13.2932 15.9745 15.8318 18.0799 1.48554 
2038  0 16.8116 18.279 13.1904 15.8934 15.7588 18.0754 1.47324 

Spawning_Biomass projection_data.dat
Year SSB100 SSBabc SSBofl LowCI_SSB Median_SSB Mean_SSB UpperCI_SSB Stdev_SSB 
2022 92.5823 37.0329 32.4038 91.8344 91.8344 91.8344 91.8344 1.84741e-12 
2023 92.5823 37.0329 32.4038 94.1042 94.116 94.117 94.1332 0.0091336 
2024 92.5823 37.0329 32.4038 96.6116 96.6616 96.6649 96.7338 0.0378143 
2025 92.5823 37.0329 32.4038 98.7432 98.8986 98.911 99.1182 0.116693 
2026 92.5823 37.0329 32.4038 99.7731 100.171 100.203 100.722 0.297919 
2027 92.5823 37.0329 32.4038 99.5245 100.424 100.48 101.582 0.650709 
2028 92.5823 37.0329 32.4038 78.7 80.3545 80.4271 82.3566 1.17095 
2029 92.5823 37.0329 32.4038 63.4862 66.0271 66.1242 69.0984 1.76169 
2030 92.5823 37.0329 32.4038 52.815 56.0777 56.207 59.9474 2.25583 
2031 92.5823 37.0329 32.4038 45.5283 49.3283 49.4254 53.9053 2.57825 
2032 92.5823 37.0329 32.4038 40.6152 44.7661 44.8802 49.5673 2.75736 
2033 92.5823 37.0329 32.4038 37.5078 41.7603 41.9151 46.9112 2.83482 
2034 92.5823 37.0329 32.4038 35.7228 39.8291 40.029 44.8733 2.83863 
2035 92.5823 37.0329 32.4038 34.5961 38.6547 38.8816 43.5418 2.79131 
2036 92.5823 37.0329 32.4038 34.2064 38.0011 38.2243 43.0132 2.72937 
2037 92.5823 37.0329 32.4038 34.0957 37.5907 37.8754 42.5293 2.66306 
2038 92.5823 37.0329 32.4038 33.93 37.3709 37.7088 42.2679 2.60219 

Fishing_mortalityprojection_data.dat
Year F0 Fabc Fofl LowCI_F Median_F Mean_F UpperCI_F Stdev_F 
2022  0 0.288462 0.361865 0.00375902 0.00375902 0.00375902 0.00375902 1.77809e-17 
2023  0 0.288462 0.361865 0.0030656 0.003066 0.00306597 0.00306626 2.06114e-07 
2024  0 0.288462 0.361865 0.00500122 0.00500443 0.00500429 0.00500658 1.68593e-06 
2025  0 0.288462 0.361865 0.00688211 0.00689771 0.006897 0.00690847 8.18284e-06 
2026  0 0.288462 0.361865 0.00676176 0.00680251 0.00680036 0.00683182 2.19906e-05 
2027  0 0.288462 0.361865 0.288462 0.288462 0.288462 0.288462 1.11022e-15 
2028  0 0.288462 0.361865 0.288462 0.288462 0.288462 0.288462 1.11022e-15 
2029  0 0.288462 0.361865 0.288462 0.288462 0.288462 0.288462 1.11022e-15 
2030  0 0.288462 0.361865 0.288462 0.288462 0.288462 0.288462 1.11022e-15 
2031  0 0.288462 0.361865 0.288462 0.288462 0.288462 0.288462 1.11022e-15 
2032  0 0.288462 0.361865 0.288462 0.288462 0.288462 0.288462 1.11022e-15 
2033  0 0.288462 0.361865 0.288462 0.288462 0.288265 0.288462 0.00155394 
2034  0 0.288462 0.361865 0.27772 0.288462 0.287006 0.288462 0.00446339 
2035  0 0.288462 0.361865 0.268482 0.288462 0.285269 0.288462 0.00692183 
2036  0 0.288462 0.361865 0.265287 0.288462 0.283832 0.288462 0.0082281 
2037  0 0.288462 0.361865 0.264379 0.288462 0.283025 0.288462 0.00880723 
2038  0 0.288462 0.361865 0.263021 0.288462 0.282632 0.288462 0.00898772 

Total_Biomassprojection_data.dat
Year B100 Babc Bofl LowCI_Biom Median_Biom Mean_Biom UpperCI_Biom Stdev_Biom 
2022 541.724 172.348 163.016 292.385 292.385 292.385 292.385 2.89901e-12 
2023 541.724 172.348 163.016 291.435 294.074 294.305 297.94 2.05003 
2024 541.724 172.348 163.016 289.099 294.378 294.737 301.358 3.90961 
2025 541.724 172.348 163.016 284.977 293.203 293.523 303.149 5.89418 
2026 541.724 172.348 163.016 279.742 290.714 291.157 303.871 7.77513 
2027 541.724 172.348 163.016 273.695 287.856 288.311 304.036 9.53296 
2028 541.724 172.348 163.016 230.292 246.476 246.929 265.223 10.6836 
2029 541.724 172.348 163.016 201.335 218.255 218.826 237.737 11.4674 
2030 541.724 172.348 163.016 181.614 199.434 200.157 221.135 11.8869 
2031 541.724 172.348 163.016 169.412 187.081 187.896 208.29 12.1216 
2032 541.724 172.348 163.016 160.839 178.978 180.094 200.265 12.1776 
2033 541.724 172.348 163.016 156.092 174.609 175.203 195.89 12.1818 
2034 541.724 172.348 163.016 153.767 171.724 172.311 191.962 12.0657 
2035 541.724 172.348 163.016 151.878 169.888 170.628 191.097 12.0764 
2036 541.724 172.348 163.016 151.48 168.991 169.741 191.262 12.0347 
2037 541.724 172.348 163.016 151.601 168.496 169.261 190.703 12.0268 
2038 541.724 172.348 163.016 151.06 168.541 168.959 189.693 11.9053 
Alternative 3 Alternative  Stock: projection_data.dat
Catch projection_data.dat
Year C0 Cabc Cofl LowCI_Catch Median_Catch Mean_Catch UpperCI_Catch Stdev_Catch 
2022  0 16.8116 18.279 0.564 0.564 0.564 0.564 2.44249e-15 
2023  0 16.8116 18.279 0.47 0.47 0.47 0.47 2.96361e-11 
2024  0 16.8116 18.279 0.785999 0.785999 0.785999 0.785999 4.13009e-10 
2025  0 16.8116 18.279 1.108 1.108 1.108 1.108 4.27929e-09 
2026  0 16.8116 18.279 1.108 1.108 1.108 1.108 1.38733e-08 
2027  0 16.8116 18.279 1.89894 1.9178 1.91903 1.94274 0.0138528 
2028  0 16.8116 18.279 1.85604 1.89245 1.89396 1.93621 0.0256968 
2029  0 16.8116 18.279 1.80366 1.86123 1.86336 1.93225 0.0407419 
2030  0 16.8116 18.279 1.75055 1.8314 1.83507 1.93084 0.0564675 
2031  0 16.8116 18.279 1.69913 1.80335 1.80705 1.92335 0.0701002 
2032  0 16.8116 18.279 1.65595 1.77685 1.77974 1.91967 0.0802181 
2033  0 16.8116 18.279 1.6206 1.75224 1.75603 1.89925 0.0870947 
2034  0 16.8116 18.279 1.59702 1.73103 1.73613 1.89765 0.091478 
2035  0 16.8116 18.279 1.57332 1.71359 1.71989 1.88043 0.0941147 
2036  0 16.8116 18.279 1.55532 1.70032 1.70697 1.8655 0.0958245 
2037  0 16.8116 18.279 1.54105 1.69192 1.6969 1.86089 0.0970666 
2038  0 16.8116 18.279 1.53795 1.68274 1.68916 1.85386 0.0978407 

Spawning_Biomass projection_data.dat
Year SSB100 SSBabc SSBofl LowCI_SSB Median_SSB Mean_SSB UpperCI_SSB Stdev_SSB 
2022 92.5823 37.0329 32.4038 91.8344 91.8344 91.8344 91.8344 1.84741e-12 
2023 92.5823 37.0329 32.4038 94.1042 94.116 94.117 94.1332 0.0091336 
2024 92.5823 37.0329 32.4038 96.6116 96.6616 96.6649 96.7338 0.0378143 
2025 92.5823 37.0329 32.4038 98.7432 98.8986 98.911 99.1182 0.116693 
2026 92.5823 37.0329 32.4038 99.7731 100.171 100.203 100.722 0.297919 
2027 92.5823 37.0329 32.4038 99.5245 100.424 100.48 101.582 0.650709 
2028 92.5823 37.0329 32.4038 97.8545 99.5788 99.6476 101.654 1.2152 
2029 92.5823 37.0329 32.4038 95.6182 98.3737 98.4655 101.751 1.94197 
2030 92.5823 37.0329 32.4038 93.0858 96.9425 97.1056 101.682 2.69441 
2031 92.5823 37.0329 32.4038 90.5286 95.4774 95.6849 101.258 3.35744 
2032 92.5823 37.0329 32.4038 88.332 94.1415 94.3123 101.066 3.88697 
2033 92.5823 37.0329 32.4038 86.4258 92.8564 93.0614 100.06 4.27898 
2034 92.5823 37.0329 32.4038 85.0498 91.7414 91.9741 99.8094 4.54657 
2035 92.5823 37.0329 32.4038 83.7719 90.7624 91.0614 99.1335 4.72344 
2036 92.5823 37.0329 32.4038 82.7222 89.9857 90.3153 98.4448 4.84468 
2037 92.5823 37.0329 32.4038 81.8433 89.4659 89.7183 98.2384 4.92672 
2038 92.5823 37.0329 32.4038 81.4405 88.9978 89.2501 97.7888 4.97788 

Fishing_mortalityprojection_data.dat
Year F0 Fabc Fofl LowCI_F Median_F Mean_F UpperCI_F Stdev_F 
2022  0 0.288462 0.361865 0.00375902 0.00375902 0.00375902 0.00375902 1.77809e-17 
2023  0 0.288462 0.361865 0.0030656 0.003066 0.00306597 0.00306626 2.06114e-07 
2024  0 0.288462 0.361865 0.00500122 0.00500443 0.00500429 0.00500658 1.68593e-06 
2025  0 0.288462 0.361865 0.00688211 0.00689771 0.006897 0.00690847 8.18284e-06 
2026  0 0.288462 0.361865 0.00676176 0.00680251 0.00680036 0.00683182 2.19906e-05 
2027  0 0.288462 0.361865 0.0117853 0.0117853 0.0117853 0.0117853 1.8735e-16 
2028  0 0.288462 0.361865 0.0117853 0.0117853 0.0117853 0.0117853 1.8735e-16 
2029  0 0.288462 0.361865 0.0117853 0.0117853 0.0117853 0.0117853 1.8735e-16 
2030  0 0.288462 0.361865 0.0117853 0.0117853 0.0117853 0.0117853 1.8735e-16 
2031  0 0.288462 0.361865 0.0117853 0.0117853 0.0117853 0.0117853 1.8735e-16 
2032  0 0.288462 0.361865 0.0117853 0.0117853 0.0117853 0.0117853 1.8735e-16 
2033  0 0.288462 0.361865 0.0117853 0.0117853 0.0117853 0.0117853 1.8735e-16 
2034  0 0.288462 0.361865 0.0117853 0.0117853 0.0117853 0.0117853 1.8735e-16 
2035  0 0.288462 0.361865 0.0117853 0.0117853 0.0117853 0.0117853 1.8735e-16 
2036  0 0.288462 0.361865 0.0117853 0.0117853 0.0117853 0.0117853 1.8735e-16 
2037  0 0.288462 0.361865 0.0117853 0.0117853 0.0117853 0.0117853 1.8735e-16 
2038  0 0.288462 0.361865 0.0117853 0.0117853 0.0117853 0.0117853 1.8735e-16 

Total_Biomassprojection_data.dat
Year B100 Babc Bofl LowCI_Biom Median_Biom Mean_Biom UpperCI_Biom Stdev_Biom 
2022 541.724 172.348 163.016 292.385 292.385 292.385 292.385 2.89901e-12 
2023 541.724 172.348 163.016 291.435 294.074 294.305 297.94 2.05003 
2024 541.724 172.348 163.016 289.099 294.378 294.737 301.358 3.90961 
2025 541.724 172.348 163.016 284.977 293.203 293.523 303.149 5.89418 
2026 541.724 172.348 163.016 279.742 290.714 291.157 303.871 7.77513 
2027 541.724 172.348 163.016 273.695 287.856 288.311 304.036 9.53296 
2028 541.724 172.348 163.016 267.528 284.034 284.522 303.245 10.9189 
2029 541.724 172.348 163.016 262.382 280.408 280.945 300.722 12.0474 
2030 541.724 172.348 163.016 257.972 277.069 277.732 299.715 12.884 
2031 541.724 172.348 163.016 253.975 274.039 274.858 298.329 13.5351 
2032 541.724 172.348 163.016 250.379 271.618 272.458 295.836 13.9629 
2033 541.724 172.348 163.016 247.64 269.87 270.436 295.523 14.2763 
2034 541.724 172.348 163.016 246.157 268.066 268.871 292.922 14.3883 
2035 541.724 172.348 163.016 244.111 266.745 267.574 292.275 14.5775 
2036 541.724 172.348 163.016 243.191 265.724 266.536 291.455 14.7267 
2037 541.724 172.348 163.016 242.317 264.448 265.646 291.577 14.9214 
2038 541.724 172.348 163.016 240.66 263.897 264.857 291.231 14.9648 
Alternative 4 Alternative  Stock: projection_data.dat
Catch projection_data.dat
Year C0 Cabc Cofl LowCI_Catch Median_Catch Mean_Catch UpperCI_Catch Stdev_Catch 
2022  0 16.8116 18.279 0.564 0.564 0.564 0.564 2.44249e-15 
2023  0 16.8116 18.279 0.47 0.47 0.47 0.47 2.96361e-11 
2024  0 16.8116 18.279 0.785999 0.785999 0.785999 0.785999 4.13009e-10 
2025  0 16.8116 18.279 1.108 1.108 1.108 1.108 4.27929e-09 
2026  0 16.8116 18.279 1.108 1.108 1.108 1.108 1.38733e-08 
2027  0 16.8116 18.279 9.78844 9.88729 9.89368 10.0178 0.0725907 
2028  0 16.8116 18.279 9.18561 9.37386 9.38175 9.60084 0.133021 
2029  0 16.8116 18.279 8.6037 8.8966 8.90886 9.25979 0.2072 
2030  0 16.8116 18.279 8.08874 8.48961 8.50925 8.98605 0.281018 
2031  0 16.8116 18.279 7.64265 8.14916 8.16573 8.73559 0.341248 
2032  0 16.8116 18.279 7.2759 7.86103 7.87382 8.55012 0.383026 
2033  0 16.8116 18.279 7.00734 7.62211 7.63874 8.32167 0.409113 
2034  0 16.8116 18.279 6.79946 7.42557 7.45315 8.20612 0.423735 
2035  0 16.8116 18.279 6.64264 7.28173 7.30924 8.0394 0.431218 
2036  0 16.8116 18.279 6.5081 7.17622 7.19945 7.9336 0.435733 
2037  0 16.8116 18.279 6.42628 7.10229 7.11685 7.85489 0.438909 
2038  0 16.8116 18.279 6.37066 7.02766 7.05532 7.79608 0.440431 

Spawning_Biomass projection_data.dat
Year SSB100 SSBabc SSBofl LowCI_SSB Median_SSB Mean_SSB UpperCI_SSB Stdev_SSB 
2022 92.5823 37.0329 32.4038 91.8344 91.8344 91.8344 91.8344 1.84741e-12 
2023 92.5823 37.0329 32.4038 94.1042 94.116 94.117 94.1332 0.0091336 
2024 92.5823 37.0329 32.4038 96.6116 96.6616 96.6649 96.7338 0.0378143 
2025 92.5823 37.0329 32.4038 98.7432 98.8986 98.911 99.1182 0.116693 
2026 92.5823 37.0329 32.4038 99.7731 100.171 100.203 100.722 0.297919 
2027 92.5823 37.0329 32.4038 99.5245 100.424 100.48 101.582 0.650709 
2028 92.5823 37.0329 32.4038 94.0091 95.7229 95.7907 97.7866 1.207 
2029 92.5823 37.0329 32.4038 88.5492 91.2554 91.3578 94.5883 1.90744 
2030 92.5823 37.0329 32.4038 83.4759 87.1857 87.3586 91.7379 2.60598 
2031 92.5823 37.0329 32.4038 78.929 83.6834 83.8458 89.1272 3.18969 
2032 92.5823 37.0329 32.4038 75.2238 80.7246 80.8516 87.2129 3.62641 
2033 92.5823 37.0329 32.4038 72.3515 78.1941 78.3767 84.8568 3.92443 
2034 92.5823 37.0329 32.4038 70.1206 76.1427 76.3827 83.552 4.10603 
2035 92.5823 37.0329 32.4038 68.2823 74.5165 74.8094 81.9462 4.21171 
2036 92.5823 37.0329 32.4038 66.8394 73.2446 73.5892 80.6902 4.27883 
2037 92.5823 37.0329 32.4038 65.7682 72.4587 72.6564 79.8887 4.32052 
2038 92.5823 37.0329 32.4038 65.2294 71.6692 71.9535 79.1319 4.34139 

Fishing_mortalityprojection_data.dat
Year F0 Fabc Fofl LowCI_F Median_F Mean_F UpperCI_F Stdev_F 
2022  0 0.288462 0.361865 0.00375902 0.00375902 0.00375902 0.00375902 1.77809e-17 
2023  0 0.288462 0.361865 0.0030656 0.003066 0.00306597 0.00306626 2.06114e-07 
2024  0 0.288462 0.361865 0.00500122 0.00500443 0.00500429 0.00500658 1.68593e-06 
2025  0 0.288462 0.361865 0.00688211 0.00689771 0.006897 0.00690847 8.18284e-06 
2026  0 0.288462 0.361865 0.00676176 0.00680251 0.00680036 0.00683182 2.19906e-05 
2027  0 0.288462 0.361865 0.0620477 0.0620477 0.0620477 0.0620477 1.4988e-15 
2028  0 0.288462 0.361865 0.0620477 0.0620477 0.0620477 0.0620477 1.4988e-15 
2029  0 0.288462 0.361865 0.0620477 0.0620477 0.0620477 0.0620477 1.4988e-15 
2030  0 0.288462 0.361865 0.0620477 0.0620477 0.0620477 0.0620477 1.4988e-15 
2031  0 0.288462 0.361865 0.0620477 0.0620477 0.0620477 0.0620477 1.4988e-15 
2032  0 0.288462 0.361865 0.0620477 0.0620477 0.0620477 0.0620477 1.4988e-15 
2033  0 0.288462 0.361865 0.0620477 0.0620477 0.0620477 0.0620477 1.4988e-15 
2034  0 0.288462 0.361865 0.0620477 0.0620477 0.0620477 0.0620477 1.4988e-15 
2035  0 0.288462 0.361865 0.0620477 0.0620477 0.0620477 0.0620477 1.4988e-15 
2036  0 0.288462 0.361865 0.0620477 0.0620477 0.0620477 0.0620477 1.4988e-15 
2037  0 0.288462 0.361865 0.0620477 0.0620477 0.0620477 0.0620477 1.4988e-15 
2038  0 0.288462 0.361865 0.0620477 0.0620477 0.0620477 0.0620477 1.4988e-15 

Total_Biomassprojection_data.dat
Year B100 Babc Bofl LowCI_Biom Median_Biom Mean_Biom UpperCI_Biom Stdev_Biom 
2022 541.724 172.348 163.016 292.385 292.385 292.385 292.385 2.89901e-12 
2023 541.724 172.348 163.016 291.435 294.074 294.305 297.94 2.05003 
2024 541.724 172.348 163.016 289.099 294.378 294.737 301.358 3.90961 
2025 541.724 172.348 163.016 284.977 293.203 293.523 303.149 5.89418 
2026 541.724 172.348 163.016 279.742 290.714 291.157 303.871 7.77513 
2027 541.724 172.348 163.016 273.695 287.856 288.311 304.036 9.53296 
2028 541.724 172.348 163.016 260.033 276.52 277.016 295.66 10.8751 
2029 541.724 172.348 163.016 249.08 266.87 267.425 287.037 11.9347 
2030 541.724 172.348 163.016 239.897 258.836 259.494 281.231 12.6787 
2031 541.724 172.348 163.016 232.856 252.168 252.972 275.745 13.224 
2032 541.724 172.348 163.016 226.37 246.824 247.802 270.631 13.5425 
2033 541.724 172.348 163.016 221.625 242.995 243.711 267.817 13.7521 
2034 541.724 172.348 163.016 219.22 239.875 240.623 263.417 13.7768 
2035 541.724 172.348 163.016 216.193 237.263 238.217 261.415 13.903 
2036 541.724 172.348 163.016 214.179 235.613 236.382 260.336 14.0004 
2037 541.724 172.348 163.016 213.069 234.017 234.924 259.577 14.1489 
2038 541.724 172.348 163.016 211.595 232.927 233.734 257.956 14.1526 
Alternative 5 Alternative  Stock: projection_data.dat
Catch projection_data.dat
Year C0 Cabc Cofl LowCI_Catch Median_Catch Mean_Catch UpperCI_Catch Stdev_Catch 
2022  0 16.8116 18.279 0.564 0.564 0.564 0.564 2.44249e-15 
2023  0 16.8116 18.279 0.47 0.47 0.47 0.47 2.96361e-11 
2024  0 16.8116 18.279 0.785999 0.785999 0.785999 0.785999 4.13009e-10 
2025  0 16.8116 18.279 1.108 1.108 1.108 1.108 4.27929e-09 
2026  0 16.8116 18.279 1.108 1.108 1.108 1.108 1.38733e-08 
2027  0 16.8116 18.279 0 0 0 0 0 
2028  0 16.8116 18.279 0 0 0 0 0 
2029  0 16.8116 18.279 0 0 0 0 0 
2030  0 16.8116 18.279 0 0 0 0 0 
2031  0 16.8116 18.279 0 0 0 0 0 
2032  0 16.8116 18.279 0 0 0 0 0 
2033  0 16.8116 18.279 0 0 0 0 0 
2034  0 16.8116 18.279 0 0 0 0 0 
2035  0 16.8116 18.279 0 0 0 0 0 
2036  0 16.8116 18.279 0 0 0 0 0 
2037  0 16.8116 18.279 0 0 0 0 0 
2038  0 16.8116 18.279 0 0 0 0 0 

Spawning_Biomass projection_data.dat
Year SSB100 SSBabc SSBofl LowCI_SSB Median_SSB Mean_SSB UpperCI_SSB Stdev_SSB 
2022 92.5823 37.0329 32.4038 91.8344 91.8344 91.8344 91.8344 1.84741e-12 
2023 92.5823 37.0329 32.4038 94.1042 94.116 94.117 94.1332 0.0091336 
2024 92.5823 37.0329 32.4038 96.6116 96.6616 96.6649 96.7338 0.0378143 
2025 92.5823 37.0329 32.4038 98.7432 98.8986 98.911 99.1182 0.116693 
2026 92.5823 37.0329 32.4038 99.7731 100.171 100.203 100.722 0.297919 
2027 92.5823 37.0329 32.4038 99.5245 100.424 100.48 101.582 0.650709 
2028 92.5823 37.0329 32.4038 98.7818 100.508 100.578 102.587 1.21713 
2029 92.5823 37.0329 32.4038 97.3698 100.132 100.226 103.524 1.95019 
2030 92.5823 37.0329 32.4038 95.5299 99.4201 99.5829 104.209 2.71577 
2031 92.5823 37.0329 32.4038 93.5544 98.5581 98.7673 104.417 3.39875 
2032 92.5823 37.0329 32.4038 91.852 97.709 97.8967 104.753 3.9526 
2033 92.5823 37.0329 32.4038 90.3028 96.8164 97.054 104.194 4.37031 
2034 92.5823 37.0329 32.4038 89.1809 96.0695 96.2946 104.253 4.66243 
2035 92.5823 37.0329 32.4038 88.1646 95.3856 95.643 104.04 4.86072 
2036 92.5823 37.0329 32.4038 87.2572 94.7376 95.1036 103.511 4.99932 
2037 92.5823 37.0329 32.4038 86.4582 94.3727 94.6695 103.377 5.09506 
2038 92.5823 37.0329 32.4038 86.2117 94.0845 94.3295 103.136 5.157 

Fishing_mortalityprojection_data.dat
Year F0 Fabc Fofl LowCI_F Median_F Mean_F UpperCI_F Stdev_F 
2022  0 0.288462 0.361865 0.00375902 0.00375902 0.00375902 0.00375902 1.77809e-17 
2023  0 0.288462 0.361865 0.0030656 0.003066 0.00306597 0.00306626 2.06114e-07 
2024  0 0.288462 0.361865 0.00500122 0.00500443 0.00500429 0.00500658 1.68593e-06 
2025  0 0.288462 0.361865 0.00688211 0.00689771 0.006897 0.00690847 8.18284e-06 
2026  0 0.288462 0.361865 0.00676176 0.00680251 0.00680036 0.00683182 2.19906e-05 
2027  0 0.288462 0.361865 0 0 0 0 0 
2028  0 0.288462 0.361865 0 0 0 0 0 
2029  0 0.288462 0.361865 0 0 0 0 0 
2030  0 0.288462 0.361865 0 0 0 0 0 
2031  0 0.288462 0.361865 0 0 0 0 0 
2032  0 0.288462 0.361865 0 0 0 0 0 
2033  0 0.288462 0.361865 0 0 0 0 0 
2034  0 0.288462 0.361865 0 0 0 0 0 
2035  0 0.288462 0.361865 0 0 0 0 0 
2036  0 0.288462 0.361865 0 0 0 0 0 
2037  0 0.288462 0.361865 0 0 0 0 0 
2038  0 0.288462 0.361865 0 0 0 0 0 

Total_Biomassprojection_data.dat
Year B100 Babc Bofl LowCI_Biom Median_Biom Mean_Biom UpperCI_Biom Stdev_Biom 
2022 541.724 172.348 163.016 292.385 292.385 292.385 292.385 2.89901e-12 
2023 541.724 172.348 163.016 291.435 294.074 294.305 297.94 2.05003 
2024 541.724 172.348 163.016 289.099 294.378 294.737 301.358 3.90961 
2025 541.724 172.348 163.016 284.977 293.203 293.523 303.149 5.89418 
2026 541.724 172.348 163.016 279.742 290.714 291.157 303.871 7.77513 
2027 541.724 172.348 163.016 273.695 287.856 288.311 304.036 9.53296 
2028 541.724 172.348 163.016 269.332 285.832 286.329 305.071 10.9293 
2029 541.724 172.348 163.016 265.666 283.761 284.285 304.134 12.0743 
2030 541.724 172.348 163.016 262.555 281.691 282.351 304.347 12.9339 
2031 541.724 172.348 163.016 259.555 279.709 280.53 304.181 13.6125 
2032 541.724 172.348 163.016 256.796 278.056 278.988 302.499 14.0699 
2033 541.724 172.348 163.016 254.68 277.025 277.657 302.867 14.4131 
2034 541.724 172.348 163.016 253.511 275.851 276.643 301.017 14.5516 
2035 541.724 172.348 163.016 251.923 275.033 275.785 300.728 14.7614 
2036 541.724 172.348 163.016 251.747 274.284 275.094 300.408 14.9283 
2037 541.724 172.348 163.016 250.57 273.307 274.478 300.531 15.1386 
2038 541.724 172.348 163.016 249.313 272.996 273.905 300.847 15.1958 
Alternative 6 Alternative  Stock: projection_data.dat
Catch projection_data.dat
Year C0 Cabc Cofl LowCI_Catch Median_Catch Mean_Catch UpperCI_Catch Stdev_Catch 
2022  0 16.8116 18.279 0.564 0.564 0.564 0.564 2.44249e-15 
2023  0 16.8116 18.279 48.1853 48.1901 48.1905 48.1971 0.00372164 
2024  0 16.8116 18.279 38.1052 38.13 38.1316 38.1661 0.0190229 
2025  0 16.8116 18.279 31.4865 31.5754 31.5814 31.7041 0.0677936 
2026  0 16.8116 18.279 26.6899 26.9333 26.9522 27.2736 0.183137 
2027  0 16.8116 18.279 22.9582 23.496 23.5286 24.1873 0.39029 
2028  0 16.8116 18.279 20.1473 21.1011 21.128 22.2411 0.671263 
2029  0 16.8116 18.279 17.5055 19.5277 19.4649 21.1971 1.1358 
2030  0 16.8116 18.279 15.1838 17.987 17.9667 20.5134 1.71117 
2031  0 16.8116 18.279 14.1048 16.8647 17.0143 20.2045 1.86476 
2032  0 16.8116 18.279 13.6986 16.3796 16.5295 19.871 1.87026 
2033  0 16.8116 18.279 13.5618 16.1957 16.3478 19.6821 1.84243 
2034  0 16.8116 18.279 13.548 16.2087 16.3212 19.5157 1.81484 
2035  0 16.8116 18.279 13.5809 16.2764 16.3558 19.5351 1.79691 
2036  0 16.8116 18.279 13.6975 16.263 16.4097 19.5975 1.79321 
2037  0 16.8116 18.279 13.744 16.3079 16.47 19.6345 1.79576 
2038  0 16.8116 18.279 13.7816 16.4151 16.5213 19.7129 1.7899 

Spawning_Biomass projection_data.dat
Year SSB100 SSBabc SSBofl LowCI_SSB Median_SSB Mean_SSB UpperCI_SSB Stdev_SSB 
2022 92.5823 37.0329 32.4038 91.8344 91.8344 91.8344 91.8344 1.84741e-12 
2023 92.5823 37.0329 32.4038 94.1042 94.116 94.117 94.1332 0.0091336 
2024 92.5823 37.0329 32.4038 74.3824 74.4323 74.4356 74.5044 0.0377558 
2025 92.5823 37.0329 32.4038 61.4945 61.6488 61.6614 61.8676 0.116008 
2026 92.5823 37.0329 32.4038 52.2533 52.6442 52.6752 53.1846 0.29298 
2027 92.5823 37.0329 32.4038 45.0597 45.9306 45.9845 47.0408 0.625113 
2028 92.5823 37.0329 32.4038 39.5994 41.1779 41.2414 43.0947 1.11977 
2029 92.5823 37.0329 32.4038 35.6044 38.0133 38.0977 40.906 1.66792 
2030 92.5823 37.0329 32.4038 33.0423 35.884 36.0579 39.5355 2.04068 
2031 92.5823 37.0329 32.4038 31.7767 34.6658 34.8848 38.6972 2.11639 
2032 92.5823 37.0329 32.4038 31.2227 34.12 34.2853 37.9731 2.09095 
2033 92.5823 37.0329 32.4038 30.9905 33.8777 34.0346 37.6452 2.03823 
2034 92.5823 37.0329 32.4038 30.945 33.8603 33.9661 37.373 1.9803 
2035 92.5823 37.0329 32.4038 30.9909 33.8969 33.9829 37.3048 1.95162 
2036 92.5823 37.0329 32.4038 31.0989 33.87 34.033 37.3816 1.95459 
2037 92.5823 37.0329 32.4038 31.1546 33.9395 34.0904 37.4447 1.95561 
2038 92.5823 37.0329 32.4038 31.1278 34.0246 34.143 37.5497 1.94833 

Fishing_mortalityprojection_data.dat
Year F0 Fabc Fofl LowCI_F Median_F Mean_F UpperCI_F Stdev_F 
2022  0 0.288462 0.361865 0.00375902 0.00375902 0.00375902 0.00375902 1.77809e-17 
2023  0 0.288462 0.361865 0.361864 0.361864 0.361864 0.361864 1.3921e-10 
2024  0 0.288462 0.361865 0.361864 0.361864 0.361864 0.361864 6.81284e-10 
2025  0 0.288462 0.361865 0.361864 0.361864 0.361864 0.361864 2.45823e-09 
2026  0 0.288462 0.361865 0.361864 0.361864 0.361864 0.361864 6.06354e-09 
2027  0 0.288462 0.361865 0.361865 0.361865 0.361865 0.361865 5.55112e-15 
2028  0 0.288462 0.361865 0.361865 0.361865 0.361865 0.361865 5.55112e-15 
2029  0 0.288462 0.361865 0.347172 0.361865 0.359356 0.361865 0.00556932 
2030  0 0.288462 0.361865 0.320819 0.350047 0.347223 0.361865 0.0144771 
2031  0 0.288462 0.361865 0.307801 0.337517 0.337532 0.361865 0.0176619 
2032  0 0.288462 0.361865 0.302102 0.331903 0.332181 0.361865 0.0185086 
2033  0 0.288462 0.361865 0.299714 0.329411 0.329983 0.361865 0.0186805 
2034  0 0.288462 0.361865 0.299246 0.329232 0.329533 0.361865 0.0186729 
2035  0 0.288462 0.361865 0.299718 0.329608 0.32975 0.361865 0.0184676 
2036  0 0.288462 0.361865 0.300829 0.329332 0.330184 0.361865 0.0182949 
2037  0 0.288462 0.361865 0.301402 0.330047 0.330772 0.361865 0.0183152 
2038  0 0.288462 0.361865 0.301126 0.330922 0.331289 0.361865 0.0182344 

Total_Biomassprojection_data.dat
Year B100 Babc Bofl LowCI_Biom Median_Biom Mean_Biom UpperCI_Biom Stdev_Biom 
2022 541.724 172.348 163.016 292.385 292.385 292.385 292.385 2.89901e-12 
2023 541.724 172.348 163.016 291.435 294.074 294.305 297.94 2.05003 
2024 541.724 172.348 163.016 244.13 249.401 249.761 256.372 3.90472 
2025 541.724 172.348 163.016 210.634 218.855 219.153 228.688 5.8677 
2026 541.724 172.348 163.016 186.617 197.453 197.888 210.388 7.68528 
2027 541.724 172.348 163.016 168.978 182.795 183.253 198.805 9.30181 
2028 541.724 172.348 163.016 157.203 172.928 173.483 191.47 10.4396 
2029 541.724 172.348 163.016 150.123 166.662 167.172 186.008 11.2004 
2030 541.724 172.348 163.016 145.161 162.66 163.284 183.447 11.4932 
2031 541.724 172.348 163.016 144.029 160.472 161.322 180.524 11.4549 
2032 541.724 172.348 163.016 142.943 159.659 160.662 179.722 11.3131 
2033 541.724 172.348 163.016 143.068 160.109 160.623 179.756 11.2156 
2034 541.724 172.348 163.016 143.832 160.54 160.935 179.726 11.079 
2035 541.724 172.348 163.016 144.076 160.872 161.258 180.954 11.1401 
2036 541.724 172.348 163.016 144.453 161.116 161.548 181.31 11.1745 
2037 541.724 172.348 163.016 144.808 161.154 161.711 181.321 11.2259 
2038 541.724 172.348 163.016 144.924 160.979 161.732 180.623 11.1423 
Alternative 7 Alternative  Stock: projection_data.dat
Catch projection_data.dat
Year C0 Cabc Cofl LowCI_Catch Median_Catch Mean_Catch UpperCI_Catch Stdev_Catch 
2022  0 16.8116 18.279 0.564 0.564 0.564 0.564 2.44249e-15 
2023  0 16.8116 18.279 39.5003 39.5042 39.5045 39.5098 0.00296722 
2024  0 16.8116 18.279 32.8744 32.8941 32.8954 32.923 0.0151775 
2025  0 16.8116 18.279 34.5108 34.5999 34.6059 34.7287 0.067889 
2026  0 16.8116 18.279 28.6865 28.9302 28.9492 29.2709 0.18338 
2027  0 16.8116 18.279 24.2347 24.7729 24.8056 25.4653 0.390762 
2028  0 16.8116 18.279 20.9373 21.8917 21.9191 23.0341 0.67196 
2029  0 16.8116 18.279 18.4283 20.0065 20.0246 21.6793 1.02043 
2030  0 16.8116 18.279 15.5268 18.5481 18.3899 20.7986 1.66695 
2031  0 16.8116 18.279 14.256 17.0821 17.2239 20.3729 1.88537 
2032  0 16.8116 18.279 13.7456 16.4791 16.613 19.9686 1.89263 
2033  0 16.8116 18.279 13.5594 16.2077 16.3716 19.7188 1.85442 
2034  0 16.8116 18.279 13.5508 16.2177 16.3222 19.5242 1.82028 
2035  0 16.8116 18.279 13.572 16.2667 16.3506 19.5352 1.79909 
2036  0 16.8116 18.279 13.6913 16.2557 16.4045 19.5931 1.79395 
2037  0 16.8116 18.279 13.7402 16.3052 16.4665 19.6325 1.79605 
2038  0 16.8116 18.279 13.7796 16.4128 16.5194 19.7102 1.79002 

Spawning_Biomass projection_data.dat
Year SSB100 SSBabc SSBofl LowCI_SSB Median_SSB Mean_SSB UpperCI_SSB Stdev_SSB 
2022 92.5823 37.0329 32.4038 91.8344 91.8344 91.8344 91.8344 1.84741e-12 
2023 92.5823 37.0329 32.4038 94.1042 94.116 94.117 94.1332 0.0091336 
2024 92.5823 37.0329 32.4038 78.3743 78.4242 78.4275 78.4963 0.0377648 
2025 92.5823 37.0329 32.4038 67.4133 67.5679 67.5805 67.7868 0.116121 
2026 92.5823 37.0329 32.4038 56.1874 56.5787 56.6097 57.1196 0.293252 
2027 92.5823 37.0329 32.4038 47.6057 48.4772 48.5313 49.5886 0.625659 
2028 92.5823 37.0329 32.4038 41.201 42.7809 42.8446 44.6984 1.12065 
2029 92.5823 37.0329 32.4038 36.5888 38.9994 39.0838 41.8951 1.66901 
2030 92.5823 37.0329 32.4038 33.443 36.4801 36.6193 40.1352 2.08629 
2031 92.5823 37.0329 32.4038 31.9412 34.9198 35.1507 39.053 2.17536 
2032 92.5823 37.0329 32.4038 31.3272 34.2202 34.3943 38.1825 2.13126 
2033 92.5823 37.0329 32.4038 30.9969 33.9058 34.0703 37.7684 2.05965 
2034 92.5823 37.0329 32.4038 30.939 33.8578 33.9722 37.3978 1.99003 
2035 92.5823 37.0329 32.4038 30.9828 33.8947 33.9795 37.2937 1.95532 
2036 92.5823 37.0329 32.4038 31.0916 33.8658 34.0283 37.3754 1.95577 
2037 92.5823 37.0329 32.4038 31.1502 33.9351 34.0868 37.4403 1.95593 
2038 92.5823 37.0329 32.4038 31.1253 34.0224 34.1409 37.5474 1.94837 

Fishing_mortalityprojection_data.dat
Year F0 Fabc Fofl LowCI_F Median_F Mean_F UpperCI_F Stdev_F 
2022  0 0.288462 0.361865 0.00375902 0.00375902 0.00375902 0.00375902 1.77809e-17 
2023  0 0.288462 0.361865 0.288462 0.288462 0.288462 0.288462 7.02822e-11 
2024  0 0.288462 0.361865 0.288462 0.288462 0.288462 0.288462 3.22555e-10 
2025  0 0.288462 0.361865 0.361864 0.361864 0.361864 0.361864 2.27314e-09 
2026  0 0.288462 0.361865 0.361864 0.361864 0.361864 0.361864 5.72525e-09 
2027  0 0.288462 0.361865 0.361865 0.361865 0.361865 0.361865 5.55112e-15 
2028  0 0.288462 0.361865 0.361865 0.361865 0.361865 0.361865 5.55112e-15 
2029  0 0.288462 0.361865 0.357296 0.361865 0.36118 0.361865 0.0027846 
2030  0 0.288462 0.361865 0.32494 0.356179 0.350852 0.361865 0.0130724 
2031  0 0.288462 0.361865 0.309492 0.34013 0.339633 0.361865 0.0174499 
2032  0 0.288462 0.361865 0.303177 0.332934 0.333085 0.361865 0.0185675 
2033  0 0.288462 0.361865 0.29978 0.3297 0.330263 0.361865 0.0187338 
2034  0 0.288462 0.361865 0.299185 0.329206 0.329565 0.361865 0.0187093 
2035  0 0.288462 0.361865 0.299635 0.329586 0.329709 0.361865 0.0184919 
2036  0 0.288462 0.361865 0.300754 0.329289 0.330136 0.361865 0.0183073 
2037  0 0.288462 0.361865 0.301356 0.330001 0.330738 0.361865 0.0183222 
2038  0 0.288462 0.361865 0.301101 0.330899 0.33127 0.361865 0.0182383 

Total_Biomassprojection_data.dat
Year B100 Babc Bofl LowCI_Biom Median_Biom Mean_Biom UpperCI_Biom Stdev_Biom 
2022 541.724 172.348 163.016 292.385 292.385 292.385 292.385 2.89901e-12 
2023 541.724 172.348 163.016 291.435 294.074 294.305 297.94 2.05003 
2024 541.724 172.348 163.016 252.292 257.565 257.925 264.537 3.90571 
2025 541.724 172.348 163.016 222.695 230.918 231.221 240.776 5.87308 
2026 541.724 172.348 163.016 194.282 205.119 205.561 218.063 7.69058 
2027 541.724 172.348 163.016 173.736 187.559 188.017 203.569 9.30632 
2028 541.724 172.348 163.016 160.091 175.815 176.382 194.361 10.443 
2029 541.724 172.348 163.016 151.854 168.389 168.908 187.739 11.2026 
2030 541.724 172.348 163.016 146.017 163.611 164.234 184.473 11.5584 
2031 541.724 172.348 163.016 144.379 160.926 161.722 181.065 11.5268 
2032 541.724 172.348 163.016 143.012 159.712 160.791 179.959 11.3528 
2033 541.724 172.348 163.016 143.062 160.171 160.642 179.763 11.2324 
2034 541.724 172.348 163.016 143.797 160.525 160.92 179.686 11.0852 
2035 541.724 172.348 163.016 144.058 160.852 161.24 180.932 11.1419 
2036 541.724 172.348 163.016 144.437 161.1 161.534 181.293 11.1749 
2037 541.724 172.348 163.016 144.799 161.146 161.703 181.311 11.2259 
2038 541.724 172.348 163.016 144.918 160.974 161.729 180.621 11.1422 
