Alternative 1 Catch
     FLATHEAD 
Equil_Fabc 16.2275 
Year 
2017 2.05 
2018 2.202 
2019 2.668 
2020 1.965 
2021 2.269 
2022 2.269 
2023 39.7496 
2024 31.9295 
2025 26.3444 
2026 22.496 
2027 19.9191 
2028 18.2294 
2029 17.1271 
2030 16.3886 

Alternative 1 ABCs
     FLATHEAD 

Year 
2017 34.1452 
2018 35.2653 
2019 36.7555 
2020 38.1918 
2021 39.3769 
2022 39.8509 
2023 39.7496 
2024 31.9295 
2025 26.3444 
2026 22.496 
2027 19.9191 
2028 18.2294 
2029 17.1271 
2030 16.3886 

Alternative 1 TACs
     FLATHEAD 

Year 
2017  NA 
2018  NA 
2019  NA 
2020  NA 
2021  NA 
2022  NA 
2023 39.7496 
2024 31.9295 
2025 26.3444 
2026 22.496 
2027 19.9191 
2028 18.2294 
2029 17.1271 
2030 16.3886 

Alternative 1 Sp_Biomass
     FLATHEAD 
Equil_Fabc 36.6204 
Year 
2017 83.2979 
2018 85.7621 
2019 89.1405 
2020 92.4575 
2021 95.3384 
2022 96.8331 
2023 97.1531 
2024 78.4934 
2025 64.9026 
2026 55.3612 
2027 48.8574 
2028 44.5223 
2029 41.6806 
2030 39.8543 

Alternative 1 Fishing Mortality
     FLATHEAD 
Equil_Fabc 0.284074 
Year 
2017 0.0153602 
2018 0.0160119 
2019 0.0186438 
2020 0.0131685 
2021 0.0147214 
2022 0.0145166 
2023 0.284074 
2024 0.284074 
2025 0.284074 
2026 0.284074 
2027 0.284074 
2028 0.284059 
2029 0.283808 
2030 0.282788 

Alternative 1 Biomass
     FLATHEAD 

Year 
2017 277.62 
2018 281.629 
2019 283.153 
2020 282.352 
2021 280.98 
2022 278.418 
2023 275.427 
2024 236.97 
2025 210.614 
2026 193 
2027 181.433 
2028 173.991 
2029 169.026 
2030 165.849 

Alternative 1 Implied SPR rate 
     FLATHEAD 
Equil_Fabc 0.4 
Year 
2017 0.923009 
2018 0.920003 
2019 0.90806 
2020 0.933264 
2021 0.925975 
2022 0.92693 
2023 0.4 
2024 0.4 
2025 0.4 
2026 0.4 
2027 0.4 
2028 0.400012 
2029 0.400223 
2030 0.401075 

  FLATHEAD 
EquilAvgAgeF0  5.49174 
EquilAvgAgeFabc  3.88395 
AvgAgeYr2030 3.98749 
Alternative 2 Catch
     FLATHEAD 
Equil_Fabc 16.2275 
Year 
2017 2.05 
2018 2.202 
2019 2.668 
2020 1.965 
2021 2.269 
2022 2.269 
2023 39.7496 
2024 31.9295 
2025 26.3444 
2026 22.496 
2027 19.9191 
2028 18.2294 
2029 17.1271 
2030 16.3886 

Alternative 2 ABCs
     FLATHEAD 

Year 
2017 34.1452 
2018 35.2653 
2019 36.7555 
2020 38.1918 
2021 39.3769 
2022 39.8509 
2023 39.7496 
2024 31.9295 
2025 26.3444 
2026 22.496 
2027 19.9191 
2028 18.2294 
2029 17.1271 
2030 16.3886 

Alternative 2 TACs
     FLATHEAD 

Year 
2017  NA 
2018  NA 
2019  NA 
2020  NA 
2021  NA 
2022  NA 
2023 39.7496 
2024 31.9295 
2025 26.3444 
2026 22.496 
2027 19.9191 
2028 18.2294 
2029 17.1271 
2030 16.3886 

Alternative 2 Sp_Biomass
     FLATHEAD 
Equil_Fabc 36.6204 
Year 
2017 83.2979 
2018 85.7621 
2019 89.1405 
2020 92.4575 
2021 95.3384 
2022 96.8331 
2023 97.1531 
2024 78.4934 
2025 64.9026 
2026 55.3612 
2027 48.8574 
2028 44.5223 
2029 41.6806 
2030 39.8543 

Alternative 2 Fishing Mortality
     FLATHEAD 
Equil_Fabc 0.284074 
Year 
2017 0.0153602 
2018 0.0160119 
2019 0.0186438 
2020 0.0131685 
2021 0.0147214 
2022 0.0145166 
2023 0.284074 
2024 0.284074 
2025 0.284074 
2026 0.284074 
2027 0.284074 
2028 0.284059 
2029 0.283808 
2030 0.282788 

Alternative 2 Biomass
     FLATHEAD 

Year 
2017 277.62 
2018 281.629 
2019 283.153 
2020 282.352 
2021 280.98 
2022 278.418 
2023 275.427 
2024 236.97 
2025 210.614 
2026 193 
2027 181.433 
2028 173.991 
2029 169.026 
2030 165.849 

Alternative 2 Implied SPR rate 
     FLATHEAD 
Equil_Fabc 0.4 
Year 
2017 0.923009 
2018 0.920003 
2019 0.90806 
2020 0.933264 
2021 0.925975 
2022 0.92693 
2023 0.4 
2024 0.4 
2025 0.4 
2026 0.4 
2027 0.4 
2028 0.400012 
2029 0.400223 
2030 0.401075 

  FLATHEAD 
EquilAvgAgeF0  5.49174 
EquilAvgAgeFabc  3.88395 
AvgAgeYr2030 3.98749 
Alternative 3 Catch
     FLATHEAD 
Equil_Fabc 16.2275 
Year 
2017 2.05 
2018 2.202 
2019 2.668 
2020 1.965 
2021 2.269 
2022 2.269 
2023 2.64472 
2024 2.61179 
2025 2.56951 
2026 2.52574 
2027 2.48494 
2028 2.44907 
2029 2.41813 
2030 2.39193 

Alternative 3 ABCs
     FLATHEAD 

Year 
2017 2.26221 
2018 2.33168 
2019 2.42879 
2020 2.52714 
2021 2.61187 
2022 2.6486 
2023 2.64472 
2024 2.61179 
2025 2.56951 
2026 2.52574 
2027 2.48494 
2028 2.44907 
2029 2.41813 
2030 2.39193 

Alternative 3 TACs
     FLATHEAD 

Year 
2017  NA 
2018  NA 
2019  NA 
2020  NA 
2021  NA 
2022  NA 
2023 2.64472 
2024 2.61179 
2025 2.56951 
2026 2.52574 
2027 2.48494 
2028 2.44907 
2029 2.41813 
2030 2.39193 

Alternative 3 Sp_Biomass
     FLATHEAD 
Equil_Fabc 36.6204 
Year 
2017 83.2979 
2018 85.7621 
2019 89.1405 
2020 92.4575 
2021 95.3384 
2022 96.8331 
2023 97.1531 
2024 96.4254 
2025 95.2156 
2026 93.8174 
2027 92.4151 
2028 91.107 
2029 89.9359 
2030 88.9217 

Alternative 3 Fishing Mortality
     FLATHEAD 
Equil_Fabc 0.284074 
Year 
2017 0.0153602 
2018 0.0160119 
2019 0.0186438 
2020 0.0131685 
2021 0.0147214 
2022 0.0145166 
2023 0.0169611 
2024 0.0169611 
2025 0.0169611 
2026 0.0169611 
2027 0.0169611 
2028 0.0169611 
2029 0.0169611 
2030 0.0169611 

Alternative 3 Biomass
     FLATHEAD 

Year 
2017 277.62 
2018 281.629 
2019 283.153 
2020 282.352 
2021 280.98 
2022 278.418 
2023 275.427 
2024 271.913 
2025 268.583 
2026 265.587 
2027 262.935 
2028 260.677 
2029 258.532 
2030 256.715 

Alternative 3 Implied SPR rate 
     FLATHEAD 
Equil_Fabc 0.4 
Year 
2017 0.923009 
2018 0.920003 
2019 0.90806 
2020 0.933264 
2021 0.925975 
2022 0.92693 
2023 0.91566 
2024 0.91566 
2025 0.91566 
2026 0.91566 
2027 0.91566 
2028 0.91566 
2029 0.91566 
2030 0.91566 

  FLATHEAD 
EquilAvgAgeF0  5.49174 
EquilAvgAgeFabc  3.88395 
AvgAgeYr2030 5.40764 
Alternative 4 Catch
     FLATHEAD 
Equil_Fabc 16.2275 
Year 
2017 2.05 
2018 2.202 
2019 2.668 
2020 1.965 
2021 2.269 
2022 2.269 
2023 9.40498 
2024 8.96685 
2025 8.54928 
2026 8.17915 
2027 7.86652 
2028 7.61062 
2029 7.40395 
2030 7.23921 

Alternative 4 ABCs
     FLATHEAD 

Year 
2017 8.05035 
2018 8.30043 
2019 8.6471 
2020 8.99526 
2021 9.29306 
2022 9.42052 
2023 9.40498 
2024 8.96685 
2025 8.54928 
2026 8.17915 
2027 7.86652 
2028 7.61062 
2029 7.40395 
2030 7.23921 

Alternative 4 TACs
     FLATHEAD 

Year 
2017  NA 
2018  NA 
2019  NA 
2020  NA 
2021  NA 
2022  NA 
2023 9.40498 
2024 8.96685 
2025 8.54928 
2026 8.17915 
2027 7.86652 
2028 7.61062 
2029 7.40395 
2030 7.23921 

Alternative 4 Sp_Biomass
     FLATHEAD 
Equil_Fabc 36.6204 
Year 
2017 83.2979 
2018 85.7621 
2019 89.1405 
2020 92.4575 
2021 95.3384 
2022 96.8331 
2023 97.1531 
2024 93.1342 
2025 89.1335 
2026 85.4572 
2027 82.2501 
2028 79.5456 
2029 77.3144 
2030 75.509 

Alternative 4 Fishing Mortality
     FLATHEAD 
Equil_Fabc 0.284074 
Year 
2017 0.0153602 
2018 0.0160119 
2019 0.0186438 
2020 0.0131685 
2021 0.0147214 
2022 0.0145166 
2023 0.0614374 
2024 0.0614374 
2025 0.0614374 
2026 0.0614374 
2027 0.0614374 
2028 0.0614374 
2029 0.0614374 
2030 0.0614374 

Alternative 4 Biomass
     FLATHEAD 

Year 
2017 277.62 
2018 281.629 
2019 283.153 
2020 282.352 
2021 280.98 
2022 278.418 
2023 275.427 
2024 265.533 
2025 257.063 
2026 250.02 
2027 244.24 
2028 239.601 
2029 235.67 
2030 232.527 

Alternative 4 Implied SPR rate 
     FLATHEAD 
Equil_Fabc 0.4 
Year 
2017 0.923009 
2018 0.920003 
2019 0.90806 
2020 0.933264 
2021 0.925975 
2022 0.92693 
2023 0.75 
2024 0.75 
2025 0.75 
2026 0.75 
2027 0.75 
2028 0.75 
2029 0.75 
2030 0.75 

  FLATHEAD 
EquilAvgAgeF0  5.49174 
EquilAvgAgeFabc  3.88395 
AvgAgeYr2030 5.03418 
Alternative 5 Catch
     FLATHEAD 
Equil_Fabc 16.2275 
Year 
2017 2.05 
2018 2.202 
2019 2.668 
2020 1.965 
2021 2.269 
2022 2.269 
2023  NA 
2024  NA 
2025  NA 
2026  NA 
2027  NA 
2028  NA 
2029  NA 
2030  NA 

Alternative 5 ABCs
     FLATHEAD 

Year 
2017  NA 
2018  NA 
2019  NA 
2020  NA 
2021  NA 
2022  NA 
2023  NA 
2024  NA 
2025  NA 
2026  NA 
2027  NA 
2028  NA 
2029  NA 
2030  NA 

Alternative 5 TACs
     FLATHEAD 

Year 
2017  NA 
2018  NA 
2019  NA 
2020  NA 
2021  NA 
2022  NA 
2023  NA 
2024  NA 
2025  NA 
2026  NA 
2027  NA 
2028  NA 
2029  NA 
2030  NA 

Alternative 5 Sp_Biomass
     FLATHEAD 
Equil_Fabc 36.6204 
Year 
2017 83.2979 
2018 85.7621 
2019 89.1405 
2020 92.4575 
2021 95.3384 
2022 96.8331 
2023 97.1531 
2024 97.7156 
2025 97.6642 
2026 97.2698 
2027 96.7148 
2028 96.1082 
2029 95.5096 
2030 94.9578 

Alternative 5 Fishing Mortality
     FLATHEAD 
Equil_Fabc 0.284074 
Year 
2017 0.0153602 
2018 0.0160119 
2019 0.0186438 
2020 0.0131685 
2021 0.0147214 
2022 0.0145166 
2023  NA 
2024  NA 
2025  NA 
2026  NA 
2027  NA 
2028  NA 
2029  NA 
2030  NA 

Alternative 5 Biomass
     FLATHEAD 

Year 
2017 277.62 
2018 281.629 
2019 283.153 
2020 282.352 
2021 280.98 
2022 278.418 
2023 275.427 
2024 274.41 
2025 273.209 
2026 271.992 
2027 270.806 
2028 269.743 
2029 268.564 
2030 267.52 

Alternative 5 Implied SPR rate 
     FLATHEAD 
Equil_Fabc 0.4 
Year 
2017 0.923009 
2018 0.920003 
2019 0.90806 
2020 0.933264 
2021 0.925975 
2022 0.92693 
2023 1 
2024 1 
2025 1 
2026 1 
2027 1 
2028 1 
2029 1 
2030 1 

  FLATHEAD 
EquilAvgAgeF0  5.49174 
EquilAvgAgeFabc  3.88395 
AvgAgeYr2030 5.57131 
Alternative 6 Catch
     FLATHEAD 
Equil_Fabc 16.2275 
Year 
2017 2.05 
2018 43.0097 
2019 35.4785 
2020 30.5539 
2021 26.8692 
2022 23.8681 
2023 21.4848 
2024 19.7104 
2025 18.1307 
2026 16.9681 
2027 16.3434 
2028 16.0562 
2029 15.9485 
2030 15.9279 

Alternative 6 ABCs
     FLATHEAD 

Year 
2017 41.6219 
2018 43.0097 
2019 35.4785 
2020 30.5539 
2021 26.8692 
2022 23.8681 
2023 21.4848 
2024 19.7104 
2025 18.1307 
2026 16.9681 
2027 16.3434 
2028 16.0562 
2029 15.9485 
2030 15.9279 

Alternative 6 TACs
     FLATHEAD 

Year 
2017  NA 
2018 43.0097 
2019 35.4785 
2020 30.5539 
2021 26.8692 
2022 23.8681 
2023 21.4848 
2024 19.7104 
2025 18.1307 
2026 16.9681 
2027 16.3434 
2028 16.0562 
2029 15.9485 
2030 15.9279 

Alternative 6 Sp_Biomass
     FLATHEAD 
Equil_Fabc 36.6204 
Year 
2017 83.2979 
2018 85.7621 
2019 70.4177 
2020 60.5861 
2021 53.3949 
2022 47.587 
2023 42.9164 
2024 39.3575 
2025 36.8053 
2026 35.2242 
2027 34.3868 
2028 33.9885 
2029 33.8224 
2030 33.7741 

Alternative 6 Fishing Mortality
     FLATHEAD 
Equil_Fabc 0.284074 
Year 
2017 0.0153602 
2018 0.355733 
2019 0.355733 
2020 0.355733 
2021 0.355733 
2022 0.355733 
2023 0.355733 
2024 0.355481 
2025 0.347125 
2026 0.336716 
2027 0.33038 
2028 0.327214 
2029 0.325879 
2030 0.32546 

Alternative 6 Biomass
     FLATHEAD 

Year 
2017 277.62 
2018 281.629 
2019 244.495 
2020 217.361 
2021 197.097 
2022 182.065 
2023 171.329 
2024 163.946 
2025 159.116 
2026 156.431 
2027 155.222 
2028 154.841 
2029 154.6 
2030 154.511 

Alternative 6 Implied SPR rate 
     FLATHEAD 
Equil_Fabc 0.4 
Year 
2017 0.923009 
2018 0.35 
2019 0.35 
2020 0.35 
2021 0.35 
2022 0.35 
2023 0.35 
2024 0.350155 
2025 0.355458 
2026 0.362302 
2027 0.366552 
2028 0.368673 
2029 0.369558 
2030 0.369831 

  FLATHEAD 
EquilAvgAgeF0  5.49174 
EquilAvgAgeFabc  3.88395 
AvgAgeYr2030 3.81456 
Alternative 7 Catch
     FLATHEAD 
Equil_Fabc 16.2275 
Year 
2017 2.05 
2018 35.2653 
2019 30.4996 
2020 33.2543 
2021 28.7003 
2022 25.0661 
2023 22.2424 
2024 20.1865 
2025 18.5217 
2026 17.1958 
2027 16.4495 
2028 16.0963 
2029 15.9582 
2030 15.9265 

Alternative 7 ABCs
     FLATHEAD 

Year 
2017 41.6219 
2018 43.0097 
2019 37.232 
2020 33.2544 
2021 28.7003 
2022 25.0662 
2023 22.2424 
2024 20.1865 
2025 18.5217 
2026 17.1958 
2027 16.4495 
2028 16.0963 
2029 15.9582 
2030 15.9265 

Alternative 7 TACs
     FLATHEAD 

Year 
2017  NA 
2018 43.0097 
2019 37.232 
2020 33.2544 
2021 28.7003 
2022 25.0662 
2023 22.2424 
2024 20.1865 
2025 18.5217 
2026 17.1958 
2027 16.4495 
2028 16.0963 
2029 15.9582 
2030 15.9265 

Alternative 7 Sp_Biomass
     FLATHEAD 
Equil_Fabc 36.6204 
Year 
2017 83.2979 
2018 85.7621 
2019 73.9219 
2020 65.9432 
2021 57.0439 
2022 50.0012 
2023 44.4663 
2024 40.3273 
2025 37.3955 
2026 35.5323 
2027 34.5281 
2028 34.0442 
2029 33.8388 
2030 33.7754 

Alternative 7 Fishing Mortality
     FLATHEAD 
Equil_Fabc 0.284074 
Year 
2017 0.0153602 
2018 0.284074 
2019 0.284074 
2020 0.355733 
2021 0.355733 
2022 0.355733 
2023 0.355733 
2024 0.355699 
2025 0.349759 
2026 0.338784 
2027 0.331451 
2028 0.32765 
2029 0.325997 
2030 0.325457 

Alternative 7 Biomass
     FLATHEAD 

Year 
2017 277.62 
2018 281.629 
2019 251.816 
2020 228.524 
2021 204.341 
2022 186.645 
2023 174.159 
2024 165.665 
2025 160.136 
2026 156.926 
2027 155.419 
2028 154.899 
2029 154.602 
2030 154.499 

Alternative 7 Implied SPR rate 
     FLATHEAD 
Equil_Fabc 0.4 
Year 
2017 0.923009 
2018 0.4 
2019 0.4 
2020 0.35 
2021 0.35 
2022 0.35 
2023 0.35 
2024 0.350021 
2025 0.353766 
2026 0.360934 
2027 0.365835 
2028 0.36838 
2029 0.369479 
2030 0.369835 

  FLATHEAD 
EquilAvgAgeF0  5.49174 
EquilAvgAgeFabc  3.88395 
AvgAgeYr2030 3.81492 
