
SB0 SB40 SB35 MeanRec HarMeanRec Bnow
91.5511 36.6204 32.0429 180.815 170.507 83.2979 
CV Recruit
0.24587 
Alternative 1 Alternative  Stock: FLATHEAD
Catch FLATHEAD
Year C0 Cabc Cofl LowCI_Catch Median_Catch Mean_Catch UpperCI_Catch Stdev_Catch 
2017  0 16.2275 17.6194 2.05 2.05 2.05 2.05 3.10862e-15 
2018  0 16.2275 17.6194 2.202 2.202 2.202 2.202 7.12347e-11 
2019  0 16.2275 17.6194 2.668 2.668 2.668 2.668 2.30828e-10 
2020  0 16.2275 17.6194 1.965 1.965 1.965 1.965 1.55135e-09 
2021  0 16.2275 17.6194 2.269 2.269 2.269 2.269 5.69155e-09 
2022  0 16.2275 17.6194 2.269 2.269 2.269 2.269 7.20633e-08 
2023  0 16.2275 17.6194 38.7886 39.706 39.7496 40.8267 0.657048 
2024  0 16.2275 17.6194 30.5698 31.8698 31.9295 33.4495 0.940258 
2025  0 16.2275 17.6194 24.6155 26.2846 26.3444 28.2345 1.15255 
2026  0 16.2275 17.6194 20.5987 22.4244 22.496 24.5917 1.25666 
2027  0 16.2275 17.6194 17.9573 19.8743 19.9191 22.111 1.27796 
2028  0 16.2275 17.6194 16.2743 18.1387 18.2294 20.3969 1.26676 
2029  0 16.2275 17.6194 15.1641 17.0907 17.1271 19.2902 1.27889 
2030  0 16.2275 17.6194 14.1423 16.336 16.3886 18.6035 1.34852 

Spawning_Biomass FLATHEAD
Year SSB100 SSBabc SSBofl LowCI_SSB Median_SSB Mean_SSB UpperCI_SSB Stdev_SSB 
2017 91.5511 36.6204 32.0429 83.2979 83.2979 83.2979 83.2979 1.13687e-12 
2018 91.5511 36.6204 32.0429 85.7503 85.7611 85.7621 85.7772 0.00846737 
2019 91.5511 36.6204 32.0429 89.0861 89.1362 89.1405 89.2078 0.0378536 
2020 91.5511 36.6204 32.0429 92.281 92.4473 92.4575 92.6736 0.121675 
2021 91.5511 36.6204 32.0429 94.8833 95.3151 95.3384 95.8918 0.318767 
2022 91.5511 36.6204 32.0429 95.809 96.7836 96.8331 98.0534 0.710896 
2023 91.5511 36.6204 32.0429 95.1857 97.0594 97.1531 99.4074 1.35356 
2024 91.5511 36.6204 32.0429 75.518 78.3642 78.4934 81.7957 2.04148 
2025 91.5511 36.6204 32.0429 61.0539 64.7487 64.9026 69.144 2.5957 
2026 91.5511 36.6204 32.0429 50.9371 55.1865 55.3612 60.2141 2.89769 
2027 91.5511 36.6204 32.0429 44.2949 48.7403 48.8574 53.8775 2.99549 
2028 91.5511 36.6204 32.0429 39.8988 44.2789 44.5223 49.7553 2.99278 
2029 91.5511 36.6204 32.0429 36.9705 41.5194 41.6806 46.9025 2.96203 
2030 91.5511 36.6204 32.0429 35.3605 39.604 39.8543 44.9558 2.93355 

Fishing_mortalityFLATHEAD
Year F0 Fabc Fofl LowCI_F Median_F Mean_F UpperCI_F Stdev_F 
2017  0 0.284074 0.355733 0.0153602 0.0153602 0.0153602 0.0153602 1.5439e-16 
2018  0 0.284074 0.355733 0.0160094 0.016012 0.0160119 0.0160138 1.38272e-06 
2019  0 0.284074 0.355733 0.0186296 0.0186447 0.0186438 0.0186552 7.9789e-06 
2020  0 0.284074 0.355733 0.0131344 0.0131701 0.0131685 0.0131963 1.9112e-05 
2021  0 0.284074 0.355733 0.0146228 0.0147256 0.0147214 0.0148023 5.63197e-05 
2022  0 0.284074 0.355733 0.0143106 0.0145239 0.0145166 0.0146923 0.000120838 
2023  0 0.284074 0.355733 0.284074 0.284074 0.284074 0.284074 3.16414e-15 
2024  0 0.284074 0.355733 0.284074 0.284074 0.284074 0.284074 3.16414e-15 
2025  0 0.284074 0.355733 0.284074 0.284074 0.284074 0.284074 3.16414e-15 
2026  0 0.284074 0.355733 0.284074 0.284074 0.284074 0.284074 3.16414e-15 
2027  0 0.284074 0.355733 0.284074 0.284074 0.284074 0.284074 3.16414e-15 
2028  0 0.284074 0.355733 0.284074 0.284074 0.284059 0.284074 0.000281975 
2029  0 0.284074 0.355733 0.284074 0.284074 0.283808 0.284074 0.00200713 
2030  0 0.284074 0.355733 0.273786 0.284074 0.282788 0.284074 0.00425825 

Total_BiomassFLATHEAD
Year B100 Babc Bofl LowCI_Biom Median_Biom Mean_Biom UpperCI_Biom Stdev_Biom 
2017 524.234 165.243 156.073 277.62 277.62 277.62 277.62 7.38964e-13 
2018 524.234 165.243 156.073 278.871 281.377 281.629 285.145 1.97204 
2019 524.234 165.243 156.073 277.337 282.828 283.153 290.279 4.0643 
2020 524.234 165.243 156.073 273.149 281.922 282.352 292.791 6.28762 
2021 524.234 165.243 156.073 268.665 280.46 280.98 294.533 8.33423 
2022 524.234 165.243 156.073 262.928 277.898 278.418 294.88 10.0927 
2023 524.234 165.243 156.073 257.569 275.016 275.427 294.849 11.5052 
2024 524.234 165.243 156.073 218.688 236.25 236.97 257.517 12.1025 
2025 524.234 165.243 156.073 192.184 209.764 210.614 231.434 12.2532 
2026 524.234 165.243 156.073 173.865 192.474 193 213.756 12.2729 
2027 524.234 165.243 156.073 162.878 180.399 181.433 202.616 12.3246 
2028 524.234 165.243 156.073 155.956 173.052 173.991 195.539 12.2762 
2029 524.234 165.243 156.073 150.188 168.139 169.026 189.704 12.1933 
2030 524.234 165.243 156.073 147.323 165.154 165.849 185.594 12.0899 
Alternative 2 Alternative  Stock: FLATHEAD
Catch FLATHEAD
Year C0 Cabc Cofl LowCI_Catch Median_Catch Mean_Catch UpperCI_Catch Stdev_Catch 
2017  0 16.2275 17.6194 2.05 2.05 2.05 2.05 3.10862e-15 
2018  0 16.2275 17.6194 2.202 2.202 2.202 2.202 7.12347e-11 
2019  0 16.2275 17.6194 2.668 2.668 2.668 2.668 2.30828e-10 
2020  0 16.2275 17.6194 1.965 1.965 1.965 1.965 1.55135e-09 
2021  0 16.2275 17.6194 2.269 2.269 2.269 2.269 5.69155e-09 
2022  0 16.2275 17.6194 2.269 2.269 2.269 2.269 7.20633e-08 
2023  0 16.2275 17.6194 38.7886 39.706 39.7496 40.8267 0.657048 
2024  0 16.2275 17.6194 30.5698 31.8698 31.9295 33.4495 0.940258 
2025  0 16.2275 17.6194 24.6155 26.2846 26.3444 28.2345 1.15255 
2026  0 16.2275 17.6194 20.5987 22.4244 22.496 24.5917 1.25666 
2027  0 16.2275 17.6194 17.9573 19.8743 19.9191 22.111 1.27796 
2028  0 16.2275 17.6194 16.2743 18.1387 18.2294 20.3969 1.26676 
2029  0 16.2275 17.6194 15.1641 17.0907 17.1271 19.2902 1.27889 
2030  0 16.2275 17.6194 14.1423 16.336 16.3886 18.6035 1.34852 

Spawning_Biomass FLATHEAD
Year SSB100 SSBabc SSBofl LowCI_SSB Median_SSB Mean_SSB UpperCI_SSB Stdev_SSB 
2017 91.5511 36.6204 32.0429 83.2979 83.2979 83.2979 83.2979 1.13687e-12 
2018 91.5511 36.6204 32.0429 85.7503 85.7611 85.7621 85.7772 0.00846737 
2019 91.5511 36.6204 32.0429 89.0861 89.1362 89.1405 89.2078 0.0378536 
2020 91.5511 36.6204 32.0429 92.281 92.4473 92.4575 92.6736 0.121675 
2021 91.5511 36.6204 32.0429 94.8833 95.3151 95.3384 95.8918 0.318767 
2022 91.5511 36.6204 32.0429 95.809 96.7836 96.8331 98.0534 0.710896 
2023 91.5511 36.6204 32.0429 95.1857 97.0594 97.1531 99.4074 1.35356 
2024 91.5511 36.6204 32.0429 75.518 78.3642 78.4934 81.7957 2.04148 
2025 91.5511 36.6204 32.0429 61.0539 64.7487 64.9026 69.144 2.5957 
2026 91.5511 36.6204 32.0429 50.9371 55.1865 55.3612 60.2141 2.89769 
2027 91.5511 36.6204 32.0429 44.2949 48.7403 48.8574 53.8775 2.99549 
2028 91.5511 36.6204 32.0429 39.8988 44.2789 44.5223 49.7553 2.99278 
2029 91.5511 36.6204 32.0429 36.9705 41.5194 41.6806 46.9025 2.96203 
2030 91.5511 36.6204 32.0429 35.3605 39.604 39.8543 44.9558 2.93355 

Fishing_mortalityFLATHEAD
Year F0 Fabc Fofl LowCI_F Median_F Mean_F UpperCI_F Stdev_F 
2017  0 0.284074 0.355733 0.0153602 0.0153602 0.0153602 0.0153602 1.5439e-16 
2018  0 0.284074 0.355733 0.0160094 0.016012 0.0160119 0.0160138 1.38272e-06 
2019  0 0.284074 0.355733 0.0186296 0.0186447 0.0186438 0.0186552 7.9789e-06 
2020  0 0.284074 0.355733 0.0131344 0.0131701 0.0131685 0.0131963 1.9112e-05 
2021  0 0.284074 0.355733 0.0146228 0.0147256 0.0147214 0.0148023 5.63197e-05 
2022  0 0.284074 0.355733 0.0143106 0.0145239 0.0145166 0.0146923 0.000120838 
2023  0 0.284074 0.355733 0.284074 0.284074 0.284074 0.284074 3.16414e-15 
2024  0 0.284074 0.355733 0.284074 0.284074 0.284074 0.284074 3.16414e-15 
2025  0 0.284074 0.355733 0.284074 0.284074 0.284074 0.284074 3.16414e-15 
2026  0 0.284074 0.355733 0.284074 0.284074 0.284074 0.284074 3.16414e-15 
2027  0 0.284074 0.355733 0.284074 0.284074 0.284074 0.284074 3.16414e-15 
2028  0 0.284074 0.355733 0.284074 0.284074 0.284059 0.284074 0.000281975 
2029  0 0.284074 0.355733 0.284074 0.284074 0.283808 0.284074 0.00200713 
2030  0 0.284074 0.355733 0.273786 0.284074 0.282788 0.284074 0.00425825 

Total_BiomassFLATHEAD
Year B100 Babc Bofl LowCI_Biom Median_Biom Mean_Biom UpperCI_Biom Stdev_Biom 
2017 524.234 165.243 156.073 277.62 277.62 277.62 277.62 7.38964e-13 
2018 524.234 165.243 156.073 278.871 281.377 281.629 285.145 1.97204 
2019 524.234 165.243 156.073 277.337 282.828 283.153 290.279 4.0643 
2020 524.234 165.243 156.073 273.149 281.922 282.352 292.791 6.28762 
2021 524.234 165.243 156.073 268.665 280.46 280.98 294.533 8.33423 
2022 524.234 165.243 156.073 262.928 277.898 278.418 294.88 10.0927 
2023 524.234 165.243 156.073 257.569 275.016 275.427 294.849 11.5052 
2024 524.234 165.243 156.073 218.688 236.25 236.97 257.517 12.1025 
2025 524.234 165.243 156.073 192.184 209.764 210.614 231.434 12.2532 
2026 524.234 165.243 156.073 173.865 192.474 193 213.756 12.2729 
2027 524.234 165.243 156.073 162.878 180.399 181.433 202.616 12.3246 
2028 524.234 165.243 156.073 155.956 173.052 173.991 195.539 12.2762 
2029 524.234 165.243 156.073 150.188 168.139 169.026 189.704 12.1933 
2030 524.234 165.243 156.073 147.323 165.154 165.849 185.594 12.0899 
Alternative 3 Alternative  Stock: FLATHEAD
Catch FLATHEAD
Year C0 Cabc Cofl LowCI_Catch Median_Catch Mean_Catch UpperCI_Catch Stdev_Catch 
2017  0 16.2275 17.6194 2.05 2.05 2.05 2.05 3.10862e-15 
2018  0 16.2275 17.6194 2.202 2.202 2.202 2.202 7.12347e-11 
2019  0 16.2275 17.6194 2.668 2.668 2.668 2.668 2.30828e-10 
2020  0 16.2275 17.6194 1.965 1.965 1.965 1.965 1.55135e-09 
2021  0 16.2275 17.6194 2.269 2.269 2.269 2.269 5.69155e-09 
2022  0 16.2275 17.6194 2.269 2.269 2.269 2.269 7.20633e-08 
2023  0 16.2275 17.6194 2.58497 2.64185 2.64472 2.71218 0.0408764 
2024  0 16.2275 17.6194 2.51824 2.60749 2.61179 2.71583 0.0643732 
2025  0 16.2275 17.6194 2.43802 2.56586 2.56951 2.71575 0.0887331 
2026  0 16.2275 17.6194 2.36253 2.52093 2.52574 2.70442 0.109164 
2027  0 16.2275 17.6194 2.29936 2.47835 2.48494 2.6877 0.122899 
2028  0 16.2275 17.6194 2.24726 2.44125 2.44907 2.67179 0.130815 
2029  0 16.2275 17.6194 2.21205 2.4074 2.41813 2.64618 0.135322 
2030  0 16.2275 17.6194 2.17836 2.38525 2.39193 2.62434 0.138109 

Spawning_Biomass FLATHEAD
Year SSB100 SSBabc SSBofl LowCI_SSB Median_SSB Mean_SSB UpperCI_SSB Stdev_SSB 
2017 91.5511 36.6204 32.0429 83.2979 83.2979 83.2979 83.2979 1.13687e-12 
2018 91.5511 36.6204 32.0429 85.7503 85.7611 85.7621 85.7772 0.00846737 
2019 91.5511 36.6204 32.0429 89.0861 89.1362 89.1405 89.2078 0.0378536 
2020 91.5511 36.6204 32.0429 92.281 92.4473 92.4575 92.6736 0.121675 
2021 91.5511 36.6204 32.0429 94.8833 95.3151 95.3384 95.8918 0.318767 
2022 91.5511 36.6204 32.0429 95.809 96.7836 96.8331 98.0534 0.710896 
2023 91.5511 36.6204 32.0429 95.1857 97.0594 97.1531 99.4074 1.35356 
2024 91.5511 36.6204 32.0429 93.278 96.2661 96.4254 99.9547 2.17416 
2025 91.5511 36.6204 32.0429 90.7881 95.0832 95.2156 100.156 3.01264 
2026 91.5511 36.6204 32.0429 88.2322 93.6555 93.8174 99.9087 3.71295 
2027 91.5511 36.6204 32.0429 86.0567 92.1837 92.4151 99.43 4.22106 
2028 91.5511 36.6204 32.0429 84.0806 90.8562 91.107 98.8223 4.55875 
2029 91.5511 36.6204 32.0429 82.6667 89.5703 89.9359 97.9641 4.77248 
2030 91.5511 36.6204 32.0429 81.3727 88.6804 88.9217 97.2161 4.90953 

Fishing_mortalityFLATHEAD
Year F0 Fabc Fofl LowCI_F Median_F Mean_F UpperCI_F Stdev_F 
2017  0 0.284074 0.355733 0.0153602 0.0153602 0.0153602 0.0153602 1.5439e-16 
2018  0 0.284074 0.355733 0.0160094 0.016012 0.0160119 0.0160138 1.38272e-06 
2019  0 0.284074 0.355733 0.0186296 0.0186447 0.0186438 0.0186552 7.9789e-06 
2020  0 0.284074 0.355733 0.0131344 0.0131701 0.0131685 0.0131963 1.9112e-05 
2021  0 0.284074 0.355733 0.0146228 0.0147256 0.0147214 0.0148023 5.63197e-05 
2022  0 0.284074 0.355733 0.0143106 0.0145239 0.0145166 0.0146923 0.000120838 
2023  0 0.284074 0.355733 0.0169611 0.0169611 0.0169611 0.0169611 8.32667e-17 
2024  0 0.284074 0.355733 0.0169611 0.0169611 0.0169611 0.0169611 8.32667e-17 
2025  0 0.284074 0.355733 0.0169611 0.0169611 0.0169611 0.0169611 8.32667e-17 
2026  0 0.284074 0.355733 0.0169611 0.0169611 0.0169611 0.0169611 8.32667e-17 
2027  0 0.284074 0.355733 0.0169611 0.0169611 0.0169611 0.0169611 8.32667e-17 
2028  0 0.284074 0.355733 0.0169611 0.0169611 0.0169611 0.0169611 8.32667e-17 
2029  0 0.284074 0.355733 0.0169611 0.0169611 0.0169611 0.0169611 8.32667e-17 
2030  0 0.284074 0.355733 0.0169611 0.0169611 0.0169611 0.0169611 8.32667e-17 

Total_BiomassFLATHEAD
Year B100 Babc Bofl LowCI_Biom Median_Biom Mean_Biom UpperCI_Biom Stdev_Biom 
2017 524.234 165.243 156.073 277.62 277.62 277.62 277.62 7.38964e-13 
2018 524.234 165.243 156.073 278.871 281.377 281.629 285.145 1.97204 
2019 524.234 165.243 156.073 277.337 282.828 283.153 290.279 4.0643 
2020 524.234 165.243 156.073 273.149 281.922 282.352 292.791 6.28762 
2021 524.234 165.243 156.073 268.665 280.46 280.98 294.533 8.33423 
2022 524.234 165.243 156.073 262.928 277.898 278.418 294.88 10.0927 
2023 524.234 165.243 156.073 257.569 275.016 275.427 294.849 11.5052 
2024 524.234 165.243 156.073 252.603 271.214 271.913 293.148 12.5715 
2025 524.234 165.243 156.073 248.406 267.519 268.583 291.023 13.2723 
2026 524.234 165.243 156.073 244.327 264.829 265.587 288.714 13.8167 
2027 524.234 165.243 156.073 241.582 262.095 262.935 286.926 14.2949 
2028 524.234 165.243 156.073 239.172 259.427 260.677 285.618 14.5655 
2029 524.234 165.243 156.073 235.254 257.858 258.532 284.131 14.6841 
2030 524.234 165.243 156.073 233.493 255.746 256.715 281.798 14.705 
Alternative 4 Alternative  Stock: FLATHEAD
Catch FLATHEAD
Year C0 Cabc Cofl LowCI_Catch Median_Catch Mean_Catch UpperCI_Catch Stdev_Catch 
2017  0 16.2275 17.6194 2.05 2.05 2.05 2.05 3.10862e-15 
2018  0 16.2275 17.6194 2.202 2.202 2.202 2.202 7.12347e-11 
2019  0 16.2275 17.6194 2.668 2.668 2.668 2.668 2.30828e-10 
2020  0 16.2275 17.6194 1.965 1.965 1.965 1.965 1.55135e-09 
2021  0 16.2275 17.6194 2.269 2.269 2.269 2.269 5.69155e-09 
2022  0 16.2275 17.6194 2.269 2.269 2.269 2.269 7.20633e-08 
2023  0 16.2275 17.6194 9.19002 9.39433 9.40498 9.64737 0.147044 
2024  0 16.2275 17.6194 8.63564 8.95273 8.96685 9.33692 0.227826 
2025  0 16.2275 17.6194 8.0944 8.53747 8.54928 9.05603 0.307625 
2026  0 16.2275 17.6194 7.62459 8.16113 8.17915 8.79093 0.370037 
2027  0 16.2275 17.6194 7.24916 7.84636 7.86652 8.5499 0.408007 
2028  0 16.2275 17.6194 6.96107 7.58213 7.61062 8.34133 0.426924 
2029  0 16.2275 17.6194 6.73486 7.37162 7.40395 8.14175 0.435841 
2030  0 16.2275 17.6194 6.54998 7.22057 7.23921 7.98197 0.440642 

Spawning_Biomass FLATHEAD
Year SSB100 SSBabc SSBofl LowCI_SSB Median_SSB Mean_SSB UpperCI_SSB Stdev_SSB 
2017 91.5511 36.6204 32.0429 83.2979 83.2979 83.2979 83.2979 1.13687e-12 
2018 91.5511 36.6204 32.0429 85.7503 85.7611 85.7621 85.7772 0.00846737 
2019 91.5511 36.6204 32.0429 89.0861 89.1362 89.1405 89.2078 0.0378536 
2020 91.5511 36.6204 32.0429 92.281 92.4473 92.4575 92.6736 0.121675 
2021 91.5511 36.6204 32.0429 94.8833 95.3151 95.3384 95.8918 0.318767 
2022 91.5511 36.6204 32.0429 95.809 96.7836 96.8331 98.0534 0.710896 
2023 91.5511 36.6204 32.0429 95.1857 97.0594 97.1531 99.4074 1.35356 
2024 91.5511 36.6204 32.0429 90.0209 92.975 93.1342 96.6205 2.15132 
2025 91.5511 36.6204 32.0429 84.7916 89.0212 89.1335 93.9421 2.93727 
2026 91.5511 36.6204 32.0429 80.1485 85.29 85.4572 91.2784 3.55584 
2027 91.5511 36.6204 32.0429 76.2131 82.0304 82.2501 88.7838 3.96696 
2028 91.5511 36.6204 32.0429 73.0634 79.2965 79.5456 86.7385 4.20975 
2029 91.5511 36.6204 32.0429 70.6786 76.9602 77.3144 84.6204 4.34259 
2030 91.5511 36.6204 32.0429 68.7041 75.2885 75.509 82.8982 4.41719 

Fishing_mortalityFLATHEAD
Year F0 Fabc Fofl LowCI_F Median_F Mean_F UpperCI_F Stdev_F 
2017  0 0.284074 0.355733 0.0153602 0.0153602 0.0153602 0.0153602 1.5439e-16 
2018  0 0.284074 0.355733 0.0160094 0.016012 0.0160119 0.0160138 1.38272e-06 
2019  0 0.284074 0.355733 0.0186296 0.0186447 0.0186438 0.0186552 7.9789e-06 
2020  0 0.284074 0.355733 0.0131344 0.0131701 0.0131685 0.0131963 1.9112e-05 
2021  0 0.284074 0.355733 0.0146228 0.0147256 0.0147214 0.0148023 5.63197e-05 
2022  0 0.284074 0.355733 0.0143106 0.0145239 0.0145166 0.0146923 0.000120838 
2023  0 0.284074 0.355733 0.0614374 0.0614374 0.0614374 0.0614374 1.17961e-16 
2024  0 0.284074 0.355733 0.0614374 0.0614374 0.0614374 0.0614374 1.17961e-16 
2025  0 0.284074 0.355733 0.0614374 0.0614374 0.0614374 0.0614374 1.17961e-16 
2026  0 0.284074 0.355733 0.0614374 0.0614374 0.0614374 0.0614374 1.17961e-16 
2027  0 0.284074 0.355733 0.0614374 0.0614374 0.0614374 0.0614374 1.17961e-16 
2028  0 0.284074 0.355733 0.0614374 0.0614374 0.0614374 0.0614374 1.17961e-16 
2029  0 0.284074 0.355733 0.0614374 0.0614374 0.0614374 0.0614374 1.17961e-16 
2030  0 0.284074 0.355733 0.0614374 0.0614374 0.0614374 0.0614374 1.17961e-16 

Total_BiomassFLATHEAD
Year B100 Babc Bofl LowCI_Biom Median_Biom Mean_Biom UpperCI_Biom Stdev_Biom 
2017 524.234 165.243 156.073 277.62 277.62 277.62 277.62 7.38964e-13 
2018 524.234 165.243 156.073 278.871 281.377 281.629 285.145 1.97204 
2019 524.234 165.243 156.073 277.337 282.828 283.153 290.279 4.0643 
2020 524.234 165.243 156.073 273.149 281.922 282.352 292.791 6.28762 
2021 524.234 165.243 156.073 268.665 280.46 280.98 294.533 8.33423 
2022 524.234 165.243 156.073 262.928 277.898 278.418 294.88 10.0927 
2023 524.234 165.243 156.073 257.569 275.016 275.427 294.849 11.5052 
2024 524.234 165.243 156.073 246.372 264.81 265.533 286.65 12.4901 
2025 524.234 165.243 156.073 237.204 256.111 257.063 279.335 13.0847 
2026 524.234 165.243 156.073 229.234 249.237 250.02 272.969 13.5111 
2027 524.234 165.243 156.073 223.259 243.448 244.24 267.551 13.874 
2028 524.234 165.243 156.073 218.975 238.567 239.601 263.625 14.0417 
2029 524.234 165.243 156.073 213.346 235.074 235.67 260 14.0803 
2030 524.234 165.243 156.073 210.66 231.653 232.527 256.128 14.0447 
Alternative 5 Alternative  Stock: FLATHEAD
Catch FLATHEAD
Year C0 Cabc Cofl LowCI_Catch Median_Catch Mean_Catch UpperCI_Catch Stdev_Catch 
2017  0 16.2275 17.6194 2.05 2.05 2.05 2.05 3.10862e-15 
2018  0 16.2275 17.6194 2.202 2.202 2.202 2.202 7.12347e-11 
2019  0 16.2275 17.6194 2.668 2.668 2.668 2.668 2.30828e-10 
2020  0 16.2275 17.6194 1.965 1.965 1.965 1.965 1.55135e-09 
2021  0 16.2275 17.6194 2.269 2.269 2.269 2.269 5.69155e-09 
2022  0 16.2275 17.6194 2.269 2.269 2.269 2.269 7.20633e-08 
2023  0 16.2275 17.6194 0 0 0 0 0 
2024  0 16.2275 17.6194 0 0 0 0 0 
2025  0 16.2275 17.6194 0 0 0 0 0 
2026  0 16.2275 17.6194 0 0 0 0 0 
2027  0 16.2275 17.6194 0 0 0 0 0 
2028  0 16.2275 17.6194 0 0 0 0 0 
2029  0 16.2275 17.6194 0 0 0 0 0 
2030  0 16.2275 17.6194 0 0 0 0 0 

Spawning_Biomass FLATHEAD
Year SSB100 SSBabc SSBofl LowCI_SSB Median_SSB Mean_SSB UpperCI_SSB Stdev_SSB 
2017 91.5511 36.6204 32.0429 83.2979 83.2979 83.2979 83.2979 1.13687e-12 
2018 91.5511 36.6204 32.0429 85.7503 85.7611 85.7621 85.7772 0.00846737 
2019 91.5511 36.6204 32.0429 89.0861 89.1362 89.1405 89.2078 0.0378536 
2020 91.5511 36.6204 32.0429 92.281 92.4473 92.4575 92.6736 0.121675 
2021 91.5511 36.6204 32.0429 94.8833 95.3151 95.3384 95.8918 0.318767 
2022 91.5511 36.6204 32.0429 95.809 96.7836 96.8331 98.0534 0.710896 
2023 91.5511 36.6204 32.0429 95.1857 97.0594 97.1531 99.4074 1.35356 
2024 91.5511 36.6204 32.0429 94.5563 97.5562 97.7156 101.264 2.18296 
2025 91.5511 36.6204 32.0429 93.213 97.5266 97.6642 102.656 3.04205 
2026 91.5511 36.6204 32.0429 91.6102 97.085 97.2698 103.468 3.77544 
2027 91.5511 36.6204 32.0429 90.1929 96.4544 96.7148 103.913 4.32448 
2028 91.5511 36.6204 32.0429 88.9106 95.9025 96.1082 104.047 4.70432 
2029 91.5511 36.6204 32.0429 87.9767 95.1221 95.5096 103.867 4.95608 
2030 91.5511 36.6204 32.0429 87.1272 94.6431 94.9578 103.673 5.12449 

Fishing_mortalityFLATHEAD
Year F0 Fabc Fofl LowCI_F Median_F Mean_F UpperCI_F Stdev_F 
2017  0 0.284074 0.355733 0.0153602 0.0153602 0.0153602 0.0153602 1.5439e-16 
2018  0 0.284074 0.355733 0.0160094 0.016012 0.0160119 0.0160138 1.38272e-06 
2019  0 0.284074 0.355733 0.0186296 0.0186447 0.0186438 0.0186552 7.9789e-06 
2020  0 0.284074 0.355733 0.0131344 0.0131701 0.0131685 0.0131963 1.9112e-05 
2021  0 0.284074 0.355733 0.0146228 0.0147256 0.0147214 0.0148023 5.63197e-05 
2022  0 0.284074 0.355733 0.0143106 0.0145239 0.0145166 0.0146923 0.000120838 
2023  0 0.284074 0.355733 0 0 0 0 0 
2024  0 0.284074 0.355733 0 0 0 0 0 
2025  0 0.284074 0.355733 0 0 0 0 0 
2026  0 0.284074 0.355733 0 0 0 0 0 
2027  0 0.284074 0.355733 0 0 0 0 0 
2028  0 0.284074 0.355733 0 0 0 0 0 
2029  0 0.284074 0.355733 0 0 0 0 0 
2030  0 0.284074 0.355733 0 0 0 0 0 

Total_BiomassFLATHEAD
Year B100 Babc Bofl LowCI_Biom Median_Biom Mean_Biom UpperCI_Biom Stdev_Biom 
2017 524.234 165.243 156.073 277.62 277.62 277.62 277.62 7.38964e-13 
2018 524.234 165.243 156.073 278.871 281.377 281.629 285.145 1.97204 
2019 524.234 165.243 156.073 277.337 282.828 283.153 290.279 4.0643 
2020 524.234 165.243 156.073 273.149 281.922 282.352 292.791 6.28762 
2021 524.234 165.243 156.073 268.665 280.46 280.98 294.533 8.33423 
2022 524.234 165.243 156.073 262.928 277.898 278.418 294.88 10.0927 
2023 524.234 165.243 156.073 257.569 275.016 275.427 294.849 11.5052 
2024 524.234 165.243 156.073 255.059 273.745 274.41 295.691 12.6029 
2025 524.234 165.243 156.073 252.902 272.111 273.209 295.834 13.3459 
2026 524.234 165.243 156.073 250.553 271.33 271.992 295.463 13.9394 
2027 524.234 165.243 156.073 249.308 269.999 270.806 295.402 14.4683 
2028 524.234 165.243 156.073 247.711 268.559 269.743 295.347 14.7871 
2029 524.234 165.243 156.073 245.025 267.875 268.564 294.593 14.9459 
2030 524.234 165.243 156.073 243.715 266.712 267.52 293.034 14.9978 
Alternative 6 Alternative  Stock: FLATHEAD
Catch FLATHEAD
Year C0 Cabc Cofl LowCI_Catch Median_Catch Mean_Catch UpperCI_Catch Stdev_Catch 
2017  0 16.2275 17.6194 2.05 2.05 2.05 2.05 3.10862e-15 
2018  0 16.2275 17.6194 43.0039 43.0092 43.0097 43.0172 0.00419451 
2019  0 16.2275 17.6194 35.4478 35.4761 35.4785 35.5165 0.0214873 
2020  0 16.2275 17.6194 30.4446 30.5472 30.5539 30.6873 0.0752945 
2021  0 16.2275 17.6194 26.5815 26.8543 26.8692 27.2174 0.200576 
2022  0 16.2275 17.6194 23.2506 23.8382 23.8681 24.5993 0.424066 
2023  0 16.2275 17.6194 20.4318 21.4385 21.4848 22.6767 0.728205 
2024  0 16.2275 17.6194 18.2237 19.6707 19.7104 21.4228 1.06028 
2025  0 16.2275 17.6194 15.2117 18.416 18.1307 20.564 1.69499 
2026  0 16.2275 17.6194 13.8921 16.8792 16.9681 19.9651 1.95803 
2027  0 16.2275 17.6194 13.3435 16.1755 16.3434 19.6024 1.94582 
2028  0 16.2275 17.6194 13.1623 15.9231 16.0562 19.2737 1.86679 
2029  0 16.2275 17.6194 13.1722 15.7486 15.9485 19.1097 1.81472 
2030  0 16.2275 17.6194 13.2052 15.771 15.9279 19.0873 1.80006 

Spawning_Biomass FLATHEAD
Year SSB100 SSBabc SSBofl LowCI_SSB Median_SSB Mean_SSB UpperCI_SSB Stdev_SSB 
2017 91.5511 36.6204 32.0429 83.2979 83.2979 83.2979 83.2979 1.13687e-12 
2018 91.5511 36.6204 32.0429 85.7503 85.7611 85.7621 85.7772 0.00846737 
2019 91.5511 36.6204 32.0429 70.3634 70.4134 70.4177 70.4848 0.037721 
2020 91.5511 36.6204 32.0429 60.4115 60.5758 60.5861 60.8 0.120491 
2021 91.5511 36.6204 32.0429 52.9481 53.3728 53.3949 53.9364 0.312362 
2022 91.5511 36.6204 32.0429 46.6066 47.5403 47.587 48.7565 0.680073 
2023 91.5511 36.6204 32.0429 41.1118 42.836 42.9164 44.9483 1.23784 
2024 91.5511 36.6204 32.0429 36.6573 39.2473 39.3575 42.4077 1.8632 
2025 91.5511 36.6204 32.0429 33.3088 36.6675 36.8053 40.6582 2.34332 
2026 91.5511 36.6204 32.0429 31.7403 34.9652 35.2242 39.4266 2.431 
2027 91.5511 36.6204 32.0429 31.0127 34.1268 34.3868 38.5361 2.30636 
2028 91.5511 36.6204 32.0429 30.7921 33.8128 33.9885 37.8918 2.16359 
2029 91.5511 36.6204 32.0429 30.6916 33.6447 33.8224 37.5115 2.07582 
2030 91.5511 36.6204 32.0429 30.7461 33.5717 33.7741 37.3573 2.04478 

Fishing_mortalityFLATHEAD
Year F0 Fabc Fofl LowCI_F Median_F Mean_F UpperCI_F Stdev_F 
2017  0 0.284074 0.355733 0.0153602 0.0153602 0.0153602 0.0153602 1.5439e-16 
2018  0 0.284074 0.355733 0.355733 0.355733 0.355733 0.355733 1.3023e-10 
2019  0 0.284074 0.355733 0.355733 0.355733 0.355733 0.355733 6.24103e-10 
2020  0 0.284074 0.355733 0.355733 0.355733 0.355733 0.355733 2.17018e-09 
2021  0 0.284074 0.355733 0.355733 0.355733 0.355733 0.355733 5.16604e-09 
2022  0 0.284074 0.355733 0.355733 0.355733 0.355733 0.355733 8.15651e-09 
2023  0 0.284074 0.355733 0.355733 0.355733 0.355733 0.355733 3.4972e-15 
2024  0 0.284074 0.355733 0.355733 0.355733 0.355481 0.355733 0.00154691 
2025  0 0.284074 0.355733 0.321871 0.355733 0.347125 0.355733 0.0120358 
2026  0 0.284074 0.355733 0.305832 0.338808 0.336716 0.355733 0.0176072 
2027  0 0.284074 0.355733 0.298393 0.330235 0.33038 0.355733 0.0190911 
2028  0 0.284074 0.355733 0.296137 0.327024 0.327214 0.355733 0.018953 
2029  0 0.284074 0.355733 0.295109 0.325305 0.325879 0.355733 0.0185904 
2030  0 0.284074 0.355733 0.295666 0.324559 0.32546 0.355733 0.0183889 

Total_BiomassFLATHEAD
Year B100 Babc Bofl LowCI_Biom Median_Biom Mean_Biom UpperCI_Biom Stdev_Biom 
2017 524.234 165.243 156.073 277.62 277.62 277.62 277.62 7.38964e-13 
2018 524.234 165.243 156.073 278.871 281.377 281.629 285.145 1.97204 
2019 524.234 165.243 156.073 238.686 244.171 244.495 251.615 4.05852 
2020 524.234 165.243 156.073 208.209 216.902 217.361 227.726 6.25593 
2021 524.234 165.243 156.073 184.935 196.563 197.097 210.39 8.22609 
2022 524.234 165.243 156.073 167.003 181.669 182.065 198.059 9.81009 
2023 524.234 165.243 156.073 154.287 171.028 171.329 189.946 10.9073 
2024 524.234 165.243 156.073 146.75 163.337 163.946 184.015 11.5398 
2025 524.234 165.243 156.073 141.086 158.3 159.116 179.274 11.718 
2026 524.234 165.243 156.073 138.406 155.809 156.431 176.178 11.5493 
2027 524.234 165.243 156.073 138.372 154.178 155.222 175.565 11.4142 
2028 524.234 165.243 156.073 138.426 154.078 154.841 175.107 11.2622 
2029 524.234 165.243 156.073 137.505 153.644 154.6 173.592 11.1521 
2030 524.234 165.243 156.073 136.327 154.213 154.511 172.442 11.0641 
Alternative 7 Alternative  Stock: FLATHEAD
Catch FLATHEAD
Year C0 Cabc Cofl LowCI_Catch Median_Catch Mean_Catch UpperCI_Catch Stdev_Catch 
2017  0 16.2275 17.6194 2.05 2.05 2.05 2.05 3.10862e-15 
2018  0 16.2275 17.6194 35.2606 35.2649 35.2653 35.2713 0.00335022 
2019  0 16.2275 17.6194 30.4751 30.4977 30.4996 30.53 0.0171755 
2020  0 16.2275 17.6194 33.1449 33.2477 33.2543 33.3879 0.075409 
2021  0 16.2275 17.6194 28.4122 28.6853 28.7003 29.0491 0.200861 
2022  0 16.2275 17.6194 24.4478 25.0364 25.0661 25.7984 0.424615 
2023  0 16.2275 17.6194 21.1882 22.1963 22.2424 23.4359 0.729025 
2024  0 16.2275 17.6194 18.6901 20.1374 20.1865 21.8918 1.0413 
2025  0 16.2275 17.6194 15.7058 18.7113 18.5217 20.8448 1.60548 
2026  0 16.2275 17.6194 14.0975 17.1719 17.1958 20.1325 1.95234 
2027  0 16.2275 17.6194 13.4163 16.2691 16.4495 19.7016 1.96249 
2028  0 16.2275 17.6194 13.1966 15.9554 16.0963 19.3316 1.87996 
2029  0 16.2275 17.6194 13.174 15.7689 15.9582 19.1355 1.82132 
2030  0 16.2275 17.6194 13.2119 15.7616 15.9265 19.0961 1.80292 

Spawning_Biomass FLATHEAD
Year SSB100 SSBabc SSBofl LowCI_SSB Median_SSB Mean_SSB UpperCI_SSB Stdev_SSB 
2017 91.5511 36.6204 32.0429 83.2979 83.2979 83.2979 83.2979 1.13687e-12 
2018 91.5511 36.6204 32.0429 85.7503 85.7611 85.7621 85.7772 0.00846737 
2019 91.5511 36.6204 32.0429 73.8677 73.9177 73.9219 73.9891 0.0377309 
2020 91.5511 36.6204 32.0429 65.7683 65.9328 65.9432 66.1572 0.120615 
2021 91.5511 36.6204 32.0429 56.5967 57.0218 57.0439 57.586 0.31267 
2022 91.5511 36.6204 32.0429 49.0202 49.9545 50.0012 51.1716 0.680706 
2023 91.5511 36.6204 32.0429 42.6603 44.3856 44.4663 46.5004 1.23889 
2024 91.5511 36.6204 32.0429 37.6259 40.2164 40.3273 43.3811 1.86454 
2025 91.5511 36.6204 32.0429 33.8887 37.2616 37.3955 41.256 2.35261 
2026 91.5511 36.6204 32.0429 31.984 35.2834 35.5323 39.7857 2.47532 
2027 91.5511 36.6204 32.0429 31.1049 34.2644 34.5281 38.749 2.34691 
2028 91.5511 36.6204 32.0429 30.8214 33.8426 34.0442 38.0173 2.18863 
2029 91.5511 36.6204 32.0429 30.6893 33.6528 33.8388 37.5487 2.08836 
2030 91.5511 36.6204 32.0429 30.7395 33.5633 33.7754 37.3903 2.05035 

Fishing_mortalityFLATHEAD
Year F0 Fabc Fofl LowCI_F Median_F Mean_F UpperCI_F Stdev_F 
2017  0 0.284074 0.355733 0.0153602 0.0153602 0.0153602 0.0153602 1.5439e-16 
2018  0 0.284074 0.355733 0.284074 0.284074 0.284074 0.284074 7.0047e-11 
2019  0 0.284074 0.355733 0.284074 0.284074 0.284074 0.284074 3.18971e-10 
2020  0 0.284074 0.355733 0.355733 0.355733 0.355733 0.355733 2.03506e-09 
2021  0 0.284074 0.355733 0.355733 0.355733 0.355733 0.355733 4.93296e-09 
2022  0 0.284074 0.355733 0.355733 0.355733 0.355733 0.355733 7.91427e-09 
2023  0 0.284074 0.355733 0.355733 0.355733 0.355733 0.355733 3.4972e-15 
2024  0 0.284074 0.355733 0.355733 0.355733 0.355699 0.355733 0.00053681 
2025  0 0.284074 0.355733 0.327801 0.355733 0.349759 0.355733 0.0099491 
2026  0 0.284074 0.355733 0.308324 0.342061 0.338784 0.355733 0.0169799 
2027  0 0.284074 0.355733 0.299335 0.331642 0.331451 0.355733 0.0190157 
2028  0 0.284074 0.355733 0.296437 0.327329 0.32765 0.355733 0.0189944 
2029  0 0.284074 0.355733 0.295085 0.325388 0.325997 0.355733 0.0186239 
2030  0 0.284074 0.355733 0.295599 0.324473 0.325457 0.355733 0.0184099 

Total_BiomassFLATHEAD
Year B100 Babc Bofl LowCI_Biom Median_Biom Mean_Biom UpperCI_Biom Stdev_Biom 
2017 524.234 165.243 156.073 277.62 277.62 277.62 277.62 7.38964e-13 
2018 524.234 165.243 156.073 278.871 281.377 281.629 285.145 1.97204 
2019 524.234 165.243 156.073 246.005 251.491 251.816 258.937 4.0597 
2020 524.234 165.243 156.073 219.362 228.071 228.524 238.904 6.26241 
2021 524.234 165.243 156.073 192.17 203.808 204.341 217.655 8.23276 
2022 524.234 165.243 156.073 171.572 186.249 186.645 202.651 9.81614 
2023 524.234 165.243 156.073 157.112 173.867 174.159 192.791 10.9121 
2024 524.234 165.243 156.073 148.468 165.056 165.665 185.746 11.5431 
2025 524.234 165.243 156.073 142.117 159.328 160.136 180.313 11.7319 
2026 524.234 165.243 156.073 138.808 156.337 156.926 176.788 11.6079 
2027 524.234 165.243 156.073 138.493 154.385 155.419 175.65 11.458 
2028 524.234 165.243 156.073 138.417 154.1 154.899 175.316 11.2846 
2029 524.234 165.243 156.073 137.473 153.615 154.602 173.554 11.1616 
2030 524.234 165.243 156.073 136.3 154.184 154.499 172.451 11.0675 
