FLATHEAD 1 2017 Cabc 16.2275
FLATHEAD 1 2017 Cofl 17.6194
FLATHEAD 1 2017 CLCI 2.051
FLATHEAD 1 2017 CUCI 2.051
FLATHEAD 1 2017 CMedian 2.051
FLATHEAD 1 2017 CMean 2.051
FLATHEAD 1 2017 CStdn 1.86517e-14
FLATHEAD 1 2018 Cabc 16.2275
FLATHEAD 1 2018 Cofl 17.6194
FLATHEAD 1 2018 CLCI 2.202
FLATHEAD 1 2018 CUCI 2.202
FLATHEAD 1 2018 CMedian 2.202
FLATHEAD 1 2018 CMean 2.202
FLATHEAD 1 2018 CStdn 6.81233e-11
FLATHEAD 1 2019 Cabc 16.2275
FLATHEAD 1 2019 Cofl 17.6194
FLATHEAD 1 2019 CLCI 2.647
FLATHEAD 1 2019 CUCI 2.647
FLATHEAD 1 2019 CMedian 2.647
FLATHEAD 1 2019 CMean 2.647
FLATHEAD 1 2019 CStdn 2.33961e-10
FLATHEAD 1 2020 Cabc 16.2275
FLATHEAD 1 2020 Cofl 17.6194
FLATHEAD 1 2020 CLCI 38.1154
FLATHEAD 1 2020 CUCI 38.2914
FLATHEAD 1 2020 CMedian 38.1873
FLATHEAD 1 2020 CMean 38.193
FLATHEAD 1 2020 CStdn 0.0560933
FLATHEAD 1 2021 Cabc 16.2275
FLATHEAD 1 2021 Cofl 17.6194
FLATHEAD 1 2021 CLCI 32.1661
FLATHEAD 1 2021 CUCI 32.6384
FLATHEAD 1 2021 CMedian 32.3609
FLATHEAD 1 2021 CMean 32.3755
FLATHEAD 1 2021 CStdn 0.148187
FLATHEAD 1 2022 Cabc 16.2275
FLATHEAD 1 2022 Cofl 17.6194
FLATHEAD 1 2022 CLCI 27.1579
FLATHEAD 1 2022 CUCI 28.1489
FLATHEAD 1 2022 CMedian 27.5889
FLATHEAD 1 2022 CMean 27.6149
FLATHEAD 1 2022 CStdn 0.313203
FLATHEAD 1 2023 Cabc 16.2275
FLATHEAD 1 2023 Cofl 17.6194
FLATHEAD 1 2023 CLCI 23.0547
FLATHEAD 1 2023 CUCI 24.7503
FLATHEAD 1 2023 CMedian 23.8196
FLATHEAD 1 2023 CMean 23.8416
FLATHEAD 1 2023 CStdn 0.542786
FLATHEAD 1 2024 Cabc 16.2275
FLATHEAD 1 2024 Cofl 17.6194
FLATHEAD 1 2024 CLCI 19.8493
FLATHEAD 1 2024 CUCI 22.3556
FLATHEAD 1 2024 CMedian 20.9814
FLATHEAD 1 2024 CMean 21.0204
FLATHEAD 1 2024 CStdn 0.789507
FLATHEAD 1 2025 Cabc 16.2275
FLATHEAD 1 2025 Cofl 17.6194
FLATHEAD 1 2025 CLCI 17.5066
FLATHEAD 1 2025 CUCI 20.6788
FLATHEAD 1 2025 CMedian 18.9505
FLATHEAD 1 2025 CMean 19.0118
FLATHEAD 1 2025 CStdn 0.99542
FLATHEAD 1 2026 Cabc 16.2275
FLATHEAD 1 2026 Cofl 17.6194
FLATHEAD 1 2026 CLCI 15.8883
FLATHEAD 1 2026 CUCI 19.6085
FLATHEAD 1 2026 CMedian 17.5701
FLATHEAD 1 2026 CMean 17.6346
FLATHEAD 1 2026 CStdn 1.13449
FLATHEAD 1 2027 Cabc 16.2275
FLATHEAD 1 2027 Cofl 17.6194
FLATHEAD 1 2027 CLCI 14.7467
FLATHEAD 1 2027 CUCI 18.7913
FLATHEAD 1 2027 CMedian 16.6486
FLATHEAD 1 2027 CMean 16.7015
FLATHEAD 1 2027 CStdn 1.25922
FLATHEAD 1 2028 Cabc 16.2275
FLATHEAD 1 2028 Cofl 17.6194
FLATHEAD 1 2028 CLCI 13.5429
FLATHEAD 1 2028 CUCI 18.3416
FLATHEAD 1 2028 CMedian 16.064
FLATHEAD 1 2028 CMean 16.0489
FLATHEAD 1 2028 CStdn 1.39739
FLATHEAD 1 2029 Cabc 16.2275
FLATHEAD 1 2029 Cofl 17.6194
FLATHEAD 1 2029 CLCI 12.9763
FLATHEAD 1 2029 CUCI 17.9113
FLATHEAD 1 2029 CMedian 15.6865
FLATHEAD 1 2029 CMean 15.6102
FLATHEAD 1 2029 CStdn 1.48558
FLATHEAD 1 2030 Cabc 16.2275
FLATHEAD 1 2030 Cofl 17.6194
FLATHEAD 1 2030 CLCI 12.6878
FLATHEAD 1 2030 CUCI 17.6525
FLATHEAD 1 2030 CMedian 15.4764
FLATHEAD 1 2030 CMean 15.3588
FLATHEAD 1 2030 CStdn 1.50564
FLATHEAD 1 2031 Cabc 16.2275
FLATHEAD 1 2031 Cofl 17.6194
FLATHEAD 1 2031 CLCI 12.6408
FLATHEAD 1 2031 CUCI 17.5601
FLATHEAD 1 2031 CMedian 15.3909
FLATHEAD 1 2031 CMean 15.2361
FLATHEAD 1 2031 CStdn 1.50132
FLATHEAD 1 2032 Cabc 16.2275
FLATHEAD 1 2032 Cofl 17.6194
FLATHEAD 1 2032 CLCI 12.6809
FLATHEAD 1 2032 CUCI 17.4629
FLATHEAD 1 2032 CMedian 15.3441
FLATHEAD 1 2032 CMean 15.1905
FLATHEAD 1 2032 CStdn 1.48563
FLATHEAD 1 2033 Cabc 16.2275
FLATHEAD 1 2033 Cofl 17.6194
FLATHEAD 1 2033 CLCI 12.6408
FLATHEAD 1 2033 CUCI 17.4931
FLATHEAD 1 2033 CMedian 15.3327
FLATHEAD 1 2033 CMean 15.1811
FLATHEAD 1 2033 CStdn 1.46964
FLATHEAD 1 2017 SSBF100 91.5511
FLATHEAD 1 2017 SSBFabc 36.6204
FLATHEAD 1 2017 SSBFofl 32.0429
FLATHEAD 1 2017 SSBLCI 83.2979
FLATHEAD 1 2017 SSBUCI 83.2979
FLATHEAD 1 2017 SSBMedian 83.2979
FLATHEAD 1 2017 SSBMean 83.2979
FLATHEAD 1 2018 SSBF100 91.5511
FLATHEAD 1 2018 SSBFabc 36.6204
FLATHEAD 1 2018 SSBFofl 32.0429
FLATHEAD 1 2018 SSBLCI 85.7501
FLATHEAD 1 2018 SSBUCI 85.7756
FLATHEAD 1 2018 SSBMedian 85.7603
FLATHEAD 1 2018 SSBMean 85.7613
FLATHEAD 1 2019 SSBF100 91.5511
FLATHEAD 1 2019 SSBFabc 36.6204
FLATHEAD 1 2019 SSBFofl 32.0429
FLATHEAD 1 2019 SSBLCI 89.0897
FLATHEAD 1 2019 SSBUCI 89.2014
FLATHEAD 1 2019 SSBMedian 89.1356
FLATHEAD 1 2019 SSBMean 89.1385
FLATHEAD 1 2020 SSBF100 91.5511
FLATHEAD 1 2020 SSBFabc 36.6204
FLATHEAD 1 2020 SSBFofl 32.0429
FLATHEAD 1 2020 SSBLCI 92.3033
FLATHEAD 1 2020 SSBUCI 92.6596
FLATHEAD 1 2020 SSBMedian 92.4498
FLATHEAD 1 2020 SSBMean 92.4613
FLATHEAD 1 2021 SSBF100 91.5511
FLATHEAD 1 2021 SSBFabc 36.6204
FLATHEAD 1 2021 SSBFofl 32.0429
FLATHEAD 1 2021 SSBLCI 78.1565
FLATHEAD 1 2021 SSBUCI 79.0709
FLATHEAD 1 2021 SSBMedian 78.5348
FLATHEAD 1 2021 SSBMean 78.5641
FLATHEAD 1 2022 SSBF100 91.5511
FLATHEAD 1 2022 SSBFabc 36.6204
FLATHEAD 1 2022 SSBFofl 32.0429
FLATHEAD 1 2022 SSBLCI 66.4231
FLATHEAD 1 2022 SSBUCI 68.4002
FLATHEAD 1 2022 SSBMedian 67.276
FLATHEAD 1 2022 SSBMean 67.3318
FLATHEAD 1 2023 SSBF100 91.5511
FLATHEAD 1 2023 SSBFabc 36.6204
FLATHEAD 1 2023 SSBFofl 32.0429
FLATHEAD 1 2023 SSBLCI 56.7266
FLATHEAD 1 2023 SSBUCI 60.2809
FLATHEAD 1 2023 SSBMedian 58.3212
FLATHEAD 1 2023 SSBMean 58.388
FLATHEAD 1 2024 SSBF100 91.5511
FLATHEAD 1 2024 SSBFabc 36.6204
FLATHEAD 1 2024 SSBFofl 32.0429
FLATHEAD 1 2024 SSBLCI 48.981
FLATHEAD 1 2024 SSBUCI 54.5235
FLATHEAD 1 2024 SSBMedian 51.4516
FLATHEAD 1 2024 SSBMean 51.5601
FLATHEAD 1 2025 SSBF100 91.5511
FLATHEAD 1 2025 SSBFabc 36.6204
FLATHEAD 1 2025 SSBFofl 32.0429
FLATHEAD 1 2025 SSBLCI 43.2078
FLATHEAD 1 2025 SSBUCI 50.3098
FLATHEAD 1 2025 SSBMedian 46.4436
FLATHEAD 1 2025 SSBMean 46.5687
FLATHEAD 1 2026 SSBF100 91.5511
FLATHEAD 1 2026 SSBFabc 36.6204
FLATHEAD 1 2026 SSBFofl 32.0429
FLATHEAD 1 2026 SSBLCI 39.0474
FLATHEAD 1 2026 SSBUCI 47.6089
FLATHEAD 1 2026 SSBMedian 42.9344
FLATHEAD 1 2026 SSBMean 43.0634
FLATHEAD 1 2027 SSBF100 91.5511
FLATHEAD 1 2027 SSBFabc 36.6204
FLATHEAD 1 2027 SSBFofl 32.0429
FLATHEAD 1 2027 SSBLCI 36.2869
FLATHEAD 1 2027 SSBUCI 45.4957
FLATHEAD 1 2027 SSBMedian 40.5417
FLATHEAD 1 2027 SSBMean 40.6884
FLATHEAD 1 2028 SSBF100 91.5511
FLATHEAD 1 2028 SSBFabc 36.6204
FLATHEAD 1 2028 SSBFofl 32.0429
FLATHEAD 1 2028 SSBLCI 34.6585
FLATHEAD 1 2028 SSBUCI 44.2883
FLATHEAD 1 2028 SSBMedian 38.9083
FLATHEAD 1 2028 SSBMean 39.1377
FLATHEAD 1 2029 SSBF100 91.5511
FLATHEAD 1 2029 SSBFabc 36.6204
FLATHEAD 1 2029 SSBFofl 32.0429
FLATHEAD 1 2029 SSBLCI 33.9643
FLATHEAD 1 2029 SSBUCI 43.1837
FLATHEAD 1 2029 SSBMedian 37.9117
FLATHEAD 1 2029 SSBMean 38.18
FLATHEAD 1 2030 SSBF100 91.5511
FLATHEAD 1 2030 SSBFabc 36.6204
FLATHEAD 1 2030 SSBFofl 32.0429
FLATHEAD 1 2030 SSBLCI 33.4666
FLATHEAD 1 2030 SSBUCI 42.4324
FLATHEAD 1 2030 SSBMedian 37.3092
FLATHEAD 1 2030 SSBMean 37.6348
FLATHEAD 1 2031 SSBF100 91.5511
FLATHEAD 1 2031 SSBFabc 36.6204
FLATHEAD 1 2031 SSBFofl 32.0429
FLATHEAD 1 2031 SSBLCI 33.4228
FLATHEAD 1 2031 SSBUCI 42.3069
FLATHEAD 1 2031 SSBMedian 37.0164
FLATHEAD 1 2031 SSBMean 37.3519
FLATHEAD 1 2032 SSBF100 91.5511
FLATHEAD 1 2032 SSBFabc 36.6204
FLATHEAD 1 2032 SSBFofl 32.0429
FLATHEAD 1 2032 SSBLCI 33.4628
FLATHEAD 1 2032 SSBUCI 41.9757
FLATHEAD 1 2032 SSBMedian 36.8951
FLATHEAD 1 2032 SSBMean 37.2245
FLATHEAD 1 2033 SSBF100 91.5511
FLATHEAD 1 2033 SSBFabc 36.6204
FLATHEAD 1 2033 SSBFofl 32.0429
FLATHEAD 1 2033 SSBLCI 33.3664
FLATHEAD 1 2033 SSBUCI 41.9061
FLATHEAD 1 2033 SSBMedian 36.8341
FLATHEAD 1 2033 SSBMean 37.1835
FLATHEAD 1 2017 F0 0 
FLATHEAD 1 2017 Fabc 0.284074
FLATHEAD 1 2017 Fofl 0.355733
FLATHEAD 1 2017  F_LCI 0.0153677
FLATHEAD 1 2017  F_UCI 0.0153677
FLATHEAD 1 2017  F_Median 0.0153677
FLATHEAD 1 2017  F_Mean 0.0153677
FLATHEAD 1 2018 F0 0 
FLATHEAD 1 2018 Fabc 0.284074
FLATHEAD 1 2018 Fofl 0.355733
FLATHEAD 1 2018  F_LCI 0.0160096
FLATHEAD 1 2018  F_UCI 0.0160138
FLATHEAD 1 2018  F_Median 0.0160122
FLATHEAD 1 2018  F_Mean 0.016012
FLATHEAD 1 2019 F0 0 
FLATHEAD 1 2019 Fabc 0.284074
FLATHEAD 1 2019 Fofl 0.355733
FLATHEAD 1 2019  F_LCI 0.0184828
FLATHEAD 1 2019  F_UCI 0.0185064
FLATHEAD 1 2019  F_Median 0.0184971
FLATHEAD 1 2019  F_Mean 0.0184964
FLATHEAD 1 2020 F0 0 
FLATHEAD 1 2020 Fabc 0.284074
FLATHEAD 1 2020 Fofl 0.355733
FLATHEAD 1 2020  F_LCI 0.284074
FLATHEAD 1 2020  F_UCI 0.284074
FLATHEAD 1 2020  F_Median 0.284074
FLATHEAD 1 2020  F_Mean 0.284074
FLATHEAD 1 2021 F0 0 
FLATHEAD 1 2021 Fabc 0.284074
FLATHEAD 1 2021 Fofl 0.355733
FLATHEAD 1 2021  F_LCI 0.284074
FLATHEAD 1 2021  F_UCI 0.284074
FLATHEAD 1 2021  F_Median 0.284074
FLATHEAD 1 2021  F_Mean 0.284074
FLATHEAD 1 2022 F0 0 
FLATHEAD 1 2022 Fabc 0.284074
FLATHEAD 1 2022 Fofl 0.355733
FLATHEAD 1 2022  F_LCI 0.284074
FLATHEAD 1 2022  F_UCI 0.284074
FLATHEAD 1 2022  F_Median 0.284074
FLATHEAD 1 2022  F_Mean 0.284074
FLATHEAD 1 2023 F0 0 
FLATHEAD 1 2023 Fabc 0.284074
FLATHEAD 1 2023 Fofl 0.355733
FLATHEAD 1 2023  F_LCI 0.284074
FLATHEAD 1 2023  F_UCI 0.284074
FLATHEAD 1 2023  F_Median 0.284074
FLATHEAD 1 2023  F_Mean 0.284074
FLATHEAD 1 2024 F0 0 
FLATHEAD 1 2024 Fabc 0.284074
FLATHEAD 1 2024 Fofl 0.355733
FLATHEAD 1 2024  F_LCI 0.284074
FLATHEAD 1 2024  F_UCI 0.284074
FLATHEAD 1 2024  F_Median 0.284074
FLATHEAD 1 2024  F_Mean 0.284074
FLATHEAD 1 2025 F0 0 
FLATHEAD 1 2025 Fabc 0.284074
FLATHEAD 1 2025 Fofl 0.355733
FLATHEAD 1 2025  F_LCI 0.284074
FLATHEAD 1 2025  F_UCI 0.284074
FLATHEAD 1 2025  F_Median 0.284074
FLATHEAD 1 2025  F_Mean 0.284074
FLATHEAD 1 2026 F0 0 
FLATHEAD 1 2026 Fabc 0.284074
FLATHEAD 1 2026 Fofl 0.355733
FLATHEAD 1 2026  F_LCI 0.284074
FLATHEAD 1 2026  F_UCI 0.284074
FLATHEAD 1 2026  F_Median 0.284074
FLATHEAD 1 2026  F_Mean 0.284064
FLATHEAD 1 2027 F0 0 
FLATHEAD 1 2027 Fabc 0.284074
FLATHEAD 1 2027 Fofl 0.355733
FLATHEAD 1 2027  F_LCI 0.281351
FLATHEAD 1 2027  F_UCI 0.284074
FLATHEAD 1 2027  F_Median 0.284074
FLATHEAD 1 2027  F_Mean 0.283572
FLATHEAD 1 2028 F0 0 
FLATHEAD 1 2028 Fabc 0.284074
FLATHEAD 1 2028 Fofl 0.355733
FLATHEAD 1 2028  F_LCI 0.268054
FLATHEAD 1 2028  F_UCI 0.284074
FLATHEAD 1 2028  F_Median 0.284074
FLATHEAD 1 2028  F_Mean 0.281976
FLATHEAD 1 2029 F0 0 
FLATHEAD 1 2029 Fabc 0.284074
FLATHEAD 1 2029 Fofl 0.355733
FLATHEAD 1 2029  F_LCI 0.262385
FLATHEAD 1 2029  F_UCI 0.284074
FLATHEAD 1 2029  F_Median 0.284074
FLATHEAD 1 2029  F_Mean 0.279995
FLATHEAD 1 2030 F0 0 
FLATHEAD 1 2030 Fabc 0.284074
FLATHEAD 1 2030 Fofl 0.355733
FLATHEAD 1 2030  F_LCI 0.258321
FLATHEAD 1 2030  F_UCI 0.284074
FLATHEAD 1 2030  F_Median 0.284074
FLATHEAD 1 2030  F_Mean 0.278678
FLATHEAD 1 2031 F0 0 
FLATHEAD 1 2031 Fabc 0.284074
FLATHEAD 1 2031 Fofl 0.355733
FLATHEAD 1 2031  F_LCI 0.257964
FLATHEAD 1 2031  F_UCI 0.284074
FLATHEAD 1 2031  F_Median 0.284074
FLATHEAD 1 2031  F_Mean 0.278027
FLATHEAD 1 2032 F0 0 
FLATHEAD 1 2032 Fabc 0.284074
FLATHEAD 1 2032 Fofl 0.355733
FLATHEAD 1 2032  F_LCI 0.25829
FLATHEAD 1 2032  F_UCI 0.284074
FLATHEAD 1 2032  F_Median 0.284074
FLATHEAD 1 2032  F_Mean 0.277826
FLATHEAD 1 2033 F0 0 
FLATHEAD 1 2033 Fabc 0.284074
FLATHEAD 1 2033 Fofl 0.355733
FLATHEAD 1 2033  F_LCI 0.257503
FLATHEAD 1 2033  F_UCI 0.284074
FLATHEAD 1 2033  F_Median 0.284074
FLATHEAD 1 2033  F_Mean 0.277772
FLATHEAD 2 2017 Cabc 16.2275
FLATHEAD 2 2017 Cofl 17.6194
FLATHEAD 2 2017 CLCI 2.051
FLATHEAD 2 2017 CUCI 2.051
FLATHEAD 2 2017 CMedian 2.051
FLATHEAD 2 2017 CMean 2.051
FLATHEAD 2 2017 CStdn 1.86517e-14
FLATHEAD 2 2018 Cabc 16.2275
FLATHEAD 2 2018 Cofl 17.6194
FLATHEAD 2 2018 CLCI 2.202
FLATHEAD 2 2018 CUCI 2.202
FLATHEAD 2 2018 CMedian 2.202
FLATHEAD 2 2018 CMean 2.202
FLATHEAD 2 2018 CStdn 6.81233e-11
FLATHEAD 2 2019 Cabc 16.2275
FLATHEAD 2 2019 Cofl 17.6194
FLATHEAD 2 2019 CLCI 2.647
FLATHEAD 2 2019 CUCI 2.647
FLATHEAD 2 2019 CMedian 2.647
FLATHEAD 2 2019 CMean 2.647
FLATHEAD 2 2019 CStdn 2.33961e-10
FLATHEAD 2 2020 Cabc 16.2275
FLATHEAD 2 2020 Cofl 17.6194
FLATHEAD 2 2020 CLCI 38.1154
FLATHEAD 2 2020 CUCI 38.2914
FLATHEAD 2 2020 CMedian 38.1873
FLATHEAD 2 2020 CMean 38.193
FLATHEAD 2 2020 CStdn 0.0560933
FLATHEAD 2 2021 Cabc 16.2275
FLATHEAD 2 2021 Cofl 17.6194
FLATHEAD 2 2021 CLCI 32.1661
FLATHEAD 2 2021 CUCI 32.6384
FLATHEAD 2 2021 CMedian 32.3609
FLATHEAD 2 2021 CMean 32.3755
FLATHEAD 2 2021 CStdn 0.148187
FLATHEAD 2 2022 Cabc 16.2275
FLATHEAD 2 2022 Cofl 17.6194
FLATHEAD 2 2022 CLCI 27.1579
FLATHEAD 2 2022 CUCI 28.1489
FLATHEAD 2 2022 CMedian 27.5889
FLATHEAD 2 2022 CMean 27.6149
FLATHEAD 2 2022 CStdn 0.313203
FLATHEAD 2 2023 Cabc 16.2275
FLATHEAD 2 2023 Cofl 17.6194
FLATHEAD 2 2023 CLCI 23.0547
FLATHEAD 2 2023 CUCI 24.7503
FLATHEAD 2 2023 CMedian 23.8196
FLATHEAD 2 2023 CMean 23.8416
FLATHEAD 2 2023 CStdn 0.542786
FLATHEAD 2 2024 Cabc 16.2275
FLATHEAD 2 2024 Cofl 17.6194
FLATHEAD 2 2024 CLCI 19.8493
FLATHEAD 2 2024 CUCI 22.3556
FLATHEAD 2 2024 CMedian 20.9814
FLATHEAD 2 2024 CMean 21.0204
FLATHEAD 2 2024 CStdn 0.789507
FLATHEAD 2 2025 Cabc 16.2275
FLATHEAD 2 2025 Cofl 17.6194
FLATHEAD 2 2025 CLCI 17.5066
FLATHEAD 2 2025 CUCI 20.6788
FLATHEAD 2 2025 CMedian 18.9505
FLATHEAD 2 2025 CMean 19.0118
FLATHEAD 2 2025 CStdn 0.99542
FLATHEAD 2 2026 Cabc 16.2275
FLATHEAD 2 2026 Cofl 17.6194
FLATHEAD 2 2026 CLCI 15.8883
FLATHEAD 2 2026 CUCI 19.6085
FLATHEAD 2 2026 CMedian 17.5701
FLATHEAD 2 2026 CMean 17.6346
FLATHEAD 2 2026 CStdn 1.13449
FLATHEAD 2 2027 Cabc 16.2275
FLATHEAD 2 2027 Cofl 17.6194
FLATHEAD 2 2027 CLCI 14.7467
FLATHEAD 2 2027 CUCI 18.7913
FLATHEAD 2 2027 CMedian 16.6486
FLATHEAD 2 2027 CMean 16.7015
FLATHEAD 2 2027 CStdn 1.25922
FLATHEAD 2 2028 Cabc 16.2275
FLATHEAD 2 2028 Cofl 17.6194
FLATHEAD 2 2028 CLCI 13.5429
FLATHEAD 2 2028 CUCI 18.3416
FLATHEAD 2 2028 CMedian 16.064
FLATHEAD 2 2028 CMean 16.0489
FLATHEAD 2 2028 CStdn 1.39739
FLATHEAD 2 2029 Cabc 16.2275
FLATHEAD 2 2029 Cofl 17.6194
FLATHEAD 2 2029 CLCI 12.9763
FLATHEAD 2 2029 CUCI 17.9113
FLATHEAD 2 2029 CMedian 15.6865
FLATHEAD 2 2029 CMean 15.6102
FLATHEAD 2 2029 CStdn 1.48558
FLATHEAD 2 2030 Cabc 16.2275
FLATHEAD 2 2030 Cofl 17.6194
FLATHEAD 2 2030 CLCI 12.6878
FLATHEAD 2 2030 CUCI 17.6525
FLATHEAD 2 2030 CMedian 15.4764
FLATHEAD 2 2030 CMean 15.3588
FLATHEAD 2 2030 CStdn 1.50564
FLATHEAD 2 2031 Cabc 16.2275
FLATHEAD 2 2031 Cofl 17.6194
FLATHEAD 2 2031 CLCI 12.6408
FLATHEAD 2 2031 CUCI 17.5601
FLATHEAD 2 2031 CMedian 15.3909
FLATHEAD 2 2031 CMean 15.2361
FLATHEAD 2 2031 CStdn 1.50132
FLATHEAD 2 2032 Cabc 16.2275
FLATHEAD 2 2032 Cofl 17.6194
FLATHEAD 2 2032 CLCI 12.6809
FLATHEAD 2 2032 CUCI 17.4629
FLATHEAD 2 2032 CMedian 15.3441
FLATHEAD 2 2032 CMean 15.1905
FLATHEAD 2 2032 CStdn 1.48563
FLATHEAD 2 2033 Cabc 16.2275
FLATHEAD 2 2033 Cofl 17.6194
FLATHEAD 2 2033 CLCI 12.6408
FLATHEAD 2 2033 CUCI 17.4931
FLATHEAD 2 2033 CMedian 15.3327
FLATHEAD 2 2033 CMean 15.1811
FLATHEAD 2 2033 CStdn 1.46964
FLATHEAD 2 2017 SSBF100 91.5511
FLATHEAD 2 2017 SSBFabc 36.6204
FLATHEAD 2 2017 SSBFofl 32.0429
FLATHEAD 2 2017 SSBLCI 83.2979
FLATHEAD 2 2017 SSBUCI 83.2979
FLATHEAD 2 2017 SSBMedian 83.2979
FLATHEAD 2 2017 SSBMean 83.2979
FLATHEAD 2 2018 SSBF100 91.5511
FLATHEAD 2 2018 SSBFabc 36.6204
FLATHEAD 2 2018 SSBFofl 32.0429
FLATHEAD 2 2018 SSBLCI 85.7501
FLATHEAD 2 2018 SSBUCI 85.7756
FLATHEAD 2 2018 SSBMedian 85.7603
FLATHEAD 2 2018 SSBMean 85.7613
FLATHEAD 2 2019 SSBF100 91.5511
FLATHEAD 2 2019 SSBFabc 36.6204
FLATHEAD 2 2019 SSBFofl 32.0429
FLATHEAD 2 2019 SSBLCI 89.0897
FLATHEAD 2 2019 SSBUCI 89.2014
FLATHEAD 2 2019 SSBMedian 89.1356
FLATHEAD 2 2019 SSBMean 89.1385
FLATHEAD 2 2020 SSBF100 91.5511
FLATHEAD 2 2020 SSBFabc 36.6204
FLATHEAD 2 2020 SSBFofl 32.0429
FLATHEAD 2 2020 SSBLCI 92.3033
FLATHEAD 2 2020 SSBUCI 92.6596
FLATHEAD 2 2020 SSBMedian 92.4498
FLATHEAD 2 2020 SSBMean 92.4613
FLATHEAD 2 2021 SSBF100 91.5511
FLATHEAD 2 2021 SSBFabc 36.6204
FLATHEAD 2 2021 SSBFofl 32.0429
FLATHEAD 2 2021 SSBLCI 78.1565
FLATHEAD 2 2021 SSBUCI 79.0709
FLATHEAD 2 2021 SSBMedian 78.5348
FLATHEAD 2 2021 SSBMean 78.5641
FLATHEAD 2 2022 SSBF100 91.5511
FLATHEAD 2 2022 SSBFabc 36.6204
FLATHEAD 2 2022 SSBFofl 32.0429
FLATHEAD 2 2022 SSBLCI 66.4231
FLATHEAD 2 2022 SSBUCI 68.4002
FLATHEAD 2 2022 SSBMedian 67.276
FLATHEAD 2 2022 SSBMean 67.3318
FLATHEAD 2 2023 SSBF100 91.5511
FLATHEAD 2 2023 SSBFabc 36.6204
FLATHEAD 2 2023 SSBFofl 32.0429
FLATHEAD 2 2023 SSBLCI 56.7266
FLATHEAD 2 2023 SSBUCI 60.2809
FLATHEAD 2 2023 SSBMedian 58.3212
FLATHEAD 2 2023 SSBMean 58.388
FLATHEAD 2 2024 SSBF100 91.5511
FLATHEAD 2 2024 SSBFabc 36.6204
FLATHEAD 2 2024 SSBFofl 32.0429
FLATHEAD 2 2024 SSBLCI 48.981
FLATHEAD 2 2024 SSBUCI 54.5235
FLATHEAD 2 2024 SSBMedian 51.4516
FLATHEAD 2 2024 SSBMean 51.5601
FLATHEAD 2 2025 SSBF100 91.5511
FLATHEAD 2 2025 SSBFabc 36.6204
FLATHEAD 2 2025 SSBFofl 32.0429
FLATHEAD 2 2025 SSBLCI 43.2078
FLATHEAD 2 2025 SSBUCI 50.3098
FLATHEAD 2 2025 SSBMedian 46.4436
FLATHEAD 2 2025 SSBMean 46.5687
FLATHEAD 2 2026 SSBF100 91.5511
FLATHEAD 2 2026 SSBFabc 36.6204
FLATHEAD 2 2026 SSBFofl 32.0429
FLATHEAD 2 2026 SSBLCI 39.0474
FLATHEAD 2 2026 SSBUCI 47.6089
FLATHEAD 2 2026 SSBMedian 42.9344
FLATHEAD 2 2026 SSBMean 43.0634
FLATHEAD 2 2027 SSBF100 91.5511
FLATHEAD 2 2027 SSBFabc 36.6204
FLATHEAD 2 2027 SSBFofl 32.0429
FLATHEAD 2 2027 SSBLCI 36.2869
FLATHEAD 2 2027 SSBUCI 45.4957
FLATHEAD 2 2027 SSBMedian 40.5417
FLATHEAD 2 2027 SSBMean 40.6884
FLATHEAD 2 2028 SSBF100 91.5511
FLATHEAD 2 2028 SSBFabc 36.6204
FLATHEAD 2 2028 SSBFofl 32.0429
FLATHEAD 2 2028 SSBLCI 34.6585
FLATHEAD 2 2028 SSBUCI 44.2883
FLATHEAD 2 2028 SSBMedian 38.9083
FLATHEAD 2 2028 SSBMean 39.1377
FLATHEAD 2 2029 SSBF100 91.5511
FLATHEAD 2 2029 SSBFabc 36.6204
FLATHEAD 2 2029 SSBFofl 32.0429
FLATHEAD 2 2029 SSBLCI 33.9643
FLATHEAD 2 2029 SSBUCI 43.1837
FLATHEAD 2 2029 SSBMedian 37.9117
FLATHEAD 2 2029 SSBMean 38.18
FLATHEAD 2 2030 SSBF100 91.5511
FLATHEAD 2 2030 SSBFabc 36.6204
FLATHEAD 2 2030 SSBFofl 32.0429
FLATHEAD 2 2030 SSBLCI 33.4666
FLATHEAD 2 2030 SSBUCI 42.4324
FLATHEAD 2 2030 SSBMedian 37.3092
FLATHEAD 2 2030 SSBMean 37.6348
FLATHEAD 2 2031 SSBF100 91.5511
FLATHEAD 2 2031 SSBFabc 36.6204
FLATHEAD 2 2031 SSBFofl 32.0429
FLATHEAD 2 2031 SSBLCI 33.4228
FLATHEAD 2 2031 SSBUCI 42.3069
FLATHEAD 2 2031 SSBMedian 37.0164
FLATHEAD 2 2031 SSBMean 37.3519
FLATHEAD 2 2032 SSBF100 91.5511
FLATHEAD 2 2032 SSBFabc 36.6204
FLATHEAD 2 2032 SSBFofl 32.0429
FLATHEAD 2 2032 SSBLCI 33.4628
FLATHEAD 2 2032 SSBUCI 41.9757
FLATHEAD 2 2032 SSBMedian 36.8951
FLATHEAD 2 2032 SSBMean 37.2245
FLATHEAD 2 2033 SSBF100 91.5511
FLATHEAD 2 2033 SSBFabc 36.6204
FLATHEAD 2 2033 SSBFofl 32.0429
FLATHEAD 2 2033 SSBLCI 33.3664
FLATHEAD 2 2033 SSBUCI 41.9061
FLATHEAD 2 2033 SSBMedian 36.8341
FLATHEAD 2 2033 SSBMean 37.1835
FLATHEAD 2 2017 F0 0 
FLATHEAD 2 2017 Fabc 0.284074
FLATHEAD 2 2017 Fofl 0.355733
FLATHEAD 2 2017  F_LCI 0.0153677
FLATHEAD 2 2017  F_UCI 0.0153677
FLATHEAD 2 2017  F_Median 0.0153677
FLATHEAD 2 2017  F_Mean 0.0153677
FLATHEAD 2 2018 F0 0 
FLATHEAD 2 2018 Fabc 0.284074
FLATHEAD 2 2018 Fofl 0.355733
FLATHEAD 2 2018  F_LCI 0.0160096
FLATHEAD 2 2018  F_UCI 0.0160138
FLATHEAD 2 2018  F_Median 0.0160122
FLATHEAD 2 2018  F_Mean 0.016012
FLATHEAD 2 2019 F0 0 
FLATHEAD 2 2019 Fabc 0.284074
FLATHEAD 2 2019 Fofl 0.355733
FLATHEAD 2 2019  F_LCI 0.0184828
FLATHEAD 2 2019  F_UCI 0.0185064
FLATHEAD 2 2019  F_Median 0.0184971
FLATHEAD 2 2019  F_Mean 0.0184964
FLATHEAD 2 2020 F0 0 
FLATHEAD 2 2020 Fabc 0.284074
FLATHEAD 2 2020 Fofl 0.355733
FLATHEAD 2 2020  F_LCI 0.284074
FLATHEAD 2 2020  F_UCI 0.284074
FLATHEAD 2 2020  F_Median 0.284074
FLATHEAD 2 2020  F_Mean 0.284074
FLATHEAD 2 2021 F0 0 
FLATHEAD 2 2021 Fabc 0.284074
FLATHEAD 2 2021 Fofl 0.355733
FLATHEAD 2 2021  F_LCI 0.284074
FLATHEAD 2 2021  F_UCI 0.284074
FLATHEAD 2 2021  F_Median 0.284074
FLATHEAD 2 2021  F_Mean 0.284074
FLATHEAD 2 2022 F0 0 
FLATHEAD 2 2022 Fabc 0.284074
FLATHEAD 2 2022 Fofl 0.355733
FLATHEAD 2 2022  F_LCI 0.284074
FLATHEAD 2 2022  F_UCI 0.284074
FLATHEAD 2 2022  F_Median 0.284074
FLATHEAD 2 2022  F_Mean 0.284074
FLATHEAD 2 2023 F0 0 
FLATHEAD 2 2023 Fabc 0.284074
FLATHEAD 2 2023 Fofl 0.355733
FLATHEAD 2 2023  F_LCI 0.284074
FLATHEAD 2 2023  F_UCI 0.284074
FLATHEAD 2 2023  F_Median 0.284074
FLATHEAD 2 2023  F_Mean 0.284074
FLATHEAD 2 2024 F0 0 
FLATHEAD 2 2024 Fabc 0.284074
FLATHEAD 2 2024 Fofl 0.355733
FLATHEAD 2 2024  F_LCI 0.284074
FLATHEAD 2 2024  F_UCI 0.284074
FLATHEAD 2 2024  F_Median 0.284074
FLATHEAD 2 2024  F_Mean 0.284074
FLATHEAD 2 2025 F0 0 
FLATHEAD 2 2025 Fabc 0.284074
FLATHEAD 2 2025 Fofl 0.355733
FLATHEAD 2 2025  F_LCI 0.284074
FLATHEAD 2 2025  F_UCI 0.284074
FLATHEAD 2 2025  F_Median 0.284074
FLATHEAD 2 2025  F_Mean 0.284074
FLATHEAD 2 2026 F0 0 
FLATHEAD 2 2026 Fabc 0.284074
FLATHEAD 2 2026 Fofl 0.355733
FLATHEAD 2 2026  F_LCI 0.284074
FLATHEAD 2 2026  F_UCI 0.284074
FLATHEAD 2 2026  F_Median 0.284074
FLATHEAD 2 2026  F_Mean 0.284064
FLATHEAD 2 2027 F0 0 
FLATHEAD 2 2027 Fabc 0.284074
FLATHEAD 2 2027 Fofl 0.355733
FLATHEAD 2 2027  F_LCI 0.281351
FLATHEAD 2 2027  F_UCI 0.284074
FLATHEAD 2 2027  F_Median 0.284074
FLATHEAD 2 2027  F_Mean 0.283572
FLATHEAD 2 2028 F0 0 
FLATHEAD 2 2028 Fabc 0.284074
FLATHEAD 2 2028 Fofl 0.355733
FLATHEAD 2 2028  F_LCI 0.268054
FLATHEAD 2 2028  F_UCI 0.284074
FLATHEAD 2 2028  F_Median 0.284074
FLATHEAD 2 2028  F_Mean 0.281976
FLATHEAD 2 2029 F0 0 
FLATHEAD 2 2029 Fabc 0.284074
FLATHEAD 2 2029 Fofl 0.355733
FLATHEAD 2 2029  F_LCI 0.262385
FLATHEAD 2 2029  F_UCI 0.284074
FLATHEAD 2 2029  F_Median 0.284074
FLATHEAD 2 2029  F_Mean 0.279995
FLATHEAD 2 2030 F0 0 
FLATHEAD 2 2030 Fabc 0.284074
FLATHEAD 2 2030 Fofl 0.355733
FLATHEAD 2 2030  F_LCI 0.258321
FLATHEAD 2 2030  F_UCI 0.284074
FLATHEAD 2 2030  F_Median 0.284074
FLATHEAD 2 2030  F_Mean 0.278678
FLATHEAD 2 2031 F0 0 
FLATHEAD 2 2031 Fabc 0.284074
FLATHEAD 2 2031 Fofl 0.355733
FLATHEAD 2 2031  F_LCI 0.257964
FLATHEAD 2 2031  F_UCI 0.284074
FLATHEAD 2 2031  F_Median 0.284074
FLATHEAD 2 2031  F_Mean 0.278027
FLATHEAD 2 2032 F0 0 
FLATHEAD 2 2032 Fabc 0.284074
FLATHEAD 2 2032 Fofl 0.355733
FLATHEAD 2 2032  F_LCI 0.25829
FLATHEAD 2 2032  F_UCI 0.284074
FLATHEAD 2 2032  F_Median 0.284074
FLATHEAD 2 2032  F_Mean 0.277826
FLATHEAD 2 2033 F0 0 
FLATHEAD 2 2033 Fabc 0.284074
FLATHEAD 2 2033 Fofl 0.355733
FLATHEAD 2 2033  F_LCI 0.257503
FLATHEAD 2 2033  F_UCI 0.284074
FLATHEAD 2 2033  F_Median 0.284074
FLATHEAD 2 2033  F_Mean 0.277772
FLATHEAD 3 2017 Cabc 16.2275
FLATHEAD 3 2017 Cofl 17.6194
FLATHEAD 3 2017 CLCI 2.051
FLATHEAD 3 2017 CUCI 2.051
FLATHEAD 3 2017 CMedian 2.051
FLATHEAD 3 2017 CMean 2.051
FLATHEAD 3 2017 CStdn 1.86517e-14
FLATHEAD 3 2018 Cabc 16.2275
FLATHEAD 3 2018 Cofl 17.6194
FLATHEAD 3 2018 CLCI 2.202
FLATHEAD 3 2018 CUCI 2.202
FLATHEAD 3 2018 CMedian 2.202
FLATHEAD 3 2018 CMean 2.202
FLATHEAD 3 2018 CStdn 6.81233e-11
FLATHEAD 3 2019 Cabc 16.2275
FLATHEAD 3 2019 Cofl 17.6194
FLATHEAD 3 2019 CLCI 2.647
FLATHEAD 3 2019 CUCI 2.647
FLATHEAD 3 2019 CMedian 2.647
FLATHEAD 3 2019 CMean 2.647
FLATHEAD 3 2019 CStdn 2.33961e-10
FLATHEAD 3 2020 Cabc 16.2275
FLATHEAD 3 2020 Cofl 17.6194
FLATHEAD 3 2020 CLCI 2.52258
FLATHEAD 3 2020 CUCI 2.53315
FLATHEAD 3 2020 CMedian 2.5269
FLATHEAD 3 2020 CMean 2.52724
FLATHEAD 3 2020 CStdn 0.00336988
FLATHEAD 3 2021 Cabc 16.2275
FLATHEAD 3 2021 Cofl 17.6194
FLATHEAD 3 2021 CLCI 2.59146
FLATHEAD 3 2021 CUCI 2.62042
FLATHEAD 3 2021 CMedian 2.60333
FLATHEAD 3 2021 CMean 2.60427
FLATHEAD 3 2021 CStdn 0.00906517
FLATHEAD 3 2022 Cabc 16.2275
FLATHEAD 3 2022 Cofl 17.6194
FLATHEAD 3 2022 CLCI 2.60784
FLATHEAD 3 2022 CUCI 2.67024
FLATHEAD 3 2022 CMedian 2.6347
FLATHEAD 3 2022 CMean 2.63646
FLATHEAD 3 2022 CStdn 0.0198462
FLATHEAD 3 2023 Cabc 16.2275
FLATHEAD 3 2023 Cofl 17.6194
FLATHEAD 3 2023 CLCI 2.57435
FLATHEAD 3 2023 CUCI 2.68815
FLATHEAD 3 2023 CMedian 2.62531
FLATHEAD 3 2023 CMean 2.62758
FLATHEAD 3 2023 CStdn 0.0364818
FLATHEAD 3 2024 Cabc 16.2275
FLATHEAD 3 2024 Cofl 17.6194
FLATHEAD 3 2024 CLCI 2.51059
FLATHEAD 3 2024 CUCI 2.69384
FLATHEAD 3 2024 CMedian 2.59138
FLATHEAD 3 2024 CMean 2.5947
FLATHEAD 3 2024 CStdn 0.0576631
FLATHEAD 3 2025 Cabc 16.2275
FLATHEAD 3 2025 Cofl 17.6194
FLATHEAD 3 2025 CLCI 2.43312
FLATHEAD 3 2025 CUCI 2.68718
FLATHEAD 3 2025 CMedian 2.54587
FLATHEAD 3 2025 CMean 2.55184
FLATHEAD 3 2025 CStdn 0.0801168
FLATHEAD 3 2026 Cabc 16.2275
FLATHEAD 3 2026 Cofl 17.6194
FLATHEAD 3 2026 CLCI 2.3539
FLATHEAD 3 2026 CUCI 2.67507
FLATHEAD 3 2026 CMedian 2.50021
FLATHEAD 3 2026 CMean 2.50707
FLATHEAD 3 2026 CStdn 0.100087
FLATHEAD 3 2027 Cabc 16.2275
FLATHEAD 3 2027 Cofl 17.6194
FLATHEAD 3 2027 CLCI 2.28707
FLATHEAD 3 2027 CUCI 2.6663
FLATHEAD 3 2027 CMedian 2.45869
FLATHEAD 3 2027 CMean 2.46528
FLATHEAD 3 2027 CStdn 0.115271
FLATHEAD 3 2028 Cabc 16.2275
FLATHEAD 3 2028 Cofl 17.6194
FLATHEAD 3 2028 CLCI 2.23294
FLATHEAD 3 2028 CUCI 2.63813
FLATHEAD 3 2028 CMedian 2.42277
FLATHEAD 3 2028 CMean 2.42885
FLATHEAD 3 2028 CStdn 0.125734
FLATHEAD 3 2029 Cabc 16.2275
FLATHEAD 3 2029 Cofl 17.6194
FLATHEAD 3 2029 CLCI 2.19381
FLATHEAD 3 2029 CUCI 2.62719
FLATHEAD 3 2029 CMedian 2.3902
FLATHEAD 3 2029 CMean 2.39804
FLATHEAD 3 2029 CStdn 0.132476
FLATHEAD 3 2030 Cabc 16.2275
FLATHEAD 3 2030 Cofl 17.6194
FLATHEAD 3 2030 CLCI 2.16165
FLATHEAD 3 2030 CUCI 2.6059
FLATHEAD 3 2030 CMedian 2.36129
FLATHEAD 3 2030 CMean 2.37275
FLATHEAD 3 2030 CStdn 0.136527
FLATHEAD 3 2031 Cabc 16.2275
FLATHEAD 3 2031 Cofl 17.6194
FLATHEAD 3 2031 CLCI 2.13368
FLATHEAD 3 2031 CUCI 2.58525
FLATHEAD 3 2031 CMedian 2.34208
FLATHEAD 3 2031 CMean 2.3525
FLATHEAD 3 2031 CStdn 0.139008
FLATHEAD 3 2032 Cabc 16.2275
FLATHEAD 3 2032 Cofl 17.6194
FLATHEAD 3 2032 CLCI 2.11203
FLATHEAD 3 2032 CUCI 2.57813
FLATHEAD 3 2032 CMedian 2.32895
FLATHEAD 3 2032 CMean 2.33668
FLATHEAD 3 2032 CStdn 0.140676
FLATHEAD 3 2033 Cabc 16.2275
FLATHEAD 3 2033 Cofl 17.6194
FLATHEAD 3 2033 CLCI 2.1057
FLATHEAD 3 2033 CUCI 2.56367
FLATHEAD 3 2033 CMedian 2.31562
FLATHEAD 3 2033 CMean 2.32447
FLATHEAD 3 2033 CStdn 0.141639
FLATHEAD 3 2017 SSBF100 91.5511
FLATHEAD 3 2017 SSBFabc 36.6204
FLATHEAD 3 2017 SSBFofl 32.0429
FLATHEAD 3 2017 SSBLCI 83.2979
FLATHEAD 3 2017 SSBUCI 83.2979
FLATHEAD 3 2017 SSBMedian 83.2979
FLATHEAD 3 2017 SSBMean 83.2979
FLATHEAD 3 2018 SSBF100 91.5511
FLATHEAD 3 2018 SSBFabc 36.6204
FLATHEAD 3 2018 SSBFofl 32.0429
FLATHEAD 3 2018 SSBLCI 85.7501
FLATHEAD 3 2018 SSBUCI 85.7756
FLATHEAD 3 2018 SSBMedian 85.7603
FLATHEAD 3 2018 SSBMean 85.7613
FLATHEAD 3 2019 SSBF100 91.5511
FLATHEAD 3 2019 SSBFabc 36.6204
FLATHEAD 3 2019 SSBFofl 32.0429
FLATHEAD 3 2019 SSBLCI 89.0897
FLATHEAD 3 2019 SSBUCI 89.2014
FLATHEAD 3 2019 SSBMedian 89.1356
FLATHEAD 3 2019 SSBMean 89.1385
FLATHEAD 3 2020 SSBF100 91.5511
FLATHEAD 3 2020 SSBFabc 36.6204
FLATHEAD 3 2020 SSBFofl 32.0429
FLATHEAD 3 2020 SSBLCI 92.3033
FLATHEAD 3 2020 SSBUCI 92.6596
FLATHEAD 3 2020 SSBMedian 92.4498
FLATHEAD 3 2020 SSBMean 92.4613
FLATHEAD 3 2021 SSBF100 91.5511
FLATHEAD 3 2021 SSBFabc 36.6204
FLATHEAD 3 2021 SSBFofl 32.0429
FLATHEAD 3 2021 SSBLCI 94.6573
FLATHEAD 3 2021 SSBUCI 95.5801
FLATHEAD 3 2021 SSBMedian 95.0391
FLATHEAD 3 2021 SSBMean 95.0686
FLATHEAD 3 2022 SSBF100 91.5511
FLATHEAD 3 2022 SSBFabc 36.6204
FLATHEAD 3 2022 SSBFofl 32.0429
FLATHEAD 3 2022 SSBLCI 95.4747
FLATHEAD 3 2022 SSBUCI 97.4987
FLATHEAD 3 2022 SSBMedian 96.3446
FLATHEAD 3 2022 SSBMean 96.402
FLATHEAD 3 2023 SSBF100 91.5511
FLATHEAD 3 2023 SSBFabc 36.6204
FLATHEAD 3 2023 SSBFofl 32.0429
FLATHEAD 3 2023 SSBLCI 94.773
FLATHEAD 3 2023 SSBUCI 98.5549
FLATHEAD 3 2023 SSBMedian 96.4547
FLATHEAD 3 2023 SSBMean 96.5407
FLATHEAD 3 2024 SSBF100 91.5511
FLATHEAD 3 2024 SSBFabc 36.6204
FLATHEAD 3 2024 SSBFofl 32.0429
FLATHEAD 3 2024 SSBLCI 92.9887
FLATHEAD 3 2024 SSBUCI 99.1404
FLATHEAD 3 2024 SSBMedian 95.7225
FLATHEAD 3 2024 SSBMean 95.8136
FLATHEAD 3 2025 SSBF100 91.5511
FLATHEAD 3 2025 SSBFabc 36.6204
FLATHEAD 3 2025 SSBFofl 32.0429
FLATHEAD 3 2025 SSBLCI 90.5895
FLATHEAD 3 2025 SSBUCI 99.1422
FLATHEAD 3 2025 SSBMedian 94.4138
FLATHEAD 3 2025 SSBMean 94.5845
FLATHEAD 3 2026 SSBF100 91.5511
FLATHEAD 3 2026 SSBFabc 36.6204
FLATHEAD 3 2026 SSBFofl 32.0429
FLATHEAD 3 2026 SSBLCI 87.962
FLATHEAD 3 2026 SSBUCI 98.8262
FLATHEAD 3 2026 SSBMedian 92.9132
FLATHEAD 3 2026 SSBMean 93.1524
FLATHEAD 3 2027 SSBF100 91.5511
FLATHEAD 3 2027 SSBFabc 36.6204
FLATHEAD 3 2027 SSBFofl 32.0429
FLATHEAD 3 2027 SSBLCI 85.5628
FLATHEAD 3 2027 SSBUCI 98.6456
FLATHEAD 3 2027 SSBMedian 91.4855
FLATHEAD 3 2027 SSBMean 91.7148
FLATHEAD 3 2028 SSBF100 91.5511
FLATHEAD 3 2028 SSBFabc 36.6204
FLATHEAD 3 2028 SSBFofl 32.0429
FLATHEAD 3 2028 SSBLCI 83.5394
FLATHEAD 3 2028 SSBUCI 97.6016
FLATHEAD 3 2028 SSBMedian 90.1661
FLATHEAD 3 2028 SSBMean 90.3846
FLATHEAD 3 2029 SSBF100 91.5511
FLATHEAD 3 2029 SSBFabc 36.6204
FLATHEAD 3 2029 SSBFofl 32.0429
FLATHEAD 3 2029 SSBLCI 82.0867
FLATHEAD 3 2029 SSBUCI 97.2793
FLATHEAD 3 2029 SSBMedian 88.9501
FLATHEAD 3 2029 SSBMean 89.2145
FLATHEAD 3 2030 SSBF100 91.5511
FLATHEAD 3 2030 SSBFabc 36.6204
FLATHEAD 3 2030 SSBFofl 32.0429
FLATHEAD 3 2030 SSBLCI 80.7699
FLATHEAD 3 2030 SSBUCI 96.4995
FLATHEAD 3 2030 SSBMedian 87.8809
FLATHEAD 3 2030 SSBMean 88.2247
FLATHEAD 3 2031 SSBF100 91.5511
FLATHEAD 3 2031 SSBFabc 36.6204
FLATHEAD 3 2031 SSBFofl 32.0429
FLATHEAD 3 2031 SSBLCI 79.6706
FLATHEAD 3 2031 SSBUCI 95.7149
FLATHEAD 3 2031 SSBMedian 87.0145
FLATHEAD 3 2031 SSBMean 87.4111
FLATHEAD 3 2032 SSBF100 91.5511
FLATHEAD 3 2032 SSBFabc 36.6204
FLATHEAD 3 2032 SSBFofl 32.0429
FLATHEAD 3 2032 SSBLCI 78.7861
FLATHEAD 3 2032 SSBUCI 95.5173
FLATHEAD 3 2032 SSBMedian 86.4648
FLATHEAD 3 2032 SSBMean 86.7575
FLATHEAD 3 2033 SSBF100 91.5511
FLATHEAD 3 2033 SSBFabc 36.6204
FLATHEAD 3 2033 SSBFofl 32.0429
FLATHEAD 3 2033 SSBLCI 78.3536
FLATHEAD 3 2033 SSBUCI 94.9467
FLATHEAD 3 2033 SSBMedian 85.9459
FLATHEAD 3 2033 SSBMean 86.242
FLATHEAD 3 2017 F0 0 
FLATHEAD 3 2017 Fabc 0.284074
FLATHEAD 3 2017 Fofl 0.355733
FLATHEAD 3 2017  F_LCI 0.0153677
FLATHEAD 3 2017  F_UCI 0.0153677
FLATHEAD 3 2017  F_Median 0.0153677
FLATHEAD 3 2017  F_Mean 0.0153677
FLATHEAD 3 2018 F0 0 
FLATHEAD 3 2018 Fabc 0.284074
FLATHEAD 3 2018 Fofl 0.355733
FLATHEAD 3 2018  F_LCI 0.0160096
FLATHEAD 3 2018  F_UCI 0.0160138
FLATHEAD 3 2018  F_Median 0.0160122
FLATHEAD 3 2018  F_Mean 0.016012
FLATHEAD 3 2019 F0 0 
FLATHEAD 3 2019 Fabc 0.284074
FLATHEAD 3 2019 Fofl 0.355733
FLATHEAD 3 2019  F_LCI 0.0184828
FLATHEAD 3 2019  F_UCI 0.0185064
FLATHEAD 3 2019  F_Median 0.0184971
FLATHEAD 3 2019  F_Mean 0.0184964
FLATHEAD 3 2020 F0 0 
FLATHEAD 3 2020 Fabc 0.284074
FLATHEAD 3 2020 Fofl 0.355733
FLATHEAD 3 2020  F_LCI 0.0169611
FLATHEAD 3 2020  F_UCI 0.0169611
FLATHEAD 3 2020  F_Median 0.0169611
FLATHEAD 3 2020  F_Mean 0.0169611
FLATHEAD 3 2021 F0 0 
FLATHEAD 3 2021 Fabc 0.284074
FLATHEAD 3 2021 Fofl 0.355733
FLATHEAD 3 2021  F_LCI 0.0169611
FLATHEAD 3 2021  F_UCI 0.0169611
FLATHEAD 3 2021  F_Median 0.0169611
FLATHEAD 3 2021  F_Mean 0.0169611
FLATHEAD 3 2022 F0 0 
FLATHEAD 3 2022 Fabc 0.284074
FLATHEAD 3 2022 Fofl 0.355733
FLATHEAD 3 2022  F_LCI 0.0169611
FLATHEAD 3 2022  F_UCI 0.0169611
FLATHEAD 3 2022  F_Median 0.0169611
FLATHEAD 3 2022  F_Mean 0.0169611
FLATHEAD 3 2023 F0 0 
FLATHEAD 3 2023 Fabc 0.284074
FLATHEAD 3 2023 Fofl 0.355733
FLATHEAD 3 2023  F_LCI 0.0169611
FLATHEAD 3 2023  F_UCI 0.0169611
FLATHEAD 3 2023  F_Median 0.0169611
FLATHEAD 3 2023  F_Mean 0.0169611
FLATHEAD 3 2024 F0 0 
FLATHEAD 3 2024 Fabc 0.284074
FLATHEAD 3 2024 Fofl 0.355733
FLATHEAD 3 2024  F_LCI 0.0169611
FLATHEAD 3 2024  F_UCI 0.0169611
FLATHEAD 3 2024  F_Median 0.0169611
FLATHEAD 3 2024  F_Mean 0.0169611
FLATHEAD 3 2025 F0 0 
FLATHEAD 3 2025 Fabc 0.284074
FLATHEAD 3 2025 Fofl 0.355733
FLATHEAD 3 2025  F_LCI 0.0169611
FLATHEAD 3 2025  F_UCI 0.0169611
FLATHEAD 3 2025  F_Median 0.0169611
FLATHEAD 3 2025  F_Mean 0.0169611
FLATHEAD 3 2026 F0 0 
FLATHEAD 3 2026 Fabc 0.284074
FLATHEAD 3 2026 Fofl 0.355733
FLATHEAD 3 2026  F_LCI 0.0169611
FLATHEAD 3 2026  F_UCI 0.0169611
FLATHEAD 3 2026  F_Median 0.0169611
FLATHEAD 3 2026  F_Mean 0.0169611
FLATHEAD 3 2027 F0 0 
FLATHEAD 3 2027 Fabc 0.284074
FLATHEAD 3 2027 Fofl 0.355733
FLATHEAD 3 2027  F_LCI 0.0169611
FLATHEAD 3 2027  F_UCI 0.0169611
FLATHEAD 3 2027  F_Median 0.0169611
FLATHEAD 3 2027  F_Mean 0.0169611
FLATHEAD 3 2028 F0 0 
FLATHEAD 3 2028 Fabc 0.284074
FLATHEAD 3 2028 Fofl 0.355733
FLATHEAD 3 2028  F_LCI 0.0169611
FLATHEAD 3 2028  F_UCI 0.0169611
FLATHEAD 3 2028  F_Median 0.0169611
FLATHEAD 3 2028  F_Mean 0.0169611
FLATHEAD 3 2029 F0 0 
FLATHEAD 3 2029 Fabc 0.284074
FLATHEAD 3 2029 Fofl 0.355733
FLATHEAD 3 2029  F_LCI 0.0169611
FLATHEAD 3 2029  F_UCI 0.0169611
FLATHEAD 3 2029  F_Median 0.0169611
FLATHEAD 3 2029  F_Mean 0.0169611
FLATHEAD 3 2030 F0 0 
FLATHEAD 3 2030 Fabc 0.284074
FLATHEAD 3 2030 Fofl 0.355733
FLATHEAD 3 2030  F_LCI 0.0169611
FLATHEAD 3 2030  F_UCI 0.0169611
FLATHEAD 3 2030  F_Median 0.0169611
FLATHEAD 3 2030  F_Mean 0.0169611
FLATHEAD 3 2031 F0 0 
FLATHEAD 3 2031 Fabc 0.284074
FLATHEAD 3 2031 Fofl 0.355733
FLATHEAD 3 2031  F_LCI 0.0169611
FLATHEAD 3 2031  F_UCI 0.0169611
FLATHEAD 3 2031  F_Median 0.0169611
FLATHEAD 3 2031  F_Mean 0.0169611
FLATHEAD 3 2032 F0 0 
FLATHEAD 3 2032 Fabc 0.284074
FLATHEAD 3 2032 Fofl 0.355733
FLATHEAD 3 2032  F_LCI 0.0169611
FLATHEAD 3 2032  F_UCI 0.0169611
FLATHEAD 3 2032  F_Median 0.0169611
FLATHEAD 3 2032  F_Mean 0.0169611
FLATHEAD 3 2033 F0 0 
FLATHEAD 3 2033 Fabc 0.284074
FLATHEAD 3 2033 Fofl 0.355733
FLATHEAD 3 2033  F_LCI 0.0169611
FLATHEAD 3 2033  F_UCI 0.0169611
FLATHEAD 3 2033  F_Median 0.0169611
FLATHEAD 3 2033  F_Mean 0.0169611
FLATHEAD 4 2017 Cabc 16.2275
FLATHEAD 4 2017 Cofl 17.6194
FLATHEAD 4 2017 CLCI 2.051
FLATHEAD 4 2017 CUCI 2.051
FLATHEAD 4 2017 CMedian 2.051
FLATHEAD 4 2017 CMean 2.051
FLATHEAD 4 2017 CStdn 1.86517e-14
FLATHEAD 4 2018 Cabc 16.2275
FLATHEAD 4 2018 Cofl 17.6194
FLATHEAD 4 2018 CLCI 2.202
FLATHEAD 4 2018 CUCI 2.202
FLATHEAD 4 2018 CMedian 2.202
FLATHEAD 4 2018 CMean 2.202
FLATHEAD 4 2018 CStdn 6.81233e-11
FLATHEAD 4 2019 Cabc 16.2275
FLATHEAD 4 2019 Cofl 17.6194
FLATHEAD 4 2019 CLCI 2.647
FLATHEAD 4 2019 CUCI 2.647
FLATHEAD 4 2019 CMedian 2.647
FLATHEAD 4 2019 CMean 2.647
FLATHEAD 4 2019 CStdn 2.33961e-10
FLATHEAD 4 2020 Cabc 16.2275
FLATHEAD 4 2020 Cofl 17.6194
FLATHEAD 4 2020 CLCI 8.97873
FLATHEAD 4 2020 CUCI 9.017
FLATHEAD 4 2020 CMedian 8.99437
FLATHEAD 4 2020 CMean 8.99559
FLATHEAD 4 2020 CStdn 0.0121939
FLATHEAD 4 2021 Cabc 16.2275
FLATHEAD 4 2021 Cofl 17.6194
FLATHEAD 4 2021 CLCI 8.91978
FLATHEAD 4 2021 CUCI 9.02422
FLATHEAD 4 2021 CMedian 8.96262
FLATHEAD 4 2021 CMean 8.96599
FLATHEAD 4 2021 CStdn 0.0327031
FLATHEAD 4 2022 Cabc 16.2275
FLATHEAD 4 2022 Cofl 17.6194
FLATHEAD 4 2022 CLCI 8.70163
FLATHEAD 4 2022 CUCI 8.92616
FLATHEAD 4 2022 CMedian 8.79802
FLATHEAD 4 2022 CMean 8.80449
FLATHEAD 4 2022 CStdn 0.0711738
FLATHEAD 4 2023 Cabc 16.2275
FLATHEAD 4 2023 Cofl 17.6194
FLATHEAD 4 2023 CLCI 8.35087
FLATHEAD 4 2023 CUCI 8.75479
FLATHEAD 4 2023 CMedian 8.53163
FLATHEAD 4 2023 CMean 8.53926
FLATHEAD 4 2023 CStdn 0.129525
FLATHEAD 4 2024 Cabc 16.2275
FLATHEAD 4 2024 Cofl 17.6194
FLATHEAD 4 2024 CLCI 7.93927
FLATHEAD 4 2024 CUCI 8.57914
FLATHEAD 4 2024 CMedian 8.22362
FLATHEAD 4 2024 CMean 8.23568
FLATHEAD 4 2024 CStdn 0.20176
FLATHEAD 4 2025 Cabc 16.2275
FLATHEAD 4 2025 Cofl 17.6194
FLATHEAD 4 2025 CLCI 7.53219
FLATHEAD 4 2025 CUCI 8.40731
FLATHEAD 4 2025 CMedian 7.9174
FLATHEAD 4 2025 CMean 7.9402
FLATHEAD 4 2025 CStdn 0.275337
FLATHEAD 4 2026 Cabc 16.2275
FLATHEAD 4 2026 Cofl 17.6194
FLATHEAD 4 2026 CLCI 7.1556
FLATHEAD 4 2026 CUCI 8.24329
FLATHEAD 4 2026 CMedian 7.65496
FLATHEAD 4 2026 CMean 7.67529
FLATHEAD 4 2026 CStdn 0.337652
FLATHEAD 4 2027 Cabc 16.2275
FLATHEAD 4 2027 Cofl 17.6194
FLATHEAD 4 2027 CLCI 6.85657
FLATHEAD 4 2027 CUCI 8.12495
FLATHEAD 4 2027 CMedian 7.43273
FLATHEAD 4 2027 CMean 7.45102
FLATHEAD 4 2027 CStdn 0.382533
FLATHEAD 4 2028 Cabc 16.2275
FLATHEAD 4 2028 Cofl 17.6194
FLATHEAD 4 2028 CLCI 6.63444
FLATHEAD 4 2028 CUCI 7.95401
FLATHEAD 4 2028 CMedian 7.24513
FLATHEAD 4 2028 CMean 7.26873
FLATHEAD 4 2028 CStdn 0.411436
FLATHEAD 4 2029 Cabc 16.2275
FLATHEAD 4 2029 Cofl 17.6194
FLATHEAD 4 2029 CLCI 6.46474
FLATHEAD 4 2029 CUCI 7.89009
FLATHEAD 4 2029 CMedian 7.09108
FLATHEAD 4 2029 CMean 7.12367
FLATHEAD 4 2029 CStdn 0.428251
FLATHEAD 4 2030 Cabc 16.2275
FLATHEAD 4 2030 Cofl 17.6194
FLATHEAD 4 2030 CLCI 6.33689
FLATHEAD 4 2030 CUCI 7.76133
FLATHEAD 4 2030 CMedian 6.97551
FLATHEAD 4 2030 CMean 7.01075
FLATHEAD 4 2030 CStdn 0.437069
FLATHEAD 4 2031 Cabc 16.2275
FLATHEAD 4 2031 Cofl 17.6194
FLATHEAD 4 2031 CLCI 6.23303
FLATHEAD 4 2031 CUCI 7.67256
FLATHEAD 4 2031 CMedian 6.89502
FLATHEAD 4 2031 CMean 6.92466
FLATHEAD 4 2031 CStdn 0.441926
FLATHEAD 4 2032 Cabc 16.2275
FLATHEAD 4 2032 Cofl 17.6194
FLATHEAD 4 2032 CLCI 6.16077
FLATHEAD 4 2032 CUCI 7.60703
FLATHEAD 4 2032 CMedian 6.83827
FLATHEAD 4 2032 CMean 6.86033
FLATHEAD 4 2032 CStdn 0.444916
FLATHEAD 4 2033 Cabc 16.2275
FLATHEAD 4 2033 Cofl 17.6194
FLATHEAD 4 2033 CLCI 6.12328
FLATHEAD 4 2033 CUCI 7.5666
FLATHEAD 4 2033 CMedian 6.77748
FLATHEAD 4 2033 CMean 6.81288
FLATHEAD 4 2033 CStdn 0.446104
FLATHEAD 4 2017 SSBF100 91.5511
FLATHEAD 4 2017 SSBFabc 36.6204
FLATHEAD 4 2017 SSBFofl 32.0429
FLATHEAD 4 2017 SSBLCI 83.2979
FLATHEAD 4 2017 SSBUCI 83.2979
FLATHEAD 4 2017 SSBMedian 83.2979
FLATHEAD 4 2017 SSBMean 83.2979
FLATHEAD 4 2018 SSBF100 91.5511
FLATHEAD 4 2018 SSBFabc 36.6204
FLATHEAD 4 2018 SSBFofl 32.0429
FLATHEAD 4 2018 SSBLCI 85.7501
FLATHEAD 4 2018 SSBUCI 85.7756
FLATHEAD 4 2018 SSBMedian 85.7603
FLATHEAD 4 2018 SSBMean 85.7613
FLATHEAD 4 2019 SSBF100 91.5511
FLATHEAD 4 2019 SSBFabc 36.6204
FLATHEAD 4 2019 SSBFofl 32.0429
FLATHEAD 4 2019 SSBLCI 89.0897
FLATHEAD 4 2019 SSBUCI 89.2014
FLATHEAD 4 2019 SSBMedian 89.1356
FLATHEAD 4 2019 SSBMean 89.1385
FLATHEAD 4 2020 SSBF100 91.5511
FLATHEAD 4 2020 SSBFabc 36.6204
FLATHEAD 4 2020 SSBFofl 32.0429
FLATHEAD 4 2020 SSBLCI 92.3033
FLATHEAD 4 2020 SSBUCI 92.6596
FLATHEAD 4 2020 SSBMedian 92.4498
FLATHEAD 4 2020 SSBMean 92.4613
FLATHEAD 4 2021 SSBF100 91.5511
FLATHEAD 4 2021 SSBFabc 36.6204
FLATHEAD 4 2021 SSBFofl 32.0429
FLATHEAD 4 2021 SSBLCI 91.6421
FLATHEAD 4 2021 SSBUCI 92.5634
FLATHEAD 4 2021 SSBMedian 92.0232
FLATHEAD 4 2021 SSBMean 92.0527
FLATHEAD 4 2022 SSBF100 91.5511
FLATHEAD 4 2022 SSBFabc 36.6204
FLATHEAD 4 2022 SSBFofl 32.0429
FLATHEAD 4 2022 SSBLCI 89.6941
FLATHEAD 4 2022 SSBUCI 91.7101
FLATHEAD 4 2022 SSBMedian 90.5609
FLATHEAD 4 2022 SSBMean 90.6182
FLATHEAD 4 2023 SSBF100 91.5511
FLATHEAD 4 2023 SSBFabc 36.6204
FLATHEAD 4 2023 SSBFofl 32.0429
FLATHEAD 4 2023 SSBLCI 86.5838
FLATHEAD 4 2023 SSBUCI 90.3293
FLATHEAD 4 2023 SSBMedian 88.2499
FLATHEAD 4 2023 SSBMean 88.3346
FLATHEAD 4 2024 SSBF100 91.5511
FLATHEAD 4 2024 SSBFabc 36.6204
FLATHEAD 4 2024 SSBFofl 32.0429
FLATHEAD 4 2024 SSBLCI 82.8193
FLATHEAD 4 2024 SSBUCI 88.8812
FLATHEAD 4 2024 SSBMedian 85.5
FLATHEAD 4 2024 SSBMean 85.601
FLATHEAD 4 2025 SSBF100 91.5511
FLATHEAD 4 2025 SSBFabc 36.6204
FLATHEAD 4 2025 SSBFofl 32.0429
FLATHEAD 4 2025 SSBLCI 78.9081
FLATHEAD 4 2025 SSBUCI 87.2153
FLATHEAD 4 2025 SSBMedian 82.5935
FLATHEAD 4 2025 SSBMean 82.7888
FLATHEAD 4 2026 SSBF100 91.5511
FLATHEAD 4 2026 SSBFabc 36.6204
FLATHEAD 4 2026 SSBFofl 32.0429
FLATHEAD 4 2026 SSBLCI 75.1825
FLATHEAD 4 2026 SSBUCI 85.5723
FLATHEAD 4 2026 SSBMedian 79.9187
FLATHEAD 4 2026 SSBMean 80.1576
FLATHEAD 4 2027 SSBF100 91.5511
FLATHEAD 4 2027 SSBFabc 36.6204
FLATHEAD 4 2027 SSBFofl 32.0429
FLATHEAD 4 2027 SSBLCI 72.0603
FLATHEAD 4 2027 SSBUCI 84.3559
FLATHEAD 4 2027 SSBMedian 77.6814
FLATHEAD 4 2027 SSBMean 77.8446
FLATHEAD 4 2028 SSBF100 91.5511
FLATHEAD 4 2028 SSBFabc 36.6204
FLATHEAD 4 2028 SSBFofl 32.0429
FLATHEAD 4 2028 SSBLCI 69.6204
FLATHEAD 4 2028 SSBUCI 82.6149
FLATHEAD 4 2028 SSBMedian 75.7121
FLATHEAD 4 2028 SSBMean 75.8973
FLATHEAD 4 2029 SSBF100 91.5511
FLATHEAD 4 2029 SSBFabc 36.6204
FLATHEAD 4 2029 SSBFofl 32.0429
FLATHEAD 4 2029 SSBLCI 67.8766
FLATHEAD 4 2029 SSBUCI 81.778
FLATHEAD 4 2029 SSBMedian 73.9844
FLATHEAD 4 2029 SSBMean 74.3074
FLATHEAD 4 2030 SSBF100 91.5511
FLATHEAD 4 2030 SSBFabc 36.6204
FLATHEAD 4 2030 SSBFofl 32.0429
FLATHEAD 4 2030 SSBLCI 66.3009
FLATHEAD 4 2030 SSBUCI 80.4536
FLATHEAD 4 2030 SSBMedian 72.7408
FLATHEAD 4 2030 SSBMean 73.0438
FLATHEAD 4 2031 SSBF100 91.5511
FLATHEAD 4 2031 SSBFabc 36.6204
FLATHEAD 4 2031 SSBFofl 32.0429
FLATHEAD 4 2031 SSBLCI 65.033
FLATHEAD 4 2031 SSBUCI 79.4188
FLATHEAD 4 2031 SSBMedian 71.7008
FLATHEAD 4 2031 SSBMean 72.0613
FLATHEAD 4 2032 SSBF100 91.5511
FLATHEAD 4 2032 SSBFabc 36.6204
FLATHEAD 4 2032 SSBFofl 32.0429
FLATHEAD 4 2032 SSBLCI 64.1714
FLATHEAD 4 2032 SSBUCI 78.8837
FLATHEAD 4 2032 SSBMedian 71.064
FLATHEAD 4 2032 SSBMean 71.3118
FLATHEAD 4 2033 SSBF100 91.5511
FLATHEAD 4 2033 SSBFabc 36.6204
FLATHEAD 4 2033 SSBFofl 32.0429
FLATHEAD 4 2033 SSBLCI 63.8147
FLATHEAD 4 2033 SSBUCI 78.2905
FLATHEAD 4 2033 SSBMedian 70.465
FLATHEAD 4 2033 SSBMean 70.7497
FLATHEAD 4 2017 F0 0 
FLATHEAD 4 2017 Fabc 0.284074
FLATHEAD 4 2017 Fofl 0.355733
FLATHEAD 4 2017  F_LCI 0.0153677
FLATHEAD 4 2017  F_UCI 0.0153677
FLATHEAD 4 2017  F_Median 0.0153677
FLATHEAD 4 2017  F_Mean 0.0153677
FLATHEAD 4 2018 F0 0 
FLATHEAD 4 2018 Fabc 0.284074
FLATHEAD 4 2018 Fofl 0.355733
FLATHEAD 4 2018  F_LCI 0.0160096
FLATHEAD 4 2018  F_UCI 0.0160138
FLATHEAD 4 2018  F_Median 0.0160122
FLATHEAD 4 2018  F_Mean 0.016012
FLATHEAD 4 2019 F0 0 
FLATHEAD 4 2019 Fabc 0.284074
FLATHEAD 4 2019 Fofl 0.355733
FLATHEAD 4 2019  F_LCI 0.0184828
FLATHEAD 4 2019  F_UCI 0.0185064
FLATHEAD 4 2019  F_Median 0.0184971
FLATHEAD 4 2019  F_Mean 0.0184964
FLATHEAD 4 2020 F0 0 
FLATHEAD 4 2020 Fabc 0.284074
FLATHEAD 4 2020 Fofl 0.355733
FLATHEAD 4 2020  F_LCI 0.0614374
FLATHEAD 4 2020  F_UCI 0.0614374
FLATHEAD 4 2020  F_Median 0.0614374
FLATHEAD 4 2020  F_Mean 0.0614374
FLATHEAD 4 2021 F0 0 
FLATHEAD 4 2021 Fabc 0.284074
FLATHEAD 4 2021 Fofl 0.355733
FLATHEAD 4 2021  F_LCI 0.0614374
FLATHEAD 4 2021  F_UCI 0.0614374
FLATHEAD 4 2021  F_Median 0.0614374
FLATHEAD 4 2021  F_Mean 0.0614374
FLATHEAD 4 2022 F0 0 
FLATHEAD 4 2022 Fabc 0.284074
FLATHEAD 4 2022 Fofl 0.355733
FLATHEAD 4 2022  F_LCI 0.0614374
FLATHEAD 4 2022  F_UCI 0.0614374
FLATHEAD 4 2022  F_Median 0.0614374
FLATHEAD 4 2022  F_Mean 0.0614374
FLATHEAD 4 2023 F0 0 
FLATHEAD 4 2023 Fabc 0.284074
FLATHEAD 4 2023 Fofl 0.355733
FLATHEAD 4 2023  F_LCI 0.0614374
FLATHEAD 4 2023  F_UCI 0.0614374
FLATHEAD 4 2023  F_Median 0.0614374
FLATHEAD 4 2023  F_Mean 0.0614374
FLATHEAD 4 2024 F0 0 
FLATHEAD 4 2024 Fabc 0.284074
FLATHEAD 4 2024 Fofl 0.355733
FLATHEAD 4 2024  F_LCI 0.0614374
FLATHEAD 4 2024  F_UCI 0.0614374
FLATHEAD 4 2024  F_Median 0.0614374
FLATHEAD 4 2024  F_Mean 0.0614374
FLATHEAD 4 2025 F0 0 
FLATHEAD 4 2025 Fabc 0.284074
FLATHEAD 4 2025 Fofl 0.355733
FLATHEAD 4 2025  F_LCI 0.0614374
FLATHEAD 4 2025  F_UCI 0.0614374
FLATHEAD 4 2025  F_Median 0.0614374
FLATHEAD 4 2025  F_Mean 0.0614374
FLATHEAD 4 2026 F0 0 
FLATHEAD 4 2026 Fabc 0.284074
FLATHEAD 4 2026 Fofl 0.355733
FLATHEAD 4 2026  F_LCI 0.0614374
FLATHEAD 4 2026  F_UCI 0.0614374
FLATHEAD 4 2026  F_Median 0.0614374
FLATHEAD 4 2026  F_Mean 0.0614374
FLATHEAD 4 2027 F0 0 
FLATHEAD 4 2027 Fabc 0.284074
FLATHEAD 4 2027 Fofl 0.355733
FLATHEAD 4 2027  F_LCI 0.0614374
FLATHEAD 4 2027  F_UCI 0.0614374
FLATHEAD 4 2027  F_Median 0.0614374
FLATHEAD 4 2027  F_Mean 0.0614374
FLATHEAD 4 2028 F0 0 
FLATHEAD 4 2028 Fabc 0.284074
FLATHEAD 4 2028 Fofl 0.355733
FLATHEAD 4 2028  F_LCI 0.0614374
FLATHEAD 4 2028  F_UCI 0.0614374
FLATHEAD 4 2028  F_Median 0.0614374
FLATHEAD 4 2028  F_Mean 0.0614374
FLATHEAD 4 2029 F0 0 
FLATHEAD 4 2029 Fabc 0.284074
FLATHEAD 4 2029 Fofl 0.355733
FLATHEAD 4 2029  F_LCI 0.0614374
FLATHEAD 4 2029  F_UCI 0.0614374
FLATHEAD 4 2029  F_Median 0.0614374
FLATHEAD 4 2029  F_Mean 0.0614374
FLATHEAD 4 2030 F0 0 
FLATHEAD 4 2030 Fabc 0.284074
FLATHEAD 4 2030 Fofl 0.355733
FLATHEAD 4 2030  F_LCI 0.0614374
FLATHEAD 4 2030  F_UCI 0.0614374
FLATHEAD 4 2030  F_Median 0.0614374
FLATHEAD 4 2030  F_Mean 0.0614374
FLATHEAD 4 2031 F0 0 
FLATHEAD 4 2031 Fabc 0.284074
FLATHEAD 4 2031 Fofl 0.355733
FLATHEAD 4 2031  F_LCI 0.0614374
FLATHEAD 4 2031  F_UCI 0.0614374
FLATHEAD 4 2031  F_Median 0.0614374
FLATHEAD 4 2031  F_Mean 0.0614374
FLATHEAD 4 2032 F0 0 
FLATHEAD 4 2032 Fabc 0.284074
FLATHEAD 4 2032 Fofl 0.355733
FLATHEAD 4 2032  F_LCI 0.0614374
FLATHEAD 4 2032  F_UCI 0.0614374
FLATHEAD 4 2032  F_Median 0.0614374
FLATHEAD 4 2032  F_Mean 0.0614374
FLATHEAD 4 2033 F0 0 
FLATHEAD 4 2033 Fabc 0.284074
FLATHEAD 4 2033 Fofl 0.355733
FLATHEAD 4 2033  F_LCI 0.0614374
FLATHEAD 4 2033  F_UCI 0.0614374
FLATHEAD 4 2033  F_Median 0.0614374
FLATHEAD 4 2033  F_Mean 0.0614374
FLATHEAD 5 2017 Cabc 16.2275
FLATHEAD 5 2017 Cofl 17.6194
FLATHEAD 5 2017 CLCI 2.051
FLATHEAD 5 2017 CUCI 2.051
FLATHEAD 5 2017 CMedian 2.051
FLATHEAD 5 2017 CMean 2.051
FLATHEAD 5 2017 CStdn 1.86517e-14
FLATHEAD 5 2018 Cabc 16.2275
FLATHEAD 5 2018 Cofl 17.6194
FLATHEAD 5 2018 CLCI 2.202
FLATHEAD 5 2018 CUCI 2.202
FLATHEAD 5 2018 CMedian 2.202
FLATHEAD 5 2018 CMean 2.202
FLATHEAD 5 2018 CStdn 6.81233e-11
FLATHEAD 5 2019 Cabc 16.2275
FLATHEAD 5 2019 Cofl 17.6194
FLATHEAD 5 2019 CLCI 2.647
FLATHEAD 5 2019 CUCI 2.647
FLATHEAD 5 2019 CMedian 2.647
FLATHEAD 5 2019 CMean 2.647
FLATHEAD 5 2019 CStdn 2.33961e-10
FLATHEAD 5 2020 Cabc 16.2275
FLATHEAD 5 2020 Cofl 17.6194
FLATHEAD 5 2020 CLCI 0
FLATHEAD 5 2020 CUCI 0
FLATHEAD 5 2020 CMedian 0
FLATHEAD 5 2020 CMean 0
FLATHEAD 5 2020 CStdn 0
FLATHEAD 5 2021 Cabc 16.2275
FLATHEAD 5 2021 Cofl 17.6194
FLATHEAD 5 2021 CLCI 0
FLATHEAD 5 2021 CUCI 0
FLATHEAD 5 2021 CMedian 0
FLATHEAD 5 2021 CMean 0
FLATHEAD 5 2021 CStdn 0
FLATHEAD 5 2022 Cabc 16.2275
FLATHEAD 5 2022 Cofl 17.6194
FLATHEAD 5 2022 CLCI 0
FLATHEAD 5 2022 CUCI 0
FLATHEAD 5 2022 CMedian 0
FLATHEAD 5 2022 CMean 0
FLATHEAD 5 2022 CStdn 0
FLATHEAD 5 2023 Cabc 16.2275
FLATHEAD 5 2023 Cofl 17.6194
FLATHEAD 5 2023 CLCI 0
FLATHEAD 5 2023 CUCI 0
FLATHEAD 5 2023 CMedian 0
FLATHEAD 5 2023 CMean 0
FLATHEAD 5 2023 CStdn 0
FLATHEAD 5 2024 Cabc 16.2275
FLATHEAD 5 2024 Cofl 17.6194
FLATHEAD 5 2024 CLCI 0
FLATHEAD 5 2024 CUCI 0
FLATHEAD 5 2024 CMedian 0
FLATHEAD 5 2024 CMean 0
FLATHEAD 5 2024 CStdn 0
FLATHEAD 5 2025 Cabc 16.2275
FLATHEAD 5 2025 Cofl 17.6194
FLATHEAD 5 2025 CLCI 0
FLATHEAD 5 2025 CUCI 0
FLATHEAD 5 2025 CMedian 0
FLATHEAD 5 2025 CMean 0
FLATHEAD 5 2025 CStdn 0
FLATHEAD 5 2026 Cabc 16.2275
FLATHEAD 5 2026 Cofl 17.6194
FLATHEAD 5 2026 CLCI 0
FLATHEAD 5 2026 CUCI 0
FLATHEAD 5 2026 CMedian 0
FLATHEAD 5 2026 CMean 0
FLATHEAD 5 2026 CStdn 0
FLATHEAD 5 2027 Cabc 16.2275
FLATHEAD 5 2027 Cofl 17.6194
FLATHEAD 5 2027 CLCI 0
FLATHEAD 5 2027 CUCI 0
FLATHEAD 5 2027 CMedian 0
FLATHEAD 5 2027 CMean 0
FLATHEAD 5 2027 CStdn 0
FLATHEAD 5 2028 Cabc 16.2275
FLATHEAD 5 2028 Cofl 17.6194
FLATHEAD 5 2028 CLCI 0
FLATHEAD 5 2028 CUCI 0
FLATHEAD 5 2028 CMedian 0
FLATHEAD 5 2028 CMean 0
FLATHEAD 5 2028 CStdn 0
FLATHEAD 5 2029 Cabc 16.2275
FLATHEAD 5 2029 Cofl 17.6194
FLATHEAD 5 2029 CLCI 0
FLATHEAD 5 2029 CUCI 0
FLATHEAD 5 2029 CMedian 0
FLATHEAD 5 2029 CMean 0
FLATHEAD 5 2029 CStdn 0
FLATHEAD 5 2030 Cabc 16.2275
FLATHEAD 5 2030 Cofl 17.6194
FLATHEAD 5 2030 CLCI 0
FLATHEAD 5 2030 CUCI 0
FLATHEAD 5 2030 CMedian 0
FLATHEAD 5 2030 CMean 0
FLATHEAD 5 2030 CStdn 0
FLATHEAD 5 2031 Cabc 16.2275
FLATHEAD 5 2031 Cofl 17.6194
FLATHEAD 5 2031 CLCI 0
FLATHEAD 5 2031 CUCI 0
FLATHEAD 5 2031 CMedian 0
FLATHEAD 5 2031 CMean 0
FLATHEAD 5 2031 CStdn 0
FLATHEAD 5 2032 Cabc 16.2275
FLATHEAD 5 2032 Cofl 17.6194
FLATHEAD 5 2032 CLCI 0
FLATHEAD 5 2032 CUCI 0
FLATHEAD 5 2032 CMedian 0
FLATHEAD 5 2032 CMean 0
FLATHEAD 5 2032 CStdn 0
FLATHEAD 5 2033 Cabc 16.2275
FLATHEAD 5 2033 Cofl 17.6194
FLATHEAD 5 2033 CLCI 0
FLATHEAD 5 2033 CUCI 0
FLATHEAD 5 2033 CMedian 0
FLATHEAD 5 2033 CMean 0
FLATHEAD 5 2033 CStdn 0
FLATHEAD 5 2017 SSBF100 91.5511
FLATHEAD 5 2017 SSBFabc 36.6204
FLATHEAD 5 2017 SSBFofl 32.0429
FLATHEAD 5 2017 SSBLCI 83.2979
FLATHEAD 5 2017 SSBUCI 83.2979
FLATHEAD 5 2017 SSBMedian 83.2979
FLATHEAD 5 2017 SSBMean 83.2979
FLATHEAD 5 2018 SSBF100 91.5511
FLATHEAD 5 2018 SSBFabc 36.6204
FLATHEAD 5 2018 SSBFofl 32.0429
FLATHEAD 5 2018 SSBLCI 85.7501
FLATHEAD 5 2018 SSBUCI 85.7756
FLATHEAD 5 2018 SSBMedian 85.7603
FLATHEAD 5 2018 SSBMean 85.7613
FLATHEAD 5 2019 SSBF100 91.5511
FLATHEAD 5 2019 SSBFabc 36.6204
FLATHEAD 5 2019 SSBFofl 32.0429
FLATHEAD 5 2019 SSBLCI 89.0897
FLATHEAD 5 2019 SSBUCI 89.2014
FLATHEAD 5 2019 SSBMedian 89.1356
FLATHEAD 5 2019 SSBMean 89.1385
FLATHEAD 5 2020 SSBF100 91.5511
FLATHEAD 5 2020 SSBFabc 36.6204
FLATHEAD 5 2020 SSBFofl 32.0429
FLATHEAD 5 2020 SSBLCI 92.3033
FLATHEAD 5 2020 SSBUCI 92.6596
FLATHEAD 5 2020 SSBMedian 92.4498
FLATHEAD 5 2020 SSBMean 92.4613
FLATHEAD 5 2021 SSBF100 91.5511
FLATHEAD 5 2021 SSBFabc 36.6204
FLATHEAD 5 2021 SSBFofl 32.0429
FLATHEAD 5 2021 SSBLCI 95.8379
FLATHEAD 5 2021 SSBUCI 96.7612
FLATHEAD 5 2021 SSBMedian 96.22
FLATHEAD 5 2021 SSBMean 96.2494
FLATHEAD 5 2022 SSBF100 91.5511
FLATHEAD 5 2022 SSBFabc 36.6204
FLATHEAD 5 2022 SSBFofl 32.0429
FLATHEAD 5 2022 SSBLCI 97.7963
FLATHEAD 5 2022 SSBUCI 99.8233
FLATHEAD 5 2022 SSBMedian 98.6674
FLATHEAD 5 2022 SSBMean 98.7248
FLATHEAD 5 2023 SSBF100 91.5511
FLATHEAD 5 2023 SSBFabc 36.6204
FLATHEAD 5 2023 SSBFofl 32.0429
FLATHEAD 5 2023 SSBLCI 98.1442
FLATHEAD 5 2023 SSBUCI 101.943
FLATHEAD 5 2023 SSBMedian 99.8319
FLATHEAD 5 2023 SSBMean 99.9184
FLATHEAD 5 2024 SSBF100 91.5511
FLATHEAD 5 2024 SSBFabc 36.6204
FLATHEAD 5 2024 SSBFofl 32.0429
FLATHEAD 5 2024 SSBLCI 97.2739
FLATHEAD 5 2024 SSBUCI 103.471
FLATHEAD 5 2024 SSBMedian 100.033
FLATHEAD 5 2024 SSBMean 100.118
FLATHEAD 5 2025 SSBF100 91.5511
FLATHEAD 5 2025 SSBFabc 36.6204
FLATHEAD 5 2025 SSBFofl 32.0429
FLATHEAD 5 2025 SSBLCI 95.6296
FLATHEAD 5 2025 SSBUCI 104.287
FLATHEAD 5 2025 SSBMedian 99.4955
FLATHEAD 5 2025 SSBMean 99.6687
FLATHEAD 5 2026 SSBF100 91.5511
FLATHEAD 5 2026 SSBFabc 36.6204
FLATHEAD 5 2026 SSBFofl 32.0429
FLATHEAD 5 2026 SSBLCI 93.5937
FLATHEAD 5 2026 SSBUCI 104.646
FLATHEAD 5 2026 SSBMedian 98.6148
FLATHEAD 5 2026 SSBMean 98.8723
FLATHEAD 5 2027 SSBF100 91.5511
FLATHEAD 5 2027 SSBFabc 36.6204
FLATHEAD 5 2027 SSBFofl 32.0429
FLATHEAD 5 2027 SSBLCI 91.6873
FLATHEAD 5 2027 SSBUCI 105.013
FLATHEAD 5 2027 SSBMedian 97.6952
FLATHEAD 5 2027 SSBMean 97.9401
FLATHEAD 5 2028 SSBF100 91.5511
FLATHEAD 5 2028 SSBFabc 36.6204
FLATHEAD 5 2028 SSBFofl 32.0429
FLATHEAD 5 2028 SSBLCI 89.9955
FLATHEAD 5 2028 SSBUCI 104.478
FLATHEAD 5 2028 SSBMedian 96.7862
FLATHEAD 5 2028 SSBMean 97.0039
FLATHEAD 5 2029 SSBF100 91.5511
FLATHEAD 5 2029 SSBFabc 36.6204
FLATHEAD 5 2029 SSBFofl 32.0429
FLATHEAD 5 2029 SSBLCI 88.7901
FLATHEAD 5 2029 SSBUCI 104.386
FLATHEAD 5 2029 SSBMedian 95.8252
FLATHEAD 5 2029 SSBMean 96.136
FLATHEAD 5 2030 SSBF100 91.5511
FLATHEAD 5 2030 SSBFabc 36.6204
FLATHEAD 5 2030 SSBFofl 32.0429
FLATHEAD 5 2030 SSBLCI 87.7345
FLATHEAD 5 2030 SSBUCI 104.139
FLATHEAD 5 2030 SSBMedian 95.0666
FLATHEAD 5 2030 SSBMean 95.3753
FLATHEAD 5 2031 SSBF100 91.5511
FLATHEAD 5 2031 SSBFabc 36.6204
FLATHEAD 5 2031 SSBFofl 32.0429
FLATHEAD 5 2031 SSBLCI 86.6411
FLATHEAD 5 2031 SSBUCI 103.447
FLATHEAD 5 2031 SSBMedian 94.2725
FLATHEAD 5 2031 SSBMean 94.7331
FLATHEAD 5 2032 SSBF100 91.5511
FLATHEAD 5 2032 SSBFabc 36.6204
FLATHEAD 5 2032 SSBFofl 32.0429
FLATHEAD 5 2032 SSBLCI 85.7031
FLATHEAD 5 2032 SSBUCI 103.314
FLATHEAD 5 2032 SSBMedian 93.8549
FLATHEAD 5 2032 SSBMean 94.2069
FLATHEAD 5 2033 SSBF100 91.5511
FLATHEAD 5 2033 SSBFabc 36.6204
FLATHEAD 5 2033 SSBFofl 32.0429
FLATHEAD 5 2033 SSBLCI 85.5031
FLATHEAD 5 2033 SSBUCI 103.005
FLATHEAD 5 2033 SSBMedian 93.4771
FLATHEAD 5 2033 SSBMean 93.785
FLATHEAD 5 2017 F0 0 
FLATHEAD 5 2017 Fabc 0.284074
FLATHEAD 5 2017 Fofl 0.355733
FLATHEAD 5 2017  F_LCI 0.0153677
FLATHEAD 5 2017  F_UCI 0.0153677
FLATHEAD 5 2017  F_Median 0.0153677
FLATHEAD 5 2017  F_Mean 0.0153677
FLATHEAD 5 2018 F0 0 
FLATHEAD 5 2018 Fabc 0.284074
FLATHEAD 5 2018 Fofl 0.355733
FLATHEAD 5 2018  F_LCI 0.0160096
FLATHEAD 5 2018  F_UCI 0.0160138
FLATHEAD 5 2018  F_Median 0.0160122
FLATHEAD 5 2018  F_Mean 0.016012
FLATHEAD 5 2019 F0 0 
FLATHEAD 5 2019 Fabc 0.284074
FLATHEAD 5 2019 Fofl 0.355733
FLATHEAD 5 2019  F_LCI 0.0184828
FLATHEAD 5 2019  F_UCI 0.0185064
FLATHEAD 5 2019  F_Median 0.0184971
FLATHEAD 5 2019  F_Mean 0.0184964
FLATHEAD 5 2020 F0 0 
FLATHEAD 5 2020 Fabc 0.284074
FLATHEAD 5 2020 Fofl 0.355733
FLATHEAD 5 2020  F_LCI 0
FLATHEAD 5 2020  F_UCI 0
FLATHEAD 5 2020  F_Median 0
FLATHEAD 5 2020  F_Mean 0
FLATHEAD 5 2021 F0 0 
FLATHEAD 5 2021 Fabc 0.284074
FLATHEAD 5 2021 Fofl 0.355733
FLATHEAD 5 2021  F_LCI 0
FLATHEAD 5 2021  F_UCI 0
FLATHEAD 5 2021  F_Median 0
FLATHEAD 5 2021  F_Mean 0
FLATHEAD 5 2022 F0 0 
FLATHEAD 5 2022 Fabc 0.284074
FLATHEAD 5 2022 Fofl 0.355733
FLATHEAD 5 2022  F_LCI 0
FLATHEAD 5 2022  F_UCI 0
FLATHEAD 5 2022  F_Median 0
FLATHEAD 5 2022  F_Mean 0
FLATHEAD 5 2023 F0 0 
FLATHEAD 5 2023 Fabc 0.284074
FLATHEAD 5 2023 Fofl 0.355733
FLATHEAD 5 2023  F_LCI 0
FLATHEAD 5 2023  F_UCI 0
FLATHEAD 5 2023  F_Median 0
FLATHEAD 5 2023  F_Mean 0
FLATHEAD 5 2024 F0 0 
FLATHEAD 5 2024 Fabc 0.284074
FLATHEAD 5 2024 Fofl 0.355733
FLATHEAD 5 2024  F_LCI 0
FLATHEAD 5 2024  F_UCI 0
FLATHEAD 5 2024  F_Median 0
FLATHEAD 5 2024  F_Mean 0
FLATHEAD 5 2025 F0 0 
FLATHEAD 5 2025 Fabc 0.284074
FLATHEAD 5 2025 Fofl 0.355733
FLATHEAD 5 2025  F_LCI 0
FLATHEAD 5 2025  F_UCI 0
FLATHEAD 5 2025  F_Median 0
FLATHEAD 5 2025  F_Mean 0
FLATHEAD 5 2026 F0 0 
FLATHEAD 5 2026 Fabc 0.284074
FLATHEAD 5 2026 Fofl 0.355733
FLATHEAD 5 2026  F_LCI 0
FLATHEAD 5 2026  F_UCI 0
FLATHEAD 5 2026  F_Median 0
FLATHEAD 5 2026  F_Mean 0
FLATHEAD 5 2027 F0 0 
FLATHEAD 5 2027 Fabc 0.284074
FLATHEAD 5 2027 Fofl 0.355733
FLATHEAD 5 2027  F_LCI 0
FLATHEAD 5 2027  F_UCI 0
FLATHEAD 5 2027  F_Median 0
FLATHEAD 5 2027  F_Mean 0
FLATHEAD 5 2028 F0 0 
FLATHEAD 5 2028 Fabc 0.284074
FLATHEAD 5 2028 Fofl 0.355733
FLATHEAD 5 2028  F_LCI 0
FLATHEAD 5 2028  F_UCI 0
FLATHEAD 5 2028  F_Median 0
FLATHEAD 5 2028  F_Mean 0
FLATHEAD 5 2029 F0 0 
FLATHEAD 5 2029 Fabc 0.284074
FLATHEAD 5 2029 Fofl 0.355733
FLATHEAD 5 2029  F_LCI 0
FLATHEAD 5 2029  F_UCI 0
FLATHEAD 5 2029  F_Median 0
FLATHEAD 5 2029  F_Mean 0
FLATHEAD 5 2030 F0 0 
FLATHEAD 5 2030 Fabc 0.284074
FLATHEAD 5 2030 Fofl 0.355733
FLATHEAD 5 2030  F_LCI 0
FLATHEAD 5 2030  F_UCI 0
FLATHEAD 5 2030  F_Median 0
FLATHEAD 5 2030  F_Mean 0
FLATHEAD 5 2031 F0 0 
FLATHEAD 5 2031 Fabc 0.284074
FLATHEAD 5 2031 Fofl 0.355733
FLATHEAD 5 2031  F_LCI 0
FLATHEAD 5 2031  F_UCI 0
FLATHEAD 5 2031  F_Median 0
FLATHEAD 5 2031  F_Mean 0
FLATHEAD 5 2032 F0 0 
FLATHEAD 5 2032 Fabc 0.284074
FLATHEAD 5 2032 Fofl 0.355733
FLATHEAD 5 2032  F_LCI 0
FLATHEAD 5 2032  F_UCI 0
FLATHEAD 5 2032  F_Median 0
FLATHEAD 5 2032  F_Mean 0
FLATHEAD 5 2033 F0 0 
FLATHEAD 5 2033 Fabc 0.284074
FLATHEAD 5 2033 Fofl 0.355733
FLATHEAD 5 2033  F_LCI 0
FLATHEAD 5 2033  F_UCI 0
FLATHEAD 5 2033  F_Median 0
FLATHEAD 5 2033  F_Mean 0
FLATHEAD 6 2017 Cabc 16.2275
FLATHEAD 6 2017 Cofl 17.6194
FLATHEAD 6 2017 CLCI 2.051
FLATHEAD 6 2017 CUCI 2.051
FLATHEAD 6 2017 CMedian 2.051
FLATHEAD 6 2017 CMean 2.051
FLATHEAD 6 2017 CStdn 1.86517e-14
FLATHEAD 6 2018 Cabc 16.2275
FLATHEAD 6 2018 Cofl 17.6194
FLATHEAD 6 2018 CLCI 43.0038
FLATHEAD 6 2018 CUCI 43.0164
FLATHEAD 6 2018 CMedian 43.0088
FLATHEAD 6 2018 CMean 43.0093
FLATHEAD 6 2018 CStdn 0.00401104
FLATHEAD 6 2019 Cabc 16.2275
FLATHEAD 6 2019 Cofl 17.6194
FLATHEAD 6 2019 CLCI 35.4499
FLATHEAD 6 2019 CUCI 35.5132
FLATHEAD 6 2019 CMedian 35.4757
FLATHEAD 6 2019 CMean 35.4775
FLATHEAD 6 2019 CStdn 0.0200151
FLATHEAD 6 2020 Cabc 16.2275
FLATHEAD 6 2020 Cofl 17.6194
FLATHEAD 6 2020 CLCI 30.4545
FLATHEAD 6 2020 CUCI 30.6721
FLATHEAD 6 2020 CMedian 30.5434
FLATHEAD 6 2020 CMean 30.5505
FLATHEAD 6 2020 CStdn 0.0693372
FLATHEAD 6 2021 Cabc 16.2275
FLATHEAD 6 2021 Cofl 17.6194
FLATHEAD 6 2021 CLCI 26.6004
FLATHEAD 6 2021 CUCI 27.1828
FLATHEAD 6 2021 CMedian 26.8412
FLATHEAD 6 2021 CMean 26.8593
FLATHEAD 6 2021 CStdn 0.182922
FLATHEAD 6 2022 Cabc 16.2275
FLATHEAD 6 2022 Cofl 17.6194
FLATHEAD 6 2022 CLCI 23.2863
FLATHEAD 6 2022 CUCI 24.4976
FLATHEAD 6 2022 CMedian 23.8132
FLATHEAD 6 2022 CMean 23.8451
FLATHEAD 6 2022 CStdn 0.383546
FLATHEAD 6 2023 Cabc 16.2275
FLATHEAD 6 2023 Cofl 17.6194
FLATHEAD 6 2023 CLCI 20.4928
FLATHEAD 6 2023 CUCI 22.5324
FLATHEAD 6 2023 CMedian 21.4105
FLATHEAD 6 2023 CMean 21.44
FLATHEAD 6 2023 CStdn 0.655354
FLATHEAD 6 2024 Cabc 16.2275
FLATHEAD 6 2024 Cofl 17.6194
FLATHEAD 6 2024 CLCI 18.2717
FLATHEAD 6 2024 CUCI 21.2323
FLATHEAD 6 2024 CMedian 19.5988
FLATHEAD 6 2024 CMean 19.6348
FLATHEAD 6 2024 CStdn 0.964024
FLATHEAD 6 2025 Cabc 16.2275
FLATHEAD 6 2025 Cofl 17.6194
FLATHEAD 6 2025 CLCI 15.2362
FLATHEAD 6 2025 CUCI 20.3266
FLATHEAD 6 2025 CMedian 18.2436
FLATHEAD 6 2025 CMean 18.017
FLATHEAD 6 2025 CStdn 1.58965
FLATHEAD 6 2026 Cabc 16.2275
FLATHEAD 6 2026 Cofl 17.6194
FLATHEAD 6 2026 CLCI 13.7423
FLATHEAD 6 2026 CUCI 19.8544
FLATHEAD 6 2026 CMedian 16.6678
FLATHEAD 6 2026 CMean 16.7746
FLATHEAD 6 2026 CStdn 1.87571
FLATHEAD 6 2027 Cabc 16.2275
FLATHEAD 6 2027 Cofl 17.6194
FLATHEAD 6 2027 CLCI 13.2933
FLATHEAD 6 2027 CUCI 19.4135
FLATHEAD 6 2027 CMedian 15.954
FLATHEAD 6 2027 CMean 16.1165
FLATHEAD 6 2027 CStdn 1.90786
FLATHEAD 6 2028 Cabc 16.2275
FLATHEAD 6 2028 Cofl 17.6194
FLATHEAD 6 2028 CLCI 12.9959
FLATHEAD 6 2028 CUCI 19.2133
FLATHEAD 6 2028 CMedian 15.6751
FLATHEAD 6 2028 CMean 15.8437
FLATHEAD 6 2028 CStdn 1.87379
FLATHEAD 6 2029 Cabc 16.2275
FLATHEAD 6 2029 Cofl 17.6194
FLATHEAD 6 2029 CLCI 12.9597
FLATHEAD 6 2029 CUCI 19.0123
FLATHEAD 6 2029 CMedian 15.6735
FLATHEAD 6 2029 CMean 15.776
FLATHEAD 6 2029 CStdn 1.83832
FLATHEAD 6 2030 Cabc 16.2275
FLATHEAD 6 2030 Cofl 17.6194
FLATHEAD 6 2030 CLCI 13.031
FLATHEAD 6 2030 CUCI 18.9988
FLATHEAD 6 2030 CMedian 15.665
FLATHEAD 6 2030 CMean 15.7979
FLATHEAD 6 2030 CStdn 1.81533
FLATHEAD 6 2031 Cabc 16.2275
FLATHEAD 6 2031 Cofl 17.6194
FLATHEAD 6 2031 CLCI 13.1007
FLATHEAD 6 2031 CUCI 19.0179
FLATHEAD 6 2031 CMedian 15.6893
FLATHEAD 6 2031 CMean 15.8493
FLATHEAD 6 2031 CStdn 1.80297
FLATHEAD 6 2032 Cabc 16.2275
FLATHEAD 6 2032 Cofl 17.6194
FLATHEAD 6 2032 CLCI 13.2067
FLATHEAD 6 2032 CUCI 19.0524
FLATHEAD 6 2032 CMedian 15.7253
FLATHEAD 6 2032 CMean 15.9136
FLATHEAD 6 2032 CStdn 1.80096
FLATHEAD 6 2033 Cabc 16.2275
FLATHEAD 6 2033 Cofl 17.6194
FLATHEAD 6 2033 CLCI 13.207
FLATHEAD 6 2033 CUCI 19.1151
FLATHEAD 6 2033 CMedian 15.8668
FLATHEAD 6 2033 CMean 15.9695
FLATHEAD 6 2033 CStdn 1.79398
FLATHEAD 6 2017 SSBF100 91.5511
FLATHEAD 6 2017 SSBFabc 36.6204
FLATHEAD 6 2017 SSBFofl 32.0429
FLATHEAD 6 2017 SSBLCI 83.2979
FLATHEAD 6 2017 SSBUCI 83.2979
FLATHEAD 6 2017 SSBMedian 83.2979
FLATHEAD 6 2017 SSBMean 83.2979
FLATHEAD 6 2018 SSBF100 91.5511
FLATHEAD 6 2018 SSBFabc 36.6204
FLATHEAD 6 2018 SSBFofl 32.0429
FLATHEAD 6 2018 SSBLCI 85.7501
FLATHEAD 6 2018 SSBUCI 85.7756
FLATHEAD 6 2018 SSBMedian 85.7603
FLATHEAD 6 2018 SSBMean 85.7613
FLATHEAD 6 2019 SSBF100 91.5511
FLATHEAD 6 2019 SSBFabc 36.6204
FLATHEAD 6 2019 SSBFofl 32.0429
FLATHEAD 6 2019 SSBLCI 70.3671
FLATHEAD 6 2019 SSBUCI 70.4785
FLATHEAD 6 2019 SSBMedian 70.4129
FLATHEAD 6 2019 SSBMean 70.4158
FLATHEAD 6 2020 SSBF100 91.5511
FLATHEAD 6 2020 SSBFabc 36.6204
FLATHEAD 6 2020 SSBFofl 32.0429
FLATHEAD 6 2020 SSBLCI 60.4238
FLATHEAD 6 2020 SSBUCI 60.7763
FLATHEAD 6 2020 SSBMedian 60.569
FLATHEAD 6 2020 SSBMean 60.5804
FLATHEAD 6 2021 SSBF100 91.5511
FLATHEAD 6 2021 SSBFabc 36.6204
FLATHEAD 6 2021 SSBFofl 32.0429
FLATHEAD 6 2021 SSBLCI 52.9755
FLATHEAD 6 2021 SSBUCI 53.8813
FLATHEAD 6 2021 SSBMedian 53.35
FLATHEAD 6 2021 SSBMean 53.3792
FLATHEAD 6 2022 SSBF100 91.5511
FLATHEAD 6 2022 SSBFabc 36.6204
FLATHEAD 6 2022 SSBFofl 32.0429
FLATHEAD 6 2022 SSBLCI 46.6493
FLATHEAD 6 2022 SSBUCI 48.6061
FLATHEAD 6 2022 SSBMedian 47.4952
FLATHEAD 6 2022 SSBMean 47.55
FLATHEAD 6 2023 SSBF100 91.5511
FLATHEAD 6 2023 SSBFabc 36.6204
FLATHEAD 6 2023 SSBFofl 32.0429
FLATHEAD 6 2023 SSBLCI 41.2196
FLATHEAD 6 2023 SSBUCI 44.7019
FLATHEAD 6 2023 SSBMedian 42.7797
FLATHEAD 6 2023 SSBMean 42.8417
FLATHEAD 6 2024 SSBF100 91.5511
FLATHEAD 6 2024 SSBFabc 36.6204
FLATHEAD 6 2024 SSBFofl 32.0429
FLATHEAD 6 2024 SSBLCI 36.7372
FLATHEAD 6 2024 SSBUCI 42.0826
FLATHEAD 6 2024 SSBMedian 39.1326
FLATHEAD 6 2024 SSBMean 39.2293
FLATHEAD 6 2025 SSBF100 91.5511
FLATHEAD 6 2025 SSBFabc 36.6204
FLATHEAD 6 2025 SSBFofl 32.0429
FLATHEAD 6 2025 SSBLCI 33.3937
FLATHEAD 6 2025 SSBUCI 40.1525
FLATHEAD 6 2025 SSBMedian 36.4852
FLATHEAD 6 2025 SSBMean 36.6156
FLATHEAD 6 2026 SSBF100 91.5511
FLATHEAD 6 2026 SSBFabc 36.6204
FLATHEAD 6 2026 SSBFofl 32.0429
FLATHEAD 6 2026 SSBLCI 31.6023
FLATHEAD 6 2026 SSBUCI 39.0215
FLATHEAD 6 2026 SSBMedian 34.7145
FLATHEAD 6 2026 SSBMean 34.9792
FLATHEAD 6 2027 SSBF100 91.5511
FLATHEAD 6 2027 SSBFabc 36.6204
FLATHEAD 6 2027 SSBFofl 32.0429
FLATHEAD 6 2027 SSBLCI 30.9358
FLATHEAD 6 2027 SSBUCI 38.1726
FLATHEAD 6 2027 SSBMedian 33.9141
FLATHEAD 6 2027 SSBMean 34.1274
FLATHEAD 6 2028 SSBF100 91.5511
FLATHEAD 6 2028 SSBFabc 36.6204
FLATHEAD 6 2028 SSBFofl 32.0429
FLATHEAD 6 2028 SSBLCI 30.5514
FLATHEAD 6 2028 SSBUCI 37.6912
FLATHEAD 6 2028 SSBMedian 33.5347
FLATHEAD 6 2028 SSBMean 33.749
FLATHEAD 6 2029 SSBF100 91.5511
FLATHEAD 6 2029 SSBFabc 36.6204
FLATHEAD 6 2029 SSBFofl 32.0429
FLATHEAD 6 2029 SSBLCI 30.4534
FLATHEAD 6 2029 SSBUCI 37.2704
FLATHEAD 6 2029 SSBMedian 33.4668
FLATHEAD 6 2029 SSBMean 33.6217
FLATHEAD 6 2030 SSBF100 91.5511
FLATHEAD 6 2030 SSBFabc 36.6204
FLATHEAD 6 2030 SSBFofl 32.0429
FLATHEAD 6 2030 SSBLCI 30.5298
FLATHEAD 6 2030 SSBUCI 37.139
FLATHEAD 6 2030 SSBMedian 33.5408
FLATHEAD 6 2030 SSBMean 33.6161
FLATHEAD 6 2031 SSBF100 91.5511
FLATHEAD 6 2031 SSBFabc 36.6204
FLATHEAD 6 2031 SSBFofl 32.0429
FLATHEAD 6 2031 SSBLCI 30.6092
FLATHEAD 6 2031 SSBUCI 37.1393
FLATHEAD 6 2031 SSBMedian 33.4885
FLATHEAD 6 2031 SSBMean 33.6617
FLATHEAD 6 2032 SSBF100 91.5511
FLATHEAD 6 2032 SSBFabc 36.6204
FLATHEAD 6 2032 SSBFofl 32.0429
FLATHEAD 6 2032 SSBLCI 30.7016
FLATHEAD 6 2032 SSBUCI 37.1797
FLATHEAD 6 2032 SSBMedian 33.5335
FLATHEAD 6 2032 SSBMean 33.7228
FLATHEAD 6 2033 SSBF100 91.5511
FLATHEAD 6 2033 SSBFabc 36.6204
FLATHEAD 6 2033 SSBFofl 32.0429
FLATHEAD 6 2033 SSBLCI 30.633
FLATHEAD 6 2033 SSBUCI 37.329
FLATHEAD 6 2033 SSBMedian 33.6638
FLATHEAD 6 2033 SSBMean 33.7802
FLATHEAD 6 2017 F0 0 
FLATHEAD 6 2017 Fabc 0.284074
FLATHEAD 6 2017 Fofl 0.355733
FLATHEAD 6 2017  F_LCI 0.0153677
FLATHEAD 6 2017  F_UCI 0.0153677
FLATHEAD 6 2017  F_Median 0.0153677
FLATHEAD 6 2017  F_Mean 0.0153677
FLATHEAD 6 2018 F0 0 
FLATHEAD 6 2018 Fabc 0.284074
FLATHEAD 6 2018 Fofl 0.355733
FLATHEAD 6 2018  F_LCI 0.355733
FLATHEAD 6 2018  F_UCI 0.355733
FLATHEAD 6 2018  F_Median 0.355733
FLATHEAD 6 2018  F_Mean 0.355733
FLATHEAD 6 2019 F0 0 
FLATHEAD 6 2019 Fabc 0.284074
FLATHEAD 6 2019 Fofl 0.355733
FLATHEAD 6 2019  F_LCI 0.355733
FLATHEAD 6 2019  F_UCI 0.355733
FLATHEAD 6 2019  F_Median 0.355733
FLATHEAD 6 2019  F_Mean 0.355733
FLATHEAD 6 2020 F0 0 
FLATHEAD 6 2020 Fabc 0.284074
FLATHEAD 6 2020 Fofl 0.355733
FLATHEAD 6 2020  F_LCI 0.355733
FLATHEAD 6 2020  F_UCI 0.355733
FLATHEAD 6 2020  F_Median 0.355733
FLATHEAD 6 2020  F_Mean 0.355733
FLATHEAD 6 2021 F0 0 
FLATHEAD 6 2021 Fabc 0.284074
FLATHEAD 6 2021 Fofl 0.355733
FLATHEAD 6 2021  F_LCI 0.355733
FLATHEAD 6 2021  F_UCI 0.355733
FLATHEAD 6 2021  F_Median 0.355733
FLATHEAD 6 2021  F_Mean 0.355733
FLATHEAD 6 2022 F0 0 
FLATHEAD 6 2022 Fabc 0.284074
FLATHEAD 6 2022 Fofl 0.355733
FLATHEAD 6 2022  F_LCI 0.355733
FLATHEAD 6 2022  F_UCI 0.355733
FLATHEAD 6 2022  F_Median 0.355733
FLATHEAD 6 2022  F_Mean 0.355733
FLATHEAD 6 2023 F0 0 
FLATHEAD 6 2023 Fabc 0.284074
FLATHEAD 6 2023 Fofl 0.355733
FLATHEAD 6 2023  F_LCI 0.355733
FLATHEAD 6 2023  F_UCI 0.355733
FLATHEAD 6 2023  F_Median 0.355733
FLATHEAD 6 2023  F_Mean 0.355733
FLATHEAD 6 2024 F0 0 
FLATHEAD 6 2024 Fabc 0.284074
FLATHEAD 6 2024 Fofl 0.355733
FLATHEAD 6 2024  F_LCI 0.355733
FLATHEAD 6 2024  F_UCI 0.355733
FLATHEAD 6 2024  F_Median 0.355733
FLATHEAD 6 2024  F_Mean 0.35545
FLATHEAD 6 2025 F0 0 
FLATHEAD 6 2025 Fabc 0.284074
FLATHEAD 6 2025 Fofl 0.355733
FLATHEAD 6 2025  F_LCI 0.322739
FLATHEAD 6 2025  F_UCI 0.355733
FLATHEAD 6 2025  F_Median 0.35435
FLATHEAD 6 2025  F_Mean 0.34697
FLATHEAD 6 2026 F0 0 
FLATHEAD 6 2026 Fabc 0.284074
FLATHEAD 6 2026 Fofl 0.355733
FLATHEAD 6 2026  F_LCI 0.304421
FLATHEAD 6 2026  F_UCI 0.355733
FLATHEAD 6 2026  F_Median 0.336245
FLATHEAD 6 2026  F_Mean 0.335282
FLATHEAD 6 2027 F0 0 
FLATHEAD 6 2027 Fabc 0.284074
FLATHEAD 6 2027 Fofl 0.355733
FLATHEAD 6 2027  F_LCI 0.297606
FLATHEAD 6 2027  F_UCI 0.355733
FLATHEAD 6 2027  F_Median 0.32806
FLATHEAD 6 2027  F_Mean 0.328161
FLATHEAD 6 2028 F0 0 
FLATHEAD 6 2028 Fabc 0.284074
FLATHEAD 6 2028 Fofl 0.355733
FLATHEAD 6 2028  F_LCI 0.293675
FLATHEAD 6 2028  F_UCI 0.355733
FLATHEAD 6 2028  F_Median 0.324181
FLATHEAD 6 2028  F_Mean 0.324939
FLATHEAD 6 2029 F0 0 
FLATHEAD 6 2029 Fabc 0.284074
FLATHEAD 6 2029 Fofl 0.355733
FLATHEAD 6 2029  F_LCI 0.292674
FLATHEAD 6 2029  F_UCI 0.355733
FLATHEAD 6 2029  F_Median 0.323487
FLATHEAD 6 2029  F_Mean 0.324005
FLATHEAD 6 2030 F0 0 
FLATHEAD 6 2030 Fabc 0.284074
FLATHEAD 6 2030 Fofl 0.355733
FLATHEAD 6 2030  F_LCI 0.293454
FLATHEAD 6 2030  F_UCI 0.355733
FLATHEAD 6 2030  F_Median 0.324243
FLATHEAD 6 2030  F_Mean 0.324078
FLATHEAD 6 2031 F0 0 
FLATHEAD 6 2031 Fabc 0.284074
FLATHEAD 6 2031 Fofl 0.355733
FLATHEAD 6 2031  F_LCI 0.294267
FLATHEAD 6 2031  F_UCI 0.355733
FLATHEAD 6 2031  F_Median 0.323709
FLATHEAD 6 2031  F_Mean 0.324463
FLATHEAD 6 2032 F0 0 
FLATHEAD 6 2032 Fabc 0.284074
FLATHEAD 6 2032 Fofl 0.355733
FLATHEAD 6 2032  F_LCI 0.295211
FLATHEAD 6 2032  F_UCI 0.355733
FLATHEAD 6 2032  F_Median 0.324169
FLATHEAD 6 2032  F_Mean 0.325087
FLATHEAD 6 2033 F0 0 
FLATHEAD 6 2033 Fabc 0.284074
FLATHEAD 6 2033 Fofl 0.355733
FLATHEAD 6 2033  F_LCI 0.29451
FLATHEAD 6 2033  F_UCI 0.355733
FLATHEAD 6 2033  F_Median 0.3255
FLATHEAD 6 2033  F_Mean 0.325661
FLATHEAD 7 2017 Cabc 16.2275
FLATHEAD 7 2017 Cofl 17.6194
FLATHEAD 7 2017 CLCI 2.051
FLATHEAD 7 2017 CUCI 2.051
FLATHEAD 7 2017 CMedian 2.051
FLATHEAD 7 2017 CMean 2.051
FLATHEAD 7 2017 CStdn 1.86517e-14
FLATHEAD 7 2018 Cabc 16.2275
FLATHEAD 7 2018 Cofl 17.6194
FLATHEAD 7 2018 CLCI 35.2605
FLATHEAD 7 2018 CUCI 35.2706
FLATHEAD 7 2018 CMedian 35.2646
FLATHEAD 7 2018 CMean 35.265
FLATHEAD 7 2018 CStdn 0.00320368
FLATHEAD 7 2019 Cabc 16.2275
FLATHEAD 7 2019 Cofl 17.6194
FLATHEAD 7 2019 CLCI 30.4768
FLATHEAD 7 2019 CUCI 30.5274
FLATHEAD 7 2019 CMedian 30.4974
FLATHEAD 7 2019 CMean 30.4988
FLATHEAD 7 2019 CStdn 0.015999
FLATHEAD 7 2020 Cabc 16.2275
FLATHEAD 7 2020 Cofl 17.6194
FLATHEAD 7 2020 CLCI 33.1547
FLATHEAD 7 2020 CUCI 33.3728
FLATHEAD 7 2020 CMedian 33.2438
FLATHEAD 7 2020 CMean 33.2509
FLATHEAD 7 2020 CStdn 0.0694453
FLATHEAD 7 2021 Cabc 16.2275
FLATHEAD 7 2021 Cofl 17.6194
FLATHEAD 7 2021 CLCI 28.4312
FLATHEAD 7 2021 CUCI 29.0146
FLATHEAD 7 2021 CMedian 28.6724
FLATHEAD 7 2021 CMean 28.6905
FLATHEAD 7 2021 CStdn 0.18319
FLATHEAD 7 2022 Cabc 16.2275
FLATHEAD 7 2022 Cofl 17.6194
FLATHEAD 7 2022 CLCI 24.4834
FLATHEAD 7 2022 CUCI 25.6968
FLATHEAD 7 2022 CMedian 25.0111
FLATHEAD 7 2022 CMean 25.0432
FLATHEAD 7 2022 CStdn 0.384057
FLATHEAD 7 2023 Cabc 16.2275
FLATHEAD 7 2023 Cofl 17.6194
FLATHEAD 7 2023 CLCI 21.2492
FLATHEAD 7 2023 CUCI 23.2908
FLATHEAD 7 2023 CMedian 22.1676
FLATHEAD 7 2023 CMean 22.1976
FLATHEAD 7 2023 CStdn 0.656105
FLATHEAD 7 2024 Cabc 16.2275
FLATHEAD 7 2024 Cofl 17.6194
FLATHEAD 7 2024 CLCI 18.7365
FLATHEAD 7 2024 CUCI 21.7008
FLATHEAD 7 2024 CMedian 20.0645
FLATHEAD 7 2024 CMean 20.1119
FLATHEAD 7 2024 CStdn 0.94063
FLATHEAD 7 2025 Cabc 16.2275
FLATHEAD 7 2025 Cofl 17.6194
FLATHEAD 7 2025 CLCI 15.7534
FLATHEAD 7 2025 CUCI 20.6096
FLATHEAD 7 2025 CMedian 18.6075
FLATHEAD 7 2025 CMean 18.4163
FLATHEAD 7 2025 CStdn 1.50175
FLATHEAD 7 2026 Cabc 16.2275
FLATHEAD 7 2026 Cofl 17.6194
FLATHEAD 7 2026 CLCI 13.9395
FLATHEAD 7 2026 CUCI 20.0224
FLATHEAD 7 2026 CMedian 16.9453
FLATHEAD 7 2026 CMean 17.0063
FLATHEAD 7 2026 CStdn 1.87544
FLATHEAD 7 2027 Cabc 16.2275
FLATHEAD 7 2027 Cofl 17.6194
FLATHEAD 7 2027 CLCI 13.3685
FLATHEAD 7 2027 CUCI 19.5119
FLATHEAD 7 2027 CMedian 16.0709
FLATHEAD 7 2027 CMean 16.2204
FLATHEAD 7 2027 CStdn 1.92583
FLATHEAD 7 2028 Cabc 16.2275
FLATHEAD 7 2028 Cofl 17.6194
FLATHEAD 7 2028 CLCI 13.0122
FLATHEAD 7 2028 CUCI 19.271
FLATHEAD 7 2028 CMedian 15.7019
FLATHEAD 7 2028 CMean 15.8806
FLATHEAD 7 2028 CStdn 1.88625
FLATHEAD 7 2029 Cabc 16.2275
FLATHEAD 7 2029 Cofl 17.6194
FLATHEAD 7 2029 CLCI 12.959
FLATHEAD 7 2029 CUCI 19.0327
FLATHEAD 7 2029 CMedian 15.6764
FLATHEAD 7 2029 CMean 15.7837
FLATHEAD 7 2029 CStdn 1.84457
FLATHEAD 7 2030 Cabc 16.2275
FLATHEAD 7 2030 Cofl 17.6194
FLATHEAD 7 2030 CLCI 13.0233
FLATHEAD 7 2030 CUCI 18.9915
FLATHEAD 7 2030 CMedian 15.6638
FLATHEAD 7 2030 CMean 15.7956
FLATHEAD 7 2030 CStdn 1.81811
FLATHEAD 7 2031 Cabc 16.2275
FLATHEAD 7 2031 Cofl 17.6194
FLATHEAD 7 2031 CLCI 13.0936
FLATHEAD 7 2031 CUCI 19.029
FLATHEAD 7 2031 CMedian 15.6817
FLATHEAD 7 2031 CMean 15.8449
FLATHEAD 7 2031 CStdn 1.80395
FLATHEAD 7 2032 Cabc 16.2275
FLATHEAD 7 2032 Cofl 17.6194
FLATHEAD 7 2032 CLCI 13.2025
FLATHEAD 7 2032 CUCI 19.0506
FLATHEAD 7 2032 CMedian 15.7221
FLATHEAD 7 2032 CMean 15.91
FLATHEAD 7 2032 CStdn 1.80137
FLATHEAD 7 2033 Cabc 16.2275
FLATHEAD 7 2033 Cofl 17.6194
FLATHEAD 7 2033 CLCI 13.2044
FLATHEAD 7 2033 CUCI 19.1137
FLATHEAD 7 2033 CMedian 15.8665
FLATHEAD 7 2033 CMean 15.9673
FLATHEAD 7 2033 CStdn 1.79415
FLATHEAD 7 2017 SSBF100 91.5511
FLATHEAD 7 2017 SSBFabc 36.6204
FLATHEAD 7 2017 SSBFofl 32.0429
FLATHEAD 7 2017 SSBLCI 83.2979
FLATHEAD 7 2017 SSBUCI 83.2979
FLATHEAD 7 2017 SSBMedian 83.2979
FLATHEAD 7 2017 SSBMean 83.2979
FLATHEAD 7 2018 SSBF100 91.5511
FLATHEAD 7 2018 SSBFabc 36.6204
FLATHEAD 7 2018 SSBFofl 32.0429
FLATHEAD 7 2018 SSBLCI 85.7501
FLATHEAD 7 2018 SSBUCI 85.7756
FLATHEAD 7 2018 SSBMedian 85.7603
FLATHEAD 7 2018 SSBMean 85.7613
FLATHEAD 7 2019 SSBF100 91.5511
FLATHEAD 7 2019 SSBFabc 36.6204
FLATHEAD 7 2019 SSBFofl 32.0429
FLATHEAD 7 2019 SSBLCI 73.8713
FLATHEAD 7 2019 SSBUCI 73.9827
FLATHEAD 7 2019 SSBMedian 73.9171
FLATHEAD 7 2019 SSBMean 73.9201
FLATHEAD 7 2020 SSBF100 91.5511
FLATHEAD 7 2020 SSBFabc 36.6204
FLATHEAD 7 2020 SSBFofl 32.0429
FLATHEAD 7 2020 SSBLCI 65.7806
FLATHEAD 7 2020 SSBUCI 66.1336
FLATHEAD 7 2020 SSBMedian 65.926
FLATHEAD 7 2020 SSBMean 65.9374
FLATHEAD 7 2021 SSBF100 91.5511
FLATHEAD 7 2021 SSBFabc 36.6204
FLATHEAD 7 2021 SSBFofl 32.0429
FLATHEAD 7 2021 SSBLCI 56.624
FLATHEAD 7 2021 SSBUCI 57.5309
FLATHEAD 7 2021 SSBMedian 56.9989
FLATHEAD 7 2021 SSBMean 57.0282
FLATHEAD 7 2022 SSBF100 91.5511
FLATHEAD 7 2022 SSBFabc 36.6204
FLATHEAD 7 2022 SSBFofl 32.0429
FLATHEAD 7 2022 SSBLCI 49.0628
FLATHEAD 7 2022 SSBUCI 51.0216
FLATHEAD 7 2022 SSBMedian 49.9091
FLATHEAD 7 2022 SSBMean 49.9641
FLATHEAD 7 2023 SSBF100 91.5511
FLATHEAD 7 2023 SSBFabc 36.6204
FLATHEAD 7 2023 SSBFofl 32.0429
FLATHEAD 7 2023 SSBLCI 42.7677
FLATHEAD 7 2023 SSBUCI 46.2523
FLATHEAD 7 2023 SSBMedian 44.3295
FLATHEAD 7 2023 SSBMean 44.3915
FLATHEAD 7 2024 SSBF100 91.5511
FLATHEAD 7 2024 SSBFabc 36.6204
FLATHEAD 7 2024 SSBFofl 32.0429
FLATHEAD 7 2024 SSBLCI 37.705
FLATHEAD 7 2024 SSBUCI 43.0555
FLATHEAD 7 2024 SSBMedian 40.102
FLATHEAD 7 2024 SSBMean 40.199
FLATHEAD 7 2025 SSBF100 91.5511
FLATHEAD 7 2025 SSBFabc 36.6204
FLATHEAD 7 2025 SSBFofl 32.0429
FLATHEAD 7 2025 SSBLCI 33.9753
FLATHEAD 7 2025 SSBUCI 40.7483
FLATHEAD 7 2025 SSBMedian 37.0794
FLATHEAD 7 2025 SSBMean 37.2052
FLATHEAD 7 2026 SSBF100 91.5511
FLATHEAD 7 2026 SSBFabc 36.6204
FLATHEAD 7 2026 SSBFofl 32.0429
FLATHEAD 7 2026 SSBLCI 31.8525
FLATHEAD 7 2026 SSBUCI 39.3836
FLATHEAD 7 2026 SSBMedian 35.0402
FLATHEAD 7 2026 SSBMean 35.2831
FLATHEAD 7 2027 SSBF100 91.5511
FLATHEAD 7 2027 SSBFabc 36.6204
FLATHEAD 7 2027 SSBFofl 32.0429
FLATHEAD 7 2027 SSBLCI 31.0155
FLATHEAD 7 2027 SSBUCI 38.3856
FLATHEAD 7 2027 SSBMedian 34.0377
FLATHEAD 7 2027 SSBMean 34.2631
FLATHEAD 7 2028 SSBF100 91.5511
FLATHEAD 7 2028 SSBFabc 36.6204
FLATHEAD 7 2028 SSBFofl 32.0429
FLATHEAD 7 2028 SSBLCI 30.5779
FLATHEAD 7 2028 SSBUCI 37.8149
FLATHEAD 7 2028 SSBMedian 33.584
FLATHEAD 7 2028 SSBMean 33.8004
FLATHEAD 7 2029 SSBF100 91.5511
FLATHEAD 7 2029 SSBFabc 36.6204
FLATHEAD 7 2029 SSBFofl 32.0429
FLATHEAD 7 2029 SSBLCI 30.4697
FLATHEAD 7 2029 SSBUCI 37.3443
FLATHEAD 7 2029 SSBMedian 33.4674
FLATHEAD 7 2029 SSBMean 33.6357
FLATHEAD 7 2030 SSBF100 91.5511
FLATHEAD 7 2030 SSBFabc 36.6204
FLATHEAD 7 2030 SSBFofl 32.0429
FLATHEAD 7 2030 SSBLCI 30.5217
FLATHEAD 7 2030 SSBUCI 37.1349
FLATHEAD 7 2030 SSBMedian 33.5354
FLATHEAD 7 2030 SSBMean 33.6161
FLATHEAD 7 2031 SSBF100 91.5511
FLATHEAD 7 2031 SSBFabc 36.6204
FLATHEAD 7 2031 SSBFofl 32.0429
FLATHEAD 7 2031 SSBLCI 30.6039
FLATHEAD 7 2031 SSBUCI 37.1452
FLATHEAD 7 2031 SSBMedian 33.4815
FLATHEAD 7 2031 SSBMean 33.6579
FLATHEAD 7 2032 SSBF100 91.5511
FLATHEAD 7 2032 SSBFabc 36.6204
FLATHEAD 7 2032 SSBFofl 32.0429
FLATHEAD 7 2032 SSBLCI 30.697
FLATHEAD 7 2032 SSBUCI 37.1749
FLATHEAD 7 2032 SSBMedian 33.5298
FLATHEAD 7 2032 SSBMean 33.7192
FLATHEAD 7 2033 SSBF100 91.5511
FLATHEAD 7 2033 SSBFabc 36.6204
FLATHEAD 7 2033 SSBFofl 32.0429
FLATHEAD 7 2033 SSBLCI 30.6301
FLATHEAD 7 2033 SSBUCI 37.3254
FLATHEAD 7 2033 SSBMedian 33.6611
FLATHEAD 7 2033 SSBMean 33.7778
FLATHEAD 7 2017 F0 0 
FLATHEAD 7 2017 Fabc 0.284074
FLATHEAD 7 2017 Fofl 0.355733
FLATHEAD 7 2017  F_LCI 0.0153677
FLATHEAD 7 2017  F_UCI 0.0153677
FLATHEAD 7 2017  F_Median 0.0153677
FLATHEAD 7 2017  F_Mean 0.0153677
FLATHEAD 7 2018 F0 0 
FLATHEAD 7 2018 Fabc 0.284074
FLATHEAD 7 2018 Fofl 0.355733
FLATHEAD 7 2018  F_LCI 0.284074
FLATHEAD 7 2018  F_UCI 0.284074
FLATHEAD 7 2018  F_Median 0.284074
FLATHEAD 7 2018  F_Mean 0.284074
FLATHEAD 7 2019 F0 0 
FLATHEAD 7 2019 Fabc 0.284074
FLATHEAD 7 2019 Fofl 0.355733
FLATHEAD 7 2019  F_LCI 0.284074
FLATHEAD 7 2019  F_UCI 0.284074
FLATHEAD 7 2019  F_Median 0.284074
FLATHEAD 7 2019  F_Mean 0.284074
FLATHEAD 7 2020 F0 0 
FLATHEAD 7 2020 Fabc 0.284074
FLATHEAD 7 2020 Fofl 0.355733
FLATHEAD 7 2020  F_LCI 0.355733
FLATHEAD 7 2020  F_UCI 0.355733
FLATHEAD 7 2020  F_Median 0.355733
FLATHEAD 7 2020  F_Mean 0.355733
FLATHEAD 7 2021 F0 0 
FLATHEAD 7 2021 Fabc 0.284074
FLATHEAD 7 2021 Fofl 0.355733
FLATHEAD 7 2021  F_LCI 0.355733
FLATHEAD 7 2021  F_UCI 0.355733
FLATHEAD 7 2021  F_Median 0.355733
FLATHEAD 7 2021  F_Mean 0.355733
FLATHEAD 7 2022 F0 0 
FLATHEAD 7 2022 Fabc 0.284074
FLATHEAD 7 2022 Fofl 0.355733
FLATHEAD 7 2022  F_LCI 0.355733
FLATHEAD 7 2022  F_UCI 0.355733
FLATHEAD 7 2022  F_Median 0.355733
FLATHEAD 7 2022  F_Mean 0.355733
FLATHEAD 7 2023 F0 0 
FLATHEAD 7 2023 Fabc 0.284074
FLATHEAD 7 2023 Fofl 0.355733
FLATHEAD 7 2023  F_LCI 0.355733
FLATHEAD 7 2023  F_UCI 0.355733
FLATHEAD 7 2023  F_Median 0.355733
FLATHEAD 7 2023  F_Mean 0.355733
FLATHEAD 7 2024 F0 0 
FLATHEAD 7 2024 Fabc 0.284074
FLATHEAD 7 2024 Fofl 0.355733
FLATHEAD 7 2024  F_LCI 0.355733
FLATHEAD 7 2024  F_UCI 0.355733
FLATHEAD 7 2024  F_Median 0.355733
FLATHEAD 7 2024  F_Mean 0.355694
FLATHEAD 7 2025 F0 0 
FLATHEAD 7 2025 Fabc 0.284074
FLATHEAD 7 2025 Fofl 0.355733
FLATHEAD 7 2025  F_LCI 0.328686
FLATHEAD 7 2025  F_UCI 0.355733
FLATHEAD 7 2025  F_Median 0.355733
FLATHEAD 7 2025  F_Mean 0.349794
FLATHEAD 7 2026 F0 0 
FLATHEAD 7 2026 Fabc 0.284074
FLATHEAD 7 2026 Fofl 0.355733
FLATHEAD 7 2026  F_LCI 0.30698
FLATHEAD 7 2026  F_UCI 0.355733
FLATHEAD 7 2026  F_Median 0.339575
FLATHEAD 7 2026  F_Mean 0.337502
FLATHEAD 7 2027 F0 0 
FLATHEAD 7 2027 Fabc 0.284074
FLATHEAD 7 2027 Fofl 0.355733
FLATHEAD 7 2027  F_LCI 0.298421
FLATHEAD 7 2027  F_UCI 0.355733
FLATHEAD 7 2027  F_Median 0.329324
FLATHEAD 7 2027  F_Mean 0.329255
FLATHEAD 7 2028 F0 0 
FLATHEAD 7 2028 Fabc 0.284074
FLATHEAD 7 2028 Fofl 0.355733
FLATHEAD 7 2028  F_LCI 0.293946
FLATHEAD 7 2028  F_UCI 0.355733
FLATHEAD 7 2028  F_Median 0.324685
FLATHEAD 7 2028  F_Mean 0.32535
FLATHEAD 7 2029 F0 0 
FLATHEAD 7 2029 Fabc 0.284074
FLATHEAD 7 2029 Fofl 0.355733
FLATHEAD 7 2029  F_LCI 0.29284
FLATHEAD 7 2029  F_UCI 0.355733
FLATHEAD 7 2029  F_Median 0.323492
FLATHEAD 7 2029  F_Mean 0.324103
FLATHEAD 7 2030 F0 0 
FLATHEAD 7 2030 Fabc 0.284074
FLATHEAD 7 2030 Fofl 0.355733
FLATHEAD 7 2030  F_LCI 0.293372
FLATHEAD 7 2030  F_UCI 0.355733
FLATHEAD 7 2030  F_Median 0.324188
FLATHEAD 7 2030  F_Mean 0.324066
FLATHEAD 7 2031 F0 0 
FLATHEAD 7 2031 Fabc 0.284074
FLATHEAD 7 2031 Fofl 0.355733
FLATHEAD 7 2031  F_LCI 0.294213
FLATHEAD 7 2031  F_UCI 0.355733
FLATHEAD 7 2031  F_Median 0.323637
FLATHEAD 7 2031  F_Mean 0.324423
FLATHEAD 7 2032 F0 0 
FLATHEAD 7 2032 Fabc 0.284074
FLATHEAD 7 2032 Fofl 0.355733
FLATHEAD 7 2032  F_LCI 0.295164
FLATHEAD 7 2032  F_UCI 0.355733
FLATHEAD 7 2032  F_Median 0.324131
FLATHEAD 7 2032  F_Mean 0.325053
FLATHEAD 7 2033 F0 0 
FLATHEAD 7 2033 Fabc 0.284074
FLATHEAD 7 2033 Fofl 0.355733
FLATHEAD 7 2033  F_LCI 0.29448
FLATHEAD 7 2033  F_UCI 0.355733
FLATHEAD 7 2033  F_Median 0.325473
FLATHEAD 7 2033  F_Mean 0.325639
