
SB0 SB40 SB35 MeanRec HarMeanRec Bnow
91.5511 36.6204 32.0429 180.815 170.507 83.2979 
CV Recruit
0.24587 
Alternative 1 Alternative  Stock: FLATHEAD
Catch FLATHEAD
Year C0 Cabc Cofl LowCI_Catch Median_Catch Mean_Catch UpperCI_Catch Stdev_Catch 
2017  0 16.2275 17.6194 2.051 2.051 2.051 2.051 1.86517e-14 
2018  0 16.2275 17.6194 2.202 2.202 2.202 2.202 6.81233e-11 
2019  0 16.2275 17.6194 2.647 2.647 2.647 2.647 2.33961e-10 
2020  0 16.2275 17.6194 38.1154 38.1873 38.193 38.2914 0.0560933 
2021  0 16.2275 17.6194 32.1661 32.3609 32.3755 32.6384 0.148187 
2022  0 16.2275 17.6194 27.1579 27.5889 27.6149 28.1489 0.313203 
2023  0 16.2275 17.6194 23.0547 23.8196 23.8416 24.7503 0.542786 
2024  0 16.2275 17.6194 19.8493 20.9814 21.0204 22.3556 0.789507 
2025  0 16.2275 17.6194 17.5066 18.9505 19.0118 20.6788 0.99542 
2026  0 16.2275 17.6194 15.8883 17.5701 17.6346 19.6085 1.13449 
2027  0 16.2275 17.6194 14.7467 16.6486 16.7015 18.7913 1.25922 
2028  0 16.2275 17.6194 13.5429 16.064 16.0489 18.3416 1.39739 
2029  0 16.2275 17.6194 12.9763 15.6865 15.6102 17.9113 1.48558 
2030  0 16.2275 17.6194 12.6878 15.4764 15.3588 17.6525 1.50564 
2031  0 16.2275 17.6194 12.6408 15.3909 15.2361 17.5601 1.50132 
2032  0 16.2275 17.6194 12.6809 15.3441 15.1905 17.4629 1.48563 
2033  0 16.2275 17.6194 12.6408 15.3327 15.1811 17.4931 1.46964 

Spawning_Biomass FLATHEAD
Year SSB100 SSBabc SSBofl LowCI_SSB Median_SSB Mean_SSB UpperCI_SSB Stdev_SSB 
2017 91.5511 36.6204 32.0429 83.2979 83.2979 83.2979 83.2979 1.13687e-12 
2018 91.5511 36.6204 32.0429 85.7501 85.7603 85.7613 85.7756 0.008097 
2019 91.5511 36.6204 32.0429 89.0897 89.1356 89.1385 89.2014 0.0351338 
2020 91.5511 36.6204 32.0429 92.3033 92.4498 92.4613 92.6596 0.111712 
2021 91.5511 36.6204 32.0429 78.1565 78.5348 78.5641 79.0709 0.286992 
2022 91.5511 36.6204 32.0429 66.4231 67.276 67.3318 68.4002 0.623215 
2023 91.5511 36.6204 32.0429 56.7266 58.3212 58.388 60.2809 1.13822 
2024 91.5511 36.6204 32.0429 48.981 51.4516 51.5601 54.5235 1.73534 
2025 91.5511 36.6204 32.0429 43.2078 46.4436 46.5687 50.3098 2.25293 
2026 91.5511 36.6204 32.0429 39.0474 42.9344 43.0634 47.6089 2.6098 
2027 91.5511 36.6204 32.0429 36.2869 40.5417 40.6884 45.4957 2.82184 
2028 91.5511 36.6204 32.0429 34.6585 38.9083 39.1377 44.2883 2.90489 
2029 91.5511 36.6204 32.0429 33.9643 37.9117 38.18 43.1837 2.87504 
2030 91.5511 36.6204 32.0429 33.4666 37.3092 37.6348 42.4324 2.79902 
2031 91.5511 36.6204 32.0429 33.4228 37.0164 37.3519 42.3069 2.73591 
2032 91.5511 36.6204 32.0429 33.4628 36.8951 37.2245 41.9757 2.68448 
2033 91.5511 36.6204 32.0429 33.3664 36.8341 37.1835 41.9061 2.64051 

Fishing_mortalityFLATHEAD
Year F0 Fabc Fofl LowCI_F Median_F Mean_F UpperCI_F Stdev_F 
2017  0 0.284074 0.355733 0.0153677 0.0153677 0.0153677 0.0153677 1.45717e-16 
2018  0 0.284074 0.355733 0.0160096 0.0160122 0.016012 0.0160138 1.32228e-06 
2019  0 0.284074 0.355733 0.0184828 0.0184971 0.0184964 0.0185064 7.37451e-06 
2020  0 0.284074 0.355733 0.284074 0.284074 0.284074 0.284074 3.16414e-15 
2021  0 0.284074 0.355733 0.284074 0.284074 0.284074 0.284074 3.16414e-15 
2022  0 0.284074 0.355733 0.284074 0.284074 0.284074 0.284074 3.16414e-15 
2023  0 0.284074 0.355733 0.284074 0.284074 0.284074 0.284074 3.16414e-15 
2024  0 0.284074 0.355733 0.284074 0.284074 0.284074 0.284074 3.16414e-15 
2025  0 0.284074 0.355733 0.284074 0.284074 0.284074 0.284074 3.16414e-15 
2026  0 0.284074 0.355733 0.284074 0.284074 0.284064 0.284074 0.000248125 
2027  0 0.284074 0.355733 0.281351 0.284074 0.283572 0.284074 0.00251452 
2028  0 0.284074 0.355733 0.268054 0.284074 0.281976 0.284074 0.00556381 
2029  0 0.284074 0.355733 0.262385 0.284074 0.279995 0.284074 0.00780944 
2030  0 0.284074 0.355733 0.258321 0.284074 0.278678 0.284074 0.00885361 
2031  0 0.284074 0.355733 0.257964 0.284074 0.278027 0.284074 0.00929141 
2032  0 0.284074 0.355733 0.25829 0.284074 0.277826 0.284074 0.00939603 
2033  0 0.284074 0.355733 0.257503 0.284074 0.277772 0.284074 0.00934632 

Total_BiomassFLATHEAD
Year B100 Babc Bofl LowCI_Biom Median_Biom Mean_Biom UpperCI_Biom Stdev_Biom 
2017 524.234 165.243 156.073 277.62 277.62 277.62 277.62 7.38964e-13 
2018 524.234 165.243 156.073 278.931 281.318 281.552 284.863 1.88578 
2019 524.234 165.243 156.073 277.735 282.583 282.986 289.238 3.67417 
2020 524.234 165.243 156.073 273.925 281.728 282.014 291.269 5.6439 
2021 524.234 165.243 156.073 235.153 245.576 246.087 258.347 7.4834 
2022 524.234 165.243 156.073 205.134 218.666 219.129 234.322 9.17088 
2023 524.234 165.243 156.073 183.276 198.822 199.546 217.272 10.4247 
2024 524.234 165.243 156.073 168.421 185.226 185.837 204.762 11.3146 
2025 524.234 165.243 156.073 158.231 175.9 176.587 197.513 11.8177 
2026 524.234 165.243 156.073 152.077 169.446 170.466 190.851 12.1091 
2027 524.234 165.243 156.073 147.31 165.533 166.603 186.956 12.2091 
2028 524.234 165.243 156.073 145.258 163.52 164.225 185.022 12.1895 
2029 524.234 165.243 156.073 144.625 162.177 162.966 182.865 12.0089 
2030 524.234 165.243 156.073 143.771 161.484 162.349 182.884 11.9553 
2031 524.234 165.243 156.073 144.182 161.515 162.109 183.071 11.9167 
2032 524.234 165.243 156.073 144.618 161.181 161.998 183.307 11.9522 
2033 524.234 165.243 156.073 144.018 161.271 161.899 182.383 11.8948 
Alternative 2 Alternative  Stock: FLATHEAD
Catch FLATHEAD
Year C0 Cabc Cofl LowCI_Catch Median_Catch Mean_Catch UpperCI_Catch Stdev_Catch 
2017  0 16.2275 17.6194 2.051 2.051 2.051 2.051 1.86517e-14 
2018  0 16.2275 17.6194 2.202 2.202 2.202 2.202 6.81233e-11 
2019  0 16.2275 17.6194 2.647 2.647 2.647 2.647 2.33961e-10 
2020  0 16.2275 17.6194 38.1154 38.1873 38.193 38.2914 0.0560933 
2021  0 16.2275 17.6194 32.1661 32.3609 32.3755 32.6384 0.148187 
2022  0 16.2275 17.6194 27.1579 27.5889 27.6149 28.1489 0.313203 
2023  0 16.2275 17.6194 23.0547 23.8196 23.8416 24.7503 0.542786 
2024  0 16.2275 17.6194 19.8493 20.9814 21.0204 22.3556 0.789507 
2025  0 16.2275 17.6194 17.5066 18.9505 19.0118 20.6788 0.99542 
2026  0 16.2275 17.6194 15.8883 17.5701 17.6346 19.6085 1.13449 
2027  0 16.2275 17.6194 14.7467 16.6486 16.7015 18.7913 1.25922 
2028  0 16.2275 17.6194 13.5429 16.064 16.0489 18.3416 1.39739 
2029  0 16.2275 17.6194 12.9763 15.6865 15.6102 17.9113 1.48558 
2030  0 16.2275 17.6194 12.6878 15.4764 15.3588 17.6525 1.50564 
2031  0 16.2275 17.6194 12.6408 15.3909 15.2361 17.5601 1.50132 
2032  0 16.2275 17.6194 12.6809 15.3441 15.1905 17.4629 1.48563 
2033  0 16.2275 17.6194 12.6408 15.3327 15.1811 17.4931 1.46964 

Spawning_Biomass FLATHEAD
Year SSB100 SSBabc SSBofl LowCI_SSB Median_SSB Mean_SSB UpperCI_SSB Stdev_SSB 
2017 91.5511 36.6204 32.0429 83.2979 83.2979 83.2979 83.2979 1.13687e-12 
2018 91.5511 36.6204 32.0429 85.7501 85.7603 85.7613 85.7756 0.008097 
2019 91.5511 36.6204 32.0429 89.0897 89.1356 89.1385 89.2014 0.0351338 
2020 91.5511 36.6204 32.0429 92.3033 92.4498 92.4613 92.6596 0.111712 
2021 91.5511 36.6204 32.0429 78.1565 78.5348 78.5641 79.0709 0.286992 
2022 91.5511 36.6204 32.0429 66.4231 67.276 67.3318 68.4002 0.623215 
2023 91.5511 36.6204 32.0429 56.7266 58.3212 58.388 60.2809 1.13822 
2024 91.5511 36.6204 32.0429 48.981 51.4516 51.5601 54.5235 1.73534 
2025 91.5511 36.6204 32.0429 43.2078 46.4436 46.5687 50.3098 2.25293 
2026 91.5511 36.6204 32.0429 39.0474 42.9344 43.0634 47.6089 2.6098 
2027 91.5511 36.6204 32.0429 36.2869 40.5417 40.6884 45.4957 2.82184 
2028 91.5511 36.6204 32.0429 34.6585 38.9083 39.1377 44.2883 2.90489 
2029 91.5511 36.6204 32.0429 33.9643 37.9117 38.18 43.1837 2.87504 
2030 91.5511 36.6204 32.0429 33.4666 37.3092 37.6348 42.4324 2.79902 
2031 91.5511 36.6204 32.0429 33.4228 37.0164 37.3519 42.3069 2.73591 
2032 91.5511 36.6204 32.0429 33.4628 36.8951 37.2245 41.9757 2.68448 
2033 91.5511 36.6204 32.0429 33.3664 36.8341 37.1835 41.9061 2.64051 

Fishing_mortalityFLATHEAD
Year F0 Fabc Fofl LowCI_F Median_F Mean_F UpperCI_F Stdev_F 
2017  0 0.284074 0.355733 0.0153677 0.0153677 0.0153677 0.0153677 1.45717e-16 
2018  0 0.284074 0.355733 0.0160096 0.0160122 0.016012 0.0160138 1.32228e-06 
2019  0 0.284074 0.355733 0.0184828 0.0184971 0.0184964 0.0185064 7.37451e-06 
2020  0 0.284074 0.355733 0.284074 0.284074 0.284074 0.284074 3.16414e-15 
2021  0 0.284074 0.355733 0.284074 0.284074 0.284074 0.284074 3.16414e-15 
2022  0 0.284074 0.355733 0.284074 0.284074 0.284074 0.284074 3.16414e-15 
2023  0 0.284074 0.355733 0.284074 0.284074 0.284074 0.284074 3.16414e-15 
2024  0 0.284074 0.355733 0.284074 0.284074 0.284074 0.284074 3.16414e-15 
2025  0 0.284074 0.355733 0.284074 0.284074 0.284074 0.284074 3.16414e-15 
2026  0 0.284074 0.355733 0.284074 0.284074 0.284064 0.284074 0.000248125 
2027  0 0.284074 0.355733 0.281351 0.284074 0.283572 0.284074 0.00251452 
2028  0 0.284074 0.355733 0.268054 0.284074 0.281976 0.284074 0.00556381 
2029  0 0.284074 0.355733 0.262385 0.284074 0.279995 0.284074 0.00780944 
2030  0 0.284074 0.355733 0.258321 0.284074 0.278678 0.284074 0.00885361 
2031  0 0.284074 0.355733 0.257964 0.284074 0.278027 0.284074 0.00929141 
2032  0 0.284074 0.355733 0.25829 0.284074 0.277826 0.284074 0.00939603 
2033  0 0.284074 0.355733 0.257503 0.284074 0.277772 0.284074 0.00934632 

Total_BiomassFLATHEAD
Year B100 Babc Bofl LowCI_Biom Median_Biom Mean_Biom UpperCI_Biom Stdev_Biom 
2017 524.234 165.243 156.073 277.62 277.62 277.62 277.62 7.38964e-13 
2018 524.234 165.243 156.073 278.931 281.318 281.552 284.863 1.88578 
2019 524.234 165.243 156.073 277.735 282.583 282.986 289.238 3.67417 
2020 524.234 165.243 156.073 273.925 281.728 282.014 291.269 5.6439 
2021 524.234 165.243 156.073 235.153 245.576 246.087 258.347 7.4834 
2022 524.234 165.243 156.073 205.134 218.666 219.129 234.322 9.17088 
2023 524.234 165.243 156.073 183.276 198.822 199.546 217.272 10.4247 
2024 524.234 165.243 156.073 168.421 185.226 185.837 204.762 11.3146 
2025 524.234 165.243 156.073 158.231 175.9 176.587 197.513 11.8177 
2026 524.234 165.243 156.073 152.077 169.446 170.466 190.851 12.1091 
2027 524.234 165.243 156.073 147.31 165.533 166.603 186.956 12.2091 
2028 524.234 165.243 156.073 145.258 163.52 164.225 185.022 12.1895 
2029 524.234 165.243 156.073 144.625 162.177 162.966 182.865 12.0089 
2030 524.234 165.243 156.073 143.771 161.484 162.349 182.884 11.9553 
2031 524.234 165.243 156.073 144.182 161.515 162.109 183.071 11.9167 
2032 524.234 165.243 156.073 144.618 161.181 161.998 183.307 11.9522 
2033 524.234 165.243 156.073 144.018 161.271 161.899 182.383 11.8948 
Alternative 3 Alternative  Stock: FLATHEAD
Catch FLATHEAD
Year C0 Cabc Cofl LowCI_Catch Median_Catch Mean_Catch UpperCI_Catch Stdev_Catch 
2017  0 16.2275 17.6194 2.051 2.051 2.051 2.051 1.86517e-14 
2018  0 16.2275 17.6194 2.202 2.202 2.202 2.202 6.81233e-11 
2019  0 16.2275 17.6194 2.647 2.647 2.647 2.647 2.33961e-10 
2020  0 16.2275 17.6194 2.52258 2.5269 2.52724 2.53315 0.00336988 
2021  0 16.2275 17.6194 2.59146 2.60333 2.60427 2.62042 0.00906517 
2022  0 16.2275 17.6194 2.60784 2.6347 2.63646 2.67024 0.0198462 
2023  0 16.2275 17.6194 2.57435 2.62531 2.62758 2.68815 0.0364818 
2024  0 16.2275 17.6194 2.51059 2.59138 2.5947 2.69384 0.0576631 
2025  0 16.2275 17.6194 2.43312 2.54587 2.55184 2.68718 0.0801168 
2026  0 16.2275 17.6194 2.3539 2.50021 2.50707 2.67507 0.100087 
2027  0 16.2275 17.6194 2.28707 2.45869 2.46528 2.6663 0.115271 
2028  0 16.2275 17.6194 2.23294 2.42277 2.42885 2.63813 0.125734 
2029  0 16.2275 17.6194 2.19381 2.3902 2.39804 2.62719 0.132476 
2030  0 16.2275 17.6194 2.16165 2.36129 2.37275 2.6059 0.136527 
2031  0 16.2275 17.6194 2.13368 2.34208 2.3525 2.58525 0.139008 
2032  0 16.2275 17.6194 2.11203 2.32895 2.33668 2.57813 0.140676 
2033  0 16.2275 17.6194 2.1057 2.31562 2.32447 2.56367 0.141639 

Spawning_Biomass FLATHEAD
Year SSB100 SSBabc SSBofl LowCI_SSB Median_SSB Mean_SSB UpperCI_SSB Stdev_SSB 
2017 91.5511 36.6204 32.0429 83.2979 83.2979 83.2979 83.2979 1.13687e-12 
2018 91.5511 36.6204 32.0429 85.7501 85.7603 85.7613 85.7756 0.008097 
2019 91.5511 36.6204 32.0429 89.0897 89.1356 89.1385 89.2014 0.0351338 
2020 91.5511 36.6204 32.0429 92.3033 92.4498 92.4613 92.6596 0.111712 
2021 91.5511 36.6204 32.0429 94.6573 95.0391 95.0686 95.5801 0.289354 
2022 91.5511 36.6204 32.0429 95.4747 96.3446 96.402 97.4987 0.639448 
2023 91.5511 36.6204 32.0429 94.773 96.4547 96.5407 98.5549 1.20829 
2024 91.5511 36.6204 32.0429 92.9887 95.7225 95.8136 99.1404 1.94647 
2025 91.5511 36.6204 32.0429 90.5895 94.4138 94.5845 99.1422 2.7166 
2026 91.5511 36.6204 32.0429 87.962 92.9132 93.1524 98.8262 3.40077 
2027 91.5511 36.6204 32.0429 85.5628 91.4855 91.7148 98.6456 3.95221 
2028 91.5511 36.6204 32.0429 83.5394 90.1661 90.3846 97.6016 4.36334 
2029 91.5511 36.6204 32.0429 82.0867 88.9501 89.2145 97.2793 4.64464 
2030 91.5511 36.6204 32.0429 80.7699 87.8809 88.2247 96.4995 4.8291 
2031 91.5511 36.6204 32.0429 79.6706 87.0145 87.4111 95.7149 4.95294 
2032 91.5511 36.6204 32.0429 78.7861 86.4648 86.7575 95.5173 5.03315 
2033 91.5511 36.6204 32.0429 78.3536 85.9459 86.242 94.9467 5.07842 

Fishing_mortalityFLATHEAD
Year F0 Fabc Fofl LowCI_F Median_F Mean_F UpperCI_F Stdev_F 
2017  0 0.284074 0.355733 0.0153677 0.0153677 0.0153677 0.0153677 1.45717e-16 
2018  0 0.284074 0.355733 0.0160096 0.0160122 0.016012 0.0160138 1.32228e-06 
2019  0 0.284074 0.355733 0.0184828 0.0184971 0.0184964 0.0185064 7.37451e-06 
2020  0 0.284074 0.355733 0.0169611 0.0169611 0.0169611 0.0169611 8.32667e-17 
2021  0 0.284074 0.355733 0.0169611 0.0169611 0.0169611 0.0169611 8.32667e-17 
2022  0 0.284074 0.355733 0.0169611 0.0169611 0.0169611 0.0169611 8.32667e-17 
2023  0 0.284074 0.355733 0.0169611 0.0169611 0.0169611 0.0169611 8.32667e-17 
2024  0 0.284074 0.355733 0.0169611 0.0169611 0.0169611 0.0169611 8.32667e-17 
2025  0 0.284074 0.355733 0.0169611 0.0169611 0.0169611 0.0169611 8.32667e-17 
2026  0 0.284074 0.355733 0.0169611 0.0169611 0.0169611 0.0169611 8.32667e-17 
2027  0 0.284074 0.355733 0.0169611 0.0169611 0.0169611 0.0169611 8.32667e-17 
2028  0 0.284074 0.355733 0.0169611 0.0169611 0.0169611 0.0169611 8.32667e-17 
2029  0 0.284074 0.355733 0.0169611 0.0169611 0.0169611 0.0169611 8.32667e-17 
2030  0 0.284074 0.355733 0.0169611 0.0169611 0.0169611 0.0169611 8.32667e-17 
2031  0 0.284074 0.355733 0.0169611 0.0169611 0.0169611 0.0169611 8.32667e-17 
2032  0 0.284074 0.355733 0.0169611 0.0169611 0.0169611 0.0169611 8.32667e-17 
2033  0 0.284074 0.355733 0.0169611 0.0169611 0.0169611 0.0169611 8.32667e-17 

Total_BiomassFLATHEAD
Year B100 Babc Bofl LowCI_Biom Median_Biom Mean_Biom UpperCI_Biom Stdev_Biom 
2017 524.234 165.243 156.073 277.62 277.62 277.62 277.62 7.38964e-13 
2018 524.234 165.243 156.073 278.931 281.318 281.552 284.863 1.88578 
2019 524.234 165.243 156.073 277.735 282.583 282.986 289.238 3.67417 
2020 524.234 165.243 156.073 273.925 281.728 282.014 291.269 5.6439 
2021 524.234 165.243 156.073 268.835 279.378 279.848 292.199 7.53437 
2022 524.234 165.243 156.073 262.465 276.177 276.775 292.214 9.33653 
2023 524.234 165.243 156.073 256.42 272.454 273.277 291.84 10.7978 
2024 524.234 165.243 156.073 251.158 269.185 269.747 289.697 11.9967 
2025 524.234 165.243 156.073 246.688 265.63 266.461 288.588 12.884 
2026 524.234 165.243 156.073 242.588 262.268 263.463 287.202 13.5688 
2027 524.234 165.243 156.073 238.909 259.904 260.907 284.207 14.0289 
2028 524.234 165.243 156.073 235.865 257.956 258.735 284.039 14.3442 
2029 524.234 165.243 156.073 234.303 256.146 257.023 281.527 14.4522 
2030 524.234 165.243 156.073 232.341 254.877 255.61 280.614 14.6199 
2031 524.234 165.243 156.073 231.567 253.642 254.467 279.27 14.7629 
2032 524.234 165.243 156.073 230.159 252.357 253.491 279.283 14.9697 
2033 524.234 165.243 156.073 228.126 251.707 252.634 279.003 15.048 
Alternative 4 Alternative  Stock: FLATHEAD
Catch FLATHEAD
Year C0 Cabc Cofl LowCI_Catch Median_Catch Mean_Catch UpperCI_Catch Stdev_Catch 
2017  0 16.2275 17.6194 2.051 2.051 2.051 2.051 1.86517e-14 
2018  0 16.2275 17.6194 2.202 2.202 2.202 2.202 6.81233e-11 
2019  0 16.2275 17.6194 2.647 2.647 2.647 2.647 2.33961e-10 
2020  0 16.2275 17.6194 8.97873 8.99437 8.99559 9.017 0.0121939 
2021  0 16.2275 17.6194 8.91978 8.96262 8.96599 9.02422 0.0327031 
2022  0 16.2275 17.6194 8.70163 8.79802 8.80449 8.92616 0.0711738 
2023  0 16.2275 17.6194 8.35087 8.53163 8.53926 8.75479 0.129525 
2024  0 16.2275 17.6194 7.93927 8.22362 8.23568 8.57914 0.20176 
2025  0 16.2275 17.6194 7.53219 7.9174 7.9402 8.40731 0.275337 
2026  0 16.2275 17.6194 7.1556 7.65496 7.67529 8.24329 0.337652 
2027  0 16.2275 17.6194 6.85657 7.43273 7.45102 8.12495 0.382533 
2028  0 16.2275 17.6194 6.63444 7.24513 7.26873 7.95401 0.411436 
2029  0 16.2275 17.6194 6.46474 7.09108 7.12367 7.89009 0.428251 
2030  0 16.2275 17.6194 6.33689 6.97551 7.01075 7.76133 0.437069 
2031  0 16.2275 17.6194 6.23303 6.89502 6.92466 7.67256 0.441926 
2032  0 16.2275 17.6194 6.16077 6.83827 6.86033 7.60703 0.444916 
2033  0 16.2275 17.6194 6.12328 6.77748 6.81288 7.5666 0.446104 

Spawning_Biomass FLATHEAD
Year SSB100 SSBabc SSBofl LowCI_SSB Median_SSB Mean_SSB UpperCI_SSB Stdev_SSB 
2017 91.5511 36.6204 32.0429 83.2979 83.2979 83.2979 83.2979 1.13687e-12 
2018 91.5511 36.6204 32.0429 85.7501 85.7603 85.7613 85.7756 0.008097 
2019 91.5511 36.6204 32.0429 89.0897 89.1356 89.1385 89.2014 0.0351338 
2020 91.5511 36.6204 32.0429 92.3033 92.4498 92.4613 92.6596 0.111712 
2021 91.5511 36.6204 32.0429 91.6421 92.0232 92.0527 92.5634 0.288957 
2022 91.5511 36.6204 32.0429 89.6941 90.5609 90.6182 91.7101 0.636705 
2023 91.5511 36.6204 32.0429 86.5838 88.2499 88.3346 90.3293 1.19625 
2024 91.5511 36.6204 32.0429 82.8193 85.5 85.601 88.8812 1.90901 
2025 91.5511 36.6204 32.0429 78.9081 82.5935 82.7888 87.2153 2.6302 
2026 91.5511 36.6204 32.0429 75.1825 79.9187 80.1576 85.5723 3.244 
2027 91.5511 36.6204 32.0429 72.0603 77.6814 77.8446 84.3559 3.71325 
2028 91.5511 36.6204 32.0429 69.6204 75.7121 75.8973 82.6149 4.04036 
2029 91.5511 36.6204 32.0429 67.8766 73.9844 74.3074 81.778 4.24389 
2030 91.5511 36.6204 32.0429 66.3009 72.7408 73.0438 80.4536 4.36333 
2031 91.5511 36.6204 32.0429 65.033 71.7008 72.0613 79.4188 4.43731 
2032 91.5511 36.6204 32.0429 64.1714 71.064 71.3118 78.8837 4.48009 
2033 91.5511 36.6204 32.0429 63.8147 70.465 70.7497 78.2905 4.49732 

Fishing_mortalityFLATHEAD
Year F0 Fabc Fofl LowCI_F Median_F Mean_F UpperCI_F Stdev_F 
2017  0 0.284074 0.355733 0.0153677 0.0153677 0.0153677 0.0153677 1.45717e-16 
2018  0 0.284074 0.355733 0.0160096 0.0160122 0.016012 0.0160138 1.32228e-06 
2019  0 0.284074 0.355733 0.0184828 0.0184971 0.0184964 0.0185064 7.37451e-06 
2020  0 0.284074 0.355733 0.0614374 0.0614374 0.0614374 0.0614374 1.17961e-16 
2021  0 0.284074 0.355733 0.0614374 0.0614374 0.0614374 0.0614374 1.17961e-16 
2022  0 0.284074 0.355733 0.0614374 0.0614374 0.0614374 0.0614374 1.17961e-16 
2023  0 0.284074 0.355733 0.0614374 0.0614374 0.0614374 0.0614374 1.17961e-16 
2024  0 0.284074 0.355733 0.0614374 0.0614374 0.0614374 0.0614374 1.17961e-16 
2025  0 0.284074 0.355733 0.0614374 0.0614374 0.0614374 0.0614374 1.17961e-16 
2026  0 0.284074 0.355733 0.0614374 0.0614374 0.0614374 0.0614374 1.17961e-16 
2027  0 0.284074 0.355733 0.0614374 0.0614374 0.0614374 0.0614374 1.17961e-16 
2028  0 0.284074 0.355733 0.0614374 0.0614374 0.0614374 0.0614374 1.17961e-16 
2029  0 0.284074 0.355733 0.0614374 0.0614374 0.0614374 0.0614374 1.17961e-16 
2030  0 0.284074 0.355733 0.0614374 0.0614374 0.0614374 0.0614374 1.17961e-16 
2031  0 0.284074 0.355733 0.0614374 0.0614374 0.0614374 0.0614374 1.17961e-16 
2032  0 0.284074 0.355733 0.0614374 0.0614374 0.0614374 0.0614374 1.17961e-16 
2033  0 0.284074 0.355733 0.0614374 0.0614374 0.0614374 0.0614374 1.17961e-16 

Total_BiomassFLATHEAD
Year B100 Babc Bofl LowCI_Biom Median_Biom Mean_Biom UpperCI_Biom Stdev_Biom 
2017 524.234 165.243 156.073 277.62 277.62 277.62 277.62 7.38964e-13 
2018 524.234 165.243 156.073 278.931 281.318 281.552 284.863 1.88578 
2019 524.234 165.243 156.073 277.735 282.583 282.986 289.238 3.67417 
2020 524.234 165.243 156.073 273.925 281.728 282.014 291.269 5.6439 
2021 524.234 165.243 156.073 262.713 273.236 273.713 286.049 7.52583 
2022 524.234 165.243 156.073 251.152 264.84 265.409 280.819 9.30842 
2023 524.234 165.243 156.073 240.844 256.846 257.605 275.997 10.7329 
2024 524.234 165.243 156.073 232.244 250.059 250.661 270.429 11.8735 
2025 524.234 165.243 156.073 225.265 243.994 244.758 266.657 12.681 
2026 524.234 165.243 156.073 219.537 238.817 239.816 262.881 13.2735 
2027 524.234 165.243 156.073 214.658 234.853 235.859 258.702 13.6371 
2028 524.234 165.243 156.073 210.571 232.06 232.704 257.31 13.8584 
2029 524.234 165.243 156.073 208.714 229.559 230.325 253.817 13.8862 
2030 524.234 165.243 156.073 206.43 227.585 228.476 252.029 13.9945 
2031 524.234 165.243 156.073 204.902 226.322 227.062 251.031 14.09 
2032 524.234 165.243 156.073 203.726 224.923 225.929 250.555 14.2556 
2033 524.234 165.243 156.073 202.594 224.141 224.991 249.271 14.2986 
Alternative 5 Alternative  Stock: FLATHEAD
Catch FLATHEAD
Year C0 Cabc Cofl LowCI_Catch Median_Catch Mean_Catch UpperCI_Catch Stdev_Catch 
2017  0 16.2275 17.6194 2.051 2.051 2.051 2.051 1.86517e-14 
2018  0 16.2275 17.6194 2.202 2.202 2.202 2.202 6.81233e-11 
2019  0 16.2275 17.6194 2.647 2.647 2.647 2.647 2.33961e-10 
2020  0 16.2275 17.6194 0 0 0 0 0 
2021  0 16.2275 17.6194 0 0 0 0 0 
2022  0 16.2275 17.6194 0 0 0 0 0 
2023  0 16.2275 17.6194 0 0 0 0 0 
2024  0 16.2275 17.6194 0 0 0 0 0 
2025  0 16.2275 17.6194 0 0 0 0 0 
2026  0 16.2275 17.6194 0 0 0 0 0 
2027  0 16.2275 17.6194 0 0 0 0 0 
2028  0 16.2275 17.6194 0 0 0 0 0 
2029  0 16.2275 17.6194 0 0 0 0 0 
2030  0 16.2275 17.6194 0 0 0 0 0 
2031  0 16.2275 17.6194 0 0 0 0 0 
2032  0 16.2275 17.6194 0 0 0 0 0 
2033  0 16.2275 17.6194 0 0 0 0 0 

Spawning_Biomass FLATHEAD
Year SSB100 SSBabc SSBofl LowCI_SSB Median_SSB Mean_SSB UpperCI_SSB Stdev_SSB 
2017 91.5511 36.6204 32.0429 83.2979 83.2979 83.2979 83.2979 1.13687e-12 
2018 91.5511 36.6204 32.0429 85.7501 85.7603 85.7613 85.7756 0.008097 
2019 91.5511 36.6204 32.0429 89.0897 89.1356 89.1385 89.2014 0.0351338 
2020 91.5511 36.6204 32.0429 92.3033 92.4498 92.4613 92.6596 0.111712 
2021 91.5511 36.6204 32.0429 95.8379 96.22 96.2494 96.7612 0.289505 
2022 91.5511 36.6204 32.0429 97.7963 98.6674 98.7248 99.8233 0.640498 
2023 91.5511 36.6204 32.0429 98.1442 99.8319 99.9184 101.943 1.21293 
2024 91.5511 36.6204 32.0429 97.2739 100.033 100.118 103.471 1.96102 
2025 91.5511 36.6204 32.0429 95.6296 99.4955 99.6687 104.287 2.75062 
2026 91.5511 36.6204 32.0429 93.5937 98.6148 98.8723 104.646 3.46367 
2027 91.5511 36.6204 32.0429 91.6873 97.6952 97.9401 105.013 4.05019 
2028 91.5511 36.6204 32.0429 89.9955 96.7862 97.0039 104.478 4.49865 
2029 91.5511 36.6204 32.0429 88.7901 95.8252 96.136 104.386 4.81594 
2030 91.5511 36.6204 32.0429 87.7345 95.0666 95.3753 104.139 5.03208 
2031 91.5511 36.6204 32.0429 86.6411 94.2725 94.7331 103.447 5.18179 
2032 91.5511 36.6204 32.0429 85.7031 93.8549 94.2069 103.314 5.28254 
2033 91.5511 36.6204 32.0429 85.5031 93.4771 93.785 103.005 5.34399 

Fishing_mortalityFLATHEAD
Year F0 Fabc Fofl LowCI_F Median_F Mean_F UpperCI_F Stdev_F 
2017  0 0.284074 0.355733 0.0153677 0.0153677 0.0153677 0.0153677 1.45717e-16 
2018  0 0.284074 0.355733 0.0160096 0.0160122 0.016012 0.0160138 1.32228e-06 
2019  0 0.284074 0.355733 0.0184828 0.0184971 0.0184964 0.0185064 7.37451e-06 
2020  0 0.284074 0.355733 0 0 0 0 0 
2021  0 0.284074 0.355733 0 0 0 0 0 
2022  0 0.284074 0.355733 0 0 0 0 0 
2023  0 0.284074 0.355733 0 0 0 0 0 
2024  0 0.284074 0.355733 0 0 0 0 0 
2025  0 0.284074 0.355733 0 0 0 0 0 
2026  0 0.284074 0.355733 0 0 0 0 0 
2027  0 0.284074 0.355733 0 0 0 0 0 
2028  0 0.284074 0.355733 0 0 0 0 0 
2029  0 0.284074 0.355733 0 0 0 0 0 
2030  0 0.284074 0.355733 0 0 0 0 0 
2031  0 0.284074 0.355733 0 0 0 0 0 
2032  0 0.284074 0.355733 0 0 0 0 0 
2033  0 0.284074 0.355733 0 0 0 0 0 

Total_BiomassFLATHEAD
Year B100 Babc Bofl LowCI_Biom Median_Biom Mean_Biom UpperCI_Biom Stdev_Biom 
2017 524.234 165.243 156.073 277.62 277.62 277.62 277.62 7.38964e-13 
2018 524.234 165.243 156.073 278.931 281.318 281.552 284.863 1.88578 
2019 524.234 165.243 156.073 277.735 282.583 282.986 289.238 3.67417 
2020 524.234 165.243 156.073 273.925 281.728 282.014 291.269 5.6439 
2021 524.234 165.243 156.073 271.228 281.779 282.246 294.603 7.53763 
2022 524.234 165.243 156.073 266.998 280.719 281.328 296.767 9.3473 
2023 524.234 165.243 156.073 262.821 278.91 279.707 298.287 10.8228 
2024 524.234 165.243 156.073 259.078 277.22 277.76 297.781 12.0448 
2025 524.234 165.243 156.073 255.891 274.955 275.772 297.951 12.9645 
2026 524.234 165.243 156.073 252.998 272.604 273.816 297.652 13.6884 
2027 524.234 165.243 156.073 249.891 271.028 272.081 295.728 14.1912 
2028 524.234 165.243 156.073 247.416 269.677 270.545 296.397 14.5501 
2029 524.234 165.243 156.073 246.476 268.437 269.321 294.347 14.6974 
2030 524.234 165.243 156.073 244.54 267.567 268.279 293.657 14.8965 
2031 524.234 165.243 156.073 244.111 266.406 267.414 293.159 15.0659 
2032 524.234 165.243 156.073 242.587 265.49 266.646 292.721 15.2957 
2033 524.234 165.243 156.073 240.618 265.056 265.944 292.824 15.3939 
Alternative 6 Alternative  Stock: FLATHEAD
Catch FLATHEAD
Year C0 Cabc Cofl LowCI_Catch Median_Catch Mean_Catch UpperCI_Catch Stdev_Catch 
2017  0 16.2275 17.6194 2.051 2.051 2.051 2.051 1.86517e-14 
2018  0 16.2275 17.6194 43.0038 43.0088 43.0093 43.0164 0.00401104 
2019  0 16.2275 17.6194 35.4499 35.4757 35.4775 35.5132 0.0200151 
2020  0 16.2275 17.6194 30.4545 30.5434 30.5505 30.6721 0.0693372 
2021  0 16.2275 17.6194 26.6004 26.8412 26.8593 27.1828 0.182922 
2022  0 16.2275 17.6194 23.2863 23.8132 23.8451 24.4976 0.383546 
2023  0 16.2275 17.6194 20.4928 21.4105 21.44 22.5324 0.655354 
2024  0 16.2275 17.6194 18.2717 19.5988 19.6348 21.2323 0.964024 
2025  0 16.2275 17.6194 15.2362 18.2436 18.017 20.3266 1.58965 
2026  0 16.2275 17.6194 13.7423 16.6678 16.7746 19.8544 1.87571 
2027  0 16.2275 17.6194 13.2933 15.954 16.1165 19.4135 1.90786 
2028  0 16.2275 17.6194 12.9959 15.6751 15.8437 19.2133 1.87379 
2029  0 16.2275 17.6194 12.9597 15.6735 15.776 19.0123 1.83832 
2030  0 16.2275 17.6194 13.031 15.665 15.7979 18.9988 1.81533 
2031  0 16.2275 17.6194 13.1007 15.6893 15.8493 19.0179 1.80297 
2032  0 16.2275 17.6194 13.2067 15.7253 15.9136 19.0524 1.80096 
2033  0 16.2275 17.6194 13.207 15.8668 15.9695 19.1151 1.79398 

Spawning_Biomass FLATHEAD
Year SSB100 SSBabc SSBofl LowCI_SSB Median_SSB Mean_SSB UpperCI_SSB Stdev_SSB 
2017 91.5511 36.6204 32.0429 83.2979 83.2979 83.2979 83.2979 1.13687e-12 
2018 91.5511 36.6204 32.0429 85.7501 85.7603 85.7613 85.7756 0.008097 
2019 91.5511 36.6204 32.0429 70.3671 70.4129 70.4158 70.4785 0.0350073 
2020 91.5511 36.6204 32.0429 60.4238 60.569 60.5804 60.7763 0.110604 
2021 91.5511 36.6204 32.0429 52.9755 53.35 53.3792 53.8813 0.284636 
2022 91.5511 36.6204 32.0429 46.6493 47.4952 47.55 48.6061 0.615938 
2023 91.5511 36.6204 32.0429 41.2196 42.7797 42.8417 44.7019 1.1156 
2024 91.5511 36.6204 32.0429 36.7372 39.1326 39.2293 42.0826 1.67825 
2025 91.5511 36.6204 32.0429 33.3937 36.4852 36.6156 40.1525 2.13199 
2026 91.5511 36.6204 32.0429 31.6023 34.7145 34.9792 39.0215 2.2668 
2027 91.5511 36.6204 32.0429 30.9358 33.9141 34.1274 38.1726 2.23587 
2028 91.5511 36.6204 32.0429 30.5514 33.5347 33.749 37.6912 2.16232 
2029 91.5511 36.6204 32.0429 30.4534 33.4668 33.6217 37.2704 2.08609 
2030 91.5511 36.6204 32.0429 30.5298 33.5408 33.6161 37.139 2.04355 
2031 91.5511 36.6204 32.0429 30.6092 33.4885 33.6617 37.1393 2.0373 
2032 91.5511 36.6204 32.0429 30.7016 33.5335 33.7228 37.1797 2.03295 
2033 91.5511 36.6204 32.0429 30.633 33.6638 33.7802 37.329 2.02172 

Fishing_mortalityFLATHEAD
Year F0 Fabc Fofl LowCI_F Median_F Mean_F UpperCI_F Stdev_F 
2017  0 0.284074 0.355733 0.0153677 0.0153677 0.0153677 0.0153677 1.45717e-16 
2018  0 0.284074 0.355733 0.355733 0.355733 0.355733 0.355733 1.24545e-10 
2019  0 0.284074 0.355733 0.355733 0.355733 0.355733 0.355733 5.77197e-10 
2020  0 0.284074 0.355733 0.355733 0.355733 0.355733 0.355733 3.4972e-15 
2021  0 0.284074 0.355733 0.355733 0.355733 0.355733 0.355733 3.4972e-15 
2022  0 0.284074 0.355733 0.355733 0.355733 0.355733 0.355733 3.4972e-15 
2023  0 0.284074 0.355733 0.355733 0.355733 0.355733 0.355733 3.4972e-15 
2024  0 0.284074 0.355733 0.355733 0.355733 0.35545 0.355733 0.00166337 
2025  0 0.284074 0.355733 0.322739 0.35435 0.34697 0.355733 0.0118415 
2026  0 0.284074 0.355733 0.304421 0.336245 0.335282 0.355733 0.0172517 
2027  0 0.284074 0.355733 0.297606 0.32806 0.328161 0.355733 0.0188012 
2028  0 0.284074 0.355733 0.293675 0.324181 0.324939 0.355733 0.0190944 
2029  0 0.284074 0.355733 0.292674 0.323487 0.324005 0.355733 0.0190905 
2030  0 0.284074 0.355733 0.293454 0.324243 0.324078 0.355733 0.0189163 
2031  0 0.284074 0.355733 0.294267 0.323709 0.324463 0.355733 0.0186499 
2032  0 0.284074 0.355733 0.295211 0.324169 0.325087 0.355733 0.0186178 
2033  0 0.284074 0.355733 0.29451 0.3255 0.325661 0.355733 0.0185265 

Total_BiomassFLATHEAD
Year B100 Babc Bofl LowCI_Biom Median_Biom Mean_Biom UpperCI_Biom Stdev_Biom 
2017 524.234 165.243 156.073 277.62 277.62 277.62 277.62 7.38964e-13 
2018 524.234 165.243 156.073 278.931 281.318 281.552 284.863 1.88578 
2019 524.234 165.243 156.073 239.082 243.927 244.328 250.566 3.66877 
2020 524.234 165.243 156.073 208.959 216.718 217.005 226.248 5.61523 
2021 524.234 165.243 156.073 185.619 196.011 196.487 208.672 7.44146 
2022 524.234 165.243 156.073 167.34 180.803 181.206 196.274 9.10333 
2023 524.234 165.243 156.073 154.093 169.583 170.231 187.863 10.3125 
2024 524.234 165.243 156.073 145.806 162.136 162.721 181.371 11.1408 
2025 524.234 165.243 156.073 139.874 157.218 157.865 178.356 11.5621 
2026 524.234 165.243 156.073 137.59 154.19 155.152 174.852 11.5798 
2027 524.234 165.243 156.073 136.33 153.046 154.095 173.386 11.411 
2028 524.234 165.243 156.073 136.357 153.045 153.88 173.128 11.2536 
2029 524.234 165.243 156.073 137.232 153.667 154.126 172.742 11.0758 
2030 524.234 165.243 156.073 137.384 154.054 154.451 173.188 11.0961 
2031 524.234 165.243 156.073 137.78 154.339 154.752 174.229 11.1318 
2032 524.234 165.243 156.073 138.228 154.325 154.931 174.12 11.2104 
2033 524.234 165.243 156.073 138.02 154.216 154.967 173.982 11.1673 
Alternative 7 Alternative  Stock: FLATHEAD
Catch FLATHEAD
Year C0 Cabc Cofl LowCI_Catch Median_Catch Mean_Catch UpperCI_Catch Stdev_Catch 
2017  0 16.2275 17.6194 2.051 2.051 2.051 2.051 1.86517e-14 
2018  0 16.2275 17.6194 35.2605 35.2646 35.265 35.2706 0.00320368 
2019  0 16.2275 17.6194 30.4768 30.4974 30.4988 30.5274 0.015999 
2020  0 16.2275 17.6194 33.1547 33.2438 33.2509 33.3728 0.0694453 
2021  0 16.2275 17.6194 28.4312 28.6724 28.6905 29.0146 0.18319 
2022  0 16.2275 17.6194 24.4834 25.0111 25.0432 25.6968 0.384057 
2023  0 16.2275 17.6194 21.2492 22.1676 22.1976 23.2908 0.656105 
2024  0 16.2275 17.6194 18.7365 20.0645 20.1119 21.7008 0.94063 
2025  0 16.2275 17.6194 15.7534 18.6075 18.4163 20.6096 1.50175 
2026  0 16.2275 17.6194 13.9395 16.9453 17.0063 20.0224 1.87544 
2027  0 16.2275 17.6194 13.3685 16.0709 16.2204 19.5119 1.92583 
2028  0 16.2275 17.6194 13.0122 15.7019 15.8806 19.271 1.88625 
2029  0 16.2275 17.6194 12.959 15.6764 15.7837 19.0327 1.84457 
2030  0 16.2275 17.6194 13.0233 15.6638 15.7956 18.9915 1.81811 
2031  0 16.2275 17.6194 13.0936 15.6817 15.8449 19.029 1.80395 
2032  0 16.2275 17.6194 13.2025 15.7221 15.91 19.0506 1.80137 
2033  0 16.2275 17.6194 13.2044 15.8665 15.9673 19.1137 1.79415 

Spawning_Biomass FLATHEAD
Year SSB100 SSBabc SSBofl LowCI_SSB Median_SSB Mean_SSB UpperCI_SSB Stdev_SSB 
2017 91.5511 36.6204 32.0429 83.2979 83.2979 83.2979 83.2979 1.13687e-12 
2018 91.5511 36.6204 32.0429 85.7501 85.7603 85.7613 85.7756 0.008097 
2019 91.5511 36.6204 32.0429 73.8713 73.9171 73.9201 73.9827 0.0350167 
2020 91.5511 36.6204 32.0429 65.7806 65.926 65.9374 66.1336 0.110722 
2021 91.5511 36.6204 32.0429 56.624 56.9989 57.0282 57.5309 0.284925 
2022 91.5511 36.6204 32.0429 49.0628 49.9091 49.9641 51.0216 0.616528 
2023 91.5511 36.6204 32.0429 42.7677 44.3295 44.3915 46.2523 1.11657 
2024 91.5511 36.6204 32.0429 37.705 40.102 40.199 43.0555 1.67946 
2025 91.5511 36.6204 32.0429 33.9753 37.0794 37.2052 40.7483 2.14266 
2026 91.5511 36.6204 32.0429 31.8525 35.0402 35.2831 39.3836 2.31204 
2027 91.5511 36.6204 32.0429 31.0155 34.0377 34.2631 38.3856 2.27476 
2028 91.5511 36.6204 32.0429 30.5779 33.584 33.8004 37.8149 2.18577 
2029 91.5511 36.6204 32.0429 30.4697 33.4674 33.6357 37.3443 2.09783 
2030 91.5511 36.6204 32.0429 30.5217 33.5354 33.6161 37.1349 2.04851 
2031 91.5511 36.6204 32.0429 30.6039 33.4815 33.6579 37.1452 2.03905 
2032 91.5511 36.6204 32.0429 30.697 33.5298 33.7192 37.1749 2.0335 
2033 91.5511 36.6204 32.0429 30.6301 33.6611 33.7778 37.3254 2.02182 

Fishing_mortalityFLATHEAD
Year F0 Fabc Fofl LowCI_F Median_F Mean_F UpperCI_F Stdev_F 
2017  0 0.284074 0.355733 0.0153677 0.0153677 0.0153677 0.0153677 1.45717e-16 
2018  0 0.284074 0.355733 0.284074 0.284074 0.284074 0.284074 6.69891e-11 
2019  0 0.284074 0.355733 0.284074 0.284074 0.284074 0.284074 2.94287e-10 
2020  0 0.284074 0.355733 0.355733 0.355733 0.355733 0.355733 3.4972e-15 
2021  0 0.284074 0.355733 0.355733 0.355733 0.355733 0.355733 3.4972e-15 
2022  0 0.284074 0.355733 0.355733 0.355733 0.355733 0.355733 3.4972e-15 
2023  0 0.284074 0.355733 0.355733 0.355733 0.355733 0.355733 3.4972e-15 
2024  0 0.284074 0.355733 0.355733 0.355733 0.355694 0.355733 0.000524871 
2025  0 0.284074 0.355733 0.328686 0.355733 0.349794 0.355733 0.00985789 
2026  0 0.284074 0.355733 0.30698 0.339575 0.337502 0.355733 0.0167424 
2027  0 0.284074 0.355733 0.298421 0.329324 0.329255 0.355733 0.0187725 
2028  0 0.284074 0.355733 0.293946 0.324685 0.32535 0.355733 0.0191332 
2029  0 0.284074 0.355733 0.29284 0.323492 0.324103 0.355733 0.0191228 
2030  0 0.284074 0.355733 0.293372 0.324188 0.324066 0.355733 0.0189415 
2031  0 0.284074 0.355733 0.294213 0.323637 0.324423 0.355733 0.0186626 
2032  0 0.284074 0.355733 0.295164 0.324131 0.325053 0.355733 0.0186261 
2033  0 0.284074 0.355733 0.29448 0.325473 0.325639 0.355733 0.0185317 

Total_BiomassFLATHEAD
Year B100 Babc Bofl LowCI_Biom Median_Biom Mean_Biom UpperCI_Biom Stdev_Biom 
2017 524.234 165.243 156.073 277.62 277.62 277.62 277.62 7.38964e-13 
2018 524.234 165.243 156.073 278.931 281.318 281.552 284.863 1.88578 
2019 524.234 165.243 156.073 246.402 251.246 251.649 257.89 3.66988 
2020 524.234 165.243 156.073 220.117 227.881 228.167 237.414 5.62109 
2021 524.234 165.243 156.073 192.853 203.249 203.73 215.926 7.44735 
2022 524.234 165.243 156.073 171.91 185.376 185.786 200.863 9.10842 
2023 524.234 165.243 156.073 156.914 172.409 173.061 190.691 10.3164 
2024 524.234 165.243 156.073 147.512 163.853 164.439 183.095 11.1434 
2025 524.234 165.243 156.073 140.903 158.25 158.883 179.384 11.5765 
2026 524.234 165.243 156.073 137.948 154.801 155.639 175.462 11.639 
2027 524.234 165.243 156.073 136.493 153.249 154.281 173.46 11.4538 
2028 524.234 165.243 156.073 136.365 153.084 153.929 173.25 11.2739 
2029 524.234 165.243 156.073 137.204 153.692 154.125 172.73 11.0839 
2030 524.234 165.243 156.073 137.362 154.046 154.436 173.157 11.0987 
2031 524.234 165.243 156.073 137.761 154.333 154.739 174.212 11.1325 
2032 524.234 165.243 156.073 138.217 154.316 154.922 174.111 11.2106 
2033 524.234 165.243 156.073 138.016 154.21 154.963 173.979 11.1672 
